do run
loading script "jan_co2_whiff_120_60_large.py"
loading script "jan_pump_ms.py"
loading script "jan_co2.py"
loading script "jan_pump_extraction_line.py"
testing...
no interpolation path defined
executed 266.04
script duration name:co2_whiff_120_60_large seconds:266.0
loading script "jan_co2_whiff_120_60_large.py"
loading script "jan_pump_ms.py"
loading script "jan_co2.py"
loading script "jan_pump_extraction_line.py"
testing...
no interpolation path defined
executed 0
loading script "jan_co2_whiff_120_60_large.py"
loading script "jan_pump_ms.py"
loading script "jan_co2.py"
loading script "jan_pump_extraction_line.py"
testing...
no interpolation path defined
calculate duration
testing...
no interpolation path defined
executed 0
calculate duration
testing...
no interpolation path defined
executed 0
executed 0.0
script duration name:co2 seconds:0.0
loading script "jan_co2_whiff_120_60_large.py"
loading script "jan_pump_ms.py"
loading script "jan_co2.py"
loading script "jan_pump_extraction_line.py"
testing...
no interpolation path defined
calculate duration
testing...
no interpolation path defined
executed 4.0
executed 4.0
Script duration 266.0
Run total estimated duration= 267.000
run duration: 0:04:27
doing event level: 2
14:30:02 -- Setting default integration. t=1.048576
setting integration time = 1.048576
SetIntegrationTime 1.048576 ===>> OK
----------------- start -----------------
**************** Experiment Type: Ar/Ar, Ar/Ar
create new session 4993359504
close session 4993359504
$$$$$ Clearing conditionals
adding conditionals detrital
extract conditionals from file. /Users/jan/PychronDev/scripts/conditionals/detrital.yaml
no attr for this modification cd={'extraction_str': '', 'attr': '', 'mapper': '', 'use_termination': False, 'start_count': 0, 'nskip': 0, 'window': 0, 'frequency': 1, 'teststr': '', 'action': 'Skip Next Run', 'ntrips': 1, 'use_truncation': False}
no attr for this cancelation cd={'mapper': '', 'window': 0, 'frequency': 1, 'attr': '', 'teststr': '', 'start_count': 0, 'ntrips': 1}
adding truncation attr="age" test="age>100.0" start="50"
adding truncation attr="Ar39" test="Ar39<0.5" start="60"
no attr for this termination cd={'mapper': '', 'window': 0, 'frequency': 1, 'attr': '', 'teststr': '', 'start_count': 0, 'ntrips': 1}
Invalid conditional kind="pre_run_terminations"
no attr for this action cd={'mapper': '', 'attr': '', 'start_count': 0, 'window': 0, 'frequency': 1, 'teststr': '', 'action': None, 'ntrips': 1}
Invalid conditional kind="post_run_terminations"
Add queue conditionals
add default conditionals
adding default conditionals from /Users/jan/PychronDev/setupfiles/spectrometer/default_conditionals.yaml
Start automated run 65511-15
loading script "jan_co2_whiff_120_60_large.py"
loading script "jan_pump_ms.py"
loading script "jan_co2.py"
loading script "jan_pump_extraction_line.py"
%%%%%%%%%%%%%%%%%% setting automated run 65511-15
No value "sensitivity_multiplier" in metadata
$$$$$$$$$$$$$$$ auto_save_detector_ic=False
============================= Pre Extraction Check =============================
loading queue conditionals pre_run_terminations
loading system conditionals pre_run_terminations
loading conditionals from /Users/jan/PychronDev/setupfiles/spectrometer/default_conditionals.yaml
14:30:02 -- ******* Pre Extraction Check *******
Get a measurement from the spectrometer
GetData ===>> H2,-0.223994853094389,H1,-0.0101890774889977,AX,0.0120659641610364,L1,-0.0593372045308602,L2,0.01...
Pre Extraction Termination data. keys=H2,H1,AX,L1,L2,CDD, signals=-0.22399,-0.01019,0.01207,-0.05934,0.01460,0.00342
14:30:02 -- testing system defined conditionals
Checking default pre extraction terminations n=2
testing CDD
evaluate ot="CDD.inactive" t="CDD", ctx="{'CDD': False}"
GetDeflection CDD ===>> 50
testing CDD==2000
evaluate ot="CDD.deflection==2000" t="CDD==2000", ctx="{'CDD': 50.0}"
14:30:02 -- ******* Pre Extraction Check Passed *******
=================================================================================
14:30:02 -- stopping status monitor
stop 5052903792
Alive clients [4983293136]
14:30:02 -- starting status monitor
start 5052903792
Monitor already running
start extraction
do extraction
Analysis started at 14:30:02.685993
Extraction Started jan_co2.py
14:30:02 -- ******* Extraction Started jan_co2.py *******
state changed from not run to extraction
DO EXTRACTION <pychron.extraction_line.pyscript_runner.RemotePyScriptRunner object at 0x12b93d0b0>
testing...
no interpolation path defined
calculate duration
testing...
no interpolation path defined
executed 0
calculate duration
testing...
no interpolation path defined
executed 0
executed 100.0
Jan CO2 laser analysis
doing GOSUB
testing...
no interpolation path defined
executed 0
Waiting for CO2 access
wait ('FelixCO2Flag', 0) {}
waiting for FelixCO2Flag = 0
Read FelixCO2Flag ===>> 0
finished waiting
CO2 free
wait ('CO2PumpTimeFlag', 0) {}
waiting for CO2PumpTimeFlag = 0
Read CO2PumpTimeFlag ===>> 0
finished waiting
acquire ('JanCO2Flag',) {'clear': True}
acquire JanCO2Flag
Set JanCO2Flag 1 ===>> OK
JanCO2Flag acquired
set extraction state False (0.75, 'red', 1.5)
CO2 acquired
executed 0
WaitForCO2Access.py completed successfully
gosub finished
doing GOSUB
testing...
no interpolation path defined
executed 0
Prepare for CO2 analysis
close () {'description': 'Jan Inlet'}
closing name=--- desc=Jan Inlet
checking ownership. requestor=129.138.12.150
check software interlocks R
interlocks []
actuate state mode=None-script, software_lock=False
doing actuation None-script close_channel False
Close R ===>> OK
GetValveState R ===>> False
change switch state (True, True)
update switch state R False args=() kw={} ncanvase=3
14:30:03 -- CLOSE  VALVE-R (Jan Inlet)
---------------------------------------- close None (Jan Inlet) result=[(True, True)]
action=close, ok=True, locked=[False]
open () {'description': 'Jan Ion Pump'}
opening name=--- desc=Jan Ion Pump
checking ownership. requestor=129.138.12.150
check software interlocks O
interlocks []
actuate state mode=None-script, software_lock=False
doing actuation None-script open_channel False
Open O ===>> OK
GetValveState O ===>> OK
change switch state (True, True)
update switch state O True args=() kw={} ncanvase=3
14:30:03 -- OPEN   VALVE-O (Jan Ion Pump)
---------------------------------------- open None (Jan Ion Pump) result=[(True, True)], time=0.10 sec
action=open, ok=True, locked=[False]
close () {'description': 'Microbone to Minibone'}
closing name=--- desc=Microbone to Minibone
checking ownership. requestor=129.138.12.150
check software interlocks L
interlocks []
actuate state mode=None-script, software_lock=False
doing actuation None-script close_channel False
Close L ===>> OK
GetValveState L ===>> False
change switch state (True, True)
update switch state L False args=() kw={} ncanvase=3
14:30:04 -- CLOSE  VALVE-L (Microbone to Minibone)
---------------------------------------- close None (Microbone to Minibone) result=[(True, True)]
action=close, ok=True, locked=[False]
open () {'description': 'Microbone to Turbo'}
opening name=--- desc=Microbone to Turbo
checking ownership. requestor=129.138.12.150
check software interlocks U
interlocks []
actuate state mode=None-script, software_lock=False
doing actuation None-script open_channel False
Open U ===>> OK
GetValveState U ===>> OK
change switch state (True, True)
update switch state U True args=() kw={} ncanvase=3
14:30:04 -- OPEN   VALVE-U (Microbone to Turbo)
---------------------------------------- open None (Microbone to Turbo) result=[(True, True)], time=0.12 sec
action=open, ok=True, locked=[False]
open () {'description': 'Microbone to Inlet Pipette'}
opening name=--- desc=Microbone to Inlet Pipette
checking ownership. requestor=129.138.12.150
check software interlocks S
interlocks []
actuate state mode=None-script, software_lock=False
doing actuation None-script open_channel False
Open S ===>> OK
Get Checksum: -1429742521
GetValveState S ===>> OK
change switch state (True, True)
update switch state S True args=() kw={} ncanvase=3
14:30:05 -- OPEN   VALVE-S (Microbone to Inlet Pipette)
---------------------------------------- open None (Microbone to Inlet Pipette) result=[(True, True)], time=0.43 sec
action=open, ok=True, locked=[False]
open () {'description': 'Microbone to Getter D-50'}
opening name=--- desc=Microbone to Getter D-50
checking ownership. requestor=129.138.12.150
check software interlocks K
interlocks []
actuate state mode=None-script, software_lock=False
doing actuation None-script open_channel False
Open K ===>> OK
GetValveState K ===>> OK
change switch state (True, True)
update switch state K True args=() kw={} ncanvase=3
14:30:05 -- OPEN   VALVE-K (Microbone to Getter D-50)
---------------------------------------- open None (Microbone to Getter D-50) result=[(True, True)], time=0.46 sec
set states for children of H. state=False
handle state [('H', False)]
update switch state H False args=() kw={'refresh': False} ncanvase=3
refresh_canvas_needed fired
action=open, ok=True, locked=[False]
open () {'description': 'Microbone to Getter NP-10'}
opening name=--- desc=Microbone to Getter NP-10
checking ownership. requestor=129.138.12.150
check software interlocks M
interlocks []
actuate state mode=None-script, software_lock=False
doing actuation None-script open_channel False
Open M ===>> OK
GetValveState M ===>> OK
change switch state (True, True)
update switch state M True args=() kw={} ncanvase=3
14:30:06 -- OPEN   VALVE-M (Microbone to Getter NP-10)
---------------------------------------- open None (Microbone to Getter NP-10) result=[(True, True)], time=0.22 sec
action=open, ok=True, locked=[False]
close () {'description': 'CO2 Laser to Felix'}
closing name=--- desc=CO2 Laser to Felix
checking ownership. requestor=129.138.12.150
check software interlocks F
interlocks []
actuate state mode=None-script, software_lock=True
VALVE-F(CO2 Laser to Felix) software locked
change switch state (True, False)
---------------------------------------- close None (CO2 Laser to Felix) result=[(True, False)]
action=close, ok=True, locked=[True]
open () {'description': 'CO2 Laser to Jan'}
opening name=--- desc=CO2 Laser to Jan
checking ownership. requestor=129.138.12.150
check software interlocks A
interlocks []
actuate state mode=None-script, software_lock=False
doing actuation None-script open_channel False
Open A ===>> OK
GetValveState A ===>> OK
change switch state (True, True)
update switch state A True args=() kw={} ncanvase=3
14:30:06 -- OPEN   VALVE-A (CO2 Laser to Jan)
---------------------------------------- open None (CO2 Laser to Jan) result=[(True, True)], time=0.12 sec
action=open, ok=True, locked=[False]
open () {'description': 'Microbone to CO2 Laser'}
opening name=--- desc=Microbone to CO2 Laser
checking ownership. requestor=129.138.12.150
check software interlocks T
interlocks []
actuate state mode=None-script, software_lock=False
doing actuation None-script open_channel False
Open T ===>> OK
GetValveState T ===>> OK
change switch state (True, True)
update switch state T True args=() kw={} ncanvase=3
14:30:07 -- OPEN   VALVE-T (Microbone to CO2 Laser)
---------------------------------------- open None (Microbone to CO2 Laser) result=[(True, True)], time=0.41 sec
action=open, ok=True, locked=[False]
executed 0
PrepareForCO2Analysis.py completed successfully
gosub finished
set_motor ('beam', '1.25') {}
setting motor "beam" to 1.25
set motor beam to 1.25
SetMotor beam,1.25 ===>> OK
set states for children of C. state=True
handle state [('C', True)]
update switch state C True args=() kw={'refresh': False} ncanvase=3
refresh_canvas_needed fired
Get Checksum: -2038898666
GetMotorMoving beam ===>> False
GetMotorMoving beam ===>> False
Block completed
move_to_position ('154',) {'autocenter': True}
FusionsCO2 move to position 154
sending GoToHole 154,True
GoToHole 154,True ===>> OK
GetDriveMoving ===>> OK
GetDriveMoving ===>> OK
GetDriveMoving ===>> OK
set states for children of B. state=True
set states for children of D. state=True
handle state [('B', True), ('D', True)]
update switch state B True args=() kw={'refresh': True} ncanvase=3
update switch state D True args=() kw={'refresh': False} ncanvase=3
refresh_canvas_needed fired
GetDriveMoving ===>> OK
GetDriveMoving ===>> OK
GetDriveMoving ===>> OK
GetDriveMoving ===>> OK
Get Checksum: 1128315222
State checksums do not match. Local:-161856681 Remote:1128315222
State checksum failed
GetDriveMoving ===>> OK
GetDriveMoving ===>> OK
GetDriveMoving ===>> OK
GetDriveMoving ===>> OK
set states for children of I. state=False
set states for children of Q. state=True
set states for children of P. state=True
handle state [('I', False), ('Q', True), ('P', True)]
update switch state I False args=() kw={'refresh': True} ncanvase=3
update switch state Q True args=() kw={'refresh': True} ncanvase=3
update switch state P True args=() kw={'refresh': False} ncanvase=3
refresh_canvas_needed fired
GetDriveMoving ===>> OK
GetDriveMoving ===>> OK
GetDriveMoving ===>> OK
GetDriveMoving ===>> OK
GetDriveMoving ===>> OK
GetDriveMoving ===>> OK
GetDriveMoving ===>> OK
GetDriveMoving ===>> OK
Get Checksum: 192129876
GetDriveMoving ===>> OK
GetDriveMoving ===>> OK
GetDriveMoving ===>> OK
GetDriveMoving ===>> OK
GetDriveMoving ===>> OK
GetDriveMoving ===>> OK
GetDriveMoving ===>> OK
GetDriveMoving ===>> OK
GetDriveMoving ===>> OK
GetDriveMoving ===>> OK
Get Checksum: 192129876
GetDriveMoving ===>> OK
GetDriveMoving ===>> OK
GetDriveMoving ===>> OK
GetDriveMoving ===>> OK
GetDriveMoving ===>> OK
GetDriveMoving ===>> OK
GetDriveMoving ===>> OK
GetDriveMoving ===>> OK
GetDriveMoving ===>> OK
GetDriveMoving ===>> OK
GetDriveMoving ===>> OK
Get Checksum: 192129876
GetDriveMoving ===>> OK
GetDriveMoving ===>> OK
GetDriveMoving ===>> OK
GetDriveMoving ===>> OK
GetDriveMoving ===>> OK
GetDriveMoving ===>> OK
GetDriveMoving ===>> False
GetDriveMoving ===>> OK
GetDriveMoving ===>> OK
GetDriveMoving ===>> OK
GetDriveMoving ===>> False
Block completed
Get Checksum: 192129876
GetAutoCorrecting ===>> False
GetAutoCorrecting ===>> False
Block completed
update position
GetPosition ===>> -13.95730,-5.98170,1.00000
got position (-13.9573, -5.9817, 1.0)
move to position succeeded
sleep (5,) {}
SLEEP 5.0
block started
WaitControl setup for 5.0  
Get Checksum: 192129876
Join finished
block finished. duration 5.00794386864
close () {'description': 'Microbone to Turbo'}
closing name=--- desc=Microbone to Turbo
checking ownership. requestor=129.138.12.150
check software interlocks U
interlocks []
actuate state mode=None-script, software_lock=False
doing actuation None-script close_channel True
Close U ===>> OK
GetValveState U ===>> False
change switch state (True, True)
update switch state U False args=() kw={} ncanvase=3
14:30:29 -- CLOSE  VALVE-U (Microbone to Turbo)
---------------------------------------- close None (Microbone to Turbo) result=[(True, True)]
Get Checksum: 38271967
action=close, ok=True, locked=[False]
enable laser
enable () {}
set extraction state FusionsCO2 Enabled (False, 'red', 1.5)
enabling laser
Enable ===>> OK
begin interval
BEGIN INTERVAL Interval 1 waiting for 30.0
block started
WaitControl setup for 30.0  
set extract to 5.0
extract (5.0,) {}
GetPosition ===>> -13.95730,-5.98170,1.00000
set extraction state FusionsCO2 ON! 5.0(watts) (0.75, 'red', 1.5)
extract sample to 5.0 (watts)
set laser output
SetLaserOutput 5.0,watts ===>> OK
executing pattern triangle.lp
execute_pattern ('triangle.lp',) {}
executing pattern triangle.lp
IsPatterning ===>> OK
Get Checksum: 38271967
IsPatterning ===>> OK
IsPatterning ===>> OK
IsPatterning ===>> OK
Get Checksum: 38271967
IsPatterning ===>> OK
IsPatterning ===>> OK
IsPatterning ===>> OK
Get Checksum: 38271967
IsPatterning ===>> OK
IsPatterning ===>> OK
IsPatterning ===>> OK
Get Checksum: 38271967
IsPatterning ===>> OK
IsPatterning ===>> OK
IsPatterning ===>> OK
Get Checksum: 38271967
IsPatterning ===>> OK
IsPatterning ===>> OK
IsPatterning ===>> OK
Get Checksum: 38271967
IsPatterning ===>> OK
IsPatterning ===>> OK
IsPatterning ===>> OK
Get Checksum: 38271967
IsPatterning ===>> OK
IsPatterning ===>> OK
IsPatterning ===>> OK
Get Checksum: 38271967
IsPatterning ===>> OK
IsPatterning ===>> OK
IsPatterning ===>> OK
Get Checksum: 38271967
IsPatterning ===>> OK
IsPatterning ===>> False
IsPatterning ===>> False
Block completed
COMPLETE INTERVAL waiting for Interval 1 to complete
Get Checksum: 38271967
Join finished
block finished. duration 30.0307719707
Interval 1 finished
end_extract () {}
ending extraction. set laser power to 0
set laser power 0
SetLaserPower 0 ===>> OK
disable () {}
%%%%%%%%%%%%%%%%%%%%%%%%%%%%%%%%%%% disable
set extraction state False (0.75, 'red', 1.5)
disabling laser
Disable ===>> OK
sleep (30.0,) {}
SLEEP 30.0
block started
WaitControl setup for 30.0  
Get Checksum: 38271967
Get Checksum: 38271967
Get Checksum: 38271967
Get Checksum: 38271967
Get Checksum: 38271967
Get Checksum: 38271967
Get Checksum: 38271967
Get Checksum: 38271967
Get Checksum: 38271967
Join finished
block finished. duration 30.0406479836
executed 166.0
jan_co2.py completed successfully
GetAchievedOutput ===>> No Response
Requested Output= 0.000
Achieved Output=  0.000
GetResponseBlob ===>> No Response
GetOutputBlob ===>> No Response
persistence save...
persistence save - db
AutomatedRunPersister post_extraction_save deprecated
persistence save - dvc
no extraction position for 154
create new session 4983039568
close session 4983039568
Extraction Finished
14:31:30 -- ******* Extraction Finished *******
no overlap. not waiting for min ms pumptime
14:31:30 -- Sending spectrometer configuration
======== Sending configuration ========
SetDeflection CDD,50.0 ===>> OK
SetDeflection H2,0.0 ===>> OK
SetDeflection H1,0.0 ===>> OK
SetDeflection L2,825.0 ===>> OK
SetDeflection L1,400.0 ===>> OK
SetDeflection AX,190.0 ===>> OK
SetZFocus 74.64 ===>> OK
SetZSymmetry -50.72 ===>> OK
SetExtractionLens 26.13 ===>> OK
SetIonRepeller -3.81 ===>> OK
SetElectronEnergy 75.08 ===>> OK
SetYSymmetry -2.81 ===>> OK
SetIonCounterVoltage 1590.0 ===>> OK
send trap current 200.0
GetParameter Trap Current Readback ===>> 198.035158395898
SetParameter Trap Current Set,200.0 ===>> OK
updating mftable name mftable
Using mftable located at /Users/jan/PychronDev/setupfiles/spectrometer/mftables/mftable.csv
============ MFtable ===========
Isotope  H2     H1     AX     L1     L2     CDD    
Ar40     5.7730 5.8791 5.9925 6.1130 6.2309 6.3412
Ar39     5.6723 5.7714 5.8849 5.9990 6.1160 6.2277
Ar36     5.3498 5.4404 5.5483 5.6579 5.7710 5.8788
================================
get initial guess parabolic
get initial guess parabolic
get initial guess parabolic
get initial guess parabolic
get initial guess parabolic
get initial guess parabolic
======== Configuration Finished ========
GetYSymmetry ===>> -2.81
GetZSymmetry ===>> -50.72
GetParameter Trap Current Readback ===>> 198.147042666178
GetHighVoltage ===>> 4499.94659342336
start measurement
do measurement
L#=65511 analysis type=unknown
Measurement Started jan_co2_whiff_120_60_large.py
14:31:30 -- ******* Measurement Started jan_co2_whiff_120_60_large.py *******
state changed from extraction to measurement
setting spec, defl, and gains
GetExtractionLens ===>> 26.13
GetYSymmetry ===>> -2.81
GetZSymmetry ===>> -50.72
GetZFocus ===>> 74.64
GetDeflection H2 ===>> 0
GetDeflection H1 ===>> 0
GetDeflection AX ===>> 190
GetDeflection L1 ===>> 400
GetDeflection L2 ===>> 825
GetDeflection CDD ===>> 50
GetGain H2 ===>> 0.0113
GetGain H1 ===>> 0.1
GetGain AX ===>> 0.097049
GetGain L1 ===>> 0.010355
GetGain L2 ===>> 0.095649
GetGain CDD ===>> 0
pre measurement save
New frame /Users/jan/PychronDev/data/isotopes/e8/95dc05-feb6-4d6c-9d0d-c2af53ad3be0.h5
flush and close file /Users/jan/PychronDev/data/isotopes/e8/95dc05-feb6-4d6c-9d0d-c2af53ad3be0.h5
testing...
no interpolation path defined
executed 266.04
co2 whiff measurement script
activate_detectors ('H2', 'H1', 'AX', 'L1', 'L2', 'CDD') {}
activate detectors
*************** Set Analysis View Ar/Ar
create graphs
clearing graphs
clear isotope group
setting isotope det=H2, iso=PM41
setting isotope det=H1, iso=Ar40
setting isotope det=AX, iso=Ar39
setting isotope det=L1, iso=Ar38
setting isotope det=L2, iso=Ar37
setting isotope det=CDD, iso=Ar36
setting previous blanks
 - setting Ar40 blank 0.564+/-0.007
 - setting Ar36 blank 0.00595+/-0.00019
 - setting Ar37 blank 0.044+/-0.005
 - setting Ar38 blank 0.0048+/-0.0021
 - setting PM41 blank 0.04+/-0.06
 - setting Ar39 blank 0.042+/-0.009
load analysis view
position_magnet ('Ar40',) {'detector': 'H1'}
detector Detector(H1)
POSITION Ar40 H1
setting detector H2 to PM41 (40.9624)
setting detector H1 to Ar40 (39.9624)
setting detector AX to Ar39 (38.9624)
setting detector L1 to Ar38 (37.9624)
setting detector L2 to Ar37 (36.9624)
setting detector CDD to Ar36 (35.9624)
Mapping mass to dac mass func: "parabolic"
H1 map mass coeffs = [-0.00063987  0.15840543  0.57074999]
H1 map mass to dac 39.9624 >> 5.87914
GetDeflection H1 ===>> 0
GetHighVoltage ===>> 4499.94659342336
positioning Ar40 (5.8791053783) on H1
setting magnet DAC
current  : 5.879106
requested: 5.879105
Delta Dac: 0.000000
Checking detector protection. dv=0.00000
Checking detector "CDD". Protection Threshold: 0.1 (V)
SetMagnetDAC 5.8791053783 ===>> OK
Magnet settling time: 0.500
close ('S',) {}
closing name=S desc=---
checking ownership. requestor=129.138.12.150
check software interlocks S
interlocks []
actuate state mode=None-script, software_lock=False
doing actuation None-script close_channel True
Close S ===>> OK
set states for children of S. state=False
handle state [('S', False)]
update switch state S False args=() kw={'refresh': False} ncanvase=3
refresh_canvas_needed fired
Get Checksum: 967144135
GetValveState S ===>> False
change switch state (True, True)
update switch state S False args=() kw={} ncanvase=3
14:31:32 -- CLOSE  VALVE-S (Microbone to Inlet Pipette)
---------------------------------------- close S () result=[(True, True)]
action=close, ok=True, locked=[False]
equilibrate () {'do_post_equilibration': False, 'inlet': 'R', 'outlet': 'O', 'eqtime': 4}
Equilibration Started
14:31:32 -- ******* Equilibration Started *******
checking ownership. requestor=129.138.12.150
check software interlocks O
interlocks []
actuate state mode=None-script, software_lock=False
doing actuation None-script close_channel True
Close O ===>> OK
GetValveState O ===>> False
change switch state (True, True)
update switch state O False args=() kw={} ncanvase=3
14:31:32 -- CLOSE  VALVE-O (Jan Ion Pump)
waiting 3s before opening inlet value ('R',)
Get Checksum: -2122905146
checking ownership. requestor=129.138.12.150
check software interlocks R
interlocks []
actuate state mode=None-script, software_lock=False
doing actuation None-script open_channel True
Open R ===>> OK
GetValveState R ===>> OK
change switch state (True, True)
update switch state R True args=() kw={} ncanvase=3
14:31:35 -- OPEN   VALVE-R (Jan Inlet)
set_time_zero (0,) {}
equilibrating for 4sec
sniff (4,) {}
py_sniff
build tables- sniff [Detector(H2), Detector(H1), Detector(AX), Detector(L1), Detector(L2), Detector(CDD)]
add group /sniff/PM41 (Group) '' table H2
add group /sniff/Ar40 (Group) '' table H1
add group /sniff/Ar39 (Group) '' table AX
add group /sniff/Ar38 (Group) '' table L1
add group /sniff/Ar37 (Group) '' table L2
add group /sniff/Ar36 (Group) '' table CDD
flush and close file /Users/jan/PychronDev/data/isotopes/e8/95dc05-feb6-4d6c-9d0d-c2af53ad3be0.h5
measuring sniff. ncounts=4
starting measurement
GetData ===>> H2,0.469281176578282,H1,2.17977269435703,AX,2.19139495991889,L1,0.040485658052628,L2,0.5075919848...
GetData ===>> H2,5.58005448213789,H1,15.3702447066552,AX,8.12212313465551,L1,0.809223562731805,L2,1.14702020365...
Get Checksum: -1800838140
GetData ===>> H2,2.53992575992906,H1,16.3059587976391,AX,4.93235222281509,L1,0.780365377347727,L2,0.33398848230...
GetData ===>> H2,0.763656087846138,H1,15.4662150579257,AX,3.70851164675643,L1,0.501078319608926,L2,0.0871258001...
Equilibration Finished
14:31:40 -- ******* Equilibration Finished *******
checking ownership. requestor=129.138.12.150
check software interlocks R
interlocks []
actuate state mode=None-script, software_lock=False
doing actuation None-script close_channel True
measurement finished
estimated time: 4.194 actual time: :4.255
flush and close file /Users/jan/PychronDev/data/isotopes/e8/95dc05-feb6-4d6c-9d0d-c2af53ad3be0.h5
set_fits () {}
using default fits file=/Users/jan/PychronDev/scripts/measurement/fits/nominal_linear.yaml
set "Ar40" to "('Linear', 'SEM')"
No fit for "PM41". defaulting to linear. check the measurement script "jan_co2_whiff_120_60_large.py"
set "PM41" to "linear"
set "Ar36" to "('Linear', 'SEM')"
set "Ar37" to "('linear', 'SEM')"
set "Ar38" to "('linear', 'SEM')"
set "Ar39" to "('Linear', 'SEM')"
set_baseline_fits () {}
using default fits file=/Users/jan/PychronDev/scripts/measurement/fits/nominal_linear.yaml
set "H1" to "('average', 'SEM')"
set "H2" to "('average', 'SEM')"
set "CDD" to "('average', 'SEM')"
set "L2" to "('average', 'SEM')"
set "L1" to "('average', 'SEM')"
set "AX" to "('average', 'SEM')"
whiff () {'ncounts': 1, 'conditionals': [{'action': 'run_remainder', 'attr': 'Ar40', 'teststr': 'Ar40.cur<=175'}, {'action': 'run_pipette', 'attr': 'Ar40', 'teststr': 'Ar40.cur>500'}, {'action': 'run_chamber_split', 'attr': 'Ar40', 'teststr': 'Ar40.cur>=300'}, {'action': 'pump', 'attr': 'Ar40', 'teststr': 'Ar40.cur>175'}]}
build tables- whiff [Detector(H2), Detector(H1), Detector(AX), Detector(L1), Detector(L2), Detector(CDD)]
add group /whiff/PM41 (Group) '' table H2
add group /whiff/Ar40 (Group) '' table H1
add group /whiff/Ar39 (Group) '' table AX
add group /whiff/Ar38 (Group) '' table L1
add group /whiff/Ar37 (Group) '' table L2
add group /whiff/Ar36 (Group) '' table CDD
flush and close file /Users/jan/PychronDev/data/isotopes/e8/95dc05-feb6-4d6c-9d0d-c2af53ad3be0.h5
measuring whiff. ncounts=1
Close R ===>> OK
GetValveState R ===>> False
change switch state (True, True)
update switch state R False args=() kw={} ncanvase=3
14:31:41 -- CLOSE  VALVE-R (Jan Inlet)
Get Checksum: -2122905146
starting measurement
GetData ===>> H2,0.320342033253244,H1,15.161261369002,AX,3.24779959050296,L1,0.31817586085239,L2,0.137468898618...
testing Ar40<=175
evaluate ot="Ar40.cur<=175" t="Ar40<=175", ctx="{'Ar40': 15.161261369002}"
condition Ar40<=175 is true trips=1/1
14:31:42 -- Conditional tripped: Ar40.cur<=175 condition Ar40<=175 is True
measurement finished
estimated time: 1.049 actual time: :1.102
flush and close file /Users/jan/PychronDev/data/isotopes/e8/95dc05-feb6-4d6c-9d0d-c2af53ad3be0.h5
WHIFF Result=run_remainder
Whiff result=run_remainder
open ('R',) {}
opening name=R desc=---
checking ownership. requestor=129.138.12.150
check software interlocks R
interlocks []
actuate state mode=None-script, software_lock=False
doing actuation None-script open_channel True
Open R ===>> OK
GetValveState R ===>> OK
change switch state (True, True)
update switch state R True args=() kw={} ncanvase=3
14:31:42 -- OPEN   VALVE-R (Jan Inlet)
---------------------------------------- open R () result=[(True, True)], time=0.41 sec
action=open, ok=True, locked=[False]
open ('S',) {}
opening name=S desc=---
checking ownership. requestor=129.138.12.150
check software interlocks S
interlocks []
actuate state mode=None-script, software_lock=False
doing actuation None-script open_channel True
Open S ===>> OK
GetValveState S ===>> OK
change switch state (True, True)
update switch state S True args=() kw={} ncanvase=3
14:31:43 -- OPEN   VALVE-S (Microbone to Inlet Pipette)
---------------------------------------- open S () result=[(True, True)], time=0.41 sec
action=open, ok=True, locked=[False]
sleep (12.0,) {}
SLEEP 12.0
block started
WaitControl setup for 12.0  
Get Checksum: 1775861429
Get Checksum: 1775861429
Get Checksum: 1775861429
Get Checksum: 1775861429
Join finished
block finished. duration 12.0118949413
close ('R',) {}
closing name=R desc=---
checking ownership. requestor=129.138.12.150
check software interlocks R
interlocks []
actuate state mode=None-script, software_lock=False
doing actuation None-script close_channel True
Close R ===>> OK
GetValveState R ===>> False
change switch state (True, True)
update switch state R False args=() kw={} ncanvase=3
14:31:56 -- CLOSE  VALVE-R (Jan Inlet)
---------------------------------------- close R () result=[(True, True)]
Get Checksum: 1838806504
action=close, ok=True, locked=[False]
post_equilibration () {}
multicollect () {'integration_time': 1, 'ncounts': 120.0}
Post Equilibration Started jan_pump_extraction_line.py
build tables- signal [Detector(H2), Detector(H1), Detector(AX), Detector(L1), Detector(L2), Detector(CDD)]
14:31:56 -- ******* Post Equilibration Started jan_pump_extraction_line.py *******
add group /signal/PM41 (Group) '' table H2
testing...
add group /signal/Ar40 (Group) '' table H1
no interpolation path defined
add group /signal/Ar39 (Group) '' table AX
add group /signal/Ar38 (Group) '' table L1
calculate duration
add group /signal/Ar37 (Group) '' table L2
testing...
add group /signal/Ar36 (Group) '' table CDD
no interpolation path defined
flush and close file /Users/jan/PychronDev/data/isotopes/e8/95dc05-feb6-4d6c-9d0d-c2af53ad3be0.h5
executed 4.0
executed 4.0
measuring signal. ncounts=120.0
Pump after analysis
doing GOSUB
testing...
no interpolation path defined
executed 4.0
Pump Microbone
close () {'description': 'Jan Inlet'}
closing name=--- desc=Jan Inlet
checking ownership. requestor=129.138.12.150
check software interlocks R
interlocks []
actuate state mode=None-script, software_lock=False
doing actuation None-script close_channel False
Close R ===>> OK
GetValveState R ===>> False
change switch state (True, True)
update switch state R False args=() kw={} ncanvase=3
14:31:57 -- CLOSE  VALVE-R (Jan Inlet)
---------------------------------------- close None (Jan Inlet) result=[(True, True)]
starting measurement
GetData ===>> H2,0.169159258263506,H1,411.009277794498,AX,82.5705375783188,L1,1.09141092817439,L2,0.37319804748...
action=close, ok=True, locked=[False]
is_closed ('F',) {}
is F () closed?
is closed True
open () {'description': 'CO2 Laser to Jan'}
opening name=--- desc=CO2 Laser to Jan
checking ownership. requestor=129.138.12.150
check software interlocks A
interlocks []
actuate state mode=None-script, software_lock=False
doing actuation None-script open_channel False
Open A ===>> OK
GetValveState A ===>> OK
change switch state (True, True)
update switch state A True args=() kw={} ncanvase=3
14:31:57 -- OPEN   VALVE-A (CO2 Laser to Jan)
---------------------------------------- open None (CO2 Laser to Jan) result=[(True, True)], time=0.18 sec
action=open, ok=True, locked=[False]
sleep (1,) {}
SLEEP 1.0
GetData ===>> H2,0.188178444195225,H1,410.963276237995,AX,82.5260148386391,L1,1.10278689375216,L2,0.32233375242...
close () {'description': 'CO2 Laser to Roughing'}
closing name=--- desc=CO2 Laser to Roughing
checking ownership. requestor=129.138.12.150
check software interlocks G
interlocks []
actuate state mode=None-script, software_lock=True
VALVE-G(CO2 Laser to Roughing) software locked
change switch state (True, False)
---------------------------------------- close None (CO2 Laser to Roughing) result=[(True, False)]
action=close, ok=True, locked=[True]
open () {'description': 'Microbone to Turbo'}
opening name=--- desc=Microbone to Turbo
checking ownership. requestor=129.138.12.150
check software interlocks U
interlocks []
actuate state mode=None-script, software_lock=False
doing actuation None-script open_channel True
Open U ===>> OK
GetValveState U ===>> OK
change switch state (True, True)
update switch state U True args=() kw={} ncanvase=3
14:31:59 -- OPEN   VALVE-U (Microbone to Turbo)
---------------------------------------- open None (Microbone to Turbo) result=[(True, True)], time=0.15 sec
action=open, ok=True, locked=[False]
open () {'description': 'Microbone to Getter NP-10'}
opening name=--- desc=Microbone to Getter NP-10
checking ownership. requestor=129.138.12.150
check software interlocks M
interlocks []
actuate state mode=None-script, software_lock=False
doing actuation None-script open_channel False
Open M ===>> OK
GetData ===>> H2,0.0862753086191142,H1,410.503001619796,AX,82.3698868619193,L1,1.088528467744,L2,0.319411730984...
GetValveState M ===>> OK
change switch state (True, True)
update switch state M True args=() kw={} ncanvase=3
14:31:59 -- OPEN   VALVE-M (Microbone to Getter NP-10)
---------------------------------------- open None (Microbone to Getter NP-10) result=[(True, True)], time=0.15 sec
Get Checksum: 1695186306
action=open, ok=True, locked=[False]
open () {'description': 'Microbone to Getter D-50'}
opening name=--- desc=Microbone to Getter D-50
checking ownership. requestor=129.138.12.150
check software interlocks K
interlocks []
actuate state mode=None-script, software_lock=False
doing actuation None-script open_channel False
Open K ===>> OK
GetValveState K ===>> OK
change switch state (True, True)
update switch state K True args=() kw={} ncanvase=3
14:32:00 -- OPEN   VALVE-K (Microbone to Getter D-50)
---------------------------------------- open None (Microbone to Getter D-50) result=[(True, True)], time=0.42 sec
action=open, ok=True, locked=[False]
open () {'description': 'Microbone to CO2 Laser'}
opening name=--- desc=Microbone to CO2 Laser
checking ownership. requestor=129.138.12.150
check software interlocks T
interlocks []
actuate state mode=None-script, software_lock=False
doing actuation None-script open_channel False
GetData ===>> H2,0.0317325137639677,H1,410.264175547069,AX,82.2780871979989,L1,1.11996332490193,L2,0.2544569155...
Open T ===>> OK
GetValveState T ===>> OK
change switch state (True, True)
update switch state T True args=() kw={} ncanvase=3
14:32:00 -- OPEN   VALVE-T (Microbone to CO2 Laser)
---------------------------------------- open None (Microbone to CO2 Laser) result=[(True, True)], time=0.40 sec
action=open, ok=True, locked=[False]
open () {'description': 'Microbone to Inlet Pipette'}
opening name=--- desc=Microbone to Inlet Pipette
checking ownership. requestor=129.138.12.150
check software interlocks S
interlocks []
actuate state mode=None-script, software_lock=False
doing actuation None-script open_channel False
Open S ===>> OK
GetValveState S ===>> OK
change switch state (True, True)
update switch state S True args=() kw={} ncanvase=3
14:32:01 -- OPEN   VALVE-S (Microbone to Inlet Pipette)
---------------------------------------- open None (Microbone to Inlet Pipette) result=[(True, True)], time=0.41 sec
GetData ===>> H2,0.0437096787871651,H1,410.358641135197,AX,82.2434264541491,L1,1.08724312756857,L2,0.3723072619...
action=open, ok=True, locked=[False]
sleep (1,) {}
SLEEP 1.0
GetData ===>> H2,-0.0234903297014781,H1,410.238163636665,AX,82.1698196079908,L1,1.05610139098262,L2,0.307850074...
set_resource () {'name': 'CO2PumpTimeFlag', 'value': 30}
Set CO2PumpTimeFlag 30 ===>> OK
release ('JanCO2Flag',) {}
release JanCO2Flag
Set JanCO2Flag 0 ===>> OK
executed 6.0
PumpMicrobone.py completed successfully
gosub finished
get_resource_value () {'name': 'JanMiniboneFlag'}
Read JanMiniboneFlag ===>> 0
Get Resource Value JanMiniboneFlag=0.0
get resource value 0.0
get_resource_value () {'name': 'JanMiniboneFlag'}
Read JanMiniboneFlag ===>> 0
Get Resource Value JanMiniboneFlag=0.0
executed 4.0
jan_pump_extraction_line.py completed successfully
Post Equilibration Finished
14:32:02 -- ******* Post Equilibration Finished *******
Get Checksum: 1695186306
GetData ===>> H2,0.0378242348160322,H1,410.068518744213,AX,82.1065333690907,L1,1.04204144992102,L2,0.3362830672...
GetData ===>> H2,-0.0179614515044502,H1,410.04851596083,AX,81.970730139148,L1,1.01587942705652,L2,0.32417147562...
GetData ===>> H2,-0.0389477540798444,H1,409.566746219341,AX,82.0221391367021,L1,1.03392745095917,L2,0.483155888...
Get Checksum: 1695186306
GetData ===>> H2,-0.087903782701121,H1,409.179218762014,AX,82.1515416421076,L1,1.01661406006154,L2,0.3025091292...
GetData ===>> H2,-0.0304481538014287,H1,409.188916548348,AX,82.1806258583971,L1,1.03098304683723,L2,0.288119730...
Get Checksum: 1695186306
GetData ===>> H2,-0.107516649092784,H1,409.240778257399,AX,82.1062200612178,L1,1.0392717479745,L2,0.38164950194...
GetData ===>> H2,-0.0543373181582289,H1,409.095692558357,AX,82.1188848603733,L1,1.03352014881975,L2,0.334604932...
GetData ===>> H2,-0.0539316555303042,H1,409.052812565196,AX,81.9101784288191,L1,1.05446912038192,L2,0.306697409...
Get Checksum: 1695186306
GetData ===>> H2,-0.105566898593104,H1,408.778487103044,AX,81.9747524762924,L1,1.00811007389681,L2,0.3298675000...
GetData ===>> H2,-0.207436621913267,H1,408.682681567575,AX,81.9133091955725,L1,0.992141533599592,L2,0.380301787...
GetData ===>> H2,-0.173419419958277,H1,408.509799105028,AX,81.892532116612,L1,1.02420783593873,L2,0.35967727041...
Get Checksum: 1695186306
GetData ===>> H2,-0.236247758196441,H1,408.105636397462,AX,81.8674625550264,L1,1.00781642865247,L2,0.2773604737...
GetData ===>> H2,-0.182874918709651,H1,407.888311050328,AX,81.6823734340538,L1,0.995685802425517,L2,0.358090074...
GetData ===>> H2,-0.153690256418447,H1,407.964269193024,AX,81.8105074154804,L1,1.00188981510364,L2,0.3496863677...
Get Checksum: 1695186306
GetData ===>> H2,-0.19816911490603,H1,407.713711720925,AX,81.6522650965668,L1,1.04196320694036,L2,0.35320304671...
GetData ===>> H2,-0.233536654091618,H1,407.405981061779,AX,81.6888806526219,L1,1.01715215125195,L2,0.3733236717...
GetData ===>> H2,-0.150075761978213,H1,407.722261082755,AX,81.4833092631775,L1,1.00482372872557,L2,0.3181790299...
Get Checksum: 1695186306
GetData ===>> H2,-0.237954814429423,H1,407.661176103851,AX,81.7017217560409,L1,1.05322709681374,L2,0.3740088979...
14:32:22 -- collecting point 25
GetData ===>> H2,-0.17090202645883,H1,407.403047932176,AX,81.887161230474,L1,1.0563008658809,L2,0.3585125629865...
GetData ===>> H2,-0.178956477325725,H1,407.111682282558,AX,81.6431087195186,L1,1.03786004652542,L2,0.3946364999...
Get Checksum: 1695186306
GetData ===>> H2,-0.163500402130873,H1,406.681113012714,AX,81.5709329241414,L1,0.996441119715595,L2,0.299930061...
GetData ===>> H2,-0.160729622997026,H1,406.608671719274,AX,81.449686105086,L1,0.973924958456668,L2,0.4265917772...
GetData ===>> H2,-0.154633415012737,H1,406.445194029975,AX,81.4321947679575,L1,0.981000206325284,L2,0.295879010...
Get Checksum: 1695186306
GetData ===>> H2,-0.171859943088802,H1,406.442916339036,AX,81.5323415934778,L1,0.97090033320293,L2,0.2527786167...
GetData ===>> H2,-0.124538034197909,H1,405.971113677344,AX,81.4864860298631,L1,1.02482954663458,L2,0.2879713970...
GetData ===>> H2,-0.109564799224109,H1,405.967718398961,AX,81.3275398801856,L1,1.06119801559954,L2,0.3397650051...
Get Checksum: 1695186306
GetData ===>> H2,-0.144201205201096,H1,405.969524393366,AX,81.5040097501775,L1,1.02891255855853,L2,0.3378699019...
GetData ===>> H2,0.00946107082212644,H1,405.527351410191,AX,81.440175018481,L1,1.00205607783809,L2,0.3355752789...
Get Checksum: 1695186306
GetData ===>> H2,-0.050180966039459,H1,405.241765410981,AX,81.4410142056495,L1,1.01280787807338,L2,0.3332236328...
GetData ===>> H2,-0.190219690985133,H1,405.375574848277,AX,81.3429132385577,L1,1.08178722528239,L2,0.3337259213...
GetData ===>> H2,-0.16301569970392,H1,405.061246254883,AX,81.3835334509421,L1,1.04117071384316,L2,0.23415946567...
Get Checksum: 1695186306
GetData ===>> H2,-0.115600579095928,H1,405.009888979904,AX,81.3453961554511,L1,1.01880818204792,L2,0.3377329079...
GetData ===>> H2,-0.133946874232331,H1,404.901960180887,AX,81.3083293416043,L1,0.976965790733076,L2,0.407419617...
GetData ===>> H2,-0.0940862195280761,H1,404.672938485059,AX,81.2733448063699,L1,0.961765863067651,L2,0.35005173...
Get Checksum: 1695186306
GetData ===>> H2,-0.128915590203016,H1,404.517814443788,AX,81.1549040676294,L1,1.02074810941576,L2,0.3138304611...
GetData ===>> H2,-0.182762943513093,H1,404.43248877129,AX,81.2618168204137,L1,1.02185751949047,L2,0.42557480236...
GetData ===>> H2,-0.19935308278231,H1,404.300417411591,AX,81.1454890642776,L1,0.992572315695323,L2,0.2816389304...
Get Checksum: 1695186306
GetData ===>> H2,-0.170594396610147,H1,404.017939007461,AX,81.0874928069506,L1,0.98835468202159,L2,0.3165468667...
GetData ===>> H2,-0.225830337143859,H1,403.7947424613,AX,80.794487336019,L1,0.983281647883256,L2,0.280965773900...
GetData ===>> H2,-0.165403907430692,H1,403.70735399504,AX,81.127960787354,L1,1.02855174707472,L2,0.309036991989...
Get Checksum: 1695186306
GetData ===>> H2,-0.0839117505994645,H1,403.606222496323,AX,80.947655803067,L1,1.00820081570743,L2,0.3578160290...
GetData ===>> H2,-0.152890266707792,H1,403.769869445987,AX,80.957244225357,L1,0.989249954074588,L2,0.3939968176...
GetData ===>> H2,-0.0986663432511991,H1,403.383922569623,AX,80.9197745872569,L1,1.03492622716925,L2,0.311810327...
Get Checksum: 1695186306
14:32:48 -- collecting point 50
GetData ===>> H2,-0.110086068456405,H1,402.76063540171,AX,80.8858761892967,L1,1.0391140418711,L2,0.295468209507...
GetData ===>> H2,-0.141532402973676,H1,402.841777914775,AX,80.7327469634332,L1,1.00219841089277,L2,0.1973199692...
GetData ===>> H2,-0.0873407432598706,H1,402.79779006888,AX,80.794503746752,L1,0.976438801313333,L2,0.3731181048...
Get Checksum: 1695186306
GetData ===>> H2,-0.15591020240811,H1,402.875168399014,AX,80.8085684638079,L1,0.963269494822454,L2,0.3465465849...
GetData ===>> H2,-0.13033205338871,H1,402.914846018492,AX,80.8203530780918,L1,1.02793107917371,L2,0.36753370598...
testing age>100.0
evaluate ot="age>100.0" t="age>100.0", ctx="{'age': 34.885019226809696}"
GetData ===>> H2,-0.144575462946663,H1,402.389813264496,AX,80.6763586305491,L1,0.994437129570436,L2,0.335438288...
Get Checksum: 1695186306
GetData ===>> H2,-0.206921884708712,H1,401.98341542921,AX,80.7531515749133,L1,0.977126785586018,L2,0.3911525678...
GetData ===>> H2,-0.109486268279238,H1,401.893117505424,AX,80.8830352779204,L1,0.993315715500889,L2,0.340427158...
Get Checksum: 1695186306
GetData ===>> H2,-0.160678305882746,H1,402.149262228218,AX,80.8214035661883,L1,0.991742257106443,L2,0.345519042...
GetData ===>> H2,-0.147165204258818,H1,401.705485724353,AX,80.7624573117837,L1,0.990946268238582,L2,0.241225412...
testing age>100.0
evaluate ot="age>100.0" t="age>100.0", ctx="{'age': 34.90904523827844}"
GetData ===>> H2,-0.11509309611226,H1,401.571672721108,AX,80.5454923264628,L1,0.987123334701303,L2,0.4332080905...
Get Checksum: 1695186306
GetData ===>> H2,-0.124689478781611,H1,401.965689474232,AX,80.4862078520492,L1,0.969533998861734,L2,0.395378993...
GetData ===>> H2,-0.100484609010548,H1,401.603910080752,AX,80.5716577762174,L1,0.987047796593477,L2,0.401524777...
GetData ===>> H2,-0.199258693533342,H1,401.48066525762,AX,80.695327215033,L1,1.03476732465146,L2,0.320233540508...
Get Checksum: 1695186306
GetData ===>> H2,-0.29612048066462,H1,401.474390220646,AX,80.3498646696163,L1,1.02679202119653,L2,0.30947067694...
testing age>100.0
evaluate ot="age>100.0" t="age>100.0", ctx="{'age': 34.90036565065066}"
testing Ar39<0.5
evaluate ot="Ar39<0.5" t="Ar39<0.5", ctx="{'Ar39': 82.98760426978465}"
GetData ===>> H2,-0.200662315285701,H1,400.993064011588,AX,80.5455415358054,L1,1.05134512563607,L2,0.3037872771...
GetData ===>> H2,-0.244159204513734,H1,400.752397980773,AX,80.525957607562,L1,1.04999874974462,L2,0.12218988787...
Get Checksum: 1695186306
GetData ===>> H2,-0.0842490078130237,H1,400.47568864071,AX,80.3044040394933,L1,1.01424023271098,L2,0.3774465233...
GetData ===>> H2,-0.101027459957369,H1,400.322036056233,AX,80.2302800640916,L1,1.00961371573514,L2,0.3147321166...
GetData ===>> H2,-0.246563607654312,H1,400.363982312304,AX,80.2700481363337,L1,0.986537928493546,L2,0.313499475...
testing age>100.0
evaluate ot="age>100.0" t="age>100.0", ctx="{'age': 34.90946301436685}"
testing Ar39<0.5
evaluate ot="Ar39<0.5" t="Ar39<0.5", ctx="{'Ar39': 82.99600739849603}"
GetData ===>> H2,-0.166343392174479,H1,400.004907895748,AX,80.2506704102727,L1,0.982159112014629,L2,0.259720342...
GetData ===>> H2,-0.132043950837055,H1,399.811574444509,AX,80.1958597912731,L1,1.00831928535435,L2,0.2146081166...
Get Checksum: 1695186306
GetData ===>> H2,-0.121911771984057,H1,400.014924433737,AX,80.1177818402111,L1,1.02274008784853,L2,0.3887767130...
GetData ===>> H2,-0.176587753468345,H1,399.764552316859,AX,79.9985283170666,L1,1.02470217493698,L2,0.3466150882...
GetData ===>> H2,-0.143563452357234,H1,399.658570705826,AX,80.1535149730473,L1,0.985690720616024,L2,0.340427158...
Get Checksum: 1695186306
testing age>100.0
evaluate ot="age>100.0" t="age>100.0", ctx="{'age': 34.904847009829105}"
testing Ar39<0.5
evaluate ot="Ar39<0.5" t="Ar39<0.5", ctx="{'Ar39': 83.0192205889194}"
14:33:15 -- collecting point 75
GetData ===>> H2,-0.112766503811372,H1,399.253413590253,AX,80.2182929350449,L1,0.940173327999228,L2,0.388491157...
GetData ===>> H2,-0.11698217117016,H1,399.424876851254,AX,80.0971519071776,L1,0.973057387761086,L2,0.3177567193...
GetData ===>> H2,-0.171100362326456,H1,398.945700132654,AX,80.1988088525623,L1,0.976778385753938,L2,0.316923517...
Get Checksum: 1695186306
GetData ===>> H2,-0.0465091418653399,H1,398.700688223197,AX,80.1234146777143,L1,0.961171258462877,L2,0.43805348...
GetData ===>> H2,-0.0989574477997312,H1,398.763612745997,AX,80.1385458844845,L1,0.963680642145749,L2,0.27083476...
Get Checksum: 1695186306
testing age>100.0
evaluate ot="age>100.0" t="age>100.0", ctx="{'age': 34.922926005658724}"
testing Ar39<0.5
evaluate ot="Ar39<0.5" t="Ar39<0.5", ctx="{'Ar39': 83.00132135929479}"
GetData ===>> H2,-0.140882336287436,H1,398.690907443699,AX,80.1912561054244,L1,0.955247156473749,L2,0.330015897...
GetData ===>> H2,-0.111921828814935,H1,398.735737815929,AX,80.1465870630542,L1,0.981171328804316,L2,0.341534562...
GetData ===>> H2,-0.159895015822639,H1,398.225913863522,AX,79.941634481527,L1,0.997677438832991,L2,0.3776292576...
Get Checksum: 1695186306
GetData ===>> H2,-0.183687043014195,H1,398.067406053917,AX,79.8802332710256,L1,0.94206337249473,L2,0.2993480688...
GetData ===>> H2,-0.0578520035115045,H1,397.881896907516,AX,79.8487334772488,L1,0.945060509803256,L2,0.32703656...
testing age>100.0
evaluate ot="age>100.0" t="age>100.0", ctx="{'age': 34.93091888651732}"
testing Ar39<0.5
evaluate ot="Ar39<0.5" t="Ar39<0.5", ctx="{'Ar39': 82.99017296923488}"
GetData ===>> H2,-0.077344754637756,H1,397.866177996443,AX,79.6966742303368,L1,0.969038337489801,L2,0.399651299...
Get Checksum: 1695186306
GetData ===>> H2,-0.0940672559834965,H1,397.82993141237,AX,79.7738329836446,L1,0.965493904932532,L2,0.356057588...
GetData ===>> H2,-0.0842354635394024,H1,397.74452991618,AX,79.9311945019405,L1,0.986733060291536,L2,0.388890935...
GetData ===>> H2,-0.133892779893502,H1,397.473644968935,AX,79.7657373708973,L1,1.0046007277393,L2,0.27507870828...
Get Checksum: 1695186306
GetData ===>> H2,-0.113416211060912,H1,397.646928659734,AX,79.6952194386328,L1,1.00272493389298,L2,0.2978988088...
testing age>100.0
evaluate ot="age>100.0" t="age>100.0", ctx="{'age': 34.93073909767534}"
testing Ar39<0.5
evaluate ot="Ar39<0.5" t="Ar39<0.5", ctx="{'Ar39': 82.99494209801334}"
GetData ===>> H2,-0.229959422982422,H1,397.422109014668,AX,79.6135135341387,L1,0.975085602914113,L2,0.260579359...
GetData ===>> H2,-0.22813268719158,H1,397.237008581602,AX,79.620526652288,L1,1.01512468573132,L2,0.310748917726...
Get Checksum: 1695186306
GetData ===>> H2,-0.176571555360288,H1,397.224263352929,AX,79.5874749535763,L1,1.03221890457423,L2,0.3764414905...
GetData ===>> H2,-0.29217157813224,H1,396.757068559351,AX,79.6130394668311,L1,1.00896963173811,L2,0.33866903725...
GetData ===>> H2,-0.202737091264974,H1,396.521286855487,AX,79.6103749121092,L1,0.983247668028544,L2,0.373894693...
Get Checksum: 1695186306
testing age>100.0
evaluate ot="age>100.0" t="age>100.0", ctx="{'age': 34.93738363357289}"
testing Ar39<0.5
evaluate ot="Ar39<0.5" t="Ar39<0.5", ctx="{'Ar39': 83.00064593105093}"
GetData ===>> H2,-0.11811600654914,H1,396.276441278153,AX,79.5465228215977,L1,0.996769699586029,L2,0.3272762806...
GetData ===>> H2,-0.157662342099877,H1,396.111016861531,AX,79.4486229575876,L1,0.947749362976399,L2,0.308557658...
GetData ===>> H2,-0.0804857882232798,H1,396.362755307475,AX,79.616014674994,L1,0.976263982471012,L2,0.301573353...
Get Checksum: 1695186306
GetData ===>> H2,-0.158190497619781,H1,396.213129099506,AX,79.4628916671378,L1,1.01676779760878,L2,0.2377779872...
GetData ===>> H2,-0.192113777382216,H1,396.012164559135,AX,79.6260196945636,L1,1.02953833071424,L2,0.3524837155...
testing age>100.0
evaluate ot="age>100.0" t="age>100.0", ctx="{'age': 34.951085706564996}"
testing Ar39<0.5
evaluate ot="Ar39<0.5" t="Ar39<0.5", ctx="{'Ar39': 82.9924366867373}"
14:33:41 -- collecting point 100
GetData ===>> H2,-0.000582855640141506,H1,395.685162679927,AX,79.3841335240557,L1,1.03356176101316,L2,0.2598607...
Get Checksum: 1695186306
GetData ===>> H2,-0.0779302071687943,H1,395.821792940837,AX,79.4753351039636,L1,0.993912277867628,L2,0.33816672...
GetData ===>> H2,-0.16208269042982,H1,395.496005783438,AX,79.4109677654011,L1,0.934295635044745,L2,0.3135565421...
GetData ===>> H2,-0.0494616260839578,H1,395.363133321434,AX,79.2659422765098,L1,0.927908420243024,L2,0.32868032...
Get Checksum: 1695186306
GetData ===>> H2,-0.0523224299552645,H1,395.32948856009,AX,79.3312970272278,L1,0.897968205366806,L2,0.212291437...
testing age>100.0
evaluate ot="age>100.0" t="age>100.0", ctx="{'age': 34.95285714064045}"
testing Ar39<0.5
evaluate ot="Ar39<0.5" t="Ar39<0.5", ctx="{'Ar39': 82.98889910623068}"
GetData ===>> H2,-0.0937448708847741,H1,395.153555831707,AX,79.2560806347483,L1,0.910124840894237,L2,0.34160306...
Get Checksum: 1695186306
GetData ===>> H2,-0.122801685841429,H1,394.731072849501,AX,79.1691362609465,L1,1.03706912180945,L2,0.3081011521...
GetData ===>> H2,-0.0733257312249987,H1,394.478941853409,AX,79.1200494000923,L1,1.0058770624969,L2,0.3110114157...
GetData ===>> H2,-0.0774382664392272,H1,394.34449886345,AX,79.1335877203833,L1,0.973951363900179,L2,0.324867765...
Get Checksum: 1695186306
GetData ===>> H2,-0.00600604624861984,H1,394.174430505882,AX,79.073142166158,L1,0.948558666118879,L2,0.40048522...
testing age>100.0
evaluate ot="age>100.0" t="age>100.0", ctx="{'age': 34.95350529439425}"
testing Ar39<0.5
evaluate ot="Ar39<0.5" t="Ar39<0.5", ctx="{'Ar39': 82.99605786741205}"
GetData ===>> H2,-0.109342744804646,H1,394.102416439633,AX,79.2245248872395,L1,0.954103938974786,L2,0.196167537...
GetData ===>> H2,-0.23751361421773,H1,394.170534466894,AX,79.3027972914546,L1,0.965802014529165,L2,0.3656951509...
Get Checksum: 1695186306
GetData ===>> H2,-0.195246075839979,H1,394.012105212347,AX,79.2180285380774,L1,0.987124593674341,L2,0.418684796...
GetData ===>> H2,-0.230231321553644,H1,393.966110162301,AX,79.0604490164938,L1,0.974036867694262,L2,0.418559112...
GetData ===>> H2,-0.0938071813226156,H1,393.813655758956,AX,78.9159150080139,L1,0.99013396800764,L2,0.337607330...
Get Checksum: 1695186306
testing age>100.0
evaluate ot="age>100.0" t="age>100.0", ctx="{'age': 34.961880681179544}"
testing Ar39<0.5
evaluate ot="Ar39<0.5" t="Ar39<0.5", ctx="{'Ar39': 82.98382484186222}"
GetData ===>> H2,-0.148495644688792,H1,393.590265255279,AX,78.9487087490179,L1,0.986009202382499,L2,0.267172811...
GetData ===>> H2,-0.202502535282031,H1,393.262508448218,AX,78.8560459332838,L1,0.981935122499245,L2,0.377069634...
GetData ===>> H2,-0.16858110382395,H1,393.084500037188,AX,78.9518874867329,L1,0.967345213042351,L2,0.2188764302...
Get Checksum: 1695186306
GetData ===>> H2,-0.146198004397952,H1,393.012733909123,AX,78.990918625137,L1,0.934471340819676,L2,0.3030112567...
GetData ===>> H2,-0.0674145776446735,H1,392.878455006787,AX,78.9099992804078,L1,0.971076484938561,L2,0.43205391...
testing age>100.0
evaluate ot="age>100.0" t="age>100.0", ctx="{'age': 34.95853472731259}"
testing Ar39<0.5
evaluate ot="Ar39<0.5" t="Ar39<0.5", ctx="{'Ar39': 82.98119659310107}"
GetData ===>> H2,-0.109369824844324,H1,392.761537961804,AX,78.7176038708704,L1,0.987259304656568,L2,0.201975480...
Get Checksum: 1695186306
measurement finished
estimated time: 125.829 actual time: :126.105
flush and close file /Users/jan/PychronDev/data/isotopes/e8/95dc05-feb6-4d6c-9d0d-c2af53ad3be0.h5
baselines () {'settling_time': 15.0, 'detector': 'H1', 'mass': 34.2, 'ncounts': 60.0}
%%%%%%%%%%%%%%%%%%%%%%%%%%%%%%%% Baseline
build tables- baseline [Detector(H2), Detector(H1), Detector(AX), Detector(L1), Detector(L2), Detector(CDD)]
add group baseline table H2
add group baseline table H1
add group baseline table AX
add group baseline table L1
add group baseline table L2
add group baseline table CDD
flush and close file /Users/jan/PychronDev/data/isotopes/e8/95dc05-feb6-4d6c-9d0d-c2af53ad3be0.h5
detector Detector(H1)
POSITION 34.2 H1
Mapping mass to dac mass func: "parabolic"
H1 map mass coeffs = [-0.00063987  0.15840543  0.57074999]
H1 map mass to dac 34.2 >> 5.23979599104
GetDeflection H1 ===>> 0
GetHighVoltage ===>> 4499.94659342336
positioning 34.2 (5.23976513438) on H1
setting magnet DAC
current  : 5.879105
requested: 5.239765
Delta Dac: 0.639340
Checking detector protection. dv=0.63934
Checking detector "CDD". Protection Threshold: 0.1 (V)
ProtectDetector CDD,On ===>> OK
GetDeflection CDD ===>> 2000
SetMagnetDAC 5.23976513438 ===>> OK
Magnet settling time: 0.500
GetMagnetMoving ===>> True
GetMagnetMoving ===>> True
GetMagnetMoving ===>> True
GetMagnetMoving ===>> True
GetMagnetMoving ===>> True
GetMagnetMoving ===>> True
GetMagnetMoving ===>> True
Get Checksum: 1695186306
GetMagnetMoving ===>> True
GetMagnetMoving ===>> False
ProtectDetector CDD,Off ===>> OK
GetDeflection CDD ===>> 50
Delaying 15.0s for detectors to settle
Get Checksum: 1695186306
Get Checksum: 1695186306
Get Checksum: 1695186306
Get Checksum: 1695186306
Get Checksum: 1695186306
Join finished
measuring baseline. ncounts=60.0
starting measurement
GetData ===>> H2,-0.116951049986892,H1,0.00274102577810815,AX,-0.166094224660044,L1,-0.0244061283945364,L2,-0.0...
GetData ===>> H2,-0.166904886091352,H1,-0.115178327383769,AX,-0.0299713967529973,L1,-0.0173425109078111,L2,-0.0...
GetData ===>> H2,-0.168505530907563,H1,-0.0619047142528249,AX,-0.0812755194348012,L1,-0.0375325194447417,L2,-0....
Get Checksum: 1695186306
GetData ===>> H2,-0.20578857180067,H1,-0.0334447454819252,AX,0.0296333077860179,L1,-0.0348066083528346,L2,-0.05...
GetData ===>> H2,-0.137490843762238,H1,-0.0784380631210667,AX,-0.180467258752501,L1,-0.040142710143615,L2,0.048...
Get Checksum: 1695186306
GetData ===>> H2,-0.102852115424831,H1,-0.0714293057437974,AX,-0.103423583114326,L1,-0.0317629834583163,L2,0.00...
GetData ===>> H2,-0.143481028292207,H1,0.00350447892778507,AX,-0.0641539641500159,L1,-0.00547124003286835,L2,-0...
GetData ===>> H2,-0.244718976993069,H1,0.0163766985320503,AX,-0.0776126641115313,L1,-0.0443590298170649,L2,0.00...
Get Checksum: 1695186306
GetData ===>> H2,-0.269264712364313,H1,-0.0266474937134163,AX,-0.0156361911442278,L1,-0.0398360868073046,L2,-0....
GetData ===>> H2,-0.118176889493965,H1,-0.056623479975104,AX,-0.0339375613138067,L1,-0.051186887570562,L2,0.043...
GetData ===>> H2,-0.124373065477058,H1,-0.0781400817283505,AX,-0.0800932204454044,L1,-0.0577611346947114,L2,-0....
Get Checksum: 1695186306
GetData ===>> H2,-0.193760902989427,H1,0.0477589236301813,AX,-0.0488846062658386,L1,-0.0192215912450989,L2,-0.0...
GetData ===>> H2,-0.25101047116395,H1,-0.0222349954700494,AX,-0.126435538506241,L1,-0.0375241331596588,L2,0.062...
GetData ===>> H2,-0.252829871222953,H1,-0.00993860242310947,AX,-0.187595032053973,L1,-0.0709365004197967,L2,-0....
Get Checksum: 1695186306
GetData ===>> H2,-0.181566223756262,H1,0.0103758193058524,AX,-0.10013240542131,L1,-0.046694547667198,L2,-0.0002...
GetData ===>> H2,-0.160371748807129,H1,-0.038238319146333,AX,-0.102496502070348,L1,-0.0515625543241159,L2,0.006...
GetData ===>> H2,-0.213138935269434,H1,0.00119027949334618,AX,-0.0515630040408963,L1,-0.0195944875982964,L2,-0....
Get Checksum: 1695186306
GetData ===>> H2,-0.365645049630307,H1,-0.0931214868512996,AX,0.0132145905582567,L1,-0.0101734128383282,L2,-0.0...
GetData ===>> H2,-0.221422249775201,H1,-0.0125983770640435,AX,0.0361783598964489,L1,-0.026551085848661,L2,0.006...
GetData ===>> H2,-0.100699857252033,H1,-0.0268144492869159,AX,-0.100943621529899,L1,-0.0119345132127113,L2,-0.0...
Get Checksum: 1695186306
GetData ===>> H2,-0.151472024233495,H1,-0.0124791061722139,AX,-0.0292291725657935,L1,-0.0430791129526309,L2,0.0...
GetData ===>> H2,-0.290387272573335,H1,-0.0021974211305452,AX,-0.147626394588138,L1,-0.0676944962260598,L2,-0.0...
GetData ===>> H2,-0.256957060329938,H1,-0.0440689985150343,AX,-0.0963891349043419,L1,-0.073611082553786,L2,-0.0...
Get Checksum: 1695186306
GetData ===>> H2,-0.219292337693141,H1,0.0351809875742461,AX,-0.139394154037625,L1,-0.0224513023134035,L2,-0.06...
14:34:46 -- collecting point 25
GetData ===>> H2,-0.195959968884884,H1,0.00102327748023896,AX,-0.116077356113489,L1,-0.0233802216735611,L2,-0.0...
GetData ===>> H2,-0.149465349606759,H1,-0.0519023212949719,AX,-0.0911158624328076,L1,-0.0513651515715461,L2,0.0...
Get Checksum: 1695186306
GetData ===>> H2,-0.165410656880523,H1,-0.0915006952281193,AX,-0.109495745520023,L1,-0.0262755024024941,L2,0.00...
GetData ===>> H2,-0.19741794576244,H1,-0.0575653006389619,AX,-0.051365895029239,L1,-0.0212813411693814,L2,0.011...
GetData ===>> H2,-0.230026725218357,H1,-0.0147690824634726,AX,-0.0105789319773354,L1,-0.0263857366871466,L2,-0....
GetData ===>> H2,-0.259223011494407,H1,-0.0117038419112923,AX,-0.0231056070362699,L1,-0.0217452662234181,L2,-0....
Get Checksum: 1695186306
GetData ===>> H2,-0.320911710266878,H1,-0.0258723391883596,AX,0.0323603593589525,L1,-0.0119165321247845,L2,-0.0...
GetData ===>> H2,-0.276868804739734,H1,-0.00828068023002155,AX,0.0333235490200682,L1,-0.0601221553752295,L2,-0....
GetData ===>> H2,-0.153268647255739,H1,-0.0534760656029974,AX,-0.052397814252345,L1,-0.0816429784638875,L2,-0.0...
Get Checksum: 1695186306
GetData ===>> H2,-0.183152828267616,H1,-0.00146979087591852,AX,-0.117931250550513,L1,-0.0556377763271094,L2,-0....
GetData ===>> H2,-0.203970452178431,H1,-0.0643842946910887,AX,-0.0713530352236445,L1,-0.00651355859204587,L2,0....
GetData ===>> H2,-0.252059385047926,H1,-0.0195158456257836,AX,-0.0531398617616097,L1,-0.00182647485138545,L2,-0...
Get Checksum: 1695186306
GetData ===>> H2,-0.179152161696999,H1,-0.00616947337224156,AX,-0.0790268207990148,L1,0.00556655871192059,L2,-0...
GetData ===>> H2,-0.203099699850929,H1,0.0421619049656876,AX,0.00479164503153183,L1,-0.0358299601020566,L2,0.01...
GetData ===>> H2,-0.238113534680311,H1,-0.0174645082619883,AX,-0.0974205767590737,L1,-0.0323773086722152,L2,-0....
Get Checksum: 1695186306
GetData ===>> H2,-0.1358873380625,H1,-0.000861440209942543,AX,-0.0243349901170386,L1,-0.0256883646609821,L2,-0....
GetData ===>> H2,-0.0419048340853301,H1,-0.0189553099392058,AX,-0.0729991248067665,L1,-0.0797126473459632,L2,-0...
GetData ===>> H2,-0.202923114965545,H1,0.0185361486522819,AX,-0.127246535311483,L1,-0.019694004224185,L2,-0.006...
Get Checksum: 1695186306
GetData ===>> H2,-0.17396470793904,H1,0.0360520840193114,AX,-0.132575774689371,L1,-0.0165317718415789,L2,-0.012...
GetData ===>> H2,-0.278050605958509,H1,0.0315176923317618,AX,0.0384297738553891,L1,-0.026702054448022,L2,-0.001...
GetData ===>> H2,-0.246347003624478,H1,0.0296204683299496,AX,-0.102948455182905,L1,-0.0225783595740256,L2,-0.08...
Get Checksum: 1695186306
GetData ===>> H2,-0.180891579641008,H1,-0.0322284290779738,AX,-0.0463916589832097,L1,-0.0119225258243308,L2,-0....
GetData ===>> H2,-0.259556280278359,H1,0.0307659577663212,AX,-0.0764303206138424,L1,-0.0342416097600314,L2,-0.0...
GetData ===>> H2,-0.146701877189179,H1,-0.0172021248688424,AX,-0.00839819786131287,L1,-0.0274640518372997,L2,-0...
Get Checksum: 1695186306
GetData ===>> H2,-0.188133807072152,H1,-0.0958505545981534,AX,0.0162196469602303,L1,-0.0102177738126861,L2,-0.0...
14:35:13 -- collecting point 50
GetData ===>> H2,-0.154237514156319,H1,-0.082812327838133,AX,-0.0764766872961736,L1,-0.0236666711121684,L2,-0.0...
Get Checksum: 1695186306
GetData ===>> H2,-0.168124959631324,H1,-0.0280189062435763,AX,-0.0830141683215825,L1,-0.0606569876422587,L2,-0....
GetData ===>> H2,-0.158622729348549,H1,-0.01277728313529,AX,-0.0469598246803293,L1,0.00129025778622199,L2,-0.09...
GetData ===>> H2,-0.179416667610165,H1,0.000558059055611038,AX,-0.0562587183278841,L1,-0.0147085696507837,L2,0....
Get Checksum: 1695186306
GetData ===>> H2,-0.216662882087849,H1,-0.0565400270837067,AX,-0.108603485866913,L1,0.0126901838650587,L2,0.015...
testing age>100.0
evaluate ot="age>100.0" t="age>100.0", ctx="{'age': 34.94881888300255}"
GetData ===>> H2,-0.257724524167507,H1,-0.0325623213274671,AX,-0.0139659327737837,L1,-0.0309234647234899,L2,-0....
GetData ===>> H2,-0.174832823717992,H1,0.052723705238056,AX,-0.0499977155919061,L1,-0.0469375252640169,L2,-0.15...
Get Checksum: 1695186306
GetData ===>> H2,-0.134183533932314,H1,-0.0336355388707908,AX,-0.142188556053523,L1,-0.0203054703181834,L2,0.09...
GetData ===>> H2,-0.211633146581752,H1,-0.0506385390097062,AX,-0.107039114775632,L1,-0.0327389406610174,L2,-0.0...
GetData ===>> H2,-0.144798390391242,H1,-0.00974776385700411,AX,-0.0653480498198341,L1,-0.00423207193165006,L2,-...
Get Checksum: 1695186306
testing age>100.0
evaluate ot="age>100.0" t="age>100.0", ctx="{'age': 34.94842768083923}"
GetData ===>> H2,-0.17097623416283,H1,-0.0567546200924028,AX,-0.0946275460019147,L1,-0.0104467692463434,L2,-0.0...
measurement finished
estimated time: 62.915 actual time: :63.065
flush and close file /Users/jan/PychronDev/data/isotopes/e8/95dc05-feb6-4d6c-9d0d-c2af53ad3be0.h5
activate_detectors ('H1', 'AX', 'CDD') {'peak_center': True}
peak_center () {'detector': 'H1', 'isotope': 'Ar40'}
peak center: mean=393.455240622 threshold=3
peak center started
setup peak center. detector=['H1', 'AX', 'CDD'], isotope=Ar40
VersionedUnpickler [<apptools.sweet_pickle.versioned_unpickler.VersionedUnpickler object at 0x13a3701d0>] using Updater [<apptools.sweet_pickle.updater.Updater object at 0x137c6f7d0>]
VersionedUnpickler [<apptools.sweet_pickle.versioned_unpickler.VersionedUnpickler object at 0x13a3701d0>] using Updater [<apptools.sweet_pickle.updater.Updater object at 0x137c6f7d0>]
VersionedUnpickler [<apptools.sweet_pickle.versioned_unpickler.VersionedUnpickler object at 0x138d757d0>] using Updater [<apptools.sweet_pickle.updater.Updater object at 0x137c6f7d0>]
setting integration time = 0.524288
SetIntegrationTime 0.524288 ===>> OK
Mapping mass to dac mass func: "parabolic"
H1 map mass coeffs = [-0.00063987  0.15840543  0.57074999]
H1 map mass to dac 39.9624 >> 5.87914
GetDeflection H1 ===>> 0
GetHighVoltage ===>> 4499.94659342336
do peak center. <pychron.spectrometer.jobs.peak_center.PeakCenter object at 0x13a1fcef0>
doing pc
starting peak center. center dac= 5.8791053783 step_width=0.001
width = 0.001
get scan parameters. half-width=0.015,window=0.015, i=0, scalar=1
Scan parameters center=5.87911 width=0.03000 (5.86411 - 5.89411)
GetData ===>> H2,-0.123625267356893,H1,0.0325438787868616,AX,-0.0157057846209892,L1,-0.0138714876079435,L2,0.04...
Moving to starting dac 5.8641053783
setting magnet DAC
current  : 5.239765
requested: 5.864105
Delta Dac: 0.624340
Checking detector protection. dv=0.62434
Checking detector "CDD". Protection Threshold: 0.1 (V)
ProtectDetector CDD,On ===>> OK
GetDeflection CDD ===>> 2000
SetMagnetDAC 5.8641053783 ===>> OK
Magnet settling time: 0.500
GetMagnetMoving ===>> True
GetMagnetMoving ===>> True
GetMagnetMoving ===>> True
GetMagnetMoving ===>> True
Get Checksum: 1695186306
GetMagnetMoving ===>> True
GetMagnetMoving ===>> True
GetMagnetMoving ===>> True
GetMagnetMoving ===>> True
GetMagnetMoving ===>> False
ProtectDetector CDD,Off ===>> OK
GetDeflection CDD ===>> 50
Wait until signal near baseline. tol= 0.0244079090901. timeout= 10
GetData ===>> H2,1.28002670905284,H1,0.597904957722206,AX,-0.0412780184343292,L1,0.0130572815446479,L2,-0.00853...
GetData ===>> H2,19.4313173690957,H1,10.7919322483578,AX,0.783523305797682,L1,-0.00988326326569801,L2,-0.030443...
GetData ===>> H2,22.1154573542761,H1,12.8444465882281,AX,1.69633129125025,L1,-0.0349108655803628,L2,-0.22830822...
GetData ===>> H2,11.8998772779021,H1,6.10741544786359,AX,0.722961815450001,L1,-0.0205437627666664,L2,-0.2344766...
Get Checksum: 1695186306
GetData ===>> H2,4.91562344268584,H1,3.11047044154706,AX,0.220353650577127,L1,-0.00989045715786858,L2,-0.128874...
GetData ===>> H2,1.68112485947886,H1,1.67347151667683,AX,0.0322443130550521,L1,0.00640300358997486,L2,-0.092825...
GetData ===>> H2,0.472311438843328,H1,1.04546837393402,AX,0.0133306141802808,L1,-0.0200934126322683,L2,0.068595...
GetData ===>> H2,0.109916507003366,H1,0.688273051762578,AX,0.0384181684952955,L1,-0.0237124120245184,L2,0.06533...
GetData ===>> H2,-0.0243003241456891,H1,0.559610366357721,AX,0.0972096822006233,L1,-0.0410230025049486,L2,-0.00...
GetData ===>> H2,-0.00164303071560618,H1,0.43671642374592,AX,-0.0352711768282133,L1,-0.0424672335446594,L2,-0.1...
Get Checksum: 1695186306
GetData ===>> H2,0.054907849963561,H1,0.433009541630125,AX,0.0405767892725954,L1,-0.0306713136262869,L2,-0.0489...
GetData ===>> H2,0.0293362875552777,H1,0.33899620891702,AX,-0.0471453474548317,L1,-0.0382321505872299,L2,-0.096...
GetData ===>> H2,0.0191407526875963,H1,0.351397193400449,AX,0.0276257824649402,L1,-0.0297475674410227,L2,-0.138...
GetData ===>> H2,-0.0405044219273266,H1,0.347526201226933,AX,0.0547751273574578,L1,-0.0163029653941598,L2,-0.09...
GetData ===>> H2,-0.169836080340322,H1,0.261685938515499,AX,0.00377073146051419,L1,-0.0331645260146678,L2,-0.02...
GetData ===>> H2,-0.102237805119716,H1,0.254309112644324,AX,0.0817030504279924,L1,-0.0329468132941722,L2,-0.144...
Get Checksum: 1695186306
GetData ===>> H2,-0.108926940126927,H1,0.297646785134842,AX,-0.00602021401731203,L1,-0.023470547307403,L2,-0.01...
GetData ===>> H2,-0.0545008014637621,H1,0.379454405294211,AX,-0.0409069501604361,L1,0.0115797721850304,L2,0.012...
GetData ===>> H2,-0.0483076264492914,H1,0.315703708027626,AX,-0.0554703179299784,L1,0.0025890810892759,L2,0.020...
GetData ===>> H2,-0.0625246829309158,H1,0.308131824566815,AX,-0.0216326464817641,L1,-0.0241051304637658,L2,0.05...
GetData ===>> H2,-0.0625246829309158,H1,0.308131824566815,AX,-0.0216326464817641,L1,-0.0241051304637658,L2,0.05...
Peak center failed to move to a baseline position
_do_sweep sm= 5.8641053783, em= 5.8941053783, stm= 0.001
calculated step values: start=5.8641053783, end=5.8941053783, width=0.001, nsteps=31.0
setting magnet DAC
current  : 5.864105
requested: 5.864105
Delta Dac: 0.000000
Checking detector protection. dv=0.00000
Checking detector "CDD". Protection Threshold: 0.1 (V)
SetMagnetDAC 5.8641053783 ===>> OK
GetData ===>> H2,-0.0950224282388511,H1,0.332736564175584,AX,-0.127026408275706,L1,0.0140096223596834,L2,-0.007...
setting magnet DAC
current  : 5.864105
requested: 5.865140
Delta Dac: 0.001034
Checking detector protection. dv=0.00103
Checking detector "CDD". Protection Threshold: 0.1 (V)
SetMagnetDAC 5.86513986105 ===>> OK
Magnet settling time: 1.049
Get Checksum: 1695186306
GetData ===>> H2,-0.131640232556116,H1,0.740885679363479,AX,0.0103372489705726,L1,0.00481019294073238,L2,-0.011...
setting magnet DAC
current  : 5.865140
requested: 5.866174
Delta Dac: 0.001034
Checking detector protection. dv=0.00103
Checking detector "CDD". Protection Threshold: 0.1 (V)
SetMagnetDAC 5.86617434381 ===>> OK
Magnet settling time: 1.049
GetData ===>> H2,-0.182100539020273,H1,3.0064103425582,AX,0.337007196389269,L1,-0.0389604819555926,L2,0.0523935...
setting magnet DAC
current  : 5.866174
requested: 5.867209
Delta Dac: 0.001034
Checking detector protection. dv=0.00103
Checking detector "CDD". Protection Threshold: 0.1 (V)
SetMagnetDAC 5.86720882657 ===>> OK
Magnet settling time: 1.049
GetData ===>> H2,-0.200236258310802,H1,11.9057853804564,AX,1.47955886858355,L1,-0.0703793428582696,L2,-0.042850...
setting magnet DAC
current  : 5.867209
requested: 5.868243
Delta Dac: 0.001034
Checking detector protection. dv=0.00103
Checking detector "CDD". Protection Threshold: 0.1 (V)
SetMagnetDAC 5.86824330933 ===>> OK
Magnet settling time: 1.049
Get Checksum: 1695186306
GetData ===>> H2,-0.198186646085816,H1,39.5895551205637,AX,5.32957344636733,L1,-0.000387641148329756,L2,-0.0401...
setting magnet DAC
current  : 5.868243
requested: 5.869278
Delta Dac: 0.001034
Checking detector protection. dv=0.00103
Checking detector "CDD". Protection Threshold: 0.1 (V)
SetMagnetDAC 5.86927779209 ===>> OK
Magnet settling time: 1.049
GetData ===>> H2,-0.184300101184453,H1,101.001517636254,AX,14.529908903077,L1,0.0765089695358752,L2,0.005921311...
setting magnet DAC
current  : 5.869278
requested: 5.870312
Delta Dac: 0.001034
Checking detector protection. dv=0.00103
Checking detector "CDD". Protection Threshold: 0.1 (V)
SetMagnetDAC 5.87031227485 ===>> OK
Magnet settling time: 1.049
GetData ===>> H2,-0.118576002936087,H1,193.239341789706,AX,30.9280218922442,L1,0.208280368300588,L2,0.092642184...
setting magnet DAC
current  : 5.870312
requested: 5.871347
Delta Dac: 0.001034
Checking detector protection. dv=0.00103
Checking detector "CDD". Protection Threshold: 0.1 (V)
SetMagnetDAC 5.87134675761 ===>> OK
Magnet settling time: 1.049
Get Checksum: 1695186306
GetData ===>> H2,-0.133723818106646,H1,282.016595303058,AX,49.4002172356768,L1,0.309693372312029,L2,0.024598619...
setting magnet DAC
current  : 5.871347
requested: 5.872381
Delta Dac: 0.001034
Checking detector protection. dv=0.00103
Checking detector "CDD". Protection Threshold: 0.1 (V)
SetMagnetDAC 5.87238124036 ===>> OK
Magnet settling time: 1.049
GetData ===>> H2,-0.182812208837487,H1,339.482066715335,AX,63.6680449720135,L1,0.487238467583487,L2,0.107460494...
setting magnet DAC
current  : 5.872381
requested: 5.873416
Delta Dac: 0.001034
Checking detector protection. dv=0.00103
Checking detector "CDD". Protection Threshold: 0.1 (V)
SetMagnetDAC 5.87341572312 ===>> OK
Magnet settling time: 1.049
GetData ===>> H2,-0.191882079379632,H1,365.111043853804,AX,71.3981774018212,L1,0.673709472228998,L2,0.180673805...
setting magnet DAC
current  : 5.873416
requested: 5.874450
Delta Dac: 0.001034
Checking detector protection. dv=0.00103
Checking detector "CDD". Protection Threshold: 0.1 (V)
SetMagnetDAC 5.87445020588 ===>> OK
Magnet settling time: 1.049
Get Checksum: 1695186306
GetData ===>> H2,-0.071876365695763,H1,373.506805401484,AX,73.9986384449514,L1,0.817423189817266,L2,0.283319998...
setting magnet DAC
current  : 5.874450
requested: 5.875485
Delta Dac: 0.001034
Checking detector protection. dv=0.00103
Checking detector "CDD". Protection Threshold: 0.1 (V)
SetMagnetDAC 5.87548468864 ===>> OK
Magnet settling time: 1.049
GetData ===>> H2,-0.145804312806724,H1,375.811527859849,AX,75.1696269208629,L1,0.870709167790532,L2,0.441597983...
setting magnet DAC
current  : 5.875485
requested: 5.876519
Delta Dac: 0.001034
Checking detector protection. dv=0.00103
Checking detector "CDD". Protection Threshold: 0.1 (V)
SetMagnetDAC 5.8765191714 ===>> OK
Magnet settling time: 1.049
Get Checksum: 1695186306
GetData ===>> H2,-0.239343476831969,H1,376.231431477345,AX,75.2283718450978,L1,0.915326618362243,L2,0.295563121...
setting magnet DAC
current  : 5.876519
requested: 5.877554
Delta Dac: 0.001034
Checking detector protection. dv=0.00103
Checking detector "CDD". Protection Threshold: 0.1 (V)
SetMagnetDAC 5.87755365416 ===>> OK
Magnet settling time: 1.049
GetData ===>> H2,-0.122052431703738,H1,375.895629586905,AX,75.3126544664017,L1,0.931989140918296,L2,0.212416970...
setting magnet DAC
current  : 5.877554
requested: 5.878588
Delta Dac: 0.001034
Checking detector protection. dv=0.00103
Checking detector "CDD". Protection Threshold: 0.1 (V)
SetMagnetDAC 5.87858813692 ===>> OK
Magnet settling time: 1.049
GetData ===>> H2,-0.127699020771053,H1,375.947251188262,AX,75.2493893578152,L1,0.981675904608158,L2,0.327991017...
setting magnet DAC
current  : 5.878588
requested: 5.879623
Delta Dac: 0.001034
Checking detector protection. dv=0.00103
Checking detector "CDD". Protection Threshold: 0.1 (V)
SetMagnetDAC 5.87962261968 ===>> OK
Magnet settling time: 1.049
Get Checksum: 1695186306
GetData ===>> H2,-0.13219967636631,H1,375.913682366336,AX,75.1811101152224,L1,0.950754402239573,L2,0.2461798768...
setting magnet DAC
current  : 5.879623
requested: 5.880657
Delta Dac: 0.001034
Checking detector protection. dv=0.00103
Checking detector "CDD". Protection Threshold: 0.1 (V)
SetMagnetDAC 5.88065710243 ===>> OK
Magnet settling time: 1.049
GetData ===>> H2,-0.121319359037234,H1,375.466006969943,AX,75.1268228395577,L1,0.930062011818807,L2,0.340011738...
setting magnet DAC
current  : 5.880657
requested: 5.881692
Delta Dac: 0.001034
Checking detector protection. dv=0.00103
Checking detector "CDD". Protection Threshold: 0.1 (V)
SetMagnetDAC 5.88169158519 ===>> OK
Magnet settling time: 1.049
GetData ===>> H2,-0.246925502009704,H1,375.239569907542,AX,75.2393943832117,L1,0.896460888966738,L2,0.232709812...
setting magnet DAC
current  : 5.881692
requested: 5.882726
Delta Dac: 0.001034
Checking detector protection. dv=0.00103
Checking detector "CDD". Protection Threshold: 0.1 (V)
SetMagnetDAC 5.88272606795 ===>> OK
Magnet settling time: 1.049
Get Checksum: 1695186306
GetData ===>> H2,-0.126333604209563,H1,374.453883763668,AX,74.917404184684,L1,0.919474112273637,L2,0.3900724725...
setting magnet DAC
current  : 5.882726
requested: 5.883761
Delta Dac: 0.001034
Checking detector protection. dv=0.00103
Checking detector "CDD". Protection Threshold: 0.1 (V)
SetMagnetDAC 5.88376055071 ===>> OK
Magnet settling time: 1.049
GetData ===>> H2,-0.157666394537717,H1,372.096384519497,AX,73.5977383024587,L1,0.939254173035194,L2,0.249970100...
setting magnet DAC
current  : 5.883761
requested: 5.884795
Delta Dac: 0.001034
Checking detector protection. dv=0.00103
Checking detector "CDD". Protection Threshold: 0.1 (V)
SetMagnetDAC 5.88479503347 ===>> OK
Magnet settling time: 1.049
GetData ===>> H2,-0.076512601269136,H1,361.632573511673,AX,69.9260427827982,L1,0.88662791411569,L2,0.3583536574...
setting magnet DAC
current  : 5.884795
requested: 5.885830
Delta Dac: 0.001034
Checking detector protection. dv=0.00103
Checking detector "CDD". Protection Threshold: 0.1 (V)
SetMagnetDAC 5.88582951623 ===>> OK
Magnet settling time: 1.049
Get Checksum: 1695186306
GetData ===>> H2,-0.237514749267102,H1,331.152744269565,AX,60.2220404068347,L1,0.808101073888576,L2,0.131949929...
setting magnet DAC
current  : 5.885830
requested: 5.886864
Delta Dac: 0.001034
Checking detector protection. dv=0.00103
Checking detector "CDD". Protection Threshold: 0.1 (V)
SetMagnetDAC 5.88686399899 ===>> OK
Magnet settling time: 1.049
GetData ===>> H2,-0.198429382706188,H1,268.107434964484,AX,43.9739717891549,L1,0.60708310929124,L2,0.0505479080...
setting magnet DAC
current  : 5.886864
requested: 5.887898
Delta Dac: 0.001034
Checking detector protection. dv=0.00103
Checking detector "CDD". Protection Threshold: 0.1 (V)
SetMagnetDAC 5.88789848174 ===>> OK
Magnet settling time: 1.049
Get Checksum: 1695186306
GetData ===>> H2,-0.214193406700213,H1,178.228526003266,AX,25.32577821073,L1,0.42356864130501,L2,0.011888543073...
setting magnet DAC
current  : 5.887898
requested: 5.888933
Delta Dac: 0.001034
Checking detector protection. dv=0.00103
Checking detector "CDD". Protection Threshold: 0.1 (V)
SetMagnetDAC 5.8889329645 ===>> OK
Magnet settling time: 1.049
GetData ===>> H2,-0.097844735318048,H1,56.5766694203965,AX,6.01140306316778,L1,0.191069582570481,L2,0.154324248...
setting magnet DAC
current  : 5.888933
requested: 5.889967
Delta Dac: 0.001034
Checking detector protection. dv=0.00103
Checking detector "CDD". Protection Threshold: 0.1 (V)
SetMagnetDAC 5.88996744726 ===>> OK
Magnet settling time: 1.049
GetData ===>> H2,-0.12781257276942,H1,19.2664816505804,AX,1.49351639868926,L1,0.116881187670601,L2,-0.001024805...
setting magnet DAC
current  : 5.889967
requested: 5.891002
Delta Dac: 0.001034
Checking detector protection. dv=0.00103
Checking detector "CDD". Protection Threshold: 0.1 (V)
SetMagnetDAC 5.89100193002 ===>> OK
Magnet settling time: 1.049
Get Checksum: 1695186306
GetData ===>> H2,-0.202307068247542,H1,5.5245964351309,AX,0.229452390416548,L1,0.117001891395969,L2,0.120981353...
setting magnet DAC
current  : 5.891002
requested: 5.892036
Delta Dac: 0.001034
Checking detector protection. dv=0.00103
Checking detector "CDD". Protection Threshold: 0.1 (V)
SetMagnetDAC 5.89203641278 ===>> OK
Magnet settling time: 1.049
GetData ===>> H2,-0.155253586852606,H1,1.28406439348809,AX,-0.07842406800284,L1,0.0188686809059397,L2,-0.147945...
setting magnet DAC
current  : 5.892036
requested: 5.893071
Delta Dac: 0.001034
Checking detector protection. dv=0.00103
Checking detector "CDD". Protection Threshold: 0.1 (V)
SetMagnetDAC 5.89307089554 ===>> OK
Magnet settling time: 1.049
GetData ===>> H2,-0.206401733787913,H1,0.215261565015568,AX,-0.066391413652372,L1,-0.00875375841900927,L2,-0.02...
setting magnet DAC
current  : 5.893071
requested: 5.894105
Delta Dac: 0.001034
Checking detector protection. dv=0.00103
Checking detector "CDD". Protection Threshold: 0.1 (V)
SetMagnetDAC 5.8941053783 ===>> OK
Magnet settling time: 1.049
Get Checksum: 1695186306
GetData ===>> H2,-0.23693149565121,H1,0.0186673874538858,AX,-0.0851005059764418,L1,-0.0373456234318809,L2,-0.11...
result of _do_sweep=True
result of _calculate_peak_center=([5.871289747033309, 5.8789851378148725, 5.8866805285964361], [277.12406129177987, 376.22133723214148, 279.2888174765244], 5.8765502680753938, 376.22133723214148)
Failed to find a valid peak. No peak greater than 1.0. max = 0.0351120294268
new center pos Detector(H1) (Ar40) @ 5.87898513781
GetHighVoltage ===>> 4499.94659342336
GetDeflection H1 ===>> 0
dac uncorrected for HV and deflection 5.87901975881
update mftable H1 Ar40 5.87901975881 message=automated run peakcenter
get initial guess parabolic
get initial guess parabolic
get initial guess parabolic
get initial guess parabolic
get initial guess parabolic
get initial guess parabolic
dump mftable to /Users/jan/PychronDev/setupfiles/spectrometer/mftables/mftable.csv
add to repo msg=modified - automated run peakcenter
sweep finished
locally archiving mftable
setting magnet DAC
current  : 5.894105
requested: 5.878985
Delta Dac: 0.015120
Checking detector protection. dv=0.01512
Checking detector "CDD". Protection Threshold: 0.1 (V)
SetMagnetDAC 5.87898513781 ===>> OK
Magnet settling time: 0.500
setting integration time = 1.048576
SetIntegrationTime 1.048576 ===>> OK
Failed to find a valid peak. No peak greater than 1.0. max = 0.0351120294268
flush and close file /Users/jan/PychronDev/data/isotopes/e8/95dc05-feb6-4d6c-9d0d-c2af53ad3be0.h5
finished measure script
executed 278.04
jan_co2_whiff_120_60_large.py completed successfully
Measurement Finished
14:36:11 -- ******* Measurement Finished *******
Post Measurement Started jan_pump_ms.py
14:36:11 -- ******* Post Measurement Started jan_pump_ms.py *******
testing...
no interpolation path defined
executed 0
Pumping spectrometer
open () {'name': 'O'}
opening name=O desc=---
checking ownership. requestor=129.138.12.150
check software interlocks O
interlocks []
actuate state mode=None-script, software_lock=False
doing actuation None-script open_channel True
Open O ===>> OK
GetValveState O ===>> OK
change switch state (True, True)
update switch state O True args=() kw={} ncanvase=3
14:36:11 -- OPEN   VALVE-O (Jan Ion Pump)
---------------------------------------- open O () result=[(True, True)], time=0.08 sec
action=open, ok=True, locked=[False]
executed 0
jan_pump_ms.py completed successfully
setting _ms_pumptime
Post Measurement Finished
14:36:11 -- ******* Post Measurement Finished *******
$$$$$$$$$$$$$$$$$$$$ state at run end measurement
state changed from measurement to success
post measurement save measured=True aborted=False
Set filtering
setting fod for Ar40= {'filter_outliers': True, 'std_devs': 2, 'iterations': 1}
setting fod for H1= {'filter_outliers': True, 'std_devs': 2, 'iterations': 1}
setting fod for PM41= {'filter_outliers': False, 'std_devs': 2, 'iterations': 1}
setting fod for H2= {'filter_outliers': True, 'std_devs': 2, 'iterations': 1}
setting fod for Ar36= {'filter_outliers': True, 'std_devs': 2, 'iterations': 1}
setting fod for CDD= {'filter_outliers': True, 'std_devs': 10, 'iterations': 1}
setting fod for Ar37= {'filter_outliers': True, 'std_devs': 2, 'iterations': 1}
setting fod for L2= {'filter_outliers': True, 'std_devs': 2, 'iterations': 1}
setting fod for Ar38= {'filter_outliers': True, 'std_devs': 2, 'iterations': 1}
setting fod for L1= {'filter_outliers': True, 'std_devs': 2, 'iterations': 1}
setting fod for Ar39= {'filter_outliers': True, 'std_devs': 2, 'iterations': 1}
setting fod for AX= {'filter_outliers': True, 'std_devs': 2, 'iterations': 1}
persistence save...
persistence save - db
post measurement save
5219258928 connecting to database sqlite:////Users/jan/PychronDev/.appdata/local_lab.db
connected to db sqlite:////Users/jan/PychronDev/.appdata/local_lab.db
create new session 5219258928
close session 5219258928
No database instance. Not saving post measurement to isotopedb database
$$$$$$$$$$$$$$$ auto_save_detector_ic=False
massspec enabled True
create new session 5054761584
MassSpec Database Version: 16.0
close session 5054761584
saving post measurement to secondary database
saving to massspec database 129.138.12.160/massspecdata
setting labnumber to 65511
setting aliquot to 15
setting step to 
setting uuid to e895dc05-feb6-4d6c-9d0d-c2af53ad3be0
setting irradpos to 65511
setting extract_device to Fusions CO2
setting tray to 
setting position to 154
setting power_requested to 5.0
setting extract_value to 5.0
setting duration to 30.0
setting duration_at_request to 30.0
setting first_stage_delay to 30.0
setting cleanup to 30.0
setting comment to F:9 DS
setting irradiation to NM-289
setting level to F
setting irradiation_level to F
setting sample to TRC-23-djk
setting material to SandforDetrital
setting project to IR959
setting mass_spectrometer to Jan
no attribute chron_dosages
no attribute production_ratios
no attribute interference_corrections
no attribute production_name
no attribute j
Reference Isotope=Ar40
Reference Detector=H1
%%%%%%%%%%%%%%%%%%%% Comment: F:9 DS %%%%%%%%%%%%%%%%%%%
adding isotope PM41 H2
add baseline dbdet= PM41. original det= H2
get baseline data PM41 H2
Get data baseline <pychron.processing.isotope.Baseline object at 0x13baac2d0> len t=60
baseline PM41. v=-0.192320623118, e=0.00643895362424
get signal data PM41 H2
Get data signal PM41 0.11+/-0.08 len t=120
adding isotope Ar40 H1
add baseline dbdet= Ar40. original det= H1
get baseline data Ar40 H1
Get data baseline <pychron.processing.isotope.Baseline object at 0x13baac410> len t=60
Get Checksum: 192129876
baseline Ar40. v=-0.0213710432972, e=0.00480735107627
get signal data Ar40 H1
Get data signal Ar40 413.89+/-0.04 len t=120
adding isotope Ar39 AX
add baseline dbdet= Ar39. original det= AX
get baseline data Ar39 AX
Get data baseline <pychron.processing.isotope.Baseline object at 0x13baac5d0> len t=60
baseline Ar39. v=-0.0637923317435, e=0.00674311779302
get signal data Ar39 AX
Get data signal Ar39 83.040+/-0.021 len t=120
adding isotope Ar38 L1
add baseline dbdet= Ar38. original det= L1
get baseline data Ar38 L1
Get data baseline <pychron.processing.isotope.Baseline object at 0x13baac790> len t=60
baseline Ar38. v=-0.0289193345221, e=0.00238181634644
get signal data Ar38 L1
Get data signal Ar38 1.080+/-0.007 len t=120
adding isotope Ar37 L2
add baseline dbdet= Ar37. original det= L2
get baseline data Ar37 L2
Get data baseline <pychron.processing.isotope.Baseline object at 0x13baac950> len t=60
baseline Ar37. v=-0.0241118082156, e=0.0058363457611
get signal data Ar37 L2
Get data signal Ar37 0.361+/-0.012 len t=120
adding isotope Ar36 CDD
add baseline dbdet= Ar36. original det= CDD
get baseline data Ar36 CDD
Get data baseline <pychron.processing.isotope.Baseline object at 0x13baacb10> len t=60
baseline Ar36. v=8.18759766815e-05, e=1.51883614114e-05
get signal data Ar36 CDD
Get data signal Ar36 0.0284+/-0.0004 len t=120
65511-15 added analysis time 0.561851024628s
analysis added to mass spec database
mass spec save time= 0.570
persistence save - dvc
================= post measurement started
create new session 4983039568
close session 4983039568
---------------- Experiment Queue saving disabled
DVC saving peakcenter
Failed to find a valid peak. No peak greater than 1.0. max = 0.0351120294268
Smart pull ahead: 0 behind: 0
Up-to-date with origin
add to repo msg=modified - ad8224ebc6dbfeb9f5997218dfa5fe690569839d.json
add to repo msg=modified - 11-15.json
add to repo msg=modified - 11-15.dat.json
add to repo msg=modified - 11-15.blan.json
add to repo msg=modified - 11-15.inte.json
add to repo msg=modified - 11-15.icfa.json
add to repo msg=modified - 11-15.base.json
not at valid file /Users/jan/PychronDev/data/.dvc/repositories/IR959/655/tags/11-15.tags.json
add to repo msg=modified - 11-15.peak.json
add to repo msg=modified - 11-15.extr.json
Get Checksum: 192129876
not at valid file /Users/jan/PychronDev/data/.dvc/repositories/IR959/655/monitor/11-15.moni.json
commit message=<COLLECTION>
add to repo msg=modified - 11-15.inte.json
add to repo msg=modified - 11-15.base.json
commit message=<ISOEVO> default collection fits
add to repo msg=modified - 11-15.blan.json
commit message=<BLANKS> preceding bu-FC-J-7450
add to repo msg=modified - 11-15.icfa.json
commit message=<ICFactor> default
Get Checksum: 192129876
push repository <pychron.git_archive.repo_manager.GitRepoManager object at 0x12bee8710>
pushing to remote=origin, url=https://github.com
Get Checksum: 192129876
no changes to meta repo
create new session 4983039568
add association IR959
get identifier "65511"
setting analysis irradiation position=<pychron.dvc.dvc_orm.IrradiationPositionTbl object at 0x13ce0ed50>
close session 4983039568
================= post measurement finished
14:36:23 -- ******* Post Run Check *******
loading queue conditionals post_run_actions
loading system conditionals post_run_actions
loading conditionals from /Users/jan/PychronDev/setupfiles/spectrometer/default_conditionals.yaml
loading queue conditionals post_run_terminations
loading system conditionals post_run_terminations
loading conditionals from /Users/jan/PychronDev/setupfiles/spectrometer/default_conditionals.yaml
Checking default post run terminations n=1
GetDeflection CDD ===>> 50
testing CDD==2000
evaluate ot="CDD.deflection==2000" t="CDD==2000", ctx="{'CDD': 50.0}"
14:36:23 -- ******* Post Run Check Passed *******
14:36:23 -- Automated run 65511-15 success duration: 380.609 s
----------------- finish -----------------
----------------- stop -----------------
retroactive repository identifiers disabled
finish run. runs completed=6
update duration runid=65511-15, duration=380.60869503, md5=3d9034cf
loading script "jan_co2_whiff_120_60_large.py"
loading script "jan_pump_ms.py"
loading script "jan_co2.py"
loading script "jan_pump_extraction_line.py"
testing...
no interpolation path defined
executed 266.04
script duration name:co2_whiff_120_60_large seconds:266.0
loading script "jan_co2_whiff_120_60_large.py"
loading script "jan_pump_ms.py"
loading script "jan_co2.py"
loading script "jan_pump_extraction_line.py"
testing...
no interpolation path defined
executed 0
loading script "jan_co2_whiff_120_60_large.py"
loading script "jan_pump_ms.py"
loading script "jan_co2.py"
loading script "jan_pump_extraction_line.py"
testing...
no interpolation path defined
calculate duration
testing...
no interpolation path defined
executed 0
calculate duration
testing...
no interpolation path defined
executed 0
executed 0.0
script duration name:co2 seconds:0.0
loading script "jan_co2_whiff_120_60_large.py"
loading script "jan_pump_ms.py"
loading script "jan_co2.py"
loading script "jan_pump_extraction_line.py"
testing...
no interpolation path defined
calculate duration
testing...
no interpolation path defined
executed 4.0
executed 4.0
Script duration 266.0
Run total estimated duration= 267.000
co2_whiff_120_60_large in script context. using previous estimated duration
script duration name:co2_whiff_120_60_large seconds:266.0
pump_ms in script context. using previous estimated duration
co2 in script context. using previous estimated duration
script duration name:co2 seconds:0.0
pump_extraction_line in script context. using previous estimated duration
Script duration 266.0
Run total estimated duration= 267.000
script duration name:co2_whiff_120_60_large seconds:266.0
script duration name:co2 seconds:0.0
Script duration 266.0
Run total estimated duration= 267.000
script duration name:co2_whiff_120_60_large seconds:266.0
script duration name:co2 seconds:0.0
Script duration 266.0
Run total estimated duration= 267.000
script duration name:co2_whiff_120_60_large seconds:266.0
script duration name:co2 seconds:0.0
Script duration 266.0
Run total estimated duration= 267.000
script duration name:co2_whiff_120_60_large seconds:266.0
script duration name:co2 seconds:0.0
Script duration 266.0
Run total estimated duration= 267.000
loading script "jan_unknown400_120.py"
loading script "jan_pump_ms.py"
loading script "jan_cocktail_x1.py"
loading script "jan_pump_extraction_line.py"
testing...
no interpolation path defined
executed 556.052928
script duration name:unknown400_120 seconds:556.0
loading script "jan_unknown400_120.py"
loading script "jan_pump_ms.py"
loading script "jan_cocktail_x1.py"
loading script "jan_pump_extraction_line.py"
testing...
no interpolation path defined
calculate duration
testing...
no interpolation path defined
executed 0
calculate duration
testing...
no interpolation path defined
executed 0
calculate duration
testing...
no interpolation path defined
executed 32.0
calculate duration
testing...
no interpolation path defined
executed 34.0
calculate duration
testing...
no interpolation path defined
executed 4.0
calculate duration
testing...
no interpolation path defined
executed 38.0
executed 108.0
script duration name:cocktail_x1 seconds:108.0
Script duration 664.0
Run total estimated duration= 665.000
unknown400_120 in script context. using previous estimated duration
script duration name:unknown400_120 seconds:556.0
cocktail_x1 in script context. using previous estimated duration
script duration name:cocktail_x1 seconds:108.0
Script duration 664.0
Run total estimated duration= 665.000
loading script "jan_ic_peak_hop3.py"
loading script "jan_pump_ms.py"
loading script "jan_air_x1.py"
loading script "jan_pump_extraction_line.py"
testing...
no interpolation path defined
executed 133.8
script duration name:ic_peak_hop3 seconds:134.0
loading script "jan_ic_peak_hop3.py"
loading script "jan_pump_ms.py"
loading script "jan_air_x1.py"
loading script "jan_pump_extraction_line.py"
testing...
no interpolation path defined
calculate duration
testing...
no interpolation path defined
executed 0
calculate duration
testing...
no interpolation path defined
executed 0
calculate duration
testing...
no interpolation path defined
executed 32.0
calculate duration
testing...
no interpolation path defined
executed 34.0
calculate duration
testing...
no interpolation path defined
executed 4.0
calculate duration
testing...
no interpolation path defined
executed 36.0
executed 106.0
script duration name:air_x1 seconds:106.0
Script duration 240.0
Run total estimated duration= 241.000
script duration name:co2_whiff_120_60_large seconds:266.0
script duration name:co2 seconds:0.0
Script duration 266.0
Run total estimated duration= 267.000
script duration name:co2_whiff_120_60_large seconds:266.0
script duration name:co2 seconds:0.0
Script duration 266.0
Run total estimated duration= 267.000
script duration name:co2_whiff_120_60_large seconds:266.0
script duration name:co2 seconds:0.0
Script duration 266.0
Run total estimated duration= 267.000
script duration name:co2_whiff_120_60_large seconds:266.0
script duration name:co2 seconds:0.0
Script duration 266.0
Run total estimated duration= 267.000
script duration name:co2_whiff_120_60_large seconds:266.0
script duration name:co2 seconds:0.0
Script duration 266.0
Run total estimated duration= 267.000
script duration name:unknown400_120 seconds:556.0
script duration name:co2 seconds:0.0
Script duration 556.0
Run total estimated duration= 557.000
script duration name:co2_whiff_120_60_large seconds:266.0
script duration name:co2 seconds:0.0
Script duration 266.0
Run total estimated duration= 267.000
script duration name:co2_whiff_120_60_large seconds:266.0
script duration name:co2 seconds:0.0
Script duration 266.0
Run total estimated duration= 267.000
script duration name:co2_whiff_120_60_large seconds:266.0
script duration name:co2 seconds:0.0
Script duration 266.0
Run total estimated duration= 267.000
script duration name:co2_whiff_120_60_large seconds:266.0
script duration name:co2 seconds:0.0
Script duration 266.0
Run total estimated duration= 267.000
script duration name:co2_whiff_120_60_large seconds:266.0
script duration name:co2 seconds:0.0
Script duration 266.0
Run total estimated duration= 267.000
script duration name:co2_whiff_120_60_large seconds:266.0
script duration name:co2 seconds:0.0
Script duration 266.0
Run total estimated duration= 267.000
script duration name:co2_whiff_120_60_large seconds:266.0
script duration name:co2 seconds:0.0
Script duration 266.0
Run total estimated duration= 267.000
script duration name:co2_whiff_120_60_large seconds:266.0
script duration name:co2 seconds:0.0
Script duration 266.0
Run total estimated duration= 267.000
script duration name:co2_whiff_120_60_large seconds:266.0
script duration name:co2 seconds:0.0
Script duration 266.0
Run total estimated duration= 267.000
script duration name:co2_whiff_120_60_large seconds:266.0
script duration name:co2 seconds:0.0
Script duration 266.0
Run total estimated duration= 267.000
script duration name:unknown400_120 seconds:556.0
loading script "jan_unknown400_120.py"
loading script "jan_pump_ms.py"
loading script "jan_sniffair_x2.py"
loading script "jan_pump_extraction_line.py"
testing...
no interpolation path defined
calculate duration
testing...
no interpolation path defined
executed 0
calculate duration
testing...
no interpolation path defined
executed 0
calculate duration
testing...
no interpolation path defined
executed 32.0
calculate duration
testing...
no interpolation path defined
executed 34.0
calculate duration
testing...
no interpolation path defined
executed 4.0
calculate duration
testing...
no interpolation path defined
executed 36.0
calculate duration
testing...
no interpolation path defined
executed 34.0
calculate duration
testing...
no interpolation path defined
executed 4.0
calculate duration
testing...
no interpolation path defined
executed 36.0
calculate duration
testing...
no interpolation path defined
executed 70.0
executed 250.0
script duration name:sniffair_x2 seconds:250.0
Script duration 806.0
Run total estimated duration= 807.000
script duration name:co2_whiff_120_60_large seconds:266.0
script duration name:co2 seconds:0.0
Script duration 266.0
Run total estimated duration= 267.000
script duration name:co2_whiff_120_60_large seconds:266.0
script duration name:co2 seconds:0.0
Script duration 266.0
Run total estimated duration= 267.000
script duration name:co2_whiff_120_60_large seconds:266.0
script duration name:co2 seconds:0.0
Script duration 266.0
Run total estimated duration= 267.000
script duration name:co2_whiff_120_60_large seconds:266.0
script duration name:co2 seconds:0.0
Script duration 266.0
Run total estimated duration= 267.000
script duration name:co2_whiff_120_60_large seconds:266.0
script duration name:co2 seconds:0.0
Script duration 266.0
Run total estimated duration= 267.000
script duration name:unknown400_120 seconds:556.0
script duration name:co2 seconds:0.0
Script duration 556.0
Run total estimated duration= 557.000
script duration name:unknown400_120 seconds:556.0
script duration name:cocktail_x1 seconds:108.0
Script duration 664.0
Run total estimated duration= 665.000
script duration name:unknown400_120 seconds:556.0
script duration name:cocktail_x1 seconds:108.0
Script duration 664.0
Run total estimated duration= 665.000
ic_peak_hop3 in script context. using previous estimated duration
script duration name:ic_peak_hop3 seconds:134.0
air_x1 in script context. using previous estimated duration
script duration name:air_x1 seconds:106.0
Script duration 240.0
Run total estimated duration= 241.000
script duration name:co2_whiff_120_60_large seconds:266.0
script duration name:co2 seconds:0.0
Script duration 266.0
Run total estimated duration= 267.000
script duration name:co2_whiff_120_60_large seconds:266.0
script duration name:co2 seconds:0.0
Script duration 266.0
Run total estimated duration= 267.000
script duration name:co2_whiff_120_60_large seconds:266.0
script duration name:co2 seconds:0.0
Script duration 266.0
Run total estimated duration= 267.000
script duration name:co2_whiff_120_60_large seconds:266.0
script duration name:co2 seconds:0.0
Script duration 266.0
Run total estimated duration= 267.000
script duration name:co2_whiff_120_60_large seconds:266.0
script duration name:co2 seconds:0.0
Script duration 266.0
Run total estimated duration= 267.000
script duration name:co2_whiff_120_60_large seconds:266.0
script duration name:co2 seconds:0.0
Script duration 266.0
Run total estimated duration= 267.000
script duration name:co2_whiff_120_60_large seconds:266.0
script duration name:co2 seconds:0.0
Script duration 266.0
Run total estimated duration= 267.000
script duration name:co2_whiff_120_60_large seconds:266.0
script duration name:co2 seconds:0.0
Script duration 266.0
Run total estimated duration= 267.000
script duration name:co2_whiff_120_60_large seconds:266.0
script duration name:co2 seconds:0.0
Script duration 266.0
Run total estimated duration= 267.000
script duration name:co2_whiff_120_60_large seconds:266.0
script duration name:co2 seconds:0.0
Script duration 266.0
Run total estimated duration= 267.000
script duration name:co2_whiff_120_60_large seconds:266.0
script duration name:co2 seconds:0.0
Script duration 266.0
Run total estimated duration= 267.000
script duration name:co2_whiff_120_60_large seconds:266.0
script duration name:co2 seconds:0.0
Script duration 266.0
Run total estimated duration= 267.000
script duration name:co2_whiff_120_60_large seconds:266.0
script duration name:co2 seconds:0.0
Script duration 266.0
Run total estimated duration= 267.000
script duration name:co2_whiff_120_60_large seconds:266.0
script duration name:co2 seconds:0.0
Script duration 266.0
Run total estimated duration= 267.000
script duration name:co2_whiff_120_60_large seconds:266.0
script duration name:co2 seconds:0.0
Script duration 266.0
Run total estimated duration= 267.000
script duration name:unknown400_120 seconds:556.0
script duration name:co2 seconds:0.0
Script duration 556.0
Run total estimated duration= 557.000
script duration name:co2_whiff_120_60_large seconds:266.0
script duration name:co2 seconds:0.0
Script duration 266.0
Run total estimated duration= 267.000
nruns=52 before=5.0, run_dur=16834.0, btw=1530.0
write rem/ex queues
/Users/jan/PychronDev/experiments/rem/CurrentExperiment.rem.txt
/Users/jan/PychronDev/experiments/rem/CurrentExperiment.ex.txt
doing event level: 3
