do run
loading script "jan_co2_whiff_120_60_large.py"
loading script "jan_pump_ms.py"
loading script "jan_co2.py"
loading script "jan_pump_extraction_line.py"
testing...
no interpolation path defined
executed 266.04
script duration name:co2_whiff_120_60_large seconds:266.0
loading script "jan_co2_whiff_120_60_large.py"
loading script "jan_pump_ms.py"
loading script "jan_co2.py"
loading script "jan_pump_extraction_line.py"
testing...
no interpolation path defined
executed 0
loading script "jan_co2_whiff_120_60_large.py"
loading script "jan_pump_ms.py"
loading script "jan_co2.py"
loading script "jan_pump_extraction_line.py"
testing...
no interpolation path defined
calculate duration
testing...
no interpolation path defined
executed 0
calculate duration
testing...
no interpolation path defined
executed 0
executed 0.0
script duration name:co2 seconds:0.0
loading script "jan_co2_whiff_120_60_large.py"
loading script "jan_pump_ms.py"
loading script "jan_co2.py"
loading script "jan_pump_extraction_line.py"
testing...
no interpolation path defined
calculate duration
testing...
no interpolation path defined
executed 4.0
executed 4.0
Script duration 266.0
Run total estimated duration= 267.000
run duration: 0:04:27
doing event level: 2
14:36:58 -- Setting default integration. t=1.048576
setting integration time = 1.048576
SetIntegrationTime 1.048576 ===>> OK
----------------- start -----------------
**************** Experiment Type: Ar/Ar, Ar/Ar
create new session 4993359504
close session 4993359504
$$$$$ Clearing conditionals
adding conditionals detrital
extract conditionals from file. /Users/jan/PychronDev/scripts/conditionals/detrital.yaml
no attr for this modification cd={'extraction_str': '', 'attr': '', 'mapper': '', 'use_termination': False, 'start_count': 0, 'nskip': 0, 'window': 0, 'frequency': 1, 'teststr': '', 'action': 'Skip Next Run', 'ntrips': 1, 'use_truncation': False}
no attr for this cancelation cd={'mapper': '', 'window': 0, 'frequency': 1, 'attr': '', 'teststr': '', 'start_count': 0, 'ntrips': 1}
adding truncation attr="age" test="age>100.0" start="50"
adding truncation attr="Ar39" test="Ar39<0.5" start="60"
no attr for this termination cd={'mapper': '', 'window': 0, 'frequency': 1, 'attr': '', 'teststr': '', 'start_count': 0, 'ntrips': 1}
Invalid conditional kind="pre_run_terminations"
no attr for this action cd={'mapper': '', 'attr': '', 'start_count': 0, 'window': 0, 'frequency': 1, 'teststr': '', 'action': None, 'ntrips': 1}
Invalid conditional kind="post_run_terminations"
Add queue conditionals
add default conditionals
adding default conditionals from /Users/jan/PychronDev/setupfiles/spectrometer/default_conditionals.yaml
Start automated run 65511-16
loading script "jan_co2_whiff_120_60_large.py"
loading script "jan_pump_ms.py"
loading script "jan_co2.py"
loading script "jan_pump_extraction_line.py"
%%%%%%%%%%%%%%%%%% setting automated run 65511-16
No value "sensitivity_multiplier" in metadata
$$$$$$$$$$$$$$$ auto_save_detector_ic=False
============================= Pre Extraction Check =============================
loading queue conditionals pre_run_terminations
loading system conditionals pre_run_terminations
loading conditionals from /Users/jan/PychronDev/setupfiles/spectrometer/default_conditionals.yaml
14:36:58 -- ******* Pre Extraction Check *******
Get a measurement from the spectrometer
GetData ===>> H2,-0.104292141025776,H1,-0.0806788547671243,AX,-0.0891455554182043,L1,-0.0473121540830001,L2,-0....
Pre Extraction Termination data. keys=H2,H1,AX,L1,L2,CDD, signals=-0.10429,-0.08068,-0.08915,-0.04731,-0.05459,0.00268
14:36:58 -- testing system defined conditionals
Checking default pre extraction terminations n=2
testing CDD
evaluate ot="CDD.inactive" t="CDD", ctx="{'CDD': False}"
GetDeflection CDD ===>> 50
testing CDD==2000
evaluate ot="CDD.deflection==2000" t="CDD==2000", ctx="{'CDD': 50.0}"
14:36:58 -- ******* Pre Extraction Check Passed *******
=================================================================================
14:36:58 -- stopping status monitor
stop 5052903792
Alive clients [4983293136]
14:36:58 -- starting status monitor
start 5052903792
Monitor already running
start extraction
do extraction
Analysis started at 14:36:58.776056
Extraction Started jan_co2.py
14:36:58 -- ******* Extraction Started jan_co2.py *******
state changed from not run to extraction
DO EXTRACTION <pychron.extraction_line.pyscript_runner.RemotePyScriptRunner object at 0x12b93d0b0>
testing...
no interpolation path defined
calculate duration
testing...
no interpolation path defined
executed 0
calculate duration
testing...
no interpolation path defined
executed 0
executed 100.0
Jan CO2 laser analysis
doing GOSUB
testing...
no interpolation path defined
executed 0
Waiting for CO2 access
wait ('FelixCO2Flag', 0) {}
waiting for FelixCO2Flag = 0
Read FelixCO2Flag ===>> 0
finished waiting
CO2 free
wait ('CO2PumpTimeFlag', 0) {}
waiting for CO2PumpTimeFlag = 0
Read CO2PumpTimeFlag ===>> 0
finished waiting
acquire ('JanCO2Flag',) {'clear': True}
acquire JanCO2Flag
Set JanCO2Flag 1 ===>> OK
JanCO2Flag acquired
set extraction state False (0.75, 'red', 1.5)
CO2 acquired
executed 0
WaitForCO2Access.py completed successfully
gosub finished
doing GOSUB
testing...
no interpolation path defined
executed 0
Prepare for CO2 analysis
close () {'description': 'Jan Inlet'}
closing name=--- desc=Jan Inlet
checking ownership. requestor=129.138.12.150
check software interlocks R
interlocks []
actuate state mode=None-script, software_lock=False
doing actuation None-script close_channel False
Close R ===>> OK
GetValveState R ===>> False
change switch state (True, True)
update switch state R False args=() kw={} ncanvase=3
14:36:59 -- CLOSE  VALVE-R (Jan Inlet)
---------------------------------------- close None (Jan Inlet) result=[(True, True)]
action=close, ok=True, locked=[False]
open () {'description': 'Jan Ion Pump'}
opening name=--- desc=Jan Ion Pump
checking ownership. requestor=129.138.12.150
check software interlocks O
interlocks []
actuate state mode=None-script, software_lock=False
doing actuation None-script open_channel False
Open O ===>> OK
Get Checksum: 192129876
GetValveState O ===>> OK
change switch state (True, True)
update switch state O True args=() kw={} ncanvase=3
14:36:59 -- OPEN   VALVE-O (Jan Ion Pump)
---------------------------------------- open None (Jan Ion Pump) result=[(True, True)], time=0.10 sec
action=open, ok=True, locked=[False]
close () {'description': 'Microbone to Minibone'}
closing name=--- desc=Microbone to Minibone
checking ownership. requestor=129.138.12.150
check software interlocks L
interlocks []
actuate state mode=None-script, software_lock=False
doing actuation None-script close_channel False
Close L ===>> OK
GetValveState L ===>> False
change switch state (True, True)
update switch state L False args=() kw={} ncanvase=3
14:37:00 -- CLOSE  VALVE-L (Microbone to Minibone)
---------------------------------------- close None (Microbone to Minibone) result=[(True, True)]
action=close, ok=True, locked=[False]
open () {'description': 'Microbone to Turbo'}
opening name=--- desc=Microbone to Turbo
checking ownership. requestor=129.138.12.150
check software interlocks U
interlocks []
actuate state mode=None-script, software_lock=False
doing actuation None-script open_channel False
Open U ===>> OK
GetValveState U ===>> OK
change switch state (True, True)
update switch state U True args=() kw={} ncanvase=3
14:37:00 -- OPEN   VALVE-U (Microbone to Turbo)
---------------------------------------- open None (Microbone to Turbo) result=[(True, True)], time=0.13 sec
action=open, ok=True, locked=[False]
open () {'description': 'Microbone to Inlet Pipette'}
opening name=--- desc=Microbone to Inlet Pipette
checking ownership. requestor=129.138.12.150
check software interlocks S
interlocks []
actuate state mode=None-script, software_lock=False
doing actuation None-script open_channel False
Open S ===>> OK
GetValveState S ===>> OK
change switch state (True, True)
update switch state S True args=() kw={} ncanvase=3
14:37:01 -- OPEN   VALVE-S (Microbone to Inlet Pipette)
---------------------------------------- open None (Microbone to Inlet Pipette) result=[(True, True)], time=0.40 sec
action=open, ok=True, locked=[False]
open () {'description': 'Microbone to Getter D-50'}
opening name=--- desc=Microbone to Getter D-50
checking ownership. requestor=129.138.12.150
check software interlocks K
interlocks []
actuate state mode=None-script, software_lock=False
doing actuation None-script open_channel False
Open K ===>> OK
GetValveState K ===>> OK
change switch state (True, True)
update switch state K True args=() kw={} ncanvase=3
14:37:01 -- OPEN   VALVE-K (Microbone to Getter D-50)
---------------------------------------- open None (Microbone to Getter D-50) result=[(True, True)], time=0.42 sec
action=open, ok=True, locked=[False]
open () {'description': 'Microbone to Getter NP-10'}
opening name=--- desc=Microbone to Getter NP-10
checking ownership. requestor=129.138.12.150
check software interlocks M
interlocks []
actuate state mode=None-script, software_lock=False
doing actuation None-script open_channel False
Open M ===>> OK
GetValveState M ===>> OK
change switch state (True, True)
update switch state M True args=() kw={} ncanvase=3
14:37:02 -- OPEN   VALVE-M (Microbone to Getter NP-10)
---------------------------------------- open None (Microbone to Getter NP-10) result=[(True, True)], time=0.13 sec
Get Checksum: 192129876
action=open, ok=True, locked=[False]
close () {'description': 'CO2 Laser to Felix'}
closing name=--- desc=CO2 Laser to Felix
checking ownership. requestor=129.138.12.150
check software interlocks F
interlocks []
actuate state mode=None-script, software_lock=True
VALVE-F(CO2 Laser to Felix) software locked
change switch state (True, False)
---------------------------------------- close None (CO2 Laser to Felix) result=[(True, False)]
action=close, ok=True, locked=[True]
open () {'description': 'CO2 Laser to Jan'}
opening name=--- desc=CO2 Laser to Jan
checking ownership. requestor=129.138.12.150
check software interlocks A
interlocks []
actuate state mode=None-script, software_lock=False
doing actuation None-script open_channel False
Open A ===>> OK
GetValveState A ===>> OK
change switch state (True, True)
update switch state A True args=() kw={} ncanvase=3
14:37:02 -- OPEN   VALVE-A (CO2 Laser to Jan)
---------------------------------------- open None (CO2 Laser to Jan) result=[(True, True)], time=0.12 sec
action=open, ok=True, locked=[False]
open () {'description': 'Microbone to CO2 Laser'}
opening name=--- desc=Microbone to CO2 Laser
checking ownership. requestor=129.138.12.150
check software interlocks T
interlocks []
actuate state mode=None-script, software_lock=False
doing actuation None-script open_channel False
Open T ===>> OK
GetValveState T ===>> OK
change switch state (True, True)
update switch state T True args=() kw={} ncanvase=3
14:37:03 -- OPEN   VALVE-T (Microbone to CO2 Laser)
---------------------------------------- open None (Microbone to CO2 Laser) result=[(True, True)], time=0.43 sec
action=open, ok=True, locked=[False]
executed 0
PrepareForCO2Analysis.py completed successfully
gosub finished
set_motor ('beam', '1.25') {}
setting motor "beam" to 1.25
set motor beam to 1.25
SetMotor beam,1.25 ===>> OK
GetMotorMoving beam ===>> False
GetMotorMoving beam ===>> False
Block completed
move_to_position ('155',) {'autocenter': True}
FusionsCO2 move to position 155
sending GoToHole 155,True
GoToHole 155,True ===>> OK
GetDriveMoving ===>> OK
Get Checksum: 192129876
GetDriveMoving ===>> OK
GetDriveMoving ===>> OK
GetDriveMoving ===>> OK
GetDriveMoving ===>> OK
GetDriveMoving ===>> OK
GetDriveMoving ===>> False
GetDriveMoving ===>> OK
GetDriveMoving ===>> OK
GetDriveMoving ===>> OK
GetDriveMoving ===>> OK
GetDriveMoving ===>> OK
Get Checksum: 192129876
GetDriveMoving ===>> False
Block completed
GetAutoCorrecting ===>> False
GetAutoCorrecting ===>> False
Block completed
update position
GetPosition ===>> -11.96340,-5.98170,1.00000
got position (-11.9634, -5.9817, 1.0)
move to position succeeded
sleep (5,) {}
SLEEP 5.0
block started
WaitControl setup for 5.0  
Get Checksum: 192129876
Get Checksum: 192129876
Join finished
block finished. duration 5.00646686554
close () {'description': 'Microbone to Turbo'}
closing name=--- desc=Microbone to Turbo
checking ownership. requestor=129.138.12.150
check software interlocks U
interlocks []
actuate state mode=None-script, software_lock=False
doing actuation None-script close_channel True
Close U ===>> OK
GetValveState U ===>> False
change switch state (True, True)
update switch state U False args=() kw={} ncanvase=3
14:37:14 -- CLOSE  VALVE-U (Microbone to Turbo)
---------------------------------------- close None (Microbone to Turbo) result=[(True, True)]
action=close, ok=True, locked=[False]
enable laser
enable () {}
set extraction state FusionsCO2 Enabled (False, 'red', 1.5)
enabling laser
Enable ===>> OK
begin interval
BEGIN INTERVAL Interval 1 waiting for 30.0
block started
set extract to 5.0
WaitControl setup for 30.0  
extract (5.0,) {}
GetPosition ===>> -11.96340,-5.98170,1.00000
set extraction state FusionsCO2 ON! 5.0(watts) (0.75, 'red', 1.5)
extract sample to 5.0 (watts)
set laser output
SetLaserOutput 5.0,watts ===>> OK
executing pattern triangle.lp
execute_pattern ('triangle.lp',) {}
executing pattern triangle.lp
IsPatterning ===>> OK
Get Checksum: 38271967
IsPatterning ===>> OK
IsPatterning ===>> OK
IsPatterning ===>> OK
Get Checksum: 38271967
IsPatterning ===>> OK
IsPatterning ===>> OK
IsPatterning ===>> OK
Get Checksum: 38271967
IsPatterning ===>> OK
IsPatterning ===>> OK
IsPatterning ===>> OK
Get Checksum: 38271967
IsPatterning ===>> OK
IsPatterning ===>> OK
IsPatterning ===>> OK
Get Checksum: 38271967
IsPatterning ===>> OK
IsPatterning ===>> OK
IsPatterning ===>> OK
Get Checksum: 38271967
IsPatterning ===>> OK
IsPatterning ===>> OK
IsPatterning ===>> OK
Get Checksum: 38271967
IsPatterning ===>> OK
IsPatterning ===>> OK
IsPatterning ===>> OK
Get Checksum: 38271967
IsPatterning ===>> OK
IsPatterning ===>> OK
IsPatterning ===>> OK
Get Checksum: 38271967
IsPatterning ===>> OK
IsPatterning ===>> False
IsPatterning ===>> False
Block completed
COMPLETE INTERVAL waiting for Interval 1 to complete
Get Checksum: 38271967
Join finished
block finished. duration 30.0324950218
Interval 1 finished
end_extract () {}
ending extraction. set laser power to 0
set laser power 0
SetLaserPower 0 ===>> OK
disable () {}
%%%%%%%%%%%%%%%%%%%%%%%%%%%%%%%%%%% disable
set extraction state False (0.75, 'red', 1.5)
disabling laser
Disable ===>> OK
sleep (30.0,) {}
SLEEP 30.0
block started
WaitControl setup for 30.0  
Get Checksum: 38271967
Get Checksum: 38271967
Get Checksum: 38271967
Get Checksum: 38271967
Get Checksum: 38271967
Get Checksum: 38271967
Get Checksum: 38271967
Get Checksum: 38271967
Get Checksum: 38271967
Join finished
block finished. duration 30.0302650928
executed 166.0
jan_co2.py completed successfully
GetAchievedOutput ===>> No Response
Requested Output= 0.000
Achieved Output=  0.000
GetResponseBlob ===>> No Response
GetOutputBlob ===>> No Response
persistence save...
persistence save - db
AutomatedRunPersister post_extraction_save deprecated
persistence save - dvc
no extraction position for 155
create new session 4983039568
close session 4983039568
Extraction Finished
14:38:16 -- ******* Extraction Finished *******
no overlap. not waiting for min ms pumptime
14:38:16 -- Sending spectrometer configuration
======== Sending configuration ========
SetDeflection CDD,50.0 ===>> OK
SetDeflection H2,0.0 ===>> OK
SetDeflection H1,0.0 ===>> OK
SetDeflection L2,825.0 ===>> OK
SetDeflection L1,400.0 ===>> OK
SetDeflection AX,190.0 ===>> OK
SetZFocus 74.64 ===>> OK
SetZSymmetry -50.72 ===>> OK
SetExtractionLens 26.13 ===>> OK
SetIonRepeller -3.81 ===>> OK
SetElectronEnergy 75.08 ===>> OK
SetYSymmetry -2.81 ===>> OK
SetIonCounterVoltage 1590.0 ===>> OK
send trap current 200.0
GetParameter Trap Current Readback ===>> 198.258926936459
SetParameter Trap Current Set,200.0 ===>> OK
updating mftable name mftable
Using mftable located at /Users/jan/PychronDev/setupfiles/spectrometer/mftables/mftable.csv
============ MFtable ===========
Isotope  H2     H1     AX     L1     L2     CDD    
Ar40     5.7729 5.8790 5.9924 6.1128 6.2308 6.3411
Ar39     5.6722 5.7713 5.8848 5.9989 6.1159 6.2276
Ar36     5.3497 5.4403 5.5481 5.6578 5.7709 5.8787
================================
get initial guess parabolic
get initial guess parabolic
get initial guess parabolic
get initial guess parabolic
get initial guess parabolic
get initial guess parabolic
======== Configuration Finished ========
GetYSymmetry ===>> -2.81
GetZSymmetry ===>> -50.72
GetParameter Trap Current Readback ===>> 198.147042666178
GetHighVoltage ===>> 4499.94659342336
start measurement
do measurement
L#=65511 analysis type=unknown
Measurement Started jan_co2_whiff_120_60_large.py
14:38:16 -- ******* Measurement Started jan_co2_whiff_120_60_large.py *******
state changed from extraction to measurement
setting spec, defl, and gains
GetExtractionLens ===>> 26.13
GetYSymmetry ===>> -2.81
GetZSymmetry ===>> -50.72
GetZFocus ===>> 74.64
GetDeflection H2 ===>> 0
GetDeflection H1 ===>> 0
GetDeflection AX ===>> 190
GetDeflection L1 ===>> 400
GetDeflection L2 ===>> 825
GetDeflection CDD ===>> 50
GetGain H2 ===>> 0.0113
GetGain H1 ===>> 0.1
GetGain AX ===>> 0.097049
GetGain L1 ===>> 0.010355
GetGain L2 ===>> 0.095649
GetGain CDD ===>> 0
pre measurement save
New frame /Users/jan/PychronDev/data/isotopes/db/5747e3-667f-40c9-b90e-1586d4a6e637.h5
flush and close file /Users/jan/PychronDev/data/isotopes/db/5747e3-667f-40c9-b90e-1586d4a6e637.h5
testing...
no interpolation path defined
executed 266.04
co2 whiff measurement script
activate_detectors ('H2', 'H1', 'AX', 'L1', 'L2', 'CDD') {}
activate detectors
*************** Set Analysis View Ar/Ar
create graphs
clearing graphs
Get Checksum: 38271967
clear isotope group
setting isotope det=H2, iso=PM41
setting isotope det=H1, iso=Ar40
setting isotope det=AX, iso=Ar39
setting isotope det=L1, iso=Ar38
setting isotope det=L2, iso=Ar37
setting isotope det=CDD, iso=Ar36
setting previous blanks
 - setting Ar40 blank 0.564+/-0.007
 - setting Ar36 blank 0.00595+/-0.00019
 - setting Ar37 blank 0.044+/-0.005
 - setting Ar38 blank 0.0048+/-0.0021
 - setting PM41 blank 0.04+/-0.06
 - setting Ar39 blank 0.042+/-0.009
load analysis view
position_magnet ('Ar40',) {'detector': 'H1'}
detector Detector(H1)
POSITION Ar40 H1
setting detector H2 to PM41 (40.9624)
setting detector H1 to Ar40 (39.9624)
setting detector AX to Ar39 (38.9624)
setting detector L1 to Ar38 (37.9624)
setting detector L2 to Ar37 (36.9624)
setting detector CDD to Ar36 (35.9624)
Mapping mass to dac mass func: "parabolic"
H1 map mass coeffs = [-0.00063987  0.15840543  0.57062999]
H1 map mass to dac 39.9624 >> 5.87902
GetDeflection H1 ===>> 0
GetHighVoltage ===>> 4499.94659342336
positioning Ar40 (5.878985379) on H1
setting magnet DAC
current  : 5.878985
requested: 5.878985
Delta Dac: 0.000000
Checking detector protection. dv=0.00000
Checking detector "CDD". Protection Threshold: 0.1 (V)
SetMagnetDAC 5.878985379 ===>> OK
Magnet settling time: 0.500
close ('S',) {}
closing name=S desc=---
checking ownership. requestor=129.138.12.150
check software interlocks S
interlocks []
actuate state mode=None-script, software_lock=False
doing actuation None-script close_channel True
Close S ===>> OK
set states for children of S. state=False
handle state [('S', False)]
update switch state S False args=() kw={'refresh': False} ncanvase=3
refresh_canvas_needed fired
GetValveState S ===>> False
change switch state (True, True)
update switch state S False args=() kw={} ncanvase=3
14:38:18 -- CLOSE  VALVE-S (Microbone to Inlet Pipette)
---------------------------------------- close S () result=[(True, True)]
action=close, ok=True, locked=[False]
equilibrate () {'do_post_equilibration': False, 'inlet': 'R', 'outlet': 'O', 'eqtime': 4}
Equilibration Started
14:38:18 -- ******* Equilibration Started *******
checking ownership. requestor=129.138.12.150
check software interlocks O
interlocks []
actuate state mode=None-script, software_lock=False
doing actuation None-script close_channel True
Close O ===>> OK
GetValveState O ===>> False
change switch state (True, True)
update switch state O False args=() kw={} ncanvase=3
14:38:18 -- CLOSE  VALVE-O (Jan Ion Pump)
waiting 3s before opening inlet value ('R',)
Get Checksum: -2122905146
checking ownership. requestor=129.138.12.150
check software interlocks R
interlocks []
actuate state mode=None-script, software_lock=False
doing actuation None-script open_channel True
Open R ===>> OK
GetValveState R ===>> OK
change switch state (True, True)
update switch state R True args=() kw={} ncanvase=3
14:38:22 -- OPEN   VALVE-R (Jan Inlet)
set_time_zero (0,) {}
equilibrating for 4sec
sniff (4,) {}
py_sniff
build tables- sniff [Detector(H2), Detector(H1), Detector(AX), Detector(L1), Detector(L2), Detector(CDD)]
add group /sniff/PM41 (Group) '' table H2
add group /sniff/Ar40 (Group) '' table H1
add group /sniff/Ar39 (Group) '' table AX
add group /sniff/Ar38 (Group) '' table L1
add group /sniff/Ar37 (Group) '' table L2
add group /sniff/Ar36 (Group) '' table CDD
flush and close file /Users/jan/PychronDev/data/isotopes/db/5747e3-667f-40c9-b90e-1586d4a6e637.h5
measuring sniff. ncounts=4
starting measurement
GetData ===>> H2,2.29427927097464,H1,1.04875231967301,AX,4.06224890919739,L1,0.254866879723124,L2,0.98834084585...
Get Checksum: -1800838140
GetData ===>> H2,4.90299894733537,H1,1.90037822918956,AX,3.9237433256629,L1,0.885072317615956,L2,0.748271455942...
GetData ===>> H2,1.72254332012435,H1,1.66505968862938,AX,1.66704894692183,L1,0.657546608053246,L2,0.27345868781...
GetData ===>> H2,0.605176849934762,H1,1.54770143723788,AX,0.83249163779289,L1,0.377335909314555,L2,0.0862596198...
Equilibration Finished
14:38:26 -- ******* Equilibration Finished *******
checking ownership. requestor=129.138.12.150
check software interlocks R
interlocks []
actuate state mode=None-script, software_lock=False
doing actuation None-script close_channel True
measurement finished
estimated time: 4.194 actual time: :4.263
flush and close file /Users/jan/PychronDev/data/isotopes/db/5747e3-667f-40c9-b90e-1586d4a6e637.h5
set_fits () {}
using default fits file=/Users/jan/PychronDev/scripts/measurement/fits/nominal_linear.yaml
set "Ar40" to "('Linear', 'SEM')"
No fit for "PM41". defaulting to linear. check the measurement script "jan_co2_whiff_120_60_large.py"
set "PM41" to "linear"
set "Ar36" to "('Linear', 'SEM')"
set "Ar37" to "('linear', 'SEM')"
set "Ar38" to "('linear', 'SEM')"
set "Ar39" to "('Linear', 'SEM')"
set_baseline_fits () {}
using default fits file=/Users/jan/PychronDev/scripts/measurement/fits/nominal_linear.yaml
Close R ===>> OK
set "H1" to "('average', 'SEM')"
set "H2" to "('average', 'SEM')"
set "CDD" to "('average', 'SEM')"
set "L2" to "('average', 'SEM')"
set "L1" to "('average', 'SEM')"
set "AX" to "('average', 'SEM')"
whiff () {'ncounts': 1, 'conditionals': [{'action': 'run_remainder', 'attr': 'Ar40', 'teststr': 'Ar40.cur<=175'}, {'action': 'run_pipette', 'attr': 'Ar40', 'teststr': 'Ar40.cur>500'}, {'action': 'run_chamber_split', 'attr': 'Ar40', 'teststr': 'Ar40.cur>=300'}, {'action': 'pump', 'attr': 'Ar40', 'teststr': 'Ar40.cur>175'}]}
build tables- whiff [Detector(H2), Detector(H1), Detector(AX), Detector(L1), Detector(L2), Detector(CDD)]
add group /whiff/PM41 (Group) '' table H2
add group /whiff/Ar40 (Group) '' table H1
set states for children of R. state=False
add group /whiff/Ar39 (Group) '' table AX
handle state [('R', False)]
add group /whiff/Ar38 (Group) '' table L1
update switch state R False args=() kw={'refresh': False} ncanvase=3
add group /whiff/Ar37 (Group) '' table L2
add group /whiff/Ar36 (Group) '' table CDD
flush and close file /Users/jan/PychronDev/data/isotopes/db/5747e3-667f-40c9-b90e-1586d4a6e637.h5
measuring whiff. ncounts=1
refresh_canvas_needed fired
Get Checksum: -2122905146
GetValveState R ===>> False
change switch state (True, True)
update switch state R False args=() kw={} ncanvase=3
14:38:27 -- CLOSE  VALVE-R (Jan Inlet)
starting measurement
GetData ===>> H2,0.28095870609493,H1,1.5363531816259,AX,0.598494828086815,L1,0.22555712363667,L2,0.046011941861...
testing Ar40<=175
evaluate ot="Ar40.cur<=175" t="Ar40<=175", ctx="{'Ar40': 1.5363531816259}"
condition Ar40<=175 is true trips=1/1
14:38:28 -- Conditional tripped: Ar40.cur<=175 condition Ar40<=175 is True
measurement finished
estimated time: 1.049 actual time: :1.102
flush and close file /Users/jan/PychronDev/data/isotopes/db/5747e3-667f-40c9-b90e-1586d4a6e637.h5
WHIFF Result=run_remainder
Whiff result=run_remainder
open ('R',) {}
opening name=R desc=---
checking ownership. requestor=129.138.12.150
check software interlocks R
interlocks []
actuate state mode=None-script, software_lock=False
doing actuation None-script open_channel True
Open R ===>> OK
GetValveState R ===>> OK
change switch state (True, True)
update switch state R True args=() kw={} ncanvase=3
14:38:29 -- OPEN   VALVE-R (Jan Inlet)
---------------------------------------- open R () result=[(True, True)], time=0.43 sec
action=open, ok=True, locked=[False]
open ('S',) {}
opening name=S desc=---
checking ownership. requestor=129.138.12.150
check software interlocks S
interlocks []
actuate state mode=None-script, software_lock=False
doing actuation None-script open_channel True
Open S ===>> OK
GetValveState S ===>> OK
change switch state (True, True)
update switch state S True args=() kw={} ncanvase=3
14:38:29 -- OPEN   VALVE-S (Microbone to Inlet Pipette)
---------------------------------------- open S () result=[(True, True)], time=0.44 sec
action=open, ok=True, locked=[False]
sleep (12.0,) {}
SLEEP 12.0
block started
WaitControl setup for 12.0  
Get Checksum: 1775861429
Get Checksum: 1775861429
Get Checksum: 1775861429
Get Checksum: 1775861429
Join finished
block finished. duration 12.0189499855
close ('R',) {}
closing name=R desc=---
checking ownership. requestor=129.138.12.150
check software interlocks R
interlocks []
actuate state mode=None-script, software_lock=False
doing actuation None-script close_channel True
Close R ===>> OK
Get Checksum: 1838806504
State checksums do not match. Local:1775861429 Remote:1838806504
State checksum failed
GetValveState R ===>> False
change switch state (True, True)
update switch state R False args=() kw={} ncanvase=3
14:38:42 -- CLOSE  VALVE-R (Jan Inlet)
---------------------------------------- close R () result=[(True, True)]
action=close, ok=True, locked=[False]
post_equilibration () {}
multicollect () {'integration_time': 1, 'ncounts': 120.0}
Post Equilibration Started jan_pump_extraction_line.py
build tables- signal [Detector(H2), Detector(H1), Detector(AX), Detector(L1), Detector(L2), Detector(CDD)]
14:38:43 -- ******* Post Equilibration Started jan_pump_extraction_line.py *******
add group /signal/PM41 (Group) '' table H2
testing...
add group /signal/Ar40 (Group) '' table H1
no interpolation path defined
add group /signal/Ar39 (Group) '' table AX
add group /signal/Ar38 (Group) '' table L1
calculate duration
add group /signal/Ar37 (Group) '' table L2
testing...
add group /signal/Ar36 (Group) '' table CDD
flush and close file /Users/jan/PychronDev/data/isotopes/db/5747e3-667f-40c9-b90e-1586d4a6e637.h5
no interpolation path defined
executed 4.0
measuring signal. ncounts=120.0
executed 4.0
Pump after analysis
doing GOSUB
testing...
no interpolation path defined
executed 4.0
Pump Microbone
close () {'description': 'Jan Inlet'}
closing name=--- desc=Jan Inlet
checking ownership. requestor=129.138.12.150
check software interlocks R
interlocks []
actuate state mode=None-script, software_lock=False
doing actuation None-script close_channel False
Close R ===>> OK
GetValveState R ===>> False
change switch state (True, True)
update switch state R False args=() kw={} ncanvase=3
14:38:43 -- CLOSE  VALVE-R (Jan Inlet)
---------------------------------------- close None (Jan Inlet) result=[(True, True)]
starting measurement
GetData ===>> H2,0.00798506881274388,H1,38.4372279912939,AX,8.20320173363846,L1,0.111961321278627,L2,0.00757973...
action=close, ok=True, locked=[False]
is_closed ('F',) {}
is F () closed?
is closed True
open () {'description': 'CO2 Laser to Jan'}
opening name=--- desc=CO2 Laser to Jan
checking ownership. requestor=129.138.12.150
check software interlocks A
interlocks []
actuate state mode=None-script, software_lock=False
doing actuation None-script open_channel False
Open A ===>> OK
GetValveState A ===>> OK
change switch state (True, True)
update switch state A True args=() kw={} ncanvase=3
14:38:44 -- OPEN   VALVE-A (CO2 Laser to Jan)
---------------------------------------- open None (CO2 Laser to Jan) result=[(True, True)], time=0.21 sec
action=open, ok=True, locked=[False]
sleep (1,) {}
SLEEP 1.0
GetData ===>> H2,0.157420043262733,H1,38.4485145911015,AX,8.38517078246522,L1,0.103705179664686,L2,0.0969164615...
close () {'description': 'CO2 Laser to Roughing'}
closing name=--- desc=CO2 Laser to Roughing
checking ownership. requestor=129.138.12.150
check software interlocks G
interlocks []
actuate state mode=None-script, software_lock=True
VALVE-G(CO2 Laser to Roughing) software locked
change switch state (True, False)
---------------------------------------- close None (CO2 Laser to Roughing) result=[(True, False)]
action=close, ok=True, locked=[True]
open () {'description': 'Microbone to Turbo'}
opening name=--- desc=Microbone to Turbo
checking ownership. requestor=129.138.12.150
check software interlocks U
interlocks []
actuate state mode=None-script, software_lock=False
doing actuation None-script open_channel True
Open U ===>> OK
GetValveState U ===>> OK
change switch state (True, True)
update switch state U True args=() kw={} ncanvase=3
14:38:45 -- OPEN   VALVE-U (Microbone to Turbo)
---------------------------------------- open None (Microbone to Turbo) result=[(True, True)], time=0.21 sec
action=open, ok=True, locked=[False]
open () {'description': 'Microbone to Getter NP-10'}
opening name=--- desc=Microbone to Getter NP-10
checking ownership. requestor=129.138.12.150
check software interlocks M
interlocks []
actuate state mode=None-script, software_lock=False
doing actuation None-script open_channel False
GetData ===>> H2,0.132288482254998,H1,38.3420902369833,AX,8.24129195577251,L1,0.14589894029541,L2,0.05618406929...
Open M ===>> OK
GetValveState M ===>> OK
change switch state (True, True)
update switch state M True args=() kw={} ncanvase=3
14:38:45 -- OPEN   VALVE-M (Microbone to Getter NP-10)
---------------------------------------- open None (Microbone to Getter NP-10) result=[(True, True)], time=0.18 sec
Get Checksum: 1695186306
action=open, ok=True, locked=[False]
open () {'description': 'Microbone to Getter D-50'}
opening name=--- desc=Microbone to Getter D-50
checking ownership. requestor=129.138.12.150
check software interlocks K
interlocks []
actuate state mode=None-script, software_lock=False
doing actuation None-script open_channel False
Open K ===>> OK
GetValveState K ===>> OK
change switch state (True, True)
update switch state K True args=() kw={} ncanvase=3
14:38:46 -- OPEN   VALVE-K (Microbone to Getter D-50)
---------------------------------------- open None (Microbone to Getter D-50) result=[(True, True)], time=0.41 sec
GetData ===>> H2,-0.0690381115295543,H1,38.3141341609831,AX,8.15799346377836,L1,0.128339082181837,L2,0.02846414...
action=open, ok=True, locked=[False]
open () {'description': 'Microbone to CO2 Laser'}
opening name=--- desc=Microbone to CO2 Laser
checking ownership. requestor=129.138.12.150
check software interlocks T
interlocks []
actuate state mode=None-script, software_lock=False
doing actuation None-script open_channel False
Open T ===>> OK
GetValveState T ===>> OK
change switch state (True, True)
update switch state T True args=() kw={} ncanvase=3
14:38:47 -- OPEN   VALVE-T (Microbone to CO2 Laser)
---------------------------------------- open None (Microbone to CO2 Laser) result=[(True, True)], time=0.45 sec
action=open, ok=True, locked=[False]
open () {'description': 'Microbone to Inlet Pipette'}
opening name=--- desc=Microbone to Inlet Pipette
checking ownership. requestor=129.138.12.150
check software interlocks S
interlocks []
actuate state mode=None-script, software_lock=False
doing actuation None-script open_channel False
GetData ===>> H2,-0.0578086022044676,H1,38.2810842358534,AX,8.22565293237113,L1,0.113363306060659,L2,0.11159863...
Open S ===>> OK
GetValveState S ===>> OK
change switch state (True, True)
update switch state S True args=() kw={} ncanvase=3
14:38:48 -- OPEN   VALVE-S (Microbone to Inlet Pipette)
---------------------------------------- open None (Microbone to Inlet Pipette) result=[(True, True)], time=0.42 sec
action=open, ok=True, locked=[False]
sleep (1,) {}
SLEEP 1.0
GetData ===>> H2,-0.0854543835551811,H1,38.3033059625291,AX,8.05715860285165,L1,0.116051991961209,L2,0.02205697...
Get Checksum: 1695186306
set_resource () {'name': 'CO2PumpTimeFlag', 'value': 30}
Set CO2PumpTimeFlag 30 ===>> OK
release ('JanCO2Flag',) {}
release JanCO2Flag
Set JanCO2Flag 0 ===>> OK
executed 6.0
PumpMicrobone.py completed successfully
gosub finished
get_resource_value () {'name': 'JanMiniboneFlag'}
Read JanMiniboneFlag ===>> 0
Get Resource Value JanMiniboneFlag=0.0
get resource value 0.0
get_resource_value () {'name': 'JanMiniboneFlag'}
Read JanMiniboneFlag ===>> 0
Get Resource Value JanMiniboneFlag=0.0
executed 4.0
jan_pump_extraction_line.py completed successfully
Post Equilibration Finished
14:38:49 -- ******* Post Equilibration Finished *******
GetData ===>> H2,-0.0666997152596084,H1,38.3660435872891,AX,8.15049928728718,L1,0.117333834057752,L2,0.06536500...
GetData ===>> H2,-0.101736782208637,H1,38.3588215365841,AX,8.12115645501152,L1,0.102177693178602,L2,0.143683820...
Get Checksum: 1695186306
GetData ===>> H2,-0.0532437597803204,H1,38.2787685269027,AX,8.27532180690932,L1,0.107203018575853,L2,0.07552777...
GetData ===>> H2,0.0601018639261578,H1,38.2923366642946,AX,8.10281545507647,L1,0.0755959453392832,L2,-0.0069864...
GetData ===>> H2,-0.00970573163655575,H1,38.2955051532831,AX,8.06270155248782,L1,0.0869311569345731,L2,0.035316...
Get Checksum: 1695186306
GetData ===>> H2,-0.107867054544585,H1,38.2720489634967,AX,8.21071713605061,L1,0.0704289155336021,L2,0.15917156...
GetData ===>> H2,-0.204773749368157,H1,38.3163510787664,AX,8.09441933228007,L1,0.082355242071315,L2,0.107882279...
GetData ===>> H2,-0.130159059729575,H1,38.3963155607925,AX,8.14558002411311,L1,0.0819623321489971,L2,0.06008443...
Get Checksum: 1695186306
GetData ===>> H2,-0.146000771953679,H1,38.3658018974181,AX,8.18375589699757,L1,0.10524968630549,L2,0.1104244315...
GetData ===>> H2,-0.0822659544319547,H1,38.3450752586115,AX,8.1947592116724,L1,0.108488565066956,L2,0.062776002...
GetData ===>> H2,-0.135852182784845,H1,38.3036754124171,AX,8.17162945043855,L1,0.102919689813147,L2,0.182647462...
Get Checksum: 1695186306
GetData ===>> H2,-0.195822388748521,H1,38.4428285131719,AX,8.15434300540806,L1,0.0999701224552202,L2,0.06397354...
GetData ===>> H2,-0.0894635968257935,H1,38.2438678583062,AX,8.11948895428489,L1,0.122262349726761,L2,0.03017431...
GetData ===>> H2,-0.101015276554784,H1,38.3988042046841,AX,8.06497195486777,L1,0.119680677208734,L2,0.017394381...
Get Checksum: 1695186306
GetData ===>> H2,-0.0474173667955319,H1,38.3827640282845,AX,8.12468488028162,L1,0.089257579831724,L2,0.00890197...
GetData ===>> H2,-0.102862943366024,H1,38.4302916687092,AX,8.25966544903731,L1,0.0905541512449392,L2,0.00958589...
GetData ===>> H2,-0.211480940322751,H1,38.3931870535541,AX,7.94520957005173,L1,0.0789786434002853,L2,0.04434710...
Get Checksum: 1695186306
GetData ===>> H2,-0.146945024950756,H1,38.3622334745506,AX,8.06326914831565,L1,0.0903227805949257,L2,0.01323357...
14:39:08 -- collecting point 25
GetData ===>> H2,-0.1891491560506,H1,38.3931443926588,AX,8.06218226547175,L1,0.0895298942407455,L2,0.1247780263...
GetData ===>> H2,-0.0771346890920598,H1,38.4278469953791,AX,8.0303779880288,L1,0.117401430987529,L2,0.000330532...
Get Checksum: 1695186306
GetData ===>> H2,-0.116777852278248,H1,38.427619586453,AX,7.99682483781978,L1,0.125726996386937,L2,-0.012889862...
GetData ===>> H2,-0.144815954185491,H1,38.364621889198,AX,8.05447780784995,L1,0.10413693774331,L2,0.07353163772...
GetData ===>> H2,-0.233391325919288,H1,38.3951636917667,AX,8.01531247460633,L1,0.0839475272243206,L2,0.01191127...
Get Checksum: 1695186306
GetData ===>> H2,-0.272233068077972,H1,38.4336318556838,AX,8.09073492235836,L1,0.0875106042569076,L2,0.00496950...
GetData ===>> H2,-0.182132893748788,H1,38.3219788243819,AX,8.16718062918549,L1,0.0922510310636945,L2,0.11960181...
Get Checksum: 1695186306
GetData ===>> H2,-0.189563090254936,H1,38.3401002640674,AX,8.00900185463484,L1,0.0931224798256178,L2,0.09163918...
GetData ===>> H2,-0.195068188823255,H1,38.3713182352588,AX,7.9885626953611,L1,0.0823889896478088,L2,0.098888392...
GetData ===>> H2,-0.21404931487302,H1,38.4782571935753,AX,7.91842202368061,L1,0.11037497190289,L2,0.09267637811...
Get Checksum: 1695186306
GetData ===>> H2,-0.284841904569379,H1,38.3531209746544,AX,8.05398271382617,L1,0.101829033871073,L2,0.084208171...
GetData ===>> H2,-0.310580949197418,H1,38.2920382907451,AX,7.99279031567827,L1,0.0897214826652201,L2,0.03600052...
GetData ===>> H2,-0.304718076369552,H1,38.3672093923682,AX,8.03552105579966,L1,0.100891694523747,L2,0.014761083...
Get Checksum: 1695186306
GetData ===>> H2,-0.212895167342217,H1,38.4491542918249,AX,8.17654997729522,L1,0.0792545615080294,L2,0.05408569...
GetData ===>> H2,-0.121200331701828,H1,38.4209538548624,AX,7.99928911598774,L1,0.0668192220130189,L2,0.11366206...
GetData ===>> H2,-0.113953545014886,H1,38.3723987849208,AX,7.99179982881218,L1,0.0643789862161926,L2,-0.0211061...
Get Checksum: 1695186306
GetData ===>> H2,-0.103453050554697,H1,38.2616791331079,AX,8.13319227346927,L1,0.0605933439286547,L2,0.06408760...
GetData ===>> H2,-0.112502549623557,H1,38.3787685397373,AX,8.01394848018439,L1,0.104748150685163,L2,0.042180568...
GetData ===>> H2,-0.126897365412906,H1,38.3225757220697,AX,8.06590186839333,L1,0.115863712436443,L2,0.106856318...
Get Checksum: 1695186306
GetData ===>> H2,-0.15860381955522,H1,38.3205718630809,AX,7.95482052892568,L1,0.0765065603925462,L2,0.042203374...
GetData ===>> H2,-0.260770550845927,H1,38.5502274187688,AX,8.11344751464302,L1,0.0594942872002527,L2,0.06415603...
GetData ===>> H2,-0.166047786840026,H1,38.3663847973524,AX,8.06186827926408,L1,0.0518535524511596,L2,-0.0116134...
Get Checksum: 1695186306
GetData ===>> H2,-0.0830665319500564,H1,38.3704509590584,AX,7.96589358036264,L1,0.0882430924526861,L2,0.0877070...
GetData ===>> H2,-0.0216165205864158,H1,38.3770481036814,AX,8.08377718879992,L1,0.10138870277399,L2,0.033503532...
GetData ===>> H2,-0.0428519144922034,H1,38.4101530335364,AX,8.08895920539247,L1,0.0689374586833259,L2,0.1382899...
Get Checksum: 1695186306
14:39:35 -- collecting point 50
GetData ===>> H2,-0.139576684399222,H1,38.3353528913414,AX,7.91290604484867,L1,0.0962593524351073,L2,0.04302436...
GetData ===>> H2,-0.174542559128282,H1,38.3424455927835,AX,7.90850071950881,L1,0.116624093530408,L2,-0.02761249...
GetData ===>> H2,-0.188195836315136,H1,38.3581391607023,AX,8.06935590760208,L1,0.0938517581283549,L2,0.01505746...
Get Checksum: 1695186306
GetData ===>> H2,-0.146127757619334,H1,38.2978353962197,AX,8.10613785393148,L1,0.0397520793028001,L2,0.15925140...
GetData ===>> H2,-0.0984212680588653,H1,38.2835704765061,AX,8.04029009595452,L1,0.0546697237777182,L2,0.1703384...
Get Checksum: 1695186306
testing age>100.0
evaluate ot="age>100.0" t="age>100.0", ctx="{'age': 29.09324944804462}"
GetData ===>> H2,-0.202848975451546,H1,38.3616505949024,AX,8.04393645017295,L1,0.111352085469858,L2,0.090681780...
GetData ===>> H2,-0.226395870091408,H1,38.4192910331642,AX,7.98259601139121,L1,0.0994382060958372,L2,0.15346886...
GetData ===>> H2,-0.150746907561093,H1,38.3493965651318,AX,7.97815142251698,L1,0.110900912673553,L2,-0.06423831...
Get Checksum: 1695186306
GetData ===>> H2,-0.182024958793963,H1,38.3915801703649,AX,7.98557930945993,L1,0.0901203356173011,L2,-0.0081945...
GetData ===>> H2,-0.225291708021831,H1,38.3596887282335,AX,7.99704227171826,L1,0.0867625090656423,L2,0.03198712...
testing age>100.0
evaluate ot="age>100.0" t="age>100.0", ctx="{'age': 29.06476117005148}"
GetData ===>> H2,-0.162189362528492,H1,38.389276534877,AX,7.90741450434842,L1,0.0945810890036493,L2,0.123227415...
Get Checksum: 1695186306
GetData ===>> H2,-0.214670108629427,H1,38.422574062398,AX,8.03169391244983,L1,0.0979330704796479,L2,0.060859961...
GetData ===>> H2,-0.207699371402111,H1,38.413350543226,AX,8.021154923912,L1,0.113930429050677,L2,0.079934462269...
GetData ===>> H2,-0.11932548653917,H1,38.3464398648094,AX,7.97370702858648,L1,0.0966403762966394,L2,0.039786038...
Get Checksum: 1695186306
GetData ===>> H2,-0.172392833468978,H1,38.3569734442682,AX,7.98246315400588,L1,0.0844029384872994,L2,0.02488428...
testing age>100.0
evaluate ot="age>100.0" t="age>100.0", ctx="{'age': 29.009218824301215}"
testing Ar39<0.5
evaluate ot="Ar39<0.5" t="Ar39<0.5", ctx="{'Ar39': 8.283430099606438}"
GetData ===>> H2,-0.0884838254585913,H1,38.3390484346531,AX,7.99090598312167,L1,0.0990136579989784,L2,0.1036531...
GetData ===>> H2,-0.23894095159101,H1,38.2929902470594,AX,8.06925928952078,L1,0.0804330214182299,L2,0.131824502...
Get Checksum: 1695186306
GetData ===>> H2,-0.133004243469958,H1,38.26676449888,AX,7.89288447942501,L1,0.0755971498023657,L2,0.1053173967...
GetData ===>> H2,-0.120152025705693,H1,38.4129810488382,AX,7.96275387906626,L1,0.09354075367932,L2,0.0644753812...
GetData ===>> H2,-0.154364528224158,H1,38.2868381859178,AX,7.9442195481952,L1,0.118206593391666,L2,0.0449628601...
Get Checksum: 1695186306
testing age>100.0
evaluate ot="age>100.0" t="age>100.0", ctx="{'age': 29.060999173922475}"
testing Ar39<0.5
evaluate ot="Ar39<0.5" t="Ar39<0.5", ctx="{'Ar39': 8.278783449386108}"
GetData ===>> H2,-0.200299628560225,H1,38.2801749950749,AX,8.02513860518361,L1,0.118374393915581,L2,0.125370913...
GetData ===>> H2,-0.208362281443399,H1,38.1952187454929,AX,8.02621301876045,L1,0.107863860736366,L2,0.144915449...
GetData ===>> H2,-0.217428840664508,H1,38.1999785440019,AX,8.01915107070657,L1,0.0628845333922473,L2,0.00532284...
GetData ===>> H2,-0.270280679399268,H1,38.2829879811889,AX,8.05293215646808,L1,0.049366447387819,L2,0.022079778...
GetData ===>> H2,-0.31375735354132,H1,38.2597615235596,AX,7.95945729741162,L1,0.105107421273221,L2,0.0098252708...
Get Checksum: 1695186306
testing age>100.0
evaluate ot="age>100.0" t="age>100.0", ctx="{'age': 29.147859522803397}"
testing Ar39<0.5
evaluate ot="Ar39<0.5" t="Ar39<0.5", ctx="{'Ar39': 8.261736296543358}"
14:40:01 -- collecting point 75
GetData ===>> H2,-0.271480638969412,H1,38.2992847166237,AX,7.8262106771982,L1,0.122334810270927,L2,0.0005926791...
GetData ===>> H2,-0.148917030830881,H1,38.358423483512,AX,7.96688381402939,L1,0.0794545767220041,L2,-0.03330950...
Get Checksum: 1695186306
GetData ===>> H2,-0.141655384371952,H1,38.3375986309353,AX,7.9161649019436,L1,0.0441086354216922,L2,0.080059821...
GetData ===>> H2,-0.0799966678872165,H1,38.435806580866,AX,7.92776486994935,L1,0.0948692193246226,L2,0.12958964...
GetData ===>> H2,-0.213111999845148,H1,38.3834749833319,AX,8.03532788421822,L1,0.0722781943210779,L2,0.07022383...
Get Checksum: 1695186306
testing age>100.0
evaluate ot="age>100.0" t="age>100.0", ctx="{'age': 29.229243400770525}"
testing Ar39<0.5
evaluate ot="Ar39<0.5" t="Ar39<0.5", ctx="{'Ar39': 8.262931233000106}"
GetData ===>> H2,-0.326032184497752,H1,38.3556229333761,AX,7.91524758341848,L1,0.091266372244411,L2,0.052717213...
GetData ===>> H2,-0.217769763659196,H1,38.2814678238864,AX,7.87342185677869,L1,0.0856157781331658,L2,0.04785926...
GetData ===>> H2,-0.152529442064466,H1,38.4007524935602,AX,7.91387162120616,L1,0.0813934834878793,L2,0.01648240...
Get Checksum: 1695186306
GetData ===>> H2,-0.201216435003172,H1,38.2706283854749,AX,7.97893645800636,L1,0.0840415534153825,L2,0.01407712...
GetData ===>> H2,-0.255512043680959,H1,38.247901438675,AX,7.97140036836244,L1,0.100230663117553,L2,0.0059611517...
testing age>100.0
evaluate ot="age>100.0" t="age>100.0", ctx="{'age': 29.257879689595732}"
testing Ar39<0.5
evaluate ot="Ar39<0.5" t="Ar39<0.5", ctx="{'Ar39': 8.26180779315687}"
GetData ===>> H2,-0.185013027746827,H1,38.3307478360807,AX,7.97071200349524,L1,0.12432345945316,L2,0.0957196447...
Get Checksum: 1695186306
GetData ===>> H2,-0.23739793082244,H1,38.26676449888,AX,8.08116816181557,L1,0.0660033379495487,L2,0.08925709281...
GetData ===>> H2,-0.128787180697023,H1,38.1897771788632,AX,7.95490505145238,L1,0.0748576364774575,L2,-0.0015842...
GetData ===>> H2,-0.0933818380629867,H1,38.2260876448152,AX,8.00618699751449,L1,0.0622198784174644,L2,0.0914454...
Get Checksum: 1695186306
GetData ===>> H2,-0.226880590091402,H1,38.2989152803382,AX,7.95892599025835,L1,0.0847245014622083,L2,0.06460083...
testing age>100.0
evaluate ot="age>100.0" t="age>100.0", ctx="{'age': 29.368624366113476}"
testing Ar39<0.5
evaluate ot="Ar39<0.5" t="Ar39<0.5", ctx="{'Ar39': 8.247567673614975}"
GetData ===>> H2,-0.10047107124901,H1,38.3634703261655,AX,7.92857365814781,L1,0.0849533352746301,L2,0.001276544...
GetData ===>> H2,-0.0934807250179604,H1,38.3562199994637,AX,7.94086320462873,L1,0.0382754628332519,L2,0.0376880...
Get Checksum: 1695186306
GetData ===>> H2,-0.0683396270135661,H1,38.3667117912456,AX,7.97170228425317,L1,0.0843511521476902,L2,0.0413595...
GetData ===>> H2,0.00967874624917393,H1,38.2337561017797,AX,7.9469119473277,L1,0.0902613236555678,L2,-0.0270883...
GetData ===>> H2,-0.116627655251392,H1,38.2258746391629,AX,7.96716156423477,L1,0.0674305765548,L2,0.09045382877...
Get Checksum: 1695186306
testing age>100.0
evaluate ot="age>100.0" t="age>100.0", ctx="{'age': 29.427241859394318}"
testing Ar39<0.5
evaluate ot="Ar39<0.5" t="Ar39<0.5", ctx="{'Ar39': 8.241681363878547}"
GetData ===>> H2,-0.00871872233749917,H1,38.2888841017419,AX,8.01100328050735,L1,0.100834998531561,L2,0.1875646...
GetData ===>> H2,-0.0169629290248173,H1,38.2928339552028,AX,7.93598583879821,L1,0.1279491578645,L2,-0.018621931...
GetData ===>> H2,-0.13067370247086,H1,38.2669349618248,AX,7.89476698970689,L1,0.0963172285531806,L2,-0.04249236...
Get Checksum: 1695186306
GetData ===>> H2,-0.138369566091724,H1,38.4473773538388,AX,7.78304854089489,L1,0.0969599168623886,L2,0.00696421...
GetData ===>> H2,-0.232768277472641,H1,38.4097551272153,AX,7.81366257564958,L1,0.0666314906405248,L2,-0.0133571...
set states for children of V. state=True
handle state [('V', True)]
update switch state V True args=() kw={'refresh': False} ncanvase=3
refresh_canvas_needed fired
Get Checksum: -1097334291
testing age>100.0
evaluate ot="age>100.0" t="age>100.0", ctx="{'age': 29.47718690272335}"
testing Ar39<0.5
evaluate ot="Ar39<0.5" t="Ar39<0.5", ctx="{'Ar39': 8.245395408828147}"
14:40:27 -- collecting point 100
GetData ===>> H2,-0.220205783679779,H1,38.3294402602088,AX,7.8243078579569,L1,0.0653150622181754,L2,0.092311648...
GetData ===>> H2,-0.133703447676607,H1,38.3399012686018,AX,7.99984479483467,L1,0.0771425941657256,L2,-0.0239092...
GetData ===>> H2,-0.152245639332508,H1,38.2009589440173,AX,8.01390019753242,L1,0.0896660541945082,L2,0.14832531...
Get Checksum: -1097334291
GetData ===>> H2,-0.17306329536954,H1,38.2556707262665,AX,7.9451612760782,L1,0.0996070654032308,L2,0.0172119858...
GetData ===>> H2,-0.103761626513151,H1,38.2759414339975,AX,7.9176736675851,L1,0.0813284053845594,L2,0.016790198...
testing age>100.0
evaluate ot="age>100.0" t="age>100.0", ctx="{'age': 29.54991673333446}"
testing Ar39<0.5
evaluate ot="Ar39<0.5" t="Ar39<0.5", ctx="{'Ar39': 8.238358142974805}"
GetData ===>> H2,-0.093446859719286,H1,38.2423339973608,AX,7.93826754754339,L1,0.0808596143873162,L2,0.04673034...
Get Checksum: -1097334291
GetData ===>> H2,-0.134449939231324,H1,38.3314869070453,AX,7.85614633222054,L1,0.111166306001487,L2,0.025420115...
GetData ===>> H2,-0.196026060708505,H1,38.2480292656358,AX,7.96097878330892,L1,0.108761131543807,L2,-0.02183538...
GetData ===>> H2,-0.23661098325834,H1,38.2284875347977,AX,7.97276503534534,L1,0.0886286338639704,L2,0.226226592...
Get Checksum: -1097334291
GetData ===>> H2,-0.174696467790715,H1,38.220805216956,AX,7.90113882259403,L1,0.0471035698984671,L2,0.040664026...
testing age>100.0
evaluate ot="age>100.0" t="age>100.0", ctx="{'age': 29.571461478004057}"
testing Ar39<0.5
evaluate ot="Ar39<0.5" t="Ar39<0.5", ctx="{'Ar39': 8.233173105348257}"
GetData ===>> H2,-0.111031061805049,H1,38.1433847704178,AX,7.88130057087266,L1,0.0445886692431148,L2,-0.0355198...
GetData ===>> H2,-0.131266189492797,H1,38.1503865089868,AX,7.94817969366904,L1,0.0990015972336769,L2,0.07984329...
Get Checksum: -1097334291
GetData ===>> H2,-0.143520213578144,H1,38.2574036163181,AX,7.89670987354554,L1,0.108804549890216,L2,-0.08758494...
GetData ===>> H2,-0.116752143018188,H1,38.1105119243431,AX,7.98218536185403,L1,0.0823504209981533,L2,0.07571028...
GetData ===>> H2,-0.145364471300232,H1,38.1022631863812,AX,7.95246600116553,L1,0.0853423646399066,L2,0.09108069...
Get Checksum: -1097334291
testing age>100.0
evaluate ot="age>100.0" t="age>100.0", ctx="{'age': 29.621788415121376}"
testing Ar39<0.5
evaluate ot="Ar39<0.5" t="Ar39<0.5", ctx="{'Ar39': 8.226677438605213}"
GetData ===>> H2,-0.228691373924186,H1,38.2032465754119,AX,7.97784948740969,L1,0.0968019540384962,L2,0.11248784...
GetData ===>> H2,-0.213829806971109,H1,38.2382295961453,AX,7.84191312836404,L1,0.0528507313276782,L2,-0.0174823...
GetData ===>> H2,-0.265497040996992,H1,38.3379966145147,AX,7.7982638984657,L1,0.0888370733097259,L2,0.123056393...
Get Checksum: -1097334291
GetData ===>> H2,-0.164346893970747,H1,38.2990147438409,AX,7.92366067115261,L1,0.116537189944705,L2,0.098990979...
GetData ===>> H2,-0.171582020690382,H1,38.2939990448801,AX,7.98740315032491,L1,0.14397577086588,L2,0.0723339727...
testing age>100.0
evaluate ot="age>100.0" t="age>100.0", ctx="{'age': 29.68984193970113}"
testing Ar39<0.5
evaluate ot="Ar39<0.5" t="Ar39<0.5", ctx="{'Ar39': 8.223310400377803}"
GetData ===>> H2,-0.25597312490783,H1,38.2790526605498,AX,7.95131894336063,L1,0.130757430853411,L2,0.0856213868...
Get Checksum: -1097334291
measurement finished
estimated time: 125.829 actual time: :126.112
flush and close file /Users/jan/PychronDev/data/isotopes/db/5747e3-667f-40c9-b90e-1586d4a6e637.h5
baselines () {'settling_time': 15.0, 'detector': 'H1', 'mass': 34.2, 'ncounts': 60.0}
%%%%%%%%%%%%%%%%%%%%%%%%%%%%%%%% Baseline
build tables- baseline [Detector(H2), Detector(H1), Detector(AX), Detector(L1), Detector(L2), Detector(CDD)]
add group baseline table H2
add group baseline table H1
add group baseline table AX
add group baseline table L1
add group baseline table L2
add group baseline table CDD
flush and close file /Users/jan/PychronDev/data/isotopes/db/5747e3-667f-40c9-b90e-1586d4a6e637.h5
detector Detector(H1)
POSITION 34.2 H1
Mapping mass to dac mass func: "parabolic"
H1 map mass coeffs = [-0.00063987  0.15840543  0.57062999]
H1 map mass to dac 34.2 >> 5.23967599104
GetDeflection H1 ===>> 0
GetHighVoltage ===>> 4499.94659342336
positioning 34.2 (5.23964513508) on H1
setting magnet DAC
current  : 5.878985
requested: 5.239645
Delta Dac: 0.639340
Checking detector protection. dv=0.63934
Checking detector "CDD". Protection Threshold: 0.1 (V)
ProtectDetector CDD,On ===>> OK
GetDeflection CDD ===>> 2000
SetMagnetDAC 5.23964513508 ===>> OK
Magnet settling time: 0.500
GetMagnetMoving ===>> True
GetMagnetMoving ===>> True
GetMagnetMoving ===>> True
GetMagnetMoving ===>> True
GetMagnetMoving ===>> True
GetMagnetMoving ===>> True
Get Checksum: -1097334291
GetMagnetMoving ===>> True
GetMagnetMoving ===>> True
GetMagnetMoving ===>> False
ProtectDetector CDD,Off ===>> OK
GetDeflection CDD ===>> 50
Delaying 15.0s for detectors to settle
Get Checksum: -1097334291
Get Checksum: -1097334291
Get Checksum: -1097334291
Get Checksum: -1097334291
Get Checksum: -1097334291
Join finished
measuring baseline. ncounts=60.0
starting measurement
GetData ===>> H2,-0.1665121132231,H1,-0.0227358834367529,AX,-0.0879865326531962,L1,-0.0289794882435113,L2,0.068...
GetData ===>> H2,-0.229838277947423,H1,-0.0674717632956455,AX,-0.0709241199843536,L1,-0.0327245714261811,L2,0.0...
Get Checksum: -1097334291
GetData ===>> H2,-0.179737845055501,H1,-0.0161168044360725,AX,-0.150942283372368,L1,0.0131487837600842,L2,0.007...
GetData ===>> H2,-0.248776497660161,H1,0.0237261778458954,AX,-0.0333693195859134,L1,-0.0359953162986462,L2,-0.0...
GetData ===>> H2,-0.233521852233656,H1,0.0161858101545455,AX,0.0551269993632923,L1,-0.0569688178487706,L2,-0.07...
Get Checksum: -1097334291
GetData ===>> H2,-0.220710976525548,H1,-0.0510439048775123,AX,-0.145110417533021,L1,-0.0540435162885049,L2,-0.0...
GetData ===>> H2,-0.0987800780089456,H1,-0.0338621055475884,AX,-0.101859128728034,L1,-0.0692510758514759,L2,-0....
GetData ===>> H2,-0.153644312591458,H1,-0.0258842646880584,AX,-0.0846484699476221,L1,-0.041857711927159,L2,-0.0...
Get Checksum: -1097334291
GetData ===>> H2,-0.182959911191801,H1,0.0347991394671123,AX,-0.0292871590342918,L1,0.0162562877984989,L2,-0.00...
GetData ===>> H2,-0.144980782313745,H1,-0.0854701664077638,AX,0.00888700822907351,L1,-0.028678815069972,L2,0.06...
GetData ===>> H2,-0.108657118293907,H1,-0.0259558176564532,AX,-0.0887978500384033,L1,-0.0621069935366569,L2,-0....
Get Checksum: -1097334291
GetData ===>> H2,-0.19231867021905,H1,0.0017270735655607,AX,-0.124014093528256,L1,-0.0584480778545418,L2,0.0389...
GetData ===>> H2,-0.212549034791942,H1,-0.0435801406944546,AX,-0.0956358277639935,L1,-0.0467950908337583,L2,0.0...
GetData ===>> H2,-0.200563892156614,H1,0.0219484134108995,AX,-0.066066812769951,L1,-0.0055168212366207,L2,-0.06...
Get Checksum: -1097334291
GetData ===>> H2,-0.211844615593903,H1,-0.01187082241334,AX,-0.0766853370932265,L1,-0.0289124065616224,L2,-0.02...
GetData ===>> H2,-0.267451602004961,H1,0.0102445913739092,AX,-0.0221661623283226,L1,-0.0594796010849649,L2,0.04...
GetData ===>> H2,-0.163894629483648,H1,-0.0689498998719394,AX,-0.0961109914086564,L1,-0.0682086006831145,L2,-0....
Get Checksum: -1097334291
GetData ===>> H2,-0.156312799719768,H1,-0.0227239575618874,AX,-0.113192162620915,L1,-0.0426420600344783,L2,-0.0...
GetData ===>> H2,-0.182513356258343,H1,0.0481050182115752,AX,0.0320006162671062,L1,-0.00609256604342468,L2,-0.0...
GetData ===>> H2,-0.195073579380002,H1,0.0170448107198464,AX,-0.0522007069315676,L1,0.0122316048406253,L2,-0.03...
Get Checksum: -1097334291
GetData ===>> H2,-0.191468071084896,H1,-0.0713577852811341,AX,-0.0867579534480054,L1,-0.050703524964508,L2,0.01...
GetData ===>> H2,-0.134863734042922,H1,0.0254443157545527,AX,-0.13948691555874,L1,-0.0721722985488322,L2,0.0116...
Get Checksum: -1097334291
GetData ===>> H2,-0.100456179692687,H1,-0.0483255376440226,AX,-0.0685360708423394,L1,-0.0392443731439514,L2,-0....
GetData ===>> H2,-0.246429071478803,H1,-0.0529753314622237,AX,-0.0109037179846396,L1,-0.0148729112889065,L2,0.0...
14:41:33 -- collecting point 25
GetData ===>> H2,-0.248685031166206,H1,-0.0761137847238967,AX,0.00824890914744203,L1,0.00893333195159867,L2,0.0...
Get Checksum: -1097334291
GetData ===>> H2,-0.193256816355152,H1,-0.0103918425594649,AX,-0.106679885269911,L1,-0.00101408109097681,L2,-0....
GetData ===>> H2,-0.166702427550425,H1,-0.0482659235000902,AX,-0.034343446230975,L1,-0.00834724954491119,L2,-0....
GetData ===>> H2,-0.198740887072228,H1,-0.0111671169823023,AX,-0.00160048971774454,L1,-0.0110138402239717,L2,0....
Get Checksum: -1097334291
GetData ===>> H2,-0.226616689558877,H1,0.0218410326775722,AX,-0.0608034901988327,L1,-0.0280379079823503,L2,0.05...
GetData ===>> H2,-0.245056710906722,H1,-0.0238211320987556,AX,-0.0548326364650371,L1,-0.0318001074900681,L2,-0....
GetData ===>> H2,-0.306881615808957,H1,-0.0502331714999247,AX,-0.0339375613138067,L1,0.0124897030329017,L2,-0.0...
GetData ===>> H2,-0.254691998452585,H1,-0.0535475988471255,AX,0.00329508220309559,L1,0.00552217185486381,L2,-0....
GetData ===>> H2,-0.303093806480939,H1,-0.0246917076842433,AX,-0.0821796207332056,L1,-0.0218315755008686,L2,-0....
Get Checksum: -1097334291
GetData ===>> H2,-0.309996006762812,H1,-0.0471928628368311,AX,-0.184859883258857,L1,-0.0225975378890562,L2,0.00...
GetData ===>> H2,-0.304142225670122,H1,0.0241079837217885,AX,-0.15061765589577,L1,-0.0384765308113295,L2,0.0003...
GetData ===>> H2,-0.254925919067576,H1,-0.0536191320401834,AX,-0.0900959437830248,L1,-0.0175655726231956,L2,-0....
set states for children of Q. state=False
handle state [('Q', False)]
update switch state Q False args=() kw={'refresh': False} ncanvase=3
refresh_canvas_needed fired
Get Checksum: -2107522168
GetData ===>> H2,-0.236370179800086,H1,-0.0398838213496731,AX,-0.105393601000419,L1,-0.0275191626170889,L2,0.02...
GetData ===>> H2,-0.13904951527185,H1,0.00272909686882556,AX,-0.0468206823673676,L1,-0.0409104251967883,L2,-0.0...
set states for children of I. state=True
handle state [('I', True)]
update switch state I True args=() kw={'refresh': False} ncanvase=3
refresh_canvas_needed fired
GetData ===>> H2,-0.112593242267088,H1,0.0468877253246848,AX,-0.0168888661127279,L1,-0.041460125842101,L2,-0.02...
Get Checksum: 611344307
State checksums do not match. Local:1814532534 Remote:611344307
State checksum failed
GetData ===>> H2,-0.0900367849061363,H1,-0.04683517339219,AX,0.0283916542931024,L1,-0.0436945470229604,L2,0.019...
set states for children of B. state=False
set states for children of D. state=False
handle state [('B', False), ('D', False)]
update switch state B False args=() kw={'refresh': True} ncanvase=3
update switch state D False args=() kw={'refresh': False} ncanvase=3
refresh_canvas_needed fired
GetData ===>> H2,-0.174427801308331,H1,-0.0311194218264752,AX,0.0045132129957593,L1,-0.0168376056420548,L2,-0.0...
GetData ===>> H2,-0.18397437536893,H1,-0.138541654001867,AX,-0.119240542210108,L1,0.0371621311033701,L2,-0.0222...
set states for children of Y. state=True
handle state [('Y', True)]
update switch state Y True args=() kw={'refresh': False} ncanvase=3
refresh_canvas_needed fired
Get Checksum: 393193677
GetData ===>> H2,-0.0431626156961751,H1,-0.0270648821249385,AX,-0.0804177745397133,L1,-0.014615733197336,L2,-0....
GetData ===>> H2,-0.0457773504111229,H1,0.00255016340042782,AX,-0.0675854718662595,L1,-0.0657059792296915,L2,0....
GetData ===>> H2,-0.185242327767968,H1,-0.0118231137269163,AX,-0.0789572725900257,L1,-0.0807286574018655,L2,-0....
Get Checksum: 393193677
GetData ===>> H2,-0.171165124306641,H1,-0.111139107671509,AX,0.0310490441745286,L1,-0.0792500298464693,L2,-0.06...
GetData ===>> H2,-0.174466954107,H1,-0.00331867706930815,AX,0.00538331575191655,L1,-0.0758209746071928,L2,-0.04...
GetData ===>> H2,-0.207716887817651,H1,-0.0745403963960943,AX,-0.104315890275594,L1,-0.0335399930173306,L2,-0.0...
Get Checksum: 393193677
GetData ===>> H2,-0.194917252191762,H1,0.00602152977420292,AX,-0.0542877053565233,L1,-0.00263640338166153,L2,-0...
14:41:59 -- collecting point 50
GetData ===>> H2,-0.148234971703179,H1,-0.0730861821538252,AX,-0.0460553960897266,L1,-0.00120008544768399,L2,0....
GetData ===>> H2,-0.164962484682039,H1,-0.0461555599253092,AX,-0.0484324019652965,L1,-0.0132362586241475,L2,-0....
Get Checksum: 393193677
GetData ===>> H2,-0.234896996595121,H1,-0.0276849988364745,AX,-0.0343666396036628,L1,-0.00810861279466162,L2,-0...
GetData ===>> H2,-0.180458436930308,H1,-0.0375586472974419,AX,-0.100259882686323,L1,0.00672788436378249,L2,0.02...
Get Checksum: 393193677
GetData ===>> H2,-0.159025230323483,H1,0.0130600647522573,AX,-0.130895937265794,L1,-0.00191886999056395,L2,0.05...
testing age>100.0
evaluate ot="age>100.0" t="age>100.0", ctx="{'age': 29.721708125050423}"
GetData ===>> H2,-0.231115619676193,H1,0.00144078303547803,AX,-0.147232190501213,L1,-0.0497163879854424,L2,0.02...
GetData ===>> H2,-0.304283170870722,H1,0.0378420320088726,AX,-0.129725826471337,L1,-0.0651534770347627,L2,-0.06...
Get Checksum: 611344307
State checksums do not match. Local:393193677 Remote:611344307
State checksum failed
GetData ===>> H2,-0.26585060772843,H1,-0.042912428593511,AX,-0.024033444760994,L1,-0.0429174654583008,L2,0.0157...
set states for children of Y. state=False
set states for children of Z. state=True
handle state [('Y', False), ('Z', True)]
update switch state Y False args=() kw={'refresh': True} ncanvase=3
update switch state Z True args=() kw={'refresh': False} ncanvase=3
refresh_canvas_needed fired
GetData ===>> H2,-0.160028719164723,H1,-0.00668236952863206,AX,-0.0774851571705884,L1,-0.0367381873892869,L2,-0...
GetData ===>> H2,-0.153184864080179,H1,-0.0770554219648776,AX,-0.0630873898033012,L1,-0.0556509439687522,L2,-0....
Get Checksum: 378530779
testing age>100.0
evaluate ot="age>100.0" t="age>100.0", ctx="{'age': 29.713924752879084}"
GetData ===>> H2,-0.191012414825081,H1,-0.0403369259014184,AX,0.00621862171493656,L1,-0.0493131295788847,L2,-0....
measurement finished
estimated time: 62.915 actual time: :63.103
flush and close file /Users/jan/PychronDev/data/isotopes/db/5747e3-667f-40c9-b90e-1586d4a6e637.h5
activate_detectors ('H1', 'AX', 'CDD') {'peak_center': True}
peak_center () {'detector': 'H1', 'isotope': 'Ar40'}
peak center: mean=38.2272104471 threshold=3
peak center started
setup peak center. detector=['H1', 'AX', 'CDD'], isotope=Ar40
VersionedUnpickler [<apptools.sweet_pickle.versioned_unpickler.VersionedUnpickler object at 0x13db30fb0>] using Updater [<apptools.sweet_pickle.updater.Updater object at 0x137c6f7d0>]
VersionedUnpickler [<apptools.sweet_pickle.versioned_unpickler.VersionedUnpickler object at 0x13db30fb0>] using Updater [<apptools.sweet_pickle.updater.Updater object at 0x137c6f7d0>]
VersionedUnpickler [<apptools.sweet_pickle.versioned_unpickler.VersionedUnpickler object at 0x13a3701d0>] using Updater [<apptools.sweet_pickle.updater.Updater object at 0x137c6f7d0>]
setting integration time = 0.524288
SetIntegrationTime 0.524288 ===>> OK
Mapping mass to dac mass func: "parabolic"
H1 map mass coeffs = [-0.00063987  0.15840543  0.57062999]
H1 map mass to dac 39.9624 >> 5.87902
GetDeflection H1 ===>> 0
GetHighVoltage ===>> 4499.94659342336
do peak center. <pychron.spectrometer.jobs.peak_center.PeakCenter object at 0x13a1fcef0>
doing pc
starting peak center. center dac= 5.878985379 step_width=0.001
width = 0.001
get scan parameters. half-width=0.015,window=0.015, i=0, scalar=1
Scan parameters center=5.87899 width=0.03000 (5.86399 - 5.89399)
GetData ===>> H2,-0.119069801844969,H1,-0.0341602188146382,AX,-0.0521659232453044,L1,-0.0326455402674563,L2,-0....
Moving to starting dac 5.863985379
setting magnet DAC
current  : 5.239645
requested: 5.863985
Delta Dac: 0.624340
Checking detector protection. dv=0.62434
Checking detector "CDD". Protection Threshold: 0.1 (V)
ProtectDetector CDD,On ===>> OK
GetDeflection CDD ===>> 2000
SetMagnetDAC 5.863985379 ===>> OK
Magnet settling time: 0.500
GetMagnetMoving ===>> True
GetMagnetMoving ===>> True
GetMagnetMoving ===>> True
GetMagnetMoving ===>> True
GetMagnetMoving ===>> True
Get Checksum: 378530779
GetMagnetMoving ===>> True
GetMagnetMoving ===>> True
GetMagnetMoving ===>> True
GetMagnetMoving ===>> False
ProtectDetector CDD,Off ===>> OK
GetDeflection CDD ===>> 50
Wait until signal near baseline. tol= -0.025620164111. timeout= 10
GetData ===>> H2,-0.0822144771300347,H1,-0.0108689352226186,AX,-0.146812680125145,L1,0.00965885427972225,L2,-0....
GetData ===>> H2,2.03120194927798,H1,1.05383425717613,AX,0.0115902743692579,L1,-0.00322191113820279,L2,-0.00528...
GetData ===>> H2,2.45417798379519,H1,1.23886946718421,AX,0.12656082920655,L1,-0.0543437261446145,L2,-0.11834713...
GetData ===>> H2,1.24695304858086,H1,0.632315615415169,AX,-0.0171556374033681,L1,-0.0401558851554774,L2,-0.1139...
GetData ===>> H2,0.346661945914316,H1,0.258653973492584,AX,-0.0362916702708515,L1,-0.0202155840763389,L2,-0.009...
Get Checksum: 378530779
GetData ===>> H2,0.0284467113916947,H1,0.136806734611228,AX,-0.0144646934831579,L1,-0.0317720402318958,L2,0.051...
GetData ===>> H2,-0.0618934916326728,H1,0.00404128541002819,AX,-0.123805545208659,L1,-0.00986168155832104,L2,-0...
GetData ===>> H2,-0.0786375887734832,H1,0.096446356442015,AX,-0.00363057172984976,L1,0.011443065548705,L2,-0.04...
GetData ===>> H2,-0.241384153280131,H1,0.0702933709460176,AX,-0.0924718740805748,L1,-0.00385297358570722,L2,-0....
GetData ===>> H2,-0.255868274272058,H1,0.0319114603091865,AX,-0.091359250530477,L1,-0.0339061493480859,L2,-0.21...
GetData ===>> H2,-0.245693130228022,H1,-0.0675313659993957,AX,-0.119750350125122,L1,-0.0377242040532039,L2,-0.1...
Peak center baseline intensity achieved
_do_sweep sm= 5.863985379, em= 5.893985379, stm= 0.001
calculated step values: start=5.863985379, end=5.893985379, width=0.001, nsteps=31.0
setting magnet DAC
current  : 5.863985
requested: 5.863985
Delta Dac: 0.000000
Checking detector protection. dv=0.00000
Checking detector "CDD". Protection Threshold: 0.1 (V)
Get Checksum: 378530779
SetMagnetDAC 5.863985379 ===>> OK
GetData ===>> H2,-0.245693130228022,H1,-0.0675313659993957,AX,-0.119750350125122,L1,-0.0377242040532039,L2,-0.1...
setting magnet DAC
current  : 5.863985
requested: 5.865020
Delta Dac: 0.001034
Checking detector protection. dv=0.00103
Checking detector "CDD". Protection Threshold: 0.1 (V)
SetMagnetDAC 5.86501986176 ===>> OK
Magnet settling time: 1.049
GetData ===>> H2,-0.284202447170938,H1,0.0422454402576157,AX,-0.0295654936019674,L1,-0.0246941793736128,L2,0.01...
setting magnet DAC
current  : 5.865020
requested: 5.866054
Delta Dac: 0.001034
Checking detector protection. dv=0.00103
Checking detector "CDD". Protection Threshold: 0.1 (V)
SetMagnetDAC 5.86605434452 ===>> OK
Magnet settling time: 1.049
GetData ===>> H2,-0.203129355057516,H1,0.258176507044872,AX,-0.0610585476358893,L1,-0.046585624767981,L2,-0.082...
setting magnet DAC
current  : 5.866054
requested: 5.867089
Delta Dac: 0.001034
Checking detector protection. dv=0.00103
Checking detector "CDD". Protection Threshold: 0.1 (V)
SetMagnetDAC 5.86708882728 ===>> OK
Magnet settling time: 1.049
Get Checksum: 378530779
GetData ===>> H2,-0.0967380848185371,H1,0.823330817362966,AX,0.191925563017204,L1,-0.0162190897942581,L2,-0.084...
setting magnet DAC
current  : 5.867089
requested: 5.868123
Delta Dac: 0.001034
Checking detector protection. dv=0.00103
Checking detector "CDD". Protection Threshold: 0.1 (V)
SetMagnetDAC 5.86812331004 ===>> OK
Magnet settling time: 1.049
GetData ===>> H2,-0.135934000354819,H1,2.77121488315946,AX,0.225761727719403,L1,0.0270684026599152,L2,-0.090368...
setting magnet DAC
current  : 5.868123
requested: 5.869158
Delta Dac: 0.001034
Checking detector protection. dv=0.00103
Checking detector "CDD". Protection Threshold: 0.1 (V)
SetMagnetDAC 5.8691577928 ===>> OK
Magnet settling time: 1.049
set states for children of Z. state=False
handle state [('Z', False)]
update switch state Z False args=() kw={'refresh': False} ncanvase=3
refresh_canvas_needed fired
GetData ===>> H2,-0.160383903210292,H1,7.51608070246153,AX,0.936323283609577,L1,0.0057174430909344,L2,-0.023590...
setting magnet DAC
current  : 5.869158
requested: 5.870192
Delta Dac: 0.001034
Checking detector protection. dv=0.00103
Checking detector "CDD". Protection Threshold: 0.1 (V)
SetMagnetDAC 5.87019227555 ===>> OK
Magnet settling time: 1.049
Get Checksum: -1725866079
State checksums do not match. Local:611344307 Remote:-1725866079
State checksum failed
GetData ===>> H2,-0.0652738847849337,H1,20.2619856239619,AX,3.353417809193,L1,-0.0656112498114926,L2,-0.0212909...
setting magnet DAC
current  : 5.870192
requested: 5.871227
Delta Dac: 0.001034
Checking detector protection. dv=0.00103
Checking detector "CDD". Protection Threshold: 0.1 (V)
SetMagnetDAC 5.87122675831 ===>> OK
Magnet settling time: 1.049
set states for children of C. state=False
handle state [('C', False)]
update switch state C False args=() kw={'refresh': False} ncanvase=3
refresh_canvas_needed fired
GetData ===>> H2,-0.125498050488947,H1,29.2273712427606,AX,5.21244377217395,L1,-0.00680380530967432,L2,0.003165...
setting magnet DAC
current  : 5.871227
requested: 5.872261
Delta Dac: 0.001034
Checking detector protection. dv=0.00103
Checking detector "CDD". Protection Threshold: 0.1 (V)
SetMagnetDAC 5.87226124107 ===>> OK
Magnet settling time: 1.049
GetData ===>> H2,-0.166362289056871,H1,34.4511908619361,AX,6.52800601555431,L1,0.00464689452377674,L2,0.0453301...
setting magnet DAC
current  : 5.872261
requested: 5.873296
Delta Dac: 0.001034
Checking detector protection. dv=0.00103
Checking detector "CDD". Protection Threshold: 0.1 (V)
SetMagnetDAC 5.87329572383 ===>> OK
Magnet settling time: 1.049
set states for children of P. state=False
handle state [('P', False)]
update switch state P False args=() kw={'refresh': False} ncanvase=3
refresh_canvas_needed fired
Get Checksum: 610848153
GetData ===>> H2,-0.0228950286412113,H1,36.8750955375473,AX,7.17883842150469,L1,0.00187602796627172,L2,0.008289...
setting magnet DAC
current  : 5.873296
requested: 5.874330
Delta Dac: 0.001034
Checking detector protection. dv=0.00103
Checking detector "CDD". Protection Threshold: 0.1 (V)
SetMagnetDAC 5.87433020659 ===>> OK
Magnet settling time: 1.049
GetData ===>> H2,-0.210667342918797,H1,37.5146819054222,AX,7.45563473945278,L1,0.0480873589738972,L2,-0.0348144...
setting magnet DAC
current  : 5.874330
requested: 5.875365
Delta Dac: 0.001034
Checking detector protection. dv=0.00103
Checking detector "CDD". Protection Threshold: 0.1 (V)
SetMagnetDAC 5.87536468935 ===>> OK
Magnet settling time: 1.049
set states for children of Y. state=True
handle state [('Y', True)]
update switch state Y True args=() kw={'refresh': False} ncanvase=3
refresh_canvas_needed fired
GetData ===>> H2,-0.171611702048467,H1,37.7308310956817,AX,7.6478036227356,L1,0.0481233946586523,L2,-0.04942864...
setting magnet DAC
current  : 5.875365
requested: 5.876399
Delta Dac: 0.001034
Checking detector protection. dv=0.00103
Checking detector "CDD". Protection Threshold: 0.1 (V)
SetMagnetDAC 5.87639917211 ===>> OK
Magnet settling time: 1.049
Get Checksum: 268272333
GetData ===>> H2,-0.175075791712808,H1,37.7547616633048,AX,7.58507144964227,L1,0.0563597209285949,L2,0.10064378...
setting magnet DAC
current  : 5.876399
requested: 5.877434
Delta Dac: 0.001034
Checking detector protection. dv=0.00103
Checking detector "CDD". Protection Threshold: 0.1 (V)
SetMagnetDAC 5.87743365486 ===>> OK
Magnet settling time: 1.049
GetData ===>> H2,-0.11401851062151,H1,37.8050485485959,AX,7.5928988012828,L1,0.070579397578149,L2,0.12811876663...
setting magnet DAC
current  : 5.877434
requested: 5.878468
Delta Dac: 0.001034
Checking detector protection. dv=0.00103
Checking detector "CDD". Protection Threshold: 0.1 (V)
SetMagnetDAC 5.87846813762 ===>> OK
Magnet settling time: 1.049
Get Checksum: 268272333
GetData ===>> H2,-0.233261951515582,H1,37.7233183439736,AX,7.52389447918257,L1,0.0916519231881638,L2,0.09669989...
setting magnet DAC
current  : 5.878468
requested: 5.879503
Delta Dac: 0.001034
Checking detector protection. dv=0.00103
Checking detector "CDD". Protection Threshold: 0.1 (V)
SetMagnetDAC 5.87950262038 ===>> OK
Magnet settling time: 1.049
GetData ===>> H2,-0.210066536400285,H1,37.8268376213051,AX,7.62103410041938,L1,0.0818538627738728,L2,0.03147825...
setting magnet DAC
current  : 5.879503
requested: 5.880537
Delta Dac: 0.001034
Checking detector protection. dv=0.00103
Checking detector "CDD". Protection Threshold: 0.1 (V)
SetMagnetDAC 5.88053710314 ===>> OK
Magnet settling time: 1.049
GetData ===>> H2,-0.179579681926442,H1,37.7339497357382,AX,7.49325971605754,L1,0.104297272084211,L2,0.019564498...
setting magnet DAC
current  : 5.880537
requested: 5.881572
Delta Dac: 0.001034
Checking detector protection. dv=0.00103
Checking detector "CDD". Protection Threshold: 0.1 (V)
SetMagnetDAC 5.8815715859 ===>> OK
Magnet settling time: 1.049
Get Checksum: 268272333
GetData ===>> H2,-0.13110238375789,H1,37.8411120804674,AX,7.60397854997552,L1,0.117011547756136,L2,-0.137305546...
setting magnet DAC
current  : 5.881572
requested: 5.882606
Delta Dac: 0.001034
Checking detector protection. dv=0.00103
Checking detector "CDD". Protection Threshold: 0.1 (V)
SetMagnetDAC 5.88260606866 ===>> OK
Magnet settling time: 1.049
GetData ===>> H2,-0.156234442974458,H1,37.8525020032118,AX,7.61250596570397,L1,0.0936772965998929,L2,0.08320525...
setting magnet DAC
current  : 5.882606
requested: 5.883641
Delta Dac: 0.001034
Checking detector protection. dv=0.00103
Checking detector "CDD". Protection Threshold: 0.1 (V)
SetMagnetDAC 5.88364055142 ===>> OK
Magnet settling time: 1.049
GetData ===>> H2,-0.258795660504818,H1,37.5978546746428,AX,7.4893377891085,L1,0.109094010291338,L2,0.0687097615...
setting magnet DAC
current  : 5.883641
requested: 5.884675
Delta Dac: 0.001034
Checking detector protection. dv=0.00103
Checking detector "CDD". Protection Threshold: 0.1 (V)
SetMagnetDAC 5.88467503417 ===>> OK
Magnet settling time: 1.049
Get Checksum: 268272333
GetData ===>> H2,-0.375106146403153,H1,36.5449569881161,AX,7.15541138635996,L1,0.021840459549085,L2,0.145063702...
setting magnet DAC
current  : 5.884675
requested: 5.885710
Delta Dac: 0.001034
Checking detector protection. dv=0.00103
Checking detector "CDD". Protection Threshold: 0.1 (V)
SetMagnetDAC 5.88570951693 ===>> OK
Magnet settling time: 1.049
GetData ===>> H2,-0.212644660018848,H1,33.7172653395402,AX,6.30317095066539,L1,0.0156674378052064,L2,0.03719647...
setting magnet DAC
current  : 5.885710
requested: 5.886744
Delta Dac: 0.001034
Checking detector protection. dv=0.00103
Checking detector "CDD". Protection Threshold: 0.1 (V)
SetMagnetDAC 5.88674399969 ===>> OK
Magnet settling time: 1.049
Get Checksum: 268272333
GetData ===>> H2,-0.141311752687717,H1,27.5665464314174,AX,4.44713084582424,L1,0.0200784107449546,L2,-0.0306255...
setting magnet DAC
current  : 5.886744
requested: 5.887778
Delta Dac: 0.001034
Checking detector protection. dv=0.00103
Checking detector "CDD". Protection Threshold: 0.1 (V)
SetMagnetDAC 5.88777848245 ===>> OK
Magnet settling time: 1.049
GetData ===>> H2,-0.167277400353979,H1,18.8330950673866,AX,2.65289400441462,L1,0.00277635593650908,L2,0.0631263...
setting magnet DAC
current  : 5.887778
requested: 5.888813
Delta Dac: 0.001034
Checking detector protection. dv=0.00103
Checking detector "CDD". Protection Threshold: 0.1 (V)
SetMagnetDAC 5.88881296521 ===>> OK
Magnet settling time: 1.049
GetData ===>> H2,-0.162941439840396,H1,6.3314868230792,AX,0.760831642927547,L1,-0.0112212387541389,L2,-0.021290...
setting magnet DAC
current  : 5.888813
requested: 5.889847
Delta Dac: 0.001034
Checking detector protection. dv=0.00103
Checking detector "CDD". Protection Threshold: 0.1 (V)
SetMagnetDAC 5.88984744797 ===>> OK
Magnet settling time: 1.049
set states for children of Y. state=False
handle state [('Y', False)]
update switch state Y False args=() kw={'refresh': False} ncanvase=3
refresh_canvas_needed fired
Get Checksum: 610848153
GetData ===>> H2,-0.0646861801991276,H1,2.10695651614847,AX,0.133424616615927,L1,-0.0420313515171802,L2,0.06310...
setting magnet DAC
current  : 5.889847
requested: 5.890882
Delta Dac: 0.001034
Checking detector protection. dv=0.00103
Checking detector "CDD". Protection Threshold: 0.1 (V)
SetMagnetDAC 5.89088193073 ===>> OK
Magnet settling time: 1.049
GetData ===>> H2,-0.168467744260318,H1,0.679993500941412,AX,-0.058507943181209,L1,-0.0492329546134079,L2,-0.021...
setting magnet DAC
current  : 5.890882
requested: 5.891916
Delta Dac: 0.001034
Checking detector protection. dv=0.00103
Checking detector "CDD". Protection Threshold: 0.1 (V)
SetMagnetDAC 5.89191641349 ===>> OK
Magnet settling time: 1.049
set states for children of V. state=False
handle state [('V', False)]
update switch state V False args=() kw={'refresh': False} ncanvase=3
refresh_canvas_needed fired
GetData ===>> H2,-0.24886796341301,H1,0.167522986257018,AX,-0.052873189089277,L1,-0.0376954515949725,L2,-0.1232...
setting magnet DAC
current  : 5.891916
requested: 5.892951
Delta Dac: 0.001034
Checking detector protection. dv=0.00103
Checking detector "CDD". Protection Threshold: 0.1 (V)
SetMagnetDAC 5.89295089624 ===>> OK
Magnet settling time: 1.049
Get Checksum: 855128171
GetData ===>> H2,-0.236522931401121,H1,0.00933793036221888,AX,-0.0951143040192477,L1,-0.0143904279426129,L2,0.0...
setting magnet DAC
current  : 5.892951
requested: 5.893985
Delta Dac: 0.001034
Checking detector protection. dv=0.00103
Checking detector "CDD". Protection Threshold: 0.1 (V)
SetMagnetDAC 5.893985379 ===>> OK
Magnet settling time: 1.049
set states for children of H. state=True
handle state [('H', True)]
update switch state H True args=() kw={'refresh': False} ncanvase=3
refresh_canvas_needed fired
GetData ===>> H2,-0.201665373410564,H1,0.00198950727072784,AX,-0.0981738700807344,L1,0.00170077347990436,L2,0.0...
result of _do_sweep=True
result of _calculate_peak_center=([5.8710495072590181, 5.8788651385215429, 5.8866807697840677], [27.691217995454675, 37.852022667785675, 27.942492176302757], 5.8825625333111224, 37.852022667785675)
Failed to find a valid peak. No peak greater than 1.0. max = 0.025291050959
new center pos Detector(H1) (Ar40) @ 5.87886513852
GetHighVoltage ===>> 4499.94659342336
GetDeflection H1 ===>> 0
dac uncorrected for HV and deflection 5.87889975881
update mftable H1 Ar40 5.87889975881 message=automated run peakcenter
get initial guess parabolic
get initial guess parabolic
get initial guess parabolic
get initial guess parabolic
get initial guess parabolic
get initial guess parabolic
dump mftable to /Users/jan/PychronDev/setupfiles/spectrometer/mftables/mftable.csv
add to repo msg=modified - automated run peakcenter
sweep finished
locally archiving mftable
setting magnet DAC
current  : 5.893985
requested: 5.878865
Delta Dac: 0.015120
Checking detector protection. dv=0.01512
Checking detector "CDD". Protection Threshold: 0.1 (V)
SetMagnetDAC 5.87886513852 ===>> OK
Magnet settling time: 0.500
Get Checksum: 1447832503
setting integration time = 1.048576
SetIntegrationTime 1.048576 ===>> OK
Failed to find a valid peak. No peak greater than 1.0. max = 0.025291050959
flush and close file /Users/jan/PychronDev/data/isotopes/db/5747e3-667f-40c9-b90e-1586d4a6e637.h5
finished measure script
executed 278.04
jan_co2_whiff_120_60_large.py completed successfully
Measurement Finished
14:42:52 -- ******* Measurement Finished *******
Post Measurement Started jan_pump_ms.py
14:42:52 -- ******* Post Measurement Started jan_pump_ms.py *******
testing...
no interpolation path defined
executed 0
Pumping spectrometer
open () {'name': 'O'}
opening name=O desc=---
checking ownership. requestor=129.138.12.150
check software interlocks O
interlocks []
actuate state mode=None-script, software_lock=False
doing actuation None-script open_channel True
Open O ===>> OK
GetValveState O ===>> OK
change switch state (True, True)
update switch state O True args=() kw={} ncanvase=3
14:42:52 -- OPEN   VALVE-O (Jan Ion Pump)
---------------------------------------- open O () result=[(True, True)], time=0.08 sec
action=open, ok=True, locked=[False]
executed 0
jan_pump_ms.py completed successfully
setting _ms_pumptime
Post Measurement Finished
14:42:52 -- ******* Post Measurement Finished *******
$$$$$$$$$$$$$$$$$$$$ state at run end measurement
state changed from measurement to success
post measurement save measured=True aborted=False
Set filtering
setting fod for Ar40= {'filter_outliers': True, 'std_devs': 2, 'iterations': 1}
setting fod for H1= {'filter_outliers': True, 'std_devs': 2, 'iterations': 1}
setting fod for PM41= {'filter_outliers': False, 'std_devs': 2, 'iterations': 1}
setting fod for H2= {'filter_outliers': True, 'std_devs': 2, 'iterations': 1}
setting fod for Ar36= {'filter_outliers': True, 'std_devs': 2, 'iterations': 1}
setting fod for CDD= {'filter_outliers': True, 'std_devs': 10, 'iterations': 1}
setting fod for Ar37= {'filter_outliers': True, 'std_devs': 2, 'iterations': 1}
setting fod for L2= {'filter_outliers': True, 'std_devs': 2, 'iterations': 1}
setting fod for Ar38= {'filter_outliers': True, 'std_devs': 2, 'iterations': 1}
setting fod for L1= {'filter_outliers': True, 'std_devs': 2, 'iterations': 1}
setting fod for Ar39= {'filter_outliers': True, 'std_devs': 2, 'iterations': 1}
setting fod for AX= {'filter_outliers': True, 'std_devs': 2, 'iterations': 1}
persistence save...
persistence save - db
post measurement save
5225589648 connecting to database sqlite:////Users/jan/PychronDev/.appdata/local_lab.db
connected to db sqlite:////Users/jan/PychronDev/.appdata/local_lab.db
create new session 5225589648
close session 5225589648
No database instance. Not saving post measurement to isotopedb database
$$$$$$$$$$$$$$$ auto_save_detector_ic=False
massspec enabled True
create new session 5054761584
MassSpec Database Version: 16.0
close session 5054761584
saving post measurement to secondary database
saving to massspec database 129.138.12.160/massspecdata
setting labnumber to 65511
setting aliquot to 16
setting step to 
setting uuid to db5747e3-667f-40c9-b90e-1586d4a6e637
setting irradpos to 65511
setting extract_device to Fusions CO2
setting tray to 
setting position to 155
setting power_requested to 5.0
setting extract_value to 5.0
setting duration to 30.0
setting duration_at_request to 30.0
setting first_stage_delay to 30.0
setting cleanup to 30.0
setting comment to F:9 DS
setting irradiation to NM-289
setting level to F
setting irradiation_level to F
setting sample to TRC-23-djk
setting material to SandforDetrital
setting project to IR959
setting mass_spectrometer to Jan
no attribute chron_dosages
no attribute production_ratios
no attribute interference_corrections
no attribute production_name
no attribute j
Reference Isotope=Ar40
Reference Detector=H1
%%%%%%%%%%%%%%%%%%%% Comment: F:9 DS %%%%%%%%%%%%%%%%%%%
adding isotope PM41 H2
add baseline dbdet= PM41. original det= H2
get baseline data PM41 H2
Get data baseline <pychron.processing.isotope.Baseline object at 0x13a105c90> len t=60
baseline PM41. v=-0.198270053405, e=0.00710811869238
get signal data PM41 H2
Get data signal PM41 0.11+/-0.08 len t=120
adding isotope Ar40 H1
add baseline dbdet= Ar40. original det= H1
get baseline data Ar40 H1
Get data baseline <pychron.processing.isotope.Baseline object at 0x13d1f0d90> len t=60
baseline Ar40. v=-0.0220296675184, e=0.00454304546189
get signal data Ar40 H1
Get data signal Ar40 38.429+/-0.014 len t=120
adding isotope Ar39 AX
add baseline dbdet= Ar39. original det= AX
get baseline data Ar39 AX
Get data baseline <pychron.processing.isotope.Baseline object at 0x13d1f0f50> len t=60
baseline Ar39. v=-0.0639184029418, e=0.00652375083511
get signal data Ar39 AX
Get data signal Ar39 8.244+/-0.014 len t=120
adding isotope Ar38 L1
add baseline dbdet= Ar38. original det= L1
get baseline data Ar38 L1
Get data baseline <pychron.processing.isotope.Baseline object at 0x13938d150> len t=60
baseline Ar38. v=-0.0314532598237, e=0.00342699576656
get signal data Ar38 L1
Get data signal Ar38 0.134+/-0.004 len t=120
adding isotope Ar37 L2
add baseline dbdet= Ar37. original det= L2
get baseline data Ar37 L2
Get data baseline <pychron.processing.isotope.Baseline object at 0x13938d310> len t=60
baseline Ar37. v=-0.0156370394354, e=0.00549457982979
get signal data Ar37 L2
Get data signal Ar37 0.083+/-0.012 len t=120
adding isotope Ar36 CDD
add baseline dbdet= Ar36. original det= CDD
get baseline data Ar36 CDD
Get data baseline <pychron.processing.isotope.Baseline object at 0x13938d4d0> len t=60
baseline Ar36. v=1.24054509335e-05, e=5.3565219893e-06
get signal data Ar36 CDD
Get data signal Ar36 0.0177+/-0.0004 len t=120
65511-16 added analysis time 0.52622294426s
analysis added to mass spec database
mass spec save time= 0.535
persistence save - dvc
================= post measurement started
create new session 4983039568
close session 4983039568
---------------- Experiment Queue saving disabled
DVC saving peakcenter
Failed to find a valid peak. No peak greater than 1.0. max = 0.025291050959
Smart pull ahead: 0 behind: 0
Up-to-date with origin
add to repo msg=modified - ad8224ebc6dbfeb9f5997218dfa5fe690569839d.json
add to repo msg=modified - 11-16.json
add to repo msg=modified - 11-16.dat.json
add to repo msg=modified - 11-16.blan.json
add to repo msg=modified - 11-16.inte.json
add to repo msg=modified - 11-16.icfa.json
Get Checksum: -1429742521
add to repo msg=modified - 11-16.base.json
not at valid file /Users/jan/PychronDev/data/.dvc/repositories/IR959/655/tags/11-16.tags.json
add to repo msg=modified - 11-16.peak.json
add to repo msg=modified - 11-16.extr.json
not at valid file /Users/jan/PychronDev/data/.dvc/repositories/IR959/655/monitor/11-16.moni.json
commit message=<COLLECTION>
add to repo msg=modified - 11-16.inte.json
add to repo msg=modified - 11-16.base.json
commit message=<ISOEVO> default collection fits
add to repo msg=modified - 11-16.blan.json
commit message=<BLANKS> preceding bu-FC-J-7450
add to repo msg=modified - 11-16.icfa.json
Get Checksum: -1429742521
commit message=<ICFactor> default
push repository <pychron.git_archive.repo_manager.GitRepoManager object at 0x137179bf0>
pushing to remote=origin, url=https://github.com
Get Checksum: -1429742521
no changes to meta repo
create new session 4983039568
add association IR959
get identifier "65511"
setting analysis irradiation position=<pychron.dvc.dvc_orm.IrradiationPositionTbl object at 0x13d18a710>
close session 4983039568
================= post measurement finished
14:43:04 -- ******* Post Run Check *******
loading queue conditionals post_run_actions
loading system conditionals post_run_actions
loading conditionals from /Users/jan/PychronDev/setupfiles/spectrometer/default_conditionals.yaml
loading queue conditionals post_run_terminations
loading system conditionals post_run_terminations
loading conditionals from /Users/jan/PychronDev/setupfiles/spectrometer/default_conditionals.yaml
Checking default post run terminations n=1
GetDeflection CDD ===>> 50
testing CDD==2000
evaluate ot="CDD.deflection==2000" t="CDD==2000", ctx="{'CDD': 50.0}"
14:43:04 -- ******* Post Run Check Passed *******
14:43:04 -- Automated run 65511-16 success duration: 365.533 s
----------------- finish -----------------
----------------- stop -----------------
retroactive repository identifiers disabled
finish run. runs completed=7
update duration runid=65511-16, duration=365.533123016, md5=3d9034cf
loading script "jan_co2_whiff_120_60_large.py"
loading script "jan_pump_ms.py"
loading script "jan_co2.py"
loading script "jan_pump_extraction_line.py"
testing...
no interpolation path defined
executed 266.04
script duration name:co2_whiff_120_60_large seconds:266.0
loading script "jan_co2_whiff_120_60_large.py"
loading script "jan_pump_ms.py"
loading script "jan_co2.py"
loading script "jan_pump_extraction_line.py"
testing...
no interpolation path defined
executed 0
loading script "jan_co2_whiff_120_60_large.py"
loading script "jan_pump_ms.py"
loading script "jan_co2.py"
loading script "jan_pump_extraction_line.py"
testing...
no interpolation path defined
calculate duration
testing...
no interpolation path defined
executed 0
calculate duration
testing...
no interpolation path defined
executed 0
executed 0.0
script duration name:co2 seconds:0.0
loading script "jan_co2_whiff_120_60_large.py"
loading script "jan_pump_ms.py"
loading script "jan_co2.py"
loading script "jan_pump_extraction_line.py"
testing...
no interpolation path defined
calculate duration
testing...
no interpolation path defined
executed 4.0
executed 4.0
Script duration 266.0
Run total estimated duration= 267.000
co2_whiff_120_60_large in script context. using previous estimated duration
script duration name:co2_whiff_120_60_large seconds:266.0
pump_ms in script context. using previous estimated duration
co2 in script context. using previous estimated duration
script duration name:co2 seconds:0.0
pump_extraction_line in script context. using previous estimated duration
Script duration 266.0
Run total estimated duration= 267.000
script duration name:co2_whiff_120_60_large seconds:266.0
script duration name:co2 seconds:0.0
Script duration 266.0
Run total estimated duration= 267.000
script duration name:co2_whiff_120_60_large seconds:266.0
script duration name:co2 seconds:0.0
Script duration 266.0
Run total estimated duration= 267.000
script duration name:co2_whiff_120_60_large seconds:266.0
script duration name:co2 seconds:0.0
Script duration 266.0
Run total estimated duration= 267.000
loading script "jan_unknown400_120.py"
loading script "jan_pump_ms.py"
loading script "jan_cocktail_x1.py"
loading script "jan_pump_extraction_line.py"
testing...
no interpolation path defined
executed 556.052928
script duration name:unknown400_120 seconds:556.0
loading script "jan_unknown400_120.py"
loading script "jan_pump_ms.py"
loading script "jan_cocktail_x1.py"
loading script "jan_pump_extraction_line.py"
testing...
no interpolation path defined
calculate duration
testing...
no interpolation path defined
executed 0
calculate duration
testing...
no interpolation path defined
executed 0
calculate duration
testing...
no interpolation path defined
executed 32.0
calculate duration
testing...
no interpolation path defined
executed 34.0
calculate duration
testing...
no interpolation path defined
executed 4.0
calculate duration
testing...
no interpolation path defined
executed 38.0
executed 108.0
script duration name:cocktail_x1 seconds:108.0
Script duration 664.0
Run total estimated duration= 665.000
unknown400_120 in script context. using previous estimated duration
script duration name:unknown400_120 seconds:556.0
cocktail_x1 in script context. using previous estimated duration
script duration name:cocktail_x1 seconds:108.0
Script duration 664.0
Run total estimated duration= 665.000
loading script "jan_ic_peak_hop3.py"
loading script "jan_pump_ms.py"
loading script "jan_air_x1.py"
loading script "jan_pump_extraction_line.py"
testing...
no interpolation path defined
executed 133.8
script duration name:ic_peak_hop3 seconds:134.0
loading script "jan_ic_peak_hop3.py"
loading script "jan_pump_ms.py"
loading script "jan_air_x1.py"
loading script "jan_pump_extraction_line.py"
testing...
no interpolation path defined
calculate duration
testing...
no interpolation path defined
executed 0
calculate duration
testing...
no interpolation path defined
executed 0
calculate duration
testing...
no interpolation path defined
executed 32.0
calculate duration
testing...
no interpolation path defined
executed 34.0
calculate duration
testing...
no interpolation path defined
executed 4.0
calculate duration
testing...
no interpolation path defined
executed 36.0
executed 106.0
script duration name:air_x1 seconds:106.0
Script duration 240.0
Run total estimated duration= 241.000
script duration name:co2_whiff_120_60_large seconds:266.0
script duration name:co2 seconds:0.0
Script duration 266.0
Run total estimated duration= 267.000
script duration name:co2_whiff_120_60_large seconds:266.0
script duration name:co2 seconds:0.0
Script duration 266.0
Run total estimated duration= 267.000
script duration name:co2_whiff_120_60_large seconds:266.0
script duration name:co2 seconds:0.0
Script duration 266.0
Run total estimated duration= 267.000
script duration name:co2_whiff_120_60_large seconds:266.0
script duration name:co2 seconds:0.0
Script duration 266.0
Run total estimated duration= 267.000
script duration name:co2_whiff_120_60_large seconds:266.0
script duration name:co2 seconds:0.0
Script duration 266.0
Run total estimated duration= 267.000
script duration name:unknown400_120 seconds:556.0
script duration name:co2 seconds:0.0
Script duration 556.0
Run total estimated duration= 557.000
script duration name:co2_whiff_120_60_large seconds:266.0
script duration name:co2 seconds:0.0
Script duration 266.0
Run total estimated duration= 267.000
script duration name:co2_whiff_120_60_large seconds:266.0
script duration name:co2 seconds:0.0
Script duration 266.0
Run total estimated duration= 267.000
script duration name:co2_whiff_120_60_large seconds:266.0
script duration name:co2 seconds:0.0
Script duration 266.0
Run total estimated duration= 267.000
script duration name:co2_whiff_120_60_large seconds:266.0
script duration name:co2 seconds:0.0
Script duration 266.0
Run total estimated duration= 267.000
script duration name:co2_whiff_120_60_large seconds:266.0
script duration name:co2 seconds:0.0
Script duration 266.0
Run total estimated duration= 267.000
script duration name:co2_whiff_120_60_large seconds:266.0
script duration name:co2 seconds:0.0
Script duration 266.0
Run total estimated duration= 267.000
script duration name:co2_whiff_120_60_large seconds:266.0
script duration name:co2 seconds:0.0
Script duration 266.0
Run total estimated duration= 267.000
script duration name:co2_whiff_120_60_large seconds:266.0
script duration name:co2 seconds:0.0
Script duration 266.0
Run total estimated duration= 267.000
script duration name:co2_whiff_120_60_large seconds:266.0
script duration name:co2 seconds:0.0
Script duration 266.0
Run total estimated duration= 267.000
script duration name:co2_whiff_120_60_large seconds:266.0
script duration name:co2 seconds:0.0
Script duration 266.0
Run total estimated duration= 267.000
script duration name:unknown400_120 seconds:556.0
loading script "jan_unknown400_120.py"
loading script "jan_pump_ms.py"
loading script "jan_sniffair_x2.py"
loading script "jan_pump_extraction_line.py"
testing...
no interpolation path defined
calculate duration
testing...
no interpolation path defined
executed 0
calculate duration
testing...
no interpolation path defined
executed 0
calculate duration
testing...
no interpolation path defined
executed 32.0
calculate duration
testing...
no interpolation path defined
executed 34.0
calculate duration
testing...
no interpolation path defined
executed 4.0
calculate duration
testing...
no interpolation path defined
executed 36.0
calculate duration
testing...
no interpolation path defined
executed 34.0
calculate duration
testing...
no interpolation path defined
executed 4.0
calculate duration
testing...
no interpolation path defined
executed 36.0
calculate duration
testing...
no interpolation path defined
executed 70.0
executed 250.0
script duration name:sniffair_x2 seconds:250.0
Script duration 806.0
Run total estimated duration= 807.000
script duration name:co2_whiff_120_60_large seconds:266.0
script duration name:co2 seconds:0.0
Script duration 266.0
Run total estimated duration= 267.000
script duration name:co2_whiff_120_60_large seconds:266.0
script duration name:co2 seconds:0.0
Script duration 266.0
Run total estimated duration= 267.000
script duration name:co2_whiff_120_60_large seconds:266.0
script duration name:co2 seconds:0.0
Script duration 266.0
Run total estimated duration= 267.000
script duration name:co2_whiff_120_60_large seconds:266.0
script duration name:co2 seconds:0.0
Script duration 266.0
Run total estimated duration= 267.000
script duration name:co2_whiff_120_60_large seconds:266.0
script duration name:co2 seconds:0.0
Script duration 266.0
Run total estimated duration= 267.000
script duration name:unknown400_120 seconds:556.0
script duration name:co2 seconds:0.0
Script duration 556.0
Run total estimated duration= 557.000
script duration name:unknown400_120 seconds:556.0
script duration name:cocktail_x1 seconds:108.0
Script duration 664.0
Run total estimated duration= 665.000
script duration name:unknown400_120 seconds:556.0
script duration name:cocktail_x1 seconds:108.0
Script duration 664.0
Run total estimated duration= 665.000
ic_peak_hop3 in script context. using previous estimated duration
script duration name:ic_peak_hop3 seconds:134.0
air_x1 in script context. using previous estimated duration
script duration name:air_x1 seconds:106.0
Script duration 240.0
Run total estimated duration= 241.000
script duration name:co2_whiff_120_60_large seconds:266.0
script duration name:co2 seconds:0.0
Script duration 266.0
Run total estimated duration= 267.000
script duration name:co2_whiff_120_60_large seconds:266.0
script duration name:co2 seconds:0.0
Script duration 266.0
Run total estimated duration= 267.000
script duration name:co2_whiff_120_60_large seconds:266.0
script duration name:co2 seconds:0.0
Script duration 266.0
Run total estimated duration= 267.000
script duration name:co2_whiff_120_60_large seconds:266.0
script duration name:co2 seconds:0.0
Script duration 266.0
Run total estimated duration= 267.000
script duration name:co2_whiff_120_60_large seconds:266.0
script duration name:co2 seconds:0.0
Script duration 266.0
Run total estimated duration= 267.000
script duration name:co2_whiff_120_60_large seconds:266.0
script duration name:co2 seconds:0.0
Script duration 266.0
Run total estimated duration= 267.000
script duration name:co2_whiff_120_60_large seconds:266.0
script duration name:co2 seconds:0.0
Script duration 266.0
Run total estimated duration= 267.000
script duration name:co2_whiff_120_60_large seconds:266.0
script duration name:co2 seconds:0.0
Script duration 266.0
Run total estimated duration= 267.000
script duration name:co2_whiff_120_60_large seconds:266.0
script duration name:co2 seconds:0.0
Script duration 266.0
Run total estimated duration= 267.000
script duration name:co2_whiff_120_60_large seconds:266.0
script duration name:co2 seconds:0.0
Script duration 266.0
Run total estimated duration= 267.000
script duration name:co2_whiff_120_60_large seconds:266.0
script duration name:co2 seconds:0.0
Script duration 266.0
Run total estimated duration= 267.000
script duration name:co2_whiff_120_60_large seconds:266.0
script duration name:co2 seconds:0.0
Script duration 266.0
Run total estimated duration= 267.000
script duration name:co2_whiff_120_60_large seconds:266.0
script duration name:co2 seconds:0.0
Script duration 266.0
Run total estimated duration= 267.000
script duration name:co2_whiff_120_60_large seconds:266.0
script duration name:co2 seconds:0.0
Script duration 266.0
Run total estimated duration= 267.000
script duration name:co2_whiff_120_60_large seconds:266.0
script duration name:co2 seconds:0.0
Script duration 266.0
Run total estimated duration= 267.000
script duration name:unknown400_120 seconds:556.0
script duration name:co2 seconds:0.0
Script duration 556.0
Run total estimated duration= 557.000
script duration name:co2_whiff_120_60_large seconds:266.0
script duration name:co2 seconds:0.0
Script duration 266.0
Run total estimated duration= 267.000
nruns=51 before=5.0, run_dur=16567.0, btw=1500.0
write rem/ex queues
/Users/jan/PychronDev/experiments/rem/CurrentExperiment.rem.txt
/Users/jan/PychronDev/experiments/rem/CurrentExperiment.ex.txt
doing event level: 3
