do run
loading script "jan_co2_whiff_120_60_large.py"
loading script "jan_pump_ms.py"
loading script "jan_co2.py"
loading script "jan_pump_extraction_line.py"
testing...
no interpolation path defined
executed 266.04
script duration name:co2_whiff_120_60_large seconds:266.0
loading script "jan_co2_whiff_120_60_large.py"
loading script "jan_pump_ms.py"
loading script "jan_co2.py"
loading script "jan_pump_extraction_line.py"
testing...
no interpolation path defined
executed 0
loading script "jan_co2_whiff_120_60_large.py"
loading script "jan_pump_ms.py"
loading script "jan_co2.py"
loading script "jan_pump_extraction_line.py"
testing...
no interpolation path defined
calculate duration
testing...
no interpolation path defined
executed 0
calculate duration
testing...
no interpolation path defined
executed 0
executed 0.0
script duration name:co2 seconds:0.0
loading script "jan_co2_whiff_120_60_large.py"
loading script "jan_pump_ms.py"
loading script "jan_co2.py"
loading script "jan_pump_extraction_line.py"
testing...
no interpolation path defined
calculate duration
testing...
no interpolation path defined
executed 4.0
executed 4.0
Script duration 266.0
Run total estimated duration= 267.000
run duration: 0:04:27
doing event level: 2
14:56:47 -- Setting default integration. t=1.048576
setting integration time = 1.048576
SetIntegrationTime 1.048576 ===>> OK
----------------- start -----------------
**************** Experiment Type: Ar/Ar, Ar/Ar
create new session 4993359504
close session 4993359504
$$$$$ Clearing conditionals
adding conditionals detrital
extract conditionals from file. /Users/jan/PychronDev/scripts/conditionals/detrital.yaml
no attr for this modification cd={'extraction_str': '', 'attr': '', 'mapper': '', 'use_termination': False, 'start_count': 0, 'nskip': 0, 'window': 0, 'frequency': 1, 'teststr': '', 'action': 'Skip Next Run', 'ntrips': 1, 'use_truncation': False}
no attr for this cancelation cd={'mapper': '', 'window': 0, 'frequency': 1, 'attr': '', 'teststr': '', 'start_count': 0, 'ntrips': 1}
adding truncation attr="age" test="age>100.0" start="50"
adding truncation attr="Ar39" test="Ar39<0.5" start="60"
no attr for this termination cd={'mapper': '', 'window': 0, 'frequency': 1, 'attr': '', 'teststr': '', 'start_count': 0, 'ntrips': 1}
Invalid conditional kind="pre_run_terminations"
no attr for this action cd={'mapper': '', 'attr': '', 'start_count': 0, 'window': 0, 'frequency': 1, 'teststr': '', 'action': None, 'ntrips': 1}
Invalid conditional kind="post_run_terminations"
Add queue conditionals
add default conditionals
adding default conditionals from /Users/jan/PychronDev/setupfiles/spectrometer/default_conditionals.yaml
Start automated run 65511-19
loading script "jan_co2_whiff_120_60_large.py"
loading script "jan_pump_ms.py"
loading script "jan_co2.py"
loading script "jan_pump_extraction_line.py"
%%%%%%%%%%%%%%%%%% setting automated run 65511-19
No value "sensitivity_multiplier" in metadata
$$$$$$$$$$$$$$$ auto_save_detector_ic=False
============================= Pre Extraction Check =============================
loading queue conditionals pre_run_terminations
loading system conditionals pre_run_terminations
loading conditionals from /Users/jan/PychronDev/setupfiles/spectrometer/default_conditionals.yaml
14:56:47 -- ******* Pre Extraction Check *******
Get a measurement from the spectrometer
GetData ===>> H2,-0.161184714605364,H1,-0.0285316904498732,AX,-0.0428898298285176,L1,-0.0533928314552325,L2,-0....
Pre Extraction Termination data. keys=H2,H1,AX,L1,L2,CDD, signals=-0.16118,-0.02853,-0.04289,-0.05339,-0.01506,0.00342
14:56:47 -- testing system defined conditionals
Checking default pre extraction terminations n=2
testing CDD
evaluate ot="CDD.inactive" t="CDD", ctx="{'CDD': False}"
GetDeflection CDD ===>> 50
testing CDD==2000
evaluate ot="CDD.deflection==2000" t="CDD==2000", ctx="{'CDD': 50.0}"
14:56:47 -- ******* Pre Extraction Check Passed *******
=================================================================================
14:56:47 -- stopping status monitor
stop 5052903792
Alive clients [4983293136]
14:56:47 -- starting status monitor
start 5052903792
Monitor already running
start extraction
do extraction
Analysis started at 14:56:47.204009
Extraction Started jan_co2.py
14:56:47 -- ******* Extraction Started jan_co2.py *******
state changed from not run to extraction
DO EXTRACTION <pychron.extraction_line.pyscript_runner.RemotePyScriptRunner object at 0x12b93d0b0>
testing...
no interpolation path defined
calculate duration
testing...
no interpolation path defined
executed 0
calculate duration
testing...
no interpolation path defined
executed 0
executed 100.0
Jan CO2 laser analysis
doing GOSUB
testing...
no interpolation path defined
executed 0
Waiting for CO2 access
wait ('FelixCO2Flag', 0) {}
waiting for FelixCO2Flag = 0
Read FelixCO2Flag ===>> 0
finished waiting
CO2 free
wait ('CO2PumpTimeFlag', 0) {}
waiting for CO2PumpTimeFlag = 0
Read CO2PumpTimeFlag ===>> 0
finished waiting
acquire ('JanCO2Flag',) {'clear': True}
acquire JanCO2Flag
Set JanCO2Flag 1 ===>> OK
JanCO2Flag acquired
set extraction state False (0.75, 'red', 1.5)
CO2 acquired
executed 0
WaitForCO2Access.py completed successfully
gosub finished
doing GOSUB
testing...
no interpolation path defined
executed 0
Prepare for CO2 analysis
close () {'description': 'Jan Inlet'}
closing name=--- desc=Jan Inlet
checking ownership. requestor=129.138.12.150
check software interlocks R
interlocks []
actuate state mode=None-script, software_lock=False
doing actuation None-script close_channel False
Close R ===>> OK
GetValveState R ===>> False
change switch state (True, True)
update switch state R False args=() kw={} ncanvase=3
14:56:47 -- CLOSE  VALVE-R (Jan Inlet)
---------------------------------------- close None (Jan Inlet) result=[(True, True)]
action=close, ok=True, locked=[False]
open () {'description': 'Jan Ion Pump'}
opening name=--- desc=Jan Ion Pump
checking ownership. requestor=129.138.12.150
check software interlocks O
interlocks []
actuate state mode=None-script, software_lock=False
doing actuation None-script open_channel False
Open O ===>> OK
GetValveState O ===>> OK
change switch state (True, True)
update switch state O True args=() kw={} ncanvase=3
14:56:48 -- OPEN   VALVE-O (Jan Ion Pump)
---------------------------------------- open None (Jan Ion Pump) result=[(True, True)], time=0.11 sec
action=open, ok=True, locked=[False]
close () {'description': 'Microbone to Minibone'}
closing name=--- desc=Microbone to Minibone
checking ownership. requestor=129.138.12.150
check software interlocks L
interlocks []
actuate state mode=None-script, software_lock=False
doing actuation None-script close_channel False
Close L ===>> OK
GetValveState L ===>> False
change switch state (True, True)
update switch state L False args=() kw={} ncanvase=3
14:56:48 -- CLOSE  VALVE-L (Microbone to Minibone)
---------------------------------------- close None (Microbone to Minibone) result=[(True, True)]
action=close, ok=True, locked=[False]
open () {'description': 'Microbone to Turbo'}
opening name=--- desc=Microbone to Turbo
checking ownership. requestor=129.138.12.150
check software interlocks U
interlocks []
actuate state mode=None-script, software_lock=False
doing actuation None-script open_channel False
Open U ===>> OK
GetValveState U ===>> OK
change switch state (True, True)
update switch state U True args=() kw={} ncanvase=3
14:56:49 -- OPEN   VALVE-U (Microbone to Turbo)
---------------------------------------- open None (Microbone to Turbo) result=[(True, True)], time=0.13 sec
action=open, ok=True, locked=[False]
open () {'description': 'Microbone to Inlet Pipette'}
opening name=--- desc=Microbone to Inlet Pipette
checking ownership. requestor=129.138.12.150
check software interlocks S
interlocks []
actuate state mode=None-script, software_lock=False
doing actuation None-script open_channel False
Open S ===>> OK
Get Checksum: 192129876
GetValveState S ===>> OK
change switch state (True, True)
update switch state S True args=() kw={} ncanvase=3
14:56:49 -- OPEN   VALVE-S (Microbone to Inlet Pipette)
---------------------------------------- open None (Microbone to Inlet Pipette) result=[(True, True)], time=0.41 sec
action=open, ok=True, locked=[False]
open () {'description': 'Microbone to Getter D-50'}
opening name=--- desc=Microbone to Getter D-50
checking ownership. requestor=129.138.12.150
check software interlocks K
interlocks []
actuate state mode=None-script, software_lock=False
doing actuation None-script open_channel False
Open K ===>> OK
GetValveState K ===>> OK
change switch state (True, True)
update switch state K True args=() kw={} ncanvase=3
14:56:50 -- OPEN   VALVE-K (Microbone to Getter D-50)
---------------------------------------- open None (Microbone to Getter D-50) result=[(True, True)], time=0.41 sec
action=open, ok=True, locked=[False]
open () {'description': 'Microbone to Getter NP-10'}
opening name=--- desc=Microbone to Getter NP-10
checking ownership. requestor=129.138.12.150
check software interlocks M
interlocks []
actuate state mode=None-script, software_lock=False
doing actuation None-script open_channel False
Open M ===>> OK
GetValveState M ===>> OK
change switch state (True, True)
update switch state M True args=() kw={} ncanvase=3
14:56:50 -- OPEN   VALVE-M (Microbone to Getter NP-10)
---------------------------------------- open None (Microbone to Getter NP-10) result=[(True, True)], time=0.16 sec
action=open, ok=True, locked=[False]
close () {'description': 'CO2 Laser to Felix'}
closing name=--- desc=CO2 Laser to Felix
checking ownership. requestor=129.138.12.150
check software interlocks F
interlocks []
actuate state mode=None-script, software_lock=True
VALVE-F(CO2 Laser to Felix) software locked
change switch state (True, False)
---------------------------------------- close None (CO2 Laser to Felix) result=[(True, False)]
action=close, ok=True, locked=[True]
open () {'description': 'CO2 Laser to Jan'}
opening name=--- desc=CO2 Laser to Jan
checking ownership. requestor=129.138.12.150
check software interlocks A
interlocks []
actuate state mode=None-script, software_lock=False
doing actuation None-script open_channel False
Open A ===>> OK
GetValveState A ===>> OK
change switch state (True, True)
update switch state A True args=() kw={} ncanvase=3
14:56:51 -- OPEN   VALVE-A (CO2 Laser to Jan)
---------------------------------------- open None (CO2 Laser to Jan) result=[(True, True)], time=0.13 sec
action=open, ok=True, locked=[False]
open () {'description': 'Microbone to CO2 Laser'}
opening name=--- desc=Microbone to CO2 Laser
checking ownership. requestor=129.138.12.150
check software interlocks T
interlocks []
actuate state mode=None-script, software_lock=False
doing actuation None-script open_channel False
Open T ===>> OK
GetValveState T ===>> OK
change switch state (True, True)
update switch state T True args=() kw={} ncanvase=3
14:56:51 -- OPEN   VALVE-T (Microbone to CO2 Laser)
---------------------------------------- open None (Microbone to CO2 Laser) result=[(True, True)], time=0.42 sec
action=open, ok=True, locked=[False]
executed 0
PrepareForCO2Analysis.py completed successfully
gosub finished
set_motor ('beam', '1.25') {}
setting motor "beam" to 1.25
set motor beam to 1.25
SetMotor beam,1.25 ===>> OK
Get Checksum: 192129876
GetMotorMoving beam ===>> False
GetMotorMoving beam ===>> False
Block completed
move_to_position ('158',) {'autocenter': True}
FusionsCO2 move to position 158
sending GoToHole 158,True
GoToHole 158,True ===>> OK
GetDriveMoving ===>> OK
GetDriveMoving ===>> OK
GetDriveMoving ===>> OK
GetDriveMoving ===>> False
GetDriveMoving ===>> OK
GetDriveMoving ===>> OK
GetDriveMoving ===>> OK
Get Checksum: 192129876
GetDriveMoving ===>> False
Block completed
GetAutoCorrecting ===>> False
GetAutoCorrecting ===>> False
Block completed
update position
GetPosition ===>> -5.98170,-5.98170,1.00000
got position (-5.9817, -5.9817, 1.0)
move to position succeeded
sleep (5,) {}
SLEEP 5.0
block started
WaitControl setup for 5.0  
Get Checksum: 192129876
Get Checksum: 192129876
Join finished
block finished. duration 5.00710892677
close () {'description': 'Microbone to Turbo'}
closing name=--- desc=Microbone to Turbo
checking ownership. requestor=129.138.12.150
check software interlocks U
interlocks []
actuate state mode=None-script, software_lock=False
doing actuation None-script close_channel True
Close U ===>> OK
GetValveState U ===>> False
change switch state (True, True)
update switch state U False args=() kw={} ncanvase=3
14:57:01 -- CLOSE  VALVE-U (Microbone to Turbo)
---------------------------------------- close None (Microbone to Turbo) result=[(True, True)]
action=close, ok=True, locked=[False]
enable laser
enable () {}
set extraction state FusionsCO2 Enabled (False, 'red', 1.5)
enabling laser
Enable ===>> OK
begin interval
BEGIN INTERVAL Interval 1 waiting for 30.0
block started
WaitControl setup for 30.0  
set extract to 5.0
extract (5.0,) {}
GetPosition ===>> -5.98170,-5.98170,1.00000
set extraction state FusionsCO2 ON! 5.0(watts) (0.75, 'red', 1.5)
extract sample to 5.0 (watts)
set laser output
SetLaserOutput 5.0,watts ===>> OK
executing pattern triangle.lp
execute_pattern ('triangle.lp',) {}
executing pattern triangle.lp
IsPatterning ===>> OK
IsPatterning ===>> OK
IsPatterning ===>> OK
Get Checksum: 38271967
IsPatterning ===>> OK
IsPatterning ===>> OK
IsPatterning ===>> OK
Get Checksum: 38271967
IsPatterning ===>> OK
IsPatterning ===>> OK
IsPatterning ===>> OK
Get Checksum: 38271967
IsPatterning ===>> OK
IsPatterning ===>> OK
IsPatterning ===>> OK
Get Checksum: 38271967
IsPatterning ===>> OK
IsPatterning ===>> OK
IsPatterning ===>> OK
Get Checksum: 38271967
IsPatterning ===>> OK
IsPatterning ===>> OK
IsPatterning ===>> OK
Get Checksum: 38271967
IsPatterning ===>> OK
IsPatterning ===>> OK
Get Checksum: 38271967
IsPatterning ===>> OK
IsPatterning ===>> OK
IsPatterning ===>> OK
Get Checksum: 38271967
IsPatterning ===>> OK
IsPatterning ===>> OK
IsPatterning ===>> OK
Get Checksum: 38271967
IsPatterning ===>> False
IsPatterning ===>> False
Block completed
COMPLETE INTERVAL waiting for Interval 1 to complete
Join finished
block finished. duration 30.0345361233
Interval 1 finished
end_extract () {}
ending extraction. set laser power to 0
set laser power 0
SetLaserPower 0 ===>> OK
disable () {}
%%%%%%%%%%%%%%%%%%%%%%%%%%%%%%%%%%% disable
set extraction state False (0.75, 'red', 1.5)
disabling laser
Disable ===>> OK
sleep (30.0,) {}
SLEEP 30.0
block started
WaitControl setup for 30.0  
Get Checksum: 38271967
Get Checksum: 38271967
Get Checksum: 38271967
Get Checksum: 38271967
Get Checksum: 38271967
Get Checksum: 38271967
Get Checksum: 38271967
Get Checksum: 38271967
Get Checksum: 38271967
Get Checksum: 38271967
Join finished
block finished. duration 30.0422070026
executed 166.0
jan_co2.py completed successfully
GetAchievedOutput ===>> No Response
Requested Output= 0.000
Achieved Output=  0.000
GetResponseBlob ===>> No Response
GetOutputBlob ===>> No Response
persistence save...
persistence save - db
AutomatedRunPersister post_extraction_save deprecated
persistence save - dvc
no extraction position for 158
create new session 4983039568
close session 4983039568
Extraction Finished
14:58:03 -- ******* Extraction Finished *******
no overlap. not waiting for min ms pumptime
14:58:03 -- Sending spectrometer configuration
======== Sending configuration ========
SetDeflection CDD,50.0 ===>> OK
SetDeflection H2,0.0 ===>> OK
SetDeflection H1,0.0 ===>> OK
SetDeflection L2,825.0 ===>> OK
SetDeflection L1,400.0 ===>> OK
SetDeflection AX,190.0 ===>> OK
SetZFocus 74.64 ===>> OK
SetZSymmetry -50.72 ===>> OK
SetExtractionLens 26.13 ===>> OK
SetIonRepeller -3.81 ===>> OK
SetElectronEnergy 75.08 ===>> OK
SetYSymmetry -2.81 ===>> OK
SetIonCounterVoltage 1590.0 ===>> OK
send trap current 200.0
GetParameter Trap Current Readback ===>> 198.147042666178
SetParameter Trap Current Set,200.0 ===>> OK
updating mftable name mftable
Using mftable located at /Users/jan/PychronDev/setupfiles/spectrometer/mftables/mftable.csv
============ MFtable ===========
Isotope  H2     H1     AX     L1     L2     CDD    
Ar40     5.7729 5.8790 5.9923 6.1128 6.2307 6.3410
Ar39     5.6721 5.7713 5.8848 5.9989 6.1159 6.2275
Ar36     5.3496 5.4403 5.5481 5.6577 5.7708 5.8786
================================
get initial guess parabolic
get initial guess parabolic
get initial guess parabolic
get initial guess parabolic
get initial guess parabolic
get initial guess parabolic
======== Configuration Finished ========
GetYSymmetry ===>> -2.81
GetZSymmetry ===>> -50.72
GetParameter Trap Current Readback ===>> 198.035158395898
GetHighVoltage ===>> 4499.94659342336
start measurement
do measurement
L#=65511 analysis type=unknown
Measurement Started jan_co2_whiff_120_60_large.py
14:58:03 -- ******* Measurement Started jan_co2_whiff_120_60_large.py *******
state changed from extraction to measurement
setting spec, defl, and gains
GetExtractionLens ===>> 26.13
GetYSymmetry ===>> -2.81
GetZSymmetry ===>> -50.72
GetZFocus ===>> 74.64
GetDeflection H2 ===>> 0
GetDeflection H1 ===>> 0
GetDeflection AX ===>> 190
GetDeflection L1 ===>> 400
GetDeflection L2 ===>> 825
GetDeflection CDD ===>> 50
GetGain H2 ===>> 0.0113
GetGain H1 ===>> 0.1
GetGain AX ===>> 0.097049
GetGain L1 ===>> 0.010355
GetGain L2 ===>> 0.095649
GetGain CDD ===>> 0
pre measurement save
New frame /Users/jan/PychronDev/data/isotopes/ac/3bf7e4-0c85-4544-8aa3-aba367939d7c.h5
flush and close file /Users/jan/PychronDev/data/isotopes/ac/3bf7e4-0c85-4544-8aa3-aba367939d7c.h5
testing...
no interpolation path defined
executed 266.04
co2 whiff measurement script
activate_detectors ('H2', 'H1', 'AX', 'L1', 'L2', 'CDD') {}
activate detectors
*************** Set Analysis View Ar/Ar
create graphs
Get Checksum: 38271967
clearing graphs
clear isotope group
setting isotope det=H2, iso=PM41
setting isotope det=H1, iso=Ar40
setting isotope det=AX, iso=Ar39
setting isotope det=L1, iso=Ar38
setting isotope det=L2, iso=Ar37
setting isotope det=CDD, iso=Ar36
setting previous blanks
 - setting Ar40 blank 0.564+/-0.007
 - setting Ar36 blank 0.00595+/-0.00019
 - setting Ar37 blank 0.044+/-0.005
 - setting Ar38 blank 0.0048+/-0.0021
 - setting PM41 blank 0.04+/-0.06
 - setting Ar39 blank 0.042+/-0.009
load analysis view
position_magnet ('Ar40',) {'detector': 'H1'}
detector Detector(H1)
POSITION Ar40 H1
setting detector H2 to PM41 (40.9624)
setting detector H1 to Ar40 (39.9624)
setting detector AX to Ar39 (38.9624)
setting detector L1 to Ar38 (37.9624)
setting detector L2 to Ar37 (36.9624)
setting detector CDD to Ar36 (35.9624)
Mapping mass to dac mass func: "parabolic"
H1 map mass coeffs = [-0.00063987  0.15840543  0.57059999]
H1 map mass to dac 39.9624 >> 5.87899
GetDeflection H1 ===>> 0
GetHighVoltage ===>> 4499.94659342336
positioning Ar40 (5.87895537918) on H1
setting magnet DAC
current  : 5.878955
requested: 5.878955
Delta Dac: 0.000001
Checking detector protection. dv=0.00000
Checking detector "CDD". Protection Threshold: 0.1 (V)
SetMagnetDAC 5.87895537918 ===>> OK
Magnet settling time: 0.500
close ('S',) {}
closing name=S desc=---
checking ownership. requestor=129.138.12.150
check software interlocks S
interlocks []
actuate state mode=None-script, software_lock=False
doing actuation None-script close_channel True
Close S ===>> OK
GetValveState S ===>> False
change switch state (True, True)
update switch state S False args=() kw={} ncanvase=3
14:58:05 -- CLOSE  VALVE-S (Microbone to Inlet Pipette)
---------------------------------------- close S () result=[(True, True)]
action=close, ok=True, locked=[False]
equilibrate () {'do_post_equilibration': False, 'inlet': 'R', 'outlet': 'O', 'eqtime': 4}
Equilibration Started
14:58:06 -- ******* Equilibration Started *******
checking ownership. requestor=129.138.12.150
check software interlocks O
interlocks []
actuate state mode=None-script, software_lock=False
doing actuation None-script close_channel True
Close O ===>> OK
GetValveState O ===>> False
change switch state (True, True)
update switch state O False args=() kw={} ncanvase=3
14:58:06 -- CLOSE  VALVE-O (Jan Ion Pump)
waiting 3s before opening inlet value ('R',)
Get Checksum: -2122905146
checking ownership. requestor=129.138.12.150
check software interlocks R
interlocks []
actuate state mode=None-script, software_lock=False
doing actuation None-script open_channel True
Open R ===>> OK
GetValveState R ===>> OK
change switch state (True, True)
update switch state R True args=() kw={} ncanvase=3
14:58:09 -- OPEN   VALVE-R (Jan Inlet)
set_time_zero (0,) {}
equilibrating for 4sec
sniff (4,) {}
py_sniff
build tables- sniff [Detector(H2), Detector(H1), Detector(AX), Detector(L1), Detector(L2), Detector(CDD)]
add group /sniff/PM41 (Group) '' table H2
add group /sniff/Ar40 (Group) '' table H1
add group /sniff/Ar39 (Group) '' table AX
add group /sniff/Ar38 (Group) '' table L1
add group /sniff/Ar37 (Group) '' table L2
add group /sniff/Ar36 (Group) '' table CDD
flush and close file /Users/jan/PychronDev/data/isotopes/ac/3bf7e4-0c85-4544-8aa3-aba367939d7c.h5
measuring sniff. ncounts=4
Get Checksum: -1800838140
starting measurement
GetData ===>> H2,2.13068979702986,H1,3.17180009119091,AX,4.60387052890942,L1,0.176344442781844,L2,1.00880183624...
GetData ===>> H2,5.37698716627947,H1,8.65636253824797,AX,6.03040676631895,L1,0.895000138365677,L2,0.85179878186...
GetData ===>> H2,1.91368657259729,H1,8.38312902816043,AX,3.36779361668179,L1,0.705860229811446,L2,0.19865498232...
Get Checksum: -1800838140
GetData ===>> H2,0.707050710636187,H1,7.97569781067009,AX,2.47804123561348,L1,0.435871312904071,L2,0.0977371445...
Equilibration Finished
14:58:13 -- ******* Equilibration Finished *******
checking ownership. requestor=129.138.12.150
check software interlocks R
interlocks []
actuate state mode=None-script, software_lock=False
doing actuation None-script close_channel True
measurement finished
estimated time: 4.194 actual time: :4.256
flush and close file /Users/jan/PychronDev/data/isotopes/ac/3bf7e4-0c85-4544-8aa3-aba367939d7c.h5
set_fits () {}
using default fits file=/Users/jan/PychronDev/scripts/measurement/fits/nominal_linear.yaml
set "Ar40" to "('Linear', 'SEM')"
No fit for "PM41". defaulting to linear. check the measurement script "jan_co2_whiff_120_60_large.py"
set "PM41" to "linear"
set "Ar36" to "('Linear', 'SEM')"
set "Ar37" to "('linear', 'SEM')"
set "Ar38" to "('linear', 'SEM')"
set "Ar39" to "('Linear', 'SEM')"
set_baseline_fits () {}
using default fits file=/Users/jan/PychronDev/scripts/measurement/fits/nominal_linear.yaml
Close R ===>> OK
set "H1" to "('average', 'SEM')"
set "H2" to "('average', 'SEM')"
set "CDD" to "('average', 'SEM')"
set "L2" to "('average', 'SEM')"
set "L1" to "('average', 'SEM')"
set "AX" to "('average', 'SEM')"
whiff () {'ncounts': 1, 'conditionals': [{'action': 'run_remainder', 'attr': 'Ar40', 'teststr': 'Ar40.cur<=175'}, {'action': 'run_pipette', 'attr': 'Ar40', 'teststr': 'Ar40.cur>500'}, {'action': 'run_chamber_split', 'attr': 'Ar40', 'teststr': 'Ar40.cur>=300'}, {'action': 'pump', 'attr': 'Ar40', 'teststr': 'Ar40.cur>175'}]}
build tables- whiff [Detector(H2), Detector(H1), Detector(AX), Detector(L1), Detector(L2), Detector(CDD)]
add group /whiff/PM41 (Group) '' table H2
set states for children of R. state=False
add group /whiff/Ar40 (Group) '' table H1
handle state [('R', False)]
update switch state R False args=() kw={'refresh': False} ncanvase=3
add group /whiff/Ar39 (Group) '' table AX
add group /whiff/Ar38 (Group) '' table L1
add group /whiff/Ar37 (Group) '' table L2
add group /whiff/Ar36 (Group) '' table CDD
flush and close file /Users/jan/PychronDev/data/isotopes/ac/3bf7e4-0c85-4544-8aa3-aba367939d7c.h5
measuring whiff. ncounts=1
refresh_canvas_needed fired
GetValveState R ===>> False
change switch state (True, True)
update switch state R False args=() kw={} ncanvase=3
14:58:14 -- CLOSE  VALVE-R (Jan Inlet)
starting measurement
GetData ===>> H2,0.303123108058105,H1,7.84140329027443,AX,2.2404487116531,L1,0.312992906743965,L2,0.02021015172...
testing Ar40<=175
evaluate ot="Ar40.cur<=175" t="Ar40<=175", ctx="{'Ar40': 7.8414032902744299}"
condition Ar40<=175 is true trips=1/1
14:58:16 -- Conditional tripped: Ar40.cur<=175 condition Ar40<=175 is True
measurement finished
estimated time: 1.049 actual time: :1.123
flush and close file /Users/jan/PychronDev/data/isotopes/ac/3bf7e4-0c85-4544-8aa3-aba367939d7c.h5
WHIFF Result=run_remainder
Whiff result=run_remainder
open ('R',) {}
opening name=R desc=---
checking ownership. requestor=129.138.12.150
check software interlocks R
interlocks []
actuate state mode=None-script, software_lock=False
doing actuation None-script open_channel True
Open R ===>> OK
GetValveState R ===>> OK
change switch state (True, True)
update switch state R True args=() kw={} ncanvase=3
14:58:16 -- OPEN   VALVE-R (Jan Inlet)
---------------------------------------- open R () result=[(True, True)], time=0.40 sec
Get Checksum: -1800838140
action=open, ok=True, locked=[False]
open ('S',) {}
opening name=S desc=---
checking ownership. requestor=129.138.12.150
check software interlocks S
interlocks []
actuate state mode=None-script, software_lock=False
doing actuation None-script open_channel True
Open S ===>> OK
GetValveState S ===>> OK
change switch state (True, True)
update switch state S True args=() kw={} ncanvase=3
14:58:17 -- OPEN   VALVE-S (Microbone to Inlet Pipette)
---------------------------------------- open S () result=[(True, True)], time=0.51 sec
action=open, ok=True, locked=[False]
sleep (12.0,) {}
SLEEP 12.0
block started
WaitControl setup for 12.0  
Get Checksum: 1775861429
Get Checksum: 1775861429
Get Checksum: 1775861429
Get Checksum: 1775861429
Join finished
block finished. duration 12.0097539425
close ('R',) {}
closing name=R desc=---
checking ownership. requestor=129.138.12.150
check software interlocks R
interlocks []
actuate state mode=None-script, software_lock=False
doing actuation None-script close_channel True
Close R ===>> OK
GetValveState R ===>> False
change switch state (True, True)
update switch state R False args=() kw={} ncanvase=3
14:58:30 -- CLOSE  VALVE-R (Jan Inlet)
---------------------------------------- close R () result=[(True, True)]
action=close, ok=True, locked=[False]
post_equilibration () {}
Post Equilibration Started jan_pump_extraction_line.py
multicollect () {'integration_time': 1, 'ncounts': 120.0}
14:58:30 -- ******* Post Equilibration Started jan_pump_extraction_line.py *******
build tables- signal [Detector(H2), Detector(H1), Detector(AX), Detector(L1), Detector(L2), Detector(CDD)]
testing...
no interpolation path defined
add group /signal/PM41 (Group) '' table H2
add group /signal/Ar40 (Group) '' table H1
calculate duration
add group /signal/Ar39 (Group) '' table AX
testing...
add group /signal/Ar38 (Group) '' table L1
no interpolation path defined
add group /signal/Ar37 (Group) '' table L2
executed 4.0
add group /signal/Ar36 (Group) '' table CDD
executed 4.0
flush and close file /Users/jan/PychronDev/data/isotopes/ac/3bf7e4-0c85-4544-8aa3-aba367939d7c.h5
Pump after analysis
measuring signal. ncounts=120.0
doing GOSUB
testing...
no interpolation path defined
executed 4.0
Pump Microbone
close () {'description': 'Jan Inlet'}
closing name=--- desc=Jan Inlet
checking ownership. requestor=129.138.12.150
check software interlocks R
interlocks []
actuate state mode=None-script, software_lock=False
doing actuation None-script close_channel False
Close R ===>> OK
GetValveState R ===>> False
change switch state (True, True)
update switch state R False args=() kw={} ncanvase=3
14:58:31 -- CLOSE  VALVE-R (Jan Inlet)
---------------------------------------- close None (Jan Inlet) result=[(True, True)]
starting measurement
GetData ===>> H2,-0.0163366002406554,H1,213.728153269244,AX,52.4142440679221,L1,0.677287754247832,L2,0.42315238...
action=close, ok=True, locked=[False]
is_closed ('F',) {}
is F () closed?
is closed True
open () {'description': 'CO2 Laser to Jan'}
opening name=--- desc=CO2 Laser to Jan
checking ownership. requestor=129.138.12.150
check software interlocks A
interlocks []
actuate state mode=None-script, software_lock=False
doing actuation None-script open_channel False
Open A ===>> OK
GetValveState A ===>> OK
change switch state (True, True)
update switch state A True args=() kw={} ncanvase=3
14:58:31 -- OPEN   VALVE-A (CO2 Laser to Jan)
---------------------------------------- open None (CO2 Laser to Jan) result=[(True, True)], time=0.15 sec
action=open, ok=True, locked=[False]
sleep (1,) {}
SLEEP 1.0
GetData ===>> H2,0.174758058360487,H1,213.812936235619,AX,52.4384733600202,L1,0.693492040852086,L2,0.4053975094...
Get Checksum: 1838806504
close () {'description': 'CO2 Laser to Roughing'}
closing name=--- desc=CO2 Laser to Roughing
checking ownership. requestor=129.138.12.150
check software interlocks G
interlocks []
actuate state mode=None-script, software_lock=True
VALVE-G(CO2 Laser to Roughing) software locked
change switch state (True, False)
---------------------------------------- close None (CO2 Laser to Roughing) result=[(True, False)]
action=close, ok=True, locked=[True]
open () {'description': 'Microbone to Turbo'}
opening name=--- desc=Microbone to Turbo
checking ownership. requestor=129.138.12.150
check software interlocks U
interlocks []
actuate state mode=None-script, software_lock=False
doing actuation None-script open_channel True
Open U ===>> OK
GetValveState U ===>> OK
change switch state (True, True)
update switch state U True args=() kw={} ncanvase=3
14:58:32 -- OPEN   VALVE-U (Microbone to Turbo)
---------------------------------------- open None (Microbone to Turbo) result=[(True, True)], time=0.17 sec
action=open, ok=True, locked=[False]
open () {'description': 'Microbone to Getter NP-10'}
opening name=--- desc=Microbone to Getter NP-10
checking ownership. requestor=129.138.12.150
check software interlocks M
interlocks []
actuate state mode=None-script, software_lock=False
doing actuation None-script open_channel False
Open M ===>> OK
GetValveState M ===>> OK
change switch state (True, True)
update switch state M True args=() kw={} ncanvase=3
14:58:33 -- OPEN   VALVE-M (Microbone to Getter NP-10)
---------------------------------------- open None (Microbone to Getter NP-10) result=[(True, True)], time=0.13 sec
GetData ===>> H2,0.00181241524349602,H1,213.737895254026,AX,52.2349673327971,L1,0.695087654682917,L2,0.43625929...
action=open, ok=True, locked=[False]
open () {'description': 'Microbone to Getter D-50'}
opening name=--- desc=Microbone to Getter D-50
checking ownership. requestor=129.138.12.150
check software interlocks K
interlocks []
actuate state mode=None-script, software_lock=False
doing actuation None-script open_channel False
Open K ===>> OK
GetValveState K ===>> OK
change switch state (True, True)
update switch state K True args=() kw={} ncanvase=3
14:58:33 -- OPEN   VALVE-K (Microbone to Getter D-50)
---------------------------------------- open None (Microbone to Getter D-50) result=[(True, True)], time=0.42 sec
action=open, ok=True, locked=[False]
open () {'description': 'Microbone to CO2 Laser'}
opening name=--- desc=Microbone to CO2 Laser
checking ownership. requestor=129.138.12.150
check software interlocks T
interlocks []
actuate state mode=None-script, software_lock=False
doing actuation None-script open_channel False
GetData ===>> H2,-0.0176598661749016,H1,213.471494840639,AX,52.1892816378043,L1,0.676579020989702,L2,0.35409365...
Open T ===>> OK
GetValveState T ===>> OK
change switch state (True, True)
update switch state T True args=() kw={} ncanvase=3
14:58:34 -- OPEN   VALVE-T (Microbone to CO2 Laser)
---------------------------------------- open None (Microbone to CO2 Laser) result=[(True, True)], time=0.43 sec
action=open, ok=True, locked=[False]
open () {'description': 'Microbone to Inlet Pipette'}
opening name=--- desc=Microbone to Inlet Pipette
checking ownership. requestor=129.138.12.150
check software interlocks S
interlocks []
actuate state mode=None-script, software_lock=False
doing actuation None-script open_channel False
Open S ===>> OK
GetValveState S ===>> OK
change switch state (True, True)
update switch state S True args=() kw={} ncanvase=3
14:58:35 -- OPEN   VALVE-S (Microbone to Inlet Pipette)
---------------------------------------- open None (Microbone to Inlet Pipette) result=[(True, True)], time=0.40 sec
GetData ===>> H2,0.0306921239835879,H1,213.235731619329,AX,52.1603928760318,L1,0.65522704058547,L2,0.3650099842...
action=open, ok=True, locked=[False]
sleep (1,) {}
SLEEP 1.0
Get Checksum: 1695186306
GetData ===>> H2,0.0146959542704571,H1,213.424163021602,AX,52.2116441811228,L1,0.650344869760816,L2,0.422169729...
set_resource () {'name': 'CO2PumpTimeFlag', 'value': 30}
Set CO2PumpTimeFlag 30 ===>> OK
release ('JanCO2Flag',) {}
release JanCO2Flag
Set JanCO2Flag 0 ===>> OK
executed 6.0
PumpMicrobone.py completed successfully
gosub finished
get_resource_value () {'name': 'JanMiniboneFlag'}
Read JanMiniboneFlag ===>> 0
Get Resource Value JanMiniboneFlag=0.0
get resource value 0.0
get_resource_value () {'name': 'JanMiniboneFlag'}
Read JanMiniboneFlag ===>> 0
Get Resource Value JanMiniboneFlag=0.0
executed 4.0
jan_pump_extraction_line.py completed successfully
Post Equilibration Finished
14:58:36 -- ******* Post Equilibration Finished *******
GetData ===>> H2,-0.0618320137014592,H1,213.24997291681,AX,52.0565351056948,L1,0.677982007749077,L2,0.447421171...
GetData ===>> H2,0.0219750925379774,H1,213.070744365905,AX,52.2204726161502,L1,0.675477258897477,L2,0.399228630...
Get Checksum: 1695186306
GetData ===>> H2,-0.0862669243104597,H1,213.117521601658,AX,52.068167674076,L1,0.671600926472392,L2,0.322527796...
GetData ===>> H2,-0.129604921662068,H1,213.265471914195,AX,51.9815716134094,L1,0.640620819267725,L2,0.304540479...
GetData ===>> H2,-0.0703088364997276,H1,213.244773990357,AX,52.112852931131,L1,0.6306537210269,L2,0.39441946440...
Get Checksum: 1695186306
GetData ===>> H2,-0.207714192986252,H1,213.048898910752,AX,52.0610499532214,L1,0.63703957832384,L2,0.3933114485...
GetData ===>> H2,-0.0656479906836498,H1,212.685975828411,AX,52.0956383714092,L1,0.656827255741636,L2,0.43761921...
GetData ===>> H2,-0.00156647223235711,H1,213.048430995039,AX,52.0230098113749,L1,0.63463854056753,L2,0.46284862...
Get Checksum: 1695186306
GetData ===>> H2,-0.126735134842814,H1,212.977320125848,AX,51.8770792345479,L1,0.655199773367416,L2,0.526914503...
GetData ===>> H2,-0.163495001660947,H1,212.886409628766,AX,51.93643026209,L1,0.638393233747177,L2,0.29577631024...
GetData ===>> H2,-0.172078498631723,H1,212.821031465681,AX,51.9874506095309,L1,0.634248532679045,L2,0.426134708...
GetData ===>> H2,-0.117052531791812,H1,212.524487630215,AX,52.0266412782296,L1,0.648516504579099,L2,0.452787952...
Get Checksum: 1695186306
GetData ===>> H2,-0.202057674368607,H1,212.326929486896,AX,51.8704957300201,L1,0.63181595687073,L2,0.3972866576...
GetData ===>> H2,-0.119804372537401,H1,212.187644385723,AX,51.8816715380915,L1,0.641719937398866,L2,0.354310598...
GetData ===>> H2,-0.0923116365284376,H1,212.159360835838,AX,51.9817038877404,L1,0.647159064754775,L2,0.42961991...
Get Checksum: 1695186306
GetData ===>> H2,-0.153960510455126,H1,212.159409991788,AX,51.9377672195963,L1,0.654049657652544,L2,0.446953019...
GetData ===>> H2,-0.153960510455126,H1,212.159409991788,AX,51.9377672195963,L1,0.654049657652544,L2,0.446953019...
GetData ===>> H2,-0.0254309584131181,H1,211.86088480827,AX,51.8148292107187,L1,0.669751959432644,L2,0.343509656...
Get Checksum: 1695186306
14:58:56 -- collecting point 25
GetData ===>> H2,-0.0254309584131181,H1,211.86088480827,AX,51.8148292107187,L1,0.669751959432644,L2,0.343509656...
GetData ===>> H2,-0.126621572063986,H1,212.024864898103,AX,51.6735922512608,L1,0.6706373392741,L2,0.41890188665...
GetData ===>> H2,-0.0799262111470483,H1,211.828550041669,AX,51.8739931730238,L1,0.622717110682317,L2,0.39973126...
Get Checksum: 1695186306
GetData ===>> H2,0.00439448748326539,H1,211.77436389388,AX,51.6484877505393,L1,0.650478665206033,L2,0.404300790...
GetData ===>> H2,-0.132417257347384,H1,211.59892082707,AX,51.6122640758212,L1,0.63648353825497,L2,0.39539041666...
GetData ===>> H2,-0.302324253045007,H1,211.716373586458,AX,51.6744144734888,L1,0.620023877467931,L2,0.284274554...
Get Checksum: 1695186306
GetData ===>> H2,-0.204541931203315,H1,211.395825487566,AX,51.7276996753589,L1,0.629178524833921,L2,0.398440413...
GetData ===>> H2,-0.143725596310641,H1,211.334013057337,AX,51.7226505766552,L1,0.664142584812906,L2,0.360430912...
GetData ===>> H2,-0.159807229942241,H1,211.362930133056,AX,51.6023734007164,L1,0.672894530659415,L2,0.362931675...
Get Checksum: 1695186306
GetData ===>> H2,-0.240907669484383,H1,211.49870767318,AX,51.6949277579706,L1,0.666289285423221,L2,0.4831444658...
GetData ===>> H2,-0.195765737617906,H1,211.187759604933,AX,51.5991158151751,L1,0.649641233169429,L2,0.334730506...
GetData ===>> H2,-0.207026990020437,H1,211.266040823895,AX,51.6589840392173,L1,0.650977935634116,L2,0.367248213...
Get Checksum: 1695186306
GetData ===>> H2,-0.237185393124268,H1,211.170008620867,AX,51.6179581778731,L1,0.612838409098818,L2,0.450218711...
GetData ===>> H2,-0.126599940929661,H1,211.157799579047,AX,51.4263116572866,L1,0.629701997483145,L2,0.411406836...
Get Checksum: 1695186306
GetData ===>> H2,-0.239169813855555,H1,210.894376107141,AX,51.6282610625822,L1,0.649960836844319,L2,0.369280936...
GetData ===>> H2,-0.201078918773327,H1,210.781526511497,AX,51.5832106441414,L1,0.637122553447264,L2,0.421209931...
GetData ===>> H2,-0.0810792079219724,H1,210.648252697413,AX,51.4972914483157,L1,0.620398514078043,L2,0.33081496...
Get Checksum: 1695186306
GetData ===>> H2,-0.0195806381662272,H1,210.652193599797,AX,51.3332008683227,L1,0.634237389811685,L2,0.40382098...
GetData ===>> H2,-0.113314696753314,H1,210.605187226038,AX,51.5367834066069,L1,0.660329937064859,L2,0.412834964...
GetData ===>> H2,-0.224670906112031,H1,210.593802644354,AX,51.5291425598269,L1,0.640743350328203,L2,0.328041082...
Get Checksum: 1695186306
GetData ===>> H2,-0.241964251891835,H1,210.659928758461,AX,51.5101599097733,L1,0.66266915355804,L2,0.2203715261...
GetData ===>> H2,-0.251685552560988,H1,210.548907026406,AX,51.4430004748956,L1,0.661596121357286,L2,0.366471679...
GetData ===>> H2,-0.28841736109663,H1,210.728848170491,AX,51.3170632255087,L1,0.620363893626276,L2,0.4626544782...
Get Checksum: 1695186306
GetData ===>> H2,-0.18333225168836,H1,210.554365456969,AX,51.1768273443994,L1,0.597541072188954,L2,0.4831901563...
GetData ===>> H2,-0.170618683480899,H1,210.22367912907,AX,51.4072352103439,L1,0.616016034420282,L2,0.3065718726...
14:59:22 -- collecting point 50
GetData ===>> H2,-0.129595460533294,H1,210.186453003975,AX,51.2937967441973,L1,0.604687903081979,L2,0.363251411...
Get Checksum: 1695186306
GetData ===>> H2,-0.161072631424786,H1,210.005213453673,AX,51.3780324219375,L1,0.586750805160219,L2,0.426340389...
GetData ===>> H2,-0.131047054062251,H1,210.150138358502,AX,51.2804721785671,L1,0.607638059729729,L2,0.411715310...
GetData ===>> H2,-0.19628233147601,H1,210.104857987116,AX,51.1534848833704,L1,0.611154130416598,L2,0.2963925146...
Get Checksum: 1695186306
GetData ===>> H2,-0.19190753281986,H1,210.122924928434,AX,51.1498975078779,L1,0.635785124747895,L2,0.3626347773...
testing age>100.0
evaluate ot="age>100.0" t="age>100.0", ctx="{'age': 28.59831316066749}"
GetData ===>> H2,-0.174048417180382,H1,209.887856223312,AX,51.2626204030678,L1,0.642104903784352,L2,0.331842353...
GetData ===>> H2,-0.254197253824199,H1,209.863262390601,AX,51.2619902153292,L1,0.655440223118778,L2,0.407910870...
Get Checksum: 1695186306
GetData ===>> H2,-0.149019673801265,H1,209.603265470791,AX,51.2466908342539,L1,0.642513404612568,L2,0.359163427...
GetData ===>> H2,-0.105428874424424,H1,209.345406148317,AX,51.4087453823569,L1,0.642295535505766,L2,0.335780765...
GetData ===>> H2,-0.109139642449106,H1,209.520812158546,AX,51.2963914645075,L1,0.670132638731649,L2,0.431802514...
Get Checksum: 1695186306
testing age>100.0
evaluate ot="age>100.0" t="age>100.0", ctx="{'age': 28.63768234800248}"
GetData ===>> H2,-0.14788919932555,H1,209.402733735936,AX,51.2393788713525,L1,0.670130158691143,L2,0.3507253731...
GetData ===>> H2,-0.103443576598806,H1,209.46242126249,AX,51.1217815946428,L1,0.643159611443001,L2,0.3824946883...
Get Checksum: 1695186306
GetData ===>> H2,-0.127042019048887,H1,209.362561253246,AX,50.9155677303021,L1,0.645760938456145,L2,0.391860766...
GetData ===>> H2,-0.128104558405542,H1,209.253425209253,AX,50.9496163914175,L1,0.637935400338724,L2,0.517258470...
GetData ===>> H2,-0.149066943277767,H1,209.199942818441,AX,51.1526649025985,L1,0.616338922742265,L2,0.376030343...
Get Checksum: 1695186306
testing age>100.0
evaluate ot="age>100.0" t="age>100.0", ctx="{'age': 28.642839711041777}"
testing Ar39<0.5
evaluate ot="Ar39<0.5" t="Ar39<0.5", ctx="{'Ar39': 52.710567470305804}"
GetData ===>> H2,-0.163927031121836,H1,209.380523187635,AX,51.0760387541289,L1,0.638898111275111,L2,0.376327282...
GetData ===>> H2,-0.193325556763886,H1,209.05234985474,AX,51.0816183809483,L1,0.634284437555199,L2,0.3408495689...
GetData ===>> H2,-0.173774334619006,H1,208.837000328588,AX,50.9552969664793,L1,0.639504491714202,L2,0.365215533...
Get Checksum: 1695186306
GetData ===>> H2,-0.163596260043767,H1,208.972953091031,AX,50.9974090765036,L1,0.61629809722724,L2,0.3084321188...
GetData ===>> H2,-0.0828633450236595,H1,208.533337318785,AX,50.7949217868914,L1,0.635507753687254,L2,0.46995224...
testing age>100.0
evaluate ot="age>100.0" t="age>100.0", ctx="{'age': 28.651223434799398}"
testing Ar39<0.5
evaluate ot="Ar39<0.5" t="Ar39<0.5", ctx="{'Ar39': 52.717343938816576}"
GetData ===>> H2,-0.150665886058059,H1,208.836122823822,AX,51.0905375232128,L1,0.648146163538605,L2,0.240951440...
Get Checksum: 1695186306
GetData ===>> H2,-0.216708657891311,H1,208.772611228157,AX,51.0568268593101,L1,0.637710203200055,L2,0.426774605...
GetData ===>> H2,-0.237716729870693,H1,208.586161663702,AX,51.0223496275488,L1,0.641686516552698,L2,0.320039501...
GetData ===>> H2,-0.175935761317342,H1,208.331893935479,AX,50.9394710695448,L1,0.607706045578937,L2,0.399822653...
Get Checksum: 1695186306
GetData ===>> H2,-0.159127879291223,H1,208.007282929855,AX,50.8196206338746,L1,0.617145568881206,L2,0.415736984...
testing age>100.0
evaluate ot="age>100.0" t="age>100.0", ctx="{'age': 28.661363877708034}"
testing Ar39<0.5
evaluate ot="Ar39<0.5" t="Ar39<0.5", ctx="{'Ar39': 52.69915145986791}"
14:59:48 -- collecting point 75
GetData ===>> H2,-0.127196133978344,H1,208.227244070672,AX,50.7622910943623,L1,0.628324689901533,L2,0.259883536...
GetData ===>> H2,-0.114379875025021,H1,208.164246323283,AX,50.7736341699698,L1,0.636082316245802,L2,0.368298829...
Get Checksum: 1695186306
GetData ===>> H2,-0.175509178851641,H1,208.079361005138,AX,50.7288098329685,L1,0.643449303411796,L2,0.408824836...
GetData ===>> H2,-0.168568958210669,H1,207.658011926963,AX,50.9093767482779,L1,0.661140178138397,L2,0.404940541...
GetData ===>> H2,-0.168841556619455,H1,207.852506251581,AX,50.9418865463554,L1,0.643440637295557,L2,0.389838987...
Get Checksum: 1695186306
testing age>100.0
evaluate ot="age>100.0" t="age>100.0", ctx="{'age': 28.682947258182836}"
testing Ar39<0.5
evaluate ot="Ar39<0.5" t="Ar39<0.5", ctx="{'Ar39': 52.698706586472966}"
GetData ===>> H2,-0.215888704395006,H1,208.095225004268,AX,50.738696751695,L1,0.635803698967429,L2,0.4038438283...
GetData ===>> H2,-0.263378097125627,H1,208.000035176509,AX,50.8054353717797,L1,0.631564685066999,L2,0.211846368...
GetData ===>> H2,-0.287251634390812,H1,208.007380216885,AX,50.7854033094895,L1,0.676716269595423,L2,0.413954630...
Get Checksum: 1695186306
GetData ===>> H2,-0.201746261319425,H1,207.945604037018,AX,50.8997908552992,L1,0.643851666765948,L2,0.403124116...
GetData ===>> H2,-0.0888172011274646,H1,207.803445150586,AX,50.8053768792475,L1,0.601293851006576,L2,0.26160599...
Get Checksum: 1695186306
testing age>100.0
evaluate ot="age>100.0" t="age>100.0", ctx="{'age': 28.690104508216997}"
testing Ar39<0.5
evaluate ot="Ar39<0.5" t="Ar39<0.5", ctx="{'Ar39': 52.683811256853396}"
GetData ===>> H2,-0.125123518581536,H1,207.650672597884,AX,50.5213777113769,L1,0.591463833844531,L2,0.303844337...
GetData ===>> H2,-0.175241881649986,H1,207.56496154883,AX,50.7087751772967,L1,0.600225331347978,L2,0.3579987259...
GetData ===>> H2,-0.0218813351448709,H1,207.542555298326,AX,50.6612607914335,L1,0.613552022238603,L2,0.33742467...
Get Checksum: 1695186306
GetData ===>> H2,-0.121169222078911,H1,207.346936821464,AX,50.7084827247973,L1,0.62245740210949,L2,0.3392284359...
GetData ===>> H2,-0.130491529582033,H1,207.282849538817,AX,50.6801912413695,L1,0.622171730183233,L2,0.349743455...
testing age>100.0
evaluate ot="age>100.0" t="age>100.0", ctx="{'age': 28.699242250964396}"
testing Ar39<0.5
evaluate ot="Ar39<0.5" t="Ar39<0.5", ctx="{'Ar39': 52.68289178175336}"
GetData ===>> H2,-0.212221747965004,H1,207.411229350964,AX,50.6186304688286,L1,0.58678167494717,L2,0.4582007124...
Get Checksum: 1695186306
GetData ===>> H2,-0.234945433070292,H1,207.478825168018,AX,50.6464254536305,L1,0.595584549122656,L2,0.317071895...
GetData ===>> H2,-0.145576575485078,H1,207.231332055702,AX,50.5706424215567,L1,0.664437543978799,L2,0.460507508...
GetData ===>> H2,-0.167304393665197,H1,207.101926258282,AX,50.5807579467035,L1,0.672238406425711,L2,0.320633033...
Get Checksum: 1695186306
GetData ===>> H2,-0.0815709911941408,H1,206.916700252404,AX,50.6743875419657,L1,0.622729477919272,L2,0.41254933...
testing age>100.0
evaluate ot="age>100.0" t="age>100.0", ctx="{'age': 28.709467749930074}"
testing Ar39<0.5
evaluate ot="Ar39<0.5" t="Ar39<0.5", ctx="{'Ar39': 52.673416768345184}"
GetData ===>> H2,-0.0473223391788752,H1,206.660455645817,AX,50.608913939564,L1,0.626885703807078,L2,0.353614095...
GetData ===>> H2,-0.107386766333944,H1,206.992356846884,AX,50.5676459305263,L1,0.607369828998568,L2,0.518675389...
Get Checksum: 1695186306
GetData ===>> H2,-0.188435859313644,H1,206.807043949227,AX,50.6273394710112,L1,0.662249096589925,L2,0.353214464...
GetData ===>> H2,-0.158521426516068,H1,206.772963962618,AX,50.3506873921666,L1,0.666407044519795,L2,0.507443453...
GetData ===>> H2,-0.13297448914368,H1,206.512399168771,AX,50.431258900846,L1,0.6258836042896,L2,0.3668371064623...
Get Checksum: 1695186306
testing age>100.0
evaluate ot="age>100.0" t="age>100.0", ctx="{'age': 28.719285373581958}"
testing Ar39<0.5
evaluate ot="Ar39<0.5" t="Ar39<0.5", ctx="{'Ar39': 52.66809602697628}"
15:00:15 -- collecting point 100
GetData ===>> H2,-0.143632363820684,H1,206.446201302142,AX,50.4072578682332,L1,0.590993175705523,L2,0.357656169...
GetData ===>> H2,-0.154964447776601,H1,206.462651834188,AX,50.4681017464565,L1,0.642923159454389,L2,0.339285517...
GetData ===>> H2,-0.1840431721746,H1,206.396731599731,AX,50.4519350914903,L1,0.64413518753156,L2,0.365649473046...
Get Checksum: 1695186306
GetData ===>> H2,-0.11435551374132,H1,206.255872519054,AX,50.4461232109003,L1,0.614108600344627,L2,0.4375049393...
GetData ===>> H2,-0.180728309723849,H1,206.144242552809,AX,50.3367724563407,L1,0.608765446281676,L2,0.303924222...
testing age>100.0
evaluate ot="age>100.0" t="age>100.0", ctx="{'age': 28.722088851764166}"
testing Ar39<0.5
evaluate ot="Ar39<0.5" t="Ar39<0.5", ctx="{'Ar39': 52.664162852317325}"
GetData ===>> H2,-0.237847206210897,H1,206.127657088345,AX,50.2317386913745,L1,0.611053972675874,L2,0.324593814...
Get Checksum: 1695186306
GetData ===>> H2,-0.25313105919805,H1,206.241991122313,AX,50.3784197685457,L1,0.659600278557464,L2,0.3964984565...
GetData ===>> H2,-0.236897519231812,H1,206.120127492235,AX,50.2871996565273,L1,0.653944319361687,L2,0.344617096...
Get Checksum: 1695186306
GetData ===>> H2,-0.172527738449166,H1,206.009740702186,AX,50.1920020319064,L1,0.616037065154567,L2,0.408070813...
GetData ===>> H2,-0.137520586246328,H1,205.769191557714,AX,50.2715699922302,L1,0.648355485114111,L2,0.418810480...
testing age>100.0
evaluate ot="age>100.0" t="age>100.0", ctx="{'age': 28.722569944900496}"
testing Ar39<0.5
evaluate ot="Ar39<0.5" t="Ar39<0.5", ctx="{'Ar39': 52.668858495252074}"
GetData ===>> H2,-0.169007541546399,H1,205.514801845831,AX,50.3634356197774,L1,0.624937265763369,L2,0.378931250...
Get Checksum: 1695186306
GetData ===>> H2,-0.236238341095046,H1,205.754725632274,AX,50.3240270027716,L1,0.568677336293198,L2,0.348841470...
GetData ===>> H2,-0.16208674128735,H1,205.597560912093,AX,50.2592544629817,L1,0.550545480319194,L2,0.4031355409...
GetData ===>> H2,-0.098769246176298,H1,205.35848216592,AX,50.1951252170634,L1,0.581870830917956,L2,0.3896790740...
GetData ===>> H2,-0.073680926410333,H1,205.667943554936,AX,50.077258342545,L1,0.611245633395211,L2,0.4495792666...
testing age>100.0
evaluate ot="age>100.0" t="age>100.0", ctx="{'age': 28.73634082598865}"
testing Ar39<0.5
evaluate ot="Ar39<0.5" t="Ar39<0.5", ctx="{'Ar39': 52.66486292426565}"
GetData ===>> H2,-0.11777776202168,H1,205.480528729327,AX,50.1359587809964,L1,0.622619410028302,L2,0.4274373600...
Get Checksum: 1695186306
GetData ===>> H2,-0.202641382227148,H1,205.394467268138,AX,49.9623409387762,L1,0.652938082656959,L2,0.300637586...
GetData ===>> H2,-0.182089719890336,H1,205.384388862375,AX,50.0213514995383,L1,0.643672148883173,L2,0.443824454...
GetData ===>> H2,-0.180477328235228,H1,205.171167975678,AX,50.1676176573754,L1,0.61023172653991,L2,0.3419341451...
Get Checksum: 1695186306
GetData ===>> H2,-0.185510737774566,H1,205.479343927621,AX,50.1270607553086,L1,0.599332306314167,L2,0.373780488...
testing age>100.0
evaluate ot="age>100.0" t="age>100.0", ctx="{'age': 28.7335492133382}"
testing Ar39<0.5
evaluate ot="Ar39<0.5" t="Ar39<0.5", ctx="{'Ar39': 52.66945486373962}"
GetData ===>> H2,-0.279827103558992,H1,205.483913915189,AX,50.0586696640653,L1,0.615082065371246,L2,0.231545539...
measurement finished
estimated time: 125.829 actual time: :126.072
flush and close file /Users/jan/PychronDev/data/isotopes/ac/3bf7e4-0c85-4544-8aa3-aba367939d7c.h5
baselines () {'settling_time': 15.0, 'detector': 'H1', 'mass': 34.2, 'ncounts': 60.0}
%%%%%%%%%%%%%%%%%%%%%%%%%%%%%%%% Baseline
build tables- baseline [Detector(H2), Detector(H1), Detector(AX), Detector(L1), Detector(L2), Detector(CDD)]
add group baseline table H2
add group baseline table H1
add group baseline table AX
add group baseline table L1
add group baseline table L2
add group baseline table CDD
flush and close file /Users/jan/PychronDev/data/isotopes/ac/3bf7e4-0c85-4544-8aa3-aba367939d7c.h5
detector Detector(H1)
POSITION 34.2 H1
Mapping mass to dac mass func: "parabolic"
H1 map mass coeffs = [-0.00063987  0.15840543  0.57059999]
H1 map mass to dac 34.2 >> 5.23964599104
GetDeflection H1 ===>> 0
GetHighVoltage ===>> 4499.94659342336
positioning 34.2 (5.23961513526) on H1
setting magnet DAC
current  : 5.878955
requested: 5.239615
Delta Dac: 0.639340
Checking detector protection. dv=0.63934
Checking detector "CDD". Protection Threshold: 0.1 (V)
ProtectDetector CDD,On ===>> OK
GetDeflection CDD ===>> 2000
SetMagnetDAC 5.23961513526 ===>> OK
Magnet settling time: 0.500
Get Checksum: 1695186306
GetMagnetMoving ===>> True
GetMagnetMoving ===>> True
GetMagnetMoving ===>> True
GetMagnetMoving ===>> True
GetMagnetMoving ===>> True
GetMagnetMoving ===>> True
GetMagnetMoving ===>> True
GetMagnetMoving ===>> True
GetMagnetMoving ===>> False
ProtectDetector CDD,Off ===>> OK
GetDeflection CDD ===>> 50
Delaying 15.0s for detectors to settle
Get Checksum: 1695186306
Get Checksum: 1695186306
Get Checksum: 1695186306
Get Checksum: 1695186306
Get Checksum: 1695186306
Join finished
measuring baseline. ncounts=60.0
starting measurement
GetData ===>> H2,-0.0241671410929441,H1,0.0078347999352026,AX,-0.0930513604737997,L1,-0.0460781003052821,L2,-0....
Get Checksum: 1695186306
GetData ===>> H2,-0.108446079246677,H1,-0.0985795479077066,AX,-0.100711846189046,L1,-0.0504606384390986,L2,-0.0...
GetData ===>> H2,-0.207014862534319,H1,0.00875337695858143,AX,-0.0978146078394415,L1,-0.0347754508106203,L2,0.0...
GetData ===>> H2,-0.287376539448772,H1,-0.0686638106257352,AX,-0.116679875680745,L1,-0.00665628426341297,L2,-0....
Get Checksum: 1695186306
GetData ===>> H2,-0.322099193634834,H1,-0.0915602836203398,AX,0.00165933054613985,L1,-0.0186388380774674,L2,-0....
GetData ===>> H2,-0.259257951425591,H1,-0.0735391363971381,AX,-0.0189418263376984,L1,-0.0292046877598341,L2,-0....
Get Checksum: 1695186306
GetData ===>> H2,-0.229613483163198,H1,-0.0686280494124112,AX,0.00281943526993127,L1,0.000256840610224474,L2,-0...
GetData ===>> H2,-0.256544409334386,H1,-0.0329677604186117,AX,-0.0135251653684022,L1,-0.0456818782469583,L2,-0....
GetData ===>> H2,-0.209372740280664,H1,-0.0436993745293933,AX,0.0621198362884163,L1,-0.00126488615850432,L2,0.0...
Get Checksum: 1695186306
GetData ===>> H2,-0.309545204700407,H1,0.0940806881654989,AX,0.103542106690482,L1,-0.0131871165978648,L2,0.0211...
GetData ===>> H2,-0.218703543559066,H1,0.00345676293533899,AX,-0.0865493252496365,L1,-0.0298167737275881,L2,0.0...
GetData ===>> H2,-0.255521453690224,H1,-0.000515513672527512,AX,-0.109588447352378,L1,-0.0437268742298189,L2,0....
Get Checksum: 1695186306
GetData ===>> H2,-0.318383534854663,H1,0.0549436151214835,AX,-0.186134750319941,L1,-0.0450976915449966,L2,-0.02...
GetData ===>> H2,-0.292456181631633,H1,-0.0642650854990155,AX,-0.117502540602241,L1,-0.0725475494803581,L2,-0.0...
GetData ===>> H2,-0.344652900004948,H1,-0.0525699734178929,AX,-0.0304584782996493,L1,-0.035300322671191,L2,-0.0...
Get Checksum: 1695186306
GetData ===>> H2,-0.336875798282342,H1,-0.0696531991252634,AX,-0.0589485069089606,L1,-0.004865470229564,L2,0.03...
GetData ===>> H2,-0.2061335637341,H1,-0.0229505489408808,AX,-0.113783112834603,L1,-0.0370209432499163,L2,-0.074...
GetData ===>> H2,-0.309012537331721,H1,-0.0419823936003592,AX,-0.100387359784286,L1,-0.0177586489324008,L2,-0.0...
Get Checksum: 1695186306
GetData ===>> H2,-0.0947228344500209,H1,-0.0632756437239699,AX,-0.10699276265591,L1,0.0100050321961161,L2,0.014...
GetData ===>> H2,-0.163061605557973,H1,0.00670150223551782,AX,-0.140078268176198,L1,-0.0178126136979255,L2,-0.0...
GetData ===>> H2,-0.157660991286946,H1,-0.0870791375133127,AX,-0.104176829957623,L1,-0.00106208254421049,L2,-0....
Get Checksum: 1695186306
GetData ===>> H2,-0.116246064680002,H1,0.00179864632603457,AX,-0.0260166682383099,L1,0.000577296613852733,L2,0....
GetData ===>> H2,-0.232018689849718,H1,-0.028209709976079,AX,-0.108522370947194,L1,-0.0220809092537547,L2,0.033...
GetData ===>> H2,-0.1999935604555,H1,-0.0293068243789161,AX,0.0137018907001062,L1,-0.0416086236901269,L2,-0.019...
Get Checksum: 1695186306
15:01:20 -- collecting point 25
GetData ===>> H2,-0.182051942629133,H1,-0.0286509422142921,AX,0.000418033803188475,L1,-0.0504761929246144,L2,-0...
GetData ===>> H2,-0.189153201083497,H1,-0.108386625590673,AX,-0.0498817672978067,L1,-0.00550122769013606,L2,0.0...
GetData ===>> H2,-0.0839550934521205,H1,-0.0574818485329363,AX,-0.112670732980693,L1,-0.0415822774578579,L2,-0....
Get Checksum: 1695186306
GetData ===>> H2,-0.0921422916091842,H1,-0.000682512839866711,AX,-0.0508789181123043,L1,-0.022477672820231,L2,0...
GetData ===>> H2,-0.162610639990501,H1,0.0471502774406886,AX,-0.0717355796528106,L1,-0.0443171267948717,L2,-0.0...
Get Checksum: 1695186306
GetData ===>> H2,-0.302430213417172,H1,0.0455511070450722,AX,-0.0825621225997573,L1,-0.0412876739745018,L2,-0.0...
GetData ===>> H2,-0.329588004373537,H1,-0.046787481369681,AX,-0.252312161175033,L1,-0.0453454961998924,L2,-0.03...
GetData ===>> H2,-0.255655881537329,H1,-0.0446413168316394,AX,-0.0129104074960682,L1,-0.0416241918858239,L2,-0....
Get Checksum: 1695186306
GetData ===>> H2,-0.216425922024362,H1,-0.043568217303158,AX,-0.0575108705374505,L1,-0.0456830753159872,L2,-0.1...
GetData ===>> H2,-0.333169503922521,H1,0.0532249709096934,AX,-0.0835473477555858,L1,-0.00577950888902821,L2,-0....
GetData ===>> H2,-0.282712478162755,H1,0.0259812398981875,AX,0.0772669064958407,L1,-0.0261365096257321,L2,-0.02...
Get Checksum: 1695186306
GetData ===>> H2,-0.201750305699684,H1,-0.0906187828739967,AX,-0.175158756455915,L1,-0.0226970248114376,L2,0.02...
GetData ===>> H2,-0.0779166553675748,H1,-0.0140653974084024,AX,-0.139950721837271,L1,-0.0100199463377953,L2,-0....
GetData ===>> H2,-0.235853578524287,H1,-0.0353049655082092,AX,-0.130698988909335,L1,-0.0277983060582392,L2,-0.0...
Get Checksum: 1695186306
GetData ===>> H2,-0.283268720471543,H1,-0.0304874014440458,AX,-0.148124944527737,L1,-0.0401259419217152,L2,0.04...
GetData ===>> H2,-0.236800662814639,H1,-0.0393114758258538,AX,0.0175191595406189,L1,-0.019589691591461,L2,-0.08...
GetData ===>> H2,-0.183591263942026,H1,0.00411285982522283,AX,-0.0776590302304801,L1,-0.0168352069817454,L2,-0....
Get Checksum: 1695186306
GetData ===>> H2,-0.18807851985167,H1,0.0509931644681274,AX,0.057411502792742,L1,-0.0415750921097978,L2,-0.0126...
GetData ===>> H2,-0.346676841073747,H1,-0.0244531945782665,AX,-0.0389240300905655,L1,-0.0361558769591142,L2,-0....
GetData ===>> H2,-0.305288528795689,H1,-0.0672691138372315,AX,-0.146791607572213,L1,-0.0483210689363992,L2,-0.0...
Get Checksum: 1695186306
GetData ===>> H2,-0.300694483761632,H1,-0.0568619164241334,AX,-0.0263761956527645,L1,-0.035300322671191,L2,-0.0...
GetData ===>> H2,-0.216241466718762,H1,-0.104871440964227,AX,-0.0614875063633329,L1,-0.0261436989543998,L2,-0.0...
GetData ===>> H2,-0.102244380682229,H1,-0.0632160384853585,AX,-0.0291247968355326,L1,-0.0109239262383607,L2,-0....
Get Checksum: 1695186306
GetData ===>> H2,-0.225734732348798,H1,-0.0277923263388267,AX,-0.0435623763298744,L1,-0.0144587391112202,L2,-0....
GetData ===>> H2,-0.291983628483657,H1,0.027603961479339,AX,0.0522279605050063,L1,-0.0284176653372794,L2,-0.059...
15:01:46 -- collecting point 50
GetData ===>> H2,-0.115419241113943,H1,-0.0218295128991518,AX,-0.0463916589832097,L1,-0.0324802912917066,L2,0.0...
Get Checksum: 1695186306
GetData ===>> H2,-0.134558122338441,H1,0.00847899592593144,AX,-0.0985447200350444,L1,-0.0400361116851375,L2,-0....
GetData ===>> H2,-0.261210339167511,H1,0.0225807689548276,AX,-0.0911506321983262,L1,-0.0181543838248514,L2,-0.0...
Get Checksum: 1695186306
GetData ===>> H2,-0.187110275483342,H1,-0.087281746855372,AX,-0.125879422503474,L1,-0.0201747875502242,L2,-0.06...
GetData ===>> H2,-0.205337101616748,H1,3.31998388115817E-05,AX,-0.0869086290908111,L1,-0.0175811627732442,L2,0....
testing age>100.0
evaluate ot="age>100.0" t="age>100.0", ctx="{'age': 28.73658890758662}"
GetData ===>> H2,-0.308764308412807,H1,0.0282602166469693,AX,-0.0673652098027216,L1,-0.0272987176858232,L2,-0.0...
Get Checksum: 1695186306
GetData ===>> H2,-0.285076990080311,H1,-0.0598900099051612,AX,0.0105808915349389,L1,-0.0623330894429753,L2,-0.0...
GetData ===>> H2,-0.306166297963228,H1,-0.0270887328387424,AX,-0.0289624343659429,L1,-0.0417104153022173,L2,0.0...
GetData ===>> H2,-0.225520628535733,H1,-0.042018164336821,AX,-0.189101648955398,L1,-0.011966879090021,L2,-0.011...
Get Checksum: 1695186306
GetData ===>> H2,-0.211355671687632,H1,-0.0323476764377826,AX,-0.107989328363714,L1,0.0246602316130534,L2,-0.06...
testing age>100.0
evaluate ot="age>100.0" t="age>100.0", ctx="{'age': 28.736181343395153}"
GetData ===>> H2,-0.220029297657084,H1,0.0487972109634029,AX,-0.0578007182894786,L1,-0.0213232990956121,L2,-0.0...
measurement finished
estimated time: 62.915 actual time: :63.076
flush and close file /Users/jan/PychronDev/data/isotopes/ac/3bf7e4-0c85-4544-8aa3-aba367939d7c.h5
activate_detectors ('H1', 'AX', 'CDD') {'peak_center': True}
peak_center () {'detector': 'H1', 'isotope': 'Ar40'}
peak center: mean=205.477252294 threshold=3
peak center started
setup peak center. detector=['H1', 'AX', 'CDD'], isotope=Ar40
VersionedUnpickler [<apptools.sweet_pickle.versioned_unpickler.VersionedUnpickler object at 0x13bd8ce30>] using Updater [<apptools.sweet_pickle.updater.Updater object at 0x137c6f7d0>]
VersionedUnpickler [<apptools.sweet_pickle.versioned_unpickler.VersionedUnpickler object at 0x13bd8ce30>] using Updater [<apptools.sweet_pickle.updater.Updater object at 0x137c6f7d0>]
VersionedUnpickler [<apptools.sweet_pickle.versioned_unpickler.VersionedUnpickler object at 0x13bd8ce30>] using Updater [<apptools.sweet_pickle.updater.Updater object at 0x137c6f7d0>]
setting integration time = 0.524288
SetIntegrationTime 0.524288 ===>> OK
Mapping mass to dac mass func: "parabolic"
H1 map mass coeffs = [-0.00063987  0.15840543  0.57059999]
H1 map mass to dac 39.9624 >> 5.87899
GetDeflection H1 ===>> 0
GetHighVoltage ===>> 4499.94659342336
do peak center. <pychron.spectrometer.jobs.peak_center.PeakCenter object at 0x13a1fcef0>
doing pc
starting peak center. center dac= 5.87895537918 step_width=0.001
width = 0.001
get scan parameters. half-width=0.015,window=0.015, i=0, scalar=1
Scan parameters center=5.87896 width=0.03000 (5.86396 - 5.89396)
GetData ===>> H2,-0.360349650859511,H1,-0.00531066462132728,AX,0.0397411884555273,L1,-0.0560818754393551,L2,-0....
Moving to starting dac 5.86395537918
setting magnet DAC
current  : 5.239615
requested: 5.863955
Delta Dac: 0.624340
Checking detector protection. dv=0.62434
Checking detector "CDD". Protection Threshold: 0.1 (V)
ProtectDetector CDD,On ===>> OK
GetDeflection CDD ===>> 2000
SetMagnetDAC 5.86395537918 ===>> OK
Magnet settling time: 0.500
GetMagnetMoving ===>> True
Get Checksum: 1695186306
GetMagnetMoving ===>> True
GetMagnetMoving ===>> True
GetMagnetMoving ===>> True
GetMagnetMoving ===>> True
GetMagnetMoving ===>> True
GetMagnetMoving ===>> True
GetMagnetMoving ===>> True
GetMagnetMoving ===>> False
ProtectDetector CDD,Off ===>> OK
GetDeflection CDD ===>> 50
Wait until signal near baseline. tol= -0.003982998466. timeout= 10
GetData ===>> H2,0.450694457623364,H1,0.398649677435637,AX,0.07208508018261,L1,-0.0556592810360188,L2,-0.146168...
GetData ===>> H2,9.32355044265675,H1,5.30020439216179,AX,0.384075056999297,L1,-0.0356058861330413,L2,-0.0324923...
Get Checksum: 1695186306
GetData ===>> H2,12.6953984514518,H1,7.74994347789144,AX,1.09852638779535,L1,-0.0488117263722407,L2,-0.14550753...
GetData ===>> H2,7.13432608158658,H1,3.78521822069369,AX,0.467990927890203,L1,-0.0733069185806826,L2,0.01719559...
GetData ===>> H2,2.96572303438172,H1,1.87823644797931,AX,0.107293794503535,L1,-0.0393845190020476,L2,-0.0095871...
GetData ===>> H2,1.02464108455992,H1,0.962686036194982,AX,0.143860355203421,L1,0.0069255950281682,L2,0.05348729...
GetData ===>> H2,0.283528524640112,H1,0.541639415449491,AX,0.0381396402682165,L1,0.0554749611452275,L2,0.051390...
GetData ===>> H2,-0.0271348515858762,H1,0.292368854501546,AX,-0.144125319688183,L1,0.0487360209826695,L2,-0.076...
Get Checksum: 1695186306
GetData ===>> H2,-0.0854787606227279,H1,0.230845344954323,AX,-0.144148486905822,L1,0.0226807820132847,L2,-0.055...
GetData ===>> H2,-0.104228193829976,H1,0.169192617623781,AX,0.000522441330726449,L1,-0.0118134399339169,L2,0.01...
GetData ===>> H2,-0.0787893584046785,H1,0.0871035667097121,AX,-0.0205192126860565,L1,-0.0392958799684974,L2,0.0...
GetData ===>> H2,-0.0464007303327691,H1,0.0434388091808958,AX,-0.0065074154392712,L1,-0.0599061509706325,L2,-0....
GetData ===>> H2,-0.106691357883656,H1,0.0976857715816461,AX,-0.0727440986661404,L1,-0.0584142121497591,L2,-0.0...
GetData ===>> H2,-0.192582361266763,H1,0.0902018442596521,AX,-0.127698373455746,L1,-0.0428384368480108,L2,0.044...
Get Checksum: 1695186306
GetData ===>> H2,-0.171220441538175,H1,0.135304550844029,AX,-0.113308035494773,L1,-0.0382656933227365,L2,-0.036...
GetData ===>> H2,-0.209506114101783,H1,0.141981095582122,AX,0.00207696665395285,L1,-0.0214467977687246,L2,0.056...
GetData ===>> H2,-0.168740345104566,H1,0.219246772746495,AX,0.0278578642009074,L1,-0.0193028556626277,L2,-0.119...
GetData ===>> H2,-0.20874626643754,H1,0.194121137484271,AX,-0.0305396583204695,L1,-0.00349065739615088,L2,-0.20...
GetData ===>> H2,-0.206471807326989,H1,0.181047800498946,AX,-0.0284057609852687,L1,-0.0447493181442606,L2,0.019...
GetData ===>> H2,-0.199691529186379,H1,0.180928526079938,AX,-0.0663682279109911,L1,-0.0536045478751533,L2,-0.00...
GetData ===>> H2,-0.199691529186379,H1,0.180928526079938,AX,-0.0663682279109911,L1,-0.0536045478751533,L2,-0.00...
Peak center failed to move to a baseline position
_do_sweep sm= 5.86395537918, em= 5.89395537918, stm= 0.001
calculated step values: start=5.86395537918, end=5.89395537918, width=0.001, nsteps=31.0
setting magnet DAC
current  : 5.863955
requested: 5.863955
Delta Dac: 0.000000
Checking detector protection. dv=0.00000
Checking detector "CDD". Protection Threshold: 0.1 (V)
SetMagnetDAC 5.86395537918 ===>> OK
GetData ===>> H2,-0.112627082620174,H1,0.193739410038574,AX,-0.0756189000963292,L1,-0.0322816836930414,L2,-0.09...
setting magnet DAC
current  : 5.863955
requested: 5.864990
Delta Dac: 0.001034
Checking detector protection. dv=0.00103
Checking detector "CDD". Protection Threshold: 0.1 (V)
SetMagnetDAC 5.86498986194 ===>> OK
Magnet settling time: 1.049
GetData ===>> H2,-0.161669495354681,H1,0.277945520308909,AX,0.0269991645415315,L1,-0.03912339095978,L2,0.012594...
setting magnet DAC
current  : 5.864990
requested: 5.866024
Delta Dac: 0.001034
Checking detector protection. dv=0.00103
Checking detector "CDD". Protection Threshold: 0.1 (V)
SetMagnetDAC 5.8660243447 ===>> OK
Magnet settling time: 1.049
Get Checksum: 1695186306
GetData ===>> H2,-0.139062104211487,H1,1.17914200280713,AX,-0.00103205916716735,L1,-0.0483569715125961,L2,-0.22...
setting magnet DAC
current  : 5.866024
requested: 5.867059
Delta Dac: 0.001034
Checking detector protection. dv=0.00103
Checking detector "CDD". Protection Threshold: 0.1 (V)
SetMagnetDAC 5.86705882746 ===>> OK
Magnet settling time: 1.049
GetData ===>> H2,-0.138430069859301,H1,4.97734325373418,AX,0.723590530399781,L1,-0.00287157042434277,L2,-0.0893...
setting magnet DAC
current  : 5.867059
requested: 5.868093
Delta Dac: 0.001034
Checking detector protection. dv=0.00103
Checking detector "CDD". Protection Threshold: 0.1 (V)
SetMagnetDAC 5.86809331021 ===>> OK
Magnet settling time: 1.049
GetData ===>> H2,-0.290154983268232,H1,16.7578383525884,AX,2.65362192040548,L1,-0.0215905093901578,L2,-0.017625...
setting magnet DAC
current  : 5.868093
requested: 5.869128
Delta Dac: 0.001034
Checking detector protection. dv=0.00103
Checking detector "CDD". Protection Threshold: 0.1 (V)
SetMagnetDAC 5.86912779297 ===>> OK
Magnet settling time: 1.049
Get Checksum: 1695186306
GetData ===>> H2,-0.190470610356798,H1,45.1763910476672,AX,7.65505743134091,L1,0.00995140490127197,L2,-0.017989...
setting magnet DAC
current  : 5.869128
requested: 5.870162
Delta Dac: 0.001034
Checking detector protection. dv=0.00103
Checking detector "CDD". Protection Threshold: 0.1 (V)
SetMagnetDAC 5.87016227573 ===>> OK
Magnet settling time: 1.049
GetData ===>> H2,-0.224786530086317,H1,90.2454246924589,AX,17.1053913056127,L1,0.0729994566125865,L2,-0.0339948...
setting magnet DAC
current  : 5.870162
requested: 5.871197
Delta Dac: 0.001034
Checking detector protection. dv=0.00103
Checking detector "CDD". Protection Threshold: 0.1 (V)
SetMagnetDAC 5.87119675849 ===>> OK
Magnet settling time: 1.049
GetData ===>> H2,-0.244805093372857,H1,138.135011260749,AX,28.7572469617748,L1,0.209171604376618,L2,0.175471760...
setting magnet DAC
current  : 5.871197
requested: 5.872231
Delta Dac: 0.001034
Checking detector protection. dv=0.00103
Checking detector "CDD". Protection Threshold: 0.1 (V)
SetMagnetDAC 5.87223124125 ===>> OK
Magnet settling time: 1.049
Get Checksum: 1695186306
GetData ===>> H2,-0.099246157576531,H1,172.48721500705,AX,38.5816075904815,L1,0.321702015081791,L2,0.3113880228...
setting magnet DAC
current  : 5.872231
requested: 5.873266
Delta Dac: 0.001034
Checking detector protection. dv=0.00103
Checking detector "CDD". Protection Threshold: 0.1 (V)
SetMagnetDAC 5.87326572401 ===>> OK
Magnet settling time: 1.049
GetData ===>> H2,-0.173673017006135,H1,189.229385589086,AX,44.4122883146776,L1,0.416396528602619,L2,0.197719330...
setting magnet DAC
current  : 5.873266
requested: 5.874300
Delta Dac: 0.001034
Checking detector protection. dv=0.00103
Checking detector "CDD". Protection Threshold: 0.1 (V)
SetMagnetDAC 5.87430020677 ===>> OK
Magnet settling time: 1.049
GetData ===>> H2,-0.200085246923886,H1,194.936173112361,AX,46.7182601102795,L1,0.48225546028571,L2,0.2157037084...
setting magnet DAC
current  : 5.874300
requested: 5.875335
Delta Dac: 0.001034
Checking detector protection. dv=0.00103
Checking detector "CDD". Protection Threshold: 0.1 (V)
Get Checksum: 1695186306
SetMagnetDAC 5.87533468952 ===>> OK
Magnet settling time: 1.049
GetData ===>> H2,-0.248238448817946,H1,196.685440552132,AX,47.5455265491246,L1,0.510311928589319,L2,0.365061653...
setting magnet DAC
current  : 5.875335
requested: 5.876369
Delta Dac: 0.001034
Checking detector protection. dv=0.00103
Checking detector "CDD". Protection Threshold: 0.1 (V)
SetMagnetDAC 5.87636917228 ===>> OK
Magnet settling time: 1.049
GetData ===>> H2,-0.12396198544668,H1,197.027934187203,AX,47.855639666016,L1,0.536524173909106,L2,0.44442960721...
setting magnet DAC
current  : 5.876369
requested: 5.877404
Delta Dac: 0.001034
Checking detector protection. dv=0.00103
Checking detector "CDD". Protection Threshold: 0.1 (V)
SetMagnetDAC 5.87740365504 ===>> OK
Magnet settling time: 1.049
Get Checksum: 1695186306
GetData ===>> H2,-0.129083196214385,H1,196.971250680881,AX,47.5863479732943,L1,0.542972525558496,L2,0.284573877...
setting magnet DAC
current  : 5.877404
requested: 5.878438
Delta Dac: 0.001034
Checking detector protection. dv=0.00103
Checking detector "CDD". Protection Threshold: 0.1 (V)
SetMagnetDAC 5.8784381378 ===>> OK
Magnet settling time: 1.049
GetData ===>> H2,-0.150060343450943,H1,197.069723791267,AX,47.7415949473382,L1,0.559327882817967,L2,0.361045926...
setting magnet DAC
current  : 5.878438
requested: 5.879473
Delta Dac: 0.001034
Checking detector protection. dv=0.00103
Checking detector "CDD". Protection Threshold: 0.1 (V)
SetMagnetDAC 5.87947262056 ===>> OK
Magnet settling time: 1.049
GetData ===>> H2,-0.185715034772538,H1,197.070528433902,AX,47.7346902149677,L1,0.616600844420447,L2,0.258121874...
setting magnet DAC
current  : 5.879473
requested: 5.880507
Delta Dac: 0.001034
Checking detector protection. dv=0.00103
Checking detector "CDD". Protection Threshold: 0.1 (V)
SetMagnetDAC 5.88050710332 ===>> OK
Magnet settling time: 1.049
Get Checksum: 1695186306
GetData ===>> H2,-0.138913552294484,H1,196.879264588032,AX,47.7860084213529,L1,0.65002160134537,L2,0.3621639242...
setting magnet DAC
current  : 5.880507
requested: 5.881542
Delta Dac: 0.001034
Checking detector protection. dv=0.00103
Checking detector "CDD". Protection Threshold: 0.1 (V)
SetMagnetDAC 5.88154158608 ===>> OK
Magnet settling time: 1.049
GetData ===>> H2,-0.164693842848616,H1,196.607245448724,AX,47.6764923096663,L1,0.637417849119894,L2,0.156080660...
setting magnet DAC
current  : 5.881542
requested: 5.882576
Delta Dac: 0.001034
Checking detector protection. dv=0.00103
Checking detector "CDD". Protection Threshold: 0.1 (V)
SetMagnetDAC 5.88257606883 ===>> OK
Magnet settling time: 1.049
GetData ===>> H2,-0.307559380770508,H1,196.396326431191,AX,47.592320882991,L1,0.600073935908931,L2,0.2438053551...
setting magnet DAC
current  : 5.882576
requested: 5.883611
Delta Dac: 0.001034
Checking detector protection. dv=0.00103
Checking detector "CDD". Protection Threshold: 0.1 (V)
SetMagnetDAC 5.88361055159 ===>> OK
Magnet settling time: 1.049
Get Checksum: 1695186306
GetData ===>> H2,-0.11170388164067,H1,195.303201068278,AX,47.0488227990239,L1,0.62039109540009,L2,0.26597255457...
setting magnet DAC
current  : 5.883611
requested: 5.884645
Delta Dac: 0.001034
Checking detector protection. dv=0.00103
Checking detector "CDD". Protection Threshold: 0.1 (V)
SetMagnetDAC 5.88464503435 ===>> OK
Magnet settling time: 1.049
GetData ===>> H2,-0.140409786353561,H1,190.478087330607,AX,44.9365092574609,L1,0.548473304152825,L2,0.305915138...
setting magnet DAC
current  : 5.884645
requested: 5.885680
Delta Dac: 0.001034
Checking detector protection. dv=0.00103
Checking detector "CDD". Protection Threshold: 0.1 (V)
SetMagnetDAC 5.88567951711 ===>> OK
Magnet settling time: 1.049
GetData ===>> H2,-0.182372811923158,H1,176.845901120999,AX,39.4460804986706,L1,0.462913810557252,L2,0.200959920...
setting magnet DAC
current  : 5.885680
requested: 5.886714
Delta Dac: 0.001034
Checking detector protection. dv=0.00103
Checking detector "CDD". Protection Threshold: 0.1 (V)
SetMagnetDAC 5.88671399987 ===>> OK
Magnet settling time: 1.049
Get Checksum: 1695186306
GetData ===>> H2,-0.210583824640461,H1,145.700923888211,AX,29.4186252377865,L1,0.38440146875382,L2,0.2610720718...
setting magnet DAC
current  : 5.886714
requested: 5.887748
Delta Dac: 0.001034
Checking detector protection. dv=0.00103
Checking detector "CDD". Protection Threshold: 0.1 (V)
SetMagnetDAC 5.88774848263 ===>> OK
Magnet settling time: 1.049
GetData ===>> H2,-0.280594087647015,H1,99.3478913386213,AX,17.4052328819101,L1,0.29302678270626,L2,0.1358724699...
setting magnet DAC
current  : 5.887748
requested: 5.888783
Delta Dac: 0.001034
Checking detector protection. dv=0.00103
Checking detector "CDD". Protection Threshold: 0.1 (V)
SetMagnetDAC 5.88878296539 ===>> OK
Magnet settling time: 1.049
Get Checksum: 1695186306
GetData ===>> H2,-0.320676732193664,H1,33.9865943192826,AX,4.52111015532014,L1,0.140287495238484,L2,0.019245603...
setting magnet DAC
current  : 5.888783
requested: 5.889817
Delta Dac: 0.001034
Checking detector protection. dv=0.00103
Checking detector "CDD". Protection Threshold: 0.1 (V)
SetMagnetDAC 5.88981744814 ===>> OK
Magnet settling time: 1.049
GetData ===>> H2,-0.250912298594157,H1,11.7654698337587,AX,1.17551185757173,L1,0.0814633826580081,L2,-0.0896858...
setting magnet DAC
current  : 5.889817
requested: 5.890852
Delta Dac: 0.001034
Checking detector protection. dv=0.00103
Checking detector "CDD". Protection Threshold: 0.1 (V)
SetMagnetDAC 5.8908519309 ===>> OK
Magnet settling time: 1.049
GetData ===>> H2,-0.248324538356034,H1,3.32369452675143,AX,0.221490946600235,L1,0.0493174497630279,L2,0.0300202...
setting magnet DAC
current  : 5.890852
requested: 5.891886
Delta Dac: 0.001034
Checking detector protection. dv=0.00103
Checking detector "CDD". Protection Threshold: 0.1 (V)
SetMagnetDAC 5.89188641366 ===>> OK
Magnet settling time: 1.049
Get Checksum: 1695186306
GetData ===>> H2,-0.170467564328005,H1,0.762987370100698,AX,-0.111106427290953,L1,-0.0132638259972424,L2,0.0210...
setting magnet DAC
current  : 5.891886
requested: 5.892921
Delta Dac: 0.001034
Checking detector protection. dv=0.00103
Checking detector "CDD". Protection Threshold: 0.1 (V)
SetMagnetDAC 5.89292089642 ===>> OK
Magnet settling time: 1.049
GetData ===>> H2,-0.153315943936243,H1,0.0744254603622931,AX,0.0713434930090538,L1,0.00744341878932407,L2,-0.01...
setting magnet DAC
current  : 5.892921
requested: 5.893955
Delta Dac: 0.001034
Checking detector protection. dv=0.00103
Checking detector "CDD". Protection Threshold: 0.1 (V)
SetMagnetDAC 5.89395537918 ===>> OK
Magnet settling time: 1.049
GetData ===>> H2,-0.242980362094149,H1,-0.0343390863486224,AX,-0.252580082101206,L1,-0.00542925716262792,L2,-0....
result of _do_sweep=True
result of _calculate_peak_center=([5.8714144352222934, 5.879047632651635, 5.8866808300809765], [145.36343088673544, 197.07051392130938, 146.6995604327478], 5.8794539625528159, 197.07051392130938)
Failed to find a valid peak. No peak greater than 1.0. max = 0.0242761377192
new center pos Detector(H1) (Ar40) @ 5.87904763265
GetHighVoltage ===>> 4499.94659342336
GetDeflection H1 ===>> 0
dac uncorrected for HV and deflection 5.87908225402
update mftable H1 Ar40 5.87908225402 message=automated run peakcenter
get initial guess parabolic
get initial guess parabolic
get initial guess parabolic
get initial guess parabolic
get initial guess parabolic
get initial guess parabolic
dump mftable to /Users/jan/PychronDev/setupfiles/spectrometer/mftables/mftable.csv
add to repo msg=modified - automated run peakcenter
Get Checksum: 1695186306
sweep finished
locally archiving mftable
setting magnet DAC
current  : 5.893955
requested: 5.879048
Delta Dac: 0.014908
Checking detector protection. dv=0.01491
Checking detector "CDD". Protection Threshold: 0.1 (V)
SetMagnetDAC 5.87904763265 ===>> OK
Magnet settling time: 0.500
setting integration time = 1.048576
SetIntegrationTime 1.048576 ===>> OK
Failed to find a valid peak. No peak greater than 1.0. max = 0.0243889058121
flush and close file /Users/jan/PychronDev/data/isotopes/ac/3bf7e4-0c85-4544-8aa3-aba367939d7c.h5
finished measure script
executed 278.04
jan_co2_whiff_120_60_large.py completed successfully
Measurement Finished
15:02:44 -- ******* Measurement Finished *******
Post Measurement Started jan_pump_ms.py
15:02:44 -- ******* Post Measurement Started jan_pump_ms.py *******
testing...
no interpolation path defined
executed 0
Pumping spectrometer
open () {'name': 'O'}
opening name=O desc=---
checking ownership. requestor=129.138.12.150
check software interlocks O
interlocks []
actuate state mode=None-script, software_lock=False
doing actuation None-script open_channel True
Open O ===>> OK
GetValveState O ===>> OK
change switch state (True, True)
update switch state O True args=() kw={} ncanvase=3
15:02:44 -- OPEN   VALVE-O (Jan Ion Pump)
---------------------------------------- open O () result=[(True, True)], time=0.09 sec
action=open, ok=True, locked=[False]
executed 0
jan_pump_ms.py completed successfully
setting _ms_pumptime
Post Measurement Finished
15:02:44 -- ******* Post Measurement Finished *******
$$$$$$$$$$$$$$$$$$$$ state at run end measurement
state changed from measurement to success
post measurement save measured=True aborted=False
Set filtering
setting fod for Ar40= {'filter_outliers': True, 'std_devs': 2, 'iterations': 1}
setting fod for H1= {'filter_outliers': True, 'std_devs': 2, 'iterations': 1}
setting fod for PM41= {'filter_outliers': False, 'std_devs': 2, 'iterations': 1}
setting fod for H2= {'filter_outliers': True, 'std_devs': 2, 'iterations': 1}
setting fod for Ar36= {'filter_outliers': True, 'std_devs': 2, 'iterations': 1}
setting fod for CDD= {'filter_outliers': True, 'std_devs': 10, 'iterations': 1}
setting fod for Ar37= {'filter_outliers': True, 'std_devs': 2, 'iterations': 1}
setting fod for L2= {'filter_outliers': True, 'std_devs': 2, 'iterations': 1}
setting fod for Ar38= {'filter_outliers': True, 'std_devs': 2, 'iterations': 1}
setting fod for L1= {'filter_outliers': True, 'std_devs': 2, 'iterations': 1}
setting fod for Ar39= {'filter_outliers': True, 'std_devs': 2, 'iterations': 1}
setting fod for AX= {'filter_outliers': True, 'std_devs': 2, 'iterations': 1}
persistence save...
persistence save - db
post measurement save
5343876592 connecting to database sqlite:////Users/jan/PychronDev/.appdata/local_lab.db
connected to db sqlite:////Users/jan/PychronDev/.appdata/local_lab.db
create new session 5343876592
close session 5343876592
No database instance. Not saving post measurement to isotopedb database
$$$$$$$$$$$$$$$ auto_save_detector_ic=False
massspec enabled True
create new session 5054761584
MassSpec Database Version: 16.0
close session 5054761584
saving post measurement to secondary database
saving to massspec database 129.138.12.160/massspecdata
setting labnumber to 65511
setting aliquot to 19
setting step to 
setting uuid to ac3bf7e4-0c85-4544-8aa3-aba367939d7c
setting irradpos to 65511
setting extract_device to Fusions CO2
setting tray to 
setting position to 158
setting power_requested to 5.0
setting extract_value to 5.0
setting duration to 30.0
setting duration_at_request to 30.0
setting first_stage_delay to 30.0
setting cleanup to 30.0
setting comment to F:9 DS
setting irradiation to NM-289
setting level to F
setting irradiation_level to F
setting sample to TRC-23-djk
setting material to SandforDetrital
setting project to IR959
setting mass_spectrometer to Jan
no attribute chron_dosages
no attribute production_ratios
no attribute interference_corrections
no attribute production_name
no attribute j
Reference Isotope=Ar40
Reference Detector=H1
%%%%%%%%%%%%%%%%%%%% Comment: F:9 DS %%%%%%%%%%%%%%%%%%%
adding isotope PM41 H2
add baseline dbdet= PM41. original det= H2
get baseline data PM41 H2
Get data baseline <pychron.processing.isotope.Baseline object at 0x13bee9450> len t=60
baseline PM41. v=-0.229174253185, e=0.00960842644237
get signal data PM41 H2
Get data signal PM41 0.15+/-0.07 len t=120
adding isotope Ar40 H1
add baseline dbdet= Ar40. original det= H1
get baseline data Ar40 H1
Get data baseline <pychron.processing.isotope.Baseline object at 0x13bee9650> len t=60
baseline Ar40. v=-0.0278999348728, e=0.00564066930425
get signal data Ar40 H1
Get data signal Ar40 215.279+/-0.031 len t=120
adding isotope Ar39 AX
add baseline dbdet= Ar39. original det= AX
get baseline data Ar39 AX
Get data baseline <pychron.processing.isotope.Baseline object at 0x13bee9810> len t=60
baseline Ar39. v=-0.069316792387, e=0.0078042101035
get signal data Ar39 AX
Get data signal Ar39 52.697+/-0.018 len t=120
adding isotope Ar38 L1
add baseline dbdet= Ar38. original det= L1
get baseline data Ar38 L1
Get data baseline <pychron.processing.isotope.Baseline object at 0x13bee99d0> len t=60
baseline Ar38. v=-0.0277701280096, e=0.0020644191598
get signal data Ar38 L1
Get data signal Ar38 0.692+/-0.005 len t=120
adding isotope Ar37 L2
add baseline dbdet= Ar37. original det= L2
get baseline data Ar37 L2
Get data baseline <pychron.processing.isotope.Baseline object at 0x13bee9b90> len t=60
baseline Ar37. v=-0.0246235795323, e=0.00559472580461
get signal data Ar37 L2
Get data signal Ar37 0.424+/-0.012 len t=120
adding isotope Ar36 CDD
add baseline dbdet= Ar36. original det= CDD
get baseline data Ar36 CDD
Get data baseline <pychron.processing.isotope.Baseline object at 0x13bee9d50> len t=60
baseline Ar36. v=6.450834528e-05, e=1.43148661398e-05
get signal data Ar36 CDD
Get data signal Ar36 0.0149+/-0.0004 len t=120
65511-19 added analysis time 0.478299856186s
analysis added to mass spec database
mass spec save time= 0.487
persistence save - dvc
================= post measurement started
create new session 4983039568
close session 4983039568
---------------- Experiment Queue saving disabled
DVC saving peakcenter
Failed to find a valid peak. No peak greater than 1.0. max = 0.0243889058121
Get Checksum: 192129876
Smart pull ahead: 0 behind: 0
Up-to-date with origin
add to repo msg=modified - ad8224ebc6dbfeb9f5997218dfa5fe690569839d.json
add to repo msg=modified - 11-19.json
add to repo msg=modified - 11-19.dat.json
add to repo msg=modified - 11-19.blan.json
add to repo msg=modified - 11-19.inte.json
add to repo msg=modified - 11-19.icfa.json
add to repo msg=modified - 11-19.base.json
not at valid file /Users/jan/PychronDev/data/.dvc/repositories/IR959/655/tags/11-19.tags.json
add to repo msg=modified - 11-19.peak.json
add to repo msg=modified - 11-19.extr.json
not at valid file /Users/jan/PychronDev/data/.dvc/repositories/IR959/655/monitor/11-19.moni.json
commit message=<COLLECTION>
add to repo msg=modified - 11-19.inte.json
add to repo msg=modified - 11-19.base.json
Get Checksum: 192129876
commit message=<ISOEVO> default collection fits
add to repo msg=modified - 11-19.blan.json
commit message=<BLANKS> preceding bu-FC-J-7450
add to repo msg=modified - 11-19.icfa.json
commit message=<ICFactor> default
push repository <pychron.git_archive.repo_manager.GitRepoManager object at 0x137cf6590>
pushing to remote=origin, url=https://github.com
Get Checksum: 192129876
no changes to meta repo
Get Checksum: 192129876
create new session 4983039568
add association IR959
get identifier "65511"
setting analysis irradiation position=<pychron.dvc.dvc_orm.IrradiationPositionTbl object at 0x13a09d310>
close session 4983039568
================= post measurement finished
15:02:56 -- ******* Post Run Check *******
loading queue conditionals post_run_actions
loading system conditionals post_run_actions
loading conditionals from /Users/jan/PychronDev/setupfiles/spectrometer/default_conditionals.yaml
loading queue conditionals post_run_terminations
loading system conditionals post_run_terminations
loading conditionals from /Users/jan/PychronDev/setupfiles/spectrometer/default_conditionals.yaml
Checking default post run terminations n=1
GetDeflection CDD ===>> 50
testing CDD==2000
evaluate ot="CDD.deflection==2000" t="CDD==2000", ctx="{'CDD': 50.0}"
15:02:56 -- ******* Post Run Check Passed *******
15:02:56 -- Automated run 65511-19 success duration: 369.700 s
----------------- finish -----------------
----------------- stop -----------------
retroactive repository identifiers disabled
finish run. runs completed=10
update duration runid=65511-19, duration=369.700200081, md5=3d9034cf
loading script "jan_co2_whiff_120_60_large.py"
loading script "jan_pump_ms.py"
loading script "jan_co2.py"
loading script "jan_pump_extraction_line.py"
testing...
no interpolation path defined
executed 266.04
script duration name:co2_whiff_120_60_large seconds:266.0
loading script "jan_co2_whiff_120_60_large.py"
loading script "jan_pump_ms.py"
loading script "jan_co2.py"
loading script "jan_pump_extraction_line.py"
testing...
no interpolation path defined
executed 0
loading script "jan_co2_whiff_120_60_large.py"
loading script "jan_pump_ms.py"
loading script "jan_co2.py"
loading script "jan_pump_extraction_line.py"
testing...
no interpolation path defined
calculate duration
testing...
no interpolation path defined
executed 0
calculate duration
testing...
no interpolation path defined
executed 0
executed 0.0
script duration name:co2 seconds:0.0
loading script "jan_co2_whiff_120_60_large.py"
loading script "jan_pump_ms.py"
loading script "jan_co2.py"
loading script "jan_pump_extraction_line.py"
testing...
no interpolation path defined
calculate duration
testing...
no interpolation path defined
executed 4.0
executed 4.0
Script duration 266.0
Run total estimated duration= 267.000
co2_whiff_120_60_large in script context. using previous estimated duration
script duration name:co2_whiff_120_60_large seconds:266.0
pump_ms in script context. using previous estimated duration
co2 in script context. using previous estimated duration
script duration name:co2 seconds:0.0
pump_extraction_line in script context. using previous estimated duration
Script duration 266.0
Run total estimated duration= 267.000
loading script "jan_unknown400_120.py"
loading script "jan_pump_ms.py"
loading script "jan_cocktail_x1.py"
loading script "jan_pump_extraction_line.py"
testing...
no interpolation path defined
executed 556.052928
script duration name:unknown400_120 seconds:556.0
loading script "jan_unknown400_120.py"
loading script "jan_pump_ms.py"
loading script "jan_cocktail_x1.py"
loading script "jan_pump_extraction_line.py"
testing...
no interpolation path defined
calculate duration
testing...
no interpolation path defined
executed 0
calculate duration
testing...
no interpolation path defined
executed 0
calculate duration
testing...
no interpolation path defined
executed 32.0
calculate duration
testing...
no interpolation path defined
executed 34.0
calculate duration
testing...
no interpolation path defined
executed 4.0
calculate duration
testing...
no interpolation path defined
executed 38.0
executed 108.0
script duration name:cocktail_x1 seconds:108.0
Script duration 664.0
Run total estimated duration= 665.000
unknown400_120 in script context. using previous estimated duration
script duration name:unknown400_120 seconds:556.0
cocktail_x1 in script context. using previous estimated duration
script duration name:cocktail_x1 seconds:108.0
Script duration 664.0
Run total estimated duration= 665.000
loading script "jan_ic_peak_hop3.py"
loading script "jan_pump_ms.py"
loading script "jan_air_x1.py"
loading script "jan_pump_extraction_line.py"
testing...
no interpolation path defined
executed 133.8
script duration name:ic_peak_hop3 seconds:134.0
loading script "jan_ic_peak_hop3.py"
loading script "jan_pump_ms.py"
loading script "jan_air_x1.py"
loading script "jan_pump_extraction_line.py"
testing...
no interpolation path defined
calculate duration
testing...
no interpolation path defined
executed 0
calculate duration
testing...
no interpolation path defined
executed 0
calculate duration
testing...
no interpolation path defined
executed 32.0
calculate duration
testing...
no interpolation path defined
executed 34.0
calculate duration
testing...
no interpolation path defined
executed 4.0
calculate duration
testing...
no interpolation path defined
executed 36.0
executed 106.0
script duration name:air_x1 seconds:106.0
Script duration 240.0
Run total estimated duration= 241.000
script duration name:co2_whiff_120_60_large seconds:266.0
script duration name:co2 seconds:0.0
Script duration 266.0
Run total estimated duration= 267.000
script duration name:co2_whiff_120_60_large seconds:266.0
script duration name:co2 seconds:0.0
Script duration 266.0
Run total estimated duration= 267.000
script duration name:co2_whiff_120_60_large seconds:266.0
script duration name:co2 seconds:0.0
Script duration 266.0
Run total estimated duration= 267.000
script duration name:co2_whiff_120_60_large seconds:266.0
script duration name:co2 seconds:0.0
Script duration 266.0
Run total estimated duration= 267.000
script duration name:co2_whiff_120_60_large seconds:266.0
script duration name:co2 seconds:0.0
Script duration 266.0
Run total estimated duration= 267.000
script duration name:unknown400_120 seconds:556.0
script duration name:co2 seconds:0.0
Script duration 556.0
Run total estimated duration= 557.000
script duration name:co2_whiff_120_60_large seconds:266.0
script duration name:co2 seconds:0.0
Script duration 266.0
Run total estimated duration= 267.000
script duration name:co2_whiff_120_60_large seconds:266.0
script duration name:co2 seconds:0.0
Script duration 266.0
Run total estimated duration= 267.000
script duration name:co2_whiff_120_60_large seconds:266.0
script duration name:co2 seconds:0.0
Script duration 266.0
Run total estimated duration= 267.000
script duration name:co2_whiff_120_60_large seconds:266.0
script duration name:co2 seconds:0.0
Script duration 266.0
Run total estimated duration= 267.000
script duration name:co2_whiff_120_60_large seconds:266.0
script duration name:co2 seconds:0.0
Script duration 266.0
Run total estimated duration= 267.000
script duration name:co2_whiff_120_60_large seconds:266.0
script duration name:co2 seconds:0.0
Script duration 266.0
Run total estimated duration= 267.000
script duration name:co2_whiff_120_60_large seconds:266.0
script duration name:co2 seconds:0.0
Script duration 266.0
Run total estimated duration= 267.000
script duration name:co2_whiff_120_60_large seconds:266.0
script duration name:co2 seconds:0.0
Script duration 266.0
Run total estimated duration= 267.000
script duration name:co2_whiff_120_60_large seconds:266.0
script duration name:co2 seconds:0.0
Script duration 266.0
Run total estimated duration= 267.000
script duration name:co2_whiff_120_60_large seconds:266.0
script duration name:co2 seconds:0.0
Script duration 266.0
Run total estimated duration= 267.000
script duration name:unknown400_120 seconds:556.0
loading script "jan_unknown400_120.py"
loading script "jan_pump_ms.py"
loading script "jan_sniffair_x2.py"
loading script "jan_pump_extraction_line.py"
testing...
no interpolation path defined
calculate duration
testing...
no interpolation path defined
executed 0
calculate duration
testing...
no interpolation path defined
executed 0
calculate duration
testing...
no interpolation path defined
executed 32.0
calculate duration
testing...
no interpolation path defined
executed 34.0
calculate duration
testing...
no interpolation path defined
executed 4.0
calculate duration
testing...
no interpolation path defined
executed 36.0
calculate duration
testing...
no interpolation path defined
executed 34.0
calculate duration
testing...
no interpolation path defined
executed 4.0
calculate duration
testing...
no interpolation path defined
executed 36.0
calculate duration
testing...
no interpolation path defined
executed 70.0
executed 250.0
script duration name:sniffair_x2 seconds:250.0
Script duration 806.0
Run total estimated duration= 807.000
script duration name:co2_whiff_120_60_large seconds:266.0
script duration name:co2 seconds:0.0
Script duration 266.0
Run total estimated duration= 267.000
script duration name:co2_whiff_120_60_large seconds:266.0
script duration name:co2 seconds:0.0
Script duration 266.0
Run total estimated duration= 267.000
script duration name:co2_whiff_120_60_large seconds:266.0
script duration name:co2 seconds:0.0
Script duration 266.0
Run total estimated duration= 267.000
script duration name:co2_whiff_120_60_large seconds:266.0
script duration name:co2 seconds:0.0
Script duration 266.0
Run total estimated duration= 267.000
script duration name:co2_whiff_120_60_large seconds:266.0
script duration name:co2 seconds:0.0
Script duration 266.0
Run total estimated duration= 267.000
script duration name:unknown400_120 seconds:556.0
script duration name:co2 seconds:0.0
Script duration 556.0
Run total estimated duration= 557.000
script duration name:unknown400_120 seconds:556.0
script duration name:cocktail_x1 seconds:108.0
Script duration 664.0
Run total estimated duration= 665.000
script duration name:unknown400_120 seconds:556.0
script duration name:cocktail_x1 seconds:108.0
Script duration 664.0
Run total estimated duration= 665.000
ic_peak_hop3 in script context. using previous estimated duration
script duration name:ic_peak_hop3 seconds:134.0
air_x1 in script context. using previous estimated duration
script duration name:air_x1 seconds:106.0
Script duration 240.0
Run total estimated duration= 241.000
script duration name:co2_whiff_120_60_large seconds:266.0
script duration name:co2 seconds:0.0
Script duration 266.0
Run total estimated duration= 267.000
script duration name:co2_whiff_120_60_large seconds:266.0
script duration name:co2 seconds:0.0
Script duration 266.0
Run total estimated duration= 267.000
script duration name:co2_whiff_120_60_large seconds:266.0
script duration name:co2 seconds:0.0
Script duration 266.0
Run total estimated duration= 267.000
script duration name:co2_whiff_120_60_large seconds:266.0
script duration name:co2 seconds:0.0
Script duration 266.0
Run total estimated duration= 267.000
script duration name:co2_whiff_120_60_large seconds:266.0
script duration name:co2 seconds:0.0
Script duration 266.0
Run total estimated duration= 267.000
script duration name:co2_whiff_120_60_large seconds:266.0
script duration name:co2 seconds:0.0
Script duration 266.0
Run total estimated duration= 267.000
script duration name:co2_whiff_120_60_large seconds:266.0
script duration name:co2 seconds:0.0
Script duration 266.0
Run total estimated duration= 267.000
script duration name:co2_whiff_120_60_large seconds:266.0
script duration name:co2 seconds:0.0
Script duration 266.0
Run total estimated duration= 267.000
script duration name:co2_whiff_120_60_large seconds:266.0
script duration name:co2 seconds:0.0
Script duration 266.0
Run total estimated duration= 267.000
script duration name:co2_whiff_120_60_large seconds:266.0
script duration name:co2 seconds:0.0
Script duration 266.0
Run total estimated duration= 267.000
script duration name:co2_whiff_120_60_large seconds:266.0
script duration name:co2 seconds:0.0
Script duration 266.0
Run total estimated duration= 267.000
script duration name:co2_whiff_120_60_large seconds:266.0
script duration name:co2 seconds:0.0
Script duration 266.0
Run total estimated duration= 267.000
script duration name:co2_whiff_120_60_large seconds:266.0
script duration name:co2 seconds:0.0
Script duration 266.0
Run total estimated duration= 267.000
script duration name:co2_whiff_120_60_large seconds:266.0
script duration name:co2 seconds:0.0
Script duration 266.0
Run total estimated duration= 267.000
script duration name:co2_whiff_120_60_large seconds:266.0
script duration name:co2 seconds:0.0
Script duration 266.0
Run total estimated duration= 267.000
script duration name:unknown400_120 seconds:556.0
script duration name:co2 seconds:0.0
Script duration 556.0
Run total estimated duration= 557.000
script duration name:co2_whiff_120_60_large seconds:266.0
script duration name:co2 seconds:0.0
Script duration 266.0
Run total estimated duration= 267.000
nruns=48 before=5.0, run_dur=15766.0, btw=1410.0
write rem/ex queues
/Users/jan/PychronDev/experiments/rem/CurrentExperiment.rem.txt
/Users/jan/PychronDev/experiments/rem/CurrentExperiment.ex.txt
doing event level: 3
