do run
loading script "jan_co2_whiff_120_60_large.py"
loading script "jan_pump_ms.py"
loading script "jan_co2.py"
loading script "jan_pump_extraction_line.py"
testing...
no interpolation path defined
executed 266.04
script duration name:co2_whiff_120_60_large seconds:266.0
loading script "jan_co2_whiff_120_60_large.py"
loading script "jan_pump_ms.py"
loading script "jan_co2.py"
loading script "jan_pump_extraction_line.py"
testing...
no interpolation path defined
executed 0
loading script "jan_co2_whiff_120_60_large.py"
loading script "jan_pump_ms.py"
loading script "jan_co2.py"
loading script "jan_pump_extraction_line.py"
testing...
no interpolation path defined
calculate duration
testing...
no interpolation path defined
executed 0
calculate duration
testing...
no interpolation path defined
executed 0
executed 0.0
script duration name:co2 seconds:0.0
loading script "jan_co2_whiff_120_60_large.py"
loading script "jan_pump_ms.py"
loading script "jan_co2.py"
loading script "jan_pump_extraction_line.py"
testing...
no interpolation path defined
calculate duration
testing...
no interpolation path defined
executed 4.0
executed 4.0
Script duration 266.0
Run total estimated duration= 267.000
run duration: 0:04:27
doing event level: 2
16:07:28 -- Setting default integration. t=1.048576
setting integration time = 1.048576
SetIntegrationTime 1.048576 ===>> OK
----------------- start -----------------
**************** Experiment Type: Ar/Ar, Ar/Ar
create new session 4993359504
close session 4993359504
$$$$$ Clearing conditionals
adding conditionals detrital
extract conditionals from file. /Users/jan/PychronDev/scripts/conditionals/detrital.yaml
no attr for this modification cd={'extraction_str': '', 'attr': '', 'mapper': '', 'use_termination': False, 'start_count': 0, 'nskip': 0, 'window': 0, 'frequency': 1, 'teststr': '', 'action': 'Skip Next Run', 'ntrips': 1, 'use_truncation': False}
no attr for this cancelation cd={'mapper': '', 'window': 0, 'frequency': 1, 'attr': '', 'teststr': '', 'start_count': 0, 'ntrips': 1}
adding truncation attr="age" test="age>100.0" start="50"
adding truncation attr="Ar39" test="Ar39<0.5" start="60"
no attr for this termination cd={'mapper': '', 'window': 0, 'frequency': 1, 'attr': '', 'teststr': '', 'start_count': 0, 'ntrips': 1}
Invalid conditional kind="pre_run_terminations"
no attr for this action cd={'mapper': '', 'attr': '', 'start_count': 0, 'window': 0, 'frequency': 1, 'teststr': '', 'action': None, 'ntrips': 1}
Invalid conditional kind="post_run_terminations"
Add queue conditionals
add default conditionals
adding default conditionals from /Users/jan/PychronDev/setupfiles/spectrometer/default_conditionals.yaml
Start automated run 65511-24
loading script "jan_co2_whiff_120_60_large.py"
loading script "jan_pump_ms.py"
loading script "jan_co2.py"
loading script "jan_pump_extraction_line.py"
%%%%%%%%%%%%%%%%%% setting automated run 65511-24
No value "sensitivity_multiplier" in metadata
$$$$$$$$$$$$$$$ auto_save_detector_ic=False
============================= Pre Extraction Check =============================
loading queue conditionals pre_run_terminations
loading system conditionals pre_run_terminations
loading conditionals from /Users/jan/PychronDev/setupfiles/spectrometer/default_conditionals.yaml
16:07:28 -- ******* Pre Extraction Check *******
Get a measurement from the spectrometer
GetData ===>> H2,-0.161870693531416,H1,0.00214458205627395,AX,-0.0273503922942616,L1,-0.00213485532020819,L2,-0...
Pre Extraction Termination data. keys=H2,H1,AX,L1,L2,CDD, signals=-0.16187,0.00214,-0.02735,-0.00213,-0.08309,0.00372
16:07:28 -- testing system defined conditionals
Checking default pre extraction terminations n=2
testing CDD
evaluate ot="CDD.inactive" t="CDD", ctx="{'CDD': False}"
GetDeflection CDD ===>> 50
testing CDD==2000
evaluate ot="CDD.deflection==2000" t="CDD==2000", ctx="{'CDD': 50.0}"
16:07:28 -- ******* Pre Extraction Check Passed *******
=================================================================================
16:07:28 -- stopping status monitor
stop 5052903792
Alive clients [4983293136]
16:07:28 -- starting status monitor
start 5052903792
Monitor already running
set states for children of C. state=False
handle state [('C', False)]
update switch state C False args=() kw={'refresh': False} ncanvase=3
refresh_canvas_needed fired
start extraction
do extraction
Analysis started at 16:07:28.278537
Extraction Started jan_co2.py
16:07:28 -- ******* Extraction Started jan_co2.py *******
state changed from not run to extraction
DO EXTRACTION <pychron.extraction_line.pyscript_runner.RemotePyScriptRunner object at 0x12b93d0b0>
testing...
no interpolation path defined
calculate duration
testing...
no interpolation path defined
executed 0
calculate duration
testing...
no interpolation path defined
executed 0
executed 100.0
Jan CO2 laser analysis
doing GOSUB
testing...
no interpolation path defined
executed 0
Waiting for CO2 access
wait ('FelixCO2Flag', 0) {}
waiting for FelixCO2Flag = 0
Read FelixCO2Flag ===>> 0
finished waiting
CO2 free
wait ('CO2PumpTimeFlag', 0) {}
waiting for CO2PumpTimeFlag = 0
Read CO2PumpTimeFlag ===>> 0
finished waiting
acquire ('JanCO2Flag',) {'clear': True}
acquire JanCO2Flag
Set JanCO2Flag 1 ===>> OK
JanCO2Flag acquired
set extraction state False (0.75, 'red', 1.5)
CO2 acquired
executed 0
WaitForCO2Access.py completed successfully
gosub finished
doing GOSUB
testing...
no interpolation path defined
executed 0
Prepare for CO2 analysis
close () {'description': 'Jan Inlet'}
closing name=--- desc=Jan Inlet
checking ownership. requestor=129.138.12.150
check software interlocks R
interlocks []
actuate state mode=None-script, software_lock=False
doing actuation None-script close_channel False
Close R ===>> OK
GetValveState R ===>> False
change switch state (True, True)
update switch state R False args=() kw={} ncanvase=3
16:07:28 -- CLOSE  VALVE-R (Jan Inlet)
---------------------------------------- close None (Jan Inlet) result=[(True, True)]
Get Checksum: -2083114517
action=close, ok=True, locked=[False]
open () {'description': 'Jan Ion Pump'}
opening name=--- desc=Jan Ion Pump
checking ownership. requestor=129.138.12.150
check software interlocks O
interlocks []
actuate state mode=None-script, software_lock=False
doing actuation None-script open_channel False
Open O ===>> OK
GetValveState O ===>> OK
change switch state (True, True)
update switch state O True args=() kw={} ncanvase=3
16:07:29 -- OPEN   VALVE-O (Jan Ion Pump)
---------------------------------------- open None (Jan Ion Pump) result=[(True, True)], time=0.22 sec
action=open, ok=True, locked=[False]
close () {'description': 'Microbone to Minibone'}
closing name=--- desc=Microbone to Minibone
checking ownership. requestor=129.138.12.150
check software interlocks L
interlocks []
actuate state mode=None-script, software_lock=False
doing actuation None-script close_channel False
Close L ===>> OK
GetValveState L ===>> False
change switch state (True, True)
update switch state L False args=() kw={} ncanvase=3
16:07:29 -- CLOSE  VALVE-L (Microbone to Minibone)
---------------------------------------- close None (Microbone to Minibone) result=[(True, True)]
action=close, ok=True, locked=[False]
open () {'description': 'Microbone to Turbo'}
opening name=--- desc=Microbone to Turbo
checking ownership. requestor=129.138.12.150
check software interlocks U
interlocks []
actuate state mode=None-script, software_lock=False
doing actuation None-script open_channel False
Open U ===>> OK
GetValveState U ===>> OK
change switch state (True, True)
update switch state U True args=() kw={} ncanvase=3
16:07:30 -- OPEN   VALVE-U (Microbone to Turbo)
---------------------------------------- open None (Microbone to Turbo) result=[(True, True)], time=0.14 sec
action=open, ok=True, locked=[False]
open () {'description': 'Microbone to Inlet Pipette'}
opening name=--- desc=Microbone to Inlet Pipette
checking ownership. requestor=129.138.12.150
check software interlocks S
interlocks []
actuate state mode=None-script, software_lock=False
doing actuation None-script open_channel False
Open S ===>> OK
set states for children of B. state=True
handle state [('B', True)]
update switch state B True args=() kw={'refresh': False} ncanvase=3
refresh_canvas_needed fired
GetValveState S ===>> OK
change switch state (True, True)
update switch state S True args=() kw={} ncanvase=3
16:07:30 -- OPEN   VALVE-S (Microbone to Inlet Pipette)
---------------------------------------- open None (Microbone to Inlet Pipette) result=[(True, True)], time=0.41 sec
action=open, ok=True, locked=[False]
open () {'description': 'Microbone to Getter D-50'}
opening name=--- desc=Microbone to Getter D-50
checking ownership. requestor=129.138.12.150
check software interlocks K
interlocks []
actuate state mode=None-script, software_lock=False
doing actuation None-script open_channel False
Open K ===>> OK
GetValveState K ===>> OK
change switch state (True, True)
update switch state K True args=() kw={} ncanvase=3
16:07:31 -- OPEN   VALVE-K (Microbone to Getter D-50)
---------------------------------------- open None (Microbone to Getter D-50) result=[(True, True)], time=0.40 sec
action=open, ok=True, locked=[False]
open () {'description': 'Microbone to Getter NP-10'}
opening name=--- desc=Microbone to Getter NP-10
checking ownership. requestor=129.138.12.150
check software interlocks M
interlocks []
actuate state mode=None-script, software_lock=False
doing actuation None-script open_channel False
Open M ===>> OK
Get Checksum: 1804463690
GetValveState M ===>> OK
change switch state (True, True)
update switch state M True args=() kw={} ncanvase=3
16:07:32 -- OPEN   VALVE-M (Microbone to Getter NP-10)
---------------------------------------- open None (Microbone to Getter NP-10) result=[(True, True)], time=0.13 sec
action=open, ok=True, locked=[False]
close () {'description': 'CO2 Laser to Felix'}
closing name=--- desc=CO2 Laser to Felix
checking ownership. requestor=129.138.12.150
check software interlocks F
interlocks []
actuate state mode=None-script, software_lock=True
VALVE-F(CO2 Laser to Felix) software locked
change switch state (True, False)
---------------------------------------- close None (CO2 Laser to Felix) result=[(True, False)]
action=close, ok=True, locked=[True]
open () {'description': 'CO2 Laser to Jan'}
opening name=--- desc=CO2 Laser to Jan
checking ownership. requestor=129.138.12.150
check software interlocks A
interlocks []
actuate state mode=None-script, software_lock=False
doing actuation None-script open_channel False
Open A ===>> OK
GetValveState A ===>> OK
change switch state (True, True)
update switch state A True args=() kw={} ncanvase=3
16:07:32 -- OPEN   VALVE-A (CO2 Laser to Jan)
---------------------------------------- open None (CO2 Laser to Jan) result=[(True, True)], time=0.14 sec
action=open, ok=True, locked=[False]
open () {'description': 'Microbone to CO2 Laser'}
opening name=--- desc=Microbone to CO2 Laser
checking ownership. requestor=129.138.12.150
check software interlocks T
interlocks []
actuate state mode=None-script, software_lock=False
doing actuation None-script open_channel False
Open T ===>> OK
GetValveState T ===>> OK
change switch state (True, True)
update switch state T True args=() kw={} ncanvase=3
16:07:33 -- OPEN   VALVE-T (Microbone to CO2 Laser)
---------------------------------------- open None (Microbone to CO2 Laser) result=[(True, True)], time=0.43 sec
action=open, ok=True, locked=[False]
executed 0
PrepareForCO2Analysis.py completed successfully
gosub finished
set_motor ('beam', '1.25') {}
setting motor "beam" to 1.25
set motor beam to 1.25
SetMotor beam,1.25 ===>> OK
GetMotorMoving beam ===>> False
GetMotorMoving beam ===>> False
Block completed
move_to_position ('163',) {'autocenter': True}
FusionsCO2 move to position 163
sending GoToHole 163,True
GoToHole 163,True ===>> OK
Get Checksum: 1804463690
GetDriveMoving ===>> OK
GetDriveMoving ===>> OK
GetDriveMoving ===>> OK
GetDriveMoving ===>> OK
GetDriveMoving ===>> OK
GetDriveMoving ===>> OK
GetDriveMoving ===>> False
GetDriveMoving ===>> False
Block completed
GetAutoCorrecting ===>> OK
GetAutoCorrecting ===>> OK
Get Checksum: 1804463690
GetAutoCorrecting ===>> False
GetAutoCorrecting ===>> False
Block completed
update position
GetPosition ===>> 3.98780,-5.98170,1.00000
got position (3.9878, -5.9817, 1.0)
move to position succeeded
sleep (5,) {}
SLEEP 5.0
block started
WaitControl setup for 5.0  
Get Checksum: 1804463690
Join finished
block finished. duration 5.00950503349
close () {'description': 'Microbone to Turbo'}
closing name=--- desc=Microbone to Turbo
checking ownership. requestor=129.138.12.150
check software interlocks U
interlocks []
actuate state mode=None-script, software_lock=False
doing actuation None-script close_channel True
Close U ===>> OK
Get Checksum: 139093252
State checksums do not match. Local:1804463690 Remote:139093252
State checksum failed
GetValveState U ===>> False
change switch state (True, True)
update switch state U False args=() kw={} ncanvase=3
16:07:44 -- CLOSE  VALVE-U (Microbone to Turbo)
---------------------------------------- close None (Microbone to Turbo) result=[(True, True)]
action=close, ok=True, locked=[False]
enable laser
enable () {}
set extraction state FusionsCO2 Enabled (False, 'red', 1.5)
enabling laser
Enable ===>> OK
begin interval
BEGIN INTERVAL Interval 1 waiting for 30.0
block started
set extract to 5.0
WaitControl setup for 30.0  
extract (5.0,) {}
GetPosition ===>> 3.98780,-5.98170,1.00000
set extraction state FusionsCO2 ON! 5.0(watts) (0.75, 'red', 1.5)
extract sample to 5.0 (watts)
set laser output
SetLaserOutput 5.0,watts ===>> OK
executing pattern triangle.lp
execute_pattern ('triangle.lp',) {}
executing pattern triangle.lp
IsPatterning ===>> OK
Get Checksum: 139093252
IsPatterning ===>> OK
IsPatterning ===>> OK
IsPatterning ===>> OK
Get Checksum: -1452036699
State checksums do not match. Local:139093252 Remote:-1452036699
State checksum failed
IsPatterning ===>> OK
set states for children of B. state=False
handle state [('B', False)]
update switch state B False args=() kw={'refresh': False} ncanvase=3
refresh_canvas_needed fired
IsPatterning ===>> OK
IsPatterning ===>> OK
Get Checksum: -1452036699
IsPatterning ===>> OK
IsPatterning ===>> OK
IsPatterning ===>> OK
Get Checksum: -1452036699
IsPatterning ===>> OK
IsPatterning ===>> OK
IsPatterning ===>> OK
Get Checksum: -1452036699
IsPatterning ===>> OK
IsPatterning ===>> OK
IsPatterning ===>> OK
Get Checksum: -1452036699
IsPatterning ===>> OK
IsPatterning ===>> OK
IsPatterning ===>> OK
Get Checksum: -1452036699
IsPatterning ===>> OK
IsPatterning ===>> OK
IsPatterning ===>> OK
Get Checksum: -1452036699
IsPatterning ===>> OK
IsPatterning ===>> OK
IsPatterning ===>> OK
Get Checksum: -1452036699
IsPatterning ===>> OK
IsPatterning ===>> OK
IsPatterning ===>> OK
Get Checksum: -1452036699
Join finished
block finished. duration 30.0414822102
Interval 1 finished
IsPatterning ===>> False
IsPatterning ===>> False
Block completed
COMPLETE INTERVAL waiting for Interval 1 to complete
end_extract () {}
ending extraction. set laser power to 0
set laser power 0
SetLaserPower 0 ===>> OK
disable () {}
%%%%%%%%%%%%%%%%%%%%%%%%%%%%%%%%%%% disable
set extraction state False (0.75, 'red', 1.5)
disabling laser
Disable ===>> OK
sleep (30.0,) {}
SLEEP 30.0
block started
WaitControl setup for 30.0  
Get Checksum: -1452036699
Get Checksum: -1452036699
Get Checksum: -1452036699
Get Checksum: -1452036699
Get Checksum: -1452036699
Get Checksum: -1452036699
Get Checksum: -1452036699
Get Checksum: -1452036699
Get Checksum: -1452036699
Join finished
block finished. duration 30.0249700546
executed 165.0
jan_co2.py completed successfully
GetAchievedOutput ===>> No Response
Requested Output= 0.000
Achieved Output=  0.000
GetResponseBlob ===>> No Response
GetOutputBlob ===>> No Response
persistence save...
persistence save - db
AutomatedRunPersister post_extraction_save deprecated
persistence save - dvc
no extraction position for 163
create new session 4983039568
close session 4983039568
Extraction Finished
16:08:46 -- ******* Extraction Finished *******
no overlap. not waiting for min ms pumptime
16:08:46 -- Sending spectrometer configuration
======== Sending configuration ========
SetDeflection CDD,50.0 ===>> OK
SetDeflection H2,0.0 ===>> OK
SetDeflection H1,0.0 ===>> OK
SetDeflection L2,825.0 ===>> OK
SetDeflection L1,400.0 ===>> OK
SetDeflection AX,190.0 ===>> OK
SetZFocus 74.64 ===>> OK
SetZSymmetry -50.72 ===>> OK
SetExtractionLens 26.13 ===>> OK
SetIonRepeller -3.81 ===>> OK
SetElectronEnergy 75.08 ===>> OK
SetYSymmetry -2.81 ===>> OK
SetIonCounterVoltage 1590.0 ===>> OK
send trap current 200.0
GetParameter Trap Current Readback ===>> 198.370811206739
SetParameter Trap Current Set,200.0 ===>> OK
updating mftable name mftable
Using mftable located at /Users/jan/PychronDev/setupfiles/spectrometer/mftables/mftable.csv
============ MFtable ===========
Isotope  H2     H1     AX     L1     L2     CDD    
Ar40     5.7730 5.8790 5.9924 6.1129 6.2306 6.3412
Ar39     5.6723 5.7713 5.8848 5.9990 6.1157 6.2277
Ar36     5.3498 5.4403 5.5482 5.6579 5.7707 5.8788
================================
get initial guess parabolic
get initial guess parabolic
get initial guess parabolic
get initial guess parabolic
get initial guess parabolic
get initial guess parabolic
======== Configuration Finished ========
GetYSymmetry ===>> -2.81
GetZSymmetry ===>> -50.72
GetParameter Trap Current Readback ===>> 197.923274125618
GetHighVoltage ===>> 4499.94659342336
start measurement
do measurement
L#=65511 analysis type=unknown
Measurement Started jan_co2_whiff_120_60_large.py
16:08:46 -- ******* Measurement Started jan_co2_whiff_120_60_large.py *******
state changed from extraction to measurement
setting spec, defl, and gains
GetExtractionLens ===>> 26.13
GetYSymmetry ===>> -2.81
GetZSymmetry ===>> -50.72
GetZFocus ===>> 74.64
GetDeflection H2 ===>> 0
GetDeflection H1 ===>> 0
GetDeflection AX ===>> 190
GetDeflection L1 ===>> 400
GetDeflection L2 ===>> 825
GetDeflection CDD ===>> 50
GetGain H2 ===>> 0.0113
GetGain H1 ===>> 0.1
GetGain AX ===>> 0.097049
GetGain L1 ===>> 0.010355
GetGain L2 ===>> 0.095649
GetGain CDD ===>> 0
pre measurement save
New frame /Users/jan/PychronDev/data/isotopes/8a/576c8e-158b-45ac-b6d8-13af9e8777dc.h5
flush and close file /Users/jan/PychronDev/data/isotopes/8a/576c8e-158b-45ac-b6d8-13af9e8777dc.h5
testing...
no interpolation path defined
executed 266.04
co2 whiff measurement script
activate_detectors ('H2', 'H1', 'AX', 'L1', 'L2', 'CDD') {}
activate detectors
*************** Set Analysis View Ar/Ar
create graphs
Get Checksum: -1452036699
clearing graphs
clear isotope group
setting isotope det=H2, iso=PM41
setting isotope det=H1, iso=Ar40
setting isotope det=AX, iso=Ar39
setting isotope det=L1, iso=Ar38
setting isotope det=L2, iso=Ar37
setting isotope det=CDD, iso=Ar36
setting previous blanks
 - setting Ar40 blank 0.196+/-0.007
 - setting Ar36 blank 0.00465+/-0.00018
 - setting Ar37 blank 0.049+/-0.005
 - setting Ar38 blank 0.0037+/-0.0020
 - setting PM41 blank 0.02+/-0.06
 - setting Ar39 blank 0.024+/-0.009
load analysis view
position_magnet ('Ar40',) {'detector': 'H1'}
detector Detector(H1)
POSITION Ar40 H1
setting detector H2 to PM41 (40.9624)
setting detector H1 to Ar40 (39.9624)
setting detector AX to Ar39 (38.9624)
setting detector L1 to Ar38 (37.9624)
setting detector L2 to Ar37 (36.9624)
setting detector CDD to Ar36 (35.9624)
Mapping mass to dac mass func: "parabolic"
H1 map mass coeffs = [-0.00063987  0.15840543  0.57061999]
H1 map mass to dac 39.9624 >> 5.87901
GetDeflection H1 ===>> 0
GetHighVoltage ===>> 4499.94659342336
positioning Ar40 (5.87897537906) on H1
setting magnet DAC
current  : 5.878975
requested: 5.878975
Delta Dac: 0.000000
Checking detector protection. dv=0.00000
Checking detector "CDD". Protection Threshold: 0.1 (V)
SetMagnetDAC 5.87897537906 ===>> OK
close ('S',) {}
closing name=S desc=---
checking ownership. requestor=129.138.12.150
check software interlocks S
interlocks []
actuate state mode=None-script, software_lock=False
doing actuation None-script close_channel True
Close S ===>> OK
GetValveState S ===>> False
change switch state (True, True)
update switch state S False args=() kw={} ncanvase=3
16:08:47 -- CLOSE  VALVE-S (Microbone to Inlet Pipette)
---------------------------------------- close S () result=[(True, True)]
action=close, ok=True, locked=[False]
equilibrate () {'do_post_equilibration': False, 'inlet': 'R', 'outlet': 'O', 'eqtime': 4}
Equilibration Started
16:08:48 -- ******* Equilibration Started *******
checking ownership. requestor=129.138.12.150
check software interlocks O
interlocks []
actuate state mode=None-script, software_lock=False
doing actuation None-script close_channel True
Close O ===>> OK
GetValveState O ===>> False
change switch state (True, True)
update switch state O False args=() kw={} ncanvase=3
16:08:48 -- CLOSE  VALVE-O (Jan Ion Pump)
waiting 3s before opening inlet value ('R',)
Get Checksum: 1063129995
checking ownership. requestor=129.138.12.150
check software interlocks R
interlocks []
actuate state mode=None-script, software_lock=False
doing actuation None-script open_channel True
Open R ===>> OK
GetValveState R ===>> OK
change switch state (True, True)
update switch state R True args=() kw={} ncanvase=3
16:08:51 -- OPEN   VALVE-R (Jan Inlet)
set_time_zero (0,) {}
equilibrating for 4sec
sniff (4,) {}
py_sniff
build tables- sniff [Detector(H2), Detector(H1), Detector(AX), Detector(L1), Detector(L2), Detector(CDD)]
add group /sniff/PM41 (Group) '' table H2
add group /sniff/Ar40 (Group) '' table H1
add group /sniff/Ar39 (Group) '' table AX
add group /sniff/Ar38 (Group) '' table L1
add group /sniff/Ar37 (Group) '' table L2
add group /sniff/Ar36 (Group) '' table CDD
flush and close file /Users/jan/PychronDev/data/isotopes/8a/576c8e-158b-45ac-b6d8-13af9e8777dc.h5
measuring sniff. ncounts=4
starting measurement
GetData ===>> H2,-0.153759171809799,H1,-0.04683517339219,AX,-0.0207047858698857,L1,-0.0280930156173977,L2,-0.03...
Get Checksum: -700554897
GetData ===>> H2,4.00182078959458,H1,9.93124085584387,AX,7.43642540477819,L1,0.453340488111802,L2,1.29915306176...
GetData ===>> H2,4.26523576727455,H1,15.6746663534386,AX,6.13632920510612,L1,0.864158664543709,L2,0.58455094849...
GetData ===>> H2,1.34159398962483,H1,14.9698175731825,AX,4.10485482364488,L1,0.62065446171438,L2,0.189538468880...
Get Checksum: -700554897
Equilibration Finished
16:08:55 -- ******* Equilibration Finished *******
checking ownership. requestor=129.138.12.150
check software interlocks R
interlocks []
actuate state mode=None-script, software_lock=False
doing actuation None-script close_channel True
Close R ===>> OK
measurement finished
estimated time: 4.194 actual time: :4.251
flush and close file /Users/jan/PychronDev/data/isotopes/8a/576c8e-158b-45ac-b6d8-13af9e8777dc.h5
set_fits () {}
GetValveState R ===>> False
using default fits file=/Users/jan/PychronDev/scripts/measurement/fits/nominal_linear.yaml
change switch state (True, True)
update switch state R False args=() kw={} ncanvase=3
set "Ar40" to "('Linear', 'SEM')"
No fit for "PM41". defaulting to linear. check the measurement script "jan_co2_whiff_120_60_large.py"
set "PM41" to "linear"
set "Ar36" to "('Linear', 'SEM')"
set "Ar37" to "('linear', 'SEM')"
set "Ar38" to "('linear', 'SEM')"
set "Ar39" to "('Linear', 'SEM')"
set_baseline_fits () {}
using default fits file=/Users/jan/PychronDev/scripts/measurement/fits/nominal_linear.yaml
16:08:56 -- CLOSE  VALVE-R (Jan Inlet)
set "H1" to "('average', 'SEM')"
set "H2" to "('average', 'SEM')"
set "CDD" to "('average', 'SEM')"
set "L2" to "('average', 'SEM')"
set "L1" to "('average', 'SEM')"
set "AX" to "('average', 'SEM')"
whiff () {'ncounts': 1, 'conditionals': [{'action': 'run_remainder', 'attr': 'Ar40', 'teststr': 'Ar40.cur<=175'}, {'action': 'run_pipette', 'attr': 'Ar40', 'teststr': 'Ar40.cur>500'}, {'action': 'run_chamber_split', 'attr': 'Ar40', 'teststr': 'Ar40.cur>=300'}, {'action': 'pump', 'attr': 'Ar40', 'teststr': 'Ar40.cur>175'}]}
build tables- whiff [Detector(H2), Detector(H1), Detector(AX), Detector(L1), Detector(L2), Detector(CDD)]
add group /whiff/PM41 (Group) '' table H2
add group /whiff/Ar40 (Group) '' table H1
add group /whiff/Ar39 (Group) '' table AX
add group /whiff/Ar38 (Group) '' table L1
add group /whiff/Ar37 (Group) '' table L2
add group /whiff/Ar36 (Group) '' table CDD
flush and close file /Users/jan/PychronDev/data/isotopes/8a/576c8e-158b-45ac-b6d8-13af9e8777dc.h5
measuring whiff. ncounts=1
starting measurement
GetData ===>> H2,0.247132517264472,H1,14.2577272544497,AX,3.35465702073924,L1,0.209505762858253,L2,0.0879805909...
testing Ar40<=175
evaluate ot="Ar40.cur<=175" t="Ar40<=175", ctx="{'Ar40': 14.2577272544497}"
condition Ar40<=175 is true trips=1/1
16:08:58 -- Conditional tripped: Ar40.cur<=175 condition Ar40<=175 is True
measurement finished
estimated time: 1.049 actual time: :1.106
flush and close file /Users/jan/PychronDev/data/isotopes/8a/576c8e-158b-45ac-b6d8-13af9e8777dc.h5
WHIFF Result=run_remainder
Whiff result=run_remainder
open ('R',) {}
opening name=R desc=---
checking ownership. requestor=129.138.12.150
check software interlocks R
interlocks []
actuate state mode=None-script, software_lock=False
doing actuation None-script open_channel True
Open R ===>> OK
GetValveState R ===>> OK
change switch state (True, True)
update switch state R True args=() kw={} ncanvase=3
16:08:58 -- OPEN   VALVE-R (Jan Inlet)
---------------------------------------- open R () result=[(True, True)], time=0.40 sec
Get Checksum: -700554897
action=open, ok=True, locked=[False]
open ('S',) {}
opening name=S desc=---
checking ownership. requestor=129.138.12.150
check software interlocks S
interlocks []
actuate state mode=None-script, software_lock=False
doing actuation None-script open_channel True
Open S ===>> OK
GetValveState S ===>> OK
change switch state (True, True)
update switch state S True args=() kw={} ncanvase=3
16:08:59 -- OPEN   VALVE-S (Microbone to Inlet Pipette)
---------------------------------------- open S () result=[(True, True)], time=0.43 sec
action=open, ok=True, locked=[False]
sleep (12.0,) {}
SLEEP 12.0
block started
WaitControl setup for 12.0  
Get Checksum: 1554461685
Get Checksum: 1554461685
Get Checksum: 1554461685
Get Checksum: 1554461685
Join finished
block finished. duration 12.017100811
close ('R',) {}
closing name=R desc=---
checking ownership. requestor=129.138.12.150
check software interlocks R
interlocks []
actuate state mode=None-script, software_lock=False
doing actuation None-script close_channel True
Close R ===>> OK
GetValveState R ===>> False
change switch state (True, True)
update switch state R False args=() kw={} ncanvase=3
16:09:12 -- CLOSE  VALVE-R (Jan Inlet)
---------------------------------------- close R () result=[(True, True)]
action=close, ok=True, locked=[False]
post_equilibration () {}
multicollect () {'integration_time': 1, 'ncounts': 120.0}
Post Equilibration Started jan_pump_extraction_line.py
build tables- signal [Detector(H2), Detector(H1), Detector(AX), Detector(L1), Detector(L2), Detector(CDD)]
16:09:12 -- ******* Post Equilibration Started jan_pump_extraction_line.py *******
add group /signal/PM41 (Group) '' table H2
testing...
add group /signal/Ar40 (Group) '' table H1
no interpolation path defined
add group /signal/Ar39 (Group) '' table AX
add group /signal/Ar38 (Group) '' table L1
calculate duration
add group /signal/Ar37 (Group) '' table L2
testing...
add group /signal/Ar36 (Group) '' table CDD
no interpolation path defined
flush and close file /Users/jan/PychronDev/data/isotopes/8a/576c8e-158b-45ac-b6d8-13af9e8777dc.h5
executed 4.0
measuring signal. ncounts=120.0
executed 4.0
Pump after analysis
doing GOSUB
testing...
no interpolation path defined
executed 4.0
Pump Microbone
close () {'description': 'Jan Inlet'}
closing name=--- desc=Jan Inlet
checking ownership. requestor=129.138.12.150
check software interlocks R
interlocks []
actuate state mode=None-script, software_lock=False
doing actuation None-script close_channel False
Close R ===>> OK
GetValveState R ===>> False
change switch state (True, True)
update switch state R False args=() kw={} ncanvase=3
16:09:12 -- CLOSE  VALVE-R (Jan Inlet)
---------------------------------------- close None (Jan Inlet) result=[(True, True)]
starting measurement
GetData ===>> H2,0.0740747268430969,H1,390.074125234785,AX,83.0255015102818,L1,1.14404285637569,L2,0.3088658010...
action=close, ok=True, locked=[False]
is_closed ('F',) {}
is F () closed?
is closed True
open () {'description': 'CO2 Laser to Jan'}
opening name=--- desc=CO2 Laser to Jan
checking ownership. requestor=129.138.12.150
check software interlocks A
interlocks []
actuate state mode=None-script, software_lock=False
doing actuation None-script open_channel False
Open A ===>> OK
GetValveState A ===>> OK
change switch state (True, True)
update switch state A True args=() kw={} ncanvase=3
16:09:13 -- OPEN   VALVE-A (CO2 Laser to Jan)
---------------------------------------- open None (CO2 Laser to Jan) result=[(True, True)], time=0.19 sec
action=open, ok=True, locked=[False]
sleep (1,) {}
SLEEP 1.0
Get Checksum: 1601233651
GetData ===>> H2,0.157699343890834,H1,390.054002913247,AX,83.0425100827263,L1,1.1421102014313,L2,0.311102719526...
close () {'description': 'CO2 Laser to Roughing'}
closing name=--- desc=CO2 Laser to Roughing
checking ownership. requestor=129.138.12.150
check software interlocks G
interlocks []
actuate state mode=None-script, software_lock=True
VALVE-G(CO2 Laser to Roughing) software locked
change switch state (True, False)
---------------------------------------- close None (CO2 Laser to Roughing) result=[(True, False)]
action=close, ok=True, locked=[True]
open () {'description': 'Microbone to Turbo'}
opening name=--- desc=Microbone to Turbo
checking ownership. requestor=129.138.12.150
check software interlocks U
interlocks []
actuate state mode=None-script, software_lock=False
doing actuation None-script open_channel True
Open U ===>> OK
GetValveState U ===>> OK
change switch state (True, True)
update switch state U True args=() kw={} ncanvase=3
16:09:14 -- OPEN   VALVE-U (Microbone to Turbo)
---------------------------------------- open None (Microbone to Turbo) result=[(True, True)], time=0.18 sec
action=open, ok=True, locked=[False]
open () {'description': 'Microbone to Getter NP-10'}
opening name=--- desc=Microbone to Getter NP-10
checking ownership. requestor=129.138.12.150
check software interlocks M
interlocks []
actuate state mode=None-script, software_lock=False
doing actuation None-script open_channel False
Open M ===>> OK
GetData ===>> H2,0.0284523391796864,H1,389.768392166902,AX,82.8913036929335,L1,1.1120514844652,L2,0.44194051403...
GetValveState M ===>> OK
change switch state (True, True)
update switch state M True args=() kw={} ncanvase=3
16:09:15 -- OPEN   VALVE-M (Microbone to Getter NP-10)
---------------------------------------- open None (Microbone to Getter NP-10) result=[(True, True)], time=0.16 sec
action=open, ok=True, locked=[False]
open () {'description': 'Microbone to Getter D-50'}
opening name=--- desc=Microbone to Getter D-50
checking ownership. requestor=129.138.12.150
check software interlocks K
interlocks []
actuate state mode=None-script, software_lock=False
doing actuation None-script open_channel False
Open K ===>> OK
GetValveState K ===>> OK
change switch state (True, True)
update switch state K True args=() kw={} ncanvase=3
16:09:15 -- OPEN   VALVE-K (Microbone to Getter D-50)
---------------------------------------- open None (Microbone to Getter D-50) result=[(True, True)], time=0.40 sec
action=open, ok=True, locked=[False]
open () {'description': 'Microbone to CO2 Laser'}
opening name=--- desc=Microbone to CO2 Laser
checking ownership. requestor=129.138.12.150
check software interlocks T
interlocks []
actuate state mode=None-script, software_lock=False
doing actuation None-script open_channel False
GetData ===>> H2,0.0964246929108938,H1,389.296037863344,AX,82.7998713604402,L1,1.07663616069413,L2,0.3555209283...
Open T ===>> OK
GetValveState T ===>> OK
change switch state (True, True)
update switch state T True args=() kw={} ncanvase=3
16:09:16 -- OPEN   VALVE-T (Microbone to CO2 Laser)
---------------------------------------- open None (Microbone to CO2 Laser) result=[(True, True)], time=0.40 sec
action=open, ok=True, locked=[False]
open () {'description': 'Microbone to Inlet Pipette'}
opening name=--- desc=Microbone to Inlet Pipette
checking ownership. requestor=129.138.12.150
check software interlocks S
interlocks []
actuate state mode=None-script, software_lock=False
doing actuation None-script open_channel False
Open S ===>> OK
Get Checksum: 968834110
GetValveState S ===>> OK
change switch state (True, True)
update switch state S True args=() kw={} ncanvase=3
16:09:17 -- OPEN   VALVE-S (Microbone to Inlet Pipette)
---------------------------------------- open None (Microbone to Inlet Pipette) result=[(True, True)], time=0.41 sec
GetData ===>> H2,0.0157862332136764,H1,389.490828312264,AX,82.7908074393759,L1,1.07899585950557,L2,0.3783145146...
action=open, ok=True, locked=[False]
sleep (1,) {}
SLEEP 1.0
GetData ===>> H2,-0.0348684655664393,H1,389.499087421829,AX,82.7742039042715,L1,1.06229317524318,L2,0.381466759...
set_resource () {'name': 'CO2PumpTimeFlag', 'value': 30}
Set CO2PumpTimeFlag 30 ===>> OK
release ('JanCO2Flag',) {}
release JanCO2Flag
Set JanCO2Flag 0 ===>> OK
executed 6.0
PumpMicrobone.py completed successfully
gosub finished
get_resource_value () {'name': 'JanMiniboneFlag'}
Read JanMiniboneFlag ===>> 0
Get Resource Value JanMiniboneFlag=0.0
get resource value 0.0
get_resource_value () {'name': 'JanMiniboneFlag'}
Read JanMiniboneFlag ===>> 0
Get Resource Value JanMiniboneFlag=0.0
executed 4.0
jan_pump_extraction_line.py completed successfully
Post Equilibration Finished
16:09:18 -- ******* Post Equilibration Finished *******
GetData ===>> H2,-0.047436372223722,H1,389.299586297782,AX,82.7609258137732,L1,1.0605829063427,L2,0.28719550477...
Get Checksum: 968834110
GetData ===>> H2,-0.208417522192846,H1,388.766334163177,AX,82.6920919334422,L1,1.0772238244945,L2,0.30896851559...
GetData ===>> H2,-0.15309837757204,H1,389.092645600368,AX,82.6986696800562,L1,1.03695938094193,L2,0.31944597290...
GetData ===>> H2,-0.117466568156632,H1,388.816810051613,AX,82.5335636989706,L1,1.03968305654217,L2,0.3377785726...
set states for children of V. state=False
handle state [('V', False)]
update switch state V False args=() kw={'refresh': False} ncanvase=3
refresh_canvas_needed fired
Get Checksum: 2052577745
GetData ===>> H2,-0.192878062692961,H1,388.537358497628,AX,82.4858822884367,L1,1.04325807643896,L2,0.4525024779...
GetData ===>> H2,-0.247261824653429,H1,388.513254141357,AX,82.7581975964128,L1,1.05939446984815,L2,0.4849492565...
GetData ===>> H2,-0.199226331323828,H1,388.451967092362,AX,82.5790142136775,L1,1.05188195547319,L2,0.3456217958...
Get Checksum: 1671910529
State checksums do not match. Local:2052577745 Remote:1671910529
State checksum failed
GetData ===>> H2,-0.0961842048848434,H1,388.354114830751,AX,82.3867778923102,L1,1.04084136711719,L2,0.296118645...
set states for children of H. state=True
handle state [('H', True)]
update switch state H True args=() kw={'refresh': False} ncanvase=3
refresh_canvas_needed fired
GetData ===>> H2,-0.108105161733568,H1,387.850750124015,AX,82.4524308631341,L1,1.03512044459639,L2,0.3138418744...
GetData ===>> H2,-0.194801353054619,H1,387.659196472463,AX,82.6326584563623,L1,1.01444685044296,L2,0.2768584806...
Get Checksum: 1671910529
GetData ===>> H2,-0.0717692490357039,H1,387.630097885656,AX,82.407997794345,L1,1.00149810036289,L2,0.4049633901...
GetData ===>> H2,-0.142502703475867,H1,387.380741545347,AX,82.4174776179771,L1,1.00126383417452,L2,0.1999900139...
GetData ===>> H2,-0.18033564268004,H1,387.320096337278,AX,82.4624357243794,L1,1.03187647215223,L2,0.41449161856...
Get Checksum: 1671910529
GetData ===>> H2,-0.190301931924035,H1,387.078275041674,AX,82.3716204505463,L1,1.05609886600797,L2,0.4135204727...
GetData ===>> H2,-0.112388844390533,H1,387.217162021764,AX,82.3011056695075,L1,1.03179949327385,L2,0.3196970807...
GetData ===>> H2,-0.118074064775009,H1,387.204523670418,AX,82.1316332830403,L1,0.988167074849302,L2,0.222060670...
Get Checksum: 1671910529
GetData ===>> H2,-0.0838941425183751,H1,386.799337766342,AX,82.2008052834595,L1,1.02172892281714,L2,0.386286697...
GetData ===>> H2,-0.113650367269785,H1,386.739592941756,AX,82.3473851990201,L1,1.03055276578491,L2,0.2960958231...
16:09:38 -- collecting point 25
GetData ===>> H2,-0.127166392663693,H1,386.412467946449,AX,82.2851985897251,L1,1.09099458065625,L2,0.3145380888...
Get Checksum: 1671910529
GetData ===>> H2,-0.148149880260245,H1,386.329450682206,AX,82.0962440498135,L1,1.05831728812816,L2,0.3113538054...
GetData ===>> H2,-0.163042703170004,H1,386.362794582708,AX,81.8883309455762,L1,1.064989240512,L2,0.353294390748...
Get Checksum: 1671910529
GetData ===>> H2,-0.201763786956776,H1,386.31686906341,AX,82.0271524537701,L1,1.05030185885001,L2,0.28378393530...
GetData ===>> H2,-0.0881328218115839,H1,385.930768868214,AX,82.315842800138,L1,1.02482071884372,L2,0.3690753786...
GetData ===>> H2,-0.100062223251622,H1,386.100133718725,AX,81.9835064093325,L1,1.0499191850413,L2,0.31383046114...
Get Checksum: 1671910529
GetData ===>> H2,-0.125758998628374,H1,385.541039423319,AX,82.0423089479256,L1,1.05393265941694,L2,0.3544590347...
GetData ===>> H2,-0.148911628543541,H1,385.454643618792,AX,81.9546749257988,L1,1.01074946626002,L2,0.3357807653...
GetData ===>> H2,-0.170301600792678,H1,385.622864981548,AX,81.7809019900447,L1,0.995507051899768,L2,0.336283067...
Get Checksum: 1671910529
GetData ===>> H2,-0.0815723459396207,H1,385.450769495004,AX,81.9578561495976,L1,1.03794961269703,L2,0.311867392...
GetData ===>> H2,-0.173381649699376,H1,384.961795066774,AX,81.875332836502,L1,1.05370798501081,L2,0.40531753995...
GetData ===>> H2,-0.100338400332355,H1,384.867501233292,AX,81.9262119980547,L1,1.04505676894752,L2,0.3131456651...
Get Checksum: 1671910529
GetData ===>> H2,-0.0279377942885761,H1,384.413879371786,AX,81.7780686368173,L1,1.04650983061253,L2,0.288758705...
set states for children of H. state=False
handle state [('H', False)]
update switch state H False args=() kw={'refresh': False} ncanvase=3
refresh_canvas_needed fired
GetData ===>> H2,-0.0814910609250907,H1,384.600827244339,AX,81.9893096985387,L1,1.0334949293882,L2,0.2707435036...
GetData ===>> H2,-0.168544666945056,H1,384.588733804719,AX,81.7458186274757,L1,1.046623458085,L2,0.377640678599...
set states for children of C. state=True
handle state [('C', True)]
update switch state C True args=() kw={'refresh': False} ncanvase=3
refresh_canvas_needed fired
Get Checksum: -1990985319
GetData ===>> H2,-0.0816265356265362,H1,384.772180085889,AX,81.6441461921905,L1,1.02809759625762,L2,0.394807844...
GetData ===>> H2,-0.123051877021327,H1,384.573537042482,AX,81.716638689631,L1,1.02253456892731,L2,0.35749631022...
set states for children of B. state=True
set states for children of D. state=True
handle state [('B', True), ('D', True)]
update switch state B True args=() kw={'refresh': True} ncanvase=3
update switch state D True args=() kw={'refresh': False} ncanvase=3
refresh_canvas_needed fired
GetData ===>> H2,-0.148844099734632,H1,384.079109119761,AX,81.7724350488705,L1,1.00531762336034,L2,0.3421967285...
Get Checksum: -110011688
GetData ===>> H2,-0.0642979724396104,H1,383.903663144481,AX,81.4852515263549,L1,1.00417615694341,L2,0.414902930...
GetData ===>> H2,-0.161153655521778,H1,383.714254041555,AX,81.5688755448747,L1,0.957033838975378,L2,0.439642007...
GetData ===>> H2,-0.181281528842159,H1,383.577340723523,AX,81.5415235423178,L1,0.968995565772015,L2,0.353762530...
Get Checksum: -110011688
GetData ===>> H2,-0.215828114338578,H1,383.490442891332,AX,81.4410964791758,L1,1.02544751029478,L2,0.2470703377...
GetData ===>> H2,-0.164083637733606,H1,383.219694801314,AX,81.449093699935,L1,1.01810364411327,L2,0.29682614240...
GetData ===>> H2,-0.163114262043906,H1,383.062553382984,AX,81.4505088942348,L1,1.04786333926594,L2,0.3856699148...
Get Checksum: -110011688
GetData ===>> H2,-0.243970813303153,H1,382.958729172126,AX,81.5349414381853,L1,1.03112185090768,L2,0.3290113625...
16:10:04 -- collecting point 50
GetData ===>> H2,-0.106294880675508,H1,382.96713939939,AX,81.2363468402107,L1,1.03783733972905,L2,0.32710505712...
GetData ===>> H2,-0.189056119895003,H1,382.628075015275,AX,81.2852026983565,L1,0.999685821420172,L2,0.288062678...
Get Checksum: -110011688
GetData ===>> H2,-0.26746369933344,H1,382.704460431123,AX,81.3266685004624,L1,1.0128179555287,L2,0.284571209781...
GetData ===>> H2,-0.101642027981919,H1,382.773032550937,AX,81.2218463440636,L1,1.01354103800861,L2,0.4587831162...
Get Checksum: -110011688
GetData ===>> H2,-0.168925224122388,H1,382.341986552791,AX,81.301601490138,L1,0.990516811808616,L2,0.3933342941...
testing age>100.0
evaluate ot="age>100.0" t="age>100.0", ctx="{'age': 32.60739161050444}"
GetData ===>> H2,-0.164658743445154,H1,382.201588922737,AX,81.272012707419,L1,1.03979661080119,L2,0.25844156574...
GetData ===>> H2,-0.118643647891748,H1,381.692736770898,AX,81.2658293053879,L1,1.04975374288855,L2,0.3977321655...
Get Checksum: -110011688
GetData ===>> H2,-0.12034952042923,H1,381.774787329582,AX,81.248513965272,L1,1.05876178595892,L2,0.271279689417...
GetData ===>> H2,-0.111450732778052,H1,381.749264277865,AX,81.2437785241912,L1,1.02234040134369,L2,0.3477910683...
GetData ===>> H2,-0.176462217524879,H1,381.693326351313,AX,80.9762917003859,L1,1.0263429910545,L2,0.44923670862...
Get Checksum: -110011688
testing age>100.0
evaluate ot="age>100.0" t="age>100.0", ctx="{'age': 32.60567367155984}"
GetData ===>> H2,-0.271727871214307,H1,381.543853948162,AX,81.0753974546835,L1,1.05270079537391,L2,0.3536255135...
GetData ===>> H2,-0.160581072818416,H1,381.264299791665,AX,80.9608400557087,L1,1.01599913221439,L2,0.2659065596...
GetData ===>> H2,-0.01779435791526,H1,381.241429823402,AX,80.9385175430405,L1,0.98565295661649,L2,0.30757617288...
GetData ===>> H2,-0.181284227405755,H1,381.048375339994,AX,80.9101987585983,L1,0.983382329576075,L2,0.319309005...
GetData ===>> H2,-0.109295354579856,H1,381.154769518905,AX,80.9555694870797,L1,1.02006108991011,L2,0.3375616658...
Get Checksum: -110011688
testing age>100.0
evaluate ot="age>100.0" t="age>100.0", ctx="{'age': 32.60343230779845}"
testing Ar39<0.5
evaluate ot="Ar39<0.5" t="Ar39<0.5", ctx="{'Ar39': 83.6337719313051}"
GetData ===>> H2,-0.0969087257372714,H1,380.851617375746,AX,80.8553025209822,L1,1.0300417508925,L2,0.2712112400...
GetData ===>> H2,-0.0973461243774855,H1,380.49752834059,AX,80.9870809639279,L1,1.04131330774832,L2,0.3525293871...
GetData ===>> H2,-0.173045758642185,H1,380.410574227076,AX,80.9564561106914,L1,1.01455394048966,L2,0.3951848024...
Get Checksum: -110011688
GetData ===>> H2,-0.151366702902987,H1,380.421230155479,AX,80.8130162986578,L1,1.02905259709794,L2,0.2834416440...
GetData ===>> H2,-0.231481701531895,H1,380.352354369615,AX,80.8440238313603,L1,1.05662407368582,L2,0.3332122172...
testing age>100.0
evaluate ot="age>100.0" t="age>100.0", ctx="{'age': 32.61317289702263}"
testing Ar39<0.5
evaluate ot="Ar39<0.5" t="Ar39<0.5", ctx="{'Ar39': 83.62072087602381}"
GetData ===>> H2,-0.329874888043892,H1,379.854961733081,AX,80.766657546329,L1,1.04489014038379,L2,0.31319131806...
Get Checksum: -110011688
GetData ===>> H2,-0.233607971862669,H1,379.883928152162,AX,80.8054829653348,L1,1.03998082363338,L2,0.4091790002...
GetData ===>> H2,-0.194622111353843,H1,379.579072466722,AX,80.6108747494226,L1,1.00181046335678,L2,0.2830308962...
GetData ===>> H2,-0.147297579944451,H1,379.44034737413,AX,80.5162486866405,L1,1.02685887281887,L2,0.25974317795...
Get Checksum: -110011688
GetData ===>> H2,-0.0825016633117706,H1,379.254118564531,AX,80.6119407455408,L1,0.966555348937346,L2,0.34321281...
testing age>100.0
evaluate ot="age>100.0" t="age>100.0", ctx="{'age': 32.610135438367166}"
testing Ar39<0.5
evaluate ot="Ar39<0.5" t="Ar39<0.5", ctx="{'Ar39': 83.62829825889047}"
16:10:30 -- collecting point 75
GetData ===>> H2,-0.0753374536592948,H1,379.288889226559,AX,80.6285877559724,L1,0.996632475332705,L2,0.32594074...
Get Checksum: -110011688
GetData ===>> H2,-0.145092918113641,H1,379.325667108844,AX,80.7281017664294,L1,1.04935214596677,L2,0.3994913705...
GetData ===>> H2,-0.124570486778806,H1,379.176402760048,AX,80.5939675149015,L1,1.02595073593117,L2,0.2959132442...
GetData ===>> H2,-0.167338135213772,H1,378.972611066438,AX,80.4162637095614,L1,1.0479340496948,L2,0.30929948528...
Get Checksum: -110011688
GetData ===>> H2,-0.111376276156365,H1,378.838050152305,AX,80.6351651100033,L1,1.00903895396347,L2,0.3410208170...
testing age>100.0
evaluate ot="age>100.0" t="age>100.0", ctx="{'age': 32.61221916302781}"
testing Ar39<0.5
evaluate ot="Ar39<0.5" t="Ar39<0.5", ctx="{'Ar39': 83.61320001504457}"
GetData ===>> H2,-0.166031589064571,H1,378.931194751874,AX,80.5952301560989,L1,1.01944091978771,L2,0.2920449346...
GetData ===>> H2,-0.096116490295493,H1,378.723357011794,AX,80.5644720349559,L1,0.988378605323333,L2,0.334947406...
Get Checksum: -110011688
GetData ===>> H2,-0.0802730708836469,H1,378.484918733595,AX,80.5193482508046,L1,0.958998031154652,L2,0.36062503...
GetData ===>> H2,-0.135973873666489,H1,378.306374098921,AX,80.2824657314598,L1,1.03660241564204,L2,0.2819812152...
GetData ===>> H2,-0.160841709570127,H1,378.030524247284,AX,80.2177034310781,L1,1.01667202641532,L2,0.3173800654...
Get Checksum: -110011688
testing age>100.0
evaluate ot="age>100.0" t="age>100.0", ctx="{'age': 32.610672096105915}"
testing Ar39<0.5
evaluate ot="Ar39<0.5" t="Ar39<0.5", ctx="{'Ar39': 83.60470555527834}"
GetData ===>> H2,-0.0591349799056421,H1,377.70707044506,AX,80.2389926772742,L1,1.01253453076036,L2,0.3501202367...
GetData ===>> H2,-0.0655883547044869,H1,377.676209570717,AX,80.3233796487923,L1,1.01447960728332,L2,0.373597761...
GetData ===>> H2,-0.137596294035764,H1,377.632920350059,AX,80.2121196438993,L1,1.00445584261362,L2,0.3428931489...
Get Checksum: -110011688
GetData ===>> H2,-0.205705017483842,H1,377.42493579578,AX,80.2325728034934,L1,0.986507714859993,L2,0.3678420385...
GetData ===>> H2,-0.0941498826248817,H1,377.308127764137,AX,80.4831910127596,L1,0.976042633269447,L2,0.36367392...
testing age>100.0
evaluate ot="age>100.0" t="age>100.0", ctx="{'age': 32.62084467006857}"
testing Ar39<0.5
evaluate ot="Ar39<0.5" t="Ar39<0.5", ctx="{'Ar39': 83.59370231436317}"
GetData ===>> H2,-0.139794303484288,H1,377.098446621141,AX,80.2969816510004,L1,0.974806433004735,L2,0.312905987...
Get Checksum: -110011688
GetData ===>> H2,-0.0983115918133638,H1,376.890326925079,AX,80.2741435252806,L1,1.01878801573027,L2,0.342927399...
GetData ===>> H2,-0.0953797294881701,H1,376.644782987179,AX,80.236879981629,L1,1.00414466127289,L2,0.3722158997...
GetData ===>> H2,-0.176381225855092,H1,376.588929037027,AX,80.0972992528585,L1,1.01437755746108,L2,0.2873666569...
Get Checksum: -110011688
GetData ===>> H2,-0.251474425865565,H1,376.602917288011,AX,80.1420832899986,L1,0.987017581501588,L2,0.296483804...
testing age>100.0
evaluate ot="age>100.0" t="age>100.0", ctx="{'age': 32.63531887727666}"
testing Ar39<0.5
evaluate ot="Ar39<0.5" t="Ar39<0.5", ctx="{'Ar39': 83.57554078276483}"
GetData ===>> H2,-0.169933234014358,H1,376.58202108472,AX,80.1097259739235,L1,1.02590280864916,L2,0.39704676968...
GetData ===>> H2,-0.141499968096971,H1,376.281227382501,AX,79.9193318522432,L1,1.03200014430919,L2,0.3115592399...
Get Checksum: -110011688
GetData ===>> H2,-0.23373445887746,H1,376.223208661316,AX,79.8686694229234,L1,1.01745082257711,L2,0.33081496779...
GetData ===>> H2,-0.242439345261911,H1,376.107117152133,AX,79.9604873645848,L1,1.01618562294884,L2,0.4011135233...
Get Checksum: -110011688
GetData ===>> H2,-0.259614063783924,H1,376.139987192312,AX,79.863321268172,L1,0.98687783782577,L2,0.19859793010...
testing age>100.0
evaluate ot="age>100.0" t="age>100.0", ctx="{'age': 32.63070898926265}"
testing Ar39<0.5
evaluate ot="Ar39<0.5" t="Ar39<0.5", ctx="{'Ar39': 83.57866038646206}"
16:10:56 -- collecting point 100
GetData ===>> H2,-0.152428084761489,H1,375.890286563084,AX,79.9685890078833,L1,1.01675897654155,L2,0.3231784158...
GetData ===>> H2,-0.154786096631483,H1,375.758317400712,AX,80.0078601084052,L1,1.01872373584931,L2,0.3250846431...
Get Checksum: -110011688
GetData ===>> H2,-0.181203270218067,H1,375.202153919838,AX,80.0219280189054,L1,1.03983698594227,L2,0.3548815071...
GetData ===>> H2,-0.13221031721198,H1,375.321390461968,AX,79.9339762371079,L1,1.00369869264895,L2,0.27430292041...
GetData ===>> H2,-0.158946892327875,H1,374.822290457777,AX,79.6551941997002,L1,0.968401811594206,L2,0.326637047...
Get Checksum: -110011688
testing age>100.0
evaluate ot="age>100.0" t="age>100.0", ctx="{'age': 32.63224705707266}"
testing Ar39<0.5
evaluate ot="Ar39<0.5" t="Ar39<0.5", ctx="{'Ar39': 83.56315248539396}"
GetData ===>> H2,-0.130594241875895,H1,374.873308261269,AX,79.6411266952752,L1,0.956086432363689,L2,0.297556467...
GetData ===>> H2,-0.190084868480966,H1,374.761191013514,AX,79.6744290451702,L1,1.00014547360477,L2,0.3148690777...
GetData ===>> H2,-0.100232804005861,H1,374.531274038507,AX,79.7284219536042,L1,1.04551879822051,L2,0.3809870637...
Get Checksum: -110011688
GetData ===>> H2,-0.0662683344478291,H1,374.256531424264,AX,79.4855421782246,L1,1.02096620016492,L2,0.363023028...
GetData ===>> H2,-0.0946334396130128,H1,374.356164956782,AX,79.6209026570961,L1,0.980976299729103,L2,0.21731288...
testing age>100.0
evaluate ot="age>100.0" t="age>100.0", ctx="{'age': 32.63266562157791}"
testing Ar39<0.5
evaluate ot="Ar39<0.5" t="Ar39<0.5", ctx="{'Ar39': 83.56881307892486}"
GetData ===>> H2,-0.144626804201084,H1,374.256565662345,AX,79.633164248339,L1,0.988253952924301,L2,0.3607620596...
Get Checksum: -110011688
GetData ===>> H2,-0.125410165050026,H1,374.200489155795,AX,79.5066283173991,L1,0.997643444418585,L2,0.341408980...
GetData ===>> H2,-0.11119080935823,H1,374.272760732488,AX,79.4930224048028,L1,0.97955584176221,L2,0.41321199326...
GetData ===>> H2,-0.0729583230099851,H1,374.014986634507,AX,79.484415279904,L1,1.00303355406169,L2,0.2764021256...
Get Checksum: -110011688
GetData ===>> H2,-0.156984213761535,H1,373.830814941989,AX,79.4369577269607,L1,1.0065701024741,L2,0.43249958615...
testing age>100.0
evaluate ot="age>100.0" t="age>100.0", ctx="{'age': 32.630481869486836}"
testing Ar39<0.5
evaluate ot="Ar39<0.5" t="Ar39<0.5", ctx="{'Ar39': 83.56905239326723}"
GetData ===>> H2,-0.354735782850931,H1,373.8614345862,AX,79.3854563306537,L1,1.02290400150591,L2,0.370251634520...
GetData ===>> H2,-0.294583767753309,H1,373.52311648905,AX,79.5230127388589,L1,0.994686348859083,L2,0.3417172288...
Get Checksum: -110011688
GetData ===>> H2,-0.146430356027106,H1,373.134714537223,AX,79.3647174990141,L1,0.994894036089431,L2,0.406825547...
GetData ===>> H2,-0.139110343729217,H1,373.419657676784,AX,79.661845196329,L1,1.00213795060002,L2,0.35932328920...
GetData ===>> H2,-0.148857605528584,H1,373.334571902731,AX,79.4519233850876,L1,1.01198998133131,L2,0.2738808031...
Get Checksum: -110011688
testing age>100.0
evaluate ot="age>100.0" t="age>100.0", ctx="{'age': 32.6360830089809}"
testing Ar39<0.5
evaluate ot="Ar39<0.5" t="Ar39<0.5", ctx="{'Ar39': 83.55458220219576}"
GetData ===>> H2,-0.123678006994523,H1,373.146811878922,AX,79.2214888666123,L1,0.988833158349911,L2,0.316135976...
measurement finished
estimated time: 125.829 actual time: :126.120
flush and close file /Users/jan/PychronDev/data/isotopes/8a/576c8e-158b-45ac-b6d8-13af9e8777dc.h5
baselines () {'settling_time': 15.0, 'detector': 'H1', 'mass': 34.2, 'ncounts': 60.0}
%%%%%%%%%%%%%%%%%%%%%%%%%%%%%%%% Baseline
build tables- baseline [Detector(H2), Detector(H1), Detector(AX), Detector(L1), Detector(L2), Detector(CDD)]
add group baseline table H2
add group baseline table H1
add group baseline table AX
add group baseline table L1
add group baseline table L2
add group baseline table CDD
flush and close file /Users/jan/PychronDev/data/isotopes/8a/576c8e-158b-45ac-b6d8-13af9e8777dc.h5
detector Detector(H1)
POSITION 34.2 H1
Mapping mass to dac mass func: "parabolic"
H1 map mass coeffs = [-0.00063987  0.15840543  0.57061999]
H1 map mass to dac 34.2 >> 5.23966599104
GetDeflection H1 ===>> 0
GetHighVoltage ===>> 4499.94659342336
positioning 34.2 (5.23963513514) on H1
setting magnet DAC
current  : 5.878975
requested: 5.239635
Delta Dac: 0.639340
Checking detector protection. dv=0.63934
Checking detector "CDD". Protection Threshold: 0.1 (V)
ProtectDetector CDD,On ===>> OK
GetDeflection CDD ===>> 2000
SetMagnetDAC 5.23963513514 ===>> OK
Magnet settling time: 0.500
GetMagnetMoving ===>> True
GetMagnetMoving ===>> True
Get Checksum: -110011688
GetMagnetMoving ===>> True
GetMagnetMoving ===>> True
GetMagnetMoving ===>> True
GetMagnetMoving ===>> True
GetMagnetMoving ===>> True
GetMagnetMoving ===>> True
GetMagnetMoving ===>> False
ProtectDetector CDD,Off ===>> OK
GetDeflection CDD ===>> 50
Delaying 15.0s for detectors to settle
Get Checksum: -110011688
Get Checksum: -110011688
Get Checksum: -110011688
Get Checksum: -110011688
Get Checksum: -110011688
Join finished
measuring baseline. ncounts=60.0
starting measurement
GetData ===>> H2,-0.177392230351653,H1,-0.0284959148927787,AX,-0.0561195893100503,L1,-0.0361019576203409,L2,-0....
Get Checksum: -110011688
GetData ===>> H2,-0.131435272580776,H1,-0.00968812673047808,AX,-0.134025430288361,L1,-0.0539813202957627,L2,0.0...
GetData ===>> H2,-0.0992756233111879,H1,-0.0318229869917584,AX,-0.0590760381421089,L1,-0.0665597864434327,L2,0....
GetData ===>> H2,-0.130928015758317,H1,-0.115559602236881,AX,-0.0237434964221384,L1,-0.079100601030652,L2,0.011...
Get Checksum: -110011688
GetData ===>> H2,-0.172040723901056,H1,-0.0615709198862334,AX,-0.14746407545172,L1,-0.0652766565653166,L2,-0.05...
GetData ===>> H2,-0.0565553180911974,H1,0.0208030248596504,AX,-0.0974205767590737,L1,-0.0460409925581487,L2,-0....
GetData ===>> H2,-0.131559716123996,H1,0.0519240723374505,AX,-0.0525369485913242,L1,0.0163655721893175,L2,-0.06...
Get Checksum: -110011688
GetData ===>> H2,-0.220224644618453,H1,-0.0596158162368131,AX,0.0274633255790522,L1,-0.0491515823523641,L2,-0.0...
GetData ===>> H2,-0.171917955156367,H1,0.0102088019677594,AX,0.00498886820541362,L1,-0.0520721944022624,L2,-0.0...
GetData ===>> H2,-0.284164830900002,H1,0.00344483394079123,AX,0.0172522939346169,L1,-0.0124223878038884,L2,0.07...
Get Checksum: -110011688
GetData ===>> H2,-0.207803122083219,H1,-0.0247513358718752,AX,-0.0801164029166501,L1,-0.044138737687791,L2,0.00...
GetData ===>> H2,-0.156651889045796,H1,0.0104473982503574,AX,-0.0975596467343647,L1,-0.0586646825894788,L2,-0.0...
GetData ===>> H2,-0.0759040336376486,H1,-0.102893350564703,AX,-0.103052751756852,L1,-0.0347802442849412,L2,-0.0...
Get Checksum: -110011688
GetData ===>> H2,-0.13862641053225,H1,-0.0232129172651028,AX,-0.0343782362880027,L1,-0.0289399580208358,L2,-0.0...
GetData ===>> H2,-0.182529545868772,H1,-0.0790340232444063,AX,-0.106830530062873,L1,0.00469372247555053,L2,-0.0...
GetData ===>> H2,-0.195126137173699,H1,0.00694009015866928,AX,-0.0463452779635015,L1,0.0324420557243863,L2,-0.0...
Get Checksum: -110011688
GetData ===>> H2,-0.192499296353843,H1,0.0212206129176941,AX,-0.113887397793787,L1,-0.0225304136264868,L2,0.019...
GetData ===>> H2,-0.15479960818011,H1,0.0514347478911994,AX,-0.0682230697658764,L1,-0.0414828796869753,L2,-0.00...
GetData ===>> H2,-0.124535329811982,H1,0.0478066607427109,AX,-0.045962633707721,L1,-0.0215378811821663,L2,0.020...
Get Checksum: -110011688
GetData ===>> H2,-0.164244292267226,H1,0.00798988377630496,AX,-0.100410537420536,L1,-0.00277438471036561,L2,-0....
GetData ===>> H2,-0.179967251938967,H1,0.0356821654249774,AX,0.00339949281665221,L1,-0.00412650167441733,L2,-0....
GetData ===>> H2,-0.162019226806087,H1,-0.0332301024848157,AX,-0.0276983173030618,L1,-0.0268985498654065,L2,-0....
GetData ===>> H2,-0.182172019915808,H1,-0.0425904943816001,AX,-0.0415331270518726,L1,-0.034738301307153,L2,-0.0...
Get Checksum: -110011688
GetData ===>> H2,-0.0860191055344039,H1,-0.0355911501357607,AX,-0.0989966915056725,L1,-0.037092829064994,L2,-0....
16:12:02 -- collecting point 25
GetData ===>> H2,-0.175332331409265,H1,-0.0369147433932902,AX,-0.0444552326076008,L1,-0.0420265614997687,L2,-0....
GetData ===>> H2,-0.14757043107413,H1,-0.043472830121538,AX,-0.114721673442896,L1,-0.0525853973635722,L2,0.0228...
Get Checksum: -110011688
GetData ===>> H2,-0.128491157458225,H1,-0.0854582480066977,AX,-0.144449527974698,L1,-0.0410397692301811,L2,-0.0...
GetData ===>> H2,-0.175926311879783,H1,0.0181424332797111,AX,-0.169119693015824,L1,-0.0241724322116478,L2,-0.05...
GetData ===>> H2,-0.0835487477225492,H1,0.0508738179313408,AX,-0.128381919479864,L1,-0.0438861141382523,L2,0.06...
Get Checksum: -110011688
GetData ===>> H2,-0.0709448237752144,H1,-0.00358109685831816,AX,-0.104791011528959,L1,-0.0345669324654996,L2,0....
GetData ===>> H2,-0.142478379408034,H1,0.00949301653203634,AX,-0.0998774503902219,L1,-0.0375385096440903,L2,0.0...
GetData ===>> H2,-0.143698572479389,H1,0.0054966419103188,AX,0.0153494473406467,L1,-0.0553899820330156,L2,-0.03...
Get Checksum: -110011688
GetData ===>> H2,-0.165966797731175,H1,-0.0402415356399509,AX,-0.0323835862699629,L1,-0.0532181919532443,L2,-0....
GetData ===>> H2,-0.296367408867334,H1,-0.0365331687544711,AX,-0.0502991805100193,L1,-0.0276916813665433,L2,-0....
GetData ===>> H2,-0.288621485163536,H1,0.0351571220248871,AX,0.00669428525792777,L1,-0.00331669300335206,L2,0.0...
Get Checksum: -110011688
GetData ===>> H2,-0.332075873520771,H1,-0.00166064522491001,AX,-0.0243697837518809,L1,-0.000780070729652646,L2,...
GetData ===>> H2,-0.242462224608099,H1,0.035252584256429,AX,-0.0116808801027608,L1,-0.010829215971524,L2,-0.052...
GetData ===>> H2,-0.186454843012835,H1,0.053535279487771,AX,-0.0311311107137287,L1,0.0110132305503992,L2,-0.109...
Get Checksum: -110011688
GetData ===>> H2,-0.181641781393962,H1,0.0299426359091861,AX,-0.142061012481729,L1,-0.00967343914862325,L2,-0.0...
GetData ===>> H2,-0.18566584618339,H1,-0.0545848251414015,AX,-0.0172948221342626,L1,-0.0174612379202897,L2,-0.0...
GetData ===>> H2,-0.166455423231044,H1,0.0115449484750175,AX,-0.0725702168233521,L1,-0.0412230037612003,L2,0.00...
Get Checksum: -110011688
GetData ===>> H2,-0.317434317056547,H1,-0.0442597716509006,AX,-0.0173644144250851,L1,-0.0204517370909938,L2,-0....
GetData ===>> H2,-0.264245352598036,H1,-0.014649814158285,AX,-0.144878526971273,L1,0.00213891541414644,L2,-0.01...
Get Checksum: -110011688
GetData ===>> H2,-0.149986633017144,H1,0.0167704069602649,AX,-0.16646516837129,L1,0.00330338525291117,L2,0.0234...
GetData ===>> H2,-0.18788029271935,H1,0.0118909178880912,AX,0.0803638794088029,L1,-0.00188287198520049,L2,-0.07...
GetData ===>> H2,-0.259435337099537,H1,0.0684073488015581,AX,-0.0384717795041803,L1,-0.0148153320423089,L2,-0.0...
Get Checksum: -110011688
GetData ===>> H2,-0.200070415339671,H1,-0.021018542829254,AX,-0.101244928647437,L1,-0.00177607714539862,L2,-0.0...
GetData ===>> H2,-0.272048996309647,H1,-0.0919774013722339,AX,-0.0366975453703736,L1,-0.0483318397227348,L2,-0....
GetData ===>> H2,-0.173963357784914,H1,-0.0205295724059472,AX,0.0133306141802808,L1,-0.0388957967656732,L2,-0.1...
Get Checksum: -110011688
16:12:28 -- collecting point 50
GetData ===>> H2,-0.0994462158740226,H1,-0.0392399324052438,AX,-0.146246673294113,L1,-0.0371048099841913,L2,-0....
GetData ===>> H2,-0.167358380094678,H1,-0.0351737972804188,AX,-0.0982202264023364,L1,-0.0624563035869083,L2,0.1...
GetData ===>> H2,-0.237306459391958,H1,0.0137400850253268,AX,0.0748311543000606,L1,-0.0494016802896441,L2,-0.07...
Get Checksum: -110011688
GetData ===>> H2,-0.236530267587364,H1,-0.109768833850299,AX,0.0361899649895909,L1,-0.00974657833746518,L2,-0.0...
GetData ===>> H2,-0.275858803711157,H1,-0.00990282021964257,AX,-0.0664261922540998,L1,0.00479698488213199,L2,-0...
testing age>100.0
evaluate ot="age>100.0" t="age>100.0", ctx="{'age': 32.632683527524826}"
GetData ===>> H2,-0.199215543900094,H1,0.00696394898225279,AX,-0.0767432952908462,L1,-0.0115796804729529,L2,-0....
Get Checksum: -110011688
GetData ===>> H2,-0.112493074230953,H1,-0.0222826991939538,AX,-0.0766041955586431,L1,-0.00036723919226356,L2,-0...
GetData ===>> H2,-0.233941679223817,H1,0.0193235840427298,AX,-0.0289276423729346,L1,-0.0478076480600883,L2,-0.0...
GetData ===>> H2,-0.234343998781666,H1,0.00374305923116505,AX,-0.0714225888681193,L1,-0.046747213260886,L2,0.04...
Get Checksum: -110011688
GetData ===>> H2,-0.181722735446253,H1,0.00603345907583837,AX,-0.0898873227421387,L1,-0.0208725419294104,L2,-0....
testing age>100.0
evaluate ot="age>100.0" t="age>100.0", ctx="{'age': 32.632356635684815}"
GetData ===>> H2,-0.21088152407124,H1,0.0444770517147532,AX,-0.0344478163646483,L1,-0.0122989230050219,L2,0.010...
measurement finished
estimated time: 62.915 actual time: :63.080
flush and close file /Users/jan/PychronDev/data/isotopes/8a/576c8e-158b-45ac-b6d8-13af9e8777dc.h5
activate_detectors ('H1', 'AX', 'CDD') {'peak_center': True}
peak_center () {'detector': 'H1', 'isotope': 'Ar40'}
peak center: mean=373.673935854 threshold=3
peak center started
setup peak center. detector=['H1', 'AX', 'CDD'], isotope=Ar40
VersionedUnpickler [<apptools.sweet_pickle.versioned_unpickler.VersionedUnpickler object at 0x14385ce90>] using Updater [<apptools.sweet_pickle.updater.Updater object at 0x137c6f7d0>]
VersionedUnpickler [<apptools.sweet_pickle.versioned_unpickler.VersionedUnpickler object at 0x14385ce90>] using Updater [<apptools.sweet_pickle.updater.Updater object at 0x137c6f7d0>]
VersionedUnpickler [<apptools.sweet_pickle.versioned_unpickler.VersionedUnpickler object at 0x13a5e8b30>] using Updater [<apptools.sweet_pickle.updater.Updater object at 0x137c6f7d0>]
setting integration time = 0.524288
SetIntegrationTime 0.524288 ===>> OK
Mapping mass to dac mass func: "parabolic"
H1 map mass coeffs = [-0.00063987  0.15840543  0.57061999]
H1 map mass to dac 39.9624 >> 5.87901
GetDeflection H1 ===>> 0
GetHighVoltage ===>> 4499.94659342336
do peak center. <pychron.spectrometer.jobs.peak_center.PeakCenter object at 0x13a1fcef0>
doing pc
starting peak center. center dac= 5.87897537906 step_width=0.001
width = 0.001
get scan parameters. half-width=0.015,window=0.015, i=0, scalar=1
Scan parameters center=5.87898 width=0.03000 (5.86398 - 5.89398)
GetData ===>> H2,-0.179677118926006,H1,0.0426392504298214,AX,-0.0874301968217979,L1,-0.00665148679471889,L2,-0....
Moving to starting dac 5.86397537906
setting magnet DAC
current  : 5.239635
requested: 5.863975
Delta Dac: 0.624340
Checking detector protection. dv=0.62434
Checking detector "CDD". Protection Threshold: 0.1 (V)
ProtectDetector CDD,On ===>> OK
GetDeflection CDD ===>> 2000
SetMagnetDAC 5.86397537906 ===>> OK
Magnet settling time: 0.500
Get Checksum: -110011688
GetMagnetMoving ===>> True
GetMagnetMoving ===>> True
GetMagnetMoving ===>> True
GetMagnetMoving ===>> True
GetMagnetMoving ===>> True
GetMagnetMoving ===>> True
GetMagnetMoving ===>> True
GetMagnetMoving ===>> True
GetMagnetMoving ===>> True
GetMagnetMoving ===>> False
ProtectDetector CDD,Off ===>> OK
GetDeflection CDD ===>> 50
Wait until signal near baseline. tol= 0.0319794378224. timeout= 10
GetData ===>> H2,15.4283161090061,H1,7.39757115603161,AX,0.461673949988147,L1,0.0541744088300622,L2,0.080811981...
Get Checksum: -110011688
GetData ===>> H2,20.8002206948381,H1,13.7853082970205,AX,2.11736200311511,L1,0.0159505652460676,L2,0.0366269142...
GetData ===>> H2,11.6460132368336,H1,6.62899933973271,AX,0.903090634652661,L1,-0.00794312268109454,L2,-0.171225...
GetData ===>> H2,4.92680819871392,H1,3.23871914563358,AX,0.292191820832328,L1,0.000529287574378371,L2,-0.018695...
GetData ===>> H2,1.66810107002407,H1,1.72000205729816,AX,0.146411483579356,L1,-0.0427785662749255,L2,-0.0190823...
GetData ===>> H2,0.449309950664647,H1,0.923534917538294,AX,0.159748014850952,L1,-0.0477992703457047,L2,-0.08392...
GetData ===>> H2,0.157625328665855,H1,0.622581870569961,AX,0.099852314119538,L1,-0.0187925540823416,L2,-0.05641...
Get Checksum: -110011688
GetData ===>> H2,0.0725691489146443,H1,0.339521845726121,AX,-0.111175952522368,L1,-0.039463574777844,L2,0.02191...
GetData ===>> H2,0.0725691489146443,H1,0.339521845726121,AX,-0.111175952522368,L1,-0.039463574777844,L2,0.02191...
GetData ===>> H2,-0.0937070965548066,H1,0.282625712563767,AX,-0.00947697137629836,L1,-0.0314490133947823,L2,-0....
GetData ===>> H2,-0.0509843373427989,H1,0.210966309001992,AX,0.0857591057786667,L1,-0.0117966573842906,L2,-0.11...
GetData ===>> H2,0.0553986508991534,H1,0.298506564860923,AX,-0.0448958599596011,L1,-0.0496302332465365,L2,-0.21...
GetData ===>> H2,0.0168289693718155,H1,0.248388946090672,AX,-0.100236705014172,L1,-0.0535016805675338,L2,0.0804...
Get Checksum: -110011688
GetData ===>> H2,-0.0810114675128425,H1,0.191162787818278,AX,-0.0105905314962148,L1,-0.0340712129046579,L2,0.01...
GetData ===>> H2,-0.0968950246987643,H1,0.187679681627384,AX,0.0157207315602194,L1,-0.0275479441370224,L2,0.037...
GetData ===>> H2,-0.181170448531722,H1,0.220392250998924,AX,-0.0384022023043536,L1,-0.0393413974076945,L2,0.035...
GetData ===>> H2,-0.221535618284611,H1,0.232181892205108,AX,-0.130617892411344,L1,-0.0220671382379795,L2,0.0985...
GetData ===>> H2,-0.280548483303458,H1,0.205263448030224,AX,-0.0968758841084372,L1,-0.0220288171554437,L2,-0.06...
GetData ===>> H2,-0.243489055768235,H1,0.31049648385928,AX,-0.0772185512086525,L1,-0.037563668442365,L2,0.01227...
Get Checksum: -110011688
GetData ===>> H2,-0.203067348627803,H1,0.2318000197431,AX,0.0315016199855521,L1,-0.0143257116709178,L2,-0.09553...
GetData ===>> H2,-0.0371139518166043,H1,0.230057745099921,AX,0.0744489269907467,L1,0.00924162464766938,L2,-0.06...
Peak center failed to move to a baseline position
_do_sweep sm= 5.86397537906, em= 5.89397537906, stm= 0.001
calculated step values: start=5.86397537906, end=5.89397537906, width=0.001, nsteps=31.0
setting magnet DAC
current  : 5.863975
requested: 5.863975
Delta Dac: 0.000000
Checking detector protection. dv=0.00000
Checking detector "CDD". Protection Threshold: 0.1 (V)
SetMagnetDAC 5.86397537906 ===>> OK
GetData ===>> H2,-0.0371139518166043,H1,0.230057745099921,AX,0.0744489269907467,L1,0.00924162464766938,L2,-0.06...
setting magnet DAC
current  : 5.863975
requested: 5.865010
Delta Dac: 0.001034
Checking detector protection. dv=0.00103
Checking detector "CDD". Protection Threshold: 0.1 (V)
SetMagnetDAC 5.86500986182 ===>> OK
Magnet settling time: 1.049
GetData ===>> H2,-0.0455299077152618,H1,0.437888305297629,AX,0.0276721987678973,L1,-0.0414110252644682,L2,-0.18...
setting magnet DAC
current  : 5.865010
requested: 5.866044
Delta Dac: 0.001034
Checking detector protection. dv=0.00103
Checking detector "CDD". Protection Threshold: 0.1 (V)
SetMagnetDAC 5.86604434458 ===>> OK
Magnet settling time: 1.049
GetData ===>> H2,-0.228905340741904,H1,2.14564713929557,AX,0.31219240585613,L1,-0.0273803796591526,L2,-0.026231...
setting magnet DAC
current  : 5.866044
requested: 5.867079
Delta Dac: 0.001034
Checking detector protection. dv=0.00103
Checking detector "CDD". Protection Threshold: 0.1 (V)
SetMagnetDAC 5.86707882734 ===>> OK
Magnet settling time: 1.049
Get Checksum: -110011688
GetData ===>> H2,-0.318349149652942,H1,8.47629779497605,AX,1.05038289629396,L1,-0.00945401839330151,L2,-0.04601...
setting magnet DAC
current  : 5.867079
requested: 5.868113
Delta Dac: 0.001034
Checking detector protection. dv=0.00103
Checking detector "CDD". Protection Threshold: 0.1 (V)
SetMagnetDAC 5.8681133101 ===>> OK
Magnet settling time: 1.049
GetData ===>> H2,-0.173489564390647,H1,27.9369454857676,AX,3.7802579061883,L1,0.00385685574824884,L2,0.11441449...
setting magnet DAC
current  : 5.868113
requested: 5.869148
Delta Dac: 0.001034
Checking detector protection. dv=0.00103
Checking detector "CDD". Protection Threshold: 0.1 (V)
SetMagnetDAC 5.86914779285 ===>> OK
Magnet settling time: 1.049
Get Checksum: -110011688
GetData ===>> H2,-0.109510640009885,H1,73.1385870954023,AX,10.9513628006819,L1,0.047436336425642,L2,0.108623258...
setting magnet DAC
current  : 5.869148
requested: 5.870182
Delta Dac: 0.001034
Checking detector protection. dv=0.00103
Checking detector "CDD". Protection Threshold: 0.1 (V)
SetMagnetDAC 5.87018227561 ===>> OK
Magnet settling time: 1.049
GetData ===>> H2,-0.114465139106407,H1,195.795500267685,AX,33.1612027320799,L1,0.209886102716851,L2,0.025532580...
setting magnet DAC
current  : 5.870182
requested: 5.871217
Delta Dac: 0.001034
Checking detector protection. dv=0.00103
Checking detector "CDD". Protection Threshold: 0.1 (V)
SetMagnetDAC 5.87121675837 ===>> OK
Magnet settling time: 1.049
GetData ===>> H2,-0.154234811713884,H1,278.742361040937,AX,51.9440746201225,L1,0.380414642838299,L2,0.098067699...
setting magnet DAC
current  : 5.871217
requested: 5.872251
Delta Dac: 0.001034
Checking detector protection. dv=0.00103
Checking detector "CDD". Protection Threshold: 0.1 (V)
SetMagnetDAC 5.87225124113 ===>> OK
Magnet settling time: 1.049
Get Checksum: -110011688
GetData ===>> H2,-0.184890352123434,H1,328.094824749039,AX,65.6298765067912,L1,0.568817432508556,L2,0.239535930...
setting magnet DAC
current  : 5.872251
requested: 5.873286
Delta Dac: 0.001034
Checking detector protection. dv=0.00103
Checking detector "CDD". Protection Threshold: 0.1 (V)
SetMagnetDAC 5.87328572389 ===>> OK
Magnet settling time: 1.049
GetData ===>> H2,-0.301844065697993,H1,348.802199225607,AX,72.4042752326146,L1,0.708396549593654,L2,0.292279895...
setting magnet DAC
current  : 5.873286
requested: 5.874320
Delta Dac: 0.001034
Checking detector protection. dv=0.00103
Checking detector "CDD". Protection Threshold: 0.1 (V)
SetMagnetDAC 5.87432020665 ===>> OK
Magnet settling time: 1.049
GetData ===>> H2,-0.148395365068675,H1,355.580124018215,AX,74.758097797864,L1,0.829154984427011,L2,0.2908207206...
setting magnet DAC
current  : 5.874320
requested: 5.875355
Delta Dac: 0.001034
Checking detector protection. dv=0.00103
Checking detector "CDD". Protection Threshold: 0.1 (V)
SetMagnetDAC 5.87535468941 ===>> OK
Magnet settling time: 1.049
Get Checksum: -110011688
GetData ===>> H2,-0.162395952471653,H1,356.858124949882,AX,75.347578704367,L1,0.865030911225507,L2,0.3533343754...
setting magnet DAC
current  : 5.875355
requested: 5.876389
Delta Dac: 0.001034
Checking detector protection. dv=0.00103
Checking detector "CDD". Protection Threshold: 0.1 (V)
SetMagnetDAC 5.87638917216 ===>> OK
Magnet settling time: 1.049
GetData ===>> H2,-0.133685987278897,H1,357.094186055105,AX,75.5201778302289,L1,0.948426710281319,L2,0.157129960...
setting magnet DAC
current  : 5.876389
requested: 5.877424
Delta Dac: 0.001034
Checking detector protection. dv=0.00103
Checking detector "CDD". Protection Threshold: 0.1 (V)
SetMagnetDAC 5.87742365492 ===>> OK
Magnet settling time: 1.049
GetData ===>> H2,-0.0871769010235776,H1,357.179174148586,AX,75.4934512473658,L1,0.941419086697931,L2,0.42737262...
setting magnet DAC
current  : 5.877424
requested: 5.878458
Delta Dac: 0.001034
Checking detector protection. dv=0.00103
Checking detector "CDD". Protection Threshold: 0.1 (V)
SetMagnetDAC 5.87845813768 ===>> OK
Magnet settling time: 1.049
Get Checksum: -110011688
GetData ===>> H2,-0.0491484038221622,H1,357.122952033057,AX,75.4702388320061,L1,0.90715334307032,L2,0.217210167...
setting magnet DAC
current  : 5.878458
requested: 5.879493
Delta Dac: 0.001034
Checking detector protection. dv=0.00103
Checking detector "CDD". Protection Threshold: 0.1 (V)
SetMagnetDAC 5.87949262044 ===>> OK
Magnet settling time: 1.049
GetData ===>> H2,-0.10569101537426,H1,356.723891915759,AX,75.534863601149,L1,0.958952398920023,L2,0.24659085780...
setting magnet DAC
current  : 5.879493
requested: 5.880527
Delta Dac: 0.001034
Checking detector protection. dv=0.00103
Checking detector "CDD". Protection Threshold: 0.1 (V)
SetMagnetDAC 5.8805271032 ===>> OK
Magnet settling time: 1.049
Get Checksum: -110011688
GetData ===>> H2,-0.0833550511476283,H1,356.801845116268,AX,75.5948919431248,L1,0.948097456249368,L2,0.44917961...
setting magnet DAC
current  : 5.880527
requested: 5.881562
Delta Dac: 0.001034
Checking detector protection. dv=0.00103
Checking detector "CDD". Protection Threshold: 0.1 (V)
SetMagnetDAC 5.88156158596 ===>> OK
Magnet settling time: 1.049
GetData ===>> H2,-0.17692071543338,H1,356.682933600173,AX,75.5361196951357,L1,0.940105518746985,L2,0.2778259215...
setting magnet DAC
current  : 5.881562
requested: 5.882596
Delta Dac: 0.001034
Checking detector protection. dv=0.00103
Checking detector "CDD". Protection Threshold: 0.1 (V)
SetMagnetDAC 5.88259606872 ===>> OK
Magnet settling time: 1.049
GetData ===>> H2,-0.0941753287798565,H1,355.987135146636,AX,75.4208009922159,L1,0.91353638704324,L2,0.376767547...
setting magnet DAC
current  : 5.882596
requested: 5.883631
Delta Dac: 0.001034
Checking detector protection. dv=0.00103
Checking detector "CDD". Protection Threshold: 0.1 (V)
SetMagnetDAC 5.88363055148 ===>> OK
Magnet settling time: 1.049
Get Checksum: -110011688
GetData ===>> H2,-0.0880136903245544,H1,353.2457396824,AX,74.3765749795827,L1,0.90495630383575,L2,0.28272726147...
setting magnet DAC
current  : 5.883631
requested: 5.884665
Delta Dac: 0.001034
Checking detector protection. dv=0.00103
Checking detector "CDD". Protection Threshold: 0.1 (V)
SetMagnetDAC 5.88466503423 ===>> OK
Magnet settling time: 1.049
GetData ===>> H2,-0.0905751284372711,H1,342.544011025561,AX,70.2590246910471,L1,0.903607207988812,L2,0.36275715...
setting magnet DAC
current  : 5.884665
requested: 5.885700
Delta Dac: 0.001034
Checking detector protection. dv=0.00103
Checking detector "CDD". Protection Threshold: 0.1 (V)
SetMagnetDAC 5.88569951699 ===>> OK
Magnet settling time: 1.049
GetData ===>> H2,-0.341906685542856,H1,310.075163164464,AX,59.1190241171896,L1,0.808966563443766,L2,0.126545297...
setting magnet DAC
current  : 5.885700
requested: 5.886734
Delta Dac: 0.001034
Checking detector protection. dv=0.00103
Checking detector "CDD". Protection Threshold: 0.1 (V)
SetMagnetDAC 5.88673399975 ===>> OK
Magnet settling time: 1.049
Get Checksum: -110011688
GetData ===>> H2,-0.264632037032007,H1,243.438080206751,AX,41.0806870628181,L1,0.612579697602204,L2,0.143763648...
setting magnet DAC
current  : 5.886734
requested: 5.887768
Delta Dac: 0.001034
Checking detector protection. dv=0.00103
Checking detector "CDD". Protection Threshold: 0.1 (V)
SetMagnetDAC 5.88776848251 ===>> OK
Magnet settling time: 1.049
GetData ===>> H2,-0.160316378583322,H1,155.398115530083,AX,22.540555511483,L1,0.448645269109699,L2,0.1062065484...
setting magnet DAC
current  : 5.887768
requested: 5.888803
Delta Dac: 0.001034
Checking detector protection. dv=0.00103
Checking detector "CDD". Protection Threshold: 0.1 (V)
SetMagnetDAC 5.88880296527 ===>> OK
Magnet settling time: 1.049
GetData ===>> H2,-0.187590559838869,H1,77.7792595155883,AX,9.54067976894001,L1,0.298603631717756,L2,0.094944571...
setting magnet DAC
current  : 5.888803
requested: 5.889837
Delta Dac: 0.001034
Checking detector protection. dv=0.00103
Checking detector "CDD". Protection Threshold: 0.1 (V)
Get Checksum: -110011688
SetMagnetDAC 5.88983744803 ===>> OK
Magnet settling time: 1.049
GetData ===>> H2,-0.130194199280021,H1,30.1519708513226,AX,3.14142249281391,L1,0.146309714693448,L2,0.138426768...
setting magnet DAC
current  : 5.889837
requested: 5.890872
Delta Dac: 0.001034
Checking detector protection. dv=0.00103
Checking detector "CDD". Protection Threshold: 0.1 (V)
SetMagnetDAC 5.89087193079 ===>> OK
Magnet settling time: 1.049
GetData ===>> H2,-0.0659400938333222,H1,4.83505401523205,AX,0.323228166798066,L1,0.0385399873539271,L2,-0.04710...
setting magnet DAC
current  : 5.890872
requested: 5.891906
Delta Dac: 0.001034
Checking detector protection. dv=0.00103
Checking detector "CDD". Protection Threshold: 0.1 (V)
SetMagnetDAC 5.89190641354 ===>> OK
Magnet settling time: 1.049
Get Checksum: -110011688
GetData ===>> H2,-0.143682447887548,H1,1.10313278000389,AX,-0.0227228713980176,L1,-0.0312671566835533,L2,0.1134...
setting magnet DAC
current  : 5.891906
requested: 5.892941
Delta Dac: 0.001034
Checking detector protection. dv=0.00103
Checking detector "CDD". Protection Threshold: 0.1 (V)
SetMagnetDAC 5.8929408963 ===>> OK
Magnet settling time: 1.049
GetData ===>> H2,-0.079507526514564,H1,0.212231004148422,AX,-0.124222641400792,L1,-0.0371515354326172,L2,-0.146...
setting magnet DAC
current  : 5.892941
requested: 5.893975
Delta Dac: 0.001034
Checking detector protection. dv=0.00103
Checking detector "CDD". Protection Threshold: 0.1 (V)
SetMagnetDAC 5.89397537906 ===>> OK
Magnet settling time: 1.049
GetData ===>> H2,-0.0636325692781378,H1,-0.00249562872320903,AX,-0.0472612990093691,L1,0.00816026505234026,L2,-...
result of _do_sweep=True
result of _calculate_peak_center=([5.8710395073179082, 5.8787348980994709, 5.8864302888810336], [264.53002317300525, 357.17816012245424, 263.00187309918067], 5.87744231292913, 357.17816012245424)
Failed to find a valid peak. No peak greater than 1.0. max = 0.043762973239
new center pos Detector(H1) (Ar40) @ 5.8787348981
GetHighVoltage ===>> 4499.94659342336
GetDeflection H1 ===>> 0
dac uncorrected for HV and deflection 5.87876951762
update mftable H1 Ar40 5.87876951762 message=automated run peakcenter
get initial guess parabolic
get initial guess parabolic
get initial guess parabolic
get initial guess parabolic
get initial guess parabolic
get initial guess parabolic
dump mftable to /Users/jan/PychronDev/setupfiles/spectrometer/mftables/mftable.csv
add to repo msg=modified - automated run peakcenter
Get Checksum: -110011688
sweep finished
locally archiving mftable
setting magnet DAC
current  : 5.893975
requested: 5.878735
Delta Dac: 0.015240
Checking detector protection. dv=0.01524
Checking detector "CDD". Protection Threshold: 0.1 (V)
SetMagnetDAC 5.8787348981 ===>> OK
Magnet settling time: 0.500
setting integration time = 1.048576
SetIntegrationTime 1.048576 ===>> OK
Failed to find a valid peak. No peak greater than 1.0. max = 0.043762973239
flush and close file /Users/jan/PychronDev/data/isotopes/8a/576c8e-158b-45ac-b6d8-13af9e8777dc.h5
finished measure script
executed 278.04
jan_co2_whiff_120_60_large.py completed successfully
Measurement Finished
16:13:26 -- ******* Measurement Finished *******
Post Measurement Started jan_pump_ms.py
16:13:26 -- ******* Post Measurement Started jan_pump_ms.py *******
testing...
no interpolation path defined
executed 0
Pumping spectrometer
open () {'name': 'O'}
opening name=O desc=---
checking ownership. requestor=129.138.12.150
check software interlocks O
interlocks []
actuate state mode=None-script, software_lock=False
doing actuation None-script open_channel True
Open O ===>> OK
GetValveState O ===>> OK
change switch state (True, True)
update switch state O True args=() kw={} ncanvase=3
16:13:27 -- OPEN   VALVE-O (Jan Ion Pump)
---------------------------------------- open O () result=[(True, True)], time=0.10 sec
action=open, ok=True, locked=[False]
executed 0
jan_pump_ms.py completed successfully
setting _ms_pumptime
Post Measurement Finished
16:13:27 -- ******* Post Measurement Finished *******
$$$$$$$$$$$$$$$$$$$$ state at run end measurement
state changed from measurement to success
post measurement save measured=True aborted=False
Set filtering
setting fod for Ar40= {'filter_outliers': True, 'std_devs': 2, 'iterations': 1}
setting fod for H1= {'filter_outliers': True, 'std_devs': 2, 'iterations': 1}
setting fod for PM41= {'filter_outliers': False, 'std_devs': 2, 'iterations': 1}
setting fod for H2= {'filter_outliers': True, 'std_devs': 2, 'iterations': 1}
setting fod for Ar36= {'filter_outliers': True, 'std_devs': 2, 'iterations': 1}
setting fod for CDD= {'filter_outliers': True, 'std_devs': 10, 'iterations': 1}
setting fod for Ar37= {'filter_outliers': True, 'std_devs': 2, 'iterations': 1}
setting fod for L2= {'filter_outliers': True, 'std_devs': 2, 'iterations': 1}
setting fod for Ar38= {'filter_outliers': True, 'std_devs': 2, 'iterations': 1}
setting fod for L1= {'filter_outliers': True, 'std_devs': 2, 'iterations': 1}
setting fod for Ar39= {'filter_outliers': True, 'std_devs': 2, 'iterations': 1}
setting fod for AX= {'filter_outliers': True, 'std_devs': 2, 'iterations': 1}
persistence save...
persistence save - db
post measurement save
5386868304 connecting to database sqlite:////Users/jan/PychronDev/.appdata/local_lab.db
connected to db sqlite:////Users/jan/PychronDev/.appdata/local_lab.db
create new session 5386868304
close session 5386868304
No database instance. Not saving post measurement to isotopedb database
$$$$$$$$$$$$$$$ auto_save_detector_ic=False
massspec enabled True
create new session 5054761584
MassSpec Database Version: 16.0
close session 5054761584
saving post measurement to secondary database
saving to massspec database 129.138.12.160/massspecdata
setting labnumber to 65511
setting aliquot to 24
setting step to 
setting uuid to 8a576c8e-158b-45ac-b6d8-13af9e8777dc
setting irradpos to 65511
setting extract_device to Fusions CO2
setting tray to 
setting position to 163
setting power_requested to 5.0
setting extract_value to 5.0
setting duration to 30.0
setting duration_at_request to 30.0
setting first_stage_delay to 30.0
setting cleanup to 30.0
setting comment to F:9 DS
setting irradiation to NM-289
setting level to F
setting irradiation_level to F
setting sample to TRC-23-djk
setting material to SandforDetrital
setting project to IR959
setting mass_spectrometer to Jan
no attribute chron_dosages
no attribute production_ratios
no attribute interference_corrections
no attribute production_name
no attribute j
Reference Isotope=Ar40
Reference Detector=H1
%%%%%%%%%%%%%%%%%%%% Comment: F:9 DS %%%%%%%%%%%%%%%%%%%
adding isotope PM41 H2
add baseline dbdet= PM41. original det= H2
get baseline data PM41 H2
Get data baseline <pychron.processing.isotope.Baseline object at 0x13d28bed0> len t=60
baseline PM41. v=-0.178950735341, e=0.00726030638624
get signal data PM41 H2
Get data signal PM41 0.09+/-0.07 len t=120
adding isotope Ar40 H1
add baseline dbdet= Ar40. original det= H1
get baseline data Ar40 H1
Get data baseline <pychron.processing.isotope.Baseline object at 0x13d2870d0> len t=60
baseline Ar40. v=-0.00565604559617, e=0.00493283020165
get signal data Ar40 H1
Get data signal Ar40 392.94+/-0.04 len t=120
adding isotope Ar39 AX
add baseline dbdet= Ar39. original det= AX
get baseline data Ar39 AX
Get data baseline <pychron.processing.isotope.Baseline object at 0x13d287290> len t=60
baseline Ar39. v=-0.065385308631, e=0.00684773214921
get signal data Ar39 AX
Get data signal Ar39 83.597+/-0.021 len t=120
adding isotope Ar38 L1
add baseline dbdet= Ar38. original det= L1
get baseline data Ar38 L1
Get data baseline <pychron.processing.isotope.Baseline object at 0x13d287450> len t=60
baseline Ar38. v=-0.0278782057981, e=0.00285062718757
get signal data Ar38 L1
Get data signal Ar38 1.089+/-0.005 len t=120
adding isotope Ar37 L2
add baseline dbdet= Ar37. original det= L2
get baseline data Ar37 L2
Get data baseline <pychron.processing.isotope.Baseline object at 0x13d287610> len t=60
baseline Ar37. v=-0.0258850134807, e=0.0064178031352
get signal data Ar37 L2
Get data signal Ar37 0.363+/-0.011 len t=120
adding isotope Ar36 CDD
add baseline dbdet= Ar36. original det= CDD
get baseline data Ar36 CDD
Get data baseline <pychron.processing.isotope.Baseline object at 0x13d2877d0> len t=60
baseline Ar36. v=0.000106686878596, e=1.50503452457e-05
get signal data Ar36 CDD
Get data signal Ar36 0.0408+/-0.0005 len t=120
65511-24 added analysis time 0.513523817062s
analysis added to mass spec database
mass spec save time= 0.522
persistence save - dvc
================= post measurement started
create new session 4983039568
close session 4983039568
---------------- Experiment Queue saving disabled
DVC saving peakcenter
Failed to find a valid peak. No peak greater than 1.0. max = 0.043762973239
Get Checksum: 2035439760
Smart pull ahead: 0 behind: 0
Up-to-date with origin
add to repo msg=modified - ad8224ebc6dbfeb9f5997218dfa5fe690569839d.json
add to repo msg=modified - 11-24.json
add to repo msg=modified - 11-24.dat.json
add to repo msg=modified - 11-24.blan.json
add to repo msg=modified - 11-24.inte.json
add to repo msg=modified - 11-24.icfa.json
add to repo msg=modified - 11-24.base.json
not at valid file /Users/jan/PychronDev/data/.dvc/repositories/IR959/655/tags/11-24.tags.json
add to repo msg=modified - 11-24.peak.json
add to repo msg=modified - 11-24.extr.json
not at valid file /Users/jan/PychronDev/data/.dvc/repositories/IR959/655/monitor/11-24.moni.json
commit message=<COLLECTION>
add to repo msg=modified - 11-24.inte.json
add to repo msg=modified - 11-24.base.json
commit message=<ISOEVO> default collection fits
Get Checksum: 2035439760
add to repo msg=modified - 11-24.blan.json
commit message=<BLANKS> preceding bc-02-J-234
add to repo msg=modified - 11-24.icfa.json
commit message=<ICFactor> default
push repository <pychron.git_archive.repo_manager.GitRepoManager object at 0x13c009470>
pushing to remote=origin, url=https://github.com
Get Checksum: 2035439760
no changes to meta repo
Get Checksum: 2035439760
create new session 4983039568
add association IR959
get identifier "65511"
setting analysis irradiation position=<pychron.dvc.dvc_orm.IrradiationPositionTbl object at 0x1425ca410>
close session 4983039568
================= post measurement finished
16:13:38 -- ******* Post Run Check *******
loading queue conditionals post_run_actions
loading system conditionals post_run_actions
loading conditionals from /Users/jan/PychronDev/setupfiles/spectrometer/default_conditionals.yaml
loading queue conditionals post_run_terminations
loading system conditionals post_run_terminations
loading conditionals from /Users/jan/PychronDev/setupfiles/spectrometer/default_conditionals.yaml
Checking default post run terminations n=1
GetDeflection CDD ===>> 50
testing CDD==2000
evaluate ot="CDD.deflection==2000" t="CDD==2000", ctx="{'CDD': 50.0}"
16:13:38 -- ******* Post Run Check Passed *******
16:13:38 -- Automated run 65511-24 success duration: 370.866 s
----------------- finish -----------------
----------------- stop -----------------
retroactive repository identifiers disabled
finish run. runs completed=18
update duration runid=65511-24, duration=370.866287947, md5=3d9034cf
loading script "jan_co2_whiff_120_60_large.py"
loading script "jan_pump_ms.py"
loading script "jan_co2.py"
loading script "jan_pump_extraction_line.py"
testing...
no interpolation path defined
executed 266.04
script duration name:co2_whiff_120_60_large seconds:266.0
loading script "jan_co2_whiff_120_60_large.py"
loading script "jan_pump_ms.py"
loading script "jan_co2.py"
loading script "jan_pump_extraction_line.py"
testing...
no interpolation path defined
executed 0
loading script "jan_co2_whiff_120_60_large.py"
loading script "jan_pump_ms.py"
loading script "jan_co2.py"
loading script "jan_pump_extraction_line.py"
testing...
no interpolation path defined
calculate duration
testing...
no interpolation path defined
executed 0
calculate duration
testing...
no interpolation path defined
executed 0
executed 0.0
script duration name:co2 seconds:0.0
loading script "jan_co2_whiff_120_60_large.py"
loading script "jan_pump_ms.py"
loading script "jan_co2.py"
loading script "jan_pump_extraction_line.py"
testing...
no interpolation path defined
calculate duration
testing...
no interpolation path defined
executed 4.0
executed 4.0
Script duration 266.0
Run total estimated duration= 267.000
co2_whiff_120_60_large in script context. using previous estimated duration
script duration name:co2_whiff_120_60_large seconds:266.0
pump_ms in script context. using previous estimated duration
co2 in script context. using previous estimated duration
script duration name:co2 seconds:0.0
pump_extraction_line in script context. using previous estimated duration
Script duration 266.0
Run total estimated duration= 267.000
loading script "jan_unknown400_120.py"
loading script "jan_pump_ms.py"
loading script "jan_co2.py"
loading script "jan_pump_extraction_line.py"
testing...
no interpolation path defined
executed 556.052928
script duration name:unknown400_120 seconds:556.0
script duration name:co2 seconds:0.0
Script duration 556.0
Run total estimated duration= 557.000
script duration name:co2_whiff_120_60_large seconds:266.0
script duration name:co2 seconds:0.0
Script duration 266.0
Run total estimated duration= 267.000
script duration name:co2_whiff_120_60_large seconds:266.0
script duration name:co2 seconds:0.0
Script duration 266.0
Run total estimated duration= 267.000
script duration name:co2_whiff_120_60_large seconds:266.0
script duration name:co2 seconds:0.0
Script duration 266.0
Run total estimated duration= 267.000
script duration name:co2_whiff_120_60_large seconds:266.0
script duration name:co2 seconds:0.0
Script duration 266.0
Run total estimated duration= 267.000
script duration name:co2_whiff_120_60_large seconds:266.0
script duration name:co2 seconds:0.0
Script duration 266.0
Run total estimated duration= 267.000
script duration name:co2_whiff_120_60_large seconds:266.0
script duration name:co2 seconds:0.0
Script duration 266.0
Run total estimated duration= 267.000
script duration name:co2_whiff_120_60_large seconds:266.0
script duration name:co2 seconds:0.0
Script duration 266.0
Run total estimated duration= 267.000
script duration name:co2_whiff_120_60_large seconds:266.0
script duration name:co2 seconds:0.0
Script duration 266.0
Run total estimated duration= 267.000
script duration name:co2_whiff_120_60_large seconds:266.0
script duration name:co2 seconds:0.0
Script duration 266.0
Run total estimated duration= 267.000
script duration name:co2_whiff_120_60_large seconds:266.0
script duration name:co2 seconds:0.0
Script duration 266.0
Run total estimated duration= 267.000
unknown400_120 in script context. using previous estimated duration
script duration name:unknown400_120 seconds:556.0
loading script "jan_unknown400_120.py"
loading script "jan_pump_ms.py"
loading script "jan_sniffair_x2.py"
loading script "jan_pump_extraction_line.py"
testing...
no interpolation path defined
calculate duration
testing...
no interpolation path defined
executed 0
calculate duration
testing...
no interpolation path defined
executed 0
calculate duration
testing...
no interpolation path defined
executed 32.0
calculate duration
testing...
no interpolation path defined
executed 34.0
calculate duration
testing...
no interpolation path defined
executed 4.0
calculate duration
testing...
no interpolation path defined
executed 36.0
calculate duration
testing...
no interpolation path defined
executed 34.0
calculate duration
testing...
no interpolation path defined
executed 4.0
calculate duration
testing...
no interpolation path defined
executed 36.0
calculate duration
testing...
no interpolation path defined
executed 70.0
executed 250.0
script duration name:sniffair_x2 seconds:250.0
Script duration 806.0
Run total estimated duration= 807.000
script duration name:co2_whiff_120_60_large seconds:266.0
script duration name:co2 seconds:0.0
Script duration 266.0
Run total estimated duration= 267.000
script duration name:co2_whiff_120_60_large seconds:266.0
script duration name:co2 seconds:0.0
Script duration 266.0
Run total estimated duration= 267.000
script duration name:co2_whiff_120_60_large seconds:266.0
script duration name:co2 seconds:0.0
Script duration 266.0
Run total estimated duration= 267.000
script duration name:co2_whiff_120_60_large seconds:266.0
script duration name:co2 seconds:0.0
Script duration 266.0
Run total estimated duration= 267.000
script duration name:co2_whiff_120_60_large seconds:266.0
script duration name:co2 seconds:0.0
Script duration 266.0
Run total estimated duration= 267.000
script duration name:unknown400_120 seconds:556.0
script duration name:co2 seconds:0.0
Script duration 556.0
Run total estimated duration= 557.000
script duration name:unknown400_120 seconds:556.0
loading script "jan_unknown400_120.py"
loading script "jan_pump_ms.py"
loading script "jan_cocktail_x1.py"
loading script "jan_pump_extraction_line.py"
testing...
no interpolation path defined
calculate duration
testing...
no interpolation path defined
executed 0
calculate duration
testing...
no interpolation path defined
executed 0
calculate duration
testing...
no interpolation path defined
executed 32.0
calculate duration
testing...
no interpolation path defined
executed 34.0
calculate duration
testing...
no interpolation path defined
executed 4.0
calculate duration
testing...
no interpolation path defined
executed 38.0
executed 108.0
script duration name:cocktail_x1 seconds:108.0
Script duration 664.0
Run total estimated duration= 665.000
script duration name:unknown400_120 seconds:556.0
cocktail_x1 in script context. using previous estimated duration
script duration name:cocktail_x1 seconds:108.0
Script duration 664.0
Run total estimated duration= 665.000
loading script "jan_ic_peak_hop3.py"
loading script "jan_pump_ms.py"
loading script "jan_air_x1.py"
loading script "jan_pump_extraction_line.py"
testing...
no interpolation path defined
executed 133.8
script duration name:ic_peak_hop3 seconds:134.0
loading script "jan_ic_peak_hop3.py"
loading script "jan_pump_ms.py"
loading script "jan_air_x1.py"
loading script "jan_pump_extraction_line.py"
testing...
no interpolation path defined
calculate duration
testing...
no interpolation path defined
executed 0
calculate duration
testing...
no interpolation path defined
executed 0
calculate duration
testing...
no interpolation path defined
executed 32.0
calculate duration
testing...
no interpolation path defined
executed 34.0
calculate duration
testing...
no interpolation path defined
executed 4.0
calculate duration
testing...
no interpolation path defined
executed 36.0
executed 106.0
script duration name:air_x1 seconds:106.0
Script duration 240.0
Run total estimated duration= 241.000
script duration name:co2_whiff_120_60_large seconds:266.0
script duration name:co2 seconds:0.0
Script duration 266.0
Run total estimated duration= 267.000
script duration name:co2_whiff_120_60_large seconds:266.0
script duration name:co2 seconds:0.0
Script duration 266.0
Run total estimated duration= 267.000
script duration name:co2_whiff_120_60_large seconds:266.0
script duration name:co2 seconds:0.0
Script duration 266.0
Run total estimated duration= 267.000
script duration name:co2_whiff_120_60_large seconds:266.0
script duration name:co2 seconds:0.0
Script duration 266.0
Run total estimated duration= 267.000
script duration name:co2_whiff_120_60_large seconds:266.0
script duration name:co2 seconds:0.0
Script duration 266.0
Run total estimated duration= 267.000
script duration name:co2_whiff_120_60_large seconds:266.0
script duration name:co2 seconds:0.0
Script duration 266.0
Run total estimated duration= 267.000
script duration name:co2_whiff_120_60_large seconds:266.0
script duration name:co2 seconds:0.0
Script duration 266.0
Run total estimated duration= 267.000
script duration name:co2_whiff_120_60_large seconds:266.0
script duration name:co2 seconds:0.0
Script duration 266.0
Run total estimated duration= 267.000
script duration name:co2_whiff_120_60_large seconds:266.0
script duration name:co2 seconds:0.0
Script duration 266.0
Run total estimated duration= 267.000
script duration name:co2_whiff_120_60_large seconds:266.0
script duration name:co2 seconds:0.0
Script duration 266.0
Run total estimated duration= 267.000
script duration name:co2_whiff_120_60_large seconds:266.0
script duration name:co2 seconds:0.0
Script duration 266.0
Run total estimated duration= 267.000
script duration name:co2_whiff_120_60_large seconds:266.0
script duration name:co2 seconds:0.0
Script duration 266.0
Run total estimated duration= 267.000
script duration name:co2_whiff_120_60_large seconds:266.0
script duration name:co2 seconds:0.0
Script duration 266.0
Run total estimated duration= 267.000
script duration name:co2_whiff_120_60_large seconds:266.0
script duration name:co2 seconds:0.0
Script duration 266.0
Run total estimated duration= 267.000
script duration name:co2_whiff_120_60_large seconds:266.0
script duration name:co2 seconds:0.0
Script duration 266.0
Run total estimated duration= 267.000
script duration name:unknown400_120 seconds:556.0
script duration name:co2 seconds:0.0
Script duration 556.0
Run total estimated duration= 557.000
script duration name:co2_whiff_120_60_large seconds:266.0
script duration name:co2 seconds:0.0
Script duration 266.0
Run total estimated duration= 267.000
nruns=40 before=5.0, run_dur=12860.0, btw=1170.0
write rem/ex queues
/Users/jan/PychronDev/experiments/rem/CurrentExperiment.rem.txt
/Users/jan/PychronDev/experiments/rem/CurrentExperiment.ex.txt
doing event level: 3
