do run
loading script "jan_co2_whiff_120_60_large.py"
loading script "jan_pump_ms.py"
loading script "jan_co2.py"
loading script "jan_pump_extraction_line.py"
testing...
no interpolation path defined
executed 266.04
script duration name:co2_whiff_120_60_large seconds:266.0
loading script "jan_co2_whiff_120_60_large.py"
loading script "jan_pump_ms.py"
loading script "jan_co2.py"
loading script "jan_pump_extraction_line.py"
testing...
no interpolation path defined
executed 0
loading script "jan_co2_whiff_120_60_large.py"
loading script "jan_pump_ms.py"
loading script "jan_co2.py"
loading script "jan_pump_extraction_line.py"
testing...
no interpolation path defined
calculate duration
testing...
no interpolation path defined
executed 0
calculate duration
testing...
no interpolation path defined
executed 0
executed 0.0
script duration name:co2 seconds:0.0
loading script "jan_co2_whiff_120_60_large.py"
loading script "jan_pump_ms.py"
loading script "jan_co2.py"
loading script "jan_pump_extraction_line.py"
testing...
no interpolation path defined
calculate duration
testing...
no interpolation path defined
executed 4.0
executed 4.0
Script duration 266.0
Run total estimated duration= 267.000
run duration: 0:04:27
doing event level: 2
15:53:52 -- Setting default integration. t=1.048576
setting integration time = 1.048576
SetIntegrationTime 1.048576 ===>> OK
----------------- start -----------------
**************** Experiment Type: Ar/Ar, Ar/Ar
create new session 4993359504
close session 4993359504
$$$$$ Clearing conditionals
adding conditionals detrital
extract conditionals from file. /Users/jan/PychronDev/scripts/conditionals/detrital.yaml
no attr for this modification cd={'extraction_str': '', 'attr': '', 'mapper': '', 'use_termination': False, 'start_count': 0, 'nskip': 0, 'window': 0, 'frequency': 1, 'teststr': '', 'action': 'Skip Next Run', 'ntrips': 1, 'use_truncation': False}
no attr for this cancelation cd={'mapper': '', 'window': 0, 'frequency': 1, 'attr': '', 'teststr': '', 'start_count': 0, 'ntrips': 1}
adding truncation attr="age" test="age>100.0" start="50"
adding truncation attr="Ar39" test="Ar39<0.5" start="60"
no attr for this termination cd={'mapper': '', 'window': 0, 'frequency': 1, 'attr': '', 'teststr': '', 'start_count': 0, 'ntrips': 1}
Invalid conditional kind="pre_run_terminations"
no attr for this action cd={'mapper': '', 'attr': '', 'start_count': 0, 'window': 0, 'frequency': 1, 'teststr': '', 'action': None, 'ntrips': 1}
Invalid conditional kind="post_run_terminations"
Add queue conditionals
add default conditionals
adding default conditionals from /Users/jan/PychronDev/setupfiles/spectrometer/default_conditionals.yaml
Start automated run 65511-22
loading script "jan_co2_whiff_120_60_large.py"
loading script "jan_pump_ms.py"
loading script "jan_co2.py"
loading script "jan_pump_extraction_line.py"
%%%%%%%%%%%%%%%%%% setting automated run 65511-22
No value "sensitivity_multiplier" in metadata
$$$$$$$$$$$$$$$ auto_save_detector_ic=False
============================= Pre Extraction Check =============================
loading queue conditionals pre_run_terminations
loading system conditionals pre_run_terminations
loading conditionals from /Users/jan/PychronDev/setupfiles/spectrometer/default_conditionals.yaml
15:53:52 -- ******* Pre Extraction Check *******
Get a measurement from the spectrometer
GetData ===>> H2,-0.124290580217523,H1,-0.0411715868109617,AX,0.0035503083449707,L1,0.00197566030109576,L2,-0.0...
Pre Extraction Termination data. keys=H2,H1,AX,L1,L2,CDD, signals=-0.12429,-0.04117,0.00355,0.00198,-0.01346,0.00000
15:53:52 -- testing system defined conditionals
Checking default pre extraction terminations n=2
testing CDD
evaluate ot="CDD.inactive" t="CDD", ctx="{'CDD': False}"
GetDeflection CDD ===>> 50
testing CDD==2000
evaluate ot="CDD.deflection==2000" t="CDD==2000", ctx="{'CDD': 50.0}"
15:53:52 -- ******* Pre Extraction Check Passed *******
=================================================================================
15:53:52 -- stopping status monitor
stop 5052903792
Alive clients [4983293136]
15:53:52 -- starting status monitor
start 5052903792
Monitor already running
start extraction
do extraction
Analysis started at 15:53:52.387803
Extraction Started jan_co2.py
15:53:52 -- ******* Extraction Started jan_co2.py *******
state changed from not run to extraction
DO EXTRACTION <pychron.extraction_line.pyscript_runner.RemotePyScriptRunner object at 0x12b93d0b0>
testing...
no interpolation path defined
calculate duration
testing...
no interpolation path defined
executed 0
calculate duration
testing...
no interpolation path defined
executed 0
executed 100.0
Jan CO2 laser analysis
doing GOSUB
testing...
no interpolation path defined
executed 0
Waiting for CO2 access
wait ('FelixCO2Flag', 0) {}
waiting for FelixCO2Flag = 0
Read FelixCO2Flag ===>> 0
finished waiting
CO2 free
wait ('CO2PumpTimeFlag', 0) {}
waiting for CO2PumpTimeFlag = 0
Read CO2PumpTimeFlag ===>> 0
finished waiting
acquire ('JanCO2Flag',) {'clear': True}
acquire JanCO2Flag
Set JanCO2Flag 1 ===>> OK
JanCO2Flag acquired
set extraction state False (0.75, 'red', 1.5)
CO2 acquired
executed 0
WaitForCO2Access.py completed successfully
gosub finished
doing GOSUB
testing...
no interpolation path defined
executed 0
Prepare for CO2 analysis
close () {'description': 'Jan Inlet'}
closing name=--- desc=Jan Inlet
checking ownership. requestor=129.138.12.150
check software interlocks R
interlocks []
actuate state mode=None-script, software_lock=False
doing actuation None-script close_channel False
Close R ===>> OK
GetValveState R ===>> False
change switch state (True, True)
update switch state R False args=() kw={} ncanvase=3
15:53:52 -- CLOSE  VALVE-R (Jan Inlet)
---------------------------------------- close None (Jan Inlet) result=[(True, True)]
action=close, ok=True, locked=[False]
open () {'description': 'Jan Ion Pump'}
opening name=--- desc=Jan Ion Pump
checking ownership. requestor=129.138.12.150
check software interlocks O
interlocks []
actuate state mode=None-script, software_lock=False
doing actuation None-script open_channel False
Open O ===>> OK
GetValveState O ===>> OK
change switch state (True, True)
update switch state O True args=() kw={} ncanvase=3
15:53:53 -- OPEN   VALVE-O (Jan Ion Pump)
---------------------------------------- open None (Jan Ion Pump) result=[(True, True)], time=0.12 sec
action=open, ok=True, locked=[False]
close () {'description': 'Microbone to Minibone'}
closing name=--- desc=Microbone to Minibone
checking ownership. requestor=129.138.12.150
check software interlocks L
interlocks []
actuate state mode=None-script, software_lock=False
doing actuation None-script close_channel False
Close L ===>> OK
GetValveState L ===>> False
change switch state (True, True)
update switch state L False args=() kw={} ncanvase=3
15:53:53 -- CLOSE  VALVE-L (Microbone to Minibone)
---------------------------------------- close None (Microbone to Minibone) result=[(True, True)]
Get Checksum: -2083114517
action=close, ok=True, locked=[False]
open () {'description': 'Microbone to Turbo'}
opening name=--- desc=Microbone to Turbo
checking ownership. requestor=129.138.12.150
check software interlocks U
interlocks []
actuate state mode=None-script, software_lock=False
doing actuation None-script open_channel False
Open U ===>> OK
GetValveState U ===>> OK
change switch state (True, True)
update switch state U True args=() kw={} ncanvase=3
15:53:54 -- OPEN   VALVE-U (Microbone to Turbo)
---------------------------------------- open None (Microbone to Turbo) result=[(True, True)], time=0.12 sec
action=open, ok=True, locked=[False]
open () {'description': 'Microbone to Inlet Pipette'}
opening name=--- desc=Microbone to Inlet Pipette
checking ownership. requestor=129.138.12.150
check software interlocks S
interlocks []
actuate state mode=None-script, software_lock=False
doing actuation None-script open_channel False
Open S ===>> OK
GetValveState S ===>> OK
change switch state (True, True)
update switch state S True args=() kw={} ncanvase=3
15:53:54 -- OPEN   VALVE-S (Microbone to Inlet Pipette)
---------------------------------------- open None (Microbone to Inlet Pipette) result=[(True, True)], time=0.40 sec
action=open, ok=True, locked=[False]
open () {'description': 'Microbone to Getter D-50'}
opening name=--- desc=Microbone to Getter D-50
checking ownership. requestor=129.138.12.150
check software interlocks K
interlocks []
actuate state mode=None-script, software_lock=False
doing actuation None-script open_channel False
Open K ===>> OK
GetValveState K ===>> OK
change switch state (True, True)
update switch state K True args=() kw={} ncanvase=3
15:53:55 -- OPEN   VALVE-K (Microbone to Getter D-50)
---------------------------------------- open None (Microbone to Getter D-50) result=[(True, True)], time=0.44 sec
action=open, ok=True, locked=[False]
open () {'description': 'Microbone to Getter NP-10'}
opening name=--- desc=Microbone to Getter NP-10
checking ownership. requestor=129.138.12.150
check software interlocks M
interlocks []
actuate state mode=None-script, software_lock=False
doing actuation None-script open_channel False
Open M ===>> OK
GetValveState M ===>> OK
change switch state (True, True)
update switch state M True args=() kw={} ncanvase=3
15:53:55 -- OPEN   VALVE-M (Microbone to Getter NP-10)
---------------------------------------- open None (Microbone to Getter NP-10) result=[(True, True)], time=0.13 sec
action=open, ok=True, locked=[False]
close () {'description': 'CO2 Laser to Felix'}
closing name=--- desc=CO2 Laser to Felix
checking ownership. requestor=129.138.12.150
check software interlocks F
interlocks []
actuate state mode=None-script, software_lock=True
VALVE-F(CO2 Laser to Felix) software locked
change switch state (True, False)
---------------------------------------- close None (CO2 Laser to Felix) result=[(True, False)]
action=close, ok=True, locked=[True]
open () {'description': 'CO2 Laser to Jan'}
opening name=--- desc=CO2 Laser to Jan
checking ownership. requestor=129.138.12.150
check software interlocks A
interlocks []
actuate state mode=None-script, software_lock=False
doing actuation None-script open_channel False
Open A ===>> OK
GetValveState A ===>> OK
change switch state (True, True)
update switch state A True args=() kw={} ncanvase=3
15:53:56 -- OPEN   VALVE-A (CO2 Laser to Jan)
---------------------------------------- open None (CO2 Laser to Jan) result=[(True, True)], time=0.12 sec
action=open, ok=True, locked=[False]
open () {'description': 'Microbone to CO2 Laser'}
opening name=--- desc=Microbone to CO2 Laser
checking ownership. requestor=129.138.12.150
check software interlocks T
interlocks []
actuate state mode=None-script, software_lock=False
doing actuation None-script open_channel False
Open T ===>> OK
GetValveState T ===>> OK
change switch state (True, True)
update switch state T True args=() kw={} ncanvase=3
15:53:57 -- OPEN   VALVE-T (Microbone to CO2 Laser)
---------------------------------------- open None (Microbone to CO2 Laser) result=[(True, True)], time=0.42 sec
Get Checksum: -2083114517
action=open, ok=True, locked=[False]
executed 0
PrepareForCO2Analysis.py completed successfully
gosub finished
set_motor ('beam', '1.25') {}
setting motor "beam" to 1.25
set motor beam to 1.25
SetMotor beam,1.25 ===>> OK
GetMotorMoving beam ===>> False
GetMotorMoving beam ===>> False
Block completed
move_to_position ('161',) {'autocenter': True}
FusionsCO2 move to position 161
sending GoToHole 161,True
GoToHole 161,True ===>> OK
GetDriveMoving ===>> OK
GetDriveMoving ===>> OK
GetDriveMoving ===>> OK
GetDriveMoving ===>> False
GetDriveMoving ===>> OK
Get Checksum: -2083114517
GetDriveMoving ===>> OK
GetDriveMoving ===>> OK
GetDriveMoving ===>> OK
GetDriveMoving ===>> False
Block completed
GetAutoCorrecting ===>> False
GetAutoCorrecting ===>> False
Block completed
update position
GetPosition ===>> 0.00000,-5.98170,1.00000
got position (0.0, -5.9817, 1.0)
move to position succeeded
sleep (5,) {}
SLEEP 5.0
block started
WaitControl setup for 5.0  
Get Checksum: -2083114517
Get Checksum: -2083114517
Join finished
block finished. duration 5.00849294662
close () {'description': 'Microbone to Turbo'}
closing name=--- desc=Microbone to Turbo
checking ownership. requestor=129.138.12.150
check software interlocks U
interlocks []
actuate state mode=None-script, software_lock=False
doing actuation None-script close_channel True
Close U ===>> OK
GetValveState U ===>> False
change switch state (True, True)
update switch state U False args=() kw={} ncanvase=3
15:54:07 -- CLOSE  VALVE-U (Microbone to Turbo)
---------------------------------------- close None (Microbone to Turbo) result=[(True, True)]
action=close, ok=True, locked=[False]
enable laser
enable () {}
set extraction state FusionsCO2 Enabled (False, 'red', 1.5)
enabling laser
Enable ===>> OK
begin interval
BEGIN INTERVAL Interval 1 waiting for 30.0
block started
WaitControl setup for 30.0  
set extract to 5.0
extract (5.0,) {}
GetPosition ===>> 0.00000,-5.98170,1.00000
set extraction state FusionsCO2 ON! 5.0(watts) (0.75, 'red', 1.5)
extract sample to 5.0 (watts)
set laser output
SetLaserOutput 5.0,watts ===>> OK
executing pattern triangle.lp
execute_pattern ('triangle.lp',) {}
executing pattern triangle.lp
Get Checksum: -1452036699
IsPatterning ===>> OK
IsPatterning ===>> OK
IsPatterning ===>> OK
Get Checksum: -1452036699
IsPatterning ===>> OK
IsPatterning ===>> OK
IsPatterning ===>> OK
Get Checksum: -1452036699
IsPatterning ===>> OK
IsPatterning ===>> OK
IsPatterning ===>> OK
Get Checksum: -1452036699
IsPatterning ===>> OK
IsPatterning ===>> OK
IsPatterning ===>> OK
Get Checksum: -1452036699
IsPatterning ===>> OK
IsPatterning ===>> OK
IsPatterning ===>> OK
Get Checksum: -1452036699
IsPatterning ===>> OK
IsPatterning ===>> OK
IsPatterning ===>> OK
Get Checksum: -1452036699
IsPatterning ===>> OK
IsPatterning ===>> OK
set states for children of V. state=False
handle state [('V', False)]
update switch state V False args=() kw={'refresh': False} ncanvase=3
refresh_canvas_needed fired
IsPatterning ===>> OK
Get Checksum: 488267660
IsPatterning ===>> OK
set states for children of H. state=True
handle state [('H', True)]
update switch state H True args=() kw={'refresh': False} ncanvase=3
refresh_canvas_needed fired
IsPatterning ===>> OK
IsPatterning ===>> OK
Get Checksum: 82498268
IsPatterning ===>> OK
IsPatterning ===>> OK
IsPatterning ===>> OK
Get Checksum: 82498268
IsPatterning ===>> OK
Join finished
block finished. duration 30.0352289677
Interval 1 finished
IsPatterning ===>> False
IsPatterning ===>> False
Block completed
COMPLETE INTERVAL waiting for Interval 1 to complete
end_extract () {}
ending extraction. set laser power to 0
set laser power 0
SetLaserPower 0 ===>> OK
disable () {}
%%%%%%%%%%%%%%%%%%%%%%%%%%%%%%%%%%% disable
set extraction state False (0.75, 'red', 1.5)
disabling laser
Disable ===>> OK
sleep (30.0,) {}
SLEEP 30.0
block started
WaitControl setup for 30.0  
Get Checksum: 82498268
Get Checksum: 82498268
Get Checksum: 82498268
Get Checksum: 82498268
Get Checksum: 82498268
Get Checksum: 82498268
set states for children of C. state=True
set states for children of B. state=True
set states for children of H. state=False
handle state [('C', True), ('B', True), ('H', False)]
update switch state C True args=() kw={'refresh': True} ncanvase=3
update switch state B True args=() kw={'refresh': True} ncanvase=3
update switch state H False args=() kw={'refresh': False} ncanvase=3
refresh_canvas_needed fired
Get Checksum: -1640178555
State checksums do not match. Local:1328002917 Remote:-1640178555
State checksum failed
set states for children of D. state=True
handle state [('D', True)]
update switch state D True args=() kw={'refresh': False} ncanvase=3
refresh_canvas_needed fired
Get Checksum: -1640178555
Get Checksum: -1640178555
Get Checksum: -1640178555
Join finished
block finished. duration 30.0299499035
executed 165.0
jan_co2.py completed successfully
GetAchievedOutput ===>> No Response
Requested Output= 0.000
Achieved Output=  0.000
GetResponseBlob ===>> No Response
GetOutputBlob ===>> No Response
persistence save...
persistence save - db
AutomatedRunPersister post_extraction_save deprecated
persistence save - dvc
no extraction position for 161
create new session 4983039568
close session 4983039568
Extraction Finished
15:55:09 -- ******* Extraction Finished *******
no overlap. not waiting for min ms pumptime
15:55:09 -- Sending spectrometer configuration
======== Sending configuration ========
SetDeflection CDD,50.0 ===>> OK
SetDeflection H2,0.0 ===>> OK
SetDeflection H1,0.0 ===>> OK
SetDeflection L2,825.0 ===>> OK
SetDeflection L1,400.0 ===>> OK
SetDeflection AX,190.0 ===>> OK
SetZFocus 74.64 ===>> OK
SetZSymmetry -50.72 ===>> OK
SetExtractionLens 26.13 ===>> OK
SetIonRepeller -3.81 ===>> OK
SetElectronEnergy 75.08 ===>> OK
SetYSymmetry -2.81 ===>> OK
SetIonCounterVoltage 1590.0 ===>> OK
send trap current 200.0
GetParameter Trap Current Readback ===>> 197.363852774217
SetParameter Trap Current Set,200.0 ===>> OK
updating mftable name mftable
Using mftable located at /Users/jan/PychronDev/setupfiles/spectrometer/mftables/mftable.csv
============ MFtable ===========
Isotope  H2     H1     AX     L1     L2     CDD    
Ar40     5.7728 5.8787 5.9921 6.1127 6.2303 6.3409
Ar39     5.6720 5.7710 5.8845 5.9987 6.1155 6.2274
Ar36     5.3495 5.4400 5.5479 5.6576 5.7704 5.8785
================================
get initial guess parabolic
get initial guess parabolic
get initial guess parabolic
get initial guess parabolic
get initial guess parabolic
get initial guess parabolic
======== Configuration Finished ========
GetYSymmetry ===>> -2.81
GetZSymmetry ===>> -50.72
GetParameter Trap Current Readback ===>> 197.587621314778
GetHighVoltage ===>> 4499.94659342336
start measurement
do measurement
L#=65511 analysis type=unknown
Measurement Started jan_co2_whiff_120_60_large.py
15:55:09 -- ******* Measurement Started jan_co2_whiff_120_60_large.py *******
state changed from extraction to measurement
setting spec, defl, and gains
GetExtractionLens ===>> 26.13
GetYSymmetry ===>> -2.81
GetZSymmetry ===>> -50.72
GetZFocus ===>> 74.64
GetDeflection H2 ===>> 0
GetDeflection H1 ===>> 0
GetDeflection AX ===>> 190
GetDeflection L1 ===>> 400
GetDeflection L2 ===>> 825
GetDeflection CDD ===>> 50
GetGain H2 ===>> 0.0113
GetGain H1 ===>> 0.1
GetGain AX ===>> 0.097049
GetGain L1 ===>> 0.010355
GetGain L2 ===>> 0.095649
GetGain CDD ===>> 0
pre measurement save
New frame /Users/jan/PychronDev/data/isotopes/65/bb5f0d-e403-438e-9f7f-954b8030380e.h5
flush and close file /Users/jan/PychronDev/data/isotopes/65/bb5f0d-e403-438e-9f7f-954b8030380e.h5
testing...
no interpolation path defined
executed 266.04
co2 whiff measurement script
activate_detectors ('H2', 'H1', 'AX', 'L1', 'L2', 'CDD') {}
activate detectors
*************** Set Analysis View Ar/Ar
create graphs
clearing graphs
clear isotope group
setting isotope det=H2, iso=PM41
setting isotope det=H1, iso=Ar40
setting isotope det=AX, iso=Ar39
setting isotope det=L1, iso=Ar38
setting isotope det=L2, iso=Ar37
setting isotope det=CDD, iso=Ar36
setting previous blanks
 - setting Ar40 blank 0.196+/-0.007
 - setting Ar36 blank 0.00465+/-0.00018
 - setting Ar37 blank 0.049+/-0.005
 - setting Ar38 blank 0.0037+/-0.0020
 - setting PM41 blank 0.02+/-0.06
 - setting Ar39 blank 0.024+/-0.009
load analysis view
position_magnet ('Ar40',) {'detector': 'H1'}
detector Detector(H1)
POSITION Ar40 H1
setting detector H2 to PM41 (40.9624)
setting detector H1 to Ar40 (39.9624)
setting detector AX to Ar39 (38.9624)
setting detector L1 to Ar38 (37.9624)
setting detector L2 to Ar37 (36.9624)
setting detector CDD to Ar36 (35.9624)
Mapping mass to dac mass func: "parabolic"
H1 map mass coeffs = [-0.00063987  0.15840543  0.57034999]
H1 map mass to dac 39.9624 >> 5.87874
GetDeflection H1 ===>> 0
GetHighVoltage ===>> 4499.94659342336
positioning Ar40 (5.87870538065) on H1
setting magnet DAC
current  : 5.301499
requested: 5.878705
Delta Dac: 0.577207
Checking detector protection. dv=0.57721
Checking detector "CDD". Protection Threshold: 0.1 (V)
ProtectDetector CDD,On ===>> OK
GetDeflection CDD ===>> 2000
SetMagnetDAC 5.87870538065 ===>> OK
Magnet settling time: 0.500
GetMagnetMoving ===>> True
GetMagnetMoving ===>> True
GetMagnetMoving ===>> True
Get Checksum: -1640178555
GetMagnetMoving ===>> True
GetMagnetMoving ===>> True
GetMagnetMoving ===>> True
GetMagnetMoving ===>> True
GetMagnetMoving ===>> True
GetMagnetMoving ===>> False
ProtectDetector CDD,Off ===>> OK
GetDeflection CDD ===>> 50
close ('S',) {}
closing name=S desc=---
checking ownership. requestor=129.138.12.150
check software interlocks S
interlocks []
actuate state mode=None-script, software_lock=False
doing actuation None-script close_channel True
Close S ===>> OK
GetValveState S ===>> False
change switch state (True, True)
update switch state S False args=() kw={} ncanvase=3
15:55:13 -- CLOSE  VALVE-S (Microbone to Inlet Pipette)
---------------------------------------- close S () result=[(True, True)]
action=close, ok=True, locked=[False]
equilibrate () {'do_post_equilibration': False, 'inlet': 'R', 'outlet': 'O', 'eqtime': 4}
Equilibration Started
15:55:14 -- ******* Equilibration Started *******
checking ownership. requestor=129.138.12.150
check software interlocks O
interlocks []
actuate state mode=None-script, software_lock=False
doing actuation None-script close_channel True
Close O ===>> OK
GetValveState O ===>> False
change switch state (True, True)
update switch state O False args=() kw={} ncanvase=3
15:55:14 -- CLOSE  VALVE-O (Jan Ion Pump)
waiting 3s before opening inlet value ('R',)
Get Checksum: 1680446728
checking ownership. requestor=129.138.12.150
check software interlocks R
interlocks []
actuate state mode=None-script, software_lock=False
doing actuation None-script open_channel True
Open R ===>> OK
GetValveState R ===>> OK
change switch state (True, True)
update switch state R True args=() kw={} ncanvase=3
15:55:17 -- OPEN   VALVE-R (Jan Inlet)
equilibrating for 4sec
set_time_zero (0,) {}
sniff (4,) {}
py_sniff
build tables- sniff [Detector(H2), Detector(H1), Detector(AX), Detector(L1), Detector(L2), Detector(CDD)]
add group /sniff/PM41 (Group) '' table H2
add group /sniff/Ar40 (Group) '' table H1
add group /sniff/Ar39 (Group) '' table AX
add group /sniff/Ar38 (Group) '' table L1
add group /sniff/Ar37 (Group) '' table L2
add group /sniff/Ar36 (Group) '' table CDD
flush and close file /Users/jan/PychronDev/data/isotopes/65/bb5f0d-e403-438e-9f7f-954b8030380e.h5
measuring sniff. ncounts=4
Get Checksum: 529246153
starting measurement
GetData ===>> H2,-0.0823350420235528,H1,-0.00792285169326486,AX,-0.0337056263153965,L1,0.000962577443931654,L2,...
GetData ===>> H2,4.384534813873,H1,4.11518142085054,AX,6.39798491531282,L1,0.525289506704787,L2,1.2658658010489...
GetData ===>> H2,3.99444631278737,H1,5.65501457395132,AX,3.96127350658558,L1,0.86726254056478,L2,0.460404729701...
Get Checksum: 529246153
GetData ===>> H2,1.08454419756652,H1,5.40373896502573,AX,2.2418804486497,L1,0.59259671283759,L2,0.2413281523214...
Equilibration Finished
15:55:21 -- ******* Equilibration Finished *******
checking ownership. requestor=129.138.12.150
check software interlocks R
interlocks []
actuate state mode=None-script, software_lock=False
doing actuation None-script close_channel True
Close R ===>> OK
measurement finished
estimated time: 4.194 actual time: :4.252
flush and close file /Users/jan/PychronDev/data/isotopes/65/bb5f0d-e403-438e-9f7f-954b8030380e.h5
set_fits () {}
GetValveState R ===>> False
using default fits file=/Users/jan/PychronDev/scripts/measurement/fits/nominal_linear.yaml
change switch state (True, True)
update switch state R False args=() kw={} ncanvase=3
set "Ar40" to "('Linear', 'SEM')"
No fit for "PM41". defaulting to linear. check the measurement script "jan_co2_whiff_120_60_large.py"
set "PM41" to "linear"
set "Ar36" to "('Linear', 'SEM')"
15:55:22 -- CLOSE  VALVE-R (Jan Inlet)
set "Ar37" to "('linear', 'SEM')"
set "Ar38" to "('linear', 'SEM')"
set "Ar39" to "('Linear', 'SEM')"
set_baseline_fits () {}
using default fits file=/Users/jan/PychronDev/scripts/measurement/fits/nominal_linear.yaml
set "H1" to "('average', 'SEM')"
set "H2" to "('average', 'SEM')"
set "CDD" to "('average', 'SEM')"
set "L2" to "('average', 'SEM')"
set "L1" to "('average', 'SEM')"
set "AX" to "('average', 'SEM')"
whiff () {'ncounts': 1, 'conditionals': [{'action': 'run_remainder', 'attr': 'Ar40', 'teststr': 'Ar40.cur<=175'}, {'action': 'run_pipette', 'attr': 'Ar40', 'teststr': 'Ar40.cur>500'}, {'action': 'run_chamber_split', 'attr': 'Ar40', 'teststr': 'Ar40.cur>=300'}, {'action': 'pump', 'attr': 'Ar40', 'teststr': 'Ar40.cur>175'}]}
build tables- whiff [Detector(H2), Detector(H1), Detector(AX), Detector(L1), Detector(L2), Detector(CDD)]
add group /whiff/PM41 (Group) '' table H2
add group /whiff/Ar40 (Group) '' table H1
add group /whiff/Ar39 (Group) '' table AX
add group /whiff/Ar38 (Group) '' table L1
add group /whiff/Ar37 (Group) '' table L2
add group /whiff/Ar36 (Group) '' table CDD
flush and close file /Users/jan/PychronDev/data/isotopes/65/bb5f0d-e403-438e-9f7f-954b8030380e.h5
measuring whiff. ncounts=1
starting measurement
GetData ===>> H2,0.153488648915021,H1,5.00061262204274,AX,1.43083998083309,L1,0.269186906424996,L2,0.0347805239...
Get Checksum: 1680446728
testing Ar40<=175
evaluate ot="Ar40.cur<=175" t="Ar40<=175", ctx="{'Ar40': 5.0006126220427403}"
condition Ar40<=175 is true trips=1/1
15:55:24 -- Conditional tripped: Ar40.cur<=175 condition Ar40<=175 is True
measurement finished
estimated time: 1.049 actual time: :1.104
flush and close file /Users/jan/PychronDev/data/isotopes/65/bb5f0d-e403-438e-9f7f-954b8030380e.h5
WHIFF Result=run_remainder
Whiff result=run_remainder
open ('R',) {}
opening name=R desc=---
checking ownership. requestor=129.138.12.150
check software interlocks R
interlocks []
actuate state mode=None-script, software_lock=False
doing actuation None-script open_channel True
Open R ===>> OK
GetValveState R ===>> OK
change switch state (True, True)
update switch state R True args=() kw={} ncanvase=3
15:55:24 -- OPEN   VALVE-R (Jan Inlet)
---------------------------------------- open R () result=[(True, True)], time=0.38 sec
action=open, ok=True, locked=[False]
open ('S',) {}
opening name=S desc=---
checking ownership. requestor=129.138.12.150
check software interlocks S
interlocks []
actuate state mode=None-script, software_lock=False
doing actuation None-script open_channel True
Open S ===>> OK
GetValveState S ===>> OK
change switch state (True, True)
update switch state S True args=() kw={} ncanvase=3
15:55:25 -- OPEN   VALVE-S (Microbone to Inlet Pipette)
---------------------------------------- open S () result=[(True, True)], time=0.43 sec
action=open, ok=True, locked=[False]
sleep (12.0,) {}
SLEEP 12.0
block started
WaitControl setup for 12.0  
Get Checksum: -173909521
Get Checksum: -173909521
Get Checksum: -173909521
Get Checksum: -173909521
Join finished
block finished. duration 12.0291118622
close ('R',) {}
closing name=R desc=---
checking ownership. requestor=129.138.12.150
check software interlocks R
interlocks []
actuate state mode=None-script, software_lock=False
doing actuation None-script close_channel True
Close R ===>> OK
GetValveState R ===>> False
change switch state (True, True)
update switch state R False args=() kw={} ncanvase=3
15:55:38 -- CLOSE  VALVE-R (Jan Inlet)
---------------------------------------- close R () result=[(True, True)]
action=close, ok=True, locked=[False]
post_equilibration () {}
multicollect () {'integration_time': 1, 'ncounts': 120.0}
Post Equilibration Started jan_pump_extraction_line.py
build tables- signal [Detector(H2), Detector(H1), Detector(AX), Detector(L1), Detector(L2), Detector(CDD)]
15:55:38 -- ******* Post Equilibration Started jan_pump_extraction_line.py *******
testing...
add group /signal/PM41 (Group) '' table H2
add group /signal/Ar40 (Group) '' table H1
no interpolation path defined
add group /signal/Ar39 (Group) '' table AX
calculate duration
add group /signal/Ar38 (Group) '' table L1
testing...
add group /signal/Ar37 (Group) '' table L2
add group /signal/Ar36 (Group) '' table CDD
no interpolation path defined
flush and close file /Users/jan/PychronDev/data/isotopes/65/bb5f0d-e403-438e-9f7f-954b8030380e.h5
executed 4.0
measuring signal. ncounts=120.0
executed 4.0
Pump after analysis
doing GOSUB
testing...
no interpolation path defined
executed 4.0
Pump Microbone
close () {'description': 'Jan Inlet'}
closing name=--- desc=Jan Inlet
checking ownership. requestor=129.138.12.150
check software interlocks R
interlocks []
actuate state mode=None-script, software_lock=False
doing actuation None-script close_channel False
Close R ===>> OK
Get Checksum: -423938523
GetValveState R ===>> False
change switch state (True, True)
update switch state R False args=() kw={} ncanvase=3
15:55:38 -- CLOSE  VALVE-R (Jan Inlet)
---------------------------------------- close None (Jan Inlet) result=[(True, True)]
starting measurement
GetData ===>> H2,-0.0550088683321779,H1,134.75718220845,AX,34.1701734573003,L1,0.495986623418274,L2,0.352061253...
action=close, ok=True, locked=[False]
is_closed ('F',) {}
is F () closed?
is closed True
open () {'description': 'CO2 Laser to Jan'}
opening name=--- desc=CO2 Laser to Jan
checking ownership. requestor=129.138.12.150
check software interlocks A
interlocks []
actuate state mode=None-script, software_lock=False
doing actuation None-script open_channel False
Open A ===>> OK
GetValveState A ===>> OK
change switch state (True, True)
update switch state A True args=() kw={} ncanvase=3
15:55:39 -- OPEN   VALVE-A (CO2 Laser to Jan)
---------------------------------------- open None (CO2 Laser to Jan) result=[(True, True)], time=0.22 sec
action=open, ok=True, locked=[False]
sleep (1,) {}
SLEEP 1.0
GetData ===>> H2,0.155448702476566,H1,134.788315268667,AX,34.1030330204297,L1,0.503018315452762,L2,0.4213241927...
close () {'description': 'CO2 Laser to Roughing'}
closing name=--- desc=CO2 Laser to Roughing
checking ownership. requestor=129.138.12.150
check software interlocks G
interlocks []
actuate state mode=None-script, software_lock=True
VALVE-G(CO2 Laser to Roughing) software locked
change switch state (True, False)
---------------------------------------- close None (CO2 Laser to Roughing) result=[(True, False)]
action=close, ok=True, locked=[True]
open () {'description': 'Microbone to Turbo'}
opening name=--- desc=Microbone to Turbo
checking ownership. requestor=129.138.12.150
check software interlocks U
interlocks []
actuate state mode=None-script, software_lock=False
doing actuation None-script open_channel True
Open U ===>> OK
set states for children of U. state=True
handle state [('U', True)]
update switch state U True args=() kw={'refresh': False} ncanvase=3
refresh_canvas_needed fired
GetValveState U ===>> OK
change switch state (True, True)
update switch state U True args=() kw={} ncanvase=3
15:55:41 -- OPEN   VALVE-U (Microbone to Turbo)
---------------------------------------- open None (Microbone to Turbo) result=[(True, True)], time=0.33 sec
GetData ===>> H2,0.00566194253426058,H1,134.697463577249,AX,33.9681972554127,L1,0.474766961339106,L2,0.42015873...
action=open, ok=True, locked=[False]
open () {'description': 'Microbone to Getter NP-10'}
opening name=--- desc=Microbone to Getter NP-10
checking ownership. requestor=129.138.12.150
check software interlocks M
interlocks []
actuate state mode=None-script, software_lock=False
doing actuation None-script open_channel False
Open M ===>> OK
GetValveState M ===>> OK
change switch state (True, True)
update switch state M True args=() kw={} ncanvase=3
15:55:41 -- OPEN   VALVE-M (Microbone to Getter NP-10)
---------------------------------------- open None (Microbone to Getter NP-10) result=[(True, True)], time=0.15 sec
action=open, ok=True, locked=[False]
open () {'description': 'Microbone to Getter D-50'}
opening name=--- desc=Microbone to Getter D-50
checking ownership. requestor=129.138.12.150
check software interlocks K
interlocks []
actuate state mode=None-script, software_lock=False
doing actuation None-script open_channel False
Open K ===>> OK
GetValveState K ===>> OK
change switch state (True, True)
update switch state K True args=() kw={} ncanvase=3
15:55:42 -- OPEN   VALVE-K (Microbone to Getter D-50)
---------------------------------------- open None (Microbone to Getter D-50) result=[(True, True)], time=0.40 sec
Get Checksum: -110011688
GetData ===>> H2,-0.194624806738791,H1,134.649787167301,AX,33.8910950680894,L1,0.458865265095561,L2,0.408870534...
action=open, ok=True, locked=[False]
open () {'description': 'Microbone to CO2 Laser'}
opening name=--- desc=Microbone to CO2 Laser
checking ownership. requestor=129.138.12.150
check software interlocks T
interlocks []
actuate state mode=None-script, software_lock=False
doing actuation None-script open_channel False
Open T ===>> OK
GetValveState T ===>> OK
change switch state (True, True)
update switch state T True args=() kw={} ncanvase=3
15:55:42 -- OPEN   VALVE-T (Microbone to CO2 Laser)
---------------------------------------- open None (Microbone to CO2 Laser) result=[(True, True)], time=0.40 sec
action=open, ok=True, locked=[False]
open () {'description': 'Microbone to Inlet Pipette'}
opening name=--- desc=Microbone to Inlet Pipette
checking ownership. requestor=129.138.12.150
check software interlocks S
interlocks []
actuate state mode=None-script, software_lock=False
doing actuation None-script open_channel False
GetData ===>> H2,-0.140387665988772,H1,134.739702334731,AX,33.977377505225,L1,0.420612507665516,L2,0.3539338013...
Open S ===>> OK
GetValveState S ===>> OK
change switch state (True, True)
update switch state S True args=() kw={} ncanvase=3
15:55:43 -- OPEN   VALVE-S (Microbone to Inlet Pipette)
---------------------------------------- open None (Microbone to Inlet Pipette) result=[(True, True)], time=0.41 sec
action=open, ok=True, locked=[False]
sleep (1,) {}
SLEEP 1.0
GetData ===>> H2,-0.108857331201406,H1,134.612796913087,AX,34.011217313893,L1,0.440467395855903,L2,0.3831228723...
set_resource () {'name': 'CO2PumpTimeFlag', 'value': 30}
Set CO2PumpTimeFlag 30 ===>> OK
release ('JanCO2Flag',) {}
release JanCO2Flag
Set JanCO2Flag 0 ===>> OK
executed 6.0
PumpMicrobone.py completed successfully
gosub finished
get_resource_value () {'name': 'JanMiniboneFlag'}
Read JanMiniboneFlag ===>> 0
Get Resource Value JanMiniboneFlag=0.0
get resource value 0.0
get_resource_value () {'name': 'JanMiniboneFlag'}
Read JanMiniboneFlag ===>> 0
Get Resource Value JanMiniboneFlag=0.0
executed 4.0
jan_pump_extraction_line.py completed successfully
Post Equilibration Finished
15:55:44 -- ******* Post Equilibration Finished *******
Get Checksum: -110011688
GetData ===>> H2,-0.169216706080443,H1,134.197947856607,AX,33.937529125273,L1,0.450990809472604,L2,0.3556008563...
GetData ===>> H2,-0.165680631576627,H1,134.439555777907,AX,34.0413328109597,L1,0.44300958885141,L2,0.3998683472...
GetData ===>> H2,-0.165771071661353,H1,134.288381403523,AX,33.9912582441729,L1,0.458689693373519,L2,0.431002602...
Get Checksum: -110011688
GetData ===>> H2,0.0097494916564923,H1,134.221896626407,AX,33.9567161703888,L1,0.440565443729682,L2,0.275535057...
GetData ===>> H2,-0.0200533103797509,H1,134.389772741693,AX,33.891231286558,L1,0.419700865424473,L2,0.345941474...
GetData ===>> H2,-0.254853323533521,H1,134.311087146134,AX,33.7836420549623,L1,0.41152042994743,L2,0.4284772086...
Get Checksum: -110011688
GetData ===>> H2,-0.258244649492331,H1,134.116647974987,AX,33.7710816068854,L1,0.433574857449868,L2,0.353511333...
GetData ===>> H2,-0.126839233058552,H1,134.052503884696,AX,33.6924750684039,L1,0.392719878093569,L2,0.357484891...
GetData ===>> H2,-0.150000137450223,H1,134.09100730612,AX,33.7573796380272,L1,0.411645329243115,L2,0.4480491837...
Get Checksum: -110011688
GetData ===>> H2,-0.0871268000336595,H1,133.988125586249,AX,33.6759138793173,L1,0.443148115961277,L2,0.36934945...
GetData ===>> H2,-0.0323821662828622,H1,133.935156788858,AX,33.7528897773923,L1,0.466913676176906,L2,0.32482210...
GetData ===>> H2,-0.0834485135432503,H1,133.870966126155,AX,33.8451169910588,L1,0.417641055999579,L2,0.48301881...
Get Checksum: -110011688
GetData ===>> H2,-0.0736009406757869,H1,133.816570710779,AX,33.7044245667226,L1,0.396133819336169,L2,0.38633238...
GetData ===>> H2,-0.0698152099316123,H1,133.911162044629,AX,33.681561015728,L1,0.410256828330441,L2,0.422066893...
GetData ===>> H2,-0.0403375008569038,H1,133.99720435126,AX,33.7882147820095,L1,0.447532910700277,L2,0.360122603...
Get Checksum: -110011688
GetData ===>> H2,-0.132153509455764,H1,133.891809458974,AX,33.7076367180076,L1,0.404210344106715,L2,0.435642186...
GetData ===>> H2,-0.12220661439417,H1,133.757954865134,AX,33.6685526099982,L1,0.395884159357873,L2,0.4379277779...
GetData ===>> H2,-0.0279513799729371,H1,133.746311240799,AX,33.79662581152,L1,0.39929058347871,L2,0.41862766718...
Get Checksum: -110011688
15:56:04 -- collecting point 25
GetData ===>> H2,-0.117332616867201,H1,133.671572538563,AX,33.6824183162762,L1,0.43337012630038,L2,0.2987318454...
GetData ===>> H2,-0.106861808385938,H1,133.561302737117,AX,33.6882290785476,L1,0.449889160490803,L2,0.345793052...
GetData ===>> H2,-0.125713028925171,H1,133.574054157344,AX,33.6440502141774,L1,0.439221893964505,L2,0.411132638...
Get Checksum: -110011688
GetData ===>> H2,-0.105146054957963,H1,133.617767860579,AX,33.5884937485032,L1,0.434761642818946,L2,0.366757169...
GetData ===>> H2,-0.186802793371131,H1,133.503008731875,AX,33.7825261196003,L1,0.415497136020889,L2,0.452982075...
Get Checksum: -110011688
GetData ===>> H2,-0.30129544671567,H1,133.485431049775,AX,33.7666864566859,L1,0.446299191799815,L2,0.3564001395...
GetData ===>> H2,-0.190807498337538,H1,133.438394010142,AX,33.629713105587,L1,0.45904329542215,L2,0.37661280218...
GetData ===>> H2,-0.0672504481276057,H1,133.312718777592,AX,33.5833406758222,L1,0.440297039896899,L2,0.45960533...
Get Checksum: -110011688
GetData ===>> H2,-0.162676800733032,H1,133.358653888675,AX,33.6106314934208,L1,0.412678867943158,L2,0.333372036...
GetData ===>> H2,-0.248196748961913,H1,133.231096417457,AX,33.5153088028051,L1,0.454832781754447,L2,0.308865801...
GetData ===>> H2,-0.156777525144806,H1,133.407328209204,AX,33.5557189075035,L1,0.476961301604254,L2,0.393574172...
Get Checksum: -110011688
GetData ===>> H2,-0.120732325760311,H1,133.413449483239,AX,33.6439821970776,L1,0.414339605151432,L2,0.457995159...
GetData ===>> H2,-0.218134930639893,H1,133.253425342043,AX,33.4046657360166,L1,0.430050862879931,L2,0.371656308...
GetData ===>> H2,-0.234898342055566,H1,133.110233135421,AX,33.4896637674394,L1,0.416881444627205,L2,0.294737900...
Get Checksum: -110011688
GetData ===>> H2,-0.206306055754614,H1,133.16215844846,AX,33.6143986010643,L1,0.420256212585315,L2,0.3641192747...
GetData ===>> H2,-0.182757547090107,H1,132.978735158069,AX,33.4691763574004,L1,0.426800052785692,L2,0.342459312...
GetData ===>> H2,-0.0618984483997515,H1,133.06142140977,AX,33.5397898233039,L1,0.417388662767988,L2,0.369600695...
Get Checksum: -110011688
GetData ===>> H2,-0.160571619559341,H1,133.0889432692,AX,33.4177904936754,L1,0.39419666604845,L2,0.435150790909...
GetData ===>> H2,-0.213840580464518,H1,133.12701671009,AX,33.4702638513948,L1,0.375973828812402,L2,0.4167424295...
GetData ===>> H2,-0.268315856268905,H1,133.219416641125,AX,33.454346692732,L1,0.387760061939841,L2,0.3369451965...
Get Checksum: -110011688
GetData ===>> H2,-0.256481233420081,H1,133.039482635218,AX,33.4481897540094,L1,0.410655972516852,L2,0.301733119...
GetData ===>> H2,-0.153336213881759,H1,132.975697078544,AX,33.4514380754081,L1,0.441936986292788,L2,0.377252368...
GetData ===>> H2,-0.198604689248766,H1,132.873328323888,AX,33.4898677083958,L1,0.438600016265284,L2,0.434407989...
Get Checksum: -110011688
GetData ===>> H2,-0.234037214596735,H1,132.742203314393,AX,33.4283348713721,L1,0.433137203600141,L2,0.401513353...
GetData ===>> H2,-0.185994938725578,H1,132.76817600877,AX,33.5504407067276,L1,0.370849918132371,L2,0.3206330337...
15:56:30 -- collecting point 50
GetData ===>> H2,-0.111628072947475,H1,132.747699108052,AX,33.3519647297265,L1,0.39434961811649,L2,0.3712337621...
Get Checksum: -110011688
GetData ===>> H2,-0.179111675552812,H1,132.624242574515,AX,33.4407692496572,L1,0.406794964245706,L2,0.357690425...
GetData ===>> H2,-0.27799554751668,H1,132.777224744012,AX,33.3762339419422,L1,0.400337079182097,L2,0.4490425929...
Get Checksum: -110011688
GetData ===>> H2,-0.175472729604716,H1,132.680373260707,AX,33.4298975876069,L1,0.408342131329615,L2,0.383545471...
GetData ===>> H2,-0.166659235926783,H1,132.619322974928,AX,33.4101138216204,L1,0.428914861817918,L2,0.427505921...
testing age>100.0
evaluate ot="age>100.0" t="age>100.0", ctx="{'age': 26.656227489994624}"
GetData ===>> H2,-0.089651952598201,H1,132.71647271565,AX,33.2687386794924,L1,0.417478102378973,L2,0.3621209182...
Get Checksum: -110011688
GetData ===>> H2,-0.0916328868834606,H1,132.608968486495,AX,33.3527801727672,L1,0.389236136515683,L2,0.30177876...
GetData ===>> H2,-0.115006483417354,H1,132.471842223945,AX,33.4312293105137,L1,0.450119785488327,L2,0.375162373...
GetData ===>> H2,-0.156073674852941,H1,132.476380888481,AX,33.3145285842446,L1,0.453885346579805,L2,0.308728848...
GetData ===>> H2,-0.154606391503182,H1,132.413786629281,AX,33.3417857732259,L1,0.426480296222799,L2,0.358386958...
testing age>100.0
evaluate ot="age>100.0" t="age>100.0", ctx="{'age': 26.67004329145055}"
GetData ===>> H2,-0.14242162304688,H1,132.592922285999,AX,33.2924395523609,L1,0.408847703989315,L2,0.4139432056...
Get Checksum: -110011688
GetData ===>> H2,-0.14347697463421,H1,132.504626453259,AX,33.3323686695349,L1,0.43621098170586,L2,0.36618619017...
GetData ===>> H2,-0.178644724893953,H1,132.27422711121,AX,33.3319610202735,L1,0.39326309602405,L2,0.41957601287...
GetData ===>> H2,-0.219204761559944,H1,132.362094535757,AX,33.2433319282485,L1,0.397437289853523,L2,0.375196634...
Get Checksum: -110011688
GetData ===>> H2,-0.203717051295528,H1,132.370001909322,AX,33.3194876575671,L1,0.39787671297953,L2,0.3606592896...
testing age>100.0
evaluate ot="age>100.0" t="age>100.0", ctx="{'age': 26.724286414331402}"
testing Ar39<0.5
evaluate ot="Ar39<0.5" t="Ar39<0.5", ctx="{'Ar39': 34.208065027052996}"
GetData ===>> H2,-0.182642872493543,H1,132.249420165558,AX,33.281165743237,L1,0.42630633322675,L2,0.38755454144...
GetData ===>> H2,-0.117980709947342,H1,132.155699731022,AX,33.1947747604957,L1,0.417389887962879,L2,0.439893430...
Get Checksum: -110011688
GetData ===>> H2,-0.158849644407596,H1,131.983625845297,AX,33.1760809768147,L1,0.416022661315813,L2,0.305544758...
GetData ===>> H2,-0.303446870194083,H1,132.144728526149,AX,33.0260583745298,L1,0.387773513193822,L2,0.404677786...
GetData ===>> H2,-0.176154446098164,H1,131.908876471215,AX,33.1193683662286,L1,0.403063871896611,L2,0.339959084...
Get Checksum: -110011688
testing age>100.0
evaluate ot="age>100.0" t="age>100.0", ctx="{'age': 26.68944771810222}"
testing Ar39<0.5
evaluate ot="Ar39<0.5" t="Ar39<0.5", ctx="{'Ar39': 34.22233486405167}"
GetData ===>> H2,-0.122405425824939,H1,131.87876457454,AX,33.1038136526665,L1,0.415254594947335,L2,0.5152359694...
GetData ===>> H2,-0.126287636833574,H1,132.019221299219,AX,33.1608444111863,L1,0.432471564114091,L2,0.384710482...
GetData ===>> H2,-0.147293527650474,H1,132.008787358664,AX,33.0213521602687,L1,0.440483328571823,L2,0.289648715...
Get Checksum: -110011688
GetData ===>> H2,-0.221338731372096,H1,131.993860241757,AX,32.9837770940819,L1,0.400839811562756,L2,0.311353805...
GetData ===>> H2,-0.255052287957361,H1,131.605901890215,AX,33.0691285920006,L1,0.401627597436241,L2,0.409967305...
testing age>100.0
evaluate ot="age>100.0" t="age>100.0", ctx="{'age': 26.684479457989827}"
testing Ar39<0.5
evaluate ot="Ar39<0.5" t="Ar39<0.5", ctx="{'Ar39': 34.23851146674288}"
15:56:56 -- collecting point 75
GetData ===>> H2,-0.141368876191943,H1,131.656666528393,AX,33.3033476844356,L1,0.410379263548898,L2,0.361344425...
Get Checksum: -110011688
GetData ===>> H2,-0.233399399755692,H1,131.761580595215,AX,33.130553871123,L1,0.411102885479687,L2,0.3786914081...
GetData ===>> H2,-0.183441523205514,H1,131.802886432332,AX,33.1001492387633,L1,0.430090079828079,L2,0.409030479...
Get Checksum: -110011688
GetData ===>> H2,-0.226619382452575,H1,131.69048662418,AX,33.0496330612159,L1,0.422079447034904,L2,0.3995827587...
GetData ===>> H2,-0.235038269067155,H1,131.619110671149,AX,33.000386779941,L1,0.45045714518944,L2,0.30423235049...
testing age>100.0
evaluate ot="age>100.0" t="age>100.0", ctx="{'age': 26.693701216447092}"
testing Ar39<0.5
evaluate ot="Ar39<0.5" t="Ar39<0.5", ctx="{'Ar39': 34.22758723928486}"
GetData ===>> H2,-0.0828796001113764,H1,131.349534714722,AX,33.0353221830248,L1,0.434843791087444,L2,0.39666980...
Get Checksum: -110011688
GetData ===>> H2,-0.211401468983994,H1,131.344003785874,AX,33.04226714287,L1,0.38167456663212,L2,0.300306646543...
GetData ===>> H2,-0.181780752161005,H1,131.388908408217,AX,33.0102723029411,L1,0.399690909446091,L2,0.365158436...
GetData ===>> H2,-0.0876693177672297,H1,131.360083497754,AX,33.1219203021819,L1,0.428467603485824,L2,0.44915677...
Get Checksum: -110011688
GetData ===>> H2,-0.220007741923483,H1,131.346295148294,AX,33.1236306742374,L1,0.409469604722813,L2,0.420752888...
testing age>100.0
evaluate ot="age>100.0" t="age>100.0", ctx="{'age': 26.709691592091048}"
testing Ar39<0.5
evaluate ot="Ar39<0.5" t="Ar39<0.5", ctx="{'Ar39': 34.21662464276167}"
GetData ===>> H2,-0.20058276789157,H1,131.49821443539,AX,33.0304935152953,L1,0.382011876072645,L2,0.37085689800...
GetData ===>> H2,-0.178158859837007,H1,131.62427187278,AX,33.00068509592,L1,0.397981981478376,L2,0.306309386848...
Get Checksum: -110011688
GetData ===>> H2,-0.171054489033136,H1,131.344833413437,AX,33.0427283466093,L1,0.401437985066363,L2,0.325255862...
GetData ===>> H2,-0.202668342601423,H1,131.326345555329,AX,32.9360519085622,L1,0.379813549854004,L2,0.286727690...
GetData ===>> H2,-0.121591223611373,H1,131.32508150359,AX,32.9750119585059,L1,0.391320367920237,L2,0.3630687050...
Get Checksum: -110011688
testing age>100.0
evaluate ot="age>100.0" t="age>100.0", ctx="{'age': 26.726984225115}"
testing Ar39<0.5
evaluate ot="Ar39<0.5" t="Ar39<0.5", ctx="{'Ar39': 34.21081806686502}"
GetData ===>> H2,-0.150610521031314,H1,131.246913933995,AX,32.9335563153202,L1,0.411611043010785,L2,0.391301060...
GetData ===>> H2,-0.117116126593942,H1,131.28523875657,AX,32.9732210231349,L1,0.434948009984001,L2,0.4855089770...
GetData ===>> H2,-0.152724045545958,H1,131.246736159077,AX,32.8814732980307,L1,0.412414350511183,L2,0.281330875...
Get Checksum: -110011688
GetData ===>> H2,-0.16769848868494,H1,131.195386944752,AX,32.9254053295376,L1,0.405312888980266,L2,0.4123094106...
GetData ===>> H2,-0.17114083860746,H1,131.10217238835,AX,32.9010101104183,L1,0.409046022576278,L2,0.41579411186...
testing age>100.0
evaluate ot="age>100.0" t="age>100.0", ctx="{'age': 26.73119997841971}"
testing Ar39<0.5
evaluate ot="Ar39<0.5" t="Ar39<0.5", ctx="{'Ar39': 34.208845324606486}"
GetData ===>> H2,-0.138754830571743,H1,131.160794446084,AX,32.9637105430486,L1,0.421944744375455,L2,0.217301468...
Get Checksum: -110011688
GetData ===>> H2,-0.21221905420696,H1,131.029184208692,AX,32.7854662546167,L1,0.429059459083098,L2,0.4816138472...
GetData ===>> H2,-0.240783834245905,H1,130.935927771572,AX,32.7417964458417,L1,0.421339828736667,L2,0.361435777...
GetData ===>> H2,-0.219444583817288,H1,130.986495999325,AX,32.7248182704369,L1,0.417310250598581,L2,0.336625547...
Get Checksum: -110011688
GetData ===>> H2,-0.139895677409041,H1,130.857669421229,AX,32.792244574895,L1,0.428084079639854,L2,0.3364314751...
testing age>100.0
evaluate ot="age>100.0" t="age>100.0", ctx="{'age': 26.730871049217708}"
testing Ar39<0.5
evaluate ot="Ar39<0.5" t="Ar39<0.5", ctx="{'Ar39': 34.217005528868675}"
15:57:23 -- collecting point 100
GetData ===>> H2,-0.168620239600366,H1,130.885154360288,AX,32.8598524928151,L1,0.423978942427746,L2,0.223567229...
Get Checksum: -110011688
GetData ===>> H2,-0.192812015382688,H1,130.924920426721,AX,32.9376116821282,L1,0.422165167827992,L2,0.366665812...
GetData ===>> H2,-0.26809946289351,H1,130.743556108611,AX,32.8636070337812,L1,0.421898211139603,L2,0.4190047191...
GetData ===>> H2,-0.191608269320252,H1,130.898020379288,AX,32.7311593833232,L1,0.429295965771551,L2,0.406928366...
Get Checksum: -110011688
GetData ===>> H2,-0.208254493838287,H1,130.81953743428,AX,32.9060812818057,L1,0.437551372729647,L2,0.3002153530...
testing age>100.0
evaluate ot="age>100.0" t="age>100.0", ctx="{'age': 26.743281737159617}"
testing Ar39<0.5
evaluate ot="Ar39<0.5" t="Ar39<0.5", ctx="{'Ar39': 34.206280932833934}"
GetData ===>> H2,-0.170548521267773,H1,130.494318611055,AX,32.758248588693,L1,0.41166002337771,L2,0.36872136275...
GetData ===>> H2,-0.234666920501602,H1,130.516610469438,AX,32.7147111591816,L1,0.409165994937737,L2,0.251853852...
Get Checksum: -110011688
GetData ===>> H2,-0.110125331923228,H1,130.65888391859,AX,32.6765533984385,L1,0.419825864169098,L2,0.4552316502...
GetData ===>> H2,-0.0181557117052016,H1,130.665193410729,AX,32.7905906274876,L1,0.371443828140381,L2,0.41388607...
GetData ===>> H2,-0.137162319318661,H1,130.496723070101,AX,32.8844286865044,L1,0.36798350284571,L2,0.3900331673...
Get Checksum: -110011688
testing age>100.0
evaluate ot="age>100.0" t="age>100.0", ctx="{'age': 26.759079117746353}"
testing Ar39<0.5
evaluate ot="Ar39<0.5" t="Ar39<0.5", ctx="{'Ar39': 34.20246157435494}"
GetData ===>> H2,-0.18542981080453,H1,130.682644353066,AX,32.8581446920739,L1,0.43590319469738,L2,0.38661793449...
GetData ===>> H2,-0.131274305538581,H1,130.370831627993,AX,32.7300076591881,L1,0.421910456707565,L2,0.424420720...
GetData ===>> H2,-0.200693325135276,H1,130.39929164955,AX,32.7068807979189,L1,0.423170603623493,L2,0.3793309882...
Get Checksum: -110011688
GetData ===>> H2,-0.258950207542267,H1,130.441646081511,AX,32.5980951522479,L1,0.41514680075181,L2,0.3931058387...
GetData ===>> H2,-0.223355124253096,H1,130.492860185719,AX,32.649740910047,L1,0.388744495724315,L2,0.3459528921...
testing age>100.0
evaluate ot="age>100.0" t="age>100.0", ctx="{'age': 26.75280133816861}"
testing Ar39<0.5
evaluate ot="Ar39<0.5" t="Ar39<0.5", ctx="{'Ar39': 34.19972228899891}"
GetData ===>> H2,-0.218370733307524,H1,130.291985855401,AX,32.6120066503538,L1,0.418169141498135,L2,0.387291833...
Get Checksum: -110011688
GetData ===>> H2,-0.110707498435789,H1,130.155786557851,AX,32.6531801382874,L1,0.423987516058677,L2,0.379456620...
GetData ===>> H2,-0.123556299768725,H1,130.455300311265,AX,32.6530718145509,L1,0.399852513340225,L2,0.434202291...
GetData ===>> H2,-0.158507919403321,H1,130.484523758087,AX,32.6596120451767,L1,0.374764736526775,L2,0.341123565...
Get Checksum: -110011688
GetData ===>> H2,-0.154641522053045,H1,130.264315592468,AX,32.5729314522779,L1,0.398198642133635,L2,0.375447888...
testing age>100.0
evaluate ot="age>100.0" t="age>100.0", ctx="{'age': 26.744571829122123}"
testing Ar39<0.5
evaluate ot="Ar39<0.5" t="Ar39<0.5", ctx="{'Ar39': 34.19967825857665}"
GetData ===>> H2,-0.15349566952254,H1,130.237693492941,AX,32.4893272345991,L1,0.388029090368824,L2,0.4216898291...
measurement finished
estimated time: 125.829 actual time: :126.100
flush and close file /Users/jan/PychronDev/data/isotopes/65/bb5f0d-e403-438e-9f7f-954b8030380e.h5
baselines () {'settling_time': 15.0, 'detector': 'H1', 'mass': 34.2, 'ncounts': 60.0}
%%%%%%%%%%%%%%%%%%%%%%%%%%%%%%%% Baseline
build tables- baseline [Detector(H2), Detector(H1), Detector(AX), Detector(L1), Detector(L2), Detector(CDD)]
add group baseline table H2
add group baseline table H1
add group baseline table AX
add group baseline table L1
add group baseline table L2
add group baseline table CDD
flush and close file /Users/jan/PychronDev/data/isotopes/65/bb5f0d-e403-438e-9f7f-954b8030380e.h5
detector Detector(H1)
POSITION 34.2 H1
Mapping mass to dac mass func: "parabolic"
H1 map mass coeffs = [-0.00063987  0.15840543  0.57034999]
H1 map mass to dac 34.2 >> 5.23939599104
Get Checksum: -110011688
GetDeflection H1 ===>> 0
GetHighVoltage ===>> 4499.94659342336
positioning 34.2 (5.23936513673) on H1
setting magnet DAC
current  : 5.878705
requested: 5.239365
Delta Dac: 0.639340
Checking detector protection. dv=0.63934
Checking detector "CDD". Protection Threshold: 0.1 (V)
ProtectDetector CDD,On ===>> OK
GetDeflection CDD ===>> 2000
SetMagnetDAC 5.23936513673 ===>> OK
Magnet settling time: 0.500
GetMagnetMoving ===>> True
GetMagnetMoving ===>> True
GetMagnetMoving ===>> True
GetMagnetMoving ===>> True
GetMagnetMoving ===>> True
GetMagnetMoving ===>> True
GetMagnetMoving ===>> True
GetMagnetMoving ===>> True
GetMagnetMoving ===>> False
ProtectDetector CDD,Off ===>> OK
GetDeflection CDD ===>> 50
Delaying 15.0s for detectors to settle
Get Checksum: -110011688
Get Checksum: -110011688
Get Checksum: -110011688
Get Checksum: -110011688
Get Checksum: -110011688
Join finished
measuring baseline. ncounts=60.0
Get Checksum: -110011688
starting measurement
GetData ===>> H2,-0.197086174751619,H1,-0.111460821413467,AX,-0.144240825076003,L1,0.0311503395939968,L2,0.0482...
GetData ===>> H2,-0.182421614695311,H1,0.0576051848601324,AX,-0.181695822795714,L1,-0.000616860284271678,L2,-0....
GetData ===>> H2,-0.250351488229506,H1,-0.0313698438928921,AX,-0.0437942878388733,L1,-0.0439316107914453,L2,-0....
Get Checksum: -110011688
GetData ===>> H2,-0.221849261643491,H1,-0.0461436368407895,AX,-0.017805164444868,L1,-0.0132830032557276,L2,-0.0...
GetData ===>> H2,-0.17070368711846,H1,-0.00730261253256688,AX,-0.0888442108275006,L1,0.0075833679205268,L2,-0.0...
GetData ===>> H2,-0.236793936643716,H1,-0.0457382511235281,AX,-0.00349136745822053,L1,0.0162947173393037,L2,-0....
Get Checksum: -110011688
GetData ===>> H2,-0.219560451174752,H1,-0.0570765087425816,AX,-0.0980927464647908,L1,-0.0154570821001886,L2,-0....
GetData ===>> H2,-0.188550475242072,H1,-0.0129323348049713,AX,-0.0966325098107936,L1,-0.0112871738077035,L2,0.0...
GetData ===>> H2,-0.214614898418195,H1,-0.0260035196069317,AX,-0.0208555638212145,L1,-0.0179733070632914,L2,-0....
Get Checksum: -110011688
GetData ===>> H2,-0.281262330642121,H1,-0.0306066508782841,AX,-0.0667044206206038,L1,-0.0195201492354284,L2,-0....
GetData ===>> H2,-0.180467882586707,H1,-0.0478486234982477,AX,-0.115637050992856,L1,-0.0582530099232021,L2,0.01...
GetData ===>> H2,-0.207334215331034,H1,0.016806198712316,AX,-0.0597600664493286,L1,-0.0563224707993108,L2,-0.07...
Get Checksum: -110011688
GetData ===>> H2,-0.082244279806918,H1,0.00308696476507571,AX,-0.202567449479055,L1,-0.0538676920067053,L2,-0.0...
GetData ===>> H2,-0.0206726443138165,H1,-0.102488194693451,AX,-0.0491512898683171,L1,-0.0371647143659797,L2,0.0...
GetData ===>> H2,-0.116607358203488,H1,-0.00405822198474832,AX,-0.0358857934786823,L1,-0.045835101923004,L2,-0....
Get Checksum: -110011688
GetData ===>> H2,-0.187947717303595,H1,-0.0187644885637493,AX,-0.0205888026714155,L1,-0.0376643030057367,L2,-0....
GetData ===>> H2,-0.123022124845572,H1,-0.0267428969323856,AX,-0.0541369791920331,L1,-0.00760134100887602,L2,-0...
GetData ===>> H2,-0.203226407917302,H1,-0.0718226673750209,AX,-0.0284057609852687,L1,-0.0229355496899676,L2,0.0...
GetData ===>> H2,-0.135768350529268,H1,-0.002579126689972,AX,0.041841809711845,L1,-0.0117523033684308,L2,0.0285...
GetData ===>> H2,-0.131857292976221,H1,-0.0676863328630038,AX,-0.0259586798212893,L1,-0.0313857476205532,L2,-0....
Get Checksum: -110011688
GetData ===>> H2,-0.181752418453733,H1,-0.0484209202004536,AX,-0.0692779952979616,L1,-0.0489660989996362,L2,-0....
GetData ===>> H2,-0.151443668586913,H1,-0.0101413680009486,AX,-0.0367903165840201,L1,-0.0208773373247086,L2,0.0...
Get Checksum: -110011688
GetData ===>> H2,-0.088875473106498,H1,-0.0618927930446265,AX,-0.0831996223691563,L1,-0.00732790731569013,L2,0....
GetData ===>> H2,-0.243935826017954,H1,0.0247403529068492,AX,-0.0291247968355326,L1,-0.0110977592191699,L2,-0.0...
15:58:28 -- collecting point 25
GetData ===>> H2,-0.280660873246957,H1,0.0296920610357577,AX,0.076246202921413,L1,0.00569972045664156,L2,-0.112...
Get Checksum: -110011688
GetData ===>> H2,-0.202169565275423,H1,-0.0784976592931084,AX,-0.0771026353451614,L1,0.0206129692104688,L2,-0.0...
GetData ===>> H2,-0.187286939059201,H1,0.0485465888971472,AX,-0.133143437329738,L1,0.0256464795773369,L2,-0.002...
GetData ===>> H2,-0.132503819421739,H1,-0.0577441263460042,AX,-0.123678098793232,L1,-0.00276478607043014,L2,-0....
Get Checksum: -110011688
GetData ===>> H2,-0.11115561093782,H1,-0.110257368408972,AX,-0.0485483519862632,L1,-0.0117618934424772,L2,0.014...
GetData ===>> H2,-0.203894971658018,H1,-0.11005480558881,AX,-0.0667160134519884,L1,-0.0383375702361693,L2,-0.09...
GetData ===>> H2,-0.214325377042885,H1,-0.0592104850900331,AX,-0.0406286480265148,L1,-0.0636524788024334,L2,-0....
Get Checksum: -110011688
GetData ===>> H2,-0.226491469292996,H1,-0.0219964765096446,AX,0.0219283493595237,L1,-0.0560028727207289,L2,-0.0...
GetData ===>> H2,-0.157585345505681,H1,-0.0135406121129609,AX,-0.0464960161966681,L1,-0.0451683224799927,L2,0.0...
GetData ===>> H2,-0.202157432579988,H1,-0.06494457599151,AX,-0.0997152059316312,L1,-0.0569245324340741,L2,-0.02...
Get Checksum: -110011688
GetData ===>> H2,-0.17683477174554,H1,-0.0290086966550749,AX,-0.0885196848399083,L1,-0.0394216513378199,L2,-0.0...
GetData ===>> H2,-0.197103707609484,H1,-0.0230221040065757,AX,-0.067029019376075,L1,-0.0168483996063523,L2,-0.0...
GetData ===>> H2,-0.186702994749866,H1,-0.0237853548578969,AX,-0.153852288435368,L1,-0.0223254421239142,L2,-0.0...
Get Checksum: -110011688
GetData ===>> H2,-0.287654548962679,H1,-0.013421342343922,AX,-0.0682694403592593,L1,-0.00225964473233873,L2,0.0...
GetData ===>> H2,-0.374952305454733,H1,-0.0345656514327384,AX,0.0189811319292697,L1,-0.00556720022171513,L2,0.0...
GetData ===>> H2,-0.244323371434177,H1,-0.062739195298067,AX,0.0740308490193778,L1,-0.0252150347931695,L2,-0.03...
Get Checksum: -110011688
GetData ===>> H2,-0.209791717397464,H1,-0.0591389558937337,AX,-0.0337868036276969,L1,-0.0347718557033801,L2,-0....
GetData ===>> H2,-0.120258889715526,H1,-0.00619332906566221,AX,-0.0419505760745142,L1,-0.0041049076217966,L2,-0...
GetData ===>> H2,-0.0707685408848795,H1,-0.000408156917841396,AX,-0.113018353051365,L1,0.016901202934022,L2,-0....
Get Checksum: -110011688
GetData ===>> H2,-0.21223386986828,H1,0.0458613918410623,AX,0.0237849100815934,L1,-0.0229703091247046,L2,-0.074...
GetData ===>> H2,-0.261897558152917,H1,0.0631672585456712,AX,-0.0412432308437377,L1,-0.0401522919721367,L2,0.01...
Get Checksum: -110011688
GetData ===>> H2,-0.243237403296468,H1,-0.0828719214049255,AX,0.0485501744289355,L1,-0.043711309291351,L2,0.006...
GetData ===>> H2,-0.338993706492195,H1,-0.0501616358865807,AX,0.0809786460477421,L1,-0.0521463652158133,L2,-0.1...
GetData ===>> H2,-0.283744326182612,H1,0.0277948716298273,AX,-0.111118014832956,L1,-0.0544825478382692,L2,0.069...
Get Checksum: -110011688
GetData ===>> H2,-0.130171223432427,H1,0.0106621353909155,AX,-0.144762581483096,L1,-0.0411583331317373,L2,-0.02...
15:58:54 -- collecting point 50
GetData ===>> H2,-0.0907075002185679,H1,-0.01200202118381,AX,-0.11695796037623,L1,-0.0275455198397948,L2,-0.090...
GetData ===>> H2,-0.171306789847444,H1,-0.0941821377447248,AX,0.0104300651136258,L1,-0.0116120474913821,L2,-0.0...
Get Checksum: -110011688
GetData ===>> H2,-0.279228255072132,H1,-0.0244651202470745,AX,-0.0256687372178844,L1,-0.0437556094374939,L2,0.0...
GetData ===>> H2,-0.223089794509407,H1,0.00192986318643409,AX,-0.004639796745406,L1,-0.00977415527069573,L2,-0....
GetData ===>> H2,-0.234136785815642,H1,0.00825233390091564,AX,-0.079107960313403,L1,0.0302576501430453,L2,-0.03...
Get Checksum: -110011688
testing age>100.0
evaluate ot="age>100.0" t="age>100.0", ctx="{'age': 26.70404916278676}"
GetData ===>> H2,-0.179540821316234,H1,-0.0284959148927787,AX,-0.100259882686323,L1,0.00656471482456367,L2,0.02...
GetData ===>> H2,-0.170597095153916,H1,-0.0280189062435763,AX,-0.118985637250714,L1,-0.0159884441642023,L2,0.03...
GetData ===>> H2,-0.262572632718708,H1,-0.0684015614314635,AX,-0.0273967823672657,L1,-0.0252857361126418,L2,-0....
Get Checksum: -110011688
GetData ===>> H2,-0.189118144083708,H1,-0.0553478353223944,AX,-0.0596905044681983,L1,-0.0227845245443488,L2,0.0...
GetData ===>> H2,-0.0756207471760211,H1,-0.0685565269474829,AX,-0.0991473481959507,L1,-0.0497618582441897,L2,0....
testing age>100.0
evaluate ot="age>100.0" t="age>100.0", ctx="{'age': 26.702419303935482}"
GetData ===>> H2,-0.105320619001055,H1,-0.027649222976822,AX,0.0394510509603198,L1,-0.040272064057908,L2,-0.034...
Get Checksum: -110011688
measurement finished
estimated time: 62.915 actual time: :63.107
flush and close file /Users/jan/PychronDev/data/isotopes/65/bb5f0d-e403-438e-9f7f-954b8030380e.h5
activate_detectors ('H1', 'AX', 'CDD') {'peak_center': True}
peak_center () {'detector': 'H1', 'isotope': 'Ar40'}
peak center: mean=130.359423511 threshold=3
peak center started
setup peak center. detector=['H1', 'AX', 'CDD'], isotope=Ar40
VersionedUnpickler [<apptools.sweet_pickle.versioned_unpickler.VersionedUnpickler object at 0x141a945f0>] using Updater [<apptools.sweet_pickle.updater.Updater object at 0x137c6f7d0>]
VersionedUnpickler [<apptools.sweet_pickle.versioned_unpickler.VersionedUnpickler object at 0x141a945f0>] using Updater [<apptools.sweet_pickle.updater.Updater object at 0x137c6f7d0>]
VersionedUnpickler [<apptools.sweet_pickle.versioned_unpickler.VersionedUnpickler object at 0x1413c7d70>] using Updater [<apptools.sweet_pickle.updater.Updater object at 0x137c6f7d0>]
setting integration time = 0.524288
SetIntegrationTime 0.524288 ===>> OK
Mapping mass to dac mass func: "parabolic"
H1 map mass coeffs = [-0.00063987  0.15840543  0.57034999]
H1 map mass to dac 39.9624 >> 5.87874
GetDeflection H1 ===>> 0
GetHighVoltage ===>> 4499.94659342336
do peak center. <pychron.spectrometer.jobs.peak_center.PeakCenter object at 0x13a1fcef0>
doing pc
starting peak center. center dac= 5.87870538065 step_width=0.001
width = 0.001
get scan parameters. half-width=0.015,window=0.015, i=0, scalar=1
Scan parameters center=5.87871 width=0.03000 (5.86371 - 5.89371)
GetData ===>> H2,-0.226560138642893,H1,-0.0198378540686271,AX,0.00351550474077564,L1,-0.0110414136852926,L2,0.0...
Moving to starting dac 5.86370538065
setting magnet DAC
current  : 5.239365
requested: 5.863705
Delta Dac: 0.624340
Checking detector protection. dv=0.62434
Checking detector "CDD". Protection Threshold: 0.1 (V)
ProtectDetector CDD,On ===>> OK
GetDeflection CDD ===>> 2000
SetMagnetDAC 5.86370538065 ===>> OK
Magnet settling time: 0.500
GetMagnetMoving ===>> True
GetMagnetMoving ===>> True
GetMagnetMoving ===>> True
GetMagnetMoving ===>> True
GetMagnetMoving ===>> True
GetMagnetMoving ===>> True
GetMagnetMoving ===>> True
Get Checksum: -110011688
GetMagnetMoving ===>> True
GetMagnetMoving ===>> False
ProtectDetector CDD,Off ===>> OK
GetDeflection CDD ===>> 50
Wait until signal near baseline. tol= -0.0148783905515. timeout= 10
GetData ===>> H2,0.287068698041357,H1,0.197532891114194,AX,-0.0142327120758156,L1,0.0475132077506399,L2,0.11227...
GetData ===>> H2,7.83472726861327,H1,4.29345327013999,AX,0.0447549009344203,L1,0.0354094236416016,L2,-0.0523421...
GetData ===>> H2,10.0179882938127,H1,5.09892132366387,AX,0.775718083958347,L1,-0.00888326222283634,L2,-0.155941...
GetData ===>> H2,5.49508517055775,H1,2.39923006580189,AX,0.348533816252076,L1,-0.0412218061607337,L2,-0.0434421...
GetData ===>> H2,2.26185273039348,H1,1.239037262295,AX,0.0657122496854159,L1,0.000505283140466204,L2,-0.0455135...
GetData ===>> H2,0.726902197593877,H1,0.619090388596377,AX,0.0953784267056654,L1,0.02344193452659,L2,-0.0424177...
Get Checksum: -110011688
GetData ===>> H2,0.145205303907863,H1,0.378498323408327,AX,0.131546302398401,L1,-0.00205086157586278,L2,0.15573...
GetData ===>> H2,-0.0117831125654358,H1,0.209200534932541,AX,-0.0266429409407095,L1,-0.0037977871932539,L2,0.02...
GetData ===>> H2,-0.100460764078838,H1,0.115611336302224,AX,0.011868726648183,L1,0.00466130310113242,L2,-0.0419...
GetData ===>> H2,-0.106704875422453,H1,0.110342985050172,AX,-0.0357582318515843,L1,0.00366956080943082,L2,0.021...
GetData ===>> H2,-0.153872678599907,H1,0.0731386746325448,AX,-0.00868819191672457,L1,-0.00612495071067407,L2,0....
GetData ===>> H2,-0.158892865808517,H1,0.0809072991634575,AX,-0.0111473067788647,L1,-0.0303195342811374,L2,0.00...
Get Checksum: -110011688
GetData ===>> H2,-0.0753306762160177,H1,0.0306466353385162,AX,-0.133560493485212,L1,-0.0526547794347062,L2,0.05...
GetData ===>> H2,-0.108921534170961,H1,0.0386415524501917,AX,-0.124500704535391,L1,-0.0563122106509632,L2,-0.03...
GetData ===>> H2,-0.13735769170277,H1,0.0375914373638821,AX,-0.284255491816621,L1,-0.0633410710108756,L2,-0.150...
GetData ===>> H2,-0.174795250670623,H1,0.0580706684506939,AX,-0.105080718471444,L1,-0.0625523624250219,L2,-0.00...
GetData ===>> H2,-0.192331880800347,H1,0.0335820083452234,AX,-0.133120267490896,L1,-0.0565322359760453,L2,-0.02...
GetData ===>> H2,-0.170969488028012,H1,0.0468519228167931,AX,-0.192324360305374,L1,-0.0570774953522178,L2,-0.16...
Get Checksum: -110011688
GetData ===>> H2,-0.122863896055312,H1,0.0534875396439151,AX,-0.154573174920613,L1,-0.0738082936748466,L2,-0.20...
GetData ===>> H2,-0.113046694621149,H1,0.0784527299659612,AX,0.128299918780861,L1,-0.0522121614468165,L2,0.0600...
GetData ===>> H2,-0.113046694621149,H1,0.0784527299659612,AX,0.128299918780861,L1,-0.0522121614468165,L2,0.0600...
Peak center failed to move to a baseline position
_do_sweep sm= 5.86370538065, em= 5.89370538065, stm= 0.001
calculated step values: start=5.86370538065, end=5.89370538065, width=0.001, nsteps=31.0
setting magnet DAC
current  : 5.863705
requested: 5.863705
Delta Dac: 0.000000
Checking detector protection. dv=0.00000
Checking detector "CDD". Protection Threshold: 0.1 (V)
SetMagnetDAC 5.86370538065 ===>> OK
GetData ===>> H2,-0.0714939952711577,H1,0.0510289684569234,AX,0.0304107998115061,L1,-0.0499604890663814,L2,0.04...
setting magnet DAC
current  : 5.863705
requested: 5.864740
Delta Dac: 0.001034
Checking detector protection. dv=0.00103
Checking detector "CDD". Protection Threshold: 0.1 (V)
SetMagnetDAC 5.86473986341 ===>> OK
Magnet settling time: 1.049
GetData ===>> H2,-0.216407072715139,H1,0.103787731297822,AX,0.1373668753493,L1,-0.0309321488681329,L2,-0.080220...
setting magnet DAC
current  : 5.864740
requested: 5.865774
Delta Dac: 0.001034
Checking detector protection. dv=0.00103
Checking detector "CDD". Protection Threshold: 0.1 (V)
SetMagnetDAC 5.86577434617 ===>> OK
Magnet settling time: 1.049
Get Checksum: -110011688
GetData ===>> H2,-0.13985074726368,H1,0.530839274874162,AX,0.0689333736988773,L1,-0.0209342095983128,L2,-0.1277...
setting magnet DAC
current  : 5.865774
requested: 5.866809
Delta Dac: 0.001034
Checking detector protection. dv=0.00103
Checking detector "CDD". Protection Threshold: 0.1 (V)
SetMagnetDAC 5.86680882893 ===>> OK
Magnet settling time: 1.049
GetData ===>> H2,-0.211502491775976,H1,2.63050058886851,AX,0.372079311874771,L1,0.02265677182796,L2,-0.09685248...
setting magnet DAC
current  : 5.866809
requested: 5.867843
Delta Dac: 0.001034
Checking detector protection. dv=0.00103
Checking detector "CDD". Protection Threshold: 0.1 (V)
SetMagnetDAC 5.86784331169 ===>> OK
Magnet settling time: 1.049
GetData ===>> H2,-0.241704489840675,H1,9.04593567640821,AX,1.40954402688201,L1,0.0190654921417384,L2,0.00751557...
setting magnet DAC
current  : 5.867843
requested: 5.868878
Delta Dac: 0.001034
Checking detector protection. dv=0.00103
Checking detector "CDD". Protection Threshold: 0.1 (V)
SetMagnetDAC 5.86887779444 ===>> OK
Magnet settling time: 1.049
Get Checksum: -110011688
GetData ===>> H2,-0.198984960257905,H1,25.2300389102832,AX,4.40114837436113,L1,0.0115509916864014,L2,-0.0472434...
setting magnet DAC
current  : 5.868878
requested: 5.869912
Delta Dac: 0.001034
Checking detector protection. dv=0.00103
Checking detector "CDD". Protection Threshold: 0.1 (V)
SetMagnetDAC 5.8699122772 ===>> OK
Magnet settling time: 1.049
GetData ===>> H2,-0.214371162312047,H1,53.6905583019068,AX,10.2925514129992,L1,0.00896827667093245,L2,0.0357156...
setting magnet DAC
current  : 5.869912
requested: 5.870947
Delta Dac: 0.001034
Checking detector protection. dv=0.00103
Checking detector "CDD". Protection Threshold: 0.1 (V)
SetMagnetDAC 5.87094675996 ===>> OK
Magnet settling time: 1.049
Get Checksum: -110011688
GetData ===>> H2,-0.164026935589659,H1,85.2828379766976,AX,18.1273365118462,L1,0.0928536118811563,L2,0.07853272...
setting magnet DAC
current  : 5.870947
requested: 5.871981
Delta Dac: 0.001034
Checking detector protection. dv=0.00103
Checking detector "CDD". Protection Threshold: 0.1 (V)
SetMagnetDAC 5.87198124272 ===>> OK
Magnet settling time: 1.049
GetData ===>> H2,-0.25713448217785,H1,108.017912543644,AX,24.6027625665423,L1,0.22625579099242,L2,0.18788412582...
setting magnet DAC
current  : 5.871981
requested: 5.873016
Delta Dac: 0.001034
Checking detector protection. dv=0.00103
Checking detector "CDD". Protection Threshold: 0.1 (V)
SetMagnetDAC 5.87301572548 ===>> OK
Magnet settling time: 1.049
GetData ===>> H2,-0.172480521888871,H1,119.926030569416,AX,28.7327900128581,L1,0.282409503654405,L2,0.221136202...
setting magnet DAC
current  : 5.873016
requested: 5.874050
Delta Dac: 0.001034
Checking detector protection. dv=0.00103
Checking detector "CDD". Protection Threshold: 0.1 (V)
SetMagnetDAC 5.87405020824 ===>> OK
Magnet settling time: 1.049
Get Checksum: -110011688
GetData ===>> H2,-0.297290657670276,H1,124.110316574125,AX,30.4480858582636,L1,0.32775146942046,L2,0.2296507736...
setting magnet DAC
current  : 5.874050
requested: 5.875085
Delta Dac: 0.001034
Checking detector protection. dv=0.00103
Checking detector "CDD". Protection Threshold: 0.1 (V)
SetMagnetDAC 5.875084691 ===>> OK
Magnet settling time: 1.049
GetData ===>> H2,-0.190933936390524,H1,125.216004494475,AX,30.9816636640037,L1,0.344498649883348,L2,0.347539713...
setting magnet DAC
current  : 5.875085
requested: 5.876119
Delta Dac: 0.001034
Checking detector protection. dv=0.00103
Checking detector "CDD". Protection Threshold: 0.1 (V)
SetMagnetDAC 5.87611917375 ===>> OK
Magnet settling time: 1.049
GetData ===>> H2,-0.241131107892051,H1,125.623785779435,AX,31.2293467653656,L1,0.350966893417856,L2,0.305595896...
setting magnet DAC
current  : 5.876119
requested: 5.877154
Delta Dac: 0.001034
Checking detector protection. dv=0.00103
Checking detector "CDD". Protection Threshold: 0.1 (V)
SetMagnetDAC 5.87715365651 ===>> OK
Magnet settling time: 1.049
Get Checksum: -110011688
GetData ===>> H2,-0.204749489550244,H1,125.505063624401,AX,31.1926666133929,L1,0.332729607832457,L2,0.294924707...
setting magnet DAC
current  : 5.877154
requested: 5.878188
Delta Dac: 0.001034
Checking detector protection. dv=0.00103
Checking detector "CDD". Protection Threshold: 0.1 (V)
SetMagnetDAC 5.87818813927 ===>> OK
Magnet settling time: 1.049
GetData ===>> H2,-0.263425777637214,H1,125.607257142306,AX,31.1671266229002,L1,0.372611695301248,L2,0.399932545...
setting magnet DAC
current  : 5.878188
requested: 5.879223
Delta Dac: 0.001034
Checking detector protection. dv=0.00103
Checking detector "CDD". Protection Threshold: 0.1 (V)
SetMagnetDAC 5.87922262203 ===>> OK
Magnet settling time: 1.049
GetData ===>> H2,-0.207692634311987,H1,125.351258896283,AX,31.1217738616097,L1,0.413532999509481,L2,0.243508544...
setting magnet DAC
current  : 5.879223
requested: 5.880257
Delta Dac: 0.001034
Checking detector protection. dv=0.00103
Checking detector "CDD". Protection Threshold: 0.1 (V)
SetMagnetDAC 5.88025710479 ===>> OK
Magnet settling time: 1.049
Get Checksum: -110011688
GetData ===>> H2,-0.0720905959903734,H1,125.482860832191,AX,31.1766429547377,L1,0.383386893402586,L2,0.31781906...
setting magnet DAC
current  : 5.880257
requested: 5.881292
Delta Dac: 0.001034
Checking detector protection. dv=0.00103
Checking detector "CDD". Protection Threshold: 0.1 (V)
SetMagnetDAC 5.88129158755 ===>> OK
Magnet settling time: 1.049
GetData ===>> H2,-0.194844514323065,H1,125.511857041481,AX,31.1029084327042,L1,0.345057442563959,L2,0.365883073...
setting magnet DAC
current  : 5.881292
requested: 5.882326
Delta Dac: 0.001034
Checking detector protection. dv=0.00103
Checking detector "CDD". Protection Threshold: 0.1 (V)
SetMagnetDAC 5.88232607031 ===>> OK
Magnet settling time: 1.049
Get Checksum: -110011688
GetData ===>> H2,-0.209150447083073,H1,125.353547054091,AX,31.1642503753403,L1,0.362508934090484,L2,0.259362660...
setting magnet DAC
current  : 5.882326
requested: 5.883361
Delta Dac: 0.001034
Checking detector protection. dv=0.00103
Checking detector "CDD". Protection Threshold: 0.1 (V)
SetMagnetDAC 5.88336055307 ===>> OK
Magnet settling time: 1.049
GetData ===>> H2,-0.36031263972231,H1,124.733923308968,AX,30.759237958916,L1,0.381734450469641,L2,0.18097042216...
setting magnet DAC
current  : 5.883361
requested: 5.884395
Delta Dac: 0.001034
Checking detector protection. dv=0.00103
Checking detector "CDD". Protection Threshold: 0.1 (V)
SetMagnetDAC 5.88439503582 ===>> OK
Magnet settling time: 1.049
GetData ===>> H2,-0.118329771893986,H1,122.341482001382,AX,29.6365592085915,L1,0.401827753755304,L2,0.324341760...
setting magnet DAC
current  : 5.884395
requested: 5.885430
Delta Dac: 0.001034
Checking detector protection. dv=0.00103
Checking detector "CDD". Protection Threshold: 0.1 (V)
SetMagnetDAC 5.88542951858 ===>> OK
Magnet settling time: 1.049
Get Checksum: -110011688
GetData ===>> H2,-0.17010055227757,H1,115.052570748674,AX,26.8046787756761,L1,0.341434372683185,L2,0.2761845985...
setting magnet DAC
current  : 5.885430
requested: 5.886464
Delta Dac: 0.001034
Checking detector protection. dv=0.00103
Checking detector "CDD". Protection Threshold: 0.1 (V)
SetMagnetDAC 5.88646400134 ===>> OK
Magnet settling time: 1.049
GetData ===>> H2,-0.230952081335505,H1,98.0688629667693,AX,20.72193996443,L1,0.278967588333846,L2,-0.0353608188...
setting magnet DAC
current  : 5.886464
requested: 5.887498
Delta Dac: 0.001034
Checking detector protection. dv=0.00103
Checking detector "CDD". Protection Threshold: 0.1 (V)
SetMagnetDAC 5.8874984841 ===>> OK
Magnet settling time: 1.049
GetData ===>> H2,-0.237831897577456,H1,70.1952480609438,AX,12.9875601867712,L1,0.224096869595668,L2,0.222711227...
setting magnet DAC
current  : 5.887498
requested: 5.888533
Delta Dac: 0.001034
Checking detector protection. dv=0.00103
Checking detector "CDD". Protection Threshold: 0.1 (V)
SetMagnetDAC 5.88853296686 ===>> OK
Magnet settling time: 1.049
Get Checksum: -110011688
GetData ===>> H2,-0.272052127103543,H1,25.5541055869971,AX,3.56157596493279,L1,0.0959632525450086,L2,0.02097675...
setting magnet DAC
current  : 5.888533
requested: 5.889567
Delta Dac: 0.001034
Checking detector protection. dv=0.00103
Checking detector "CDD". Protection Threshold: 0.1 (V)
SetMagnetDAC 5.88956744962 ===>> OK
Magnet settling time: 1.049
GetData ===>> H2,-0.198868992439504,H1,9.25758103152143,AX,0.978538272571328,L1,0.0632481103404913,L2,0.0327995...
setting magnet DAC
current  : 5.889567
requested: 5.890602
Delta Dac: 0.001034
Checking detector protection. dv=0.00103
Checking detector "CDD". Protection Threshold: 0.1 (V)
SetMagnetDAC 5.89060193238 ===>> OK
Magnet settling time: 1.049
GetData ===>> H2,-0.102954493401411,H1,2.6537267818634,AX,0.212671447533493,L1,0.0206425209171995,L2,-0.0212681...
setting magnet DAC
current  : 5.890602
requested: 5.891636
Delta Dac: 0.001034
Checking detector protection. dv=0.00103
Checking detector "CDD". Protection Threshold: 0.1 (V)
SetMagnetDAC 5.89163641513 ===>> OK
Magnet settling time: 1.049
Get Checksum: -110011688
GetData ===>> H2,-0.324873484568527,H1,0.679467078590323,AX,-0.0673652098027216,L1,0.0354454845129488,L2,0.0203...
setting magnet DAC
current  : 5.891636
requested: 5.892671
Delta Dac: 0.001034
Checking detector protection. dv=0.00103
Checking detector "CDD". Protection Threshold: 0.1 (V)
SetMagnetDAC 5.89267089789 ===>> OK
Magnet settling time: 1.049
GetData ===>> H2,-0.215680003944653,H1,0.218220626264132,AX,-0.145654344213652,L1,-0.023544783631245,L2,0.00988...
setting magnet DAC
current  : 5.892671
requested: 5.893705
Delta Dac: 0.001034
Checking detector protection. dv=0.00103
Checking detector "CDD". Protection Threshold: 0.1 (V)
SetMagnetDAC 5.89370538065 ===>> OK
Magnet settling time: 1.049
Get Checksum: -110011688
GetData ===>> H2,-0.192838222685828,H1,-0.0405634774080397,AX,-0.13451044805312,L1,0.0124480225404563,L2,-0.045...
result of _do_sweep=True
result of _calculate_peak_center=([5.8713105910722412, 5.8789759217335638, 5.8866412523948863], [93.27884115605957, 125.6202169771795, 93.292922937825409], 5.8761502704309585, 125.6202169771795)
Failed to find a valid peak. No peak greater than 1.0. max = 0.0339252774789
new center pos Detector(H1) (Ar40) @ 5.87897592173
GetHighVoltage ===>> 4499.94659342336
GetDeflection H1 ===>> 0
dac uncorrected for HV and deflection 5.87901054268
update mftable H1 Ar40 5.87901054268 message=automated run peakcenter
get initial guess parabolic
get initial guess parabolic
get initial guess parabolic
get initial guess parabolic
get initial guess parabolic
get initial guess parabolic
dump mftable to /Users/jan/PychronDev/setupfiles/spectrometer/mftables/mftable.csv
add to repo msg=modified - automated run peakcenter
sweep finished
locally archiving mftable
setting magnet DAC
current  : 5.893705
requested: 5.878976
Delta Dac: 0.014729
Checking detector protection. dv=0.01473
Checking detector "CDD". Protection Threshold: 0.1 (V)
SetMagnetDAC 5.87897592173 ===>> OK
Magnet settling time: 0.500
setting integration time = 1.048576
SetIntegrationTime 1.048576 ===>> OK
Failed to find a valid peak. No peak greater than 1.0. max = 0.0339252774789
flush and close file /Users/jan/PychronDev/data/isotopes/65/bb5f0d-e403-438e-9f7f-954b8030380e.h5
finished measure script
executed 278.04
jan_co2_whiff_120_60_large.py completed successfully
Measurement Finished
15:59:52 -- ******* Measurement Finished *******
Post Measurement Started jan_pump_ms.py
15:59:52 -- ******* Post Measurement Started jan_pump_ms.py *******
testing...
no interpolation path defined
executed 0
Pumping spectrometer
open () {'name': 'O'}
opening name=O desc=---
checking ownership. requestor=129.138.12.150
check software interlocks O
interlocks []
actuate state mode=None-script, software_lock=False
doing actuation None-script open_channel True
Open O ===>> OK
GetValveState O ===>> OK
change switch state (True, True)
update switch state O True args=() kw={} ncanvase=3
15:59:52 -- OPEN   VALVE-O (Jan Ion Pump)
---------------------------------------- open O () result=[(True, True)], time=0.10 sec
action=open, ok=True, locked=[False]
executed 0
jan_pump_ms.py completed successfully
setting _ms_pumptime
Post Measurement Finished
15:59:53 -- ******* Post Measurement Finished *******
$$$$$$$$$$$$$$$$$$$$ state at run end measurement
state changed from measurement to success
post measurement save measured=True aborted=False
Set filtering
setting fod for Ar40= {'filter_outliers': True, 'std_devs': 2, 'iterations': 1}
setting fod for H1= {'filter_outliers': True, 'std_devs': 2, 'iterations': 1}
setting fod for PM41= {'filter_outliers': False, 'std_devs': 2, 'iterations': 1}
setting fod for H2= {'filter_outliers': True, 'std_devs': 2, 'iterations': 1}
setting fod for Ar36= {'filter_outliers': True, 'std_devs': 2, 'iterations': 1}
setting fod for CDD= {'filter_outliers': True, 'std_devs': 10, 'iterations': 1}
setting fod for Ar37= {'filter_outliers': True, 'std_devs': 2, 'iterations': 1}
setting fod for L2= {'filter_outliers': True, 'std_devs': 2, 'iterations': 1}
setting fod for Ar38= {'filter_outliers': True, 'std_devs': 2, 'iterations': 1}
setting fod for L1= {'filter_outliers': True, 'std_devs': 2, 'iterations': 1}
setting fod for Ar39= {'filter_outliers': True, 'std_devs': 2, 'iterations': 1}
setting fod for AX= {'filter_outliers': True, 'std_devs': 2, 'iterations': 1}
persistence save...
persistence save - db
post measurement save
5347598896 connecting to database sqlite:////Users/jan/PychronDev/.appdata/local_lab.db
connected to db sqlite:////Users/jan/PychronDev/.appdata/local_lab.db
create new session 5347598896
close session 5347598896
No database instance. Not saving post measurement to isotopedb database
$$$$$$$$$$$$$$$ auto_save_detector_ic=False
massspec enabled True
create new session 5054761584
MassSpec Database Version: 16.0
close session 5054761584
saving post measurement to secondary database
saving to massspec database 129.138.12.160/massspecdata
setting labnumber to 65511
setting aliquot to 22
setting step to 
setting uuid to 65bb5f0d-e403-438e-9f7f-954b8030380e
setting irradpos to 65511
setting extract_device to Fusions CO2
setting tray to 
setting position to 161
setting power_requested to 5.0
setting extract_value to 5.0
setting duration to 30.0
setting duration_at_request to 30.0
setting first_stage_delay to 30.0
setting cleanup to 30.0
setting comment to F:9 DS
setting irradiation to NM-289
setting level to F
setting irradiation_level to F
setting sample to TRC-23-djk
setting material to SandforDetrital
setting project to IR959
setting mass_spectrometer to Jan
no attribute chron_dosages
no attribute production_ratios
no attribute interference_corrections
no attribute production_name
no attribute j
Reference Isotope=Ar40
Reference Detector=H1
%%%%%%%%%%%%%%%%%%%% Comment: F:9 DS %%%%%%%%%%%%%%%%%%%
adding isotope PM41 H2
add baseline dbdet= PM41. original det= H2
get baseline data PM41 H2
Get data baseline <pychron.processing.isotope.Baseline object at 0x1373b8390> len t=60
baseline PM41. v=-0.188102997309, e=0.00754037823486
get signal data PM41 H2
Get data signal PM41 0.08+/-0.07 len t=120
adding isotope Ar40 H1
add baseline dbdet= Ar40. original det= H1
get baseline data Ar40 H1
Get data baseline <pychron.processing.isotope.Baseline object at 0x13f910690> len t=60
baseline Ar40. v=-0.0331446336467, e=0.00500603139311
get signal data Ar40 H1
Get data signal Ar40 135.425+/-0.024 len t=120
adding isotope Ar39 AX
add baseline dbdet= Ar39. original det= AX
get baseline data Ar39 AX
Get data baseline <pychron.processing.isotope.Baseline object at 0x13f910310> len t=60
baseline Ar39. v=-0.0566335230715, e=0.00673732965846
get signal data Ar39 AX
Get data signal Ar39 34.282+/-0.016 len t=120
adding isotope Ar38 L1
add baseline dbdet= Ar38. original det= L1
get baseline data Ar38 L1
Get data baseline <pychron.processing.isotope.Baseline object at 0x13d471390> len t=60
baseline Ar38. v=-0.024143880326, e=0.00293023714324
get signal data Ar38 L1
Get data signal Ar38 0.463+/-0.005 len t=120
adding isotope Ar37 L2
add baseline dbdet= Ar37. original det= L2
get baseline data Ar37 L2
Get data baseline <pychron.processing.isotope.Baseline object at 0x13d4715d0> len t=60
baseline Ar37. v=-0.0254199766191, e=0.00630927063603
get signal data Ar37 L2
Get data signal Ar37 0.409+/-0.011 len t=120
adding isotope Ar36 CDD
add baseline dbdet= Ar36. original det= CDD
get baseline data Ar36 CDD
Get data baseline <pychron.processing.isotope.Baseline object at 0x13e29b990> len t=60
baseline Ar36. v=4.71407136418e-05, e=1.03110677115e-05
get signal data Ar36 CDD
Get data signal Ar36 0.0288+/-0.0005 len t=120
65511-22 added analysis time 0.519820928574s
analysis added to mass spec database
mass spec save time= 0.527
persistence save - dvc
================= post measurement started
create new session 4983039568
close session 4983039568
Get Checksum: 2035439760
---------------- Experiment Queue saving disabled
DVC saving peakcenter
Failed to find a valid peak. No peak greater than 1.0. max = 0.0339252774789
Smart pull ahead: 0 behind: 0
Up-to-date with origin
add to repo msg=modified - ad8224ebc6dbfeb9f5997218dfa5fe690569839d.json
add to repo msg=modified - 11-22.json
add to repo msg=modified - 11-22.dat.json
add to repo msg=modified - 11-22.blan.json
add to repo msg=modified - 11-22.inte.json
add to repo msg=modified - 11-22.icfa.json
add to repo msg=modified - 11-22.base.json
not at valid file /Users/jan/PychronDev/data/.dvc/repositories/IR959/655/tags/11-22.tags.json
add to repo msg=modified - 11-22.peak.json
add to repo msg=modified - 11-22.extr.json
not at valid file /Users/jan/PychronDev/data/.dvc/repositories/IR959/655/monitor/11-22.moni.json
commit message=<COLLECTION>
Get Checksum: 2035439760
add to repo msg=modified - 11-22.inte.json
add to repo msg=modified - 11-22.base.json
commit message=<ISOEVO> default collection fits
add to repo msg=modified - 11-22.blan.json
commit message=<BLANKS> preceding bc-02-J-234
add to repo msg=modified - 11-22.icfa.json
commit message=<ICFactor> default
push repository <pychron.git_archive.repo_manager.GitRepoManager object at 0x13d46fcb0>
pushing to remote=origin, url=https://github.com
Get Checksum: 2035439760
no changes to meta repo
Get Checksum: 2035439760
create new session 4983039568
add association IR959
get identifier "65511"
setting analysis irradiation position=<pychron.dvc.dvc_orm.IrradiationPositionTbl object at 0x13ebfbe90>
close session 4983039568
================= post measurement finished
16:00:06 -- ******* Post Run Check *******
loading queue conditionals post_run_actions
loading system conditionals post_run_actions
loading conditionals from /Users/jan/PychronDev/setupfiles/spectrometer/default_conditionals.yaml
loading queue conditionals post_run_terminations
loading system conditionals post_run_terminations
loading conditionals from /Users/jan/PychronDev/setupfiles/spectrometer/default_conditionals.yaml
Checking default post run terminations n=1
GetDeflection CDD ===>> 50
testing CDD==2000
evaluate ot="CDD.deflection==2000" t="CDD==2000", ctx="{'CDD': 50.0}"
16:00:06 -- ******* Post Run Check Passed *******
16:00:06 -- Automated run 65511-22 success duration: 374.184 s
----------------- finish -----------------
----------------- stop -----------------
retroactive repository identifiers disabled
finish run. runs completed=16
update duration runid=65511-22, duration=374.183911085, md5=3d9034cf
loading script "jan_co2_whiff_120_60_large.py"
loading script "jan_pump_ms.py"
loading script "jan_co2.py"
loading script "jan_pump_extraction_line.py"
testing...
no interpolation path defined
executed 266.04
script duration name:co2_whiff_120_60_large seconds:266.0
loading script "jan_co2_whiff_120_60_large.py"
loading script "jan_pump_ms.py"
loading script "jan_co2.py"
loading script "jan_pump_extraction_line.py"
testing...
no interpolation path defined
executed 0
loading script "jan_co2_whiff_120_60_large.py"
loading script "jan_pump_ms.py"
loading script "jan_co2.py"
loading script "jan_pump_extraction_line.py"
testing...
no interpolation path defined
calculate duration
testing...
no interpolation path defined
executed 0
calculate duration
testing...
no interpolation path defined
executed 0
executed 0.0
script duration name:co2 seconds:0.0
loading script "jan_co2_whiff_120_60_large.py"
loading script "jan_pump_ms.py"
loading script "jan_co2.py"
loading script "jan_pump_extraction_line.py"
testing...
no interpolation path defined
calculate duration
testing...
no interpolation path defined
executed 4.0
executed 4.0
Script duration 266.0
Run total estimated duration= 267.000
co2_whiff_120_60_large in script context. using previous estimated duration
script duration name:co2_whiff_120_60_large seconds:266.0
pump_ms in script context. using previous estimated duration
co2 in script context. using previous estimated duration
script duration name:co2 seconds:0.0
pump_extraction_line in script context. using previous estimated duration
Script duration 266.0
Run total estimated duration= 267.000
script duration name:co2_whiff_120_60_large seconds:266.0
script duration name:co2 seconds:0.0
Script duration 266.0
Run total estimated duration= 267.000
script duration name:co2_whiff_120_60_large seconds:266.0
script duration name:co2 seconds:0.0
Script duration 266.0
Run total estimated duration= 267.000
loading script "jan_unknown400_120.py"
loading script "jan_pump_ms.py"
loading script "jan_co2.py"
loading script "jan_pump_extraction_line.py"
testing...
no interpolation path defined
executed 556.052928
script duration name:unknown400_120 seconds:556.0
script duration name:co2 seconds:0.0
Script duration 556.0
Run total estimated duration= 557.000
script duration name:co2_whiff_120_60_large seconds:266.0
script duration name:co2 seconds:0.0
Script duration 266.0
Run total estimated duration= 267.000
script duration name:co2_whiff_120_60_large seconds:266.0
script duration name:co2 seconds:0.0
Script duration 266.0
Run total estimated duration= 267.000
script duration name:co2_whiff_120_60_large seconds:266.0
script duration name:co2 seconds:0.0
Script duration 266.0
Run total estimated duration= 267.000
script duration name:co2_whiff_120_60_large seconds:266.0
script duration name:co2 seconds:0.0
Script duration 266.0
Run total estimated duration= 267.000
script duration name:co2_whiff_120_60_large seconds:266.0
script duration name:co2 seconds:0.0
Script duration 266.0
Run total estimated duration= 267.000
script duration name:co2_whiff_120_60_large seconds:266.0
script duration name:co2 seconds:0.0
Script duration 266.0
Run total estimated duration= 267.000
script duration name:co2_whiff_120_60_large seconds:266.0
script duration name:co2 seconds:0.0
Script duration 266.0
Run total estimated duration= 267.000
script duration name:co2_whiff_120_60_large seconds:266.0
script duration name:co2 seconds:0.0
Script duration 266.0
Run total estimated duration= 267.000
script duration name:co2_whiff_120_60_large seconds:266.0
script duration name:co2 seconds:0.0
Script duration 266.0
Run total estimated duration= 267.000
script duration name:co2_whiff_120_60_large seconds:266.0
script duration name:co2 seconds:0.0
Script duration 266.0
Run total estimated duration= 267.000
unknown400_120 in script context. using previous estimated duration
script duration name:unknown400_120 seconds:556.0
loading script "jan_unknown400_120.py"
loading script "jan_pump_ms.py"
loading script "jan_sniffair_x2.py"
loading script "jan_pump_extraction_line.py"
testing...
no interpolation path defined
calculate duration
testing...
no interpolation path defined
executed 0
calculate duration
testing...
no interpolation path defined
executed 0
calculate duration
testing...
no interpolation path defined
executed 32.0
calculate duration
testing...
no interpolation path defined
executed 34.0
calculate duration
testing...
no interpolation path defined
executed 4.0
calculate duration
testing...
no interpolation path defined
executed 36.0
calculate duration
testing...
no interpolation path defined
executed 34.0
calculate duration
testing...
no interpolation path defined
executed 4.0
calculate duration
testing...
no interpolation path defined
executed 36.0
calculate duration
testing...
no interpolation path defined
executed 70.0
executed 250.0
script duration name:sniffair_x2 seconds:250.0
Script duration 806.0
Run total estimated duration= 807.000
script duration name:co2_whiff_120_60_large seconds:266.0
script duration name:co2 seconds:0.0
Script duration 266.0
Run total estimated duration= 267.000
script duration name:co2_whiff_120_60_large seconds:266.0
script duration name:co2 seconds:0.0
Script duration 266.0
Run total estimated duration= 267.000
script duration name:co2_whiff_120_60_large seconds:266.0
script duration name:co2 seconds:0.0
Script duration 266.0
Run total estimated duration= 267.000
script duration name:co2_whiff_120_60_large seconds:266.0
script duration name:co2 seconds:0.0
Script duration 266.0
Run total estimated duration= 267.000
script duration name:co2_whiff_120_60_large seconds:266.0
script duration name:co2 seconds:0.0
Script duration 266.0
Run total estimated duration= 267.000
script duration name:unknown400_120 seconds:556.0
script duration name:co2 seconds:0.0
Script duration 556.0
Run total estimated duration= 557.000
script duration name:unknown400_120 seconds:556.0
loading script "jan_unknown400_120.py"
loading script "jan_pump_ms.py"
loading script "jan_cocktail_x1.py"
loading script "jan_pump_extraction_line.py"
testing...
no interpolation path defined
calculate duration
testing...
no interpolation path defined
executed 0
calculate duration
testing...
no interpolation path defined
executed 0
calculate duration
testing...
no interpolation path defined
executed 32.0
calculate duration
testing...
no interpolation path defined
executed 34.0
calculate duration
testing...
no interpolation path defined
executed 4.0
calculate duration
testing...
no interpolation path defined
executed 38.0
executed 108.0
script duration name:cocktail_x1 seconds:108.0
Script duration 664.0
Run total estimated duration= 665.000
script duration name:unknown400_120 seconds:556.0
cocktail_x1 in script context. using previous estimated duration
script duration name:cocktail_x1 seconds:108.0
Script duration 664.0
Run total estimated duration= 665.000
loading script "jan_ic_peak_hop3.py"
loading script "jan_pump_ms.py"
loading script "jan_air_x1.py"
loading script "jan_pump_extraction_line.py"
testing...
no interpolation path defined
executed 133.8
script duration name:ic_peak_hop3 seconds:134.0
loading script "jan_ic_peak_hop3.py"
loading script "jan_pump_ms.py"
loading script "jan_air_x1.py"
loading script "jan_pump_extraction_line.py"
testing...
no interpolation path defined
calculate duration
testing...
no interpolation path defined
executed 0
calculate duration
testing...
no interpolation path defined
executed 0
calculate duration
testing...
no interpolation path defined
executed 32.0
calculate duration
testing...
no interpolation path defined
executed 34.0
calculate duration
testing...
no interpolation path defined
executed 4.0
calculate duration
testing...
no interpolation path defined
executed 36.0
executed 106.0
script duration name:air_x1 seconds:106.0
Script duration 240.0
Run total estimated duration= 241.000
script duration name:co2_whiff_120_60_large seconds:266.0
script duration name:co2 seconds:0.0
Script duration 266.0
Run total estimated duration= 267.000
script duration name:co2_whiff_120_60_large seconds:266.0
script duration name:co2 seconds:0.0
Script duration 266.0
Run total estimated duration= 267.000
script duration name:co2_whiff_120_60_large seconds:266.0
script duration name:co2 seconds:0.0
Script duration 266.0
Run total estimated duration= 267.000
script duration name:co2_whiff_120_60_large seconds:266.0
script duration name:co2 seconds:0.0
Script duration 266.0
Run total estimated duration= 267.000
script duration name:co2_whiff_120_60_large seconds:266.0
script duration name:co2 seconds:0.0
Script duration 266.0
Run total estimated duration= 267.000
script duration name:co2_whiff_120_60_large seconds:266.0
script duration name:co2 seconds:0.0
Script duration 266.0
Run total estimated duration= 267.000
script duration name:co2_whiff_120_60_large seconds:266.0
script duration name:co2 seconds:0.0
Script duration 266.0
Run total estimated duration= 267.000
script duration name:co2_whiff_120_60_large seconds:266.0
script duration name:co2 seconds:0.0
Script duration 266.0
Run total estimated duration= 267.000
script duration name:co2_whiff_120_60_large seconds:266.0
script duration name:co2 seconds:0.0
Script duration 266.0
Run total estimated duration= 267.000
script duration name:co2_whiff_120_60_large seconds:266.0
script duration name:co2 seconds:0.0
Script duration 266.0
Run total estimated duration= 267.000
script duration name:co2_whiff_120_60_large seconds:266.0
script duration name:co2 seconds:0.0
Script duration 266.0
Run total estimated duration= 267.000
script duration name:co2_whiff_120_60_large seconds:266.0
script duration name:co2 seconds:0.0
Script duration 266.0
Run total estimated duration= 267.000
script duration name:co2_whiff_120_60_large seconds:266.0
script duration name:co2 seconds:0.0
Script duration 266.0
Run total estimated duration= 267.000
script duration name:co2_whiff_120_60_large seconds:266.0
script duration name:co2 seconds:0.0
Script duration 266.0
Run total estimated duration= 267.000
script duration name:co2_whiff_120_60_large seconds:266.0
script duration name:co2 seconds:0.0
Script duration 266.0
Run total estimated duration= 267.000
script duration name:unknown400_120 seconds:556.0
script duration name:co2 seconds:0.0
Script duration 556.0
Run total estimated duration= 557.000
script duration name:co2_whiff_120_60_large seconds:266.0
script duration name:co2 seconds:0.0
Script duration 266.0
Run total estimated duration= 267.000
nruns=42 before=5.0, run_dur=13394.0, btw=1230.0
write rem/ex queues
/Users/jan/PychronDev/experiments/rem/CurrentExperiment.rem.txt
/Users/jan/PychronDev/experiments/rem/CurrentExperiment.ex.txt
doing event level: 3
