do run
loading script "jan_co2_whiff_120_60_large.py"
loading script "jan_pump_ms.py"
loading script "jan_co2.py"
loading script "jan_pump_extraction_line.py"
testing...
no interpolation path defined
executed 266.04
script duration name:co2_whiff_120_60_large seconds:266.0
loading script "jan_co2_whiff_120_60_large.py"
loading script "jan_pump_ms.py"
loading script "jan_co2.py"
loading script "jan_pump_extraction_line.py"
testing...
no interpolation path defined
executed 0
loading script "jan_co2_whiff_120_60_large.py"
loading script "jan_pump_ms.py"
loading script "jan_co2.py"
loading script "jan_pump_extraction_line.py"
testing...
no interpolation path defined
calculate duration
testing...
no interpolation path defined
executed 0
calculate duration
testing...
no interpolation path defined
executed 0
executed 0.0
script duration name:co2 seconds:0.0
loading script "jan_co2_whiff_120_60_large.py"
loading script "jan_pump_ms.py"
loading script "jan_co2.py"
loading script "jan_pump_extraction_line.py"
testing...
no interpolation path defined
calculate duration
testing...
no interpolation path defined
executed 4.0
executed 4.0
Script duration 266.0
Run total estimated duration= 267.000
run duration: 0:04:27
doing event level: 2
16:46:59 -- Setting default integration. t=1.048576
setting integration time = 1.048576
SetIntegrationTime 1.048576 ===>> OK
----------------- start -----------------
**************** Experiment Type: Ar/Ar, Ar/Ar
create new session 4993359504
close session 4993359504
$$$$$ Clearing conditionals
adding conditionals detrital
extract conditionals from file. /Users/jan/PychronDev/scripts/conditionals/detrital.yaml
no attr for this modification cd={'extraction_str': '', 'attr': '', 'mapper': '', 'use_termination': False, 'start_count': 0, 'nskip': 0, 'window': 0, 'frequency': 1, 'teststr': '', 'action': 'Skip Next Run', 'ntrips': 1, 'use_truncation': False}
no attr for this cancelation cd={'mapper': '', 'window': 0, 'frequency': 1, 'attr': '', 'teststr': '', 'start_count': 0, 'ntrips': 1}
adding truncation attr="age" test="age>100.0" start="50"
adding truncation attr="Ar39" test="Ar39<0.5" start="60"
no attr for this termination cd={'mapper': '', 'window': 0, 'frequency': 1, 'attr': '', 'teststr': '', 'start_count': 0, 'ntrips': 1}
Invalid conditional kind="pre_run_terminations"
no attr for this action cd={'mapper': '', 'attr': '', 'start_count': 0, 'window': 0, 'frequency': 1, 'teststr': '', 'action': None, 'ntrips': 1}
Invalid conditional kind="post_run_terminations"
Add queue conditionals
add default conditionals
adding default conditionals from /Users/jan/PychronDev/setupfiles/spectrometer/default_conditionals.yaml
Start automated run 65511-28
loading script "jan_co2_whiff_120_60_large.py"
loading script "jan_pump_ms.py"
loading script "jan_co2.py"
loading script "jan_pump_extraction_line.py"
%%%%%%%%%%%%%%%%%% setting automated run 65511-28
No value "sensitivity_multiplier" in metadata
$$$$$$$$$$$$$$$ auto_save_detector_ic=False
============================= Pre Extraction Check =============================
loading queue conditionals pre_run_terminations
loading system conditionals pre_run_terminations
loading conditionals from /Users/jan/PychronDev/setupfiles/spectrometer/default_conditionals.yaml
16:46:59 -- ******* Pre Extraction Check *******
Get a measurement from the spectrometer
GetData ===>> H2,-0.105085159893268,H1,-0.00133857829991406,AX,0.0209536691536522,L1,-0.0178162113386736,L2,0.1...
Pre Extraction Termination data. keys=H2,H1,AX,L1,L2,CDD, signals=-0.10509,-0.00134,0.02095,-0.01782,0.14786,0.00298
16:46:59 -- testing system defined conditionals
Checking default pre extraction terminations n=2
testing CDD
evaluate ot="CDD.inactive" t="CDD", ctx="{'CDD': False}"
GetDeflection CDD ===>> 50
testing CDD==2000
evaluate ot="CDD.deflection==2000" t="CDD==2000", ctx="{'CDD': 50.0}"
16:46:59 -- ******* Pre Extraction Check Passed *******
=================================================================================
16:46:59 -- stopping status monitor
stop 5052903792
Alive clients [4983293136]
16:46:59 -- starting status monitor
start 5052903792
Monitor already running
start extraction
do extraction
Analysis started at 16:46:59.354059
Extraction Started jan_co2.py
16:46:59 -- ******* Extraction Started jan_co2.py *******
state changed from not run to extraction
DO EXTRACTION <pychron.extraction_line.pyscript_runner.RemotePyScriptRunner object at 0x12b93d0b0>
testing...
no interpolation path defined
calculate duration
testing...
no interpolation path defined
executed 0
calculate duration
testing...
no interpolation path defined
executed 0
executed 100.0
Jan CO2 laser analysis
doing GOSUB
testing...
no interpolation path defined
executed 0
Waiting for CO2 access
wait ('FelixCO2Flag', 0) {}
waiting for FelixCO2Flag = 0
Read FelixCO2Flag ===>> 0
finished waiting
CO2 free
wait ('CO2PumpTimeFlag', 0) {}
waiting for CO2PumpTimeFlag = 0
Read CO2PumpTimeFlag ===>> 0
finished waiting
acquire ('JanCO2Flag',) {'clear': True}
acquire JanCO2Flag
Set JanCO2Flag 1 ===>> OK
JanCO2Flag acquired
set extraction state False (0.75, 'red', 1.5)
CO2 acquired
executed 0
WaitForCO2Access.py completed successfully
gosub finished
doing GOSUB
testing...
no interpolation path defined
executed 0
Prepare for CO2 analysis
close () {'description': 'Jan Inlet'}
closing name=--- desc=Jan Inlet
checking ownership. requestor=129.138.12.150
check software interlocks R
interlocks []
actuate state mode=None-script, software_lock=False
doing actuation None-script close_channel False
Close R ===>> OK
GetValveState R ===>> False
change switch state (True, True)
update switch state R False args=() kw={} ncanvase=3
16:46:59 -- CLOSE  VALVE-R (Jan Inlet)
---------------------------------------- close None (Jan Inlet) result=[(True, True)]
action=close, ok=True, locked=[False]
open () {'description': 'Jan Ion Pump'}
opening name=--- desc=Jan Ion Pump
checking ownership. requestor=129.138.12.150
check software interlocks O
interlocks []
actuate state mode=None-script, software_lock=False
doing actuation None-script open_channel False
Open O ===>> OK
GetValveState O ===>> OK
change switch state (True, True)
update switch state O True args=() kw={} ncanvase=3
16:47:00 -- OPEN   VALVE-O (Jan Ion Pump)
---------------------------------------- open None (Jan Ion Pump) result=[(True, True)], time=0.10 sec
action=open, ok=True, locked=[False]
close () {'description': 'Microbone to Minibone'}
closing name=--- desc=Microbone to Minibone
checking ownership. requestor=129.138.12.150
check software interlocks L
interlocks []
actuate state mode=None-script, software_lock=False
doing actuation None-script close_channel False
Close L ===>> OK
GetValveState L ===>> False
change switch state (True, True)
update switch state L False args=() kw={} ncanvase=3
16:47:00 -- CLOSE  VALVE-L (Microbone to Minibone)
---------------------------------------- close None (Microbone to Minibone) result=[(True, True)]
action=close, ok=True, locked=[False]
open () {'description': 'Microbone to Turbo'}
opening name=--- desc=Microbone to Turbo
checking ownership. requestor=129.138.12.150
check software interlocks U
interlocks []
actuate state mode=None-script, software_lock=False
doing actuation None-script open_channel False
Open U ===>> OK
GetValveState U ===>> OK
change switch state (True, True)
update switch state U True args=() kw={} ncanvase=3
16:47:01 -- OPEN   VALVE-U (Microbone to Turbo)
---------------------------------------- open None (Microbone to Turbo) result=[(True, True)], time=0.14 sec
action=open, ok=True, locked=[False]
open () {'description': 'Microbone to Inlet Pipette'}
opening name=--- desc=Microbone to Inlet Pipette
checking ownership. requestor=129.138.12.150
check software interlocks S
interlocks []
actuate state mode=None-script, software_lock=False
doing actuation None-script open_channel False
Open S ===>> OK
GetValveState S ===>> OK
change switch state (True, True)
update switch state S True args=() kw={} ncanvase=3
16:47:01 -- OPEN   VALVE-S (Microbone to Inlet Pipette)
---------------------------------------- open None (Microbone to Inlet Pipette) result=[(True, True)], time=0.43 sec
Get Checksum: 2035439760
action=open, ok=True, locked=[False]
open () {'description': 'Microbone to Getter D-50'}
opening name=--- desc=Microbone to Getter D-50
checking ownership. requestor=129.138.12.150
check software interlocks K
interlocks []
actuate state mode=None-script, software_lock=False
doing actuation None-script open_channel False
Open K ===>> OK
GetValveState K ===>> OK
change switch state (True, True)
update switch state K True args=() kw={} ncanvase=3
16:47:02 -- OPEN   VALVE-K (Microbone to Getter D-50)
---------------------------------------- open None (Microbone to Getter D-50) result=[(True, True)], time=0.41 sec
action=open, ok=True, locked=[False]
open () {'description': 'Microbone to Getter NP-10'}
opening name=--- desc=Microbone to Getter NP-10
checking ownership. requestor=129.138.12.150
check software interlocks M
interlocks []
actuate state mode=None-script, software_lock=False
doing actuation None-script open_channel False
Open M ===>> OK
GetValveState M ===>> OK
change switch state (True, True)
update switch state M True args=() kw={} ncanvase=3
16:47:03 -- OPEN   VALVE-M (Microbone to Getter NP-10)
---------------------------------------- open None (Microbone to Getter NP-10) result=[(True, True)], time=0.14 sec
action=open, ok=True, locked=[False]
close () {'description': 'CO2 Laser to Felix'}
closing name=--- desc=CO2 Laser to Felix
checking ownership. requestor=129.138.12.150
check software interlocks F
interlocks []
actuate state mode=None-script, software_lock=True
VALVE-F(CO2 Laser to Felix) software locked
change switch state (True, False)
---------------------------------------- close None (CO2 Laser to Felix) result=[(True, False)]
action=close, ok=True, locked=[True]
open () {'description': 'CO2 Laser to Jan'}
opening name=--- desc=CO2 Laser to Jan
checking ownership. requestor=129.138.12.150
check software interlocks A
interlocks []
actuate state mode=None-script, software_lock=False
doing actuation None-script open_channel False
Open A ===>> OK
GetValveState A ===>> OK
change switch state (True, True)
update switch state A True args=() kw={} ncanvase=3
16:47:03 -- OPEN   VALVE-A (CO2 Laser to Jan)
---------------------------------------- open None (CO2 Laser to Jan) result=[(True, True)], time=0.18 sec
action=open, ok=True, locked=[False]
open () {'description': 'Microbone to CO2 Laser'}
opening name=--- desc=Microbone to CO2 Laser
checking ownership. requestor=129.138.12.150
check software interlocks T
interlocks []
actuate state mode=None-script, software_lock=False
doing actuation None-script open_channel False
Open T ===>> OK
GetValveState T ===>> OK
change switch state (True, True)
update switch state T True args=() kw={} ncanvase=3
16:47:04 -- OPEN   VALVE-T (Microbone to CO2 Laser)
---------------------------------------- open None (Microbone to CO2 Laser) result=[(True, True)], time=0.43 sec
action=open, ok=True, locked=[False]
executed 0
PrepareForCO2Analysis.py completed successfully
gosub finished
set_motor ('beam', '1.25') {}
setting motor "beam" to 1.25
set motor beam to 1.25
SetMotor beam,1.25 ===>> OK
Get Checksum: 2035439760
GetMotorMoving beam ===>> False
GetMotorMoving beam ===>> False
Block completed
move_to_position ('167',) {'autocenter': True}
FusionsCO2 move to position 167
sending GoToHole 167,True
GoToHole 167,True ===>> OK
GetDriveMoving ===>> OK
GetDriveMoving ===>> OK
GetDriveMoving ===>> OK
GetDriveMoving ===>> OK
GetDriveMoving ===>> OK
GetDriveMoving ===>> OK
GetDriveMoving ===>> False
GetDriveMoving ===>> OK
Get Checksum: 2035439760
GetDriveMoving ===>> OK
GetDriveMoving ===>> OK
GetDriveMoving ===>> OK
GetDriveMoving ===>> OK
GetDriveMoving ===>> False
Block completed
GetAutoCorrecting ===>> False
GetAutoCorrecting ===>> False
Block completed
update position
GetPosition ===>> 11.96340,-5.98170,1.00000
got position (11.9634, -5.9817, 1.0)
move to position succeeded
sleep (5,) {}
SLEEP 5.0
block started
WaitControl setup for 5.0  
Get Checksum: 2035439760
Get Checksum: 2035439760
Join finished
block finished. duration 5.00799918175
close () {'description': 'Microbone to Turbo'}
closing name=--- desc=Microbone to Turbo
checking ownership. requestor=129.138.12.150
check software interlocks U
interlocks []
actuate state mode=None-script, software_lock=False
doing actuation None-script close_channel True
Close U ===>> OK
GetValveState U ===>> False
change switch state (True, True)
update switch state U False args=() kw={} ncanvase=3
16:47:15 -- CLOSE  VALVE-U (Microbone to Turbo)
---------------------------------------- close None (Microbone to Turbo) result=[(True, True)]
action=close, ok=True, locked=[False]
enable laser
enable () {}
set extraction state FusionsCO2 Enabled (False, 'red', 1.5)
enabling laser
Enable ===>> OK
begin interval
BEGIN INTERVAL Interval 1 waiting for 30.0
block started
set extract to 5.0
WaitControl setup for 30.0  
extract (5.0,) {}
GetPosition ===>> 11.96340,-5.98170,1.00000
set extraction state FusionsCO2 ON! 5.0(watts) (0.75, 'red', 1.5)
extract sample to 5.0 (watts)
set laser output
SetLaserOutput 5.0,watts ===>> OK
executing pattern triangle.lp
execute_pattern ('triangle.lp',) {}
executing pattern triangle.lp
Get Checksum: -1640178555
IsPatterning ===>> OK
IsPatterning ===>> OK
IsPatterning ===>> OK
Get Checksum: -1640178555
IsPatterning ===>> OK
IsPatterning ===>> OK
IsPatterning ===>> OK
Get Checksum: -1640178555
IsPatterning ===>> OK
IsPatterning ===>> OK
IsPatterning ===>> OK
Get Checksum: -1640178555
IsPatterning ===>> OK
IsPatterning ===>> OK
IsPatterning ===>> OK
Get Checksum: -1640178555
IsPatterning ===>> OK
IsPatterning ===>> OK
IsPatterning ===>> OK
Get Checksum: -1640178555
IsPatterning ===>> OK
IsPatterning ===>> OK
IsPatterning ===>> OK
Get Checksum: -1640178555
IsPatterning ===>> OK
IsPatterning ===>> OK
IsPatterning ===>> OK
Get Checksum: -1640178555
IsPatterning ===>> OK
IsPatterning ===>> OK
IsPatterning ===>> OK
Get Checksum: -1640178555
IsPatterning ===>> OK
IsPatterning ===>> OK
IsPatterning ===>> False
IsPatterning ===>> False
Block completed
COMPLETE INTERVAL waiting for Interval 1 to complete
Join finished
block finished. duration 30.0331959724
Interval 1 finished
Get Checksum: -1640178555
end_extract () {}
ending extraction. set laser power to 0
set laser power 0
SetLaserPower 0 ===>> OK
disable () {}
%%%%%%%%%%%%%%%%%%%%%%%%%%%%%%%%%%% disable
set extraction state False (0.75, 'red', 1.5)
disabling laser
Disable ===>> OK
sleep (30.0,) {}
SLEEP 30.0
block started
WaitControl setup for 30.0  
Get Checksum: -1640178555
Get Checksum: -1640178555
Get Checksum: -1640178555
Get Checksum: -1640178555
Get Checksum: -1640178555
Get Checksum: -1640178555
Get Checksum: -1640178555
Get Checksum: -1640178555
Get Checksum: -1640178555
Get Checksum: -1640178555
Join finished
block finished. duration 30.0323309898
executed 166.5
jan_co2.py completed successfully
GetAchievedOutput ===>> No Response
Requested Output= 0.000
Achieved Output=  0.000
GetResponseBlob ===>> No Response
GetOutputBlob ===>> No Response
persistence save...
persistence save - db
AutomatedRunPersister post_extraction_save deprecated
persistence save - dvc
no extraction position for 167
create new session 4983039568
close session 4983039568
Extraction Finished
16:48:16 -- ******* Extraction Finished *******
no overlap. not waiting for min ms pumptime
16:48:16 -- Sending spectrometer configuration
======== Sending configuration ========
SetDeflection CDD,50.0 ===>> OK
SetDeflection H2,0.0 ===>> OK
SetDeflection H1,0.0 ===>> OK
SetDeflection L2,825.0 ===>> OK
SetDeflection L1,400.0 ===>> OK
SetDeflection AX,190.0 ===>> OK
SetZFocus 74.64 ===>> OK
SetZSymmetry -50.72 ===>> OK
SetExtractionLens 26.13 ===>> OK
SetIonRepeller -3.81 ===>> OK
SetElectronEnergy 75.08 ===>> OK
SetYSymmetry -2.81 ===>> OK
SetIonCounterVoltage 1590.0 ===>> OK
send trap current 200.0
GetParameter Trap Current Readback ===>> 198.370811206739
SetParameter Trap Current Set,200.0 ===>> OK
updating mftable name mftable
Using mftable located at /Users/jan/PychronDev/setupfiles/spectrometer/mftables/mftable.csv
============ MFtable ===========
Isotope  H2     H1     AX     L1     L2     CDD    
Ar40     5.7730 5.8790 5.9923 6.1129 6.2306 6.3411
Ar39     5.6722 5.7712 5.8848 5.9990 6.1157 6.2276
Ar36     5.3497 5.4402 5.5481 5.6578 5.7706 5.8787
================================
get initial guess parabolic
get initial guess parabolic
get initial guess parabolic
get initial guess parabolic
get initial guess parabolic
get initial guess parabolic
======== Configuration Finished ========
GetYSymmetry ===>> -2.81
GetZSymmetry ===>> -50.72
GetParameter Trap Current Readback ===>> 197.923274125618
GetHighVoltage ===>> 4499.94659342336
start measurement
do measurement
L#=65511 analysis type=unknown
Measurement Started jan_co2_whiff_120_60_large.py
16:48:16 -- ******* Measurement Started jan_co2_whiff_120_60_large.py *******
state changed from extraction to measurement
setting spec, defl, and gains
GetExtractionLens ===>> 26.13
GetYSymmetry ===>> -2.81
GetZSymmetry ===>> -50.72
GetZFocus ===>> 74.64
GetDeflection H2 ===>> 0
GetDeflection H1 ===>> 0
GetDeflection AX ===>> 190
GetDeflection L1 ===>> 400
GetDeflection L2 ===>> 825
GetDeflection CDD ===>> 50
GetGain H2 ===>> 0.0113
GetGain H1 ===>> 0.1
GetGain AX ===>> 0.097049
GetGain L1 ===>> 0.010355
GetGain L2 ===>> 0.095649
GetGain CDD ===>> 0
pre measurement save
New frame /Users/jan/PychronDev/data/isotopes/0b/5283e4-ef64-43d3-8603-0227d4cb9bf3.h5
flush and close file /Users/jan/PychronDev/data/isotopes/0b/5283e4-ef64-43d3-8603-0227d4cb9bf3.h5
testing...
no interpolation path defined
executed 266.04
co2 whiff measurement script
activate_detectors ('H2', 'H1', 'AX', 'L1', 'L2', 'CDD') {}
activate detectors
*************** Set Analysis View Ar/Ar
create graphs
clearing graphs
clear isotope group
setting isotope det=H2, iso=PM41
setting isotope det=H1, iso=Ar40
setting isotope det=AX, iso=Ar39
setting isotope det=L1, iso=Ar38
setting isotope det=L2, iso=Ar37
setting isotope det=CDD, iso=Ar36
setting previous blanks
 - setting Ar40 blank 0.640+/-0.007
 - setting Ar36 blank 0.00609+/-0.00020
 - setting Ar37 blank 0.038+/-0.006
 - setting Ar38 blank 0.0171+/-0.0024
 - setting PM41 blank 0.03+/-0.06
 - setting Ar39 blank 0.021+/-0.010
load analysis view
position_magnet ('Ar40',) {'detector': 'H1'}
detector Detector(H1)
POSITION Ar40 H1
setting detector H2 to PM41 (40.9624)
setting detector H1 to Ar40 (39.9624)
setting detector AX to Ar39 (38.9624)
setting detector L1 to Ar38 (37.9624)
setting detector L2 to Ar37 (36.9624)
setting detector CDD to Ar36 (35.9624)
Mapping mass to dac mass func: "parabolic"
H1 map mass coeffs = [-0.00063987  0.15840543  0.57056999]
H1 map mass to dac 39.9624 >> 5.87896
GetDeflection H1 ===>> 0
GetHighVoltage ===>> 4499.94659342336
positioning Ar40 (5.87892537936) on H1
setting magnet DAC
current  : 5.878925
requested: 5.878925
Delta Dac: 0.000000
Checking detector protection. dv=0.00000
Checking detector "CDD". Protection Threshold: 0.1 (V)
SetMagnetDAC 5.87892537936 ===>> OK
close ('S',) {}
closing name=S desc=---
checking ownership. requestor=129.138.12.150
check software interlocks S
interlocks []
actuate state mode=None-script, software_lock=False
doing actuation None-script close_channel True
Close S ===>> OK
GetValveState S ===>> False
change switch state (True, True)
update switch state S False args=() kw={} ncanvase=3
16:48:18 -- CLOSE  VALVE-S (Microbone to Inlet Pipette)
---------------------------------------- close S () result=[(True, True)]
action=close, ok=True, locked=[False]
equilibrate () {'do_post_equilibration': False, 'inlet': 'R', 'outlet': 'O', 'eqtime': 4}
Equilibration Started
16:48:19 -- ******* Equilibration Started *******
checking ownership. requestor=129.138.12.150
check software interlocks O
interlocks []
actuate state mode=None-script, software_lock=False
doing actuation None-script close_channel True
Close O ===>> OK
GetValveState O ===>> False
change switch state (True, True)
update switch state O False args=() kw={} ncanvase=3
16:48:19 -- CLOSE  VALVE-O (Jan Ion Pump)
waiting 3s before opening inlet value ('R',)
Get Checksum: 1680446728
checking ownership. requestor=129.138.12.150
check software interlocks R
interlocks []
actuate state mode=None-script, software_lock=False
doing actuation None-script open_channel True
Open R ===>> OK
GetValveState R ===>> OK
change switch state (True, True)
update switch state R True args=() kw={} ncanvase=3
16:48:22 -- OPEN   VALVE-R (Jan Inlet)
equilibrating for 4sec
set_time_zero (0,) {}
sniff (4,) {}
py_sniff
build tables- sniff [Detector(H2), Detector(H1), Detector(AX), Detector(L1), Detector(L2), Detector(CDD)]
add group /sniff/PM41 (Group) '' table H2
add group /sniff/Ar40 (Group) '' table H1
add group /sniff/Ar39 (Group) '' table AX
add group /sniff/Ar38 (Group) '' table L1
add group /sniff/Ar37 (Group) '' table L2
add group /sniff/Ar36 (Group) '' table CDD
flush and close file /Users/jan/PychronDev/data/isotopes/0b/5283e4-ef64-43d3-8603-0227d4cb9bf3.h5
measuring sniff. ncounts=4
Get Checksum: 529246153
starting measurement
GetData ===>> H2,-0.118076770700592,H1,-0.0615589986382446,AX,-0.103099105753855,L1,-0.0122641607980988,L2,0.03...
GetData ===>> H2,3.71443931341655,H1,5.52348375750895,AX,6.50818873567751,L1,0.43880362494369,L2,1.287493752772...
GetData ===>> H2,4.56861649310586,H1,9.51463736079374,AX,5.51046885039012,L1,0.908328546055126,L2,0.66483996169...
Get Checksum: 529246153
GetData ===>> H2,1.5184958744454,H1,8.99641853633783,AX,3.39188746448901,L1,0.69150314311071,L2,0.2416820345099...
Equilibration Finished
16:48:26 -- ******* Equilibration Finished *******
checking ownership. requestor=129.138.12.150
check software interlocks R
interlocks []
actuate state mode=None-script, software_lock=False
doing actuation None-script close_channel True
Close R ===>> OK
measurement finished
estimated time: 4.194 actual time: :4.252
flush and close file /Users/jan/PychronDev/data/isotopes/0b/5283e4-ef64-43d3-8603-0227d4cb9bf3.h5
set_fits () {}
using default fits file=/Users/jan/PychronDev/scripts/measurement/fits/nominal_linear.yaml
set "Ar40" to "('Linear', 'SEM')"
No fit for "PM41". defaulting to linear. check the measurement script "jan_co2_whiff_120_60_large.py"
set "PM41" to "linear"
set "Ar36" to "('Linear', 'SEM')"
set "Ar37" to "('linear', 'SEM')"
set "Ar38" to "('linear', 'SEM')"
set "Ar39" to "('Linear', 'SEM')"
set_baseline_fits () {}
using default fits file=/Users/jan/PychronDev/scripts/measurement/fits/nominal_linear.yaml
GetValveState R ===>> False
change switch state (True, True)
update switch state R False args=() kw={} ncanvase=3
set "H1" to "('average', 'SEM')"
set "H2" to "('average', 'SEM')"
set "CDD" to "('average', 'SEM')"
set "L2" to "('average', 'SEM')"
set "L1" to "('average', 'SEM')"
set "AX" to "('average', 'SEM')"
whiff () {'ncounts': 1, 'conditionals': [{'action': 'run_remainder', 'attr': 'Ar40', 'teststr': 'Ar40.cur<=175'}, {'action': 'run_pipette', 'attr': 'Ar40', 'teststr': 'Ar40.cur>500'}, {'action': 'run_chamber_split', 'attr': 'Ar40', 'teststr': 'Ar40.cur>=300'}, {'action': 'pump', 'attr': 'Ar40', 'teststr': 'Ar40.cur>175'}]}
build tables- whiff [Detector(H2), Detector(H1), Detector(AX), Detector(L1), Detector(L2), Detector(CDD)]
add group /whiff/PM41 (Group) '' table H2
16:48:27 -- CLOSE  VALVE-R (Jan Inlet)
add group /whiff/Ar40 (Group) '' table H1
add group /whiff/Ar39 (Group) '' table AX
add group /whiff/Ar38 (Group) '' table L1
add group /whiff/Ar37 (Group) '' table L2
add group /whiff/Ar36 (Group) '' table CDD
flush and close file /Users/jan/PychronDev/data/isotopes/0b/5283e4-ef64-43d3-8603-0227d4cb9bf3.h5
measuring whiff. ncounts=1
starting measurement
GetData ===>> H2,0.28669305959419,H1,8.49945574946156,AX,2.33747699229369,L1,0.268057519691299,L2,0.13001152449...
Get Checksum: 1680446728
testing Ar40<=175
evaluate ot="Ar40.cur<=175" t="Ar40<=175", ctx="{'Ar40': 8.4994557494615606}"
condition Ar40<=175 is true trips=1/1
16:48:29 -- Conditional tripped: Ar40.cur<=175 condition Ar40<=175 is True
measurement finished
estimated time: 1.049 actual time: :1.105
flush and close file /Users/jan/PychronDev/data/isotopes/0b/5283e4-ef64-43d3-8603-0227d4cb9bf3.h5
WHIFF Result=run_remainder
Whiff result=run_remainder
open ('R',) {}
opening name=R desc=---
checking ownership. requestor=129.138.12.150
check software interlocks R
interlocks []
actuate state mode=None-script, software_lock=False
doing actuation None-script open_channel True
Open R ===>> OK
GetValveState R ===>> OK
change switch state (True, True)
update switch state R True args=() kw={} ncanvase=3
16:48:29 -- OPEN   VALVE-R (Jan Inlet)
---------------------------------------- open R () result=[(True, True)], time=0.40 sec
action=open, ok=True, locked=[False]
open ('S',) {}
opening name=S desc=---
checking ownership. requestor=129.138.12.150
check software interlocks S
interlocks []
actuate state mode=None-script, software_lock=False
doing actuation None-script open_channel True
Open S ===>> OK
set states for children of S. state=True
handle state [('S', True)]
update switch state S True args=() kw={'refresh': False} ncanvase=3
refresh_canvas_needed fired
GetValveState S ===>> OK
change switch state (True, True)
update switch state S True args=() kw={} ncanvase=3
16:48:30 -- OPEN   VALVE-S (Microbone to Inlet Pipette)
---------------------------------------- open S () result=[(True, True)], time=0.47 sec
action=open, ok=True, locked=[False]
sleep (12.0,) {}
SLEEP 12.0
block started
WaitControl setup for 12.0  
Get Checksum: -173909521
Get Checksum: -173909521
Get Checksum: -173909521
Get Checksum: -173909521
Join finished
block finished. duration 12.0184621811
close ('R',) {}
closing name=R desc=---
checking ownership. requestor=129.138.12.150
check software interlocks R
interlocks []
actuate state mode=None-script, software_lock=False
doing actuation None-script close_channel True
Close R ===>> OK
GetValveState R ===>> False
change switch state (True, True)
update switch state R False args=() kw={} ncanvase=3
16:48:43 -- CLOSE  VALVE-R (Jan Inlet)
---------------------------------------- close R () result=[(True, True)]
action=close, ok=True, locked=[False]
post_equilibration () {}
Post Equilibration Started jan_pump_extraction_line.py
multicollect () {'integration_time': 1, 'ncounts': 120.0}
build tables- signal [Detector(H2), Detector(H1), Detector(AX), Detector(L1), Detector(L2), Detector(CDD)]
16:48:43 -- ******* Post Equilibration Started jan_pump_extraction_line.py *******
add group /signal/PM41 (Group) '' table H2
testing...
add group /signal/Ar40 (Group) '' table H1
no interpolation path defined
add group /signal/Ar39 (Group) '' table AX
add group /signal/Ar38 (Group) '' table L1
calculate duration
add group /signal/Ar37 (Group) '' table L2
testing...
add group /signal/Ar36 (Group) '' table CDD
no interpolation path defined
flush and close file /Users/jan/PychronDev/data/isotopes/0b/5283e4-ef64-43d3-8603-0227d4cb9bf3.h5
executed 4.0
measuring signal. ncounts=120.0
executed 4.0
Pump after analysis
doing GOSUB
testing...
no interpolation path defined
executed 4.0
Pump Microbone
close () {'description': 'Jan Inlet'}
closing name=--- desc=Jan Inlet
checking ownership. requestor=129.138.12.150
check software interlocks R
interlocks []
actuate state mode=None-script, software_lock=False
doing actuation None-script close_channel False
Close R ===>> OK
GetValveState R ===>> False
change switch state (True, True)
update switch state R False args=() kw={} ncanvase=3
16:48:43 -- CLOSE  VALVE-R (Jan Inlet)
---------------------------------------- close None (Jan Inlet) result=[(True, True)]
starting measurement
GetData ===>> H2,0.0606842750236404,H1,231.691466532523,AX,59.6716153982754,L1,0.818683908974523,L2,0.639952668...
action=close, ok=True, locked=[False]
is_closed ('F',) {}
is F () closed?
is closed True
open () {'description': 'CO2 Laser to Jan'}
opening name=--- desc=CO2 Laser to Jan
checking ownership. requestor=129.138.12.150
check software interlocks A
interlocks []
actuate state mode=None-script, software_lock=False
doing actuation None-script open_channel False
Open A ===>> OK
GetValveState A ===>> OK
change switch state (True, True)
update switch state A True args=() kw={} ncanvase=3
Get Checksum: -423938523
16:48:44 -- OPEN   VALVE-A (CO2 Laser to Jan)
---------------------------------------- open None (CO2 Laser to Jan) result=[(True, True)], time=0.23 sec
action=open, ok=True, locked=[False]
sleep (1,) {}
SLEEP 1.0
GetData ===>> H2,0.262578112181002,H1,231.900788557719,AX,59.7827472192423,L1,0.859791012353315,L2,0.7435683564...
close () {'description': 'CO2 Laser to Roughing'}
closing name=--- desc=CO2 Laser to Roughing
checking ownership. requestor=129.138.12.150
check software interlocks G
interlocks []
actuate state mode=None-script, software_lock=True
VALVE-G(CO2 Laser to Roughing) software locked
change switch state (True, False)
---------------------------------------- close None (CO2 Laser to Roughing) result=[(True, False)]
action=close, ok=True, locked=[True]
open () {'description': 'Microbone to Turbo'}
opening name=--- desc=Microbone to Turbo
checking ownership. requestor=129.138.12.150
check software interlocks U
interlocks []
actuate state mode=None-script, software_lock=False
doing actuation None-script open_channel True
Open U ===>> OK
GetValveState U ===>> OK
change switch state (True, True)
update switch state U True args=() kw={} ncanvase=3
16:48:45 -- OPEN   VALVE-U (Microbone to Turbo)
---------------------------------------- open None (Microbone to Turbo) result=[(True, True)], time=0.18 sec
action=open, ok=True, locked=[False]
open () {'description': 'Microbone to Getter NP-10'}
opening name=--- desc=Microbone to Getter NP-10
checking ownership. requestor=129.138.12.150
check software interlocks M
interlocks []
actuate state mode=None-script, software_lock=False
doing actuation None-script open_channel False
GetData ===>> H2,0.23508428913567,H1,232.055415854569,AX,59.6610105076091,L1,0.859070543076025,L2,0.67219192202...
Open M ===>> OK
GetValveState M ===>> OK
change switch state (True, True)
update switch state M True args=() kw={} ncanvase=3
16:48:46 -- OPEN   VALVE-M (Microbone to Getter NP-10)
---------------------------------------- open None (Microbone to Getter NP-10) result=[(True, True)], time=0.15 sec
action=open, ok=True, locked=[False]
open () {'description': 'Microbone to Getter D-50'}
opening name=--- desc=Microbone to Getter D-50
checking ownership. requestor=129.138.12.150
check software interlocks K
interlocks []
actuate state mode=None-script, software_lock=False
doing actuation None-script open_channel False
Open K ===>> OK
GetValveState K ===>> OK
change switch state (True, True)
update switch state K True args=() kw={} ncanvase=3
16:48:46 -- OPEN   VALVE-K (Microbone to Getter D-50)
---------------------------------------- open None (Microbone to Getter D-50) result=[(True, True)], time=0.40 sec
action=open, ok=True, locked=[False]
open () {'description': 'Microbone to CO2 Laser'}
opening name=--- desc=Microbone to CO2 Laser
checking ownership. requestor=129.138.12.150
check software interlocks T
interlocks []
actuate state mode=None-script, software_lock=False
doing actuation None-script open_channel False
GetData ===>> H2,0.101829989240543,H1,231.556382795943,AX,59.7751807491963,L1,0.809810308698134,L2,0.6994208037...
Open T ===>> OK
Get Checksum: -110011688
GetValveState T ===>> OK
change switch state (True, True)
update switch state T True args=() kw={} ncanvase=3
16:48:47 -- OPEN   VALVE-T (Microbone to CO2 Laser)
---------------------------------------- open None (Microbone to CO2 Laser) result=[(True, True)], time=0.42 sec
action=open, ok=True, locked=[False]
open () {'description': 'Microbone to Inlet Pipette'}
opening name=--- desc=Microbone to Inlet Pipette
checking ownership. requestor=129.138.12.150
check software interlocks S
interlocks []
actuate state mode=None-script, software_lock=False
doing actuation None-script open_channel False
Open S ===>> OK
GetValveState S ===>> OK
change switch state (True, True)
update switch state S True args=() kw={} ncanvase=3
16:48:48 -- OPEN   VALVE-S (Microbone to Inlet Pipette)
---------------------------------------- open None (Microbone to Inlet Pipette) result=[(True, True)], time=0.41 sec
GetData ===>> H2,-0.0872202314314138,H1,231.482934223648,AX,59.5723201173779,L1,0.785945647498306,L2,0.67710878...
action=open, ok=True, locked=[False]
sleep (1,) {}
SLEEP 1.0
GetData ===>> H2,-0.0730749187841515,H1,231.334430984287,AX,59.5199736488082,L1,0.767268772322568,L2,0.66814427...
set_resource () {'name': 'CO2PumpTimeFlag', 'value': 30}
Set CO2PumpTimeFlag 30 ===>> OK
release ('JanCO2Flag',) {}
release JanCO2Flag
Set JanCO2Flag 0 ===>> OK
executed 6.0
PumpMicrobone.py completed successfully
gosub finished
get_resource_value () {'name': 'JanMiniboneFlag'}
Read JanMiniboneFlag ===>> 0
Get Resource Value JanMiniboneFlag=0.0
get resource value 0.0
get_resource_value () {'name': 'JanMiniboneFlag'}
Read JanMiniboneFlag ===>> 0
Get Resource Value JanMiniboneFlag=0.0
executed 4.0
jan_pump_extraction_line.py completed successfully
Post Equilibration Finished
16:48:49 -- ******* Post Equilibration Finished *******
GetData ===>> H2,-0.0941011194337591,H1,231.221483244988,AX,59.3756486026342,L1,0.741365972044529,L2,0.59748446...
Get Checksum: -110011688
GetData ===>> H2,-0.0977523619056137,H1,231.067051921731,AX,59.4767313722788,L1,0.757567918765742,L2,0.59483129...
GetData ===>> H2,-0.102475838058314,H1,231.142274540324,AX,59.5049371131198,L1,0.753162647096405,L2,0.648925982...
GetData ===>> H2,-0.138984631224456,H1,231.074349448049,AX,59.601471418041,L1,0.765770285955013,L2,0.6460567170...
Get Checksum: -110011688
GetData ===>> H2,-0.126060501184231,H1,230.983213890641,AX,59.3236779014599,L1,0.748799099874859,L2,0.642787459...
GetData ===>> H2,-0.188162124812209,H1,230.94901462678,AX,59.2118353748661,L1,0.751165522236665,L2,0.5630332543...
Get Checksum: -110011688
GetData ===>> H2,-0.162213667423172,H1,230.806662187741,AX,59.1686652366109,L1,0.757733446310294,L2,0.742687266...
GetData ===>> H2,-0.19460728672515,H1,230.586811659133,AX,59.2507373755214,L1,0.742776540634671,L2,0.6563224536...
GetData ===>> H2,-0.199776476295828,H1,230.567327542454,AX,59.2388884793089,L1,0.726070980422429,L2,0.694662911...
Get Checksum: -110011688
GetData ===>> H2,-0.188070429016264,H1,230.653363592247,AX,59.290756976056,L1,0.769539955378773,L2,0.6243171006...
GetData ===>> H2,-0.239916949551359,H1,230.522282084484,AX,59.3537922864384,L1,0.7516249267481,L2,0.69984399307...
GetData ===>> H2,-0.247600827738633,H1,230.281350675768,AX,59.1327517320331,L1,0.747664004937787,L2,0.636752198...
Get Checksum: -110011688
GetData ===>> H2,-0.118087594396496,H1,230.537501518706,AX,59.0350373531018,L1,0.757305320296632,L2,0.578147729...
GetData ===>> H2,-0.0549030509337359,H1,230.338513372965,AX,59.1980084416554,L1,0.745557187517111,L2,0.63788378...
GetData ===>> H2,-0.0328017927952144,H1,230.074564665275,AX,59.1471159143805,L1,0.73882394691955,L2,0.569629823...
Get Checksum: -110011688
GetData ===>> H2,-0.0928616514216746,H1,230.216419423351,AX,59.1623437228676,L1,0.729966519178689,L2,0.60639371...
GetData ===>> H2,-0.172322682244287,H1,229.970548154617,AX,59.1552059327111,L1,0.760039903615647,L2,0.570898886...
GetData ===>> H2,-0.0617642227932735,H1,229.892914612609,AX,59.1703742166381,L1,0.753270980870284,L2,0.73447177...
Get Checksum: -110011688
16:49:09 -- collecting point 25
GetData ===>> H2,-0.146630282688023,H1,229.94960735859,AX,58.944916469074,L1,0.710260057256134,L2,0.67511914228...
GetData ===>> H2,-0.0978525649297742,H1,229.760065433058,AX,58.9179062812508,L1,0.72911467325469,L2,0.656139535...
GetData ===>> H2,-0.0989967124936518,H1,229.943840667552,AX,59.1175577086792,L1,0.743128590552111,L2,0.68745789...
Get Checksum: -110011688
GetData ===>> H2,-0.20180153439116,H1,229.690988947746,AX,58.8713126117974,L1,0.740153333932216,L2,0.6594664122...
GetData ===>> H2,-0.116239298774027,H1,229.559690759875,AX,58.8088622994641,L1,0.761086877092513,L2,0.606119218...
GetData ===>> H2,-0.130831972580176,H1,229.538950627387,AX,58.8564450156707,L1,0.771188522857559,L2,0.703286764...
Get Checksum: -110011688
GetData ===>> H2,-0.177048040022274,H1,229.380236306072,AX,58.976692527398,L1,0.769663308573509,L2,0.7234197278...
GetData ===>> H2,-0.138265474846699,H1,229.295360235479,AX,58.9928631455731,L1,0.764219709515134,L2,0.591812258...
GetData ===>> H2,-0.191840131821208,H1,229.099014046205,AX,59.054723449396,L1,0.750010252758818,L2,0.6956236210...
Get Checksum: -110011688
GetData ===>> H2,-0.0941268555884742,H1,228.908554988265,AX,58.9622465038795,L1,0.735940666734691,L2,0.61282169...
GetData ===>> H2,-0.138675075139345,H1,229.014035761361,AX,58.8829178008799,L1,0.738153721492865,L2,0.681877245...
Get Checksum: -110011688
GetData ===>> H2,-0.0930255669686782,H1,229.047004978364,AX,58.842198538756,L1,0.714564790817941,L2,0.720777035...
GetData ===>> H2,-0.167659349724195,H1,228.874544014437,AX,59.0221870949145,L1,0.727111554923251,L2,0.689493546...
GetData ===>> H2,-0.176832072121361,H1,228.859355892519,AX,58.7601500640818,L1,0.744233333077673,L2,0.623482568...
Get Checksum: -110011688
GetData ===>> H2,-0.193201554155159,H1,228.434214658413,AX,58.8216399032015,L1,0.749608179240326,L2,0.618357880...
GetData ===>> H2,-0.0545421790764795,H1,228.349640422749,AX,58.9009623531233,L1,0.721334383598111,L2,0.58655204...
GetData ===>> H2,-0.167162678063814,H1,228.353931465582,AX,58.7136917705565,L1,0.756456587443368,L2,0.791193589...
GetData ===>> H2,-0.250104023477316,H1,228.577086259276,AX,58.785032338469,L1,0.734949656229536,L2,0.6522411774...
GetData ===>> H2,-0.192526255231186,H1,228.572513565662,AX,58.7778600652701,L1,0.686995387780754,L2,0.646171028...
Get Checksum: -110011688
GetData ===>> H2,-0.192008633565178,H1,228.365451297229,AX,58.6563606487074,L1,0.699714512490733,L2,0.732904273...
GetData ===>> H2,-0.137922102149402,H1,228.321929507237,AX,58.4679293992539,L1,0.700697583741733,L2,0.551361752...
GetData ===>> H2,-0.236915007107506,H1,228.143168006332,AX,58.5347399178283,L1,0.702450461063649,L2,0.785137544...
Get Checksum: -110011688
GetData ===>> H2,-0.290089189473407,H1,227.992953615271,AX,58.3696034587362,L1,0.718612217746708,L2,0.659329219...
GetData ===>> H2,-0.126009124633196,H1,227.968198820237,AX,58.3256644640584,L1,0.731070913465393,L2,0.678526722...
GetData ===>> H2,-0.0877425038726244,H1,228.024621307023,AX,58.651394280038,L1,0.707977927362378,L2,0.621331996...
Get Checksum: -110011688
16:49:35 -- collecting point 50
GetData ===>> H2,-0.0696185670097582,H1,227.970699690166,AX,58.5498754849231,L1,0.699604046896591,L2,0.55555692...
GetData ===>> H2,-0.141140475335828,H1,227.69214672396,AX,58.4057223149396,L1,0.726512310577504,L2,0.7593950311...
GetData ===>> H2,-0.0626115801265344,H1,227.593335337919,AX,58.6238639017579,L1,0.689237851472746,L2,0.64186157...
Get Checksum: -110011688
GetData ===>> H2,-0.115269026114997,H1,227.672132205625,AX,58.644677161088,L1,0.726242537532361,L2,0.5877870234...
GetData ===>> H2,-0.129225118724019,H1,227.512678097167,AX,58.5763639222151,L1,0.727367674000762,L2,0.747859496...
testing age>100.0
evaluate ot="age>100.0" t="age>100.0", ctx="{'age': 26.67189670178877}"
GetData ===>> H2,-0.156909914365906,H1,227.305558930864,AX,58.3160147298718,L1,0.669353935059678,L2,0.671208578...
Get Checksum: -110011688
GetData ===>> H2,-0.102155044995225,H1,227.367291459781,AX,58.2505215386671,L1,0.694469247711084,L2,0.610431167...
GetData ===>> H2,-0.0583511066498428,H1,227.287192932018,AX,58.3338522376457,L1,0.718491718382183,L2,0.65748856...
Get Checksum: -110011688
GetData ===>> H2,-0.0918862373000065,H1,227.472360881207,AX,58.4257760471399,L1,0.725589889661675,L2,0.84169354...
GetData ===>> H2,-0.12441227957055,H1,227.360309668945,AX,58.3238098486282,L1,0.729814798464564,L2,0.5315543157...
testing age>100.0
evaluate ot="age>100.0" t="age>100.0", ctx="{'age': 26.654578591910347}"
GetData ===>> H2,-0.0968288275728096,H1,227.21058868728,AX,58.2776341685557,L1,0.745219986857186,L2,0.639724059...
Get Checksum: -110011688
GetData ===>> H2,-0.120019458827246,H1,227.003340863627,AX,58.3105418484062,L1,0.761074427326767,L2,0.662027385...
GetData ===>> H2,-0.104574981750813,H1,227.055100465005,AX,58.2690431008996,L1,0.718814709505012,L2,0.605078432...
GetData ===>> H2,-0.149573389588138,H1,226.721790094602,AX,58.4035211213578,L1,0.721220065675347,L2,0.819506936...
Get Checksum: -110011688
GetData ===>> H2,-0.126783804257327,H1,226.793233532724,AX,58.3636047473472,L1,0.725624696517483,L2,0.681305475...
testing age>100.0
evaluate ot="age>100.0" t="age>100.0", ctx="{'age': 26.684929903495007}"
testing Ar39<0.5
evaluate ot="Ar39<0.5" t="Ar39<0.5", ctx="{'Ar39': 60.10985437566919}"
GetData ===>> H2,-0.162981945280827,H1,226.653734648321,AX,58.2826082112996,L1,0.731042307183956,L2,0.670019433...
GetData ===>> H2,-0.145823800196811,H1,226.56814010409,AX,58.1923673005207,L1,0.747695118834397,L2,0.6274371529...
Get Checksum: -110011688
GetData ===>> H2,-0.0994597548566159,H1,226.564172809218,AX,58.1687772717852,L1,0.721582905143881,L2,0.57419166...
GetData ===>> H2,-0.0659055060962416,H1,226.319091442359,AX,57.983494747793,L1,0.702506329565926,L2,0.632191713...
GetData ===>> H2,-0.157309774461537,H1,226.315355720623,AX,58.1216602394654,L1,0.737131679473878,L2,0.718603447...
Get Checksum: -110011688
testing age>100.0
evaluate ot="age>100.0" t="age>100.0", ctx="{'age': 26.677993620655315}"
testing Ar39<0.5
evaluate ot="Ar39<0.5" t="Ar39<0.5", ctx="{'Ar39': 60.11244326114698}"
GetData ===>> H2,-0.29070280239837,H1,226.37249146128,AX,58.1531198721447,L1,0.745212521283118,L2,0.65457331402...
GetData ===>> H2,-0.204872135874046,H1,226.367992229007,AX,58.080434060948,L1,0.686296810691903,L2,0.6181062282...
set states for children of V. state=True
handle state [('V', True)]
update switch state V True args=() kw={'refresh': False} ncanvase=3
refresh_canvas_needed fired
GetData ===>> H2,-0.109920889626635,H1,226.192448267468,AX,58.1356865318497,L1,0.705595703103294,L2,0.651852493...
Get Checksum: -860229079
GetData ===>> H2,-0.1093589928362,H1,226.188560639459,AX,58.011342217472,L1,0.732417984977732,L2,0.625414250306...
GetData ===>> H2,-0.0573311769061211,H1,225.920190560091,AX,57.9570529260413,L1,0.683081230722409,L2,0.70733589...
testing age>100.0
evaluate ot="age>100.0" t="age>100.0", ctx="{'age': 26.683164860327317}"
testing Ar39<0.5
evaluate ot="Ar39<0.5" t="Ar39<0.5", ctx="{'Ar39': 60.10772737694373}"
16:50:01 -- collecting point 75
GetData ===>> H2,-0.0713394163454704,H1,225.848254637256,AX,58.1631861971535,L1,0.680605712295366,L2,0.64418202...
Get Checksum: -860229079
GetData ===>> H2,-0.163519303755352,H1,226.05128621862,AX,58.0321606463624,L1,0.695196935233526,L2,0.7419549374...
GetData ===>> H2,-0.147402939079585,H1,225.923110255423,AX,58.1034931561321,L1,0.723813651092895,L2,0.672237659...
GetData ===>> H2,-0.158434980716344,H1,225.676706381028,AX,57.799657153771,L1,0.727459679476085,L2,0.6819916000...
Get Checksum: -860229079
GetData ===>> H2,-0.200909043475533,H1,225.692850065106,AX,57.7701050074086,L1,0.762157612432961,L2,0.649931960...
testing age>100.0
evaluate ot="age>100.0" t="age>100.0", ctx="{'age': 26.686525369617883}"
testing Ar39<0.5
evaluate ot="Ar39<0.5" t="Ar39<0.5", ctx="{'Ar39': 60.1019455493443}"
GetData ===>> H2,-0.169328708727116,H1,225.381966536187,AX,57.771534305368,L1,0.780538586446033,L2,0.5802630314...
Get Checksum: -860229079
GetData ===>> H2,-0.285345653231453,H1,225.161360837,AX,57.9389564185342,L1,0.727079229661259,L2,0.614423037372...
GetData ===>> H2,-0.257215127550204,H1,225.132635333233,AX,57.871877432575,L1,0.728280304738118,L2,0.5580604038...
GetData ===>> H2,-0.124341964547955,H1,225.292680676004,AX,57.9694901322884,L1,0.727382593752455,L2,0.615932899...
Get Checksum: -860229079
GetData ===>> H2,-0.122003741998005,H1,225.307313406949,AX,57.880875415739,L1,0.714400721051293,L2,0.6132906561...
testing age>100.0
evaluate ot="age>100.0" t="age>100.0", ctx="{'age': 26.698128855168346}"
testing Ar39<0.5
evaluate ot="Ar39<0.5" t="Ar39<0.5", ctx="{'Ar39': 60.09208757338982}"
GetData ===>> H2,-0.284694134024112,H1,225.137274696712,AX,57.8530710099623,L1,0.700538697256177,L2,0.654401831...
GetData ===>> H2,-0.303903285966469,H1,225.231041520644,AX,57.672274190979,L1,0.678848649862353,L2,0.5902341632...
Get Checksum: -860229079
GetData ===>> H2,-0.255698898110217,H1,224.977363785947,AX,57.7686757256336,L1,0.705755908617776,L2,0.637689467...
GetData ===>> H2,-0.177632482499497,H1,224.916589988972,AX,57.7637410666415,L1,0.751161787323435,L2,0.587512581...
GetData ===>> H2,-0.177311245332943,H1,224.947731505332,AX,57.6862260484478,L1,0.752632201386822,L2,0.671414394...
Get Checksum: -860229079
testing age>100.0
evaluate ot="age>100.0" t="age>100.0", ctx="{'age': 26.70840060094415}"
testing Ar39<0.5
evaluate ot="Ar39<0.5" t="Ar39<0.5", ctx="{'Ar39': 60.090561537491915}"
GetData ===>> H2,-0.167262554005403,H1,224.736025063692,AX,57.6069457307078,L1,0.735666348898553,L2,0.650789336...
GetData ===>> H2,-0.0635469893607429,H1,224.615958865498,AX,57.6133515443138,L1,0.704507861020786,L2,0.67824084...
GetData ===>> H2,-0.0900503351020862,H1,224.569869650891,AX,57.6245368334516,L1,0.713177736863372,L2,0.58300727...
Get Checksum: -860229079
GetData ===>> H2,-0.179370784374295,H1,224.455170276808,AX,57.7420789925366,L1,0.708319531778793,L2,0.682689164...
GetData ===>> H2,-0.120697156904403,H1,224.41256129605,AX,57.6587748319403,L1,0.715591528435298,L2,0.6883156106...
testing age>100.0
evaluate ot="age>100.0" t="age>100.0", ctx="{'age': 26.71714877799325}"
testing Ar39<0.5
evaluate ot="Ar39<0.5" t="Ar39<0.5", ctx="{'Ar39': 60.087560689341046}"
GetData ===>> H2,-0.22920964896311,H1,224.149457977007,AX,57.4919821225862,L1,0.729324830239885,L2,0.5118880805...
Get Checksum: -860229079
GetData ===>> H2,-0.17944905566473,H1,224.202525585874,AX,57.4412445093718,L1,0.753538707084163,L2,0.7790475407...
GetData ===>> H2,-0.221645860525923,H1,224.237600218654,AX,57.5839716852677,L1,0.740720457917479,L2,0.651143720...
GetData ===>> H2,-0.0940130742532259,H1,224.107200797125,AX,57.5839716852677,L1,0.754390495653271,L2,0.60948183...
Get Checksum: -860229079
GetData ===>> H2,-0.0474920307952549,H1,224.191197743349,AX,57.3942795520317,L1,0.719399845820465,L2,0.62815717...
testing age>100.0
evaluate ot="age>100.0" t="age>100.0", ctx="{'age': 26.723254705427994}"
testing Ar39<0.5
evaluate ot="Ar39<0.5" t="Ar39<0.5", ctx="{'Ar39': 60.09188597792912}"
16:50:28 -- collecting point 100
GetData ===>> H2,-0.222062088032971,H1,223.906264935313,AX,57.5368789534123,L1,0.718373704890079,L2,0.641484359...
GetData ===>> H2,-0.19489299433105,H1,223.989936575355,AX,57.3502415082715,L1,0.700603244598752,L2,0.6420101693...
Get Checksum: -860229079
GetData ===>> H2,-0.153748361580035,H1,223.772669688004,AX,57.4108954449562,L1,0.717822164799877,L2,0.751967727...
GetData ===>> H2,-0.103911851249086,H1,223.69854370685,AX,57.3781014428848,L1,0.744910170018529,L2,0.6317688223...
GetData ===>> H2,-0.0773379783903831,H1,223.324361261656,AX,57.5253827603812,L1,0.743195767503266,L2,0.67737179...
Get Checksum: -860229079
testing age>100.0
evaluate ot="age>100.0" t="age>100.0", ctx="{'age': 26.72741870707243}"
testing Ar39<0.5
evaluate ot="Ar39<0.5" t="Ar39<0.5", ctx="{'Ar39': 60.08807372011711}"
GetData ===>> H2,-0.152215907206587,H1,223.394408830351,AX,57.3540258926028,L1,0.717740181600858,L2,0.615578308...
GetData ===>> H2,-0.169324660457967,H1,223.403169561604,AX,57.3632019947167,L1,0.673566821836776,L2,0.597678883...
Get Checksum: -860229079
GetData ===>> H2,-0.125700860443153,H1,223.379311936316,AX,57.3420423987491,L1,0.696490391869305,L2,0.661375702...
GetData ===>> H2,-0.101411907284334,H1,223.359748164552,AX,57.208647352367,L1,0.675779983708049,L2,0.6504120903...
GetData ===>> H2,-0.136772944695138,H1,223.204544446749,AX,57.122076780455,L1,0.689033068567812,L2,0.6603696048...
Get Checksum: -860229079
testing age>100.0
evaluate ot="age>100.0" t="age>100.0", ctx="{'age': 26.718664210480128}"
testing Ar39<0.5
evaluate ot="Ar39<0.5" t="Ar39<0.5", ctx="{'Ar39': 60.09278713681696}"
GetData ===>> H2,-0.138569634893439,H1,222.993012976556,AX,57.3479138680082,L1,0.701392740601669,L2,0.656882642...
GetData ===>> H2,-0.13806945627292,H1,222.94948526685,AX,57.2602757185895,L1,0.663806738130729,L2,0.53339430348...
GetData ===>> H2,-0.111362738536341,H1,223.093487894247,AX,57.1365685887935,L1,0.711626841276532,L2,0.673609783...
Get Checksum: -860229079
GetData ===>> H2,-0.0769950950031848,H1,223.021187188833,AX,57.1532227264273,L1,0.697210085956396,L2,0.74249274...
GetData ===>> H2,-0.172139207756368,H1,222.92028687422,AX,57.0119612877856,L1,0.696019059761497,L2,0.5699842452...
testing age>100.0
evaluate ot="age>100.0" t="age>100.0", ctx="{'age': 26.71964924001951}"
testing Ar39<0.5
evaluate ot="Ar39<0.5" t="Ar39<0.5", ctx="{'Ar39': 60.09500339857526}"
GetData ===>> H2,-0.0260003099017977,H1,222.733436905626,AX,57.2902021409906,L1,0.715699677386452,L2,0.58160084...
Get Checksum: -860229079
GetData ===>> H2,-0.145777868144369,H1,222.860944357488,AX,57.0103714131711,L1,0.705786956482953,L2,0.606004846...
GetData ===>> H2,-0.0908741566731233,H1,222.467600470876,AX,57.0915684257121,L1,0.727919719022428,L2,0.56773197...
GetData ===>> H2,-0.197645864112229,H1,222.562706374961,AX,57.0638082050998,L1,0.710619131340572,L2,0.692615718...
Get Checksum: -860229079
GetData ===>> H2,-0.113705860230084,H1,222.415331665606,AX,57.1248820003227,L1,0.71101673645099,L2,0.6416558187...
testing age>100.0
evaluate ot="age>100.0" t="age>100.0", ctx="{'age': 26.719387135180234}"
testing Ar39<0.5
evaluate ot="Ar39<0.5" t="Ar39<0.5", ctx="{'Ar39': 60.091371336950466}"
GetData ===>> H2,-0.0925812284346011,H1,222.488526387349,AX,57.0102664221583,L1,0.715320539438048,L2,0.55716874...
measurement finished
estimated time: 125.829 actual time: :126.080
flush and close file /Users/jan/PychronDev/data/isotopes/0b/5283e4-ef64-43d3-8603-0227d4cb9bf3.h5
baselines () {'settling_time': 15.0, 'detector': 'H1', 'mass': 34.2, 'ncounts': 60.0}
%%%%%%%%%%%%%%%%%%%%%%%%%%%%%%%% Baseline
build tables- baseline [Detector(H2), Detector(H1), Detector(AX), Detector(L1), Detector(L2), Detector(CDD)]
add group baseline table H2
add group baseline table H1
add group baseline table AX
add group baseline table L1
add group baseline table L2
add group baseline table CDD
flush and close file /Users/jan/PychronDev/data/isotopes/0b/5283e4-ef64-43d3-8603-0227d4cb9bf3.h5
detector Detector(H1)
POSITION 34.2 H1
Mapping mass to dac mass func: "parabolic"
H1 map mass coeffs = [-0.00063987  0.15840543  0.57056999]
H1 map mass to dac 34.2 >> 5.23961599104
GetDeflection H1 ===>> 0
GetHighVoltage ===>> 4499.94659342336
positioning 34.2 (5.23958513544) on H1
setting magnet DAC
current  : 5.878925
requested: 5.239585
Delta Dac: 0.639340
Checking detector protection. dv=0.63934
Checking detector "CDD". Protection Threshold: 0.1 (V)
ProtectDetector CDD,On ===>> OK
GetDeflection CDD ===>> 2000
SetMagnetDAC 5.23958513544 ===>> OK
Magnet settling time: 0.500
Get Checksum: -860229079
GetMagnetMoving ===>> True
GetMagnetMoving ===>> True
GetMagnetMoving ===>> True
GetMagnetMoving ===>> True
GetMagnetMoving ===>> True
GetMagnetMoving ===>> True
GetMagnetMoving ===>> True
GetMagnetMoving ===>> True
GetMagnetMoving ===>> False
ProtectDetector CDD,Off ===>> OK
GetDeflection CDD ===>> 50
Delaying 15.0s for detectors to settle
Get Checksum: -860229079
Get Checksum: -860229079
Get Checksum: -860229079
Get Checksum: -860229079
Get Checksum: -860229079
Join finished
measuring baseline. ncounts=60.0
starting measurement
GetData ===>> H2,-0.259257951425591,H1,-0.0846954673882959,AX,-0.125497090907334,L1,-0.072282246135156,L2,-0.01...
GetData ===>> H2,-0.226029623412076,H1,-0.0859111462475191,AX,-0.118892944372615,L1,-0.0727483149166994,L2,-0.0...
GetData ===>> H2,-0.216211845878279,H1,-0.00198271111371255,AX,-0.105092306731251,L1,-0.0432239947933225,L2,-0....
Get Checksum: -860229079
GetData ===>> H2,-0.128086985408411,H1,-0.00797056223869037,AX,0.00633463699888294,L1,-0.0329664508092114,L2,-0...
GetData ===>> H2,-0.137064976915686,H1,0.0553732807838216,AX,0.0106621058585194,L1,-0.0289842797750945,L2,0.034...
Get Checksum: -860229079
GetData ===>> H2,-0.177967207331244,H1,-0.0544656042750667,AX,-0.180339765368552,L1,-0.0361426967030104,L2,-0.0...
GetData ===>> H2,-0.226766144188747,H1,-0.0412192815098188,AX,0.0101864229267584,L1,-0.0518807833205982,L2,-0.0...
GetData ===>> H2,-0.213513331022137,H1,-0.00670622509983938,AX,-0.0628555242678975,L1,-0.0551673210751446,L2,0....
Get Checksum: -860229079
GetData ===>> H2,-0.279494115501747,H1,-0.0762329798011717,AX,-0.0848223302072849,L1,-0.026791915633597,L2,-0.0...
GetData ===>> H2,-0.234561971955219,H1,-0.0204222371152028,AX,-0.0696025854684873,L1,-0.0352152425640077,L2,0.0...
GetData ===>> H2,-0.246512484096478,H1,-0.0557293382313027,AX,-0.124211055419642,L1,-0.0239351351469708,L2,0.03...
Get Checksum: -860229079
GetData ===>> H2,-0.126202461497738,H1,0.038056827918065,AX,-0.0181415249593182,L1,0.0382117375080856,L2,-0.017...
GetData ===>> H2,-0.170114045578206,H1,-0.060283416899609,AX,-0.0833155309694012,L1,0.00757016916521264,L2,-0.0...
set states for children of B. state=False
set states for children of D. state=False
handle state [('B', False), ('D', False)]
update switch state B False args=() kw={'refresh': True} ncanvase=3
update switch state D False args=() kw={'refresh': False} ncanvase=3
refresh_canvas_needed fired
GetData ===>> H2,-0.237779950553667,H1,-0.0316798893926993,AX,0.0412847344655715,L1,-0.051191673222654,L2,-0.06...
Get Checksum: -2064761812
GetData ===>> H2,-0.217199756196806,H1,0.029178981108813,AX,0.0667356157344728,L1,-0.0311534112046571,L2,-0.088...
GetData ===>> H2,-0.212128812941505,H1,-0.084588200897495,AX,-0.0121564538609387,L1,-0.0114621993092483,L2,-0.0...
GetData ===>> H2,-0.16205703496515,H1,-0.0446293935667306,AX,-0.138501319873781,L1,-0.0233466622096766,L2,0.025...
Get Checksum: -2064761812
GetData ===>> H2,-0.117563986283649,H1,-0.0496966531533303,AX,0.00370112410692551,L1,-0.0402361325820524,L2,-0....
GetData ===>> H2,-0.155650803276901,H1,-0.0303323769671458,AX,-0.067179725573027,L1,-0.0376475306484745,L2,-0.0...
GetData ===>> H2,-0.250188753867365,H1,-0.0475743968352703,AX,-0.120190636628964,L1,-0.0149328893204317,L2,-0.0...
Get Checksum: -2064761812
GetData ===>> H2,-0.181469077481158,H1,0.0252653416799699,AX,-0.113481844546797,L1,0.00668349238919258,L2,0.019...
GetData ===>> H2,-0.211185950677806,H1,-0.0221634398416491,AX,-0.0780647328286014,L1,-0.0133752933010584,L2,0.0...
GetData ===>> H2,-0.240622307980945,H1,0.0315057599930004,AX,-0.058832569279262,L1,-0.0181399937378356,L2,-0.00...
Get Checksum: -2064761812
GetData ===>> H2,-0.161392673232795,H1,0.0671778724795181,AX,-0.0986490213300349,L1,-0.027847424917877,L2,-0.08...
16:51:33 -- collecting point 25
GetData ===>> H2,-0.183386213063212,H1,-0.0486474534075797,AX,-0.012168053191909,L1,-0.0206339681277206,L2,0.04...
GetData ===>> H2,-0.145225317992051,H1,-0.0106542438055744,AX,-0.0533369671801523,L1,-0.0255805193088633,L2,-0....
Get Checksum: -2064761812
GetData ===>> H2,-0.230675498212267,H1,-0.00105229571885064,AX,-0.112427398192098,L1,-0.0343895686299984,L2,-0....
GetData ===>> H2,-0.157270599602513,H1,-0.0209708385028538,AX,-0.024033444760994,L1,-0.0193283057611136,L2,0.00...
GetData ===>> H2,-0.158873956465894,H1,-0.0375109508540248,AX,-0.0646988400111473,L1,-0.0181136118581909,L2,-0....
Get Checksum: -2064761812
GetData ===>> H2,-0.152506467821881,H1,-0.150333236331979,AX,-0.13435011314487,L1,-0.0054688410164271,L2,-0.025...
GetData ===>> H2,-0.177685121334304,H1,-0.0162002910410351,AX,-0.144808959694943,L1,-0.0087669486974621,L2,0.02...
Get Checksum: -2064761812
GetData ===>> H2,-0.17953002539583,H1,0.0403122127877743,AX,-0.0831996223691563,L1,-0.0368112733527944,L2,-0.06...
GetData ===>> H2,-0.302216950386333,H1,-0.017357169684362,AX,-0.0705183876124691,L1,-0.0343991559443528,L2,-0.0...
GetData ===>> H2,-0.267100773834871,H1,-0.0557174162874262,AX,-0.0465076114356595,L1,-0.0332693905409783,L2,-0....
Get Checksum: -2064761812
GetData ===>> H2,-0.195785970197117,H1,0.00704745490962568,AX,-0.0108921185029973,L1,-0.0145630026324257,L2,0.0...
GetData ===>> H2,-0.289302319625761,H1,-0.042936275530958,AX,-0.0673768025553655,L1,-0.00363582538190668,L2,-0....
GetData ===>> H2,-0.361646304460595,H1,-0.0808695581220541,AX,-0.113620891564769,L1,-0.0739840110685802,L2,-0.0...
Get Checksum: -2064761812
GetData ===>> H2,-0.211218278685608,H1,-0.064610791764763,AX,-0.068791108011979,L1,-0.0530698656078623,L2,0.045...
GetData ===>> H2,-0.0828945005880412,H1,-0.0742781626028364,AX,-0.0895975705542921,L1,-0.0468992237669802,L2,-0...
GetData ===>> H2,-0.115986250995538,H1,-0.0984484625947911,AX,-0.00383937776399647,L1,-0.0134699796108065,L2,-0...
Get Checksum: -2064761812
GetData ===>> H2,-0.153233512451053,H1,0.0188702113948171,AX,-0.0662870777725853,L1,-0.00504900433547141,L2,0.0...
GetData ===>> H2,-0.155137391661721,H1,-0.0281858595293947,AX,-0.0541485735206998,L1,-0.0405463367574001,L2,-0....
GetData ===>> H2,-0.286113994494248,H1,-0.0742424033959519,AX,-0.0378107940975276,L1,-0.00817696661283089,L2,-0...
Get Checksum: -2064761812
GetData ===>> H2,-0.20261172574123,H1,-0.0821210398696646,AX,-0.0332301578406527,L1,-0.0229079817770106,L2,0.04...
GetData ===>> H2,-0.287790193627259,H1,0.0106621353909155,AX,-0.059887596618851,L1,-0.0264288715131128,L2,-0.06...
GetData ===>> H2,-0.208118410519554,H1,-0.0238211320987556,AX,-0.108047267916442,L1,-0.0228180858837769,L2,-0.0...
Get Checksum: -2064761812
GetData ===>> H2,-0.195254161547016,H1,-0.0314056184226306,AX,-0.0964123134931101,L1,-0.022937946896222,L2,-0.0...
GetData ===>> H2,-0.147725764180487,H1,-0.0218533648606244,AX,-0.0890760144416464,L1,-0.0373228602185589,L2,-0....
GetData ===>> H2,-0.102299876740152,H1,-0.0565519489295728,AX,-0.0462988969217701,L1,-0.0531320672451975,L2,-0....
Get Checksum: -2064761812
16:51:59 -- collecting point 50
GetData ===>> H2,-0.0998009318928285,H1,-0.0162241443439236,AX,-0.109657973668666,L1,-0.0325210050596225,L2,0.0...
GetData ===>> H2,-0.189604887329846,H1,-0.0521169242488238,AX,-0.134002238614268,L1,-0.0243102536943175,L2,-0.0...
GetData ===>> H2,-0.187502707625308,H1,-0.0275180447151911,AX,-0.126748352360652,L1,-0.00113528431984703,L2,0.0...
Get Checksum: -2064761812
GetData ===>> H2,-0.224126834748995,H1,-0.000384299845612568,AX,-0.100213527336547,L1,-0.000699665914353266,L2,...
GetData ===>> H2,-0.223612366940336,H1,-0.135381893782527,AX,0.0288210093172267,L1,-0.0276461558728887,L2,-0.03...
Get Checksum: -2064761812
testing age>100.0
evaluate ot="age>100.0" t="age>100.0", ctx="{'age': 26.718086109796907}"
GetData ===>> H2,-0.187033405738325,H1,-0.0296645764753077,AX,0.00926986968577481,L1,-0.0198954324541808,L2,0.0...
GetData ===>> H2,-0.175394430825767,H1,-0.0228670679661701,AX,-0.0249496758341807,L1,-0.0232687558797068,L2,-0....
GetData ===>> H2,-0.154060502815759,H1,-0.0271722102922699,AX,-0.110747212803565,L1,-0.0167092765126242,L2,-0.1...
set states for children of C. state=False
handle state [('C', False)]
update switch state C False args=() kw={'refresh': False} ncanvase=3
refresh_canvas_needed fired
Get Checksum: 968834110
GetData ===>> H2,-0.107798056642335,H1,-0.000157657375843123,AX,-0.114999763736046,L1,-0.0174564408964403,L2,0....
GetData ===>> H2,-0.159342628729771,H1,-0.0869480371321839,AX,0.0230422815440809,L1,-0.0343943622883183,L2,0.11...
set states for children of B. state=True
handle state [('B', True)]
update switch state B True args=() kw={'refresh': False} ncanvase=3
refresh_canvas_needed fired
testing age>100.0
evaluate ot="age>100.0" t="age>100.0", ctx="{'age': 26.718907682696045}"
GetData ===>> H2,-0.198572325168434,H1,-0.0907498784455062,AX,-0.0205656060151888,L1,-0.0062221040873672,L2,0.0...
Get Checksum: -1735986017
measurement finished
estimated time: 62.915 actual time: :63.069
flush and close file /Users/jan/PychronDev/data/isotopes/0b/5283e4-ef64-43d3-8603-0227d4cb9bf3.h5
activate_detectors ('H1', 'AX', 'CDD') {'peak_center': True}
peak_center () {'detector': 'H1', 'isotope': 'Ar40'}
peak center: mean=222.751299339 threshold=3
peak center started
setup peak center. detector=['H1', 'AX', 'CDD'], isotope=Ar40
VersionedUnpickler [<apptools.sweet_pickle.versioned_unpickler.VersionedUnpickler object at 0x1458b37d0>] using Updater [<apptools.sweet_pickle.updater.Updater object at 0x137c6f7d0>]
VersionedUnpickler [<apptools.sweet_pickle.versioned_unpickler.VersionedUnpickler object at 0x1458b37d0>] using Updater [<apptools.sweet_pickle.updater.Updater object at 0x137c6f7d0>]
VersionedUnpickler [<apptools.sweet_pickle.versioned_unpickler.VersionedUnpickler object at 0x1458b37d0>] using Updater [<apptools.sweet_pickle.updater.Updater object at 0x137c6f7d0>]
setting integration time = 0.524288
SetIntegrationTime 0.524288 ===>> OK
Mapping mass to dac mass func: "parabolic"
H1 map mass coeffs = [-0.00063987  0.15840543  0.57056999]
H1 map mass to dac 39.9624 >> 5.87896
GetDeflection H1 ===>> 0
GetHighVoltage ===>> 4499.94659342336
do peak center. <pychron.spectrometer.jobs.peak_center.PeakCenter object at 0x13a1fcef0>
doing pc
starting peak center. center dac= 5.87892537936 step_width=0.001
width = 0.001
get scan parameters. half-width=0.015,window=0.015, i=0, scalar=1
Scan parameters center=5.87893 width=0.03000 (5.86393 - 5.89393)
GetData ===>> H2,-0.318419732253713,H1,-0.0710478626853249,AX,-0.016250931800728,L1,0.00326856925371528,L2,-0.0...
Moving to starting dac 5.86392537936
setting magnet DAC
current  : 5.239585
requested: 5.863925
Delta Dac: 0.624340
Checking detector protection. dv=0.62434
Checking detector "CDD". Protection Threshold: 0.1 (V)
ProtectDetector CDD,On ===>> OK
GetDeflection CDD ===>> 2000
SetMagnetDAC 5.86392537936 ===>> OK
Magnet settling time: 0.500
GetMagnetMoving ===>> True
GetMagnetMoving ===>> True
GetMagnetMoving ===>> True
GetMagnetMoving ===>> True
GetMagnetMoving ===>> True
GetMagnetMoving ===>> True
GetMagnetMoving ===>> True
GetMagnetMoving ===>> True
GetMagnetMoving ===>> False
ProtectDetector CDD,Off ===>> OK
GetDeflection CDD ===>> 50
Wait until signal near baseline. tol= -0.053285897014. timeout= 10
GetData ===>> H2,1.55154454354458,H1,0.833850910463796,AX,0.020756413632644,L1,0.0168047945379579,L2,-0.0206989...
Get Checksum: -1735986017
GetData ===>> H2,16.3025606501819,H1,9.31719975500773,AX,0.989887240027281,L1,0.0265519715960758,L2,0.047540255...
GetData ===>> H2,15.7401944244708,H1,7.95646427564722,AX,1.28478174644556,L1,-0.0179300136921822,L2,0.053806305...
GetData ===>> H2,8.11694234739349,H1,3.7570041479994,AX,0.529114871674955,L1,-0.0261115865799041,L2,-0.01671434...
GetData ===>> H2,3.3339700417599,H1,1.8837022115535,AX,0.352856649997561,L1,-0.0183612931305245,L2,0.0081532860...
GetData ===>> H2,1.16751377263086,H1,1.02540747073145,AX,0.0654573451406717,L1,-0.00652795118845948,L2,-0.11606...
GetData ===>> H2,0.295531547601047,H1,0.616077289421191,AX,-0.0620323971553063,L1,-0.00457996608105046,L2,-0.17...
Get Checksum: -1735986017
GetData ===>> H2,0.0377621296910682,H1,0.362700389924764,AX,-0.189151971936608,L1,0.029523613442555,L2,-0.02978...
GetData ===>> H2,-0.0187580151958589,H1,0.281742190151113,AX,-0.0339027710992975,L1,0.0591082599615129,L2,-0.03...
GetData ===>> H2,-0.0644397144048071,H1,0.188132955716625,AX,-0.0254135870124404,L1,0.0225679346394547,L2,0.078...
GetData ===>> H2,-0.0533866038464513,H1,0.100164647877743,AX,-0.0063218151851559,L1,0.00018362924637115,L2,0.04...
GetData ===>> H2,0.051581865180332,H1,0.0876040512070687,AX,-0.00258653484024537,L1,0.00942146288758883,L2,-0.0...
GetData ===>> H2,-0.00819218497702112,H1,0.0609591021824453,AX,-0.0659276977746172,L1,-0.0158404426694113,L2,0....
Get Checksum: -1735986017
GetData ===>> H2,-0.0507945204174626,H1,0.0905355106361807,AX,0.00899142484063645,L1,-0.0466909568212145,L2,0.0...
GetData ===>> H2,-0.101645488986246,H1,0.152664492846655,AX,-0.13870403905056,L1,-0.0379206769831991,L2,-0.1047...
GetData ===>> H2,-0.119014335093049,H1,0.190876500550519,AX,-0.0618932763920686,L1,-0.050080144292526,L2,0.1219...
GetData ===>> H2,-0.208096852615834,H1,0.176968695979496,AX,0.0190391471594945,L1,-0.0293311359698078,L2,0.0422...
GetData ===>> H2,-0.163675916002359,H1,0.16151254372343,AX,0.116521092473001,L1,-0.0402325394274021,L2,-0.04514...
GetData ===>> H2,-0.163675916002359,H1,0.16151254372343,AX,0.116521092473001,L1,-0.0402325394274021,L2,-0.04514...
Get Checksum: -1735986017
GetData ===>> H2,-0.158495762988086,H1,0.170432933223386,AX,0.0665928341562876,L1,-0.0522265169308482,L2,0.0367...
GetData ===>> H2,-0.0936448445750545,H1,0.107005711343944,AX,-0.0317689475018191,L1,-0.0340736051101914,L2,-0.0...
Peak center failed to move to a baseline position
_do_sweep sm= 5.86392537936, em= 5.89392537936, stm= 0.001
calculated step values: start=5.86392537936, end=5.89392537936, width=0.001, nsteps=31.0
setting magnet DAC
current  : 5.863925
requested: 5.863925
Delta Dac: 0.000000
Checking detector protection. dv=0.00000
Checking detector "CDD". Protection Threshold: 0.1 (V)
SetMagnetDAC 5.86392537936 ===>> OK
GetData ===>> H2,-0.0550781894532546,H1,0.152044443111321,AX,-0.0386109337545837,L1,-0.0243637415503148,L2,-0.0...
setting magnet DAC
current  : 5.863925
requested: 5.864960
Delta Dac: 0.001034
Checking detector protection. dv=0.00103
Checking detector "CDD". Protection Threshold: 0.1 (V)
SetMagnetDAC 5.86495986211 ===>> OK
Magnet settling time: 1.049
GetData ===>> H2,-0.196009874991477,H1,0.320290111116539,AX,-0.0500904741277231,L1,-0.0152988087230814,L2,-0.02...
setting magnet DAC
current  : 5.864960
requested: 5.865994
Delta Dac: 0.001034
Checking detector protection. dv=0.00103
Checking detector "CDD". Protection Threshold: 0.1 (V)
SetMagnetDAC 5.86599434487 ===>> OK
Magnet settling time: 1.049
Get Checksum: -1735986017
GetData ===>> H2,-0.295438716003137,H1,1.50923794469155,AX,0.135650813702693,L1,-0.0199999864092364,L2,0.124014...
setting magnet DAC
current  : 5.865994
requested: 5.867029
Delta Dac: 0.001034
Checking detector protection. dv=0.00103
Checking detector "CDD". Protection Threshold: 0.1 (V)
SetMagnetDAC 5.86702882763 ===>> OK
Magnet settling time: 1.049
GetData ===>> H2,-0.234724535429408,H1,6.03400411800894,AX,0.816022041249683,L1,-0.0102549409649965,L2,-0.11009...
setting magnet DAC
current  : 5.867029
requested: 5.868063
Delta Dac: 0.001034
Checking detector protection. dv=0.00103
Checking detector "CDD". Protection Threshold: 0.1 (V)
SetMagnetDAC 5.86806331039 ===>> OK
Magnet settling time: 1.049
GetData ===>> H2,-0.166124725957202,H1,20.2701057746337,AX,3.22559093702068,L1,0.00138148204982881,L2,-0.182407...
setting magnet DAC
current  : 5.868063
requested: 5.869098
Delta Dac: 0.001034
Checking detector protection. dv=0.00103
Checking detector "CDD". Protection Threshold: 0.1 (V)
SetMagnetDAC 5.86909779315 ===>> OK
Magnet settling time: 1.049
Get Checksum: -1735986017
GetData ===>> H2,-0.16327898075329,H1,53.8340056556896,AX,9.70137478580056,L1,0.0265063347739942,L2,-0.07002586...
setting magnet DAC
current  : 5.869098
requested: 5.870132
Delta Dac: 0.001034
Checking detector protection. dv=0.00103
Checking detector "CDD". Protection Threshold: 0.1 (V)
SetMagnetDAC 5.87013227591 ===>> OK
Magnet settling time: 1.049
set states for children of B. state=False
handle state [('B', False)]
update switch state B False args=() kw={'refresh': False} ncanvase=3
refresh_canvas_needed fired
GetData ===>> H2,-0.111511651469098,H1,104.77756747033,AX,21.2414201809471,L1,0.14320274018168,L2,0.24508393644...
setting magnet DAC
current  : 5.870132
requested: 5.871167
Delta Dac: 0.001034
Checking detector protection. dv=0.00103
Checking detector "CDD". Protection Threshold: 0.1 (V)
SetMagnetDAC 5.87116675867 ===>> OK
Magnet settling time: 1.049
GetData ===>> H2,-0.282754130107672,H1,156.3132904866,AX,34.3999255103262,L1,0.267289267752715,L2,0.09984587626...
setting magnet DAC
current  : 5.871167
requested: 5.872201
Delta Dac: 0.001034
Checking detector protection. dv=0.00103
Checking detector "CDD". Protection Threshold: 0.1 (V)
SetMagnetDAC 5.87220124142 ===>> OK
Magnet settling time: 1.049
Get Checksum: 968834110
GetData ===>> H2,-0.082190093063583,H1,190.02906288641,AX,44.8150531116787,L1,0.385873392507422,L2,0.1517239061...
setting magnet DAC
current  : 5.872201
requested: 5.873236
Delta Dac: 0.001034
Checking detector protection. dv=0.00103
Checking detector "CDD". Protection Threshold: 0.1 (V)
SetMagnetDAC 5.87323572418 ===>> OK
Magnet settling time: 1.049
GetData ===>> H2,-0.147307735022688,H1,206.345244962817,AX,51.0054732195329,L1,0.522073103389472,L2,0.449339475...
setting magnet DAC
current  : 5.873236
requested: 5.874270
Delta Dac: 0.001034
Checking detector protection. dv=0.00103
Checking detector "CDD". Protection Threshold: 0.1 (V)
SetMagnetDAC 5.87427020694 ===>> OK
Magnet settling time: 1.049
GetData ===>> H2,-0.153326754578363,H1,211.722878883231,AX,53.5391664113621,L1,0.587943680599047,L2,0.566840231...
setting magnet DAC
current  : 5.874270
requested: 5.875305
Delta Dac: 0.001034
Checking detector protection. dv=0.00103
Checking detector "CDD". Protection Threshold: 0.1 (V)
SetMagnetDAC 5.8753046897 ===>> OK
Magnet settling time: 1.049
Get Checksum: 968834110
GetData ===>> H2,-0.0873448054340777,H1,213.090590418874,AX,54.3751950230978,L1,0.629272574712901,L2,0.53817157...
setting magnet DAC
current  : 5.875305
requested: 5.876339
Delta Dac: 0.001034
Checking detector protection. dv=0.00103
Checking detector "CDD". Protection Threshold: 0.1 (V)
SetMagnetDAC 5.87633917246 ===>> OK
Magnet settling time: 1.049
GetData ===>> H2,-0.0377573771905752,H1,213.370693370564,AX,54.5566990234217,L1,0.636687870233449,L2,0.77240457...
setting magnet DAC
current  : 5.876339
requested: 5.877374
Delta Dac: 0.001034
Checking detector protection. dv=0.00103
Checking detector "CDD". Protection Threshold: 0.1 (V)
SetMagnetDAC 5.87737365522 ===>> OK
Magnet settling time: 1.049
Get Checksum: 968834110
GetData ===>> H2,-0.0921046761680189,H1,213.639202491808,AX,54.5561945107153,L1,0.665947171819978,L2,0.59931428...
setting magnet DAC
current  : 5.877374
requested: 5.878408
Delta Dac: 0.001034
Checking detector protection. dv=0.00103
Checking detector "CDD". Protection Threshold: 0.1 (V)
SetMagnetDAC 5.87840813798 ===>> OK
Magnet settling time: 1.049
GetData ===>> H2,-0.0429550302417848,H1,213.518386946327,AX,54.4816084627969,L1,0.710630313777068,L2,0.64343174...
setting magnet DAC
current  : 5.878408
requested: 5.879443
Delta Dac: 0.001034
Checking detector protection. dv=0.00103
Checking detector "CDD". Protection Threshold: 0.1 (V)
SetMagnetDAC 5.87944262074 ===>> OK
Magnet settling time: 1.049
GetData ===>> H2,-0.219376797654646,H1,213.479100114512,AX,54.3420489946655,L1,0.664700287757914,L2,0.555454047...
setting magnet DAC
current  : 5.879443
requested: 5.880477
Delta Dac: 0.001034
Checking detector protection. dv=0.00103
Checking detector "CDD". Protection Threshold: 0.1 (V)
SetMagnetDAC 5.88047710349 ===>> OK
Magnet settling time: 1.049
Get Checksum: 968834110
GetData ===>> H2,-0.17818555524544,H1,213.530120220059,AX,54.3060642387127,L1,0.667640496206556,L2,0.6446651181...
setting magnet DAC
current  : 5.880477
requested: 5.881512
Delta Dac: 0.001034
Checking detector protection. dv=0.00103
Checking detector "CDD". Protection Threshold: 0.1 (V)
SetMagnetDAC 5.88151158625 ===>> OK
Magnet settling time: 1.049
GetData ===>> H2,-0.0827698778183661,H1,213.256551840536,AX,54.2131690265213,L1,0.702127671137029,L2,0.63632876...
setting magnet DAC
current  : 5.881512
requested: 5.882546
Delta Dac: 0.001034
Checking detector protection. dv=0.00103
Checking detector "CDD". Protection Threshold: 0.1 (V)
SetMagnetDAC 5.88254606901 ===>> OK
Magnet settling time: 1.049
GetData ===>> H2,-0.142094838938763,H1,213.100586696673,AX,54.2760799430761,L1,0.683735243038674,L2,0.456716169...
setting magnet DAC
current  : 5.882546
requested: 5.883581
Delta Dac: 0.001034
Checking detector protection. dv=0.00103
Checking detector "CDD". Protection Threshold: 0.1 (V)
SetMagnetDAC 5.88358055177 ===>> OK
Magnet settling time: 1.049
Get Checksum: 968834110
GetData ===>> H2,-0.133683285072082,H1,211.672167559513,AX,53.3639870524618,L1,0.639195548633824,L2,0.454934749...
setting magnet DAC
current  : 5.883581
requested: 5.884615
Delta Dac: 0.001034
Checking detector protection. dv=0.00103
Checking detector "CDD". Protection Threshold: 0.1 (V)
SetMagnetDAC 5.88461503453 ===>> OK
Magnet settling time: 1.049
GetData ===>> H2,0.0360878972371978,H1,206.446583087474,AX,51.1602272307389,L1,0.628765210462469,L2,0.595860534...
setting magnet DAC
current  : 5.884615
requested: 5.885650
Delta Dac: 0.001034
Checking detector protection. dv=0.00103
Checking detector "CDD". Protection Threshold: 0.1 (V)
SetMagnetDAC 5.88564951729 ===>> OK
Magnet settling time: 1.049
GetData ===>> H2,-0.190139266735192,H1,190.548458419897,AX,44.7437087835255,L1,0.623084423898938,L2,0.442283045...
setting magnet DAC
current  : 5.885650
requested: 5.886684
Delta Dac: 0.001034
Checking detector protection. dv=0.00103
Checking detector "CDD". Protection Threshold: 0.1 (V)
SetMagnetDAC 5.88668400005 ===>> OK
Magnet settling time: 1.049
Get Checksum: 968834110
GetData ===>> H2,-0.157531312495677,H1,155.290967067977,AX,32.6698881968469,L1,0.481958519620084,L2,0.187564669...
setting magnet DAC
current  : 5.886684
requested: 5.887718
Delta Dac: 0.001034
Checking detector protection. dv=0.00103
Checking detector "CDD". Protection Threshold: 0.1 (V)
SetMagnetDAC 5.8877184828 ===>> OK
Magnet settling time: 1.049
GetData ===>> H2,-0.129450839440212,H1,103.531175044502,AX,18.7025249647976,L1,0.330141550890261,L2,0.130102742...
setting magnet DAC
current  : 5.887718
requested: 5.888753
Delta Dac: 0.001034
Checking detector protection. dv=0.00103
Checking detector "CDD". Protection Threshold: 0.1 (V)
SetMagnetDAC 5.88875296556 ===>> OK
Magnet settling time: 1.049
GetData ===>> H2,-0.101231660762444,H1,53.1542953851539,AX,8.16383205277794,L1,0.229681895533317,L2,0.059206831...
setting magnet DAC
current  : 5.888753
requested: 5.889787
Delta Dac: 0.001034
Checking detector protection. dv=0.00103
Checking detector "CDD". Protection Threshold: 0.1 (V)
SetMagnetDAC 5.88978744832 ===>> OK
Magnet settling time: 1.049
GetData ===>> H2,-0.171182663945886,H1,20.4656843423119,AX,2.673019337462,L1,0.13431712030857,L2,-0.11082653423...
setting magnet DAC
current  : 5.889787
requested: 5.890822
Delta Dac: 0.001034
Checking detector protection. dv=0.00103
Checking detector "CDD". Protection Threshold: 0.1 (V)
SetMagnetDAC 5.89082193108 ===>> OK
Magnet settling time: 1.049
Get Checksum: 968834110
GetData ===>> H2,-0.180455979313905,H1,3.12182746915013,AX,0.19846908997933,L1,0.0159865565922637,L2,-0.0616054...
setting magnet DAC
current  : 5.890822
requested: 5.891856
Delta Dac: 0.001034
Checking detector protection. dv=0.00103
Checking detector "CDD". Protection Threshold: 0.1 (V)
SetMagnetDAC 5.89185641384 ===>> OK
Magnet settling time: 1.049
GetData ===>> H2,-0.187259131893719,H1,0.720392681179249,AX,-0.112473747722554,L1,-0.00269879517318234,L2,-0.09...
setting magnet DAC
current  : 5.891856
requested: 5.892891
Delta Dac: 0.001034
Checking detector protection. dv=0.00103
Checking detector "CDD". Protection Threshold: 0.1 (V)
SetMagnetDAC 5.8928908966 ===>> OK
Magnet settling time: 1.049
GetData ===>> H2,-0.306899759968429,H1,0.170122852883892,AX,-0.165297854508428,L1,-0.0346711921786993,L2,0.1085...
setting magnet DAC
current  : 5.892891
requested: 5.893925
Delta Dac: 0.001034
Checking detector protection. dv=0.00103
Checking detector "CDD". Protection Threshold: 0.1 (V)
SetMagnetDAC 5.89392537936 ===>> OK
Magnet settling time: 1.049
Get Checksum: 968834110
GetData ===>> H2,-0.167752473236508,H1,-0.0216744750114682,AX,-0.102067724099763,L1,-0.00484627692720791,L2,-0....
result of _do_sweep=True
result of _calculate_peak_center=([5.8712102940127391, 5.8789015385708208, 5.8865927831289024], [157.73219072789416, 213.63702345391351, 158.39984406094231], 5.8773923132235746, 213.63702345391351)
Failed to find a valid peak. No peak greater than 1.0. max = 0.0416466265651
new center pos Detector(H1) (Ar40) @ 5.87890153857
GetHighVoltage ===>> 4499.94659342336
GetDeflection H1 ===>> 0
dac uncorrected for HV and deflection 5.87893615907
update mftable H1 Ar40 5.87893615907 message=automated run peakcenter
get initial guess parabolic
get initial guess parabolic
get initial guess parabolic
get initial guess parabolic
get initial guess parabolic
get initial guess parabolic
dump mftable to /Users/jan/PychronDev/setupfiles/spectrometer/mftables/mftable.csv
add to repo msg=modified - automated run peakcenter
locally archiving mftable
setting magnet DAC
current  : 5.893925
requested: 5.878902
Delta Dac: 0.015024
Checking detector protection. dv=0.01502
Checking detector "CDD". Protection Threshold: 0.1 (V)
SetMagnetDAC 5.87890153857 ===>> OK
Magnet settling time: 0.500
sweep finished
setting integration time = 1.048576
SetIntegrationTime 1.048576 ===>> OK
Failed to find a valid peak. No peak greater than 1.0. max = 0.0416018772178
flush and close file /Users/jan/PychronDev/data/isotopes/0b/5283e4-ef64-43d3-8603-0227d4cb9bf3.h5
finished measure script
executed 278.04
jan_co2_whiff_120_60_large.py completed successfully
Measurement Finished
16:52:57 -- ******* Measurement Finished *******
Post Measurement Started jan_pump_ms.py
16:52:57 -- ******* Post Measurement Started jan_pump_ms.py *******
testing...
no interpolation path defined
executed 0
Pumping spectrometer
open () {'name': 'O'}
opening name=O desc=---
checking ownership. requestor=129.138.12.150
check software interlocks O
interlocks []
actuate state mode=None-script, software_lock=False
doing actuation None-script open_channel True
Open O ===>> OK
GetValveState O ===>> OK
change switch state (True, True)
update switch state O True args=() kw={} ncanvase=3
16:52:57 -- OPEN   VALVE-O (Jan Ion Pump)
---------------------------------------- open O () result=[(True, True)], time=0.09 sec
action=open, ok=True, locked=[False]
executed 0
jan_pump_ms.py completed successfully
setting _ms_pumptime
Post Measurement Finished
16:52:57 -- ******* Post Measurement Finished *******
$$$$$$$$$$$$$$$$$$$$ state at run end measurement
state changed from measurement to success
post measurement save measured=True aborted=False
Set filtering
setting fod for Ar40= {'filter_outliers': True, 'std_devs': 2, 'iterations': 1}
setting fod for H1= {'filter_outliers': True, 'std_devs': 2, 'iterations': 1}
setting fod for PM41= {'filter_outliers': False, 'std_devs': 2, 'iterations': 1}
setting fod for H2= {'filter_outliers': True, 'std_devs': 2, 'iterations': 1}
setting fod for Ar36= {'filter_outliers': True, 'std_devs': 2, 'iterations': 1}
setting fod for CDD= {'filter_outliers': True, 'std_devs': 10, 'iterations': 1}
setting fod for Ar37= {'filter_outliers': True, 'std_devs': 2, 'iterations': 1}
setting fod for L2= {'filter_outliers': True, 'std_devs': 2, 'iterations': 1}
setting fod for Ar38= {'filter_outliers': True, 'std_devs': 2, 'iterations': 1}
setting fod for L1= {'filter_outliers': True, 'std_devs': 2, 'iterations': 1}
setting fod for Ar39= {'filter_outliers': True, 'std_devs': 2, 'iterations': 1}
setting fod for AX= {'filter_outliers': True, 'std_devs': 2, 'iterations': 1}
persistence save...
persistence save - db
post measurement save
5363476912 connecting to database sqlite:////Users/jan/PychronDev/.appdata/local_lab.db
connected to db sqlite:////Users/jan/PychronDev/.appdata/local_lab.db
create new session 5363476912
close session 5363476912
No database instance. Not saving post measurement to isotopedb database
$$$$$$$$$$$$$$$ auto_save_detector_ic=False
massspec enabled True
create new session 5054761584
MassSpec Database Version: 16.0
close session 5054761584
saving post measurement to secondary database
saving to massspec database 129.138.12.160/massspecdata
setting labnumber to 65511
setting aliquot to 28
setting step to 
setting uuid to 0b5283e4-ef64-43d3-8603-0227d4cb9bf3
setting irradpos to 65511
setting extract_device to Fusions CO2
setting tray to 
setting position to 167
setting power_requested to 5.0
setting extract_value to 5.0
setting duration to 30.0
setting duration_at_request to 30.0
setting first_stage_delay to 30.0
setting cleanup to 30.0
setting comment to F:9 DS
setting irradiation to NM-289
setting level to F
setting irradiation_level to F
setting sample to TRC-23-djk
setting material to SandforDetrital
setting project to IR959
setting mass_spectrometer to Jan
no attribute chron_dosages
no attribute production_ratios
no attribute interference_corrections
no attribute production_name
no attribute j
Reference Isotope=Ar40
Reference Detector=H1
%%%%%%%%%%%%%%%%%%%% Comment: F:9 DS %%%%%%%%%%%%%%%%%%%
adding isotope PM41 H2
add baseline dbdet= PM41. original det= H2
get baseline data PM41 H2
Get data baseline <pychron.processing.isotope.Baseline object at 0x137c16110> len t=60
baseline PM41. v=-0.191251095005, e=0.00674313164143
get signal data PM41 H2
Get data signal PM41 0.10+/-0.08 len t=120
adding isotope Ar40 H1
add baseline dbdet= Ar40. original det= H1
get baseline data Ar40 H1
Get data baseline <pychron.processing.isotope.Baseline object at 0x137c16310> len t=60
baseline Ar40. v=-0.0329754020224, e=0.00475005512325
get signal data Ar40 H1
Get data signal Ar40 233.399+/-0.025 len t=120
adding isotope Ar39 AX
add baseline dbdet= Ar39. original det= AX
get baseline data Ar39 AX
Get data baseline <pychron.processing.isotope.Baseline object at 0x137c164d0> len t=60
baseline Ar39. v=-0.0651626779631, e=0.0064644201393
get signal data Ar39 AX
Get data signal Ar39 60.113+/-0.023 len t=120
adding isotope Ar38 L1
add baseline dbdet= Ar38. original det= L1
get baseline data Ar38 L1
Get data baseline <pychron.processing.isotope.Baseline object at 0x137c16690> len t=60
baseline Ar38. v=-0.0250243876282, e=0.00203304152024
get signal data Ar38 L1
Get data signal Ar38 0.788+/-0.005 len t=120
adding isotope Ar37 L2
add baseline dbdet= Ar37. original det= L2
get baseline data Ar37 L2
Get data baseline <pychron.processing.isotope.Baseline object at 0x137c16850> len t=60
baseline Ar37. v=-0.0207490364548, e=0.0060740601811
get signal data Ar37 L2
Get data signal Ar37 0.682+/-0.012 len t=120
adding isotope Ar36 CDD
Get Checksum: -2083114517
add baseline dbdet= Ar36. original det= CDD
get baseline data Ar36 CDD
Get data baseline <pychron.processing.isotope.Baseline object at 0x137c16a10> len t=60
baseline Ar36. v=7.44327060267e-05, e=1.43730568863e-05
get signal data Ar36 CDD
Get data signal Ar36 0.0333+/-0.0006 len t=120
65511-28 added analysis time 0.474315881729s
analysis added to mass spec database
mass spec save time= 0.483
persistence save - dvc
================= post measurement started
create new session 4983039568
close session 4983039568
---------------- Experiment Queue saving disabled
DVC saving peakcenter
Failed to find a valid peak. No peak greater than 1.0. max = 0.0416018772178
Smart pull ahead: 0 behind: 0
Up-to-date with origin
add to repo msg=modified - ad8224ebc6dbfeb9f5997218dfa5fe690569839d.json
add to repo msg=modified - 11-28.json
add to repo msg=modified - 11-28.dat.json
add to repo msg=modified - 11-28.blan.json
add to repo msg=modified - 11-28.inte.json
add to repo msg=modified - 11-28.icfa.json
add to repo msg=modified - 11-28.base.json
not at valid file /Users/jan/PychronDev/data/.dvc/repositories/IR959/655/tags/11-28.tags.json
add to repo msg=modified - 11-28.peak.json
add to repo msg=modified - 11-28.extr.json
not at valid file /Users/jan/PychronDev/data/.dvc/repositories/IR959/655/monitor/11-28.moni.json
commit message=<COLLECTION>
Get Checksum: -2083114517
add to repo msg=modified - 11-28.inte.json
add to repo msg=modified - 11-28.base.json
commit message=<ISOEVO> default collection fits
add to repo msg=modified - 11-28.blan.json
commit message=<BLANKS> preceding bu-FC-J-7451
add to repo msg=modified - 11-28.icfa.json
Get Checksum: -2083114517
commit message=<ICFactor> default
push repository <pychron.git_archive.repo_manager.GitRepoManager object at 0x13bea91d0>
pushing to remote=origin, url=https://github.com
Get Checksum: -2083114517
no changes to meta repo
create new session 4983039568
add association IR959
get identifier "65511"
setting analysis irradiation position=<pychron.dvc.dvc_orm.IrradiationPositionTbl object at 0x13be9c7d0>
close session 4983039568
================= post measurement finished
16:53:10 -- ******* Post Run Check *******
loading queue conditionals post_run_actions
loading system conditionals post_run_actions
loading conditionals from /Users/jan/PychronDev/setupfiles/spectrometer/default_conditionals.yaml
loading queue conditionals post_run_terminations
loading system conditionals post_run_terminations
loading conditionals from /Users/jan/PychronDev/setupfiles/spectrometer/default_conditionals.yaml
Checking default post run terminations n=1
GetDeflection CDD ===>> 50
testing CDD==2000
evaluate ot="CDD.deflection==2000" t="CDD==2000", ctx="{'CDD': 50.0}"
16:53:10 -- ******* Post Run Check Passed *******
16:53:10 -- Automated run 65511-28 success duration: 371.019 s
----------------- finish -----------------
----------------- stop -----------------
retroactive repository identifiers disabled
finish run. runs completed=23
update duration runid=65511-28, duration=371.019183874, md5=3d9034cf
loading script "jan_co2_whiff_120_60_large.py"
loading script "jan_pump_ms.py"
loading script "jan_co2.py"
loading script "jan_pump_extraction_line.py"
testing...
no interpolation path defined
executed 266.04
script duration name:co2_whiff_120_60_large seconds:266.0
loading script "jan_co2_whiff_120_60_large.py"
loading script "jan_pump_ms.py"
loading script "jan_co2.py"
loading script "jan_pump_extraction_line.py"
testing...
no interpolation path defined
executed 0
loading script "jan_co2_whiff_120_60_large.py"
loading script "jan_pump_ms.py"
loading script "jan_co2.py"
loading script "jan_pump_extraction_line.py"
testing...
no interpolation path defined
calculate duration
testing...
no interpolation path defined
executed 0
calculate duration
testing...
no interpolation path defined
executed 0
executed 0.0
script duration name:co2 seconds:0.0
loading script "jan_co2_whiff_120_60_large.py"
loading script "jan_pump_ms.py"
loading script "jan_co2.py"
loading script "jan_pump_extraction_line.py"
testing...
no interpolation path defined
calculate duration
testing...
no interpolation path defined
executed 4.0
executed 4.0
Script duration 266.0
Run total estimated duration= 267.000
co2_whiff_120_60_large in script context. using previous estimated duration
script duration name:co2_whiff_120_60_large seconds:266.0
pump_ms in script context. using previous estimated duration
co2 in script context. using previous estimated duration
script duration name:co2 seconds:0.0
pump_extraction_line in script context. using previous estimated duration
Script duration 266.0
Run total estimated duration= 267.000
script duration name:co2_whiff_120_60_large seconds:266.0
script duration name:co2 seconds:0.0
Script duration 266.0
Run total estimated duration= 267.000
script duration name:co2_whiff_120_60_large seconds:266.0
script duration name:co2 seconds:0.0
Script duration 266.0
Run total estimated duration= 267.000
script duration name:co2_whiff_120_60_large seconds:266.0
script duration name:co2 seconds:0.0
Script duration 266.0
Run total estimated duration= 267.000
script duration name:co2_whiff_120_60_large seconds:266.0
script duration name:co2 seconds:0.0
Script duration 266.0
Run total estimated duration= 267.000
script duration name:co2_whiff_120_60_large seconds:266.0
script duration name:co2 seconds:0.0
Script duration 266.0
Run total estimated duration= 267.000
script duration name:co2_whiff_120_60_large seconds:266.0
script duration name:co2 seconds:0.0
Script duration 266.0
Run total estimated duration= 267.000
loading script "jan_unknown400_120.py"
loading script "jan_pump_ms.py"
loading script "jan_sniffair_x2.py"
loading script "jan_pump_extraction_line.py"
testing...
no interpolation path defined
executed 556.052928
script duration name:unknown400_120 seconds:556.0
loading script "jan_unknown400_120.py"
loading script "jan_pump_ms.py"
loading script "jan_sniffair_x2.py"
loading script "jan_pump_extraction_line.py"
testing...
no interpolation path defined
calculate duration
testing...
no interpolation path defined
executed 0
calculate duration
testing...
no interpolation path defined
executed 0
calculate duration
testing...
no interpolation path defined
executed 32.0
calculate duration
testing...
no interpolation path defined
executed 34.0
calculate duration
testing...
no interpolation path defined
executed 4.0
calculate duration
testing...
no interpolation path defined
executed 36.0
calculate duration
testing...
no interpolation path defined
executed 34.0
calculate duration
testing...
no interpolation path defined
executed 4.0
calculate duration
testing...
no interpolation path defined
executed 36.0
calculate duration
testing...
no interpolation path defined
executed 70.0
executed 250.0
script duration name:sniffair_x2 seconds:250.0
Script duration 806.0
Run total estimated duration= 807.000
script duration name:co2_whiff_120_60_large seconds:266.0
script duration name:co2 seconds:0.0
Script duration 266.0
Run total estimated duration= 267.000
script duration name:co2_whiff_120_60_large seconds:266.0
script duration name:co2 seconds:0.0
Script duration 266.0
Run total estimated duration= 267.000
script duration name:co2_whiff_120_60_large seconds:266.0
script duration name:co2 seconds:0.0
Script duration 266.0
Run total estimated duration= 267.000
script duration name:co2_whiff_120_60_large seconds:266.0
script duration name:co2 seconds:0.0
Script duration 266.0
Run total estimated duration= 267.000
script duration name:co2_whiff_120_60_large seconds:266.0
script duration name:co2 seconds:0.0
Script duration 266.0
Run total estimated duration= 267.000
unknown400_120 in script context. using previous estimated duration
script duration name:unknown400_120 seconds:556.0
script duration name:co2 seconds:0.0
Script duration 556.0
Run total estimated duration= 557.000
script duration name:unknown400_120 seconds:556.0
loading script "jan_unknown400_120.py"
loading script "jan_pump_ms.py"
loading script "jan_cocktail_x1.py"
loading script "jan_pump_extraction_line.py"
testing...
no interpolation path defined
calculate duration
testing...
no interpolation path defined
executed 0
calculate duration
testing...
no interpolation path defined
executed 0
calculate duration
testing...
no interpolation path defined
executed 32.0
calculate duration
testing...
no interpolation path defined
executed 34.0
calculate duration
testing...
no interpolation path defined
executed 4.0
calculate duration
testing...
no interpolation path defined
executed 38.0
executed 108.0
script duration name:cocktail_x1 seconds:108.0
Script duration 664.0
Run total estimated duration= 665.000
script duration name:unknown400_120 seconds:556.0
cocktail_x1 in script context. using previous estimated duration
script duration name:cocktail_x1 seconds:108.0
Script duration 664.0
Run total estimated duration= 665.000
loading script "jan_ic_peak_hop3.py"
loading script "jan_pump_ms.py"
loading script "jan_air_x1.py"
loading script "jan_pump_extraction_line.py"
testing...
no interpolation path defined
executed 133.8
script duration name:ic_peak_hop3 seconds:134.0
loading script "jan_ic_peak_hop3.py"
loading script "jan_pump_ms.py"
loading script "jan_air_x1.py"
loading script "jan_pump_extraction_line.py"
testing...
no interpolation path defined
calculate duration
testing...
no interpolation path defined
executed 0
calculate duration
testing...
no interpolation path defined
executed 0
calculate duration
testing...
no interpolation path defined
executed 32.0
calculate duration
testing...
no interpolation path defined
executed 34.0
calculate duration
testing...
no interpolation path defined
executed 4.0
calculate duration
testing...
no interpolation path defined
executed 36.0
executed 106.0
script duration name:air_x1 seconds:106.0
Script duration 240.0
Run total estimated duration= 241.000
script duration name:co2_whiff_120_60_large seconds:266.0
script duration name:co2 seconds:0.0
Script duration 266.0
Run total estimated duration= 267.000
script duration name:co2_whiff_120_60_large seconds:266.0
script duration name:co2 seconds:0.0
Script duration 266.0
Run total estimated duration= 267.000
script duration name:co2_whiff_120_60_large seconds:266.0
script duration name:co2 seconds:0.0
Script duration 266.0
Run total estimated duration= 267.000
script duration name:co2_whiff_120_60_large seconds:266.0
script duration name:co2 seconds:0.0
Script duration 266.0
Run total estimated duration= 267.000
script duration name:co2_whiff_120_60_large seconds:266.0
script duration name:co2 seconds:0.0
Script duration 266.0
Run total estimated duration= 267.000
script duration name:co2_whiff_120_60_large seconds:266.0
script duration name:co2 seconds:0.0
Script duration 266.0
Run total estimated duration= 267.000
script duration name:co2_whiff_120_60_large seconds:266.0
script duration name:co2 seconds:0.0
Script duration 266.0
Run total estimated duration= 267.000
script duration name:co2_whiff_120_60_large seconds:266.0
script duration name:co2 seconds:0.0
Script duration 266.0
Run total estimated duration= 267.000
script duration name:co2_whiff_120_60_large seconds:266.0
script duration name:co2 seconds:0.0
Script duration 266.0
Run total estimated duration= 267.000
script duration name:co2_whiff_120_60_large seconds:266.0
script duration name:co2 seconds:0.0
Script duration 266.0
Run total estimated duration= 267.000
script duration name:co2_whiff_120_60_large seconds:266.0
script duration name:co2 seconds:0.0
Script duration 266.0
Run total estimated duration= 267.000
script duration name:co2_whiff_120_60_large seconds:266.0
script duration name:co2 seconds:0.0
Script duration 266.0
Run total estimated duration= 267.000
script duration name:co2_whiff_120_60_large seconds:266.0
script duration name:co2 seconds:0.0
Script duration 266.0
Run total estimated duration= 267.000
script duration name:co2_whiff_120_60_large seconds:266.0
script duration name:co2 seconds:0.0
Script duration 266.0
Run total estimated duration= 267.000
script duration name:co2_whiff_120_60_large seconds:266.0
script duration name:co2 seconds:0.0
Script duration 266.0
Run total estimated duration= 267.000
script duration name:unknown400_120 seconds:556.0
script duration name:co2 seconds:0.0
Script duration 556.0
Run total estimated duration= 557.000
script duration name:co2_whiff_120_60_large seconds:266.0
script duration name:co2 seconds:0.0
Script duration 266.0
Run total estimated duration= 267.000
nruns=35 before=5.0, run_dur=11235.0, btw=1020.0
write rem/ex queues
/Users/jan/PychronDev/experiments/rem/CurrentExperiment.rem.txt
/Users/jan/PychronDev/experiments/rem/CurrentExperiment.ex.txt
doing event level: 3
