do run
loading script "jan_co2_whiff_120_60_large.py"
loading script "jan_pump_ms.py"
loading script "jan_co2.py"
loading script "jan_pump_extraction_line.py"
testing...
no interpolation path defined
executed 266.04
script duration name:co2_whiff_120_60_large seconds:266.0
loading script "jan_co2_whiff_120_60_large.py"
loading script "jan_pump_ms.py"
loading script "jan_co2.py"
loading script "jan_pump_extraction_line.py"
testing...
no interpolation path defined
executed 0
loading script "jan_co2_whiff_120_60_large.py"
loading script "jan_pump_ms.py"
loading script "jan_co2.py"
loading script "jan_pump_extraction_line.py"
testing...
no interpolation path defined
calculate duration
testing...
no interpolation path defined
executed 0
calculate duration
testing...
no interpolation path defined
executed 0
executed 0.0
script duration name:co2 seconds:0.0
loading script "jan_co2_whiff_120_60_large.py"
loading script "jan_pump_ms.py"
loading script "jan_co2.py"
loading script "jan_pump_extraction_line.py"
testing...
no interpolation path defined
calculate duration
testing...
no interpolation path defined
executed 4.0
executed 4.0
Script duration 266.0
Run total estimated duration= 267.000
run duration: 0:04:27
doing event level: 2
15:03:32 -- Setting default integration. t=1.048576
setting integration time = 1.048576
SetIntegrationTime 1.048576 ===>> OK
----------------- start -----------------
**************** Experiment Type: Ar/Ar, Ar/Ar
create new session 4993359504
close session 4993359504
$$$$$ Clearing conditionals
adding conditionals detrital
extract conditionals from file. /Users/jan/PychronDev/scripts/conditionals/detrital.yaml
no attr for this modification cd={'extraction_str': '', 'attr': '', 'mapper': '', 'use_termination': False, 'start_count': 0, 'nskip': 0, 'window': 0, 'frequency': 1, 'teststr': '', 'action': 'Skip Next Run', 'ntrips': 1, 'use_truncation': False}
no attr for this cancelation cd={'mapper': '', 'window': 0, 'frequency': 1, 'attr': '', 'teststr': '', 'start_count': 0, 'ntrips': 1}
adding truncation attr="age" test="age>100.0" start="50"
adding truncation attr="Ar39" test="Ar39<0.5" start="60"
no attr for this termination cd={'mapper': '', 'window': 0, 'frequency': 1, 'attr': '', 'teststr': '', 'start_count': 0, 'ntrips': 1}
Invalid conditional kind="pre_run_terminations"
no attr for this action cd={'mapper': '', 'attr': '', 'start_count': 0, 'window': 0, 'frequency': 1, 'teststr': '', 'action': None, 'ntrips': 1}
Invalid conditional kind="post_run_terminations"
Add queue conditionals
add default conditionals
adding default conditionals from /Users/jan/PychronDev/setupfiles/spectrometer/default_conditionals.yaml
Start automated run 65511-20
loading script "jan_co2_whiff_120_60_large.py"
loading script "jan_pump_ms.py"
loading script "jan_co2.py"
loading script "jan_pump_extraction_line.py"
%%%%%%%%%%%%%%%%%% setting automated run 65511-20
No value "sensitivity_multiplier" in metadata
$$$$$$$$$$$$$$$ auto_save_detector_ic=False
============================= Pre Extraction Check =============================
loading queue conditionals pre_run_terminations
loading system conditionals pre_run_terminations
loading conditionals from /Users/jan/PychronDev/setupfiles/spectrometer/default_conditionals.yaml
15:03:32 -- ******* Pre Extraction Check *******
Get a measurement from the spectrometer
GetData ===>> H2,-0.18812301934302,H1,-0.0476936259115267,AX,0.00481484773709489,L1,-0.030680338505744,L2,-0.09...
Pre Extraction Termination data. keys=H2,H1,AX,L1,L2,CDD, signals=-0.18812,-0.04769,0.00481,-0.03068,-0.09597,0.00506
15:03:32 -- testing system defined conditionals
Checking default pre extraction terminations n=2
testing CDD
evaluate ot="CDD.inactive" t="CDD", ctx="{'CDD': False}"
GetDeflection CDD ===>> 50
testing CDD==2000
evaluate ot="CDD.deflection==2000" t="CDD==2000", ctx="{'CDD': 50.0}"
15:03:32 -- ******* Pre Extraction Check Passed *******
=================================================================================
15:03:32 -- stopping status monitor
stop 5052903792
Alive clients [4983293136]
15:03:32 -- starting status monitor
start 5052903792
Monitor already running
start extraction
do extraction
Analysis started at 15:03:32.370491
Extraction Started jan_co2.py
15:03:32 -- ******* Extraction Started jan_co2.py *******
state changed from not run to extraction
DO EXTRACTION <pychron.extraction_line.pyscript_runner.RemotePyScriptRunner object at 0x12b93d0b0>
testing...
no interpolation path defined
calculate duration
testing...
no interpolation path defined
executed 0
calculate duration
testing...
no interpolation path defined
executed 0
executed 100.0
Jan CO2 laser analysis
doing GOSUB
testing...
no interpolation path defined
executed 0
Waiting for CO2 access
wait ('FelixCO2Flag', 0) {}
waiting for FelixCO2Flag = 0
Read FelixCO2Flag ===>> 0
finished waiting
CO2 free
wait ('CO2PumpTimeFlag', 0) {}
waiting for CO2PumpTimeFlag = 0
Read CO2PumpTimeFlag ===>> 0
finished waiting
acquire ('JanCO2Flag',) {'clear': True}
acquire JanCO2Flag
Set JanCO2Flag 1 ===>> OK
JanCO2Flag acquired
set extraction state False (0.75, 'red', 1.5)
CO2 acquired
executed 0
WaitForCO2Access.py completed successfully
gosub finished
doing GOSUB
testing...
no interpolation path defined
executed 0
Prepare for CO2 analysis
close () {'description': 'Jan Inlet'}
closing name=--- desc=Jan Inlet
checking ownership. requestor=129.138.12.150
check software interlocks R
interlocks []
actuate state mode=None-script, software_lock=False
doing actuation None-script close_channel False
Close R ===>> OK
GetValveState R ===>> False
change switch state (True, True)
update switch state R False args=() kw={} ncanvase=3
15:03:32 -- CLOSE  VALVE-R (Jan Inlet)
---------------------------------------- close None (Jan Inlet) result=[(True, True)]
action=close, ok=True, locked=[False]
open () {'description': 'Jan Ion Pump'}
opening name=--- desc=Jan Ion Pump
checking ownership. requestor=129.138.12.150
check software interlocks O
interlocks []
actuate state mode=None-script, software_lock=False
doing actuation None-script open_channel False
Open O ===>> OK
GetValveState O ===>> OK
change switch state (True, True)
update switch state O True args=() kw={} ncanvase=3
15:03:33 -- OPEN   VALVE-O (Jan Ion Pump)
---------------------------------------- open None (Jan Ion Pump) result=[(True, True)], time=0.09 sec
action=open, ok=True, locked=[False]
close () {'description': 'Microbone to Minibone'}
closing name=--- desc=Microbone to Minibone
checking ownership. requestor=129.138.12.150
check software interlocks L
interlocks []
actuate state mode=None-script, software_lock=False
doing actuation None-script close_channel False
Close L ===>> OK
GetValveState L ===>> False
change switch state (True, True)
update switch state L False args=() kw={} ncanvase=3
15:03:33 -- CLOSE  VALVE-L (Microbone to Minibone)
---------------------------------------- close None (Microbone to Minibone) result=[(True, True)]
action=close, ok=True, locked=[False]
open () {'description': 'Microbone to Turbo'}
opening name=--- desc=Microbone to Turbo
checking ownership. requestor=129.138.12.150
check software interlocks U
interlocks []
actuate state mode=None-script, software_lock=False
doing actuation None-script open_channel False
Open U ===>> OK
GetValveState U ===>> OK
change switch state (True, True)
update switch state U True args=() kw={} ncanvase=3
15:03:34 -- OPEN   VALVE-U (Microbone to Turbo)
---------------------------------------- open None (Microbone to Turbo) result=[(True, True)], time=0.12 sec
action=open, ok=True, locked=[False]
open () {'description': 'Microbone to Inlet Pipette'}
opening name=--- desc=Microbone to Inlet Pipette
checking ownership. requestor=129.138.12.150
check software interlocks S
interlocks []
actuate state mode=None-script, software_lock=False
doing actuation None-script open_channel False
Open S ===>> OK
GetValveState S ===>> OK
change switch state (True, True)
update switch state S True args=() kw={} ncanvase=3
15:03:34 -- OPEN   VALVE-S (Microbone to Inlet Pipette)
---------------------------------------- open None (Microbone to Inlet Pipette) result=[(True, True)], time=0.41 sec
action=open, ok=True, locked=[False]
open () {'description': 'Microbone to Getter D-50'}
opening name=--- desc=Microbone to Getter D-50
checking ownership. requestor=129.138.12.150
check software interlocks K
interlocks []
actuate state mode=None-script, software_lock=False
doing actuation None-script open_channel False
Open K ===>> OK
Get Checksum: 192129876
GetValveState K ===>> OK
change switch state (True, True)
update switch state K True args=() kw={} ncanvase=3
15:03:35 -- OPEN   VALVE-K (Microbone to Getter D-50)
---------------------------------------- open None (Microbone to Getter D-50) result=[(True, True)], time=0.42 sec
action=open, ok=True, locked=[False]
open () {'description': 'Microbone to Getter NP-10'}
opening name=--- desc=Microbone to Getter NP-10
checking ownership. requestor=129.138.12.150
check software interlocks M
interlocks []
actuate state mode=None-script, software_lock=False
doing actuation None-script open_channel False
Open M ===>> OK
GetValveState M ===>> OK
change switch state (True, True)
update switch state M True args=() kw={} ncanvase=3
15:03:35 -- OPEN   VALVE-M (Microbone to Getter NP-10)
---------------------------------------- open None (Microbone to Getter NP-10) result=[(True, True)], time=0.16 sec
action=open, ok=True, locked=[False]
close () {'description': 'CO2 Laser to Felix'}
closing name=--- desc=CO2 Laser to Felix
checking ownership. requestor=129.138.12.150
check software interlocks F
interlocks []
actuate state mode=None-script, software_lock=True
VALVE-F(CO2 Laser to Felix) software locked
change switch state (True, False)
---------------------------------------- close None (CO2 Laser to Felix) result=[(True, False)]
action=close, ok=True, locked=[True]
open () {'description': 'CO2 Laser to Jan'}
opening name=--- desc=CO2 Laser to Jan
checking ownership. requestor=129.138.12.150
check software interlocks A
interlocks []
actuate state mode=None-script, software_lock=False
doing actuation None-script open_channel False
Open A ===>> OK
GetValveState A ===>> OK
change switch state (True, True)
update switch state A True args=() kw={} ncanvase=3
15:03:36 -- OPEN   VALVE-A (CO2 Laser to Jan)
---------------------------------------- open None (CO2 Laser to Jan) result=[(True, True)], time=0.13 sec
action=open, ok=True, locked=[False]
open () {'description': 'Microbone to CO2 Laser'}
opening name=--- desc=Microbone to CO2 Laser
checking ownership. requestor=129.138.12.150
check software interlocks T
interlocks []
actuate state mode=None-script, software_lock=False
doing actuation None-script open_channel False
Open T ===>> OK
GetValveState T ===>> OK
change switch state (True, True)
update switch state T True args=() kw={} ncanvase=3
15:03:37 -- OPEN   VALVE-T (Microbone to CO2 Laser)
---------------------------------------- open None (Microbone to CO2 Laser) result=[(True, True)], time=0.42 sec
action=open, ok=True, locked=[False]
executed 0
PrepareForCO2Analysis.py completed successfully
gosub finished
set_motor ('beam', '1.25') {}
setting motor "beam" to 1.25
set motor beam to 1.25
SetMotor beam,1.25 ===>> OK
GetMotorMoving beam ===>> False
GetMotorMoving beam ===>> False
Block completed
move_to_position ('159',) {'autocenter': True}
FusionsCO2 move to position 159
sending GoToHole 159,True
GoToHole 159,True ===>> OK
Get Checksum: 192129876
GetDriveMoving ===>> OK
GetDriveMoving ===>> OK
GetDriveMoving ===>> OK
GetDriveMoving ===>> False
GetDriveMoving ===>> OK
GetDriveMoving ===>> OK
GetDriveMoving ===>> OK
GetDriveMoving ===>> OK
GetDriveMoving ===>> False
Block completed
Get Checksum: 192129876
GetAutoCorrecting ===>> False
GetAutoCorrecting ===>> False
Block completed
update position
GetPosition ===>> -3.98780,-5.98170,1.00000
got position (-3.9878, -5.9817, 1.0)
move to position succeeded
sleep (5,) {}
SLEEP 5.0
block started
WaitControl setup for 5.0  
Get Checksum: 192129876
Join finished
block finished. duration 5.01041483879
close () {'description': 'Microbone to Turbo'}
closing name=--- desc=Microbone to Turbo
checking ownership. requestor=129.138.12.150
check software interlocks U
interlocks []
actuate state mode=None-script, software_lock=False
doing actuation None-script close_channel True
Close U ===>> OK
GetValveState U ===>> False
change switch state (True, True)
update switch state U False args=() kw={} ncanvase=3
15:03:47 -- CLOSE  VALVE-U (Microbone to Turbo)
---------------------------------------- close None (Microbone to Turbo) result=[(True, True)]
Get Checksum: 38271967
action=close, ok=True, locked=[False]
enable laser
enable () {}
set extraction state FusionsCO2 Enabled (False, 'red', 1.5)
enabling laser
Enable ===>> OK
begin interval
BEGIN INTERVAL Interval 1 waiting for 30.0
block started
set extract to 5.0
WaitControl setup for 30.0  
extract (5.0,) {}
GetPosition ===>> -3.98780,-5.98170,1.00000
set extraction state FusionsCO2 ON! 5.0(watts) (0.75, 'red', 1.5)
extract sample to 5.0 (watts)
set laser output
SetLaserOutput 5.0,watts ===>> OK
executing pattern triangle.lp
execute_pattern ('triangle.lp',) {}
executing pattern triangle.lp
IsPatterning ===>> OK
IsPatterning ===>> OK
Get Checksum: 38271967
IsPatterning ===>> OK
IsPatterning ===>> OK
IsPatterning ===>> OK
IsPatterning ===>> OK
Get Checksum: 38271967
IsPatterning ===>> OK
IsPatterning ===>> OK
IsPatterning ===>> OK
Get Checksum: 38271967
IsPatterning ===>> OK
IsPatterning ===>> OK
IsPatterning ===>> OK
Get Checksum: 38271967
IsPatterning ===>> OK
IsPatterning ===>> OK
IsPatterning ===>> OK
Get Checksum: 38271967
IsPatterning ===>> OK
IsPatterning ===>> OK
IsPatterning ===>> OK
Get Checksum: 38271967
IsPatterning ===>> OK
IsPatterning ===>> OK
IsPatterning ===>> OK
Get Checksum: 38271967
IsPatterning ===>> OK
IsPatterning ===>> OK
IsPatterning ===>> OK
Get Checksum: 38271967
IsPatterning ===>> OK
IsPatterning ===>> OK
IsPatterning ===>> False
Get Checksum: 38271967
IsPatterning ===>> False
Block completed
COMPLETE INTERVAL waiting for Interval 1 to complete
Join finished
block finished. duration 30.023029089
Interval 1 finished
end_extract () {}
ending extraction. set laser power to 0
set laser power 0
SetLaserPower 0 ===>> OK
disable () {}
%%%%%%%%%%%%%%%%%%%%%%%%%%%%%%%%%%% disable
set extraction state False (0.75, 'red', 1.5)
disabling laser
Disable ===>> OK
sleep (30.0,) {}
SLEEP 30.0
block started
WaitControl setup for 30.0  
Get Checksum: 38271967
Get Checksum: 38271967
Get Checksum: 38271967
Get Checksum: 38271967
Get Checksum: 38271967
Get Checksum: 38271967
Get Checksum: 38271967
Get Checksum: 38271967
Get Checksum: 38271967
Get Checksum: 38271967
Join finished
block finished. duration 30.0340847969
executed 166.0
jan_co2.py completed successfully
GetAchievedOutput ===>> No Response
Requested Output= 0.000
Achieved Output=  0.000
GetResponseBlob ===>> No Response
GetOutputBlob ===>> No Response
persistence save...
persistence save - db
AutomatedRunPersister post_extraction_save deprecated
persistence save - dvc
no extraction position for 159
create new session 4983039568
close session 4983039568
Extraction Finished
15:04:48 -- ******* Extraction Finished *******
no overlap. not waiting for min ms pumptime
15:04:48 -- Sending spectrometer configuration
======== Sending configuration ========
SetDeflection CDD,50.0 ===>> OK
SetDeflection H2,0.0 ===>> OK
SetDeflection H1,0.0 ===>> OK
SetDeflection L2,825.0 ===>> OK
SetDeflection L1,400.0 ===>> OK
SetDeflection AX,190.0 ===>> OK
SetZFocus 74.64 ===>> OK
SetZSymmetry -50.72 ===>> OK
SetExtractionLens 26.13 ===>> OK
SetIonRepeller -3.81 ===>> OK
SetElectronEnergy 75.08 ===>> OK
SetYSymmetry -2.81 ===>> OK
SetIonCounterVoltage 1590.0 ===>> OK
send trap current 200.0
GetParameter Trap Current Readback ===>> 198.147042666178
SetParameter Trap Current Set,200.0 ===>> OK
updating mftable name mftable
Using mftable located at /Users/jan/PychronDev/setupfiles/spectrometer/mftables/mftable.csv
============ MFtable ===========
Isotope  H2     H1     AX     L1     L2     CDD    
Ar40     5.7730 5.8791 5.9924 6.1129 6.2308 6.3411
Ar39     5.6722 5.7713 5.8848 5.9990 6.1159 6.2276
Ar36     5.3497 5.4404 5.5482 5.6578 5.7709 5.8787
================================
get initial guess parabolic
get initial guess parabolic
get initial guess parabolic
get initial guess parabolic
get initial guess parabolic
get initial guess parabolic
======== Configuration Finished ========
GetYSymmetry ===>> -2.81
GetZSymmetry ===>> -50.72
GetParameter Trap Current Readback ===>> 198.258926936459
GetHighVoltage ===>> 4499.94659342336
start measurement
do measurement
L#=65511 analysis type=unknown
Measurement Started jan_co2_whiff_120_60_large.py
15:04:48 -- ******* Measurement Started jan_co2_whiff_120_60_large.py *******
state changed from extraction to measurement
setting spec, defl, and gains
GetExtractionLens ===>> 26.13
GetYSymmetry ===>> -2.81
GetZSymmetry ===>> -50.72
GetZFocus ===>> 74.64
GetDeflection H2 ===>> 0
GetDeflection H1 ===>> 0
GetDeflection AX ===>> 190
GetDeflection L1 ===>> 400
GetDeflection L2 ===>> 825
GetDeflection CDD ===>> 50
GetGain H2 ===>> 0.0113
GetGain H1 ===>> 0.1
GetGain AX ===>> 0.097049
GetGain L1 ===>> 0.010355
GetGain L2 ===>> 0.095649
GetGain CDD ===>> 0
pre measurement save
New frame /Users/jan/PychronDev/data/isotopes/8a/5df50f-85c2-44a2-9288-bac90a9576d6.h5
flush and close file /Users/jan/PychronDev/data/isotopes/8a/5df50f-85c2-44a2-9288-bac90a9576d6.h5
testing...
no interpolation path defined
executed 266.04
co2 whiff measurement script
activate_detectors ('H2', 'H1', 'AX', 'L1', 'L2', 'CDD') {}
activate detectors
*************** Set Analysis View Ar/Ar
create graphs
clearing graphs
clear isotope group
setting isotope det=H2, iso=PM41
setting isotope det=H1, iso=Ar40
setting isotope det=AX, iso=Ar39
setting isotope det=L1, iso=Ar38
setting isotope det=L2, iso=Ar37
setting isotope det=CDD, iso=Ar36
setting previous blanks
 - setting Ar40 blank 0.564+/-0.007
 - setting Ar36 blank 0.00595+/-0.00019
 - setting Ar37 blank 0.044+/-0.005
 - setting Ar38 blank 0.0048+/-0.0021
 - setting PM41 blank 0.04+/-0.06
 - setting Ar39 blank 0.042+/-0.009
load analysis view
position_magnet ('Ar40',) {'detector': 'H1'}
detector Detector(H1)
POSITION Ar40 H1
setting detector H2 to PM41 (40.9624)
setting detector H1 to Ar40 (39.9624)
setting detector AX to Ar39 (38.9624)
setting detector L1 to Ar38 (37.9624)
setting detector L2 to Ar37 (36.9624)
setting detector CDD to Ar36 (35.9624)
Mapping mass to dac mass func: "parabolic"
H1 map mass coeffs = [-0.00063987  0.15840543  0.57068999]
H1 map mass to dac 39.9624 >> 5.87908
GetDeflection H1 ===>> 0
GetHighVoltage ===>> 4499.94659342336
positioning Ar40 (5.87904537865) on H1
setting magnet DAC
current  : 5.879048
requested: 5.879045
Delta Dac: 0.000002
Checking detector protection. dv=0.00000
Checking detector "CDD". Protection Threshold: 0.1 (V)
SetMagnetDAC 5.87904537865 ===>> OK
Magnet settling time: 0.500
Get Checksum: 38271967
close ('S',) {}
closing name=S desc=---
checking ownership. requestor=129.138.12.150
check software interlocks S
interlocks []
actuate state mode=None-script, software_lock=False
doing actuation None-script close_channel True
Close S ===>> OK
GetValveState S ===>> False
change switch state (True, True)
update switch state S False args=() kw={} ncanvase=3
15:04:50 -- CLOSE  VALVE-S (Microbone to Inlet Pipette)
---------------------------------------- close S () result=[(True, True)]
action=close, ok=True, locked=[False]
equilibrate () {'do_post_equilibration': False, 'inlet': 'R', 'outlet': 'O', 'eqtime': 4}
Equilibration Started
15:04:51 -- ******* Equilibration Started *******
checking ownership. requestor=129.138.12.150
check software interlocks O
interlocks []
actuate state mode=None-script, software_lock=False
doing actuation None-script close_channel True
Close O ===>> OK
GetValveState O ===>> False
change switch state (True, True)
update switch state O False args=() kw={} ncanvase=3
15:04:51 -- CLOSE  VALVE-O (Jan Ion Pump)
waiting 3s before opening inlet value ('R',)
Get Checksum: -2122905146
checking ownership. requestor=129.138.12.150
check software interlocks R
interlocks []
actuate state mode=None-script, software_lock=False
doing actuation None-script open_channel True
Open R ===>> OK
GetValveState R ===>> OK
change switch state (True, True)
update switch state R True args=() kw={} ncanvase=3
15:04:54 -- OPEN   VALVE-R (Jan Inlet)
equilibrating for 4sec
set_time_zero (0,) {}
sniff (4,) {}
py_sniff
build tables- sniff [Detector(H2), Detector(H1), Detector(AX), Detector(L1), Detector(L2), Detector(CDD)]
add group /sniff/PM41 (Group) '' table H2
add group /sniff/Ar40 (Group) '' table H1
add group /sniff/Ar39 (Group) '' table AX
add group /sniff/Ar38 (Group) '' table L1
add group /sniff/Ar37 (Group) '' table L2
add group /sniff/Ar36 (Group) '' table CDD
flush and close file /Users/jan/PychronDev/data/isotopes/8a/5df50f-85c2-44a2-9288-bac90a9576d6.h5
measuring sniff. ncounts=4
starting measurement
GetData ===>> H2,-0.107201410241579,H1,-0.0237138003378099,AX,-0.0382050666347759,L1,-0.027878573338705,L2,0.03...
Get Checksum: -1800838140
GetData ===>> H2,3.39019349791134,H1,3.46371816316731,AX,5.86824858028011,L1,0.386300094259292,L2,1.20988516916...
GetData ===>> H2,4.7064175179949,H1,6.11186555406984,AX,4.94743098442729,L1,0.901949912513304,L2,0.705196926984...
GetData ===>> H2,1.43568287561903,H1,5.77042464951056,AX,2.66695352360146,L1,0.639130759177648,L2,0.23928479364...
Equilibration Finished
15:04:58 -- ******* Equilibration Finished *******
checking ownership. requestor=129.138.12.150
check software interlocks R
interlocks []
actuate state mode=None-script, software_lock=False
doing actuation None-script close_channel True
Close R ===>> OK
measurement finished
estimated time: 4.194 actual time: :4.252
flush and close file /Users/jan/PychronDev/data/isotopes/8a/5df50f-85c2-44a2-9288-bac90a9576d6.h5
set_fits () {}
set states for children of R. state=False
handle state [('R', False)]
using default fits file=/Users/jan/PychronDev/scripts/measurement/fits/nominal_linear.yaml
update switch state R False args=() kw={'refresh': False} ncanvase=3
set "Ar40" to "('Linear', 'SEM')"
No fit for "PM41". defaulting to linear. check the measurement script "jan_co2_whiff_120_60_large.py"
set "PM41" to "linear"
set "Ar36" to "('Linear', 'SEM')"
refresh_canvas_needed fired
set "Ar37" to "('linear', 'SEM')"
set "Ar38" to "('linear', 'SEM')"
set "Ar39" to "('Linear', 'SEM')"
set_baseline_fits () {}
using default fits file=/Users/jan/PychronDev/scripts/measurement/fits/nominal_linear.yaml
GetValveState R ===>> False
change switch state (True, True)
set "H1" to "('average', 'SEM')"
update switch state R False args=() kw={} ncanvase=3
set "H2" to "('average', 'SEM')"
set "CDD" to "('average', 'SEM')"
set "L2" to "('average', 'SEM')"
set "L1" to "('average', 'SEM')"
set "AX" to "('average', 'SEM')"
whiff () {'ncounts': 1, 'conditionals': [{'action': 'run_remainder', 'attr': 'Ar40', 'teststr': 'Ar40.cur<=175'}, {'action': 'run_pipette', 'attr': 'Ar40', 'teststr': 'Ar40.cur>500'}, {'action': 'run_chamber_split', 'attr': 'Ar40', 'teststr': 'Ar40.cur>=300'}, {'action': 'pump', 'attr': 'Ar40', 'teststr': 'Ar40.cur>175'}]}
build tables- whiff [Detector(H2), Detector(H1), Detector(AX), Detector(L1), Detector(L2), Detector(CDD)]
add group /whiff/PM41 (Group) '' table H2
add group /whiff/Ar40 (Group) '' table H1
add group /whiff/Ar39 (Group) '' table AX
Get Checksum: -2122905146
add group /whiff/Ar38 (Group) '' table L1
add group /whiff/Ar37 (Group) '' table L2
15:04:59 -- CLOSE  VALVE-R (Jan Inlet)
add group /whiff/Ar36 (Group) '' table CDD
flush and close file /Users/jan/PychronDev/data/isotopes/8a/5df50f-85c2-44a2-9288-bac90a9576d6.h5
measuring whiff. ncounts=1
starting measurement
GetData ===>> H2,0.303101068382343,H1,5.36284179902527,AX,1.85268155786964,L1,0.279883981012729,L2,0.0817123021...
testing Ar40<=175
evaluate ot="Ar40.cur<=175" t="Ar40<=175", ctx="{'Ar40': 5.3628417990252704}"
condition Ar40<=175 is true trips=1/1
15:05:01 -- Conditional tripped: Ar40.cur<=175 condition Ar40<=175 is True
measurement finished
estimated time: 1.049 actual time: :1.118
flush and close file /Users/jan/PychronDev/data/isotopes/8a/5df50f-85c2-44a2-9288-bac90a9576d6.h5
WHIFF Result=run_remainder
Whiff result=run_remainder
open ('R',) {}
opening name=R desc=---
checking ownership. requestor=129.138.12.150
check software interlocks R
interlocks []
actuate state mode=None-script, software_lock=False
doing actuation None-script open_channel True
Open R ===>> OK
set states for children of R. state=True
handle state [('R', True)]
update switch state R True args=() kw={'refresh': False} ncanvase=3
refresh_canvas_needed fired
GetValveState R ===>> OK
change switch state (True, True)
update switch state R True args=() kw={} ncanvase=3
15:05:01 -- OPEN   VALVE-R (Jan Inlet)
---------------------------------------- open R () result=[(True, True)], time=0.40 sec
action=open, ok=True, locked=[False]
open ('S',) {}
opening name=S desc=---
checking ownership. requestor=129.138.12.150
check software interlocks S
interlocks []
actuate state mode=None-script, software_lock=False
doing actuation None-script open_channel True
Open S ===>> OK
GetValveState S ===>> OK
change switch state (True, True)
update switch state S True args=() kw={} ncanvase=3
15:05:02 -- OPEN   VALVE-S (Microbone to Inlet Pipette)
---------------------------------------- open S () result=[(True, True)], time=0.52 sec
Get Checksum: 1775861429
action=open, ok=True, locked=[False]
sleep (12.0,) {}
SLEEP 12.0
block started
WaitControl setup for 12.0  
Get Checksum: 1775861429
Get Checksum: 1775861429
Get Checksum: 1775861429
Get Checksum: 1775861429
Join finished
block finished. duration 12.0223200321
close ('R',) {}
closing name=R desc=---
checking ownership. requestor=129.138.12.150
check software interlocks R
interlocks []
actuate state mode=None-script, software_lock=False
doing actuation None-script close_channel True
Close R ===>> OK
GetValveState R ===>> False
change switch state (True, True)
update switch state R False args=() kw={} ncanvase=3
15:05:15 -- CLOSE  VALVE-R (Jan Inlet)
---------------------------------------- close R () result=[(True, True)]
action=close, ok=True, locked=[False]
post_equilibration () {}
Post Equilibration Started jan_pump_extraction_line.py
multicollect () {'integration_time': 1, 'ncounts': 120.0}
build tables- signal [Detector(H2), Detector(H1), Detector(AX), Detector(L1), Detector(L2), Detector(CDD)]
15:05:15 -- ******* Post Equilibration Started jan_pump_extraction_line.py *******
add group /signal/PM41 (Group) '' table H2
testing...
add group /signal/Ar40 (Group) '' table H1
no interpolation path defined
add group /signal/Ar39 (Group) '' table AX
add group /signal/Ar38 (Group) '' table L1
calculate duration
add group /signal/Ar37 (Group) '' table L2
testing...
add group /signal/Ar36 (Group) '' table CDD
no interpolation path defined
flush and close file /Users/jan/PychronDev/data/isotopes/8a/5df50f-85c2-44a2-9288-bac90a9576d6.h5
executed 4.0
measuring signal. ncounts=120.0
executed 4.0
Pump after analysis
doing GOSUB
testing...
no interpolation path defined
executed 4.0
Pump Microbone
close () {'description': 'Jan Inlet'}
closing name=--- desc=Jan Inlet
checking ownership. requestor=129.138.12.150
check software interlocks R
interlocks []
actuate state mode=None-script, software_lock=False
doing actuation None-script close_channel False
Close R ===>> OK
GetValveState R ===>> False
change switch state (True, True)
update switch state R False args=() kw={} ncanvase=3
15:05:16 -- CLOSE  VALVE-R (Jan Inlet)
---------------------------------------- close None (Jan Inlet) result=[(True, True)]
starting measurement
GetData ===>> H2,0.139342295163936,H1,144.214404331497,AX,41.3615398034468,L1,0.5358124811211,L2,0.082726597413...
action=close, ok=True, locked=[False]
is_closed ('F',) {}
is F () closed?
is closed True
open () {'description': 'CO2 Laser to Jan'}
opening name=--- desc=CO2 Laser to Jan
checking ownership. requestor=129.138.12.150
check software interlocks A
interlocks []
actuate state mode=None-script, software_lock=False
doing actuation None-script open_channel False
Open A ===>> OK
GetValveState A ===>> OK
change switch state (True, True)
update switch state A True args=() kw={} ncanvase=3
15:05:16 -- OPEN   VALVE-A (CO2 Laser to Jan)
---------------------------------------- open None (CO2 Laser to Jan) result=[(True, True)], time=0.15 sec
action=open, ok=True, locked=[False]
sleep (1,) {}
SLEEP 1.0
GetData ===>> H2,0.353790984773655,H1,144.259032668058,AX,41.4427503467705,L1,0.572639865462373,L2,0.2247656456...
Get Checksum: 1838806504
close () {'description': 'CO2 Laser to Roughing'}
closing name=--- desc=CO2 Laser to Roughing
checking ownership. requestor=129.138.12.150
check software interlocks G
interlocks []
actuate state mode=None-script, software_lock=True
VALVE-G(CO2 Laser to Roughing) software locked
change switch state (True, False)
---------------------------------------- close None (CO2 Laser to Roughing) result=[(True, False)]
action=close, ok=True, locked=[True]
open () {'description': 'Microbone to Turbo'}
opening name=--- desc=Microbone to Turbo
checking ownership. requestor=129.138.12.150
check software interlocks U
interlocks []
actuate state mode=None-script, software_lock=False
doing actuation None-script open_channel True
Open U ===>> OK
GetValveState U ===>> OK
change switch state (True, True)
update switch state U True args=() kw={} ncanvase=3
15:05:18 -- OPEN   VALVE-U (Microbone to Turbo)
---------------------------------------- open None (Microbone to Turbo) result=[(True, True)], time=0.15 sec
GetData ===>> H2,0.11993146226926,H1,144.401495521861,AX,41.3310615946601,L1,0.593465296063278,L2,0.10406347903...
action=open, ok=True, locked=[False]
open () {'description': 'Microbone to Getter NP-10'}
opening name=--- desc=Microbone to Getter NP-10
checking ownership. requestor=129.138.12.150
check software interlocks M
interlocks []
actuate state mode=None-script, software_lock=False
doing actuation None-script open_channel False
Open M ===>> OK
GetValveState M ===>> OK
change switch state (True, True)
update switch state M True args=() kw={} ncanvase=3
15:05:18 -- OPEN   VALVE-M (Microbone to Getter NP-10)
---------------------------------------- open None (Microbone to Getter NP-10) result=[(True, True)], time=0.15 sec
action=open, ok=True, locked=[False]
open () {'description': 'Microbone to Getter D-50'}
opening name=--- desc=Microbone to Getter D-50
checking ownership. requestor=129.138.12.150
check software interlocks K
interlocks []
actuate state mode=None-script, software_lock=False
doing actuation None-script open_channel False
Open K ===>> OK
GetValveState K ===>> OK
change switch state (True, True)
update switch state K True args=() kw={} ncanvase=3
15:05:19 -- OPEN   VALVE-K (Microbone to Getter D-50)
---------------------------------------- open None (Microbone to Getter D-50) result=[(True, True)], time=0.43 sec
GetData ===>> H2,0.0711145633101421,H1,144.01389317832,AX,41.3065930983459,L1,0.562785092162564,L2,0.1454172290...
action=open, ok=True, locked=[False]
open () {'description': 'Microbone to CO2 Laser'}
opening name=--- desc=Microbone to CO2 Laser
checking ownership. requestor=129.138.12.150
check software interlocks T
interlocks []
actuate state mode=None-script, software_lock=False
doing actuation None-script open_channel False
Open T ===>> OK
GetValveState T ===>> OK
change switch state (True, True)
update switch state T True args=() kw={} ncanvase=3
15:05:19 -- OPEN   VALVE-T (Microbone to CO2 Laser)
---------------------------------------- open None (Microbone to CO2 Laser) result=[(True, True)], time=0.47 sec
action=open, ok=True, locked=[False]
open () {'description': 'Microbone to Inlet Pipette'}
opening name=--- desc=Microbone to Inlet Pipette
checking ownership. requestor=129.138.12.150
check software interlocks S
interlocks []
actuate state mode=None-script, software_lock=False
doing actuation None-script open_channel False
GetData ===>> H2,0.0981414895832381,H1,144.114863645845,AX,41.2670222119543,L1,0.539810655873871,L2,0.063882306...
Open S ===>> OK
GetValveState S ===>> OK
change switch state (True, True)
update switch state S True args=() kw={} ncanvase=3
15:05:20 -- OPEN   VALVE-S (Microbone to Inlet Pipette)
---------------------------------------- open None (Microbone to Inlet Pipette) result=[(True, True)], time=0.43 sec
action=open, ok=True, locked=[False]
sleep (1,) {}
SLEEP 1.0
Get Checksum: 1695186306
GetData ===>> H2,0.0940923374785944,H1,144.186163484984,AX,41.3623271677445,L1,0.536571574173994,L2,0.148393746...
set_resource () {'name': 'CO2PumpTimeFlag', 'value': 30}
Set CO2PumpTimeFlag 30 ===>> OK
release ('JanCO2Flag',) {}
release JanCO2Flag
Set JanCO2Flag 0 ===>> OK
executed 6.0
PumpMicrobone.py completed successfully
gosub finished
get_resource_value () {'name': 'JanMiniboneFlag'}
Read JanMiniboneFlag ===>> 0
Get Resource Value JanMiniboneFlag=0.0
get resource value 0.0
get_resource_value () {'name': 'JanMiniboneFlag'}
Read JanMiniboneFlag ===>> 0
Get Resource Value JanMiniboneFlag=0.0
executed 4.0
jan_pump_extraction_line.py completed successfully
Post Equilibration Finished
15:05:21 -- ******* Post Equilibration Finished *******
GetData ===>> H2,-0.0537878385532022,H1,144.20243834924,AX,41.1463384889906,L1,0.508445601435583,L2,0.167840323...
GetData ===>> H2,-0.0809247592003727,H1,144.034079173838,AX,41.3313146101163,L1,0.523086261081829,L2,0.19988731...
Get Checksum: 1695186306
GetData ===>> H2,-0.224070271371478,H1,143.961900526843,AX,41.2437133818323,L1,0.486741024110894,L2,0.101544293...
GetData ===>> H2,-0.0707807451729759,H1,143.871993822344,AX,41.0804060909317,L1,0.484523362013779,L2,0.16023230...
GetData ===>> H2,-0.10152696821571,H1,143.819338692426,AX,41.1637139432678,L1,0.52004926031359,L2,0.04154202163...
Get Checksum: 1695186306
GetData ===>> H2,-0.210469322772431,H1,143.926140342338,AX,41.1959292179669,L1,0.507639875587988,L2,-0.04183158...
GetData ===>> H2,-0.196063827291528,H1,143.931368575182,AX,41.3583060408855,L1,0.496937345536564,L2,0.115759749...
GetData ===>> H2,-0.000762276806982038,H1,143.851897673168,AX,41.2620310918362,L1,0.482110890714908,L2,0.049068...
Get Checksum: 1695186306
GetData ===>> H2,0.023124913420415,H1,143.777644313244,AX,41.2882684686908,L1,0.520588176652147,L2,0.1496254358...
GetData ===>> H2,-0.0560113715543359,H1,143.732845396085,AX,41.2818281005901,L1,0.547967958291552,L2,0.10755169...
GetData ===>> H2,-0.120518605647585,H1,143.680856631436,AX,41.2739538924054,L1,0.516234244840152,L2,0.042955953...
Get Checksum: 1695186306
GetData ===>> H2,-0.0782283427106547,H1,143.518727320885,AX,41.2232059826629,L1,0.506623889580301,L2,0.13425326...
GetData ===>> H2,-0.0738395405256364,H1,143.388473674464,AX,41.0587170826411,L1,0.481526283041722,L2,0.08708021...
GetData ===>> H2,-0.197055155013455,H1,143.388719345504,AX,41.0028272847011,L1,0.501284841746884,L2,0.035840895...
GetData ===>> H2,-0.160645894953999,H1,143.30656835913,AX,41.0654874456421,L1,0.484898058139505,L2,0.1190203687...
GetData ===>> H2,-0.0208220400076099,H1,143.340840603877,AX,41.0158143838072,L1,0.47180055301598,L2,0.065638731...
Get Checksum: 1695186306
GetData ===>> H2,-0.092391566453886,H1,143.266771175157,AX,41.0748148896592,L1,0.471556154127709,L2,0.024325657...
GetData ===>> H2,-0.120944689228883,H1,143.241206759151,AX,41.0507532737287,L1,0.54420822079316,L2,0.0983982554...
Get Checksum: 1695186306
15:05:41 -- collecting point 25
GetData ===>> H2,0.00790889324205517,H1,143.247837995502,AX,40.9161982035227,L1,0.506824372847385,L2,0.07654297...
GetData ===>> H2,-0.0862411947434726,H1,143.28406871517,AX,41.2867075611751,L1,0.475109719431203,L2,0.134036609...
GetData ===>> H2,-0.167606714356905,H1,143.225100470553,AX,41.0103806882045,L1,0.487174783311245,L2,0.112590443...
Get Checksum: 1695186306
GetData ===>> H2,-0.125329039425492,H1,143.191889857194,AX,40.8525578798687,L1,0.502144165726313,L2,-0.01583001...
GetData ===>> H2,-0.161219824771265,H1,143.155433105834,AX,41.0035713717267,L1,0.487542202683283,L2,0.156958877...
GetData ===>> H2,-0.0731210144582978,H1,143.003083393702,AX,41.0027992060375,L1,0.489903092207528,L2,0.03353773...
set states for children of V. state=True
handle state [('V', True)]
update switch state V True args=() kw={'refresh': False} ncanvase=3
refresh_canvas_needed fired
Get Checksum: -1097334291
GetData ===>> H2,-0.105455938119082,H1,142.881080021242,AX,40.9410797731891,L1,0.486097177235054,L2,0.073121008...
GetData ===>> H2,-0.12450287713057,H1,142.831382533024,AX,40.9185148320917,L1,0.470996146369877,L2,0.0965061227...
GetData ===>> H2,-0.181760513805902,H1,143.031039956085,AX,41.1178514965998,L1,0.461086834222321,L2,0.101225125...
Get Checksum: -1097334291
GetData ===>> H2,-0.107438178436896,H1,143.079458324086,AX,40.9188237193431,L1,0.493765743375937,L2,0.010349617...
GetData ===>> H2,-0.148937289385472,H1,142.890751341807,AX,40.7391652271333,L1,0.484280123947638,L2,0.103151549...
GetData ===>> H2,-0.175264831657306,H1,142.955892743289,AX,40.7126235276763,L1,0.468338980495909,L2,0.056663052...
Get Checksum: -1097334291
GetData ===>> H2,-0.320458664399941,H1,142.720190475191,AX,40.9002357652077,L1,0.473631886881096,L2,0.128529241...
GetData ===>> H2,-0.184109270672523,H1,142.570810148723,AX,40.8819314625814,L1,0.504314307960326,L2,0.107095708...
GetData ===>> H2,-0.171843753621562,H1,142.620929570486,AX,40.7931173895046,L1,0.501567587089901,L2,0.178232459...
Get Checksum: -1097334291
GetData ===>> H2,-0.219868975904332,H1,142.497787977079,AX,40.868569994936,L1,0.534129366449989,L2,0.0929727219...
GetData ===>> H2,-0.190674030998428,H1,142.559129977055,AX,40.7804110906217,L1,0.513746507559923,L2,0.124378969...
GetData ===>> H2,-0.143218888759087,H1,142.480102367814,AX,40.6469543448891,L1,0.49672087329031,L2,0.1223153026...
Get Checksum: -1097334291
GetData ===>> H2,-0.174971878071892,H1,142.40717362368,AX,40.5564001828222,L1,0.518257127065404,L2,0.0484636449...
GetData ===>> H2,-0.260098058491249,H1,142.442694945812,AX,40.5996357998721,L1,0.496878307200843,L2,0.114562697...
GetData ===>> H2,-0.153106485710206,H1,142.465808174722,AX,40.5890414323639,L1,0.459641678867114,L2,0.174730263...
Get Checksum: -1097334291
GetData ===>> H2,-0.135956296175347,H1,142.273344976347,AX,40.7144470259044,L1,0.480160690065661,L2,0.081883250...
GetData ===>> H2,-0.122788161836771,H1,142.278691916366,AX,40.7658251777594,L1,0.492789494450129,L2,0.078304804...
Get Checksum: -1097334291
GetData ===>> H2,-0.171440358591743,H1,142.119967498674,AX,40.6550575917868,L1,0.482308633164792,L2,0.125804179...
GetData ===>> H2,-0.17520003151692,H1,142.226780596022,AX,40.7135212463504,L1,0.539799571938643,L2,0.0175311777...
15:06:07 -- collecting point 50
GetData ===>> H2,-0.126261949101194,H1,142.291243595646,AX,40.5417930730846,L1,0.498099731562968,L2,0.144048746...
Get Checksum: -1097334291
GetData ===>> H2,-0.0580513761397932,H1,142.063649788969,AX,40.5905695193051,L1,0.487662630609819,L2,0.05791754...
GetData ===>> H2,-0.085469280658225,H1,142.035365341913,AX,40.5415127240387,L1,0.499039135372419,L2,0.095389098...
GetData ===>> H2,-0.176076152032296,H1,142.011142726056,AX,40.5066985674828,L1,0.49631991964837,L2,0.0552831309...
Get Checksum: -1097334291
GetData ===>> H2,-0.176126098309238,H1,141.875501154195,AX,40.7124271526292,L1,0.476142976764725,L2,0.150378142...
testing age>100.0
evaluate ot="age>100.0" t="age>100.0", ctx="{'age': 24.245497095414393}"
GetData ===>> H2,-0.20114767709721,H1,141.907831902342,AX,40.6448094611762,L1,0.490011256260414,L2,0.0995039166...
GetData ===>> H2,-0.173562406226012,H1,141.762580081919,AX,40.5092069725338,L1,0.508048266174301,L2,0.075208393...
Get Checksum: -1097334291
GetData ===>> H2,-0.128246493154129,H1,141.695437653988,AX,40.6901126653563,L1,0.489665872744817,L2,0.113810272...
GetData ===>> H2,-0.214476198405401,H1,141.848067620272,AX,40.5267813218832,L1,0.459983934180332,L2,0.084048616...
GetData ===>> H2,-0.178729749135638,H1,141.778050011071,AX,40.4623548778831,L1,0.51867994869986,L2,0.0459207169...
Get Checksum: -1097334291
testing age>100.0
evaluate ot="age>100.0" t="age>100.0", ctx="{'age': 24.293985692141046}"
GetData ===>> H2,-0.0870753447331193,H1,141.675350993358,AX,40.3364729869388,L1,0.518541568933435,L2,0.22338461...
GetData ===>> H2,-0.0954190065452392,H1,141.683499455528,AX,40.3095883314221,L1,0.46424529022686,L2,0.161407118...
GetData ===>> H2,-0.0638194636787072,H1,141.542488596168,AX,40.4805947122233,L1,0.502919954543771,L2,-0.0432784...
Get Checksum: -1097334291
GetData ===>> H2,-0.104497844069606,H1,141.559250799642,AX,40.5369711625951,L1,0.488756377174404,L2,0.044518144...
GetData ===>> H2,-0.300666312836346,H1,141.386838702971,AX,40.4741221890512,L1,0.517578684794999,L2,0.111062830...
testing age>100.0
evaluate ot="age>100.0" t="age>100.0", ctx="{'age': 24.304548304629776}"
testing Ar39<0.5
evaluate ot="Ar39<0.5" t="Ar39<0.5", ctx="{'Ar39': 41.739897506123164}"
GetData ===>> H2,-0.293457606601266,H1,141.301759229819,AX,40.4401122736629,L1,0.492855886285696,L2,0.173327139...
Get Checksum: -1097334291
GetData ===>> H2,-0.291948723203724,H1,141.386350087387,AX,40.3040021358652,L1,0.48832746722649,L2,0.0798774807...
GetData ===>> H2,-0.258735185000906,H1,141.319260156015,AX,40.2364847822049,L1,0.508727312788902,L2,0.144447885...
GetData ===>> H2,-0.234100455878009,H1,141.257607887842,AX,40.3482789745152,L1,0.4788967877583,L2,0.18872840767...
Get Checksum: -1097334291
GetData ===>> H2,-0.101953360331023,H1,141.389872222668,AX,40.3666975631933,L1,0.446007339572486,L2,0.076542975...
testing age>100.0
evaluate ot="age>100.0" t="age>100.0", ctx="{'age': 24.303777705339687}"
testing Ar39<0.5
evaluate ot="Ar39<0.5" t="Ar39<0.5", ctx="{'Ar39': 41.74696682989118}"
GetData ===>> H2,-0.20536001247805,H1,141.34020257496,AX,40.4255616126401,L1,0.472503078575678,L2,0.00548242225...
Get Checksum: -1097334291
GetData ===>> H2,-0.29523068904254,H1,141.232078566076,AX,40.4078343672542,L1,0.518468918534031,L2,0.0350085598...
GetData ===>> H2,-0.175849366166177,H1,141.306988969846,AX,40.3692749951867,L1,0.516383208045685,L2,0.132098162...
GetData ===>> H2,-0.113954898468815,H1,141.227929140599,AX,40.2152458367757,L1,0.498418334298908,L2,0.125644555...
Get Checksum: -1097334291
GetData ===>> H2,-0.170757657350916,H1,141.112445265919,AX,40.2568450713944,L1,0.479815636293384,L2,0.128837098...
testing age>100.0
evaluate ot="age>100.0" t="age>100.0", ctx="{'age': 24.31469447291565}"
testing Ar39<0.5
evaluate ot="Ar39<0.5" t="Ar39<0.5", ctx="{'Ar39': 41.73577928746178}"
15:06:33 -- collecting point 75
GetData ===>> H2,-0.212712001242634,H1,141.006936094268,AX,40.1745531219335,L1,0.497371533673898,L2,0.110470031...
GetData ===>> H2,-0.190265530270699,H1,141.16565691047,AX,40.1585850490618,L1,0.501986802049783,L2,0.1446189450...
Get Checksum: -1097334291
GetData ===>> H2,-0.0970725829274481,H1,141.166836867356,AX,40.3385175926295,L1,0.50881711758714,L2,0.073394760...
GetData ===>> H2,-0.106370653081549,H1,140.939107146092,AX,40.2964562934029,L1,0.49209855293032,L2,0.0218973738...
GetData ===>> H2,-0.157205758159013,H1,140.859621389743,AX,40.2254735052703,L1,0.514126830367974,L2,0.111211030...
Get Checksum: -1097334291
testing age>100.0
evaluate ot="age>100.0" t="age>100.0", ctx="{'age': 24.324818156229615}"
testing Ar39<0.5
evaluate ot="Ar39<0.5" t="Ar39<0.5", ctx="{'Ar39': 41.73080383501094}"
GetData ===>> H2,-0.233255415473703,H1,140.83997414082,AX,40.1630491732813,L1,0.527845367796989,L2,0.1082128696...
GetData ===>> H2,-0.217661963033315,H1,140.82218682623,AX,40.0764838342883,L1,0.508582150520267,L2,0.1722092179...
GetData ===>> H2,-0.139315806329085,H1,140.665526536139,AX,40.2265647928591,L1,0.511142472664665,L2,0.076611416...
Get Checksum: -1097334291
GetData ===>> H2,-0.0657970792643387,H1,140.636191863645,AX,40.2075737545389,L1,0.504185193249512,L2,0.02907980...
GetData ===>> H2,-0.115700719725395,H1,140.899125915615,AX,40.0999094902546,L1,0.492266981028337,L2,0.088778402...
testing age>100.0
evaluate ot="age>100.0" t="age>100.0", ctx="{'age': 24.332945581904763}"
testing Ar39<0.5
evaluate ot="Ar39<0.5" t="Ar39<0.5", ctx="{'Ar39': 41.72888470301216}"
GetData ===>> H2,-0.178125118433926,H1,140.657160201614,AX,40.1754908413905,L1,0.490941759787855,L2,0.045635639...
Get Checksum: -1097334291
GetData ===>> H2,-0.200705459401099,H1,140.593271669044,AX,40.0414729431456,L1,0.52280811933729,L2,0.0193095520...
GetData ===>> H2,-0.288632228433051,H1,140.594327786407,AX,40.0655767658262,L1,0.50191672680967,L2,0.1377767843...
GetData ===>> H2,-0.190839853819075,H1,140.34902566464,AX,40.0836858517025,L1,0.474152728039817,L2,0.1758938454...
Get Checksum: -1097334291
GetData ===>> H2,-0.165964098084249,H1,140.423778021434,AX,39.8525538843261,L1,0.517142830694373,L2,0.118074093...
testing age>100.0
evaluate ot="age>100.0" t="age>100.0", ctx="{'age': 24.340248530562985}"
testing Ar39<0.5
evaluate ot="Ar39<0.5" t="Ar39<0.5", ctx="{'Ar39': 41.73413562263546}"
GetData ===>> H2,-0.244593837957976,H1,140.347260257607,AX,40.0983429721836,L1,0.54430185875293,L2,0.0111361431...
GetData ===>> H2,-0.282807874325299,H1,140.393065303023,AX,39.9243036269183,L1,0.524358916605626,L2,0.008138261...
Get Checksum: -1097334291
GetData ===>> H2,-0.233809812170503,H1,140.402564745894,AX,40.0463939711326,L1,0.491171632900964,L2,0.057164847...
GetData ===>> H2,-0.203435338331215,H1,140.422681768289,AX,39.9763513956593,L1,0.515078314145942,L2,0.055967387...
Get Checksum: -1097334291
GetData ===>> H2,-0.127048778519502,H1,140.272642893274,AX,40.0289118923996,L1,0.49902684494704,L2,0.0877982349...
testing age>100.0
evaluate ot="age>100.0" t="age>100.0", ctx="{'age': 24.339798351304076}"
testing Ar39<0.5
evaluate ot="Ar39<0.5" t="Ar39<0.5", ctx="{'Ar39': 41.729689303078956}"
GetData ===>> H2,-0.216649418580967,H1,140.161025802369,AX,39.9037592940512,L1,0.462626675287726,L2,0.109238845...
GetData ===>> H2,-0.186163527510432,H1,140.258910239427,AX,40.0511893758814,L1,0.47569206576217,L2,0.1256673587...
Get Checksum: -1097334291
GetData ===>> H2,-0.131534015938853,H1,140.242453603093,AX,39.986937127538,L1,0.476287960514656,L2,0.1272750191...
GetData ===>> H2,-0.0980800495966776,H1,140.00103850467,AX,39.9721145737811,L1,0.480143498501176,L2,0.033172885...
GetData ===>> H2,-0.355051754544844,H1,139.847183215439,AX,39.7546757020828,L1,0.488076765946129,L2,-0.02232537...
Get Checksum: -1097334291
testing age>100.0
evaluate ot="age>100.0" t="age>100.0", ctx="{'age': 24.354898162070505}"
testing Ar39<0.5
evaluate ot="Ar39<0.5" t="Ar39<0.5", ctx="{'Ar39': 41.72726766871788}"
15:07:00 -- collecting point 100
GetData ===>> H2,-0.173844543591744,H1,139.885924596097,AX,39.792744060833,L1,0.45404979151088,L2,0.04494005420...
GetData ===>> H2,-0.0976765320027214,H1,139.746043336924,AX,39.9505552961063,L1,0.504588528370168,L2,0.12807315...
GetData ===>> H2,-0.232277081146963,H1,139.667020114699,AX,39.8881787471856,L1,0.459845313274602,L2,0.157551964...
Get Checksum: -1097334291
GetData ===>> H2,-0.0383071105932666,H1,139.870470926913,AX,39.801015959224,L1,0.482853979819083,L2,0.198027409...
GetData ===>> H2,-0.126787860032451,H1,139.702542525349,AX,39.8769312980078,L1,0.510804094791892,L2,0.129943110...
testing age>100.0
evaluate ot="age>100.0" t="age>100.0", ctx="{'age': 24.3587525518215}"
testing Ar39<0.5
evaluate ot="Ar39<0.5" t="Ar39<0.5", ctx="{'Ar39': 41.72447089655172}"
GetData ===>> H2,-0.189203089703672,H1,139.703899226024,AX,39.8039503877449,L1,0.524237059822575,L2,0.062741787...
Get Checksum: -1097334291
GetData ===>> H2,-0.12734213566532,H1,139.703311996044,AX,39.9330255745829,L1,0.493900999253452,L2,0.0615898775...
GetData ===>> H2,-0.141968913332077,H1,139.805439514954,AX,39.7795409728868,L1,0.489369663354657,L2,0.055134876...
set states for children of E. state=False
set states for children of D. state=False
handle state [('E', False), ('D', False)]
update switch state E False args=() kw={'refresh': True} ncanvase=3
update switch state D False args=() kw={'refresh': False} ncanvase=3
refresh_canvas_needed fired
GetData ===>> H2,-0.109333266775505,H1,139.595408888751,AX,39.6782829241101,L1,0.491834237006421,L2,0.240894363...
Get Checksum: -1131948088
State checksums do not match. Local:498999145 Remote:-1131948088
State checksum failed
GetData ===>> H2,-0.137120408108659,H1,139.541760752904,AX,39.7398009689954,L1,0.451912212226812,L2,0.041576229...
set states for children of B. state=False
handle state [('B', False)]
update switch state B False args=() kw={'refresh': False} ncanvase=3
refresh_canvas_needed fired
testing age>100.0
evaluate ot="age>100.0" t="age>100.0", ctx="{'age': 24.36080104505063}"
testing Ar39<0.5
evaluate ot="Ar39<0.5" t="Ar39<0.5", ctx="{'Ar39': 41.722417766695315}"
GetData ===>> H2,-0.194841783121003,H1,139.429801609285,AX,39.7438372122992,L1,0.481973332986324,L2,0.135279517...
GetData ===>> H2,-0.137165023262378,H1,139.34768997113,AX,39.7596762710391,L1,0.534905585874299,L2,0.0589895772...
Get Checksum: -1131948088
GetData ===>> H2,-0.253760300994328,H1,139.30372613684,AX,39.7389490461317,L1,0.519574348215056,L2,0.1643156945...
GetData ===>> H2,-0.200024572138262,H1,139.175965294041,AX,39.6842853060268,L1,0.480693642783188,L2,0.155430555...
GetData ===>> H2,-0.23226227763849,H1,139.150529794333,AX,39.8126283418287,L1,0.464207245562376,L2,0.0418156842...
Get Checksum: -1131948088
testing age>100.0
evaluate ot="age>100.0" t="age>100.0", ctx="{'age': 24.37136429612929}"
testing Ar39<0.5
evaluate ot="Ar39<0.5" t="Ar39<0.5", ctx="{'Ar39': 41.71588062969972}"
GetData ===>> H2,-0.220324337628619,H1,139.222074328905,AX,39.7414629346994,L1,0.474227662541976,L2,-0.02071866...
GetData ===>> H2,-0.169985858573226,H1,139.226787054324,AX,39.6743466452272,L1,0.4688165813382,L2,0.06119070403...
GetData ===>> H2,-0.187570134458744,H1,139.143372956359,AX,39.5550463072427,L1,0.473231446717114,L2,0.117971486...
GetData ===>> H2,-0.0791741937482332,H1,139.188057592056,AX,39.6592807608773,L1,0.478993878856841,L2,0.04509969...
Get Checksum: -1131948088
GetData ===>> H2,-0.122059194146352,H1,139.144889210387,AX,39.5704955200475,L1,0.472792945733822,L2,0.130136949...
testing age>100.0
evaluate ot="age>100.0" t="age>100.0", ctx="{'age': 24.378692784885075}"
testing Ar39<0.5
evaluate ot="Ar39<0.5" t="Ar39<0.5", ctx="{'Ar39': 41.71479429547102}"
GetData ===>> H2,-0.125953691777832,H1,139.150064792866,AX,39.6698521906018,L1,0.508512030494447,L2,0.017382981...
measurement finished
estimated time: 125.829 actual time: :126.124
flush and close file /Users/jan/PychronDev/data/isotopes/8a/5df50f-85c2-44a2-9288-bac90a9576d6.h5
baselines () {'settling_time': 15.0, 'detector': 'H1', 'mass': 34.2, 'ncounts': 60.0}
%%%%%%%%%%%%%%%%%%%%%%%%%%%%%%%% Baseline
build tables- baseline [Detector(H2), Detector(H1), Detector(AX), Detector(L1), Detector(L2), Detector(CDD)]
add group baseline table H2
add group baseline table H1
add group baseline table AX
add group baseline table L1
add group baseline table L2
add group baseline table CDD
flush and close file /Users/jan/PychronDev/data/isotopes/8a/5df50f-85c2-44a2-9288-bac90a9576d6.h5
detector Detector(H1)
POSITION 34.2 H1
Mapping mass to dac mass func: "parabolic"
H1 map mass coeffs = [-0.00063987  0.15840543  0.57068999]
H1 map mass to dac 34.2 >> 5.23973599104
GetDeflection H1 ===>> 0
GetHighVoltage ===>> 4499.94659342336
positioning 34.2 (5.23970513473) on H1
setting magnet DAC
current  : 5.879045
requested: 5.239705
Delta Dac: 0.639340
Checking detector protection. dv=0.63934
Checking detector "CDD". Protection Threshold: 0.1 (V)
ProtectDetector CDD,On ===>> OK
GetDeflection CDD ===>> 2000
SetMagnetDAC 5.23970513473 ===>> OK
Magnet settling time: 0.500
GetMagnetMoving ===>> True
GetMagnetMoving ===>> True
Get Checksum: -1131948088
GetMagnetMoving ===>> True
GetMagnetMoving ===>> True
GetMagnetMoving ===>> True
GetMagnetMoving ===>> True
GetMagnetMoving ===>> True
GetMagnetMoving ===>> True
GetMagnetMoving ===>> False
ProtectDetector CDD,Off ===>> OK
GetDeflection CDD ===>> 50
Delaying 15.0s for detectors to settle
Get Checksum: -1131948088
Get Checksum: -1131948088
Get Checksum: -1131948088
Get Checksum: -1131948088
Get Checksum: -1131948088
Join finished
measuring baseline. ncounts=60.0
starting measurement
GetData ===>> H2,-0.215810610484044,H1,-0.0516638730287287,AX,-0.0021109143223143,L1,-0.061038651414581,L2,-0.1...
Get Checksum: -1131948088
GetData ===>> H2,-0.229749437429497,H1,-0.0322522785612954,AX,-0.083327121821793,L1,-0.071097856009283,L2,-0.15...
GetData ===>> H2,-0.117789938999524,H1,-0.0746715130350182,AX,0.0767101577653477,L1,-0.0263761511451399,L2,-0.0...
GetData ===>> H2,-0.140935045785111,H1,-0.0505431585668735,AX,-0.00556781051340198,L1,-0.059681824653493,L2,-0....
Get Checksum: -1131948088
GetData ===>> H2,-0.207518815999238,H1,-0.0586740148713403,AX,-0.0495687062137412,L1,-0.0697304346223795,L2,0.0...
GetData ===>> H2,-0.201789401300983,H1,-0.0612013605387539,AX,-0.0613136044044464,L1,-0.0224153424199568,L2,0.0...
GetData ===>> H2,-0.151075038727504,H1,-0.0437947614950972,AX,-0.0101381492340044,L1,0.013242427142326,L2,0.027...
Get Checksum: -1131948088
GetData ===>> H2,-0.18331606322575,H1,-0.0457382511235281,AX,-0.0838255271699634,L1,-0.0205236707893006,L2,-0.1...
GetData ===>> H2,-0.129395423392768,H1,-0.0729312236525502,AX,-0.13393266355889,L1,-0.0580902509577578,L2,-0.01...
GetData ===>> H2,-0.196213543576736,H1,-0.0207800209699681,AX,-0.0406402439646918,L1,-0.035892268553472,L2,0.04...
Get Checksum: -1131948088
GetData ===>> H2,-0.160816051295814,H1,-0.05236729378002,AX,-0.108719364206296,L1,-0.00393215353348858,L2,-0.10...
GetData ===>> H2,-0.122955858355687,H1,-0.015759003911797,AX,-0.096968597966456,L1,0.010083043943793,L2,-0.0683...
GetData ===>> H2,-0.199585007306441,H1,0.0143843190187233,AX,-0.0471801329357128,L1,0.00606922352612265,L2,-0.0...
Get Checksum: -1131948088
GetData ===>> H2,-0.183442872230001,H1,-0.0871029739277994,AX,-0.0777749454311178,L1,-0.00844438147651619,L2,0....
GetData ===>> H2,-0.158617326553672,H1,-0.0856966157573911,AX,-0.0573021796214078,L1,-0.0386873638773284,L2,0.1...
GetData ===>> H2,-0.23463462874503,H1,0.07756116573312,AX,-0.0642119298122379,L1,-0.0140141089809326,L2,0.02098...
Get Checksum: -1131948088
GetData ===>> H2,-0.254003652196048,H1,-0.019301172755015,AX,-0.132483094760018,L1,-0.0550727485294444,L2,0.030...
GetData ===>> H2,-0.148969702997535,H1,-0.000873368689924114,AX,-0.0198929005783464,L1,-0.078914110745841,L2,-0...
Get Checksum: -1131948088
GetData ===>> H2,-0.133545217614714,H1,-0.0339217282720348,AX,-0.153782727577037,L1,-0.0550835226618782,L2,-0.0...
GetData ===>> H2,-0.122692140940428,H1,-0.0539767972383086,AX,-0.0794093350599377,L1,-0.0373012950215359,L2,-0....
GetData ===>> H2,-0.252681963471137,H1,0.0273533924592285,AX,-0.0932831540646767,L1,-0.0346616051237738,L2,-0.0...
Get Checksum: 1334048640
State checksums do not match. Local:-1131948088 Remote:1334048640
State checksum failed
GetData ===>> H2,-0.275779557781352,H1,0.0545616916361126,AX,-0.184929421893102,L1,-0.0184325881284306,L2,0.011...
set states for children of C. state=False
set states for children of B. state=True
handle state [('C', False), ('B', True)]
update switch state C False args=() kw={'refresh': True} ncanvase=3
update switch state B True args=() kw={'refresh': False} ncanvase=3
refresh_canvas_needed fired
GetData ===>> H2,-0.297563055287507,H1,-0.0415292964983437,AX,-0.106621944902838,L1,-0.00942404250891741,L2,-0....
GetData ===>> H2,-0.356375793521636,H1,-0.0164626770603469,AX,-0.052397814252345,L1,-0.0027575870844756,L2,0.08...
Get Checksum: -286040778
15:08:05 -- collecting point 25
GetData ===>> H2,-0.2732286158624,H1,-0.0328246644563322,AX,-0.177755090725986,L1,-0.0456292070686425,L2,-0.062...
GetData ===>> H2,-0.133666933242788,H1,0.0426869851014146,AX,-0.0241262280469801,L1,-0.0512179942683976,L2,0.02...
GetData ===>> H2,-0.281481156509181,H1,-0.0689856609701998,AX,0.0191783838531121,L1,-0.050648487153179,L2,0.027...
Get Checksum: -286040778
GetData ===>> H2,-0.273494617799582,H1,-0.0515923384380777,AX,-0.0612324500505847,L1,-0.0311294586915667,L2,-0....
GetData ===>> H2,-0.192667788283588,H1,-0.0521169242488238,AX,-0.00431498983631937,L1,-0.00806184412532053,L2,-...
GetData ===>> H2,-0.2269290609478,H1,0.0574500241441679,AX,-0.0922400785569063,L1,-0.00899118078661617,L2,-0.05...
Get Checksum: -286040778
GetData ===>> H2,-0.209150447083073,H1,-0.0153057880782679,AX,0.00699592675787058,L1,-0.0152471683611722,L2,-0....
GetData ===>> H2,-0.19852782440681,H1,-0.0109047170806729,AX,0.0485966007087013,L1,-0.0456507544022381,L2,0.022...
GetData ===>> H2,-0.192431898879518,H1,-0.102190284917847,AX,-0.0349464721251616,L1,-0.0444931183137863,L2,0.10...
Get Checksum: -286040778
GetData ===>> H2,-0.184295423551921,H1,-0.00201849614851464,AX,-0.120051599000929,L1,-0.0308839421424353,L2,0.0...
GetData ===>> H2,-0.232608136359545,H1,-0.0684492431543003,AX,-0.0345869763687762,L1,-0.0291447947637456,L2,-0....
GetData ===>> H2,-0.127443524620685,H1,-0.0548590325949004,AX,0.00740198409920759,L1,-0.0153599225710507,L2,0.0...
Get Checksum: -286040778
GetData ===>> H2,-0.110735929059383,H1,-0.0501139454492481,AX,-0.141887089159778,L1,0.0194188085348981,L2,0.073...
GetData ===>> H2,-0.183016572492096,H1,-0.0871506467397197,AX,-0.133166607163107,L1,0.0194440358188115,L2,-0.03...
GetData ===>> H2,-0.234722085372185,H1,-0.0100101667916295,AX,-0.00465139697209071,L1,-0.00848994922020453,L2,-...
Get Checksum: -286040778
GetData ===>> H2,-0.258102188609094,H1,-0.0343867843036748,AX,-0.10858031018246,L1,-0.062482620975053,L2,-0.011...
GetData ===>> H2,-0.246622803063636,H1,-0.0724305868543994,AX,-0.0767664785601452,L1,-0.0821568739731015,L2,0.0...
Get Checksum: -286040778
GetData ===>> H2,-0.233996847636329,H1,-0.0513777343593034,AX,-0.139684033497329,L1,-0.01578573824475,L2,0.0060...
GetData ===>> H2,-0.174178030268935,H1,-0.00305625659244839,AX,-0.0629250839865333,L1,-0.0249022653666076,L2,-0...
set states for children of B. state=False
handle state [('B', False)]
update switch state B False args=() kw={'refresh': False} ncanvase=3
refresh_canvas_needed fired
GetData ===>> H2,-0.18812301934302,H1,-0.0677220944128585,AX,-0.0778444944852236,L1,-0.0149748737297931,L2,0.01...
Get Checksum: 1334048640
GetData ===>> H2,-0.222157723902899,H1,0.0198246825159788,AX,-0.03512042120794,L1,0.00117022711935676,L2,-0.000...
GetData ===>> H2,-0.124382530960302,H1,0.0315892863942625,AX,-0.128752654297494,L1,-0.0212106116975805,L2,-0.04...
GetData ===>> H2,-0.108523190122382,H1,-0.0842902378196396,AX,-0.0312586784057646,L1,-0.0471673311799171,L2,-0....
Get Checksum: 1334048640
GetData ===>> H2,-0.126367403631967,H1,-0.0495655037866747,AX,-0.137921553041117,L1,-0.0357173246136172,L2,0.01...
GetData ===>> H2,-0.151453120476986,H1,-0.0559081672191873,AX,-0.0850889153352753,L1,-0.0168555955761196,L2,-0....
15:08:31 -- collecting point 50
GetData ===>> H2,-0.164942235519562,H1,-0.0651472301574472,AX,-0.107050702802147,L1,-0.0188690655846344,L2,-0.0...
Get Checksum: 1334048640
GetData ===>> H2,-0.203676614459195,H1,0.0579751844608236,AX,0.0183893785556523,L1,-0.0144527469219989,L2,-0.00...
GetData ===>> H2,-0.218757439034179,H1,0.00116642204586195,AX,-0.0164249143004648,L1,-0.0345885035293608,L2,0.0...
GetData ===>> H2,-0.124915289720764,H1,-0.0379044458324483,AX,-0.115891964726613,L1,-0.033692054044298,L2,0.055...
Get Checksum: 1334048640
GetData ===>> H2,-0.27261866853895,H1,0.00121413694660357,AX,-0.122009693954888,L1,-0.012953389041733,L2,0.0238...
testing age>100.0
evaluate ot="age>100.0" t="age>100.0", ctx="{'age': 24.3782623058829}"
GetData ===>> H2,-0.0949639261112615,H1,-0.0757919573058928,AX,-0.0342158825822599,L1,-0.0111732857165997,L2,-0...
GetData ===>> H2,-0.186132507362511,H1,-0.0471690169135951,AX,-0.173709879074249,L1,-0.0104899301058086,L2,-0.1...
Get Checksum: 1334048640
GetData ===>> H2,-0.253897438780931,H1,0.00120220821926438,AX,-0.0821564387535836,L1,-0.0371251775140597,L2,-0....
GetData ===>> H2,-0.229107342007543,H1,-0.0407781046779963,AX,-0.100792967621106,L1,-0.0392240099079525,L2,-0.0...
GetData ===>> H2,-0.203242583312969,H1,-0.0932287441941735,AX,-0.00349136745822053,L1,0.00509837307605417,L2,-0...
Get Checksum: 1334048640
testing age>100.0
evaluate ot="age>100.0" t="age>100.0", ctx="{'age': 24.37800422975829}"
GetData ===>> H2,-0.170638922500082,H1,0.0881762859918701,AX,-0.0272576120818388,L1,-0.0611917914199503,L2,-0.0...
measurement finished
estimated time: 62.915 actual time: :63.084
flush and close file /Users/jan/PychronDev/data/isotopes/8a/5df50f-85c2-44a2-9288-bac90a9576d6.h5
activate_detectors ('H1', 'AX', 'CDD') {'peak_center': True}
peak_center () {'detector': 'H1', 'isotope': 'Ar40'}
peak center: mean=139.205315713 threshold=3
peak center started
setup peak center. detector=['H1', 'AX', 'CDD'], isotope=Ar40
VersionedUnpickler [<apptools.sweet_pickle.versioned_unpickler.VersionedUnpickler object at 0x13fb724d0>] using Updater [<apptools.sweet_pickle.updater.Updater object at 0x137c6f7d0>]
VersionedUnpickler [<apptools.sweet_pickle.versioned_unpickler.VersionedUnpickler object at 0x13fb724d0>] using Updater [<apptools.sweet_pickle.updater.Updater object at 0x137c6f7d0>]
VersionedUnpickler [<apptools.sweet_pickle.versioned_unpickler.VersionedUnpickler object at 0x13fb724d0>] using Updater [<apptools.sweet_pickle.updater.Updater object at 0x137c6f7d0>]
setting integration time = 0.524288
SetIntegrationTime 0.524288 ===>> OK
Mapping mass to dac mass func: "parabolic"
H1 map mass coeffs = [-0.00063987  0.15840543  0.57068999]
H1 map mass to dac 39.9624 >> 5.87908
GetDeflection H1 ===>> 0
GetHighVoltage ===>> 4499.94659342336
do peak center. <pychron.spectrometer.jobs.peak_center.PeakCenter object at 0x13a1fcef0>
doing pc
starting peak center. center dac= 5.87904537865 step_width=0.001
width = 0.001
get scan parameters. half-width=0.015,window=0.015, i=0, scalar=1
Scan parameters center=5.87905 width=0.03000 (5.86405 - 5.89405)
GetData ===>> H2,-0.201211042241339,H1,0.0531652962933339,AX,-0.048270071703841,L1,-0.0490187526865793,L2,-0.05...
Moving to starting dac 5.86404537865
setting magnet DAC
current  : 5.239705
requested: 5.864045
Delta Dac: 0.624340
Checking detector protection. dv=0.62434
Checking detector "CDD". Protection Threshold: 0.1 (V)
ProtectDetector CDD,On ===>> OK
GetDeflection CDD ===>> 2000
SetMagnetDAC 5.86404537865 ===>> OK
Magnet settling time: 0.500
GetMagnetMoving ===>> True
GetMagnetMoving ===>> True
GetMagnetMoving ===>> True
Get Checksum: 1334048640
GetMagnetMoving ===>> True
GetMagnetMoving ===>> True
GetMagnetMoving ===>> True
GetMagnetMoving ===>> True
GetMagnetMoving ===>> True
GetMagnetMoving ===>> False
ProtectDetector CDD,Off ===>> OK
GetDeflection CDD ===>> 50
Wait until signal near baseline. tol= 0.03987397222. timeout= 10
GetData ===>> H2,0.521947402692868,H1,0.264526996850356,AX,0.0845538602616261,L1,0.00335981143822181,L2,-0.1519...
GetData ===>> H2,7.81841113907925,H1,4.83805756929383,AX,0.477351025725637,L1,0.0173303254952113,L2,0.070874829...
GetData ===>> H2,9.36958941669785,H1,5.53554505394132,AX,0.859767750289829,L1,-0.0127484234867307,L2,-0.1336144...
GetData ===>> H2,5.08743619306612,H1,2.60764212170817,AX,0.475144470167158,L1,-0.0587322241103922,L2,-0.0939858...
Get Checksum: 1334048640
GetData ===>> H2,2.03598556563665,H1,1.26488104610354,AX,0.118700531673953,L1,-0.0474593686134209,L2,-0.0508398...
GetData ===>> H2,0.583106839251007,H1,0.62222315107261,AX,0.0105460854169426,L1,-0.0683777840769153,L2,0.033596...
GetData ===>> H2,0.0631915727164019,H1,0.332545436133303,AX,0.0159991956542298,L1,-0.0736626587292763,L2,-0.020...
GetData ===>> H2,-0.231804556400868,H1,0.135590679348563,AX,-0.0752015954810861,L1,-0.0566781196750237,L2,-0.12...
GetData ===>> H2,-0.328317048518804,H1,0.139358114220101,AX,-0.142735276534519,L1,-0.0488931013862118,L2,0.0532...
Get Checksum: 1334048640
GetData ===>> H2,-0.247727278663614,H1,0.0438206902404705,AX,-0.0651393757107937,L1,-0.0286920955200649,L2,-0.0...
GetData ===>> H2,-0.113016916216053,H1,0.129629837689227,AX,-0.0359205829843518,L1,-0.00502621270034851,L2,-0.0...
GetData ===>> H2,-0.141765409242028,H1,0.10443131903537,AX,-0.0296582716143023,L1,0.0136449875355687,L2,-0.0433...
GetData ===>> H2,-0.138683968232574,H1,0.179902771937868,AX,0.0350758823599356,L1,0.00612014430355502,L2,-0.161...
GetData ===>> H2,-0.0931035086388642,H1,0.159270645593224,AX,-0.0777749454311178,L1,-0.0136713348774397,L2,-0.1...
GetData ===>> H2,-0.127439469079861,H1,0.090464010604774,AX,-0.0161349432947743,L1,-0.0689080688299454,L2,-0.05...
Get Checksum: 1334048640
GetData ===>> H2,-0.0746908673879406,H1,0.0578558296015387,AX,-0.019962491011584,L1,-0.0423235382620063,L2,0.05...
GetData ===>> H2,-0.0426022619698155,H1,0.0529862726577736,AX,-0.0835009844425161,L1,-0.0305109803490836,L2,0.0...
GetData ===>> H2,-0.0745444653935592,H1,0.120808442988918,AX,-0.124431188826269,L1,-0.0446272050211525,L2,0.098...
GetData ===>> H2,-0.142807670446932,H1,0.0799778920984597,AX,-0.0478642448655347,L1,-0.0390539153838666,L2,0.02...
GetData ===>> H2,-0.142807670446932,H1,0.0799778920984597,AX,-0.0478642448655347,L1,-0.0390539153838666,L2,0.02...
GetData ===>> H2,-0.17037581243016,H1,0.0645160482804609,AX,-0.0726745459662966,L1,-0.0249503809387796,L2,0.026...
Peak center failed to move to a baseline position
_do_sweep sm= 5.86404537865, em= 5.89404537865, stm= 0.001
calculated step values: start=5.86404537865, end=5.89404537865, width=0.001, nsteps=31.0
setting magnet DAC
current  : 5.864045
requested: 5.864045
Delta Dac: 0.000000
Checking detector protection. dv=0.00000
Checking detector "CDD". Protection Threshold: 0.1 (V)
SetMagnetDAC 5.86404537865 ===>> OK
GetData ===>> H2,-0.192291480205904,H1,0.13015437752093,AX,-0.0641655572852444,L1,0.0266840793506563,L2,0.02910...
setting magnet DAC
current  : 5.864045
requested: 5.865080
Delta Dac: 0.001034
Checking detector protection. dv=0.00103
Checking detector "CDD". Protection Threshold: 0.1 (V)
SetMagnetDAC 5.86507986141 ===>> OK
Magnet settling time: 1.049
Get Checksum: 1334048640
GetData ===>> H2,-0.0795888257073233,H1,0.238626209470039,AX,-0.00453539464279474,L1,-0.00817336905502664,L2,-0...
setting magnet DAC
current  : 5.865080
requested: 5.866114
Delta Dac: 0.001034
Checking detector protection. dv=0.00103
Checking detector "CDD". Protection Threshold: 0.1 (V)
SetMagnetDAC 5.86611434417 ===>> OK
Magnet settling time: 1.049
GetData ===>> H2,-0.0801145464572307,H1,1.05879658531862,AX,0.126862269174905,L1,-0.0415786847844705,L2,-0.0695...
setting magnet DAC
current  : 5.866114
requested: 5.867149
Delta Dac: 0.001034
Checking detector protection. dv=0.00103
Checking detector "CDD". Protection Threshold: 0.1 (V)
SetMagnetDAC 5.86714882693 ===>> OK
Magnet settling time: 1.049
GetData ===>> H2,-0.262896487256645,H1,4.03934774868751,AX,0.580069122803707,L1,-0.037163516281843,L2,-0.024911...
setting magnet DAC
current  : 5.867149
requested: 5.868183
Delta Dac: 0.001034
Checking detector protection. dv=0.00103
Checking detector "CDD". Protection Threshold: 0.1 (V)
SetMagnetDAC 5.86818330968 ===>> OK
Magnet settling time: 1.049
GetData ===>> H2,-0.129321084367553,H1,13.3708291804017,AX,2.33760459111545,L1,-0.012669312857736,L2,-0.0399592...
setting magnet DAC
current  : 5.868183
requested: 5.869218
Delta Dac: 0.001034
Checking detector protection. dv=0.00103
Checking detector "CDD". Protection Threshold: 0.1 (V)
SetMagnetDAC 5.86921779244 ===>> OK
Magnet settling time: 1.049
Get Checksum: 1334048640
GetData ===>> H2,-0.131167251296509,H1,34.1016133237613,AX,6.80006655974807,L1,0.0216027810456804,L2,-0.0529566...
setting magnet DAC
current  : 5.869218
requested: 5.870252
Delta Dac: 0.001034
Checking detector protection. dv=0.00103
Checking detector "CDD". Protection Threshold: 0.1 (V)
SetMagnetDAC 5.8702522752 ===>> OK
Magnet settling time: 1.049
GetData ===>> H2,-0.164701942695513,H1,65.1171136328468,AX,14.6072535711294,L1,0.0851474618722377,L2,-0.0678184...
setting magnet DAC
current  : 5.870252
requested: 5.871287
Delta Dac: 0.001034
Checking detector protection. dv=0.00103
Checking detector "CDD". Protection Threshold: 0.1 (V)
SetMagnetDAC 5.87128675796 ===>> OK
Magnet settling time: 1.049
GetData ===>> H2,-0.246796351452061,H1,96.5355513648334,AX,23.4097865165169,L1,0.154228829348129,L2,0.079968651...
setting magnet DAC
current  : 5.871287
requested: 5.872321
Delta Dac: 0.001034
Checking detector protection. dv=0.00103
Checking detector "CDD". Protection Threshold: 0.1 (V)
SetMagnetDAC 5.87232124072 ===>> OK
Magnet settling time: 1.049
Get Checksum: 1334048640
GetData ===>> H2,-0.253106856889888,H1,124.996588104496,AX,33.5200679506846,L1,0.234920336754224,L2,0.134640957...
setting magnet DAC
current  : 5.872321
requested: 5.873356
Delta Dac: 0.001034
Checking detector protection. dv=0.00103
Checking detector "CDD". Protection Threshold: 0.1 (V)
SetMagnetDAC 5.87335572348 ===>> OK
Magnet settling time: 1.049
GetData ===>> H2,-0.199845242536315,H1,131.232633289958,AX,36.5761263806084,L1,0.332909967638581,L2,-0.03647630...
setting magnet DAC
current  : 5.873356
requested: 5.874390
Delta Dac: 0.001034
Checking detector protection. dv=0.00103
Checking detector "CDD". Protection Threshold: 0.1 (V)
SetMagnetDAC 5.87439020624 ===>> OK
Magnet settling time: 1.049
GetData ===>> H2,-0.0906292752336074,H1,133.014390601181,AX,37.4163335867979,L1,0.401749535383575,L2,0.07794012...
setting magnet DAC
current  : 5.874390
requested: 5.875425
Delta Dac: 0.001034
Checking detector protection. dv=0.00103
Checking detector "CDD". Protection Threshold: 0.1 (V)
SetMagnetDAC 5.87542468899 ===>> OK
Magnet settling time: 1.049
Get Checksum: 1334048640
GetData ===>> H2,-0.0933877132200376,H1,133.773910671034,AX,37.7646986928029,L1,0.432763312398842,L2,0.05982210...
setting magnet DAC
current  : 5.875425
requested: 5.876459
Delta Dac: 0.001034
Checking detector protection. dv=0.00103
Checking detector "CDD". Protection Threshold: 0.1 (V)
SetMagnetDAC 5.87645917175 ===>> OK
Magnet settling time: 1.049
GetData ===>> H2,-0.14790958786571,H1,133.905467532522,AX,37.7962022086468,L1,0.452150486555619,L2,-0.005215005...
setting magnet DAC
current  : 5.876459
requested: 5.877494
Delta Dac: 0.001034
Checking detector protection. dv=0.00103
Checking detector "CDD". Protection Threshold: 0.1 (V)
SetMagnetDAC 5.87749365451 ===>> OK
Magnet settling time: 1.049
Get Checksum: 1334048640
GetData ===>> H2,-0.222924367208539,H1,133.755648183348,AX,37.7338130346053,L1,0.447120994456809,L2,0.179601431...
setting magnet DAC
current  : 5.877494
requested: 5.878528
Delta Dac: 0.001034
Checking detector protection. dv=0.00103
Checking detector "CDD". Protection Threshold: 0.1 (V)
SetMagnetDAC 5.87852813727 ===>> OK
Magnet settling time: 1.049
GetData ===>> H2,-0.0611511875515345,H1,133.992432394326,AX,37.874765971492,L1,0.411448264878334,L2,0.050752978...
setting magnet DAC
current  : 5.878528
requested: 5.879563
Delta Dac: 0.001034
Checking detector protection. dv=0.00103
Checking detector "CDD". Protection Threshold: 0.1 (V)
SetMagnetDAC 5.87956262003 ===>> OK
Magnet settling time: 1.049
GetData ===>> H2,-0.211893104746293,H1,133.895154190062,AX,37.7232057740667,L1,0.449436902705388,L2,0.197148815...
setting magnet DAC
current  : 5.879563
requested: 5.880597
Delta Dac: 0.001034
Checking detector protection. dv=0.00103
Checking detector "CDD". Protection Threshold: 0.1 (V)
SetMagnetDAC 5.88059710279 ===>> OK
Magnet settling time: 1.049
Get Checksum: 1334048640
GetData ===>> H2,-0.169250441933929,H1,133.75346000183,AX,37.916108487757,L1,0.469200888062137,L2,0.04956813193...
setting magnet DAC
current  : 5.880597
requested: 5.881632
Delta Dac: 0.001034
Checking detector protection. dv=0.00103
Checking detector "CDD". Protection Threshold: 0.1 (V)
SetMagnetDAC 5.88163158555 ===>> OK
Magnet settling time: 1.049
GetData ===>> H2,-0.133269839848414,H1,133.680271906605,AX,37.7413744145295,L1,0.484871852575084,L2,0.046469371...
setting magnet DAC
current  : 5.881632
requested: 5.882666
Delta Dac: 0.001034
Checking detector protection. dv=0.00103
Checking detector "CDD". Protection Threshold: 0.1 (V)
SetMagnetDAC 5.8826660683 ===>> OK
Magnet settling time: 1.049
GetData ===>> H2,-0.153480805108449,H1,133.521363876307,AX,37.4695572383906,L1,0.46354210025812,L2,0.1347093744...
setting magnet DAC
current  : 5.882666
requested: 5.883701
Delta Dac: 0.001034
Checking detector protection. dv=0.00103
Checking detector "CDD". Protection Threshold: 0.1 (V)
SetMagnetDAC 5.88370055106 ===>> OK
Magnet settling time: 1.049
Get Checksum: 1334048640
GetData ===>> H2,-0.120456382580078,H1,132.571527260023,AX,37.0715221735859,L1,0.447268020761414,L2,-0.06185578...
setting magnet DAC
current  : 5.883701
requested: 5.884735
Delta Dac: 0.001034
Checking detector protection. dv=0.00103
Checking detector "CDD". Protection Threshold: 0.1 (V)
SetMagnetDAC 5.88473503382 ===>> OK
Magnet settling time: 1.049
GetData ===>> H2,-0.182866121394745,H1,128.809131623668,AX,35.1493723380704,L1,0.406274958820469,L2,-0.00473678...
setting magnet DAC
current  : 5.884735
requested: 5.885770
Delta Dac: 0.001034
Checking detector protection. dv=0.00103
Checking detector "CDD". Protection Threshold: 0.1 (V)
SetMagnetDAC 5.88576951658 ===>> OK
Magnet settling time: 1.049
GetData ===>> H2,-0.229039829165836,H1,117.403069082719,AX,29.8519513965691,L1,0.40153688219658,L2,-0.018991273...
setting magnet DAC
current  : 5.885770
requested: 5.886804
Delta Dac: 0.001034
Checking detector protection. dv=0.00103
Checking detector "CDD". Protection Threshold: 0.1 (V)
SetMagnetDAC 5.88680399934 ===>> OK
Magnet settling time: 1.049
Get Checksum: 1334048640
GetData ===>> H2,-0.22443134350872,H1,93.0045019187333,AX,21.1843416894195,L1,0.272274210392141,L2,-0.028622096...
setting magnet DAC
current  : 5.886804
requested: 5.887838
Delta Dac: 0.001034
Checking detector protection. dv=0.00103
Checking detector "CDD". Protection Threshold: 0.1 (V)
SetMagnetDAC 5.8878384821 ===>> OK
Magnet settling time: 1.049
GetData ===>> H2,-0.206307403338168,H1,59.6979200425669,AX,11.5769248249515,L1,0.208936678594958,L2,-0.03058001...
setting magnet DAC
current  : 5.887838
requested: 5.888873
Delta Dac: 0.001034
Checking detector protection. dv=0.00103
Checking detector "CDD". Protection Threshold: 0.1 (V)
SetMagnetDAC 5.88887296486 ===>> OK
Magnet settling time: 1.049
Get Checksum: 1334048640
GetData ===>> H2,-0.101388538594983,H1,28.866396024021,AX,4.70143748126864,L1,0.0975726440550449,L2,-0.10770417...
setting magnet DAC
current  : 5.888873
requested: 5.889907
Delta Dac: 0.001034
Checking detector protection. dv=0.00103
Checking detector "CDD". Protection Threshold: 0.1 (V)
SetMagnetDAC 5.88990744761 ===>> OK
Magnet settling time: 1.049
GetData ===>> H2,-0.0680086795738167,H1,10.5873173120996,AX,1.34746988313258,L1,0.0210602228324997,L2,-0.021313...
setting magnet DAC
current  : 5.889907
requested: 5.890942
Delta Dac: 0.001034
Checking detector protection. dv=0.00103
Checking detector "CDD". Protection Threshold: 0.1 (V)
SetMagnetDAC 5.89094193037 ===>> OK
Magnet settling time: 1.049
GetData ===>> H2,-0.196535898943659,H1,3.09372546359994,AX,0.289172344527879,L1,-0.00151088506055104,L2,-0.0562...
setting magnet DAC
current  : 5.890942
requested: 5.891976
Delta Dac: 0.001034
Checking detector protection. dv=0.00103
Checking detector "CDD". Protection Threshold: 0.1 (V)
SetMagnetDAC 5.89197641313 ===>> OK
Magnet settling time: 1.049
Get Checksum: 1334048640
GetData ===>> H2,-0.200656922259705,H1,0.750247773895718,AX,0.0316640836103941,L1,0.00920086175956665,L2,-0.022...
setting magnet DAC
current  : 5.891976
requested: 5.893011
Delta Dac: 0.001034
Checking detector protection. dv=0.00103
Checking detector "CDD". Protection Threshold: 0.1 (V)
SetMagnetDAC 5.89301089589 ===>> OK
Magnet settling time: 1.049
GetData ===>> H2,-0.197558203751807,H1,0.0861264375188188,AX,0.0775312840238242,L1,-0.0106146159934823,L2,0.037...
setting magnet DAC
current  : 5.893011
requested: 5.894045
Delta Dac: 0.001034
Checking detector protection. dv=0.00103
Checking detector "CDD". Protection Threshold: 0.1 (V)
SetMagnetDAC 5.89404537865 ===>> OK
Magnet settling time: 1.049
GetData ===>> H2,-0.173905026352786,H1,0.00256209228839412,AX,0.0826301338997471,L1,0.02406386520034,L2,-0.0254...
result of _do_sweep=True
result of _calculate_peak_center=([5.8713883404348106, 5.878963490735412, 5.8865386410360134], [99.330322507619996, 133.98970314611012, 99.263052213303837], 5.8785571608342302, 133.98970314611012)
Failed to find a valid peak. No peak greater than 1.0. max = 0.0181580211865
new center pos Detector(H1) (Ar40) @ 5.87896349074
GetHighVoltage ===>> 4499.94659342336
GetDeflection H1 ===>> 0
dac uncorrected for HV and deflection 5.8789981116
update mftable H1 Ar40 5.8789981116 message=automated run peakcenter
get initial guess parabolic
get initial guess parabolic
get initial guess parabolic
get initial guess parabolic
get initial guess parabolic
get initial guess parabolic
dump mftable to /Users/jan/PychronDev/setupfiles/spectrometer/mftables/mftable.csv
add to repo msg=modified - automated run peakcenter
locally archiving mftable
setting magnet DAC
current  : 5.894045
requested: 5.878963
Get Checksum: 1334048640
Delta Dac: 0.015082
Checking detector protection. dv=0.01508
Checking detector "CDD". Protection Threshold: 0.1 (V)
SetMagnetDAC 5.87896349074 ===>> OK
Magnet settling time: 0.500
sweep finished
setting integration time = 1.048576
SetIntegrationTime 1.048576 ===>> OK
Failed to find a valid peak. No peak greater than 1.0. max = 0.0181437014347
flush and close file /Users/jan/PychronDev/data/isotopes/8a/5df50f-85c2-44a2-9288-bac90a9576d6.h5
finished measure script
executed 278.04
jan_co2_whiff_120_60_large.py completed successfully
Measurement Finished
15:09:29 -- ******* Measurement Finished *******
Post Measurement Started jan_pump_ms.py
15:09:29 -- ******* Post Measurement Started jan_pump_ms.py *******
testing...
no interpolation path defined
executed 0
Pumping spectrometer
open () {'name': 'O'}
opening name=O desc=---
checking ownership. requestor=129.138.12.150
check software interlocks O
interlocks []
actuate state mode=None-script, software_lock=False
doing actuation None-script open_channel True
Open O ===>> OK
GetValveState O ===>> OK
change switch state (True, True)
update switch state O True args=() kw={} ncanvase=3
15:09:30 -- OPEN   VALVE-O (Jan Ion Pump)
---------------------------------------- open O () result=[(True, True)], time=0.12 sec
action=open, ok=True, locked=[False]
executed 0
jan_pump_ms.py completed successfully
setting _ms_pumptime
Post Measurement Finished
15:09:30 -- ******* Post Measurement Finished *******
$$$$$$$$$$$$$$$$$$$$ state at run end measurement
state changed from measurement to success
post measurement save measured=True aborted=False
Set filtering
setting fod for Ar40= {'filter_outliers': True, 'std_devs': 2, 'iterations': 1}
setting fod for H1= {'filter_outliers': True, 'std_devs': 2, 'iterations': 1}
setting fod for PM41= {'filter_outliers': False, 'std_devs': 2, 'iterations': 1}
setting fod for H2= {'filter_outliers': True, 'std_devs': 2, 'iterations': 1}
setting fod for Ar36= {'filter_outliers': True, 'std_devs': 2, 'iterations': 1}
setting fod for CDD= {'filter_outliers': True, 'std_devs': 10, 'iterations': 1}
setting fod for Ar37= {'filter_outliers': True, 'std_devs': 2, 'iterations': 1}
setting fod for L2= {'filter_outliers': True, 'std_devs': 2, 'iterations': 1}
setting fod for Ar38= {'filter_outliers': True, 'std_devs': 2, 'iterations': 1}
setting fod for L1= {'filter_outliers': True, 'std_devs': 2, 'iterations': 1}
setting fod for Ar39= {'filter_outliers': True, 'std_devs': 2, 'iterations': 1}
setting fod for AX= {'filter_outliers': True, 'std_devs': 2, 'iterations': 1}
persistence save...
persistence save - db
post measurement save
5225490000 connecting to database sqlite:////Users/jan/PychronDev/.appdata/local_lab.db
connected to db sqlite:////Users/jan/PychronDev/.appdata/local_lab.db
create new session 5225490000
close session 5225490000
No database instance. Not saving post measurement to isotopedb database
$$$$$$$$$$$$$$$ auto_save_detector_ic=False
massspec enabled True
create new session 5054761584
MassSpec Database Version: 16.0
close session 5054761584
saving post measurement to secondary database
saving to massspec database 129.138.12.160/massspecdata
setting labnumber to 65511
setting aliquot to 20
setting step to 
setting uuid to 8a5df50f-85c2-44a2-9288-bac90a9576d6
setting irradpos to 65511
setting extract_device to Fusions CO2
setting tray to 
setting position to 159
setting power_requested to 5.0
setting extract_value to 5.0
setting duration to 30.0
setting duration_at_request to 30.0
setting first_stage_delay to 30.0
setting cleanup to 30.0
setting comment to F:9 DS
setting irradiation to NM-289
setting level to F
setting irradiation_level to F
setting sample to TRC-23-djk
setting material to SandforDetrital
setting project to IR959
setting mass_spectrometer to Jan
no attribute chron_dosages
no attribute production_ratios
no attribute interference_corrections
no attribute production_name
no attribute j
Reference Isotope=Ar40
Reference Detector=H1
%%%%%%%%%%%%%%%%%%%% Comment: F:9 DS %%%%%%%%%%%%%%%%%%%
adding isotope PM41 H2
add baseline dbdet= PM41. original det= H2
get baseline data PM41 H2
Get data baseline <pychron.processing.isotope.Baseline object at 0x137bf94d0> len t=60
baseline PM41. v=-0.192035257517, e=0.00677265959402
get signal data PM41 H2
Get data signal PM41 0.15+/-0.09 len t=120
adding isotope Ar40 H1
add baseline dbdet= Ar40. original det= H1
get baseline data Ar40 H1
Get data baseline <pychron.processing.isotope.Baseline object at 0x137bf96d0> len t=60
baseline Ar40. v=-0.036019070329, e=0.00500361085019
get signal data Ar40 H1
Get data signal Ar40 145.268+/-0.021 len t=120
adding isotope Ar39 AX
add baseline dbdet= Ar39. original det= AX
get baseline data Ar39 AX
Get data baseline <pychron.processing.isotope.Baseline object at 0x137bf9890> len t=60
baseline Ar39. v=-0.0702524598854, e=0.00679822747568
get signal data Ar39 AX
Get data signal Ar39 41.746+/-0.018 len t=120
adding isotope Ar38 L1
add baseline dbdet= Ar38. original det= L1
get baseline data Ar38 L1
Get data baseline <pychron.processing.isotope.Baseline object at 0x137bf9a50> len t=60
baseline Ar38. v=-0.0263092387133, e=0.00297694825976
get signal data Ar38 L1
Get data signal Ar38 0.534+/-0.005 len t=120
adding isotope Ar37 L2
add baseline dbdet= Ar37. original det= L2
get baseline data Ar37 L2
Get data baseline <pychron.processing.isotope.Baseline object at 0x137bf9c10> len t=60
baseline Ar37. v=-0.0176410429188, e=0.00709583426717
get signal data Ar37 L2
Get data signal Ar37 0.130+/-0.012 len t=120
adding isotope Ar36 CDD
add baseline dbdet= Ar36. original det= CDD
get baseline data Ar36 CDD
Get data baseline <pychron.processing.isotope.Baseline object at 0x137bf9dd0> len t=60
baseline Ar36. v=2.97730822877e-05, e=8.52160042208e-06
get signal data Ar36 CDD
Get data signal Ar36 0.01392+/-0.00032 len t=120
65511-20 added analysis time 0.480968952179s
analysis added to mass spec database
mass spec save time= 0.488
persistence save - dvc
================= post measurement started
create new session 4983039568
close session 4983039568
---------------- Experiment Queue saving disabled
DVC saving peakcenter
Failed to find a valid peak. No peak greater than 1.0. max = 0.0181437014347
Get Checksum: 1666981803
Smart pull ahead: 0 behind: 0
Up-to-date with origin
add to repo msg=modified - ad8224ebc6dbfeb9f5997218dfa5fe690569839d.json
add to repo msg=modified - 11-20.json
add to repo msg=modified - 11-20.dat.json
add to repo msg=modified - 11-20.blan.json
add to repo msg=modified - 11-20.inte.json
add to repo msg=modified - 11-20.icfa.json
add to repo msg=modified - 11-20.base.json
not at valid file /Users/jan/PychronDev/data/.dvc/repositories/IR959/655/tags/11-20.tags.json
add to repo msg=modified - 11-20.peak.json
add to repo msg=modified - 11-20.extr.json
not at valid file /Users/jan/PychronDev/data/.dvc/repositories/IR959/655/monitor/11-20.moni.json
commit message=<COLLECTION>
add to repo msg=modified - 11-20.inte.json
add to repo msg=modified - 11-20.base.json
commit message=<ISOEVO> default collection fits
add to repo msg=modified - 11-20.blan.json
Get Checksum: 1666981803
commit message=<BLANKS> preceding bu-FC-J-7450
add to repo msg=modified - 11-20.icfa.json
commit message=<ICFactor> default
push repository <pychron.git_archive.repo_manager.GitRepoManager object at 0x13cd0c170>
pushing to remote=origin, url=https://github.com
Get Checksum: 1666981803
no changes to meta repo
Get Checksum: 1666981803
create new session 4983039568
add association IR959
get identifier "65511"
setting analysis irradiation position=<pychron.dvc.dvc_orm.IrradiationPositionTbl object at 0x13d743790>
close session 4983039568
================= post measurement finished
15:09:43 -- ******* Post Run Check *******
loading queue conditionals post_run_actions
loading system conditionals post_run_actions
loading conditionals from /Users/jan/PychronDev/setupfiles/spectrometer/default_conditionals.yaml
loading queue conditionals post_run_terminations
loading system conditionals post_run_terminations
loading conditionals from /Users/jan/PychronDev/setupfiles/spectrometer/default_conditionals.yaml
Checking default post run terminations n=1
GetDeflection CDD ===>> 50
testing CDD==2000
evaluate ot="CDD.deflection==2000" t="CDD==2000", ctx="{'CDD': 50.0}"
15:09:43 -- ******* Post Run Check Passed *******
15:09:43 -- Automated run 65511-20 success duration: 370.855 s
----------------- finish -----------------
----------------- stop -----------------
retroactive repository identifiers disabled
finish run. runs completed=11
update duration runid=65511-20, duration=370.855444908, md5=3d9034cf
loading script "jan_co2_whiff_120_60_large.py"
loading script "jan_pump_ms.py"
loading script "jan_co2.py"
loading script "jan_pump_extraction_line.py"
testing...
no interpolation path defined
executed 266.04
script duration name:co2_whiff_120_60_large seconds:266.0
loading script "jan_co2_whiff_120_60_large.py"
loading script "jan_pump_ms.py"
loading script "jan_co2.py"
loading script "jan_pump_extraction_line.py"
testing...
no interpolation path defined
executed 0
loading script "jan_co2_whiff_120_60_large.py"
loading script "jan_pump_ms.py"
loading script "jan_co2.py"
loading script "jan_pump_extraction_line.py"
testing...
no interpolation path defined
calculate duration
testing...
no interpolation path defined
executed 0
calculate duration
testing...
no interpolation path defined
executed 0
executed 0.0
script duration name:co2 seconds:0.0
loading script "jan_co2_whiff_120_60_large.py"
loading script "jan_pump_ms.py"
loading script "jan_co2.py"
loading script "jan_pump_extraction_line.py"
testing...
no interpolation path defined
calculate duration
testing...
no interpolation path defined
executed 4.0
executed 4.0
Script duration 266.0
Run total estimated duration= 267.000
loading script "jan_unknown400_120.py"
loading script "jan_pump_ms.py"
loading script "jan_cocktail_x1.py"
loading script "jan_pump_extraction_line.py"
testing...
no interpolation path defined
executed 556.052928
script duration name:unknown400_120 seconds:556.0
pump_ms in script context. using previous estimated duration
loading script "jan_unknown400_120.py"
loading script "jan_pump_ms.py"
loading script "jan_cocktail_x1.py"
loading script "jan_pump_extraction_line.py"
testing...
no interpolation path defined
calculate duration
testing...
no interpolation path defined
executed 0
calculate duration
testing...
no interpolation path defined
executed 0
calculate duration
testing...
no interpolation path defined
executed 32.0
calculate duration
testing...
no interpolation path defined
executed 34.0
calculate duration
testing...
no interpolation path defined
executed 4.0
calculate duration
testing...
no interpolation path defined
executed 38.0
executed 108.0
script duration name:cocktail_x1 seconds:108.0
pump_extraction_line in script context. using previous estimated duration
Script duration 664.0
Run total estimated duration= 665.000
unknown400_120 in script context. using previous estimated duration
script duration name:unknown400_120 seconds:556.0
cocktail_x1 in script context. using previous estimated duration
script duration name:cocktail_x1 seconds:108.0
Script duration 664.0
Run total estimated duration= 665.000
loading script "jan_ic_peak_hop3.py"
loading script "jan_pump_ms.py"
loading script "jan_air_x1.py"
loading script "jan_pump_extraction_line.py"
testing...
no interpolation path defined
executed 133.8
script duration name:ic_peak_hop3 seconds:134.0
loading script "jan_ic_peak_hop3.py"
loading script "jan_pump_ms.py"
loading script "jan_air_x1.py"
loading script "jan_pump_extraction_line.py"
testing...
no interpolation path defined
calculate duration
testing...
no interpolation path defined
executed 0
calculate duration
testing...
no interpolation path defined
executed 0
calculate duration
testing...
no interpolation path defined
executed 32.0
calculate duration
testing...
no interpolation path defined
executed 34.0
calculate duration
testing...
no interpolation path defined
executed 4.0
calculate duration
testing...
no interpolation path defined
executed 36.0
executed 106.0
script duration name:air_x1 seconds:106.0
Script duration 240.0
Run total estimated duration= 241.000
co2_whiff_120_60_large in script context. using previous estimated duration
script duration name:co2_whiff_120_60_large seconds:266.0
co2 in script context. using previous estimated duration
script duration name:co2 seconds:0.0
Script duration 266.0
Run total estimated duration= 267.000
script duration name:co2_whiff_120_60_large seconds:266.0
script duration name:co2 seconds:0.0
Script duration 266.0
Run total estimated duration= 267.000
script duration name:co2_whiff_120_60_large seconds:266.0
script duration name:co2 seconds:0.0
Script duration 266.0
Run total estimated duration= 267.000
script duration name:co2_whiff_120_60_large seconds:266.0
script duration name:co2 seconds:0.0
Script duration 266.0
Run total estimated duration= 267.000
script duration name:co2_whiff_120_60_large seconds:266.0
script duration name:co2 seconds:0.0
Script duration 266.0
Run total estimated duration= 267.000
script duration name:unknown400_120 seconds:556.0
script duration name:co2 seconds:0.0
Script duration 556.0
Run total estimated duration= 557.000
script duration name:co2_whiff_120_60_large seconds:266.0
script duration name:co2 seconds:0.0
Script duration 266.0
Run total estimated duration= 267.000
script duration name:co2_whiff_120_60_large seconds:266.0
script duration name:co2 seconds:0.0
Script duration 266.0
Run total estimated duration= 267.000
script duration name:co2_whiff_120_60_large seconds:266.0
script duration name:co2 seconds:0.0
Script duration 266.0
Run total estimated duration= 267.000
script duration name:co2_whiff_120_60_large seconds:266.0
script duration name:co2 seconds:0.0
Script duration 266.0
Run total estimated duration= 267.000
script duration name:co2_whiff_120_60_large seconds:266.0
script duration name:co2 seconds:0.0
Script duration 266.0
Run total estimated duration= 267.000
script duration name:co2_whiff_120_60_large seconds:266.0
script duration name:co2 seconds:0.0
Script duration 266.0
Run total estimated duration= 267.000
script duration name:co2_whiff_120_60_large seconds:266.0
script duration name:co2 seconds:0.0
Script duration 266.0
Run total estimated duration= 267.000
script duration name:co2_whiff_120_60_large seconds:266.0
script duration name:co2 seconds:0.0
Script duration 266.0
Run total estimated duration= 267.000
script duration name:co2_whiff_120_60_large seconds:266.0
script duration name:co2 seconds:0.0
Script duration 266.0
Run total estimated duration= 267.000
script duration name:co2_whiff_120_60_large seconds:266.0
script duration name:co2 seconds:0.0
Script duration 266.0
Run total estimated duration= 267.000
script duration name:unknown400_120 seconds:556.0
loading script "jan_unknown400_120.py"
loading script "jan_pump_ms.py"
loading script "jan_sniffair_x2.py"
loading script "jan_pump_extraction_line.py"
testing...
no interpolation path defined
calculate duration
testing...
no interpolation path defined
executed 0
calculate duration
testing...
no interpolation path defined
executed 0
calculate duration
testing...
no interpolation path defined
executed 32.0
calculate duration
testing...
no interpolation path defined
executed 34.0
calculate duration
testing...
no interpolation path defined
executed 4.0
calculate duration
testing...
no interpolation path defined
executed 36.0
calculate duration
testing...
no interpolation path defined
executed 34.0
calculate duration
testing...
no interpolation path defined
executed 4.0
calculate duration
testing...
no interpolation path defined
executed 36.0
calculate duration
testing...
no interpolation path defined
executed 70.0
executed 250.0
script duration name:sniffair_x2 seconds:250.0
Script duration 806.0
Run total estimated duration= 807.000
script duration name:co2_whiff_120_60_large seconds:266.0
script duration name:co2 seconds:0.0
Script duration 266.0
Run total estimated duration= 267.000
script duration name:co2_whiff_120_60_large seconds:266.0
script duration name:co2 seconds:0.0
Script duration 266.0
Run total estimated duration= 267.000
script duration name:co2_whiff_120_60_large seconds:266.0
script duration name:co2 seconds:0.0
Script duration 266.0
Run total estimated duration= 267.000
script duration name:co2_whiff_120_60_large seconds:266.0
script duration name:co2 seconds:0.0
Script duration 266.0
Run total estimated duration= 267.000
script duration name:co2_whiff_120_60_large seconds:266.0
script duration name:co2 seconds:0.0
Script duration 266.0
Run total estimated duration= 267.000
script duration name:unknown400_120 seconds:556.0
script duration name:co2 seconds:0.0
Script duration 556.0
Run total estimated duration= 557.000
script duration name:unknown400_120 seconds:556.0
script duration name:cocktail_x1 seconds:108.0
Script duration 664.0
Run total estimated duration= 665.000
script duration name:unknown400_120 seconds:556.0
script duration name:cocktail_x1 seconds:108.0
Script duration 664.0
Run total estimated duration= 665.000
ic_peak_hop3 in script context. using previous estimated duration
script duration name:ic_peak_hop3 seconds:134.0
air_x1 in script context. using previous estimated duration
script duration name:air_x1 seconds:106.0
Script duration 240.0
Run total estimated duration= 241.000
script duration name:co2_whiff_120_60_large seconds:266.0
script duration name:co2 seconds:0.0
Script duration 266.0
Run total estimated duration= 267.000
script duration name:co2_whiff_120_60_large seconds:266.0
script duration name:co2 seconds:0.0
Script duration 266.0
Run total estimated duration= 267.000
script duration name:co2_whiff_120_60_large seconds:266.0
script duration name:co2 seconds:0.0
Script duration 266.0
Run total estimated duration= 267.000
script duration name:co2_whiff_120_60_large seconds:266.0
script duration name:co2 seconds:0.0
Script duration 266.0
Run total estimated duration= 267.000
script duration name:co2_whiff_120_60_large seconds:266.0
script duration name:co2 seconds:0.0
Script duration 266.0
Run total estimated duration= 267.000
script duration name:co2_whiff_120_60_large seconds:266.0
script duration name:co2 seconds:0.0
Script duration 266.0
Run total estimated duration= 267.000
script duration name:co2_whiff_120_60_large seconds:266.0
script duration name:co2 seconds:0.0
Script duration 266.0
Run total estimated duration= 267.000
script duration name:co2_whiff_120_60_large seconds:266.0
script duration name:co2 seconds:0.0
Script duration 266.0
Run total estimated duration= 267.000
script duration name:co2_whiff_120_60_large seconds:266.0
script duration name:co2 seconds:0.0
Script duration 266.0
Run total estimated duration= 267.000
script duration name:co2_whiff_120_60_large seconds:266.0
script duration name:co2 seconds:0.0
Script duration 266.0
Run total estimated duration= 267.000
script duration name:co2_whiff_120_60_large seconds:266.0
script duration name:co2 seconds:0.0
Script duration 266.0
Run total estimated duration= 267.000
script duration name:co2_whiff_120_60_large seconds:266.0
script duration name:co2 seconds:0.0
Script duration 266.0
Run total estimated duration= 267.000
script duration name:co2_whiff_120_60_large seconds:266.0
script duration name:co2 seconds:0.0
Script duration 266.0
Run total estimated duration= 267.000
script duration name:co2_whiff_120_60_large seconds:266.0
script duration name:co2 seconds:0.0
Script duration 266.0
Run total estimated duration= 267.000
script duration name:co2_whiff_120_60_large seconds:266.0
script duration name:co2 seconds:0.0
Script duration 266.0
Run total estimated duration= 267.000
script duration name:unknown400_120 seconds:556.0
script duration name:co2 seconds:0.0
Script duration 556.0
Run total estimated duration= 557.000
script duration name:co2_whiff_120_60_large seconds:266.0
script duration name:co2 seconds:0.0
Script duration 266.0
Run total estimated duration= 267.000
nruns=47 before=5.0, run_dur=15499.0, btw=1380.0
write rem/ex queues
/Users/jan/PychronDev/experiments/rem/CurrentExperiment.rem.txt
/Users/jan/PychronDev/experiments/rem/CurrentExperiment.ex.txt
doing event level: 3
