do run
loading script "jan_co2_whiff_120_60_large.py"
loading script "jan_pump_ms.py"
loading script "jan_co2.py"
loading script "jan_pump_extraction_line.py"
testing...
no interpolation path defined
executed 266.04
script duration name:co2_whiff_120_60_large seconds:266.0
loading script "jan_co2_whiff_120_60_large.py"
loading script "jan_pump_ms.py"
loading script "jan_co2.py"
loading script "jan_pump_extraction_line.py"
testing...
no interpolation path defined
executed 0
loading script "jan_co2_whiff_120_60_large.py"
loading script "jan_pump_ms.py"
loading script "jan_co2.py"
loading script "jan_pump_extraction_line.py"
testing...
no interpolation path defined
calculate duration
testing...
no interpolation path defined
executed 0
calculate duration
testing...
no interpolation path defined
executed 0
executed 0.0
script duration name:co2 seconds:0.0
loading script "jan_co2_whiff_120_60_large.py"
loading script "jan_pump_ms.py"
loading script "jan_co2.py"
loading script "jan_pump_extraction_line.py"
testing...
no interpolation path defined
calculate duration
testing...
no interpolation path defined
executed 4.0
executed 4.0
Script duration 266.0
Run total estimated duration= 267.000
run duration: 0:04:27
doing event level: 2
17:21:18 -- Setting default integration. t=1.048576
setting integration time = 1.048576
SetIntegrationTime 1.048576 ===>> OK
----------------- start -----------------
**************** Experiment Type: Ar/Ar, Ar/Ar
create new session 4993359504
close session 4993359504
$$$$$ Clearing conditionals
adding conditionals detrital
extract conditionals from file. /Users/jan/PychronDev/scripts/conditionals/detrital.yaml
no attr for this modification cd={'extraction_str': '', 'attr': '', 'mapper': '', 'use_termination': False, 'start_count': 0, 'nskip': 0, 'window': 0, 'frequency': 1, 'teststr': '', 'action': 'Skip Next Run', 'ntrips': 1, 'use_truncation': False}
no attr for this cancelation cd={'mapper': '', 'window': 0, 'frequency': 1, 'attr': '', 'teststr': '', 'start_count': 0, 'ntrips': 1}
adding truncation attr="age" test="age>100.0" start="50"
adding truncation attr="Ar39" test="Ar39<0.5" start="60"
no attr for this termination cd={'mapper': '', 'window': 0, 'frequency': 1, 'attr': '', 'teststr': '', 'start_count': 0, 'ntrips': 1}
Invalid conditional kind="pre_run_terminations"
no attr for this action cd={'mapper': '', 'attr': '', 'start_count': 0, 'window': 0, 'frequency': 1, 'teststr': '', 'action': None, 'ntrips': 1}
Invalid conditional kind="post_run_terminations"
Add queue conditionals
add default conditionals
adding default conditionals from /Users/jan/PychronDev/setupfiles/spectrometer/default_conditionals.yaml
Start automated run 65511-33
loading script "jan_co2_whiff_120_60_large.py"
loading script "jan_pump_ms.py"
loading script "jan_co2.py"
loading script "jan_pump_extraction_line.py"
%%%%%%%%%%%%%%%%%% setting automated run 65511-33
No value "sensitivity_multiplier" in metadata
$$$$$$$$$$$$$$$ auto_save_detector_ic=False
============================= Pre Extraction Check =============================
loading queue conditionals pre_run_terminations
loading system conditionals pre_run_terminations
loading conditionals from /Users/jan/PychronDev/setupfiles/spectrometer/default_conditionals.yaml
17:21:18 -- ******* Pre Extraction Check *******
Get a measurement from the spectrometer
GetData ===>> H2,-0.340232651889406,H1,-0.0128249913669219,AX,-0.124431188826269,L1,-0.0471936627721221,L2,0.11...
Pre Extraction Termination data. keys=H2,H1,AX,L1,L2,CDD, signals=-0.34023,-0.01282,-0.12443,-0.04719,0.11726,0.00328
17:21:18 -- testing system defined conditionals
Checking default pre extraction terminations n=2
testing CDD
evaluate ot="CDD.inactive" t="CDD", ctx="{'CDD': False}"
GetDeflection CDD ===>> 50
testing CDD==2000
evaluate ot="CDD.deflection==2000" t="CDD==2000", ctx="{'CDD': 50.0}"
17:21:18 -- ******* Pre Extraction Check Passed *******
=================================================================================
17:21:18 -- stopping status monitor
stop 5052903792
Alive clients [4983293136]
17:21:18 -- starting status monitor
start 5052903792
Monitor already running
start extraction
do extraction
Analysis started at 17:21:18.277602
Extraction Started jan_co2.py
17:21:18 -- ******* Extraction Started jan_co2.py *******
state changed from not run to extraction
DO EXTRACTION <pychron.extraction_line.pyscript_runner.RemotePyScriptRunner object at 0x12b93d0b0>
testing...
no interpolation path defined
calculate duration
testing...
no interpolation path defined
executed 0
calculate duration
testing...
no interpolation path defined
executed 0
executed 100.0
Jan CO2 laser analysis
doing GOSUB
testing...
no interpolation path defined
executed 0
Waiting for CO2 access
wait ('FelixCO2Flag', 0) {}
waiting for FelixCO2Flag = 0
Read FelixCO2Flag ===>> 0
finished waiting
CO2 free
wait ('CO2PumpTimeFlag', 0) {}
waiting for CO2PumpTimeFlag = 0
Read CO2PumpTimeFlag ===>> 0
finished waiting
acquire ('JanCO2Flag',) {'clear': True}
acquire JanCO2Flag
Set JanCO2Flag 1 ===>> OK
JanCO2Flag acquired
set extraction state False (0.75, 'red', 1.5)
CO2 acquired
executed 0
WaitForCO2Access.py completed successfully
gosub finished
doing GOSUB
testing...
no interpolation path defined
executed 0
Prepare for CO2 analysis
close () {'description': 'Jan Inlet'}
closing name=--- desc=Jan Inlet
checking ownership. requestor=129.138.12.150
check software interlocks R
interlocks []
actuate state mode=None-script, software_lock=False
doing actuation None-script close_channel False
Close R ===>> OK
Get Checksum: 1864646427
GetValveState R ===>> False
change switch state (True, True)
update switch state R False args=() kw={} ncanvase=3
17:21:18 -- CLOSE  VALVE-R (Jan Inlet)
---------------------------------------- close None (Jan Inlet) result=[(True, True)]
action=close, ok=True, locked=[False]
open () {'description': 'Jan Ion Pump'}
opening name=--- desc=Jan Ion Pump
checking ownership. requestor=129.138.12.150
check software interlocks O
interlocks []
actuate state mode=None-script, software_lock=False
doing actuation None-script open_channel False
Open O ===>> OK
GetValveState O ===>> OK
change switch state (True, True)
update switch state O True args=() kw={} ncanvase=3
17:21:19 -- OPEN   VALVE-O (Jan Ion Pump)
---------------------------------------- open None (Jan Ion Pump) result=[(True, True)], time=0.10 sec
action=open, ok=True, locked=[False]
close () {'description': 'Microbone to Minibone'}
closing name=--- desc=Microbone to Minibone
checking ownership. requestor=129.138.12.150
check software interlocks L
interlocks []
actuate state mode=None-script, software_lock=False
doing actuation None-script close_channel False
Close L ===>> OK
GetValveState L ===>> False
change switch state (True, True)
update switch state L False args=() kw={} ncanvase=3
17:21:19 -- CLOSE  VALVE-L (Microbone to Minibone)
---------------------------------------- close None (Microbone to Minibone) result=[(True, True)]
action=close, ok=True, locked=[False]
open () {'description': 'Microbone to Turbo'}
opening name=--- desc=Microbone to Turbo
checking ownership. requestor=129.138.12.150
check software interlocks U
interlocks []
actuate state mode=None-script, software_lock=False
doing actuation None-script open_channel False
Open U ===>> OK
GetValveState U ===>> OK
change switch state (True, True)
update switch state U True args=() kw={} ncanvase=3
17:21:20 -- OPEN   VALVE-U (Microbone to Turbo)
---------------------------------------- open None (Microbone to Turbo) result=[(True, True)], time=0.13 sec
action=open, ok=True, locked=[False]
open () {'description': 'Microbone to Inlet Pipette'}
opening name=--- desc=Microbone to Inlet Pipette
checking ownership. requestor=129.138.12.150
check software interlocks S
interlocks []
actuate state mode=None-script, software_lock=False
doing actuation None-script open_channel False
Open S ===>> OK
GetValveState S ===>> OK
change switch state (True, True)
update switch state S True args=() kw={} ncanvase=3
17:21:20 -- OPEN   VALVE-S (Microbone to Inlet Pipette)
---------------------------------------- open None (Microbone to Inlet Pipette) result=[(True, True)], time=0.41 sec
action=open, ok=True, locked=[False]
open () {'description': 'Microbone to Getter D-50'}
opening name=--- desc=Microbone to Getter D-50
checking ownership. requestor=129.138.12.150
check software interlocks K
interlocks []
actuate state mode=None-script, software_lock=False
doing actuation None-script open_channel False
Open K ===>> OK
GetValveState K ===>> OK
change switch state (True, True)
update switch state K True args=() kw={} ncanvase=3
17:21:21 -- OPEN   VALVE-K (Microbone to Getter D-50)
---------------------------------------- open None (Microbone to Getter D-50) result=[(True, True)], time=0.41 sec
action=open, ok=True, locked=[False]
open () {'description': 'Microbone to Getter NP-10'}
opening name=--- desc=Microbone to Getter NP-10
checking ownership. requestor=129.138.12.150
check software interlocks M
interlocks []
actuate state mode=None-script, software_lock=False
doing actuation None-script open_channel False
Open M ===>> OK
Get Checksum: 1864646427
GetValveState M ===>> OK
change switch state (True, True)
update switch state M True args=() kw={} ncanvase=3
17:21:21 -- OPEN   VALVE-M (Microbone to Getter NP-10)
---------------------------------------- open None (Microbone to Getter NP-10) result=[(True, True)], time=0.17 sec
action=open, ok=True, locked=[False]
close () {'description': 'CO2 Laser to Felix'}
closing name=--- desc=CO2 Laser to Felix
checking ownership. requestor=129.138.12.150
check software interlocks F
interlocks []
actuate state mode=None-script, software_lock=True
VALVE-F(CO2 Laser to Felix) software locked
change switch state (True, False)
---------------------------------------- close None (CO2 Laser to Felix) result=[(True, False)]
action=close, ok=True, locked=[True]
open () {'description': 'CO2 Laser to Jan'}
opening name=--- desc=CO2 Laser to Jan
checking ownership. requestor=129.138.12.150
check software interlocks A
interlocks []
actuate state mode=None-script, software_lock=False
doing actuation None-script open_channel False
Open A ===>> OK
GetValveState A ===>> OK
change switch state (True, True)
update switch state A True args=() kw={} ncanvase=3
17:21:22 -- OPEN   VALVE-A (CO2 Laser to Jan)
---------------------------------------- open None (CO2 Laser to Jan) result=[(True, True)], time=0.13 sec
action=open, ok=True, locked=[False]
open () {'description': 'Microbone to CO2 Laser'}
opening name=--- desc=Microbone to CO2 Laser
checking ownership. requestor=129.138.12.150
check software interlocks T
interlocks []
actuate state mode=None-script, software_lock=False
doing actuation None-script open_channel False
Open T ===>> OK
GetValveState T ===>> OK
change switch state (True, True)
update switch state T True args=() kw={} ncanvase=3
17:21:22 -- OPEN   VALVE-T (Microbone to CO2 Laser)
---------------------------------------- open None (Microbone to CO2 Laser) result=[(True, True)], time=0.44 sec
action=open, ok=True, locked=[False]
executed 0
PrepareForCO2Analysis.py completed successfully
gosub finished
set_motor ('beam', '1.25') {}
setting motor "beam" to 1.25
set motor beam to 1.25
SetMotor beam,1.25 ===>> OK
GetMotorMoving beam ===>> False
GetMotorMoving beam ===>> False
Block completed
move_to_position ('172',) {'autocenter': True}
FusionsCO2 move to position 172
sending GoToHole 172,True
GoToHole 172,True ===>> OK
Get Checksum: 1864646427
GetDriveMoving ===>> OK
GetDriveMoving ===>> OK
GetDriveMoving ===>> OK
GetDriveMoving ===>> OK
GetDriveMoving ===>> OK
GetDriveMoving ===>> OK
GetDriveMoving ===>> False
GetDriveMoving ===>> False
Block completed
GetAutoCorrecting ===>> OK
Get Checksum: 1864646427
GetAutoCorrecting ===>> OK
GetAutoCorrecting ===>> False
GetAutoCorrecting ===>> False
Block completed
update position
GetPosition ===>> -7.97560,-7.97560,1.00000
got position (-7.9756, -7.9756, 1.0)
move to position succeeded
sleep (5,) {}
SLEEP 5.0
block started
WaitControl setup for 5.0  
Get Checksum: 1864646427
Get Checksum: 1864646427
Join finished
block finished. duration 5.01901602745
close () {'description': 'Microbone to Turbo'}
closing name=--- desc=Microbone to Turbo
checking ownership. requestor=129.138.12.150
check software interlocks U
interlocks []
actuate state mode=None-script, software_lock=False
doing actuation None-script close_channel True
Close U ===>> OK
GetValveState U ===>> False
change switch state (True, True)
update switch state U False args=() kw={} ncanvase=3
17:21:34 -- CLOSE  VALVE-U (Microbone to Turbo)
---------------------------------------- close None (Microbone to Turbo) result=[(True, True)]
action=close, ok=True, locked=[False]
enable laser
enable () {}
set extraction state FusionsCO2 Enabled (False, 'red', 1.5)
enabling laser
Enable ===>> OK
begin interval
BEGIN INTERVAL Interval 1 waiting for 30.0
block started
set extract to 5.0
WaitControl setup for 30.0  
extract (5.0,) {}
GetPosition ===>> -7.97560,-7.97560,1.00000
set extraction state FusionsCO2 ON! 5.0(watts) (0.75, 'red', 1.5)
extract sample to 5.0 (watts)
set laser output
SetLaserOutput 5.0,watts ===>> OK
executing pattern triangle.lp
execute_pattern ('triangle.lp',) {}
executing pattern triangle.lp
IsPatterning ===>> OK
Get Checksum: 337817015
IsPatterning ===>> OK
IsPatterning ===>> OK
IsPatterning ===>> OK
Get Checksum: 337817015
IsPatterning ===>> OK
IsPatterning ===>> OK
IsPatterning ===>> OK
Get Checksum: 337817015
IsPatterning ===>> OK
IsPatterning ===>> OK
IsPatterning ===>> OK
Get Checksum: 337817015
IsPatterning ===>> OK
IsPatterning ===>> OK
set states for children of C. state=False
handle state [('C', False)]
update switch state C False args=() kw={'refresh': False} ncanvase=3
refresh_canvas_needed fired
IsPatterning ===>> OK
Get Checksum: 139093252
State checksums do not match. Local:-1452036699 Remote:139093252
State checksum failed
IsPatterning ===>> OK
set states for children of B. state=True
handle state [('B', True)]
update switch state B True args=() kw={'refresh': False} ncanvase=3
refresh_canvas_needed fired
IsPatterning ===>> OK
IsPatterning ===>> OK
IsPatterning ===>> OK
IsPatterning ===>> OK
Get Checksum: 139093252
IsPatterning ===>> OK
IsPatterning ===>> OK
IsPatterning ===>> OK
Get Checksum: 139093252
IsPatterning ===>> OK
IsPatterning ===>> OK
IsPatterning ===>> OK
Get Checksum: 139093252
IsPatterning ===>> OK
IsPatterning ===>> OK
IsPatterning ===>> False
Get Checksum: 139093252
IsPatterning ===>> False
Block completed
COMPLETE INTERVAL waiting for Interval 1 to complete
Join finished
block finished. duration 30.0907931328
Interval 1 finished
end_extract () {}
ending extraction. set laser power to 0
set laser power 0
SetLaserPower 0 ===>> OK
disable () {}
%%%%%%%%%%%%%%%%%%%%%%%%%%%%%%%%%%% disable
set extraction state False (0.75, 'red', 1.5)
disabling laser
Disable ===>> OK
sleep (30.0,) {}
SLEEP 30.0
block started
WaitControl setup for 30.0  
Get Checksum: 139093252
set states for children of B. state=False
handle state [('B', False)]
update switch state B False args=() kw={'refresh': False} ncanvase=3
refresh_canvas_needed fired
Get Checksum: -1452036699
Get Checksum: -1452036699
Get Checksum: -1452036699
Get Checksum: -1452036699
Get Checksum: -1452036699
Get Checksum: -1452036699
Get Checksum: -1452036699
Get Checksum: -1452036699
Get Checksum: -1452036699
Join finished
block finished. duration 30.0944240093
executed 166.0
jan_co2.py completed successfully
GetAchievedOutput ===>> No Response
Requested Output= 0.000
Achieved Output=  0.000
GetResponseBlob ===>> No Response
GetOutputBlob ===>> No Response
persistence save...
persistence save - db
AutomatedRunPersister post_extraction_save deprecated
persistence save - dvc
no extraction position for 172
create new session 4983039568
close session 4983039568
Extraction Finished
17:22:35 -- ******* Extraction Finished *******
no overlap. not waiting for min ms pumptime
17:22:35 -- Sending spectrometer configuration
======== Sending configuration ========
SetDeflection CDD,50.0 ===>> OK
SetDeflection H2,0.0 ===>> OK
SetDeflection H1,0.0 ===>> OK
SetDeflection L2,825.0 ===>> OK
SetDeflection L1,400.0 ===>> OK
SetDeflection AX,190.0 ===>> OK
SetZFocus 74.64 ===>> OK
SetZSymmetry -50.72 ===>> OK
SetExtractionLens 26.13 ===>> OK
SetIonRepeller -3.81 ===>> OK
SetElectronEnergy 75.08 ===>> OK
SetYSymmetry -2.81 ===>> OK
SetIonCounterVoltage 1590.0 ===>> OK
send trap current 200.0
GetParameter Trap Current Readback ===>> 197.923274125618
SetParameter Trap Current Set,200.0 ===>> OK
updating mftable name mftable
Using mftable located at /Users/jan/PychronDev/setupfiles/spectrometer/mftables/mftable.csv
============ MFtable ===========
Isotope  H2     H1     AX     L1     L2     CDD    
Ar40     5.7728 5.8788 5.9921 6.1127 6.2304 6.3409
Ar39     5.6720 5.7710 5.8846 5.9988 6.1155 6.2274
Ar36     5.3495 5.4401 5.5479 5.6576 5.7705 5.8785
================================
get initial guess parabolic
get initial guess parabolic
get initial guess parabolic
get initial guess parabolic
get initial guess parabolic
get initial guess parabolic
======== Configuration Finished ========
GetYSymmetry ===>> -2.81
GetZSymmetry ===>> -50.72
GetParameter Trap Current Readback ===>> 198.035158395898
GetHighVoltage ===>> 4499.94659342336
start measurement
do measurement
L#=65511 analysis type=unknown
Measurement Started jan_co2_whiff_120_60_large.py
17:22:35 -- ******* Measurement Started jan_co2_whiff_120_60_large.py *******
state changed from extraction to measurement
setting spec, defl, and gains
GetExtractionLens ===>> 26.13
GetYSymmetry ===>> -2.81
GetZSymmetry ===>> -50.72
GetZFocus ===>> 74.64
GetDeflection H2 ===>> 0
GetDeflection H1 ===>> 0
GetDeflection AX ===>> 190
GetDeflection L1 ===>> 400
GetDeflection L2 ===>> 825
GetDeflection CDD ===>> 50
GetGain H2 ===>> 0.0113
GetGain H1 ===>> 0.1
GetGain AX ===>> 0.097049
GetGain L1 ===>> 0.010355
GetGain L2 ===>> 0.095649
GetGain CDD ===>> 0
pre measurement save
New frame /Users/jan/PychronDev/data/isotopes/f9/3585d3-1567-4185-99ea-9e154c9cb639.h5
flush and close file /Users/jan/PychronDev/data/isotopes/f9/3585d3-1567-4185-99ea-9e154c9cb639.h5
testing...
no interpolation path defined
executed 266.04
co2 whiff measurement script
activate_detectors ('H2', 'H1', 'AX', 'L1', 'L2', 'CDD') {}
activate detectors
*************** Set Analysis View Ar/Ar
create graphs
clearing graphs
clear isotope group
setting isotope det=H2, iso=PM41
setting isotope det=H1, iso=Ar40
setting isotope det=AX, iso=Ar39
setting isotope det=L1, iso=Ar38
setting isotope det=L2, iso=Ar37
setting isotope det=CDD, iso=Ar36
setting previous blanks
 - setting Ar40 blank 0.640+/-0.007
 - setting Ar36 blank 0.00609+/-0.00020
 - setting Ar37 blank 0.038+/-0.006
 - setting Ar38 blank 0.0171+/-0.0024
 - setting PM41 blank 0.03+/-0.06
 - setting Ar39 blank 0.021+/-0.010
load analysis view
position_magnet ('Ar40',) {'detector': 'H1'}
detector Detector(H1)
POSITION Ar40 H1
setting detector H2 to PM41 (40.9624)
setting detector H1 to Ar40 (39.9624)
setting detector AX to Ar39 (38.9624)
setting detector L1 to Ar38 (37.9624)
setting detector L2 to Ar37 (36.9624)
setting detector CDD to Ar36 (35.9624)
Mapping mass to dac mass func: "parabolic"
H1 map mass coeffs = [-0.00063987  0.15840543  0.57037999]
H1 map mass to dac 39.9624 >> 5.87877
GetDeflection H1 ===>> 0
GetHighVoltage ===>> 4499.94659342336
positioning Ar40 (5.87873538047) on H1
setting magnet DAC
current  : 5.878735
requested: 5.878735
Delta Dac: 0.000000
Checking detector protection. dv=0.00000
Checking detector "CDD". Protection Threshold: 0.1 (V)
Get Checksum: -1452036699
SetMagnetDAC 5.87873538047 ===>> OK
Magnet settling time: 0.500
close ('S',) {}
closing name=S desc=---
checking ownership. requestor=129.138.12.150
check software interlocks S
interlocks []
actuate state mode=None-script, software_lock=False
doing actuation None-script close_channel True
Close S ===>> OK
set states for children of S. state=False
handle state [('S', False)]
update switch state S False args=() kw={'refresh': False} ncanvase=3
refresh_canvas_needed fired
GetValveState S ===>> False
change switch state (True, True)
update switch state S False args=() kw={} ncanvase=3
17:22:37 -- CLOSE  VALVE-S (Microbone to Inlet Pipette)
---------------------------------------- close S () result=[(True, True)]
action=close, ok=True, locked=[False]
equilibrate () {'do_post_equilibration': False, 'inlet': 'R', 'outlet': 'O', 'eqtime': 4}
Equilibration Started
17:22:38 -- ******* Equilibration Started *******
checking ownership. requestor=129.138.12.150
check software interlocks O
interlocks []
actuate state mode=None-script, software_lock=False
doing actuation None-script close_channel True
Close O ===>> OK
GetValveState O ===>> False
change switch state (True, True)
update switch state O False args=() kw={} ncanvase=3
17:22:38 -- CLOSE  VALVE-O (Jan Ion Pump)
waiting 3s before opening inlet value ('R',)
Get Checksum: 1063129995
checking ownership. requestor=129.138.12.150
check software interlocks R
interlocks []
actuate state mode=None-script, software_lock=False
doing actuation None-script open_channel True
Open R ===>> OK
GetValveState R ===>> OK
change switch state (True, True)
update switch state R True args=() kw={} ncanvase=3
17:22:41 -- OPEN   VALVE-R (Jan Inlet)
set_time_zero (0,) {}
equilibrating for 4sec
sniff (4,) {}
py_sniff
build tables- sniff [Detector(H2), Detector(H1), Detector(AX), Detector(L1), Detector(L2), Detector(CDD)]
add group /sniff/PM41 (Group) '' table H2
add group /sniff/Ar40 (Group) '' table H1
add group /sniff/Ar39 (Group) '' table AX
add group /sniff/Ar38 (Group) '' table L1
add group /sniff/Ar37 (Group) '' table L2
add group /sniff/Ar36 (Group) '' table CDD
flush and close file /Users/jan/PychronDev/data/isotopes/f9/3585d3-1567-4185-99ea-9e154c9cb639.h5
measuring sniff. ncounts=4
starting measurement
GetData ===>> H2,-0.225958257787534,H1,0.0100179253511136,AX,-0.0832343949637411,L1,-0.0549925407357661,L2,0.05...
Get Checksum: -700554897
GetData ===>> H2,4.10288088515947,H1,10.6984415432269,AX,6.37375771196446,L1,0.457204206288861,L2,1.19651702542...
GetData ===>> H2,4.50001618050535,H1,17.2834486947062,AX,4.49144880980722,L1,0.907190967599816,L2,0.55298493256...
GetData ===>> H2,1.36241186766414,H1,16.3914586510032,AX,2.44191231834312,L1,0.634872552329524,L2,0.34225381199...
Equilibration Finished
17:22:45 -- ******* Equilibration Finished *******
checking ownership. requestor=129.138.12.150
check software interlocks R
interlocks []
actuate state mode=None-script, software_lock=False
doing actuation None-script close_channel True
measurement finished
estimated time: 4.194 actual time: :4.270
flush and close file /Users/jan/PychronDev/data/isotopes/f9/3585d3-1567-4185-99ea-9e154c9cb639.h5
set_fits () {}
using default fits file=/Users/jan/PychronDev/scripts/measurement/fits/nominal_linear.yaml
set "Ar40" to "('Linear', 'SEM')"
No fit for "PM41". defaulting to linear. check the measurement script "jan_co2_whiff_120_60_large.py"
set "PM41" to "linear"
set "Ar36" to "('Linear', 'SEM')"
set "Ar37" to "('linear', 'SEM')"
set "Ar38" to "('linear', 'SEM')"
set "Ar39" to "('Linear', 'SEM')"
set_baseline_fits () {}
Close R ===>> OK
using default fits file=/Users/jan/PychronDev/scripts/measurement/fits/nominal_linear.yaml
set states for children of R. state=False
handle state [('R', False)]
set "H1" to "('average', 'SEM')"
update switch state R False args=() kw={'refresh': False} ncanvase=3
set "H2" to "('average', 'SEM')"
set "CDD" to "('average', 'SEM')"
set "L2" to "('average', 'SEM')"
set "L1" to "('average', 'SEM')"
set "AX" to "('average', 'SEM')"
whiff () {'ncounts': 1, 'conditionals': [{'action': 'run_remainder', 'attr': 'Ar40', 'teststr': 'Ar40.cur<=175'}, {'action': 'run_pipette', 'attr': 'Ar40', 'teststr': 'Ar40.cur>500'}, {'action': 'run_chamber_split', 'attr': 'Ar40', 'teststr': 'Ar40.cur>=300'}, {'action': 'pump', 'attr': 'Ar40', 'teststr': 'Ar40.cur>175'}]}
build tables- whiff [Detector(H2), Detector(H1), Detector(AX), Detector(L1), Detector(L2), Detector(CDD)]
refresh_canvas_needed fired
add group /whiff/PM41 (Group) '' table H2
add group /whiff/Ar40 (Group) '' table H1
add group /whiff/Ar39 (Group) '' table AX
add group /whiff/Ar38 (Group) '' table L1
Get Checksum: 1063129995
add group /whiff/Ar37 (Group) '' table L2
add group /whiff/Ar36 (Group) '' table CDD
flush and close file /Users/jan/PychronDev/data/isotopes/f9/3585d3-1567-4185-99ea-9e154c9cb639.h5
GetValveState R ===>> False
measuring whiff. ncounts=1
change switch state (True, True)
update switch state R False args=() kw={} ncanvase=3
17:22:46 -- CLOSE  VALVE-R (Jan Inlet)
starting measurement
GetData ===>> H2,0.298863551749673,H1,15.780315386304,AX,1.61877405520981,L1,0.255817240635039,L2,-0.0442468019...
testing Ar40<=175
evaluate ot="Ar40.cur<=175" t="Ar40<=175", ctx="{'Ar40': 15.780315386304}"
condition Ar40<=175 is true trips=1/1
17:22:48 -- Conditional tripped: Ar40.cur<=175 condition Ar40<=175 is True
measurement finished
estimated time: 1.049 actual time: :1.102
flush and close file /Users/jan/PychronDev/data/isotopes/f9/3585d3-1567-4185-99ea-9e154c9cb639.h5
WHIFF Result=run_remainder
Whiff result=run_remainder
open ('R',) {}
opening name=R desc=---
checking ownership. requestor=129.138.12.150
check software interlocks R
interlocks []
actuate state mode=None-script, software_lock=False
doing actuation None-script open_channel True
Open R ===>> OK
GetValveState R ===>> OK
change switch state (True, True)
update switch state R True args=() kw={} ncanvase=3
17:22:48 -- OPEN   VALVE-R (Jan Inlet)
---------------------------------------- open R () result=[(True, True)], time=0.42 sec
action=open, ok=True, locked=[False]
open ('S',) {}
opening name=S desc=---
checking ownership. requestor=129.138.12.150
check software interlocks S
interlocks []
actuate state mode=None-script, software_lock=False
doing actuation None-script open_channel True
Open S ===>> OK
GetValveState S ===>> OK
change switch state (True, True)
update switch state S True args=() kw={} ncanvase=3
17:22:49 -- OPEN   VALVE-S (Microbone to Inlet Pipette)
---------------------------------------- open S () result=[(True, True)], time=0.43 sec
action=open, ok=True, locked=[False]
sleep (12.0,) {}
SLEEP 12.0
block started
WaitControl setup for 12.0  
Get Checksum: 1554461685
Get Checksum: 1554461685
Get Checksum: 1554461685
Get Checksum: 1554461685
Join finished
block finished. duration 12.0290558338
close ('R',) {}
closing name=R desc=---
checking ownership. requestor=129.138.12.150
check software interlocks R
interlocks []
actuate state mode=None-script, software_lock=False
doing actuation None-script close_channel True
Close R ===>> OK
Get Checksum: 1601233651
State checksums do not match. Local:1554461685 Remote:1601233651
State checksum failed
GetValveState R ===>> False
change switch state (True, True)
update switch state R False args=() kw={} ncanvase=3
17:23:02 -- CLOSE  VALVE-R (Jan Inlet)
---------------------------------------- close R () result=[(True, True)]
action=close, ok=True, locked=[False]
post_equilibration () {}
Post Equilibration Started jan_pump_extraction_line.py
multicollect () {'integration_time': 1, 'ncounts': 120.0}
17:23:02 -- ******* Post Equilibration Started jan_pump_extraction_line.py *******
build tables- signal [Detector(H2), Detector(H1), Detector(AX), Detector(L1), Detector(L2), Detector(CDD)]
add group /signal/PM41 (Group) '' table H2
add group /signal/Ar40 (Group) '' table H1
testing...
add group /signal/Ar39 (Group) '' table AX
no interpolation path defined
add group /signal/Ar38 (Group) '' table L1
calculate duration
add group /signal/Ar37 (Group) '' table L2
testing...
add group /signal/Ar36 (Group) '' table CDD
no interpolation path defined
flush and close file /Users/jan/PychronDev/data/isotopes/f9/3585d3-1567-4185-99ea-9e154c9cb639.h5
executed 4.0
measuring signal. ncounts=120.0
executed 4.0
Pump after analysis
doing GOSUB
testing...
no interpolation path defined
executed 4.0
Pump Microbone
close () {'description': 'Jan Inlet'}
closing name=--- desc=Jan Inlet
checking ownership. requestor=129.138.12.150
check software interlocks R
interlocks []
actuate state mode=None-script, software_lock=False
doing actuation None-script close_channel False
Close R ===>> OK
GetValveState R ===>> False
change switch state (True, True)
update switch state R False args=() kw={} ncanvase=3
17:23:02 -- CLOSE  VALVE-R (Jan Inlet)
---------------------------------------- close None (Jan Inlet) result=[(True, True)]
starting measurement
GetData ===>> H2,0.0660963114547853,H1,429.935743688376,AX,37.2161980089598,L1,0.520262116604075,L2,0.126533895...
action=close, ok=True, locked=[False]
is_closed ('F',) {}
is F () closed?
is closed True
open () {'description': 'CO2 Laser to Jan'}
opening name=--- desc=CO2 Laser to Jan
checking ownership. requestor=129.138.12.150
check software interlocks A
interlocks []
actuate state mode=None-script, software_lock=False
doing actuation None-script open_channel False
Open A ===>> OK
GetValveState A ===>> OK
change switch state (True, True)
update switch state A True args=() kw={} ncanvase=3
17:23:03 -- OPEN   VALVE-A (CO2 Laser to Jan)
---------------------------------------- open None (CO2 Laser to Jan) result=[(True, True)], time=0.17 sec
action=open, ok=True, locked=[False]
sleep (1,) {}
SLEEP 1.0
GetData ===>> H2,0.249275810945971,H1,430.102758683082,AX,37.4632875062678,L1,0.560962715644546,L2,0.2910522078...
close () {'description': 'CO2 Laser to Roughing'}
closing name=--- desc=CO2 Laser to Roughing
checking ownership. requestor=129.138.12.150
check software interlocks G
interlocks []
actuate state mode=None-script, software_lock=True
VALVE-G(CO2 Laser to Roughing) software locked
change switch state (True, False)
---------------------------------------- close None (CO2 Laser to Roughing) result=[(True, False)]
action=close, ok=True, locked=[True]
open () {'description': 'Microbone to Turbo'}
opening name=--- desc=Microbone to Turbo
checking ownership. requestor=129.138.12.150
check software interlocks U
interlocks []
actuate state mode=None-script, software_lock=False
doing actuation None-script open_channel True
Open U ===>> OK
GetValveState U ===>> OK
change switch state (True, True)
update switch state U True args=() kw={} ncanvase=3
17:23:04 -- OPEN   VALVE-U (Microbone to Turbo)
---------------------------------------- open None (Microbone to Turbo) result=[(True, True)], time=0.19 sec
action=open, ok=True, locked=[False]
open () {'description': 'Microbone to Getter NP-10'}
opening name=--- desc=Microbone to Getter NP-10
checking ownership. requestor=129.138.12.150
check software interlocks M
interlocks []
actuate state mode=None-script, software_lock=False
doing actuation None-script open_channel False
Open M ===>> OK
GetData ===>> H2,0.147354728570776,H1,429.485965101725,AX,37.2393481909013,L1,0.534321567735309,L2,0.1647035113...
GetValveState M ===>> OK
change switch state (True, True)
update switch state M True args=() kw={} ncanvase=3
Get Checksum: 968834110
17:23:05 -- OPEN   VALVE-M (Microbone to Getter NP-10)
---------------------------------------- open None (Microbone to Getter NP-10) result=[(True, True)], time=0.16 sec
action=open, ok=True, locked=[False]
open () {'description': 'Microbone to Getter D-50'}
opening name=--- desc=Microbone to Getter D-50
checking ownership. requestor=129.138.12.150
check software interlocks K
interlocks []
actuate state mode=None-script, software_lock=False
doing actuation None-script open_channel False
Open K ===>> OK
GetValveState K ===>> OK
change switch state (True, True)
update switch state K True args=() kw={} ncanvase=3
17:23:05 -- OPEN   VALVE-K (Microbone to Getter D-50)
---------------------------------------- open None (Microbone to Getter D-50) result=[(True, True)], time=0.44 sec
action=open, ok=True, locked=[False]
open () {'description': 'Microbone to CO2 Laser'}
opening name=--- desc=Microbone to CO2 Laser
checking ownership. requestor=129.138.12.150
check software interlocks T
interlocks []
actuate state mode=None-script, software_lock=False
doing actuation None-script open_channel False
GetData ===>> H2,-0.000153320781465304,H1,429.164427750394,AX,37.2206065529945,L1,0.506242613128405,L2,0.138746...
Open T ===>> OK
GetValveState T ===>> OK
change switch state (True, True)
update switch state T True args=() kw={} ncanvase=3
17:23:06 -- OPEN   VALVE-T (Microbone to CO2 Laser)
---------------------------------------- open None (Microbone to CO2 Laser) result=[(True, True)], time=0.41 sec
action=open, ok=True, locked=[False]
open () {'description': 'Microbone to Inlet Pipette'}
opening name=--- desc=Microbone to Inlet Pipette
checking ownership. requestor=129.138.12.150
check software interlocks S
interlocks []
actuate state mode=None-script, software_lock=False
doing actuation None-script open_channel False
Open S ===>> OK
GetValveState S ===>> OK
change switch state (True, True)
update switch state S True args=() kw={} ncanvase=3
17:23:07 -- OPEN   VALVE-S (Microbone to Inlet Pipette)
---------------------------------------- open None (Microbone to Inlet Pipette) result=[(True, True)], time=0.42 sec
GetData ===>> H2,-0.138300622646632,H1,429.282399825372,AX,37.0671986567352,L1,0.489272567521873,L2,0.135439158...
action=open, ok=True, locked=[False]
sleep (1,) {}
SLEEP 1.0
Get Checksum: 968834110
GetData ===>> H2,-0.0434421038621428,H1,429.248190625457,AX,37.0330582100685,L1,0.510588769191688,L2,0.14026271...
set_resource () {'name': 'CO2PumpTimeFlag', 'value': 30}
Set CO2PumpTimeFlag 30 ===>> OK
release ('JanCO2Flag',) {}
release JanCO2Flag
Set JanCO2Flag 0 ===>> OK
executed 6.0
PumpMicrobone.py completed successfully
gosub finished
get_resource_value () {'name': 'JanMiniboneFlag'}
Read JanMiniboneFlag ===>> 0
Get Resource Value JanMiniboneFlag=0.0
get resource value 0.0
get_resource_value () {'name': 'JanMiniboneFlag'}
Read JanMiniboneFlag ===>> 0
Get Resource Value JanMiniboneFlag=0.0
executed 4.0
jan_pump_extraction_line.py completed successfully
Post Equilibration Finished
17:23:08 -- ******* Post Equilibration Finished *******
GetData ===>> H2,-0.114669499616029,H1,429.21285615097,AX,37.2375651170881,L1,0.495230289991535,L2,0.2601230816...
GetData ===>> H2,-0.0764976924289098,H1,428.864048537945,AX,37.1553247268155,L1,0.460799749872812,L2,0.13093511...
Get Checksum: 968834110
GetData ===>> H2,-0.152695666079628,H1,428.834993111287,AX,37.1681433150178,L1,0.457837660529244,L2,0.229685016...
GetData ===>> H2,-0.180627108180058,H1,428.653954544303,AX,37.1527004061979,L1,0.476114717457717,L2,0.180502681...
GetData ===>> H2,-0.133950931297345,H1,428.438391011863,AX,37.0471164475259,L1,0.466685351171337,L2,0.127605676...
Get Checksum: 968834110
GetData ===>> H2,-0.203648308587752,H1,428.432695873603,AX,37.023143897422,L1,0.449987298156162,L2,0.1401942919...
GetData ===>> H2,-0.103853656316814,H1,428.611953434873,AX,36.9258408859315,L1,0.482952243544103,L2,0.165992443...
GetData ===>> H2,-0.0804722394667829,H1,428.057796927921,AX,36.9905486358072,L1,0.494643708581075,L2,0.20963246...
Get Checksum: 968834110
GetData ===>> H2,-0.0479467918600432,H1,427.771887864921,AX,37.1700772768125,L1,0.471301936308245,L2,0.18654926...
GetData ===>> H2,-0.0852593651333596,H1,427.531248268948,AX,37.1968383313489,L1,0.451030068627134,L2,0.15370837...
GetData ===>> H2,-0.0772539525875942,H1,427.433802328369,AX,37.0480831866541,L1,0.452861919997625,L2,0.14683134...
Get Checksum: 968834110
GetData ===>> H2,-0.0349091977942664,H1,427.211643301225,AX,36.9889750179109,L1,0.451849637659055,L2,0.15749493...
GetData ===>> H2,-0.071899415984424,H1,427.215195402467,AX,36.8837254567713,L1,0.464058749990547,L2,0.229867642...
GetData ===>> H2,-0.0777865572543074,H1,426.888835916284,AX,36.9748410225461,L1,0.454881874035252,L2,0.22166120...
Get Checksum: 968834110
GetData ===>> H2,-0.154730699113723,H1,426.657952583855,AX,36.8585256439584,L1,0.45626391776924,L2,0.0783959736...
GetData ===>> H2,-0.167479848620436,H1,426.72068366206,AX,36.877832128566,L1,0.481000655701935,L2,0.06129334848...
GetData ===>> H2,-0.0971375834723618,H1,426.395434181558,AX,36.9386581252546,L1,0.476725381472619,L2,0.12795913...
Get Checksum: 968834110
GetData ===>> H2,-0.0810724338992112,H1,426.061418731693,AX,36.9981271476861,L1,0.4568064758639,L2,0.1685247322...
17:23:28 -- collecting point 25
GetData ===>> H2,-0.252423792569144,H1,426.077280737993,AX,36.8217018293399,L1,0.461861020361032,L2,0.205866656...
GetData ===>> H2,-0.151879797593332,H1,425.640930547472,AX,36.7704935717374,L1,0.44994436281246,L2,0.1728138065...
Get Checksum: 968834110
GetData ===>> H2,-0.0589234208156332,H1,425.637723276922,AX,36.7561819294937,L1,0.467939973628259,L2,0.12849503...
GetData ===>> H2,-0.0774436873896493,H1,425.704709845931,AX,36.7989290794654,L1,0.449745635839726,L2,0.15298985...
Get Checksum: 968834110
GetData ===>> H2,-0.0948813053876182,H1,425.849116156139,AX,36.6707815969182,L1,0.491990366989317,L2,0.21832861...
GetData ===>> H2,-0.110611375324187,H1,425.398456507467,AX,36.6806126484882,L1,0.485767897039802,L2,0.140855696...
GetData ===>> H2,-0.142712158567977,H1,424.981705949322,AX,36.8023081565831,L1,0.467056074978651,L2,0.190553907...
GetData ===>> H2,-0.166207063731918,H1,424.951600574279,AX,36.7163999003372,L1,0.464975529562824,L2,0.196407150...
GetData ===>> H2,-0.198916188788114,H1,425.106796808604,AX,36.6764760593363,L1,0.44518823550916,L2,0.2103514052...
Get Checksum: 968834110
GetData ===>> H2,-0.174850374361655,H1,424.50789072117,AX,36.6784616036687,L1,0.454275600769771,L2,0.1816891502...
GetData ===>> H2,-0.128781773949103,H1,424.445396020711,AX,36.7477446807716,L1,0.452199323942586,L2,0.220896527...
GetData ===>> H2,-0.114930696767386,H1,424.440965551885,AX,36.7076210245946,L1,0.481307677762586,L2,0.161578208...
Get Checksum: 968834110
GetData ===>> H2,-0.164793740555673,H1,424.408055465195,AX,36.7175989507684,L1,0.490237421126991,L2,0.179692696...
GetData ===>> H2,-0.179957805864928,H1,423.818006314201,AX,36.4980039620442,L1,0.467507835926392,L2,0.126397073...
set states for children of V. state=False
handle state [('V', False)]
update switch state V False args=() kw={'refresh': False} ncanvase=3
refresh_canvas_needed fired
GetData ===>> H2,-0.139494231357135,H1,423.741180386065,AX,36.7317817658345,L1,0.447451966359402,L2,0.197639457...
Get Checksum: 2052577745
GetData ===>> H2,-0.0861030665990519,H1,423.465271982488,AX,36.7373781847979,L1,0.441210131764813,L2,0.22427486...
set states for children of H. state=True
handle state [('H', True)]
update switch state H True args=() kw={'refresh': False} ncanvase=3
refresh_canvas_needed fired
GetData ===>> H2,-0.0377777381599574,H1,423.367824591515,AX,36.6596830266667,L1,0.441370697234305,L2,0.12127778...
GetData ===>> H2,-0.0527308637155687,H1,423.3888947304,AX,36.6644118524854,L1,0.424928209273188,L2,0.2476639829...
Get Checksum: 1671910529
GetData ===>> H2,-0.130073913444532,H1,423.386627856981,AX,36.5437425402071,L1,0.393149311510311,L2,0.074854789...
GetData ===>> H2,-0.178318117902365,H1,423.252662344551,AX,36.5267622118865,L1,0.435745012924606,L2,0.174285368...
GetData ===>> H2,-0.0624000856438919,H1,422.954575835563,AX,36.6550233232786,L1,0.464537379750187,L2,0.03922732...
Get Checksum: 1671910529
GetData ===>> H2,-0.113293040250252,H1,422.920547457272,AX,36.5666485884531,L1,0.451839822075087,L2,0.164429758...
GetData ===>> H2,-0.112487659717346,H1,422.692800418441,AX,36.7315060871666,L1,0.444641384951529,L2,0.150777307...
GetData ===>> H2,-0.150722601170983,H1,422.461889111355,AX,36.5677506173931,L1,0.451692589438482,L2,0.176384379...
Get Checksum: 1671910529
GetData ===>> H2,-0.221050453432811,H1,422.160254296533,AX,36.4724070095358,L1,0.442518016545262,L2,0.157027310...
17:23:54 -- collecting point 50
GetData ===>> H2,-0.209782287215121,H1,421.846872933828,AX,36.4734539211621,L1,0.441786217980212,L2,0.177422494...
Get Checksum: 1671910529
GetData ===>> H2,-0.254380096756918,H1,421.560558649955,AX,36.5376827694417,L1,0.466427570955622,L2,0.266180342...
GetData ===>> H2,-0.124905824681782,H1,421.796944835669,AX,36.4934710423542,L1,0.482626748541377,L2,0.138974127...
GetData ===>> H2,-0.178181803933671,H1,421.799798712895,AX,36.6006647975459,L1,0.449313847244971,L2,0.253589219...
Get Checksum: 1671910529
GetData ===>> H2,-0.205649763483651,H1,421.57764273081,AX,36.5395144393836,L1,0.40012675607058,L2,0.09745218440...
testing age>100.0
evaluate ot="age>100.0" t="age>100.0", ctx="{'age': 79.03813683601821}"
GetData ===>> H2,-0.210358861048001,H1,421.485192372891,AX,36.61491352226,L1,0.429565565521175,L2,0.07026946167...
GetData ===>> H2,-0.158162131836203,H1,420.974169610754,AX,36.3470941066878,L1,0.424539917920025,L2,0.064452570...
Get Checksum: 1671910529
GetData ===>> H2,-0.179319502890647,H1,420.933337107747,AX,36.4453421258338,L1,0.425364288966869,L2,0.198221386...
GetData ===>> H2,-0.250873298295203,H1,420.920862608535,AX,36.4289134587145,L1,0.451998099507648,L2,0.146375178...
GetData ===>> H2,-0.252969709496656,H1,420.506349046492,AX,36.4381809779091,L1,0.416186816915398,L2,0.195209089...
Get Checksum: 1671910529
testing age>100.0
evaluate ot="age>100.0" t="age>100.0", ctx="{'age': 79.12644394310743}"
GetData ===>> H2,-0.248153703787664,H1,420.763242768843,AX,36.4031115334727,L1,0.416054512197304,L2,0.106582730...
GetData ===>> H2,-0.279063096193444,H1,420.535090751816,AX,36.464968699984,L1,0.407861064706107,L2,0.1313570016...
GetData ===>> H2,-0.216985490640091,H1,420.186702307594,AX,36.5173914329859,L1,0.45303739239022,L2,0.2527101154...
Get Checksum: 1671910529
GetData ===>> H2,-0.17291355782369,H1,420.20123324532,AX,36.2647934600311,L1,0.470326878768941,L2,0.11244224133...
GetData ===>> H2,-0.115541035600272,H1,420.297352511656,AX,36.3740946940529,L1,0.451401811166339,L2,0.148313915...
testing age>100.0
evaluate ot="age>100.0" t="age>100.0", ctx="{'age': 79.15282886560976}"
testing Ar39<0.5
evaluate ot="Ar39<0.5" t="Ar39<0.5", ctx="{'Ar39': 37.54814021445563}"
GetData ===>> H2,-0.175348531289884,H1,419.790202400293,AX,36.4434416240885,L1,0.465994269219945,L2,0.253532135...
set states for children of H. state=False
handle state [('H', False)]
update switch state H False args=() kw={'refresh': False} ncanvase=3
refresh_canvas_needed fired
Get Checksum: 2052577745
GetData ===>> H2,-0.191565131586665,H1,419.531056981708,AX,36.3998626066175,L1,0.477336081664366,L2,0.171490560...
GetData ===>> H2,-0.182571368921885,H1,419.203904790488,AX,36.2840472286621,L1,0.476968674195371,L2,0.222756880...
set states for children of C. state=True
set states for children of B. state=True
set states for children of D. state=True
handle state [('C', True), ('B', True), ('D', True)]
update switch state C True args=() kw={'refresh': True} ncanvase=3
update switch state B True args=() kw={'refresh': True} ncanvase=3
update switch state D True args=() kw={'refresh': False} ncanvase=3
refresh_canvas_needed fired
GetData ===>> H2,-0.273404607745467,H1,419.003754888184,AX,36.1926926106436,L1,0.434556888049631,L2,0.165707279...
Get Checksum: -110011688
GetData ===>> H2,-0.209553266086418,H1,418.980877284147,AX,36.2623026780246,L1,0.405414461219941,L2,0.251294431...
testing age>100.0
evaluate ot="age>100.0" t="age>100.0", ctx="{'age': 79.16828255222684}"
testing Ar39<0.5
evaluate ot="Ar39<0.5" t="Ar39<0.5", ctx="{'Ar39': 37.54385539466107}"
GetData ===>> H2,-0.114294610303428,H1,418.695086316315,AX,36.3395400263593,L1,0.425141347037668,L2,0.157631803...
GetData ===>> H2,-0.252169649819725,H1,418.773401103071,AX,36.2985412822889,L1,0.4256227606604,L2,0.14778931199...
Get Checksum: -110011688
GetData ===>> H2,-0.242563162346698,H1,418.357118751788,AX,36.3403931035827,L1,0.424658731067422,L2,0.149671054...
GetData ===>> H2,-0.0748033787513669,H1,418.584335484082,AX,36.3804535485882,L1,0.459398794898791,L2,0.15595520...
GetData ===>> H2,-0.0994286151725292,H1,418.334654116847,AX,36.4127900222596,L1,0.44529245920324,L2,0.181654925...
Get Checksum: -110011688
testing age>100.0
evaluate ot="age>100.0" t="age>100.0", ctx="{'age': 79.24015951784848}"
testing Ar39<0.5
evaluate ot="Ar39<0.5" t="Ar39<0.5", ctx="{'Ar39': 37.515757502770576}"
17:24:20 -- collecting point 75
GetData ===>> H2,-0.176329930831305,H1,418.318543904261,AX,36.3204028018933,L1,0.449063614416434,L2,0.082350509...
GetData ===>> H2,-0.00322743421534743,H1,418.215966973956,AX,36.2511567426929,L1,0.437425052124602,L2,0.0772387...
Get Checksum: -110011688
GetData ===>> H2,-0.070749556410704,H1,417.939969199092,AX,36.1549473912263,L1,0.426378613269161,L2,0.148633240...
GetData ===>> H2,-0.0835121758946363,H1,417.680820158123,AX,36.2192935589723,L1,0.4399759449655,L2,0.1472533073...
GetData ===>> H2,-0.221267336118871,H1,417.577334328472,AX,36.2174227645106,L1,0.413771299087834,L2,0.273538547...
Get Checksum: -110011688
testing age>100.0
evaluate ot="age>100.0" t="age>100.0", ctx="{'age': 79.23670368141879}"
testing Ar39<0.5
evaluate ot="Ar39<0.5" t="Ar39<0.5", ctx="{'Ar39': 37.50836521597416}"
GetData ===>> H2,-0.215568246635688,H1,416.856445541068,AX,36.2478682093035,L1,0.386566639025914,L2,0.225804285...
GetData ===>> H2,-0.19531791393605,H1,416.854459978132,AX,36.0912371704043,L1,0.41256497765861,L2,0.16704185228...
GetData ===>> H2,-0.0501036052436634,H1,416.877735991176,AX,36.0931211711891,L1,0.433957360095614,L2,0.09435187...
Get Checksum: -110011688
GetData ===>> H2,-0.13304481742551,H1,416.498815199104,AX,36.1643241040008,L1,0.529454801200217,L2,0.0895534260...
GetData ===>> H2,-0.168053432396883,H1,416.478309433335,AX,36.1145349329783,L1,0.484861202179177,L2,0.237949214...
testing age>100.0
evaluate ot="age>100.0" t="age>100.0", ctx="{'age': 79.23587076436142}"
testing Ar39<0.5
evaluate ot="Ar39<0.5" t="Ar39<0.5", ctx="{'Ar39': 37.507825518805205}"
GetData ===>> H2,-0.184033729500537,H1,416.289423573808,AX,36.063393300814,L1,0.417463399923715,L2,0.1794417168...
Get Checksum: -110011688
GetData ===>> H2,-0.209386212455231,H1,416.088637887343,AX,36.0973430948706,L1,0.449621740100491,L2,0.162616162...
GetData ===>> H2,-0.220658437521643,H1,416.156547578537,AX,36.1423636315879,L1,0.461657346101216,L2,0.071581162...
GetData ===>> H2,-0.0421070111547157,H1,415.921451344062,AX,36.1485958572895,L1,0.445639470402739,L2,0.11627277...
Get Checksum: -110011688
GetData ===>> H2,-0.0613750951699565,H1,416.049834377493,AX,36.0601624720438,L1,0.449318753831823,L2,0.16599244...
testing age>100.0
evaluate ot="age>100.0" t="age>100.0", ctx="{'age': 79.24259966568147}"
testing Ar39<0.5
evaluate ot="Ar39<0.5" t="Ar39<0.5", ctx="{'Ar39': 37.50279097619747}"
GetData ===>> H2,-0.0163800775362091,H1,415.733329984315,AX,35.9334680393126,L1,0.47000024284226,L2,0.087524701...
GetData ===>> H2,-0.0519261945000279,H1,415.554380459429,AX,36.1378098855814,L1,0.456718093410925,L2,0.22064543...
Get Checksum: -110011688
GetData ===>> H2,-0.126149733588568,H1,415.389547850145,AX,35.9972549625881,L1,0.470964217019955,L2,0.250152766...
GetData ===>> H2,-0.22537115743151,H1,415.106377956496,AX,36.1367093092778,L1,0.467289318646917,L2,0.1301141449...
GetData ===>> H2,-0.155479218297933,H1,415.08188012386,AX,36.0733888206143,L1,0.412208619437911,L2,0.2416934500...
Get Checksum: -110011688
testing age>100.0
evaluate ot="age>100.0" t="age>100.0", ctx="{'age': 79.26352678065362}"
testing Ar39<0.5
evaluate ot="Ar39<0.5" t="Ar39<0.5", ctx="{'Ar39': 37.49593948469292}"
GetData ===>> H2,-0.168563560156153,H1,414.924890934088,AX,35.9800118993427,L1,0.427656461288931,L2,0.121300587...
GetData ===>> H2,-0.233219082701348,H1,414.77554846493,AX,36.0114497928942,L1,0.452263127633351,L2,0.1467401141...
GetData ===>> H2,-0.198053138724725,H1,414.863806612019,AX,35.8513909440953,L1,0.414754831389032,L2,0.114357490...
Get Checksum: -110011688
GetData ===>> H2,-0.236301570053787,H1,414.385561744289,AX,35.8904712586664,L1,0.455567963149602,L2,0.207760952...
GetData ===>> H2,-0.102249794943716,H1,414.209079982232,AX,35.848987490815,L1,0.45316746476494,L2,0.06492018991...
Get Checksum: -110011688
testing age>100.0
evaluate ot="age>100.0" t="age>100.0", ctx="{'age': 79.25152326087817}"
testing Ar39<0.5
evaluate ot="Ar39<0.5" t="Ar39<0.5", ctx="{'Ar39': 37.5027423113751}"
17:24:47 -- collecting point 100
GetData ===>> H2,-0.0497710835583598,H1,414.188320901341,AX,35.8392231188934,L1,0.443032880889928,L2,0.16017527...
GetData ===>> H2,-0.0613818745107134,H1,413.849724678792,AX,35.7842092735825,L1,0.460727366620345,L2,0.18838613...
GetData ===>> H2,-0.072897313117042,H1,413.703915288316,AX,35.809509360371,L1,0.430281264591655,L2,0.1439803227...
Get Checksum: -110011688
GetData ===>> H2,-0.100372245101134,H1,413.803803558112,AX,35.9270635395892,L1,0.43577934674615,L2,0.2282925004...
GetData ===>> H2,-0.0836164730191999,H1,413.345928809505,AX,35.7287346407053,L1,0.44138172854174,L2,0.137069788...
testing age>100.0
evaluate ot="age>100.0" t="age>100.0", ctx="{'age': 79.22335776998669}"
testing Ar39<0.5
evaluate ot="Ar39<0.5" t="Ar39<0.5", ctx="{'Ar39': 37.51254463102751}"
GetData ===>> H2,-0.12289770581117,H1,413.325342099797,AX,35.8569396790673,L1,0.457432539954404,L2,0.0893368747...
Get Checksum: -110011688
GetData ===>> H2,-0.0922262870044724,H1,413.185771204819,AX,35.8797829531069,L1,0.459042067616255,L2,0.21604608...
GetData ===>> H2,-0.133551979628306,H1,413.146508713094,AX,35.8686560785807,L1,0.456505733117716,L2,0.143832071...
GetData ===>> H2,-0.120597060333563,H1,412.7422790835,AX,35.9700244673164,L1,0.436228149379841,L2,0.14100394254...
Get Checksum: -110011688
GetData ===>> H2,-0.0716621313671255,H1,412.430229520571,AX,35.7799542430816,L1,0.425927790115992,L2,0.14469877...
testing age>100.0
evaluate ot="age>100.0" t="age>100.0", ctx="{'age': 79.24073118621862}"
testing Ar39<0.5
evaluate ot="Ar39<0.5" t="Ar39<0.5", ctx="{'Ar39': 37.50426043256023}"
GetData ===>> H2,-0.210726613580813,H1,412.551130761125,AX,35.7328813477116,L1,0.427554766705084,L2,0.252687281...
GetData ===>> H2,-0.223155790814473,H1,412.388094106271,AX,35.7495520667054,L1,0.432954546856425,L2,0.200526313...
Get Checksum: -110011688
GetData ===>> H2,-0.20189725053512,H1,412.70297589996,AX,35.8424503514287,L1,0.462604588290793,L2,0.11797148623...
GetData ===>> H2,-0.141255352080953,H1,412.378309588057,AX,35.7875585048714,L1,0.446560394297583,L2,0.108965250...
GetData ===>> H2,-0.0908700919106199,H1,411.946568341021,AX,35.7979637049986,L1,0.391206604936073,L2,0.15199762...
Get Checksum: -110011688
testing age>100.0
evaluate ot="age>100.0" t="age>100.0", ctx="{'age': 79.25885725229482}"
testing Ar39<0.5
evaluate ot="Ar39<0.5" t="Ar39<0.5", ctx="{'Ar39': 37.500694375170404}"
GetData ===>> H2,-0.12302347721889,H1,411.852270484571,AX,35.7567484106957,L1,0.411314716769682,L2,0.1771144808...
GetData ===>> H2,-0.179654177858995,H1,411.449593157421,AX,35.5814569690381,L1,0.434285931416137,L2,0.155875363...
GetData ===>> H2,-0.153342970522216,H1,411.524448455231,AX,35.7041320851348,L1,0.467604819799256,L2,0.115714147...
Get Checksum: -110011688
GetData ===>> H2,-0.243127051245785,H1,411.279752749802,AX,35.5529830939401,L1,0.446068652379009,L2,0.211789308...
GetData ===>> H2,-0.190620104354352,H1,411.029603728215,AX,35.6109316818563,L1,0.442087756814174,L2,0.171000052...
testing age>100.0
evaluate ot="age>100.0" t="age>100.0", ctx="{'age': 79.25212344912943}"
testing Ar39<0.5
evaluate ot="Ar39<0.5" t="Ar39<0.5", ctx="{'Ar39': 37.50724620715043}"
GetData ===>> H2,-0.225675483900833,H1,411.044940139298,AX,35.5391260689194,L1,0.440279881899084,L2,0.082396095...
Get Checksum: -110011688
measurement finished
estimated time: 125.829 actual time: :126.133
flush and close file /Users/jan/PychronDev/data/isotopes/f9/3585d3-1567-4185-99ea-9e154c9cb639.h5
baselines () {'settling_time': 15.0, 'detector': 'H1', 'mass': 34.2, 'ncounts': 60.0}
%%%%%%%%%%%%%%%%%%%%%%%%%%%%%%%% Baseline
build tables- baseline [Detector(H2), Detector(H1), Detector(AX), Detector(L1), Detector(L2), Detector(CDD)]
add group baseline table H2
add group baseline table H1
add group baseline table AX
add group baseline table L1
add group baseline table L2
add group baseline table CDD
flush and close file /Users/jan/PychronDev/data/isotopes/f9/3585d3-1567-4185-99ea-9e154c9cb639.h5
detector Detector(H1)
POSITION 34.2 H1
Mapping mass to dac mass func: "parabolic"
H1 map mass coeffs = [-0.00063987  0.15840543  0.57037999]
H1 map mass to dac 34.2 >> 5.23942599104
GetDeflection H1 ===>> 0
GetHighVoltage ===>> 4499.94659342336
positioning 34.2 (5.23939513656) on H1
setting magnet DAC
current  : 5.878735
requested: 5.239395
Delta Dac: 0.639340
Checking detector protection. dv=0.63934
Checking detector "CDD". Protection Threshold: 0.1 (V)
ProtectDetector CDD,On ===>> OK
GetDeflection CDD ===>> 2000
SetMagnetDAC 5.23939513656 ===>> OK
Magnet settling time: 0.500
GetMagnetMoving ===>> True
GetMagnetMoving ===>> True
GetMagnetMoving ===>> True
GetMagnetMoving ===>> True
GetMagnetMoving ===>> True
GetMagnetMoving ===>> True
Get Checksum: -110011688
GetMagnetMoving ===>> True
GetMagnetMoving ===>> True
GetMagnetMoving ===>> False
ProtectDetector CDD,Off ===>> OK
GetDeflection CDD ===>> 50
Delaying 15.0s for detectors to settle
Get Checksum: -110011688
Get Checksum: -110011688
Get Checksum: -110011688
Get Checksum: -110011688
Join finished
measuring baseline. ncounts=60.0
starting measurement
GetData ===>> H2,-0.126936570786097,H1,-0.0959697261659674,AX,-0.0396545842905268,L1,0.0202273143311907,L2,-0.0...
Get Checksum: -110011688
GetData ===>> H2,-0.108454196205614,H1,0.00798988377630496,AX,-0.0399444852309538,L1,-0.0283457880738836,L2,-0....
GetData ===>> H2,-0.196423952304805,H1,0.031469962985198,AX,-0.0548790134397436,L1,-0.000835273663976059,L2,-0....
GetData ===>> H2,-0.2415160576703,H1,0.0270193014079602,AX,-0.0297974384669405,L1,-0.0141387512147706,L2,-0.027...
Get Checksum: -110011688
GetData ===>> H2,-0.192752707265389,H1,-0.0704160944211328,AX,0.018435790454986,L1,-0.0195908905933842,L2,-0.06...
GetData ===>> H2,-0.240598078841932,H1,-0.0217221790024923,AX,-0.0956242383777668,L1,-0.0464587460557972,L2,-0....
GetData ===>> H2,-0.252509850192629,H1,-0.0582329149814374,AX,0.014606883149583,L1,-0.0340859652209829,L2,0.021...
Get Checksum: -110011688
GetData ===>> H2,-0.29067057848092,H1,-0.0444982375592982,AX,-0.0546123455333197,L1,-0.0313462268565879,L2,-0.0...
GetData ===>> H2,-0.139379336774453,H1,-0.0233679527697593,AX,-0.0143023065560373,L1,-0.0122401867923277,L2,-0....
GetData ===>> H2,-0.0760368640943688,H1,0.00554435887514266,AX,-0.0865725061826135,L1,-0.00581549296517267,L2,-...
Get Checksum: -110011688
GetData ===>> H2,-0.273365647947007,H1,-0.0172379044630187,AX,-0.144994472321277,L1,-0.0555839085224181,L2,-0.0...
GetData ===>> H2,-0.248000354020494,H1,-0.00947343278074868,AX,-0.049591895958189,L1,-0.046359396511701,L2,-0.0...
GetData ===>> H2,-0.174254987338465,H1,-0.00545379992484814,AX,-0.115046112040912,L1,-0.0602118943219095,L2,-0....
Get Checksum: -110011688
GetData ===>> H2,-0.231096776906734,H1,-0.0357938637517428,AX,-0.0131191936239627,L1,-0.0277887218625297,L2,0.0...
GetData ===>> H2,-0.257592809040636,H1,-0.0218533648606244,AX,-0.00150768495663778,L1,-0.0114741872459245,L2,-0...
GetData ===>> H2,-0.204748141781052,H1,-0.0788909931385138,AX,-0.0820289377668589,L1,-0.0243941441069886,L2,-0....
Get Checksum: -110011688
GetData ===>> H2,-0.350992984545616,H1,-0.0708809808900089,AX,-0.0298090356956996,L1,-0.0320994898328646,L2,0.0...
GetData ===>> H2,-0.22728854664328,H1,0.0141695738936189,AX,0.0446736581650679,L1,-0.0367142246626214,L2,-0.016...
GetData ===>> H2,-0.183079978849061,H1,0.0131197154685793,AX,-0.0048021997934883,L1,-0.0159968401793024,L2,-0.0...
Get Checksum: -110011688
GetData ===>> H2,-0.239908872672995,H1,0.0197888896847466,AX,-0.12111754907087,L1,-0.0290777141846128,L2,0.0329...
GetData ===>> H2,-0.0858755577619092,H1,0.0540484842467272,AX,-0.0490817203033744,L1,0.00206809117980458,L2,0.0...
GetData ===>> H2,-0.102728946867446,H1,-0.0155920298960719,AX,-0.112751844441634,L1,0.0126145529029492,L2,-0.11...
Get Checksum: -110011688
GetData ===>> H2,-0.157502945062308,H1,-0.0163434107732339,AX,-0.066936276985053,L1,-0.0360995611985683,L2,0.04...
GetData ===>> H2,-0.176562106453214,H1,-0.0876392917523059,AX,0.0330450353676659,L1,-0.0187239749049496,L2,0.00...
Get Checksum: -110011688
17:25:52 -- collecting point 25
GetData ===>> H2,-0.201653240174352,H1,-0.0630610646987549,AX,-0.100016516853639,L1,-0.0253049092661564,L2,-0.0...
GetData ===>> H2,-0.186805490618958,H1,-0.0725736261952157,AX,-0.105185012759624,L1,-0.0501459540593773,L2,0.10...
GetData ===>> H2,-0.0670632562020011,H1,-0.0230698073553135,AX,0.00232058854435487,L1,-0.0499066437496154,L2,-0...
Get Checksum: -110011688
GetData ===>> H2,-0.047846338739598,H1,-0.104513957642749,AX,-0.111952314231705,L1,0.000350455916468789,L2,-0.0...
GetData ===>> H2,-0.135963056752086,H1,0.0248119421229155,AX,-0.0999238059001082,L1,-0.00199446538293283,L2,-0....
GetData ===>> H2,-0.234407238345406,H1,-0.0178103762293212,AX,-0.0610353606237947,L1,-0.00272039224171194,L2,-0...
Get Checksum: -110011688
GetData ===>> H2,-0.168801072122013,H1,-0.0710001822007865,AX,0.00914224903289967,L1,-0.00414689601492025,L2,-0...
GetData ===>> H2,-0.233640266554281,H1,-0.0235110622531785,AX,-0.0753870644199375,L1,-0.0548141658832884,L2,0.0...
GetData ===>> H2,-0.190357208284859,H1,0.0116403881937234,AX,-0.016633692889671,L1,-0.0745999575481371,L2,0.040...
Get Checksum: -110011688
GetData ===>> H2,-0.221563690824449,H1,-0.0447486261516026,AX,-0.0897250616232528,L1,-0.0340261012950879,L2,-0....
GetData ===>> H2,-0.196508923951244,H1,-0.0924302701053257,AX,-0.0924139252514727,L1,-0.0138343338091625,L2,0.0...
GetData ===>> H2,-0.230567820625867,H1,-0.132400896418239,AX,-0.137875171545215,L1,0.00935455775545945,L2,-0.02...
Get Checksum: -110011688
GetData ===>> H2,-0.29539442671404,H1,-0.0785334169793426,AX,-0.0799193517353063,L1,0.00750897516199046,L2,-0.0...
GetData ===>> H2,-0.335728933868985,H1,0.0395007457133502,AX,-0.0470757764558324,L1,-0.00322431069010531,L2,-0....
GetData ===>> H2,-0.268736534614635,H1,0.0447515314254023,AX,-0.0272228194794188,L1,-0.0242994677333553,L2,-0.0...
Get Checksum: -110011688
GetData ===>> H2,-0.253371734882786,H1,0.0240960522661428,AX,0.0948293231338691,L1,-0.0108364091876189,L2,-0.02...
GetData ===>> H2,-0.321782901054387,H1,-0.0856966157573911,AX,0.0130289530506053,L1,-0.0469925834101939,L2,-0.0...
GetData ===>> H2,-0.244348938198771,H1,-0.127917309102021,AX,-0.0142211129908942,L1,-0.036028866499355,L2,0.064...
Get Checksum: -110011688
GetData ===>> H2,-0.213168564162033,H1,-0.152646083346597,AX,-0.171194576676701,L1,-0.0149005012278075,L2,-0.07...
GetData ===>> H2,-0.265545438618695,H1,0.0547526531966771,AX,-0.0745524514110992,L1,-0.0468681036931165,L2,-0.0...
GetData ===>> H2,-0.211352977723249,H1,-0.024596302510038,AX,-0.0687447376671877,L1,-0.0551721095347832,L2,0.01...
Get Checksum: -110011688
GetData ===>> H2,-0.101472822040207,H1,-0.00175607226295933,AX,-0.02205018087133,L1,-0.039972631167116,L2,0.005...
GetData ===>> H2,-0.16626645454221,H1,0.00871758808560514,AX,-0.0848571022218944,L1,-0.0384789266664697,L2,0.00...
Get Checksum: -110011688
GetData ===>> H2,-0.216355910145956,H1,-0.00317553871267402,AX,-0.0357698283700384,L1,-0.0229583231262961,L2,-0...
GetData ===>> H2,-0.228554060709411,H1,-0.106825660544163,AX,-0.0207163841821388,L1,-0.0407439521852362,L2,0.00...
17:26:18 -- collecting point 50
GetData ===>> H2,-0.262407229738548,H1,-0.0532018543600852,AX,-0.0514818415550105,L1,-0.0426372703081569,L2,-0....
Get Checksum: -110011688
GetData ===>> H2,-0.0871823173335874,H1,-0.0907498784455062,AX,-0.143197303865427,L1,-0.00789995089967407,L2,-0...
GetData ===>> H2,-0.181304466612232,H1,-0.0243339378121597,AX,-0.0113444972610482,L1,-0.025429533873084,L2,-0.0...
GetData ===>> H2,-0.147929720071471,H1,-0.0324311495051298,AX,-0.0925877716353427,L1,-0.015942865674276,L2,-0.0...
Get Checksum: -110011688
GetData ===>> H2,-0.258940800391795,H1,0.0120817980761025,AX,-0.0281738128036141,L1,-0.0349971466061562,L2,0.02...
testing age>100.0
evaluate ot="age>100.0" t="age>100.0", ctx="{'age': 79.28273339433251}"
GetData ===>> H2,-0.305714000377728,H1,0.0612097553195802,AX,-0.0338679808723329,L1,-0.0537636312879181,L2,-0.0...
GetData ===>> H2,-0.255436763324359,H1,0.0253369312714248,AX,-0.084949827533532,L1,-0.0118146386863921,L2,-0.00...
Get Checksum: -110011688
GetData ===>> H2,-0.109256088243817,H1,0.0176890659808972,AX,-0.104802599823201,L1,-0.0377218080181549,L2,0.047...
GetData ===>> H2,-0.0864592171253513,H1,-0.0179057878719966,AX,-0.00620581484657566,L1,-0.0576031550567588,L2,-...
GetData ===>> H2,-0.149958273655327,H1,0.0170209494934738,AX,-0.126586152709845,L1,-0.0349228491004504,L2,0.033...
Get Checksum: -110011688
testing age>100.0
evaluate ot="age>100.0" t="age>100.0", ctx="{'age': 79.27862461478477}"
GetData ===>> H2,-0.341142017895782,H1,0.00359991098093384,AX,-0.045046600437764,L1,-0.0491360258156449,L2,-0.0...
measurement finished
estimated time: 62.915 actual time: :63.064
flush and close file /Users/jan/PychronDev/data/isotopes/f9/3585d3-1567-4185-99ea-9e154c9cb639.h5
activate_detectors ('H1', 'AX', 'CDD') {'peak_center': True}
peak_center () {'detector': 'H1', 'isotope': 'Ar40'}
peak center: mean=411.759655665 threshold=3
peak center started
setup peak center. detector=['H1', 'AX', 'CDD'], isotope=Ar40
VersionedUnpickler [<apptools.sweet_pickle.versioned_unpickler.VersionedUnpickler object at 0x13c3cb290>] using Updater [<apptools.sweet_pickle.updater.Updater object at 0x137c6f7d0>]
VersionedUnpickler [<apptools.sweet_pickle.versioned_unpickler.VersionedUnpickler object at 0x13c3cb290>] using Updater [<apptools.sweet_pickle.updater.Updater object at 0x137c6f7d0>]
VersionedUnpickler [<apptools.sweet_pickle.versioned_unpickler.VersionedUnpickler object at 0x148c2a530>] using Updater [<apptools.sweet_pickle.updater.Updater object at 0x137c6f7d0>]
setting integration time = 0.524288
SetIntegrationTime 0.524288 ===>> OK
Mapping mass to dac mass func: "parabolic"
H1 map mass coeffs = [-0.00063987  0.15840543  0.57037999]
H1 map mass to dac 39.9624 >> 5.87877
GetDeflection H1 ===>> 0
GetHighVoltage ===>> 4499.94659342336
do peak center. <pychron.spectrometer.jobs.peak_center.PeakCenter object at 0x13a1fcef0>
doing pc
starting peak center. center dac= 5.87873538047 step_width=0.001
width = 0.001
get scan parameters. half-width=0.015,window=0.015, i=0, scalar=1
Scan parameters center=5.87874 width=0.03000 (5.86374 - 5.89374)
GetData ===>> H2,-0.336526124214845,H1,-0.0217937349464179,AX,-0.11645972473302,L1,-0.0168507982635185,L2,-0.07...
Moving to starting dac 5.86373538047
setting magnet DAC
current  : 5.239395
requested: 5.863735
Delta Dac: 0.624340
Checking detector protection. dv=0.62434
Checking detector "CDD". Protection Threshold: 0.1 (V)
ProtectDetector CDD,On ===>> OK
GetDeflection CDD ===>> 2000
SetMagnetDAC 5.86373538047 ===>> OK
Magnet settling time: 0.500
GetMagnetMoving ===>> True
GetMagnetMoving ===>> True
GetMagnetMoving ===>> True
Get Checksum: -110011688
GetMagnetMoving ===>> True
GetMagnetMoving ===>> True
GetMagnetMoving ===>> True
GetMagnetMoving ===>> True
GetMagnetMoving ===>> True
GetMagnetMoving ===>> True
GetMagnetMoving ===>> False
ProtectDetector CDD,Off ===>> OK
GetDeflection CDD ===>> 50
Wait until signal near baseline. tol= -0.0163453012098. timeout= 10
GetData ===>> H2,19.4720954426395,H1,6.19793126058752,AX,0.298974370120215,L1,0.00645334378705394,L2,-0.0317183...
GetData ===>> H2,25.9961523237405,H1,12.3275315158119,AX,0.681847985277606,L1,-0.0142705826667479,L2,-0.1885336...
GetData ===>> H2,14.4188410339116,H1,5.89030664861474,AX,0.317187385017842,L1,-0.0544848575576101,L2,-0.0914377...
Get Checksum: -110011688
GetData ===>> H2,6.09332851133162,H1,2.93102367865095,AX,0.0900007615077953,L1,-0.0607357069388713,L2,0.0707380...
GetData ===>> H2,2.09294093453646,H1,1.63512878533096,AX,0.0875206452898807,L1,-0.0382465260590137,L2,0.0617362...
GetData ===>> H2,0.62535686743412,H1,0.976075144788813,AX,-0.0288000716254798,L1,-0.0110246298482671,L2,-0.0285...
GetData ===>> H2,0.110279530789538,H1,0.504035098451383,AX,0.00957151916685418,L1,0.0245201321755781,L2,0.08094...
GetData ===>> H2,-0.00193388204556968,H1,0.334528407290979,AX,-0.0537311768195326,L1,0.015856988347477,L2,-0.01...
GetData ===>> H2,-0.00193388204556968,H1,0.334528407290979,AX,-0.0537311768195326,L1,0.015856988347477,L2,-0.01...
Get Checksum: -110011688
GetData ===>> H2,-0.0899740816773467,H1,0.230177078013339,AX,-0.0589485069089606,L1,-0.0140476666572964,L2,-0.0...
GetData ===>> H2,-0.1220821864211,H1,0.365711604332675,AX,-0.13694321623097,L1,-0.0021996500156941,L2,-0.013981...
GetData ===>> H2,-0.149898443804881,H1,0.287735967942937,AX,-0.0928195663306597,L1,-0.0493669780770866,L2,-0.04...
GetData ===>> H2,-0.223602531411367,H1,0.350632541127394,AX,-0.126354438453838,L1,-0.0764272422615283,L2,-0.125...
GetData ===>> H2,-0.209163919522471,H1,0.235284659901303,AX,-0.0573253675230106,L1,-0.0459320625733092,L2,-0.04...
GetData ===>> H2,-0.1372469365459,H1,0.221991169620473,AX,0.0097339461976521,L1,-0.0255034667383375,L2,0.011114...
Get Checksum: -110011688
GetData ===>> H2,-0.124959910512516,H1,0.229103086908267,AX,-0.0460785866714041,L1,-0.00571233826943127,L2,0.10...
GetData ===>> H2,-0.0856385645489876,H1,0.0570919618710477,AX,-0.011611283748146,L1,-0.024296694870058,L2,-0.03...
GetData ===>> H2,-0.0380505716393635,H1,0.192618094077113,AX,-0.205337016483818,L1,-0.00481268856004116,L2,-0.0...
GetData ===>> H2,-0.0693785224229636,H1,0.179210990190248,AX,-0.036500406247751,L1,0.00743143182724025,L2,0.012...
GetData ===>> H2,-0.02964810465187,H1,0.0853638067260356,AX,-0.0552384342443672,L1,-0.0252592507845842,L2,-0.04...
GetData ===>> H2,-0.0850182960724672,H1,0.111820956077202,AX,0.0546824451296664,L1,-0.0481942121395484,L2,-0.16...
Peak center failed to move to a baseline position
_do_sweep sm= 5.86373538047, em= 5.89373538047, stm= 0.001
calculated step values: start=5.86373538047, end=5.89373538047, width=0.001, nsteps=31.0
setting magnet DAC
current  : 5.863735
requested: 5.863735
Delta Dac: 0.000000
Checking detector protection. dv=0.00000
Checking detector "CDD". Protection Threshold: 0.1 (V)
SetMagnetDAC 5.86373538047 ===>> OK
GetData ===>> H2,-0.0850182960724672,H1,0.111820956077202,AX,0.0546824451296664,L1,-0.0481942121395484,L2,-0.16...
setting magnet DAC
current  : 5.863735
requested: 5.864770
Delta Dac: 0.001034
Checking detector protection. dv=0.00103
Checking detector "CDD". Protection Threshold: 0.1 (V)
SetMagnetDAC 5.86476986323 ===>> OK
Magnet settling time: 1.049
Get Checksum: -110011688
GetData ===>> H2,-0.139675197903788,H1,0.520350870218667,AX,-0.0159493613977819,L1,-0.0387280924826573,L2,-0.04...
setting magnet DAC
current  : 5.864770
requested: 5.865804
Delta Dac: 0.001034
Checking detector protection. dv=0.00103
Checking detector "CDD". Protection Threshold: 0.1 (V)
SetMagnetDAC 5.86580434599 ===>> OK
Magnet settling time: 1.049
GetData ===>> H2,-0.134804645615587,H1,1.65631638882859,AX,-0.0413012101544513,L1,-0.0267867001828147,L2,-0.031...
setting magnet DAC
current  : 5.865804
requested: 5.866839
Delta Dac: 0.001034
Checking detector protection. dv=0.00103
Checking detector "CDD". Protection Threshold: 0.1 (V)
SetMagnetDAC 5.86683882875 ===>> OK
Magnet settling time: 1.049
GetData ===>> H2,-0.0672111109495235,H1,6.73454623145944,AX,0.381680439622785,L1,0.00199606704550367,L2,0.11316...
setting magnet DAC
current  : 5.866839
requested: 5.867873
Delta Dac: 0.001034
Checking detector protection. dv=0.00103
Checking detector "CDD". Protection Threshold: 0.1 (V)
SetMagnetDAC 5.86787331151 ===>> OK
Magnet settling time: 1.049
Get Checksum: -110011688
GetData ===>> H2,-0.137103763643203,H1,24.1004825392874,AX,1.27048065359673,L1,0.00091816737547917,L2,0.0476997...
setting magnet DAC
current  : 5.867873
requested: 5.868908
Delta Dac: 0.001034
Checking detector protection. dv=0.00103
Checking detector "CDD". Protection Threshold: 0.1 (V)
SetMagnetDAC 5.86890779427 ===>> OK
Magnet settling time: 1.049
GetData ===>> H2,-0.0929898248166271,H1,67.7247633535711,AX,3.97392087875018,L1,0.0371573221615255,L2,0.0447605...
setting magnet DAC
current  : 5.868908
requested: 5.869942
Delta Dac: 0.001034
Checking detector protection. dv=0.00103
Checking detector "CDD". Protection Threshold: 0.1 (V)
SetMagnetDAC 5.86994227703 ===>> OK
Magnet settling time: 1.049
Get Checksum: -110011688
GetData ===>> H2,-0.144692137957071,H1,193.087927364755,AX,13.077281382431,L1,0.0883004718079116,L2,0.045079518...
setting magnet DAC
current  : 5.869942
requested: 5.870977
Delta Dac: 0.001034
Checking detector protection. dv=0.00103
Checking detector "CDD". Protection Threshold: 0.1 (V)
SetMagnetDAC 5.87097675979 ===>> OK
Magnet settling time: 1.049
GetData ===>> H2,-0.159060347180227,H1,290.094078750627,AX,21.668896660183,L1,0.187240598950896,L2,0.0726752921...
setting magnet DAC
current  : 5.870977
requested: 5.872011
Delta Dac: 0.001034
Checking detector protection. dv=0.00103
Checking detector "CDD". Protection Threshold: 0.1 (V)
SetMagnetDAC 5.87201124254 ===>> OK
Magnet settling time: 1.049
GetData ===>> H2,-0.258513438713477,H1,353.001370564974,AX,28.279993832107,L1,0.224429168140108,L2,-0.146077095...
setting magnet DAC
current  : 5.872011
requested: 5.873046
Delta Dac: 0.001034
Checking detector protection. dv=0.00103
Checking detector "CDD". Protection Threshold: 0.1 (V)
SetMagnetDAC 5.8730457253 ===>> OK
Magnet settling time: 1.049
Get Checksum: -110011688
GetData ===>> H2,-0.246683343502133,H1,380.966432299736,AX,32.0448613253663,L1,0.279128224929796,L2,0.074361832...
setting magnet DAC
current  : 5.873046
requested: 5.874080
Delta Dac: 0.001034
Checking detector protection. dv=0.00103
Checking detector "CDD". Protection Threshold: 0.1 (V)
SetMagnetDAC 5.87408020806 ===>> OK
Magnet settling time: 1.049
GetData ===>> H2,-0.177368414760352,H1,390.263752920671,AX,33.5271070908162,L1,0.369449698511944,L2,0.150218477...
setting magnet DAC
current  : 5.874080
requested: 5.875115
Delta Dac: 0.001034
Checking detector protection. dv=0.00103
Checking detector "CDD". Protection Threshold: 0.1 (V)
SetMagnetDAC 5.87511469082 ===>> OK
Magnet settling time: 1.049
GetData ===>> H2,-0.176518849758991,H1,392.328337767843,AX,33.9811506109515,L1,0.360713495732531,L2,0.229331178...
setting magnet DAC
current  : 5.875115
requested: 5.876149
Delta Dac: 0.001034
Checking detector protection. dv=0.00103
Checking detector "CDD". Protection Threshold: 0.1 (V)
SetMagnetDAC 5.87614917358 ===>> OK
Magnet settling time: 1.049
Get Checksum: -110011688
GetData ===>> H2,-0.1653958080856,H1,392.920092992076,AX,34.1246208242186,L1,0.349084579380794,L2,0.23321205200...
setting magnet DAC
current  : 5.876149
requested: 5.877184
Delta Dac: 0.001034
Checking detector protection. dv=0.00103
Checking detector "CDD". Protection Threshold: 0.1 (V)
SetMagnetDAC 5.87718365634 ===>> OK
Magnet settling time: 1.049
GetData ===>> H2,-0.0999440987837221,H1,393.597377371081,AX,34.1041648198565,L1,0.40806269582364,L2,0.081176667...
setting magnet DAC
current  : 5.877184
requested: 5.878218
Delta Dac: 0.001034
Checking detector protection. dv=0.00103
Checking detector "CDD". Protection Threshold: 0.1 (V)
SetMagnetDAC 5.8782181391 ===>> OK
Magnet settling time: 1.049
GetData ===>> H2,-0.0103327529255881,H1,393.472497821271,AX,34.248926273327,L1,0.415919218346831,L2,0.148918352...
setting magnet DAC
current  : 5.878218
requested: 5.879253
Delta Dac: 0.001034
Checking detector protection. dv=0.00103
Checking detector "CDD". Protection Threshold: 0.1 (V)
SetMagnetDAC 5.87925262185 ===>> OK
Magnet settling time: 1.049
GetData ===>> H2,-0.217058702024774,H1,393.529942965032,AX,34.156597093517,L1,0.434410987437108,L2,0.2328011285...
setting magnet DAC
current  : 5.879253
requested: 5.880287
Delta Dac: 0.001034
Checking detector protection. dv=0.00103
Checking detector "CDD". Protection Threshold: 0.1 (V)
SetMagnetDAC 5.88028710461 ===>> OK
Magnet settling time: 1.049
Get Checksum: -110011688
GetData ===>> H2,-0.200085246923886,H1,393.450994124733,AX,34.1891817690925,L1,0.464931345543666,L2,0.016352822...
setting magnet DAC
current  : 5.880287
requested: 5.881322
Delta Dac: 0.001034
Checking detector protection. dv=0.00103
Checking detector "CDD". Protection Threshold: 0.1 (V)
SetMagnetDAC 5.88132158737 ===>> OK
Magnet settling time: 1.049
GetData ===>> H2,-0.254854667899503,H1,393.463160498523,AX,34.0389205536293,L1,0.417593573352932,L2,0.166711059...
setting magnet DAC
current  : 5.881322
requested: 5.882356
Delta Dac: 0.001034
Checking detector protection. dv=0.00103
Checking detector "CDD". Protection Threshold: 0.1 (V)
SetMagnetDAC 5.88235607013 ===>> OK
Magnet settling time: 1.049
GetData ===>> H2,-0.175496590246669,H1,392.219448609794,AX,33.9276304685652,L1,0.367513914484787,L2,0.122623139...
setting magnet DAC
current  : 5.882356
requested: 5.883391
Delta Dac: 0.001034
Checking detector protection. dv=0.00103
Checking detector "CDD". Protection Threshold: 0.1 (V)
SetMagnetDAC 5.88339055289 ===>> OK
Magnet settling time: 1.049
Get Checksum: -110011688
GetData ===>> H2,-0.132351018743857,H1,389.864732618574,AX,33.6129434220034,L1,0.379019253114478,L2,0.159091726...
setting magnet DAC
current  : 5.883391
requested: 5.884425
Delta Dac: 0.001034
Checking detector protection. dv=0.00103
Checking detector "CDD". Protection Threshold: 0.1 (V)
SetMagnetDAC 5.88442503565 ===>> OK
Magnet settling time: 1.049
GetData ===>> H2,-0.142386457243548,H1,380.767935781681,AX,32.0855068045919,L1,0.397443409823651,L2,0.255427373...
setting magnet DAC
current  : 5.884425
requested: 5.885460
Delta Dac: 0.001034
Checking detector protection. dv=0.00103
Checking detector "CDD". Protection Threshold: 0.1 (V)
SetMagnetDAC 5.88545951841 ===>> OK
Magnet settling time: 1.049
GetData ===>> H2,-0.232380007931094,H1,351.59172627012,AX,27.8959055446452,L1,0.333668001026235,L2,0.1399320122...
setting magnet DAC
current  : 5.885460
requested: 5.886494
Delta Dac: 0.001034
Checking detector protection. dv=0.00103
Checking detector "CDD". Protection Threshold: 0.1 (V)
SetMagnetDAC 5.88649400116 ===>> OK
Magnet settling time: 1.049
Get Checksum: -110011688
GetData ===>> H2,-0.246053707072654,H1,283.73243727338,AX,20.0604193852051,L1,0.259291700747032,L2,0.1565140652...
setting magnet DAC
current  : 5.886494
requested: 5.887528
Delta Dac: 0.001034
Checking detector protection. dv=0.00103
Checking detector "CDD". Protection Threshold: 0.1 (V)
SetMagnetDAC 5.88752848392 ===>> OK
Magnet settling time: 1.049
GetData ===>> H2,-0.302686391970166,H1,185.772870579068,AX,11.1985646336525,L1,0.160106892904057,L2,-0.03413149...
setting magnet DAC
current  : 5.887528
requested: 5.888563
Delta Dac: 0.001034
Checking detector protection. dv=0.00103
Checking detector "CDD". Protection Threshold: 0.1 (V)
SetMagnetDAC 5.88856296668 ===>> OK
Magnet settling time: 1.049
GetData ===>> H2,-0.217163713151217,H1,92.9965368780312,AX,4.87221040959292,L1,0.0828108438577333,L2,-0.1157719...
setting magnet DAC
current  : 5.888563
requested: 5.889597
Delta Dac: 0.001034
Checking detector protection. dv=0.00103
Checking detector "CDD". Protection Threshold: 0.1 (V)
SetMagnetDAC 5.88959744944 ===>> OK
Magnet settling time: 1.049
Get Checksum: -110011688
GetData ===>> H2,-0.057083910789972,H1,35.8631230502864,AX,1.53412423053748,L1,0.0483420139037637,L2,0.14896397...
setting magnet DAC
current  : 5.889597
requested: 5.890632
Delta Dac: 0.001034
Checking detector protection. dv=0.00103
Checking detector "CDD". Protection Threshold: 0.1 (V)
SetMagnetDAC 5.8906319322 ===>> OK
Magnet settling time: 1.049
GetData ===>> H2,-0.111906938147327,H1,11.1310069470309,AX,0.226225954336203,L1,0.0537874006482887,L2,-0.095373...
setting magnet DAC
current  : 5.890632
requested: 5.891666
Delta Dac: 0.001034
Checking detector protection. dv=0.00103
Checking detector "CDD". Protection Threshold: 0.1 (V)
SetMagnetDAC 5.89166641496 ===>> OK
Magnet settling time: 1.049
Get Checksum: -110011688
GetData ===>> H2,-0.252768019126171,H1,2.77288153302602,AX,-0.0889253421553019,L1,0.0105461241541251,L2,-0.1064...
setting magnet DAC
current  : 5.891666
requested: 5.892701
Delta Dac: 0.001034
Checking detector protection. dv=0.00103
Checking detector "CDD". Protection Threshold: 0.1 (V)
SetMagnetDAC 5.89270089772 ===>> OK
Magnet settling time: 1.049
GetData ===>> H2,-0.133296862872212,H1,0.541782787963441,AX,-0.0376368498233255,L1,0.0344286173762628,L2,0.0312...
setting magnet DAC
current  : 5.892701
requested: 5.893735
Delta Dac: 0.001034
Checking detector protection. dv=0.00103
Checking detector "CDD". Protection Threshold: 0.1 (V)
SetMagnetDAC 5.89373538047 ===>> OK
Magnet settling time: 1.049
GetData ===>> H2,-0.125952339753585,H1,0.0913696814413224,AX,-0.145816512071665,L1,0.00675059579343421,L2,0.000...
result of _do_sweep=True
result of _calculate_peak_center=([5.8710202951316308, 5.8787115396897116, 5.8864027842477924], [292.74147980898272, 393.59512503451123, 289.71602187431512], 5.8772023143424654, 393.59512503451123)
Failed to find a valid peak. No peak greater than 1.0. max = 0.0448984140682
new center pos Detector(H1) (Ar40) @ 5.87871153969
GetHighVoltage ===>> 4499.94659342336
GetDeflection H1 ===>> 0
dac uncorrected for HV and deflection 5.87874615907
update mftable H1 Ar40 5.87874615907 message=automated run peakcenter
get initial guess parabolic
get initial guess parabolic
get initial guess parabolic
get initial guess parabolic
get initial guess parabolic
get initial guess parabolic
dump mftable to /Users/jan/PychronDev/setupfiles/spectrometer/mftables/mftable.csv
add to repo msg=modified - automated run peakcenter
Get Checksum: -110011688
locally archiving mftable
setting magnet DAC
current  : 5.893735
requested: 5.878712
Delta Dac: 0.015024
Checking detector protection. dv=0.01502
Checking detector "CDD". Protection Threshold: 0.1 (V)
SetMagnetDAC 5.87871153969 ===>> OK
Magnet settling time: 0.500
sweep finished
setting integration time = 1.048576
SetIntegrationTime 1.048576 ===>> OK
Failed to find a valid peak. No peak greater than 1.0. max = 0.0449377935134
flush and close file /Users/jan/PychronDev/data/isotopes/f9/3585d3-1567-4185-99ea-9e154c9cb639.h5
finished measure script
executed 278.04
jan_co2_whiff_120_60_large.py completed successfully
Measurement Finished
17:27:16 -- ******* Measurement Finished *******
Post Measurement Started jan_pump_ms.py
17:27:16 -- ******* Post Measurement Started jan_pump_ms.py *******
testing...
no interpolation path defined
executed 0
Pumping spectrometer
open () {'name': 'O'}
opening name=O desc=---
checking ownership. requestor=129.138.12.150
check software interlocks O
interlocks []
actuate state mode=None-script, software_lock=False
doing actuation None-script open_channel True
Open O ===>> OK
GetValveState O ===>> OK
change switch state (True, True)
update switch state O True args=() kw={} ncanvase=3
17:27:16 -- OPEN   VALVE-O (Jan Ion Pump)
---------------------------------------- open O () result=[(True, True)], time=0.08 sec
action=open, ok=True, locked=[False]
executed 0
jan_pump_ms.py completed successfully
setting _ms_pumptime
Post Measurement Finished
17:27:17 -- ******* Post Measurement Finished *******
$$$$$$$$$$$$$$$$$$$$ state at run end measurement
state changed from measurement to success
post measurement save measured=True aborted=False
Set filtering
setting fod for Ar40= {'filter_outliers': True, 'std_devs': 2, 'iterations': 1}
setting fod for H1= {'filter_outliers': True, 'std_devs': 2, 'iterations': 1}
setting fod for PM41= {'filter_outliers': False, 'std_devs': 2, 'iterations': 1}
setting fod for H2= {'filter_outliers': True, 'std_devs': 2, 'iterations': 1}
setting fod for Ar36= {'filter_outliers': True, 'std_devs': 2, 'iterations': 1}
setting fod for CDD= {'filter_outliers': True, 'std_devs': 10, 'iterations': 1}
setting fod for Ar37= {'filter_outliers': True, 'std_devs': 2, 'iterations': 1}
setting fod for L2= {'filter_outliers': True, 'std_devs': 2, 'iterations': 1}
setting fod for Ar38= {'filter_outliers': True, 'std_devs': 2, 'iterations': 1}
setting fod for L1= {'filter_outliers': True, 'std_devs': 2, 'iterations': 1}
setting fod for Ar39= {'filter_outliers': True, 'std_devs': 2, 'iterations': 1}
setting fod for AX= {'filter_outliers': True, 'std_devs': 2, 'iterations': 1}
persistence save...
persistence save - db
post measurement save
4619145488 connecting to database sqlite:////Users/jan/PychronDev/.appdata/local_lab.db
connected to db sqlite:////Users/jan/PychronDev/.appdata/local_lab.db
create new session 4619145488
close session 4619145488
No database instance. Not saving post measurement to isotopedb database
$$$$$$$$$$$$$$$ auto_save_detector_ic=False
massspec enabled True
create new session 5054761584
MassSpec Database Version: 16.0
close session 5054761584
saving post measurement to secondary database
saving to massspec database 129.138.12.160/massspecdata
setting labnumber to 65511
setting aliquot to 33
setting step to 
setting uuid to f93585d3-1567-4185-99ea-9e154c9cb639
setting irradpos to 65511
setting extract_device to Fusions CO2
setting tray to 
setting position to 172
setting power_requested to 5.0
setting extract_value to 5.0
setting duration to 30.0
setting duration_at_request to 30.0
setting first_stage_delay to 30.0
setting cleanup to 30.0
setting comment to F:9 DS
setting irradiation to NM-289
setting level to F
setting irradiation_level to F
setting sample to TRC-23-djk
setting material to SandforDetrital
setting project to IR959
setting mass_spectrometer to Jan
no attribute chron_dosages
no attribute production_ratios
no attribute interference_corrections
no attribute production_name
no attribute j
Reference Isotope=Ar40
Reference Detector=H1
%%%%%%%%%%%%%%%%%%%% Comment: F:9 DS %%%%%%%%%%%%%%%%%%%
adding isotope PM41 H2
add baseline dbdet= PM41. original det= H2
get baseline data PM41 H2
Get data baseline <pychron.processing.isotope.Baseline object at 0x13b1749d0> len t=60
baseline PM41. v=-0.203490098629, e=0.0089143180646
get signal data PM41 H2
Get data signal PM41 0.12+/-0.08 len t=120
adding isotope Ar40 H1
add baseline dbdet= Ar40. original det= H1
get baseline data Ar40 H1
Get data baseline <pychron.processing.isotope.Baseline object at 0x13b1748d0> len t=60
baseline Ar40. v=-0.0208233663554, e=0.00591827754382
get signal data Ar40 H1
Get data signal Ar40 433.27+/-0.04 len t=120
adding isotope Ar39 AX
add baseline dbdet= Ar39. original det= AX
get baseline data Ar39 AX
Get data baseline <pychron.processing.isotope.Baseline object at 0x13b174790> len t=60
baseline Ar39. v=-0.05455935445, e=0.0061523056155
get signal data Ar39 AX
Get data signal Ar39 37.503+/-0.018 len t=120
adding isotope Ar38 L1
add baseline dbdet= Ar38. original det= L1
get baseline data Ar38 L1
Get data baseline <pychron.processing.isotope.Baseline object at 0x13b174710> len t=60
baseline Ar38. v=-0.0266331666932, e=0.00251610242536
get signal data Ar38 L1
Get data signal Ar38 0.506+/-0.005 len t=120
adding isotope Ar37 L2
add baseline dbdet= Ar37. original det= L2
get baseline data Ar37 L2
Get data baseline <pychron.processing.isotope.Baseline object at 0x14108a5d0> len t=60
baseline Ar37. v=-0.0232781863719, e=0.00567399126331
get signal data Ar37 L2
Get data signal Ar37 0.199+/-0.012 len t=120
adding isotope Ar36 CDD
add baseline dbdet= Ar36. original det= CDD
get baseline data Ar36 CDD
Get data baseline <pychron.processing.isotope.Baseline object at 0x14108ac90> len t=60
baseline Ar36. v=8.18759767761e-05, e=1.59914633496e-05
get signal data Ar36 CDD
Get data signal Ar36 0.0431+/-0.0005 len t=120
65511-33 added analysis time 0.460464000702s
analysis added to mass spec database
mass spec save time= 0.468
persistence save - dvc
================= post measurement started
create new session 4983039568
close session 4983039568
---------------- Experiment Queue saving disabled
DVC saving peakcenter
Failed to find a valid peak. No peak greater than 1.0. max = 0.0449377935134
Get Checksum: 2035439760
Smart pull ahead: 0 behind: 0
Up-to-date with origin
add to repo msg=modified - ad8224ebc6dbfeb9f5997218dfa5fe690569839d.json
add to repo msg=modified - 11-33.json
add to repo msg=modified - 11-33.dat.json
add to repo msg=modified - 11-33.blan.json
add to repo msg=modified - 11-33.inte.json
add to repo msg=modified - 11-33.icfa.json
add to repo msg=modified - 11-33.base.json
not at valid file /Users/jan/PychronDev/data/.dvc/repositories/IR959/655/tags/11-33.tags.json
add to repo msg=modified - 11-33.peak.json
add to repo msg=modified - 11-33.extr.json
not at valid file /Users/jan/PychronDev/data/.dvc/repositories/IR959/655/monitor/11-33.moni.json
commit message=<COLLECTION>
add to repo msg=modified - 11-33.inte.json
add to repo msg=modified - 11-33.base.json
commit message=<ISOEVO> default collection fits
Get Checksum: 2035439760
add to repo msg=modified - 11-33.blan.json
commit message=<BLANKS> preceding bu-FC-J-7451
add to repo msg=modified - 11-33.icfa.json
commit message=<ICFactor> default
push repository <pychron.git_archive.repo_manager.GitRepoManager object at 0x137a75d10>
pushing to remote=origin, url=https://github.com
Get Checksum: 2035439760
no changes to meta repo
create new session 4983039568
add association IR959
get identifier "65511"
setting analysis irradiation position=<pychron.dvc.dvc_orm.IrradiationPositionTbl object at 0x13bdf7390>
close session 4983039568
================= post measurement finished
17:27:28 -- ******* Post Run Check *******
loading queue conditionals post_run_actions
loading system conditionals post_run_actions
loading conditionals from /Users/jan/PychronDev/setupfiles/spectrometer/default_conditionals.yaml
loading queue conditionals post_run_terminations
loading system conditionals post_run_terminations
loading conditionals from /Users/jan/PychronDev/setupfiles/spectrometer/default_conditionals.yaml
Checking default post run terminations n=1
GetDeflection CDD ===>> 50
testing CDD==2000
evaluate ot="CDD.deflection==2000" t="CDD==2000", ctx="{'CDD': 50.0}"
17:27:28 -- ******* Post Run Check Passed *******
17:27:28 -- Automated run 65511-33 success duration: 370.686 s
----------------- finish -----------------
----------------- stop -----------------
retroactive repository identifiers disabled
finish run. runs completed=28
update duration runid=65511-33, duration=370.686169863, md5=3d9034cf
loading script "jan_co2_whiff_120_60_large.py"
loading script "jan_pump_ms.py"
loading script "jan_co2.py"
loading script "jan_pump_extraction_line.py"
testing...
no interpolation path defined
executed 266.04
script duration name:co2_whiff_120_60_large seconds:266.0
loading script "jan_co2_whiff_120_60_large.py"
loading script "jan_pump_ms.py"
loading script "jan_co2.py"
loading script "jan_pump_extraction_line.py"
testing...
no interpolation path defined
executed 0
loading script "jan_co2_whiff_120_60_large.py"
loading script "jan_pump_ms.py"
loading script "jan_co2.py"
loading script "jan_pump_extraction_line.py"
testing...
no interpolation path defined
calculate duration
testing...
no interpolation path defined
executed 0
calculate duration
testing...
no interpolation path defined
executed 0
executed 0.0
script duration name:co2 seconds:0.0
loading script "jan_co2_whiff_120_60_large.py"
loading script "jan_pump_ms.py"
loading script "jan_co2.py"
loading script "jan_pump_extraction_line.py"
testing...
no interpolation path defined
calculate duration
testing...
no interpolation path defined
executed 4.0
executed 4.0
Script duration 266.0
Run total estimated duration= 267.000
co2_whiff_120_60_large in script context. using previous estimated duration
script duration name:co2_whiff_120_60_large seconds:266.0
pump_ms in script context. using previous estimated duration
co2 in script context. using previous estimated duration
script duration name:co2 seconds:0.0
pump_extraction_line in script context. using previous estimated duration
Script duration 266.0
Run total estimated duration= 267.000
script duration name:co2_whiff_120_60_large seconds:266.0
script duration name:co2 seconds:0.0
Script duration 266.0
Run total estimated duration= 267.000
loading script "jan_unknown400_120.py"
loading script "jan_pump_ms.py"
Get Checksum: 2035439760
loading script "jan_sniffair_x2.py"
loading script "jan_pump_extraction_line.py"
testing...
no interpolation path defined
executed 556.052928
script duration name:unknown400_120 seconds:556.0
loading script "jan_unknown400_120.py"
loading script "jan_pump_ms.py"
loading script "jan_sniffair_x2.py"
loading script "jan_pump_extraction_line.py"
testing...
no interpolation path defined
calculate duration
testing...
no interpolation path defined
executed 0
calculate duration
testing...
no interpolation path defined
executed 0
calculate duration
testing...
no interpolation path defined
executed 32.0
calculate duration
testing...
no interpolation path defined
executed 34.0
calculate duration
testing...
no interpolation path defined
executed 4.0
calculate duration
testing...
no interpolation path defined
executed 36.0
calculate duration
testing...
no interpolation path defined
executed 34.0
calculate duration
testing...
no interpolation path defined
executed 4.0
calculate duration
testing...
no interpolation path defined
executed 36.0
calculate duration
testing...
no interpolation path defined
executed 70.0
executed 250.0
script duration name:sniffair_x2 seconds:250.0
Script duration 806.0
Run total estimated duration= 807.000
script duration name:co2_whiff_120_60_large seconds:266.0
script duration name:co2 seconds:0.0
Script duration 266.0
Run total estimated duration= 267.000
script duration name:co2_whiff_120_60_large seconds:266.0
script duration name:co2 seconds:0.0
Script duration 266.0
Run total estimated duration= 267.000
script duration name:co2_whiff_120_60_large seconds:266.0
script duration name:co2 seconds:0.0
Script duration 266.0
Run total estimated duration= 267.000
script duration name:co2_whiff_120_60_large seconds:266.0
script duration name:co2 seconds:0.0
Script duration 266.0
Run total estimated duration= 267.000
script duration name:co2_whiff_120_60_large seconds:266.0
script duration name:co2 seconds:0.0
Script duration 266.0
Run total estimated duration= 267.000
unknown400_120 in script context. using previous estimated duration
script duration name:unknown400_120 seconds:556.0
script duration name:co2 seconds:0.0
Script duration 556.0
Run total estimated duration= 557.000
script duration name:unknown400_120 seconds:556.0
loading script "jan_unknown400_120.py"
loading script "jan_pump_ms.py"
loading script "jan_cocktail_x1.py"
loading script "jan_pump_extraction_line.py"
testing...
no interpolation path defined
calculate duration
testing...
no interpolation path defined
executed 0
calculate duration
testing...
no interpolation path defined
executed 0
calculate duration
testing...
no interpolation path defined
executed 32.0
calculate duration
testing...
no interpolation path defined
executed 34.0
calculate duration
testing...
no interpolation path defined
executed 4.0
calculate duration
testing...
no interpolation path defined
executed 38.0
executed 108.0
script duration name:cocktail_x1 seconds:108.0
Script duration 664.0
Run total estimated duration= 665.000
script duration name:unknown400_120 seconds:556.0
cocktail_x1 in script context. using previous estimated duration
script duration name:cocktail_x1 seconds:108.0
Script duration 664.0
Run total estimated duration= 665.000
loading script "jan_ic_peak_hop3.py"
loading script "jan_pump_ms.py"
loading script "jan_air_x1.py"
loading script "jan_pump_extraction_line.py"
testing...
no interpolation path defined
executed 133.8
script duration name:ic_peak_hop3 seconds:134.0
loading script "jan_ic_peak_hop3.py"
loading script "jan_pump_ms.py"
loading script "jan_air_x1.py"
loading script "jan_pump_extraction_line.py"
testing...
no interpolation path defined
calculate duration
testing...
no interpolation path defined
executed 0
calculate duration
testing...
no interpolation path defined
executed 0
calculate duration
testing...
no interpolation path defined
executed 32.0
calculate duration
testing...
no interpolation path defined
executed 34.0
calculate duration
testing...
no interpolation path defined
executed 4.0
calculate duration
testing...
no interpolation path defined
executed 36.0
executed 106.0
script duration name:air_x1 seconds:106.0
Script duration 240.0
Run total estimated duration= 241.000
script duration name:co2_whiff_120_60_large seconds:266.0
script duration name:co2 seconds:0.0
Script duration 266.0
Run total estimated duration= 267.000
script duration name:co2_whiff_120_60_large seconds:266.0
script duration name:co2 seconds:0.0
Script duration 266.0
Run total estimated duration= 267.000
script duration name:co2_whiff_120_60_large seconds:266.0
script duration name:co2 seconds:0.0
Script duration 266.0
Run total estimated duration= 267.000
script duration name:co2_whiff_120_60_large seconds:266.0
script duration name:co2 seconds:0.0
Script duration 266.0
Run total estimated duration= 267.000
script duration name:co2_whiff_120_60_large seconds:266.0
script duration name:co2 seconds:0.0
Script duration 266.0
Run total estimated duration= 267.000
script duration name:co2_whiff_120_60_large seconds:266.0
script duration name:co2 seconds:0.0
Script duration 266.0
Run total estimated duration= 267.000
script duration name:co2_whiff_120_60_large seconds:266.0
script duration name:co2 seconds:0.0
Script duration 266.0
Run total estimated duration= 267.000
script duration name:co2_whiff_120_60_large seconds:266.0
script duration name:co2 seconds:0.0
Script duration 266.0
Run total estimated duration= 267.000
script duration name:co2_whiff_120_60_large seconds:266.0
script duration name:co2 seconds:0.0
Script duration 266.0
Run total estimated duration= 267.000
script duration name:co2_whiff_120_60_large seconds:266.0
script duration name:co2 seconds:0.0
Script duration 266.0
Run total estimated duration= 267.000
script duration name:co2_whiff_120_60_large seconds:266.0
script duration name:co2 seconds:0.0
Script duration 266.0
Run total estimated duration= 267.000
script duration name:co2_whiff_120_60_large seconds:266.0
script duration name:co2 seconds:0.0
Script duration 266.0
Run total estimated duration= 267.000
script duration name:co2_whiff_120_60_large seconds:266.0
script duration name:co2 seconds:0.0
Script duration 266.0
Run total estimated duration= 267.000
script duration name:co2_whiff_120_60_large seconds:266.0
script duration name:co2 seconds:0.0
Script duration 266.0
Run total estimated duration= 267.000
script duration name:co2_whiff_120_60_large seconds:266.0
script duration name:co2 seconds:0.0
Script duration 266.0
Run total estimated duration= 267.000
script duration name:unknown400_120 seconds:556.0
script duration name:co2 seconds:0.0
Script duration 556.0
Run total estimated duration= 557.000
script duration name:co2_whiff_120_60_large seconds:266.0
script duration name:co2 seconds:0.0
Script duration 266.0
Run total estimated duration= 267.000
nruns=30 before=5.0, run_dur=9900.0, btw=870.0
write rem/ex queues
/Users/jan/PychronDev/experiments/rem/CurrentExperiment.rem.txt
/Users/jan/PychronDev/experiments/rem/CurrentExperiment.ex.txt
doing event level: 3
