do run
loading script "jan_co2_whiff_120_60_large.py"
loading script "jan_pump_ms.py"
loading script "jan_co2.py"
loading script "jan_pump_extraction_line.py"
testing...
no interpolation path defined
executed 266.04
script duration name:co2_whiff_120_60_large seconds:266.0
loading script "jan_co2_whiff_120_60_large.py"
loading script "jan_pump_ms.py"
loading script "jan_co2.py"
loading script "jan_pump_extraction_line.py"
testing...
no interpolation path defined
executed 0
loading script "jan_co2_whiff_120_60_large.py"
loading script "jan_pump_ms.py"
loading script "jan_co2.py"
loading script "jan_pump_extraction_line.py"
testing...
no interpolation path defined
calculate duration
testing...
no interpolation path defined
executed 0
calculate duration
testing...
no interpolation path defined
executed 0
executed 0.0
script duration name:co2 seconds:0.0
loading script "jan_co2_whiff_120_60_large.py"
loading script "jan_pump_ms.py"
loading script "jan_co2.py"
loading script "jan_pump_extraction_line.py"
testing...
no interpolation path defined
calculate duration
testing...
no interpolation path defined
executed 4.0
executed 4.0
Script duration 266.0
Run total estimated duration= 267.000
run duration: 0:04:27
doing event level: 2
18:08:33 -- Setting default integration. t=1.048576
setting integration time = 1.048576
SetIntegrationTime 1.048576 ===>> OK
----------------- start -----------------
**************** Experiment Type: Ar/Ar, Ar/Ar
create new session 4993359504
close session 4993359504
$$$$$ Clearing conditionals
adding conditionals detrital
extract conditionals from file. /Users/jan/PychronDev/scripts/conditionals/detrital.yaml
no attr for this modification cd={'extraction_str': '', 'attr': '', 'mapper': '', 'use_termination': False, 'start_count': 0, 'nskip': 0, 'window': 0, 'frequency': 1, 'teststr': '', 'action': 'Skip Next Run', 'ntrips': 1, 'use_truncation': False}
no attr for this cancelation cd={'mapper': '', 'window': 0, 'frequency': 1, 'attr': '', 'teststr': '', 'start_count': 0, 'ntrips': 1}
adding truncation attr="age" test="age>100.0" start="50"
adding truncation attr="Ar39" test="Ar39<0.5" start="60"
no attr for this termination cd={'mapper': '', 'window': 0, 'frequency': 1, 'attr': '', 'teststr': '', 'start_count': 0, 'ntrips': 1}
Invalid conditional kind="pre_run_terminations"
no attr for this action cd={'mapper': '', 'attr': '', 'start_count': 0, 'window': 0, 'frequency': 1, 'teststr': '', 'action': None, 'ntrips': 1}
Invalid conditional kind="post_run_terminations"
Add queue conditionals
add default conditionals
adding default conditionals from /Users/jan/PychronDev/setupfiles/spectrometer/default_conditionals.yaml
Start automated run 65511-39
loading script "jan_co2_whiff_120_60_large.py"
loading script "jan_pump_ms.py"
loading script "jan_co2.py"
loading script "jan_pump_extraction_line.py"
%%%%%%%%%%%%%%%%%% setting automated run 65511-39
No value "sensitivity_multiplier" in metadata
$$$$$$$$$$$$$$$ auto_save_detector_ic=False
============================= Pre Extraction Check =============================
loading queue conditionals pre_run_terminations
loading system conditionals pre_run_terminations
loading conditionals from /Users/jan/PychronDev/setupfiles/spectrometer/default_conditionals.yaml
18:08:33 -- ******* Pre Extraction Check *******
Get a measurement from the spectrometer
GetData ===>> H2,-0.194818872767789,H1,-0.064849209183193,AX,-0.0924834638423181,L1,-0.0380967805529054,L2,-0.0...
Pre Extraction Termination data. keys=H2,H1,AX,L1,L2,CDD, signals=-0.19482,-0.06485,-0.09248,-0.03810,-0.00655,0.00447
18:08:33 -- testing system defined conditionals
Checking default pre extraction terminations n=2
testing CDD
evaluate ot="CDD.inactive" t="CDD", ctx="{'CDD': False}"
GetDeflection CDD ===>> 50
testing CDD==2000
evaluate ot="CDD.deflection==2000" t="CDD==2000", ctx="{'CDD': 50.0}"
18:08:33 -- ******* Pre Extraction Check Passed *******
=================================================================================
18:08:33 -- stopping status monitor
stop 5052903792
Alive clients [4983293136]
18:08:33 -- starting status monitor
start 5052903792
Monitor already running
start extraction
do extraction
Analysis started at 18:08:33.732758
Extraction Started jan_co2.py
18:08:33 -- ******* Extraction Started jan_co2.py *******
state changed from not run to extraction
DO EXTRACTION <pychron.extraction_line.pyscript_runner.RemotePyScriptRunner object at 0x12b93d0b0>
testing...
no interpolation path defined
calculate duration
testing...
no interpolation path defined
executed 0
calculate duration
testing...
no interpolation path defined
executed 0
executed 100.0
Jan CO2 laser analysis
doing GOSUB
testing...
no interpolation path defined
executed 0
Waiting for CO2 access
wait ('FelixCO2Flag', 0) {}
waiting for FelixCO2Flag = 0
Read FelixCO2Flag ===>> 0
finished waiting
CO2 free
wait ('CO2PumpTimeFlag', 0) {}
waiting for CO2PumpTimeFlag = 0
Read CO2PumpTimeFlag ===>> 0
finished waiting
acquire ('JanCO2Flag',) {'clear': True}
acquire JanCO2Flag
Set JanCO2Flag 1 ===>> OK
JanCO2Flag acquired
set extraction state False (0.75, 'red', 1.5)
CO2 acquired
executed 0
WaitForCO2Access.py completed successfully
gosub finished
doing GOSUB
testing...
no interpolation path defined
executed 0
Prepare for CO2 analysis
close () {'description': 'Jan Inlet'}
closing name=--- desc=Jan Inlet
checking ownership. requestor=129.138.12.150
check software interlocks R
interlocks []
actuate state mode=None-script, software_lock=False
doing actuation None-script close_channel False
Close R ===>> OK
Get Checksum: 192129876
GetValveState R ===>> False
change switch state (True, True)
update switch state R False args=() kw={} ncanvase=3
18:08:34 -- CLOSE  VALVE-R (Jan Inlet)
---------------------------------------- close None (Jan Inlet) result=[(True, True)]
action=close, ok=True, locked=[False]
open () {'description': 'Jan Ion Pump'}
opening name=--- desc=Jan Ion Pump
checking ownership. requestor=129.138.12.150
check software interlocks O
interlocks []
actuate state mode=None-script, software_lock=False
doing actuation None-script open_channel False
Open O ===>> OK
GetValveState O ===>> OK
change switch state (True, True)
update switch state O True args=() kw={} ncanvase=3
18:08:34 -- OPEN   VALVE-O (Jan Ion Pump)
---------------------------------------- open None (Jan Ion Pump) result=[(True, True)], time=0.09 sec
action=open, ok=True, locked=[False]
close () {'description': 'Microbone to Minibone'}
closing name=--- desc=Microbone to Minibone
checking ownership. requestor=129.138.12.150
check software interlocks L
interlocks []
actuate state mode=None-script, software_lock=False
doing actuation None-script close_channel False
Close L ===>> OK
GetValveState L ===>> False
change switch state (True, True)
update switch state L False args=() kw={} ncanvase=3
18:08:35 -- CLOSE  VALVE-L (Microbone to Minibone)
---------------------------------------- close None (Microbone to Minibone) result=[(True, True)]
action=close, ok=True, locked=[False]
open () {'description': 'Microbone to Turbo'}
opening name=--- desc=Microbone to Turbo
checking ownership. requestor=129.138.12.150
check software interlocks U
interlocks []
actuate state mode=None-script, software_lock=False
doing actuation None-script open_channel False
Open U ===>> OK
GetValveState U ===>> OK
change switch state (True, True)
update switch state U True args=() kw={} ncanvase=3
18:08:35 -- OPEN   VALVE-U (Microbone to Turbo)
---------------------------------------- open None (Microbone to Turbo) result=[(True, True)], time=0.14 sec
action=open, ok=True, locked=[False]
open () {'description': 'Microbone to Inlet Pipette'}
opening name=--- desc=Microbone to Inlet Pipette
checking ownership. requestor=129.138.12.150
check software interlocks S
interlocks []
actuate state mode=None-script, software_lock=False
doing actuation None-script open_channel False
Open S ===>> OK
GetValveState S ===>> OK
change switch state (True, True)
update switch state S True args=() kw={} ncanvase=3
18:08:36 -- OPEN   VALVE-S (Microbone to Inlet Pipette)
---------------------------------------- open None (Microbone to Inlet Pipette) result=[(True, True)], time=0.40 sec
action=open, ok=True, locked=[False]
open () {'description': 'Microbone to Getter D-50'}
opening name=--- desc=Microbone to Getter D-50
checking ownership. requestor=129.138.12.150
check software interlocks K
interlocks []
actuate state mode=None-script, software_lock=False
doing actuation None-script open_channel False
Open K ===>> OK
GetValveState K ===>> OK
change switch state (True, True)
update switch state K True args=() kw={} ncanvase=3
18:08:36 -- OPEN   VALVE-K (Microbone to Getter D-50)
---------------------------------------- open None (Microbone to Getter D-50) result=[(True, True)], time=0.40 sec
action=open, ok=True, locked=[False]
open () {'description': 'Microbone to Getter NP-10'}
opening name=--- desc=Microbone to Getter NP-10
checking ownership. requestor=129.138.12.150
check software interlocks M
interlocks []
actuate state mode=None-script, software_lock=False
doing actuation None-script open_channel False
Open M ===>> OK
Get Checksum: 192129876
GetValveState M ===>> OK
change switch state (True, True)
update switch state M True args=() kw={} ncanvase=3
18:08:37 -- OPEN   VALVE-M (Microbone to Getter NP-10)
---------------------------------------- open None (Microbone to Getter NP-10) result=[(True, True)], time=0.14 sec
action=open, ok=True, locked=[False]
close () {'description': 'CO2 Laser to Felix'}
closing name=--- desc=CO2 Laser to Felix
checking ownership. requestor=129.138.12.150
check software interlocks F
interlocks []
actuate state mode=None-script, software_lock=True
VALVE-F(CO2 Laser to Felix) software locked
change switch state (True, False)
---------------------------------------- close None (CO2 Laser to Felix) result=[(True, False)]
action=close, ok=True, locked=[True]
open () {'description': 'CO2 Laser to Jan'}
opening name=--- desc=CO2 Laser to Jan
checking ownership. requestor=129.138.12.150
check software interlocks A
interlocks []
actuate state mode=None-script, software_lock=False
doing actuation None-script open_channel False
Open A ===>> OK
GetValveState A ===>> OK
change switch state (True, True)
update switch state A True args=() kw={} ncanvase=3
18:08:37 -- OPEN   VALVE-A (CO2 Laser to Jan)
---------------------------------------- open None (CO2 Laser to Jan) result=[(True, True)], time=0.14 sec
action=open, ok=True, locked=[False]
open () {'description': 'Microbone to CO2 Laser'}
opening name=--- desc=Microbone to CO2 Laser
checking ownership. requestor=129.138.12.150
check software interlocks T
interlocks []
actuate state mode=None-script, software_lock=False
doing actuation None-script open_channel False
Open T ===>> OK
GetValveState T ===>> OK
change switch state (True, True)
update switch state T True args=() kw={} ncanvase=3
18:08:38 -- OPEN   VALVE-T (Microbone to CO2 Laser)
---------------------------------------- open None (Microbone to CO2 Laser) result=[(True, True)], time=0.44 sec
action=open, ok=True, locked=[False]
executed 0
PrepareForCO2Analysis.py completed successfully
gosub finished
set_motor ('beam', '1.25') {}
setting motor "beam" to 1.25
set motor beam to 1.25
SetMotor beam,1.25 ===>> OK
GetMotorMoving beam ===>> False
GetMotorMoving beam ===>> False
Block completed
move_to_position ('178',) {'autocenter': True}
FusionsCO2 move to position 178
sending GoToHole 178,True
GoToHole 178,True ===>> OK
Get Checksum: 192129876
GetDriveMoving ===>> OK
GetDriveMoving ===>> OK
GetDriveMoving ===>> OK
GetDriveMoving ===>> OK
GetDriveMoving ===>> OK
GetDriveMoving ===>> OK
GetDriveMoving ===>> False
GetDriveMoving ===>> False
Block completed
GetAutoCorrecting ===>> OK
GetAutoCorrecting ===>> OK
Get Checksum: 192129876
GetAutoCorrecting ===>> False
GetAutoCorrecting ===>> False
Block completed
update position
GetPosition ===>> 3.98780,-7.97560,1.00000
got position (3.9878, -7.9756, 1.0)
move to position succeeded
sleep (5,) {}
SLEEP 5.0
block started
WaitControl setup for 5.0  
Get Checksum: 192129876
Join finished
block finished. duration 5.0080769062
close () {'description': 'Microbone to Turbo'}
closing name=--- desc=Microbone to Turbo
checking ownership. requestor=129.138.12.150
check software interlocks U
interlocks []
actuate state mode=None-script, software_lock=False
doing actuation None-script close_channel True
Close U ===>> OK
Get Checksum: 38271967
State checksums do not match. Local:192129876 Remote:38271967
State checksum failed
GetValveState U ===>> False
change switch state (True, True)
update switch state U False args=() kw={} ncanvase=3
18:08:49 -- CLOSE  VALVE-U (Microbone to Turbo)
---------------------------------------- close None (Microbone to Turbo) result=[(True, True)]
action=close, ok=True, locked=[False]
enable laser
enable () {}
set extraction state FusionsCO2 Enabled (False, 'red', 1.5)
enabling laser
Enable ===>> OK
begin interval
BEGIN INTERVAL Interval 1 waiting for 30.0
block started
set extract to 5.0
WaitControl setup for 30.0  
extract (5.0,) {}
GetPosition ===>> 3.98780,-7.97560,1.00000
set extraction state FusionsCO2 ON! 5.0(watts) (0.75, 'red', 1.5)
extract sample to 5.0 (watts)
set laser output
SetLaserOutput 5.0,watts ===>> OK
executing pattern triangle.lp
execute_pattern ('triangle.lp',) {}
executing pattern triangle.lp
IsPatterning ===>> OK
Get Checksum: 38271967
IsPatterning ===>> OK
IsPatterning ===>> OK
IsPatterning ===>> OK
Get Checksum: 38271967
IsPatterning ===>> OK
IsPatterning ===>> OK
IsPatterning ===>> OK
Get Checksum: 38271967
IsPatterning ===>> OK
IsPatterning ===>> OK
IsPatterning ===>> OK
Get Checksum: 38271967
IsPatterning ===>> OK
IsPatterning ===>> OK
IsPatterning ===>> OK
Get Checksum: 38271967
IsPatterning ===>> OK
IsPatterning ===>> OK
IsPatterning ===>> OK
Get Checksum: 38271967
IsPatterning ===>> OK
IsPatterning ===>> OK
IsPatterning ===>> OK
Get Checksum: 38271967
IsPatterning ===>> OK
IsPatterning ===>> OK
IsPatterning ===>> OK
Get Checksum: 38271967
IsPatterning ===>> OK
IsPatterning ===>> OK
IsPatterning ===>> OK
Get Checksum: 38271967
IsPatterning ===>> OK
IsPatterning ===>> OK
IsPatterning ===>> OK
Get Checksum: 38271967
Join finished
block finished. duration 30.0284028053
Interval 1 finished
IsPatterning ===>> False
IsPatterning ===>> False
Block completed
COMPLETE INTERVAL waiting for Interval 1 to complete
end_extract () {}
ending extraction. set laser power to 0
set laser power 0
SetLaserPower 0 ===>> OK
disable () {}
%%%%%%%%%%%%%%%%%%%%%%%%%%%%%%%%%%% disable
set extraction state False (0.75, 'red', 1.5)
disabling laser
Disable ===>> OK
sleep (30.0,) {}
SLEEP 30.0
block started
WaitControl setup for 30.0  
Get Checksum: 38271967
Get Checksum: 38271967
Get Checksum: 38271967
Get Checksum: 38271967
Get Checksum: 38271967
Get Checksum: 38271967
Get Checksum: 38271967
Get Checksum: 38271967
Get Checksum: 38271967
Join finished
block finished. duration 30.0395278931
executed 165.0
jan_co2.py completed successfully
GetAchievedOutput ===>> No Response
Requested Output= 0.000
Achieved Output=  0.000
GetResponseBlob ===>> No Response
GetOutputBlob ===>> No Response
persistence save...
persistence save - db
AutomatedRunPersister post_extraction_save deprecated
persistence save - dvc
no extraction position for 178
create new session 4983039568
close session 4983039568
Extraction Finished
18:09:51 -- ******* Extraction Finished *******
no overlap. not waiting for min ms pumptime
18:09:51 -- Sending spectrometer configuration
======== Sending configuration ========
SetDeflection CDD,50.0 ===>> OK
SetDeflection H2,0.0 ===>> OK
SetDeflection H1,0.0 ===>> OK
SetDeflection L2,825.0 ===>> OK
SetDeflection L1,400.0 ===>> OK
SetDeflection AX,190.0 ===>> OK
SetZFocus 74.64 ===>> OK
SetZSymmetry -50.72 ===>> OK
SetExtractionLens 26.13 ===>> OK
SetIonRepeller -3.81 ===>> OK
SetElectronEnergy 75.08 ===>> OK
SetYSymmetry -2.81 ===>> OK
SetIonCounterVoltage 1590.0 ===>> OK
send trap current 200.0
GetParameter Trap Current Readback ===>> 198.035158395898
SetParameter Trap Current Set,200.0 ===>> OK
updating mftable name mftable
Using mftable located at /Users/jan/PychronDev/setupfiles/spectrometer/mftables/mftable.csv
============ MFtable ===========
Isotope  H2     H1     AX     L1     L2     CDD    
Ar40     5.7728 5.8787 5.9921 6.1127 6.2303 6.3409
Ar39     5.6720 5.7710 5.8845 5.9987 6.1154 6.2274
Ar36     5.3495 5.4400 5.5479 5.6576 5.7704 5.8785
================================
get initial guess parabolic
get initial guess parabolic
get initial guess parabolic
get initial guess parabolic
get initial guess parabolic
get initial guess parabolic
======== Configuration Finished ========
GetYSymmetry ===>> -2.81
GetZSymmetry ===>> -50.72
GetParameter Trap Current Readback ===>> 198.258926936459
GetHighVoltage ===>> 4499.94659342336
start measurement
do measurement
L#=65511 analysis type=unknown
Measurement Started jan_co2_whiff_120_60_large.py
18:09:51 -- ******* Measurement Started jan_co2_whiff_120_60_large.py *******
state changed from extraction to measurement
setting spec, defl, and gains
GetExtractionLens ===>> 26.13
GetYSymmetry ===>> -2.81
GetZSymmetry ===>> -50.72
GetZFocus ===>> 74.64
GetDeflection H2 ===>> 0
GetDeflection H1 ===>> 0
GetDeflection AX ===>> 190
GetDeflection L1 ===>> 400
GetDeflection L2 ===>> 825
GetDeflection CDD ===>> 50
GetGain H2 ===>> 0.0113
GetGain H1 ===>> 0.1
GetGain AX ===>> 0.097049
GetGain L1 ===>> 0.010355
GetGain L2 ===>> 0.095649
GetGain CDD ===>> 0
pre measurement save
New frame /Users/jan/PychronDev/data/isotopes/3b/355d96-6bcf-4e62-8207-bd7a820f18c8.h5
Get Checksum: 38271967
flush and close file /Users/jan/PychronDev/data/isotopes/3b/355d96-6bcf-4e62-8207-bd7a820f18c8.h5
testing...
no interpolation path defined
executed 266.04
co2 whiff measurement script
activate_detectors ('H2', 'H1', 'AX', 'L1', 'L2', 'CDD') {}
activate detectors
*************** Set Analysis View Ar/Ar
create graphs
clearing graphs
clear isotope group
setting isotope det=H2, iso=PM41
setting isotope det=H1, iso=Ar40
setting isotope det=AX, iso=Ar39
setting isotope det=L1, iso=Ar38
setting isotope det=L2, iso=Ar37
setting isotope det=CDD, iso=Ar36
setting previous blanks
 - setting Ar40 blank 0.640+/-0.007
 - setting Ar36 blank 0.00609+/-0.00020
 - setting Ar37 blank 0.038+/-0.006
 - setting Ar38 blank 0.0171+/-0.0024
 - setting PM41 blank 0.03+/-0.06
 - setting Ar39 blank 0.021+/-0.010
load analysis view
position_magnet ('Ar40',) {'detector': 'H1'}
detector Detector(H1)
POSITION Ar40 H1
setting detector H2 to PM41 (40.9624)
setting detector H1 to Ar40 (39.9624)
setting detector AX to Ar39 (38.9624)
setting detector L1 to Ar38 (37.9624)
setting detector L2 to Ar37 (36.9624)
setting detector CDD to Ar36 (35.9624)
Mapping mass to dac mass func: "parabolic"
H1 map mass coeffs = [-0.00063987  0.15840543  0.57033999]
H1 map mass to dac 39.9624 >> 5.87873
GetDeflection H1 ===>> 0
GetHighVoltage ===>> 4499.94659342336
positioning Ar40 (5.87869538071) on H1
setting magnet DAC
current  : 5.878695
requested: 5.878695
Delta Dac: 0.000000
Checking detector protection. dv=0.00000
Checking detector "CDD". Protection Threshold: 0.1 (V)
SetMagnetDAC 5.87869538071 ===>> OK
Magnet settling time: 0.500
close ('S',) {}
closing name=S desc=---
checking ownership. requestor=129.138.12.150
check software interlocks S
interlocks []
actuate state mode=None-script, software_lock=False
doing actuation None-script close_channel True
Close S ===>> OK
GetValveState S ===>> False
change switch state (True, True)
update switch state S False args=() kw={} ncanvase=3
18:09:53 -- CLOSE  VALVE-S (Microbone to Inlet Pipette)
---------------------------------------- close S () result=[(True, True)]
action=close, ok=True, locked=[False]
equilibrate () {'do_post_equilibration': False, 'inlet': 'R', 'outlet': 'O', 'eqtime': 4}
Equilibration Started
18:09:54 -- ******* Equilibration Started *******
checking ownership. requestor=129.138.12.150
check software interlocks O
interlocks []
actuate state mode=None-script, software_lock=False
doing actuation None-script close_channel True
Close O ===>> OK
GetValveState O ===>> False
change switch state (True, True)
update switch state O False args=() kw={} ncanvase=3
18:09:54 -- CLOSE  VALVE-O (Jan Ion Pump)
waiting 3s before opening inlet value ('R',)
Get Checksum: -2122905146
checking ownership. requestor=129.138.12.150
check software interlocks R
interlocks []
actuate state mode=None-script, software_lock=False
doing actuation None-script open_channel True
Open R ===>> OK
GetValveState R ===>> OK
change switch state (True, True)
update switch state R True args=() kw={} ncanvase=3
18:09:57 -- OPEN   VALVE-R (Jan Inlet)
equilibrating for 4sec
set_time_zero (0,) {}
sniff (4,) {}
py_sniff
build tables- sniff [Detector(H2), Detector(H1), Detector(AX), Detector(L1), Detector(L2), Detector(CDD)]
add group /sniff/PM41 (Group) '' table H2
add group /sniff/Ar40 (Group) '' table H1
add group /sniff/Ar39 (Group) '' table AX
add group /sniff/Ar38 (Group) '' table L1
add group /sniff/Ar37 (Group) '' table L2
add group /sniff/Ar36 (Group) '' table CDD
flush and close file /Users/jan/PychronDev/data/isotopes/3b/355d96-6bcf-4e62-8207-bd7a820f18c8.h5
measuring sniff. ncounts=4
Get Checksum: -1800838140
starting measurement
GetData ===>> H2,0.384769746812546,H1,0.884091032006906,AX,1.7354393964129,L1,0.0360164654880636,L2,0.440350564...
GetData ===>> H2,5.76090288435422,H1,6.42844366095712,AX,6.87750785200358,L1,0.806929327020329,L2,1.20481743818...
GetData ===>> H2,2.74274814289361,H1,6.59374634745784,AX,3.36826576398372,L1,0.834311934781431,L2,0.30020394133...
Get Checksum: -1800838140
GetData ===>> H2,0.860687344480929,H1,6.2423647181802,AX,2.15166303480081,L1,0.55550880295406,L2,0.185796271608...
Equilibration Finished
18:10:02 -- ******* Equilibration Finished *******
checking ownership. requestor=129.138.12.150
check software interlocks R
interlocks []
actuate state mode=None-script, software_lock=False
doing actuation None-script close_channel True
measurement finished
estimated time: 4.194 actual time: :4.257
flush and close file /Users/jan/PychronDev/data/isotopes/3b/355d96-6bcf-4e62-8207-bd7a820f18c8.h5
set_fits () {}
using default fits file=/Users/jan/PychronDev/scripts/measurement/fits/nominal_linear.yaml
set "Ar40" to "('Linear', 'SEM')"
No fit for "PM41". defaulting to linear. check the measurement script "jan_co2_whiff_120_60_large.py"
set "PM41" to "linear"
set "Ar36" to "('Linear', 'SEM')"
set "Ar37" to "('linear', 'SEM')"
set "Ar38" to "('linear', 'SEM')"
set "Ar39" to "('Linear', 'SEM')"
set_baseline_fits () {}
using default fits file=/Users/jan/PychronDev/scripts/measurement/fits/nominal_linear.yaml
set "H1" to "('average', 'SEM')"
set "H2" to "('average', 'SEM')"
set "CDD" to "('average', 'SEM')"
set "L2" to "('average', 'SEM')"
set "L1" to "('average', 'SEM')"
set "AX" to "('average', 'SEM')"
whiff () {'ncounts': 1, 'conditionals': [{'action': 'run_remainder', 'attr': 'Ar40', 'teststr': 'Ar40.cur<=175'}, {'action': 'run_pipette', 'attr': 'Ar40', 'teststr': 'Ar40.cur>500'}, {'action': 'run_chamber_split', 'attr': 'Ar40', 'teststr': 'Ar40.cur>=300'}, {'action': 'pump', 'attr': 'Ar40', 'teststr': 'Ar40.cur>175'}]}
build tables- whiff [Detector(H2), Detector(H1), Detector(AX), Detector(L1), Detector(L2), Detector(CDD)]
add group /whiff/PM41 (Group) '' table H2
add group /whiff/Ar40 (Group) '' table H1
add group /whiff/Ar39 (Group) '' table AX
add group /whiff/Ar38 (Group) '' table L1
add group /whiff/Ar37 (Group) '' table L2
add group /whiff/Ar36 (Group) '' table CDD
flush and close file /Users/jan/PychronDev/data/isotopes/3b/355d96-6bcf-4e62-8207-bd7a820f18c8.h5
measuring whiff. ncounts=1
Close R ===>> OK
GetValveState R ===>> False
change switch state (True, True)
update switch state R False args=() kw={} ncanvase=3
18:10:02 -- CLOSE  VALVE-R (Jan Inlet)
starting measurement
GetData ===>> H2,0.320877304356348,H1,6.20862570783223,AX,1.90184401926461,L1,0.284264406468262,L2,0.0142709105...
testing Ar40<=175
evaluate ot="Ar40.cur<=175" t="Ar40<=175", ctx="{'Ar40': 6.2086257078322298}"
condition Ar40<=175 is true trips=1/1
18:10:04 -- Conditional tripped: Ar40.cur<=175 condition Ar40<=175 is True
measurement finished
estimated time: 1.049 actual time: :1.101
flush and close file /Users/jan/PychronDev/data/isotopes/3b/355d96-6bcf-4e62-8207-bd7a820f18c8.h5
WHIFF Result=run_remainder
Whiff result=run_remainder
open ('R',) {}
opening name=R desc=---
checking ownership. requestor=129.138.12.150
check software interlocks R
interlocks []
actuate state mode=None-script, software_lock=False
doing actuation None-script open_channel True
Open R ===>> OK
set states for children of R. state=True
handle state [('R', True)]
update switch state R True args=() kw={'refresh': False} ncanvase=3
refresh_canvas_needed fired
Get Checksum: -1800838140
GetValveState R ===>> OK
change switch state (True, True)
update switch state R True args=() kw={} ncanvase=3
18:10:04 -- OPEN   VALVE-R (Jan Inlet)
---------------------------------------- open R () result=[(True, True)], time=0.39 sec
action=open, ok=True, locked=[False]
open ('S',) {}
opening name=S desc=---
checking ownership. requestor=129.138.12.150
check software interlocks S
interlocks []
actuate state mode=None-script, software_lock=False
doing actuation None-script open_channel True
Open S ===>> OK
GetValveState S ===>> OK
change switch state (True, True)
update switch state S True args=() kw={} ncanvase=3
18:10:05 -- OPEN   VALVE-S (Microbone to Inlet Pipette)
---------------------------------------- open S () result=[(True, True)], time=0.51 sec
action=open, ok=True, locked=[False]
sleep (12.0,) {}
SLEEP 12.0
block started
WaitControl setup for 12.0  
Get Checksum: 1775861429
Get Checksum: 1775861429
Get Checksum: 1775861429
Get Checksum: 1775861429
Join finished
block finished. duration 12.0157849789
close ('R',) {}
closing name=R desc=---
checking ownership. requestor=129.138.12.150
check software interlocks R
interlocks []
actuate state mode=None-script, software_lock=False
doing actuation None-script close_channel True
Close R ===>> OK
GetValveState R ===>> False
change switch state (True, True)
update switch state R False args=() kw={} ncanvase=3
18:10:18 -- CLOSE  VALVE-R (Jan Inlet)
---------------------------------------- close R () result=[(True, True)]
action=close, ok=True, locked=[False]
post_equilibration () {}
Post Equilibration Started jan_pump_extraction_line.py
multicollect () {'integration_time': 1, 'ncounts': 120.0}
build tables- signal [Detector(H2), Detector(H1), Detector(AX), Detector(L1), Detector(L2), Detector(CDD)]
18:10:18 -- ******* Post Equilibration Started jan_pump_extraction_line.py *******
add group /signal/PM41 (Group) '' table H2
add group /signal/Ar40 (Group) '' table H1
testing...
add group /signal/Ar39 (Group) '' table AX
no interpolation path defined
add group /signal/Ar38 (Group) '' table L1
add group /signal/Ar37 (Group) '' table L2
calculate duration
add group /signal/Ar36 (Group) '' table CDD
testing...
flush and close file /Users/jan/PychronDev/data/isotopes/3b/355d96-6bcf-4e62-8207-bd7a820f18c8.h5
no interpolation path defined
measuring signal. ncounts=120.0
executed 4.0
executed 4.0
Pump after analysis
doing GOSUB
testing...
no interpolation path defined
executed 4.0
Pump Microbone
close () {'description': 'Jan Inlet'}
closing name=--- desc=Jan Inlet
checking ownership. requestor=129.138.12.150
check software interlocks R
interlocks []
actuate state mode=None-script, software_lock=False
doing actuation None-script close_channel False
Close R ===>> OK
GetValveState R ===>> False
change switch state (True, True)
update switch state R False args=() kw={} ncanvase=3
18:10:18 -- CLOSE  VALVE-R (Jan Inlet)
---------------------------------------- close None (Jan Inlet) result=[(True, True)]
starting measurement
GetData ===>> H2,0.197938498064065,H1,165.211908177623,AX,39.3045218431547,L1,0.511180617774878,L2,0.2195041394...
action=close, ok=True, locked=[False]
is_closed ('F',) {}
is F () closed?
is closed True
open () {'description': 'CO2 Laser to Jan'}
opening name=--- desc=CO2 Laser to Jan
checking ownership. requestor=129.138.12.150
check software interlocks A
interlocks []
actuate state mode=None-script, software_lock=False
doing actuation None-script open_channel False
Open A ===>> OK
GetValveState A ===>> OK
change switch state (True, True)
update switch state A True args=() kw={} ncanvase=3
18:10:19 -- OPEN   VALVE-A (CO2 Laser to Jan)
---------------------------------------- open None (CO2 Laser to Jan) result=[(True, True)], time=0.22 sec
action=open, ok=True, locked=[False]
sleep (1,) {}
SLEEP 1.0
Get Checksum: 1838806504
GetData ===>> H2,0.231788690174669,H1,165.068163977,AX,39.3515380274719,L1,0.534311711172207,L2,0.1696312037403...
close () {'description': 'CO2 Laser to Roughing'}
closing name=--- desc=CO2 Laser to Roughing
checking ownership. requestor=129.138.12.150
check software interlocks G
interlocks []
actuate state mode=None-script, software_lock=True
VALVE-G(CO2 Laser to Roughing) software locked
change switch state (True, False)
---------------------------------------- close None (CO2 Laser to Roughing) result=[(True, False)]
action=close, ok=True, locked=[True]
open () {'description': 'Microbone to Turbo'}
opening name=--- desc=Microbone to Turbo
checking ownership. requestor=129.138.12.150
check software interlocks U
interlocks []
actuate state mode=None-script, software_lock=False
doing actuation None-script open_channel True
Open U ===>> OK
GetValveState U ===>> OK
change switch state (True, True)
update switch state U True args=() kw={} ncanvase=3
18:10:20 -- OPEN   VALVE-U (Microbone to Turbo)
---------------------------------------- open None (Microbone to Turbo) result=[(True, True)], time=0.18 sec
action=open, ok=True, locked=[False]
open () {'description': 'Microbone to Getter NP-10'}
opening name=--- desc=Microbone to Getter NP-10
checking ownership. requestor=129.138.12.150
check software interlocks M
interlocks []
actuate state mode=None-script, software_lock=False
doing actuation None-script open_channel False
Open M ===>> OK
GetData ===>> H2,0.0371797646185024,H1,165.081569223693,AX,39.1429084426885,L1,0.566144629540937,L2,0.250518097...
GetValveState M ===>> OK
change switch state (True, True)
update switch state M True args=() kw={} ncanvase=3
18:10:21 -- OPEN   VALVE-M (Microbone to Getter NP-10)
---------------------------------------- open None (Microbone to Getter NP-10) result=[(True, True)], time=0.14 sec
action=open, ok=True, locked=[False]
open () {'description': 'Microbone to Getter D-50'}
opening name=--- desc=Microbone to Getter D-50
checking ownership. requestor=129.138.12.150
check software interlocks K
interlocks []
actuate state mode=None-script, software_lock=False
doing actuation None-script open_channel False
Open K ===>> OK
GetValveState K ===>> OK
change switch state (True, True)
update switch state K True args=() kw={} ncanvase=3
18:10:21 -- OPEN   VALVE-K (Microbone to Getter D-50)
---------------------------------------- open None (Microbone to Getter D-50) result=[(True, True)], time=0.41 sec
action=open, ok=True, locked=[False]
open () {'description': 'Microbone to CO2 Laser'}
opening name=--- desc=Microbone to CO2 Laser
checking ownership. requestor=129.138.12.150
check software interlocks T
interlocks []
actuate state mode=None-script, software_lock=False
doing actuation None-script open_channel False
GetData ===>> H2,-0.0389192516395509,H1,164.932644800894,AX,39.0942479521798,L1,0.522242013252984,L2,0.18667476...
Open T ===>> OK
GetValveState T ===>> OK
change switch state (True, True)
update switch state T True args=() kw={} ncanvase=3
18:10:22 -- OPEN   VALVE-T (Microbone to CO2 Laser)
---------------------------------------- open None (Microbone to CO2 Laser) result=[(True, True)], time=0.41 sec
action=open, ok=True, locked=[False]
open () {'description': 'Microbone to Inlet Pipette'}
opening name=--- desc=Microbone to Inlet Pipette
checking ownership. requestor=129.138.12.150
check software interlocks S
interlocks []
actuate state mode=None-script, software_lock=False
doing actuation None-script open_channel False
Open S ===>> OK
Get Checksum: 1695186306
GetValveState S ===>> OK
change switch state (True, True)
update switch state S True args=() kw={} ncanvase=3
18:10:23 -- OPEN   VALVE-S (Microbone to Inlet Pipette)
---------------------------------------- open None (Microbone to Inlet Pipette) result=[(True, True)], time=0.40 sec
GetData ===>> H2,-0.078404510039456,H1,164.922071605396,AX,39.087922462706,L1,0.480750132473956,L2,0.2017586743...
action=open, ok=True, locked=[False]
sleep (1,) {}
SLEEP 1.0
GetData ===>> H2,-0.0627607084889272,H1,164.911172717663,AX,39.0816112472001,L1,0.489165640257181,L2,0.10626354...
set_resource () {'name': 'CO2PumpTimeFlag', 'value': 30}
Set CO2PumpTimeFlag 30 ===>> OK
release ('JanCO2Flag',) {}
release JanCO2Flag
Set JanCO2Flag 0 ===>> OK
executed 6.0
PumpMicrobone.py completed successfully
gosub finished
get_resource_value () {'name': 'JanMiniboneFlag'}
Read JanMiniboneFlag ===>> 0
Get Resource Value JanMiniboneFlag=0.0
get resource value 0.0
get_resource_value () {'name': 'JanMiniboneFlag'}
Read JanMiniboneFlag ===>> 0
Get Resource Value JanMiniboneFlag=0.0
executed 4.0
jan_pump_extraction_line.py completed successfully
Post Equilibration Finished
18:10:24 -- ******* Post Equilibration Finished *******
GetData ===>> H2,-0.0609791746665012,H1,164.865331542895,AX,39.0727231816555,L1,0.504512286986973,L2,0.14149429...
Get Checksum: 1695186306
GetData ===>> H2,-0.184597578230882,H1,164.984083647178,AX,38.979550639498,L1,0.471153338457941,L2,0.1899149785...
GetData ===>> H2,-0.259735005047022,H1,164.720644595426,AX,38.9483611938629,L1,0.487846961792074,L2,0.148473577...
GetData ===>> H2,-0.301899060259122,H1,164.592407817603,AX,39.0648665830834,L1,0.484131481287079,L2,0.151484404...
Get Checksum: 1695186306
GetData ===>> H2,-0.19274057602129,H1,164.466757022773,AX,38.9432681262422,L1,0.4892148020803,L2,0.098694616992...
GetData ===>> H2,-0.162786167644054,H1,164.588581907628,AX,38.8852514321866,L1,0.461950589232089,L2,0.068558574...
GetData ===>> H2,-0.238757858440046,H1,164.575452690472,AX,38.9862739535885,L1,0.461209522282066,L2,-0.00609754...
Get Checksum: 1695186306
GetData ===>> H2,-0.120153378420962,H1,164.332746401294,AX,38.9526055865131,L1,0.52214848566831,L2,0.1690152283...
GetData ===>> H2,-0.154975256846722,H1,164.155941053844,AX,38.8794472314984,L1,0.526163549919264,L2,0.117903081...
GetData ===>> H2,-0.128542522774793,H1,164.248640615272,AX,38.9393023667072,L1,0.505023852860925,L2,0.246202709...
Get Checksum: 1695186306
GetData ===>> H2,-0.136284855544981,H1,164.567106129912,AX,38.9102531573187,L1,0.455223071852552,L2,0.148792903...
GetData ===>> H2,-0.135059808013799,H1,164.263975657583,AX,38.7742560899007,L1,0.48273360803205,L2,0.1018406652...
GetData ===>> H2,0.0180637683228994,H1,164.15583250857,AX,38.8870609542168,L1,0.505503468893394,L2,0.1576203979...
Get Checksum: 1695186306
GetData ===>> H2,-0.26676606552438,H1,164.115045772916,AX,38.86113178949,L1,0.465920622011556,L2,0.130171156386...
GetData ===>> H2,-0.218385555025174,H1,164.020854897617,AX,38.7149750527276,L1,0.488358190841754,L2,0.164908826...
GetData ===>> H2,-0.0920149425679124,H1,164.009026424938,AX,38.9729529806957,L1,0.448071329407232,L2,0.07869227...
Get Checksum: 1695186306
GetData ===>> H2,-0.109146412586133,H1,164.047900494053,AX,38.9232015884635,L1,0.44512570179928,L2,0.1731788430...
GetData ===>> H2,-0.15885774843283,H1,164.042669050136,AX,38.8075102299894,L1,0.461348161548171,L2,0.0561156433...
18:10:44 -- collecting point 25
GetData ===>> H2,-0.229964807176051,H1,163.960136321726,AX,38.6375775181618,L1,0.397046843298463,L2,0.198324079...
Get Checksum: 1695186306
GetData ===>> H2,-0.222482341031621,H1,163.998956550922,AX,38.7463499515206,L1,0.483167198707184,L2,0.111245230...
GetData ===>> H2,-0.197662047489115,H1,163.877937519463,AX,38.7431662670927,L1,0.480459091073262,L2,0.226169523...
Get Checksum: 1695186306
GetData ===>> H2,-0.157588047149423,H1,163.645737893053,AX,38.6284450482037,L1,0.525683432522984,L2,0.167840323...
GetData ===>> H2,-0.0770655699029583,H1,163.706849001545,AX,38.5639959801451,L1,0.470585984555461,L2,0.30800985...
GetData ===>> H2,-0.0917981749612413,H1,163.549450408039,AX,38.7308752965339,L1,0.459446635227467,L2,0.05851058...
Get Checksum: 1695186306
GetData ===>> H2,-0.100748592136813,H1,163.449257002188,AX,38.6311833241193,L1,0.494207175926162,L2,-0.00780706...
GetData ===>> H2,-0.182252970176918,H1,163.473290942924,AX,38.564107116489,L1,0.497046813344522,L2,0.1915807662...
GetData ===>> H2,-0.174529058268639,H1,163.480118114988,AX,38.6863517282801,L1,0.493980924014554,L2,0.131311391...
Get Checksum: 1695186306
GetData ===>> H2,-0.13896435488354,H1,163.44440292186,AX,38.6036089023348,L1,0.445597779392944,L2,0.12418514261...
GetData ===>> H2,-0.0491250136690015,H1,163.258045391615,AX,38.6171729242868,L1,0.454281736960043,L2,0.21681072...
GetData ===>> H2,-0.122563661005831,H1,163.152489088464,AX,38.7826695630617,L1,0.506104865098891,L2,0.243622702...
Get Checksum: 1695186306
GetData ===>> H2,-0.224305950243408,H1,163.034604149955,AX,38.6274998714395,L1,0.529194959866987,L2,0.153366219...
GetData ===>> H2,-0.149347854958442,H1,163.040404727035,AX,38.733240347264,L1,0.494269887932042,L2,0.2072588462...
GetData ===>> H2,-0.0233122862952807,H1,163.249078842624,AX,38.6356592231488,L1,0.450300118207871,L2,0.08855045...
Get Checksum: 1695186306
GetData ===>> H2,-0.129223767089442,H1,163.072527693869,AX,38.4733740889401,L1,0.421469625449457,L2,0.149899146...
GetData ===>> H2,-0.152226798470947,H1,163.135924446154,AX,38.4267054370426,L1,0.443075787414661,L2,0.017439979...
GetData ===>> H2,-0.16603833814049,H1,163.161234398737,AX,38.4695121045084,L1,0.484778891010027,L2,0.2121659052...
Get Checksum: 1695186306
GetData ===>> H2,-0.21965880276712,H1,163.032396516306,AX,38.3227898160561,L1,0.502706022803103,L2,0.0728358495...
GetData ===>> H2,-0.160915983194613,H1,162.933336233886,AX,38.483765962906,L1,0.452509757155918,L2,0.1233072254...
GetData ===>> H2,-0.12089599477181,H1,162.800475854254,AX,38.5817930365869,L1,0.463888166810011,L2,0.1715133754...
Get Checksum: 1695186306
GetData ===>> H2,-0.216206460262576,H1,162.725634990236,AX,38.5014259374219,L1,0.488564655910215,L2,0.240392083...
GetData ===>> H2,-0.165418756215002,H1,162.607360170727,AX,38.3981162293434,L1,0.494015353333211,L2,0.098147488...
GetData ===>> H2,-0.193184031937837,H1,162.542381033265,AX,38.4232060412829,L1,0.440766444791523,L2,0.094135310...
Get Checksum: 1695186306
GetData ===>> H2,-0.214767062494254,H1,162.662941895094,AX,38.4274830948132,L1,0.439908540813369,L2,0.083957442...
18:11:10 -- collecting point 50
GetData ===>> H2,-0.310953901212933,H1,162.662898651039,AX,38.4338989694042,L1,0.474093763568656,L2,0.051896134...
Get Checksum: 1695186306
GetData ===>> H2,-0.167419114520351,H1,162.635678563672,AX,38.352244348293,L1,0.487011353482063,L2,0.0277800837...
GetData ===>> H2,-0.153548370469986,H1,162.33865740073,AX,38.4927415086608,L1,0.512320114106743,L2,0.1641560056...
GetData ===>> H2,-0.0839252952586699,H1,162.431963054724,AX,38.3466333870805,L1,0.47990159166907,L2,0.153446054...
Get Checksum: 1695186306
GetData ===>> H2,-0.114982123477885,H1,162.492015698538,AX,38.2007738229587,L1,0.456945188743073,L2,0.192447900...
testing age>100.0
evaluate ot="age>100.0" t="age>100.0", ctx="{'age': 28.86181108154151}"
GetData ===>> H2,-0.172500757581664,H1,162.404957733919,AX,38.2840700340752,L1,0.431207825712938,L2,0.128335405...
GetData ===>> H2,-0.248816850289535,H1,162.316922958837,AX,38.3979912797685,L1,0.434276123165062,L2,0.156422821...
Get Checksum: 1695186306
GetData ===>> H2,-0.23322177402183,H1,162.38949089788,AX,38.264694150811,L1,0.460024416743699,L2,0.053298815655...
GetData ===>> H2,-0.110633036941477,H1,162.124216886561,AX,38.2666649028625,L1,0.488019007201094,L2,0.156650930...
GetData ===>> H2,-0.108983138858041,H1,162.034352041983,AX,38.2871654773282,L1,0.478976672772718,L2,0.155419150...
Get Checksum: 1695186306
testing age>100.0
evaluate ot="age>100.0" t="age>100.0", ctx="{'age': 28.88867431161941}"
GetData ===>> H2,-0.195928946059036,H1,162.130327501325,AX,38.3498971559016,L1,0.477036256526268,L2,0.213991851...
GetData ===>> H2,-0.228059988573487,H1,162.043502704017,AX,38.2650688687041,L1,0.459390208196649,L2,0.178780045...
GetData ===>> H2,-0.167725480992878,H1,161.910581258751,AX,38.226826104564,L1,0.456108029666341,L2,0.2127821583...
GetData ===>> H2,-0.0354414188578135,H1,161.874549891428,AX,38.405183040011,L1,0.486164754694721,L2,0.110971629...
GetData ===>> H2,-0.039550360413031,H1,161.895887362247,AX,38.1883046390037,L1,0.43114164000759,L2,0.1220644732...
Get Checksum: 1695186306
testing age>100.0
evaluate ot="age>100.0" t="age>100.0", ctx="{'age': 28.91087331393252}"
testing Ar39<0.5
evaluate ot="Ar39<0.5" t="Ar39<0.5", ctx="{'Ar39': 39.499887084933015}"
GetData ===>> H2,-0.0837478589444055,H1,162.013592112704,AX,38.1009864695374,L1,0.474805045008718,L2,0.14189342...
GetData ===>> H2,-0.107292059219378,H1,161.746252507093,AX,38.2185852958024,L1,0.449489259177446,L2,0.047882072...
GetData ===>> H2,-0.102027808107145,H1,161.637962411889,AX,38.2782263945872,L1,0.44018306230475,L2,0.1384039620...
Get Checksum: 1695186306
GetData ===>> H2,-0.174998878719374,H1,161.412760009748,AX,38.1723969241734,L1,0.468561203326938,L2,0.146215519...
GetData ===>> H2,-0.15742729822622,H1,161.5641125638,AX,38.2417415089764,L1,0.464218290773074,L2,0.190177395228...
testing age>100.0
evaluate ot="age>100.0" t="age>100.0", ctx="{'age': 28.935506092362516}"
testing Ar39<0.5
evaluate ot="Ar39<0.5" t="Ar39<0.5", ctx="{'Ar39': 39.48593919133063}"
GetData ===>> H2,-0.189091177086899,H1,161.545766572198,AX,38.0090096780091,L1,0.4811111825906,L2,0.19388553410...
Get Checksum: 1695186306
GetData ===>> H2,-0.14463761285661,H1,161.473931146707,AX,38.0063903609513,L1,0.51456624988655,L2,0.15723260978...
GetData ===>> H2,-0.181393518690926,H1,161.310328087664,AX,38.1853643808461,L1,0.516791944570217,L2,0.137252238...
Get Checksum: 1695186306
GetData ===>> H2,-0.189023759313797,H1,161.179927824133,AX,38.1286186594556,L1,0.48429732241029,L2,0.1238430959...
GetData ===>> H2,-0.231472280456383,H1,161.167415731342,AX,38.0425670987225,L1,0.473532389559575,L2,0.017040990...
testing age>100.0
evaluate ot="age>100.0" t="age>100.0", ctx="{'age': 28.93600038310643}"
testing Ar39<0.5
evaluate ot="Ar39<0.5" t="Ar39<0.5", ctx="{'Ar39': 39.48874389735039}"
18:11:36 -- collecting point 75
GetData ===>> H2,-0.0956803986743382,H1,161.025864983012,AX,38.0200973874509,L1,0.463419384414742,L2,0.24483278...
Get Checksum: 1695186306
GetData ===>> H2,-0.09421083631959,H1,161.183438257097,AX,37.9369438493855,L1,0.489048881866344,L2,0.1359979026...
GetData ===>> H2,-0.0965620448867784,H1,161.413794536349,AX,38.0078593886528,L1,0.498600397421674,L2,0.14147149...
GetData ===>> H2,-0.161230627877347,H1,161.107085581101,AX,38.1140942960356,L1,0.447150270332536,L2,0.210716584...
Get Checksum: 1695186306
GetData ===>> H2,-0.133940112454078,H1,161.011677802855,AX,38.0455615396499,L1,0.417805237447924,L2,0.106537132...
testing age>100.0
evaluate ot="age>100.0" t="age>100.0", ctx="{'age': 28.956389344862313}"
testing Ar39<0.5
evaluate ot="Ar39<0.5" t="Ar39<0.5", ctx="{'Ar39': 39.48559774836603}"
GetData ===>> H2,-0.114710100603865,H1,160.821953884714,AX,37.8500098525035,L1,0.435480155866786,L2,0.128495034...
GetData ===>> H2,-0.0729176497843766,H1,161.038481530038,AX,37.9351280186045,L1,0.476496838993738,L2,0.14289695...
Get Checksum: 1695186306
GetData ===>> H2,-0.100208435483469,H1,161.008470233735,AX,37.9221269439358,L1,0.476730296420292,L2,0.196897789...
GetData ===>> H2,-0.160732323891338,H1,160.83591847273,AX,37.8677544056542,L1,0.469414534420274,L2,0.1963044590...
GetData ===>> H2,-0.118620648652043,H1,160.924813704153,AX,37.9344488220096,L1,0.484964399200014,L2,0.213615247...
Get Checksum: 1695186306
testing age>100.0
evaluate ot="age>100.0" t="age>100.0", ctx="{'age': 28.963683630584345}"
testing Ar39<0.5
evaluate ot="Ar39<0.5" t="Ar39<0.5", ctx="{'Ar39': 39.49280166212449}"
GetData ===>> H2,-0.0945643613028363,H1,160.728446960213,AX,38.0472528783015,L1,0.491086812813691,L2,0.04561283...
GetData ===>> H2,-0.0446042136956228,H1,160.742619383041,AX,37.9288213456571,L1,0.464296834835111,L2,0.15294423...
GetData ===>> H2,-0.0758281298230951,H1,160.729973829359,AX,37.9760118684152,L1,0.45867864350511,L2,0.121699631...
Get Checksum: 1695186306
GetData ===>> H2,-0.229153111023234,H1,160.712619894593,AX,37.9124810302889,L1,0.424183486714876,L2,0.185214418...
GetData ===>> H2,-0.354613943934143,H1,160.503502900242,AX,37.9474789995225,L1,0.441816861767336,L2,0.145850585...
testing age>100.0
evaluate ot="age>100.0" t="age>100.0", ctx="{'age': 28.981609464243395}"
testing Ar39<0.5
evaluate ot="Ar39<0.5" t="Ar39<0.5", ctx="{'Ar39': 39.47484972359151}"
GetData ===>> H2,-0.180401762826432,H1,160.354894172801,AX,37.8461177716996,L1,0.451564989523104,L2,0.083262240...
Get Checksum: 1695186306
GetData ===>> H2,-0.109660931193329,H1,160.090060677953,AX,37.8843932499506,L1,0.470201626174742,L2,0.316398489...
GetData ===>> H2,-0.0588908729143448,H1,160.271638517038,AX,37.7125302532105,L1,0.482675879204157,L2,0.22240306...
GetData ===>> H2,-0.0579632186055256,H1,160.468125304756,AX,37.9193411884366,L1,0.475441431662949,L2,0.06760049...
Get Checksum: 1695186306
GetData ===>> H2,-0.146491144911808,H1,160.369610843783,AX,37.8861944333634,L1,0.465892390721244,L2,0.108657457...
testing age>100.0
evaluate ot="age>100.0" t="age>100.0", ctx="{'age': 28.99180973036855}"
testing Ar39<0.5
evaluate ot="Ar39<0.5" t="Ar39<0.5", ctx="{'Ar39': 39.46777357636136}"
GetData ===>> H2,-0.104227181396029,H1,160.261927669095,AX,37.8878570889694,L1,0.495552493551079,L2,0.087775440...
Get Checksum: 1695186306
GetData ===>> H2,-0.116396266754473,H1,160.036296607821,AX,37.9074505048249,L1,0.515701195762369,L2,0.131071941...
GetData ===>> H2,-0.210663301725984,H1,160.132900413531,AX,37.7657652948814,L1,0.483054193148537,L2,0.241168334...
GetData ===>> H2,-0.168346286326241,H1,160.16701664612,AX,37.7863373927389,L1,0.436110428762099,L2,0.1098088369...
Get Checksum: 1695186306
GetData ===>> H2,-0.19654264268171,H1,159.964478766365,AX,37.6975778652451,L1,0.458232975360594,L2,0.1111654301...
testing age>100.0
evaluate ot="age>100.0" t="age>100.0", ctx="{'age': 28.982753167255442}"
testing Ar39<0.5
evaluate ot="Ar39<0.5" t="Ar39<0.5", ctx="{'Ar39': 39.45825600256187}"
18:12:03 -- collecting point 100
GetData ===>> H2,-0.203846448200345,H1,159.914849757139,AX,37.8100309863328,L1,0.466367423166593,L2,0.172642696...
GetData ===>> H2,-0.143185107450708,H1,159.930726119058,AX,37.7007204759688,L1,0.440190415659694,L2,0.163562878...
Get Checksum: 1695186306
GetData ===>> H2,-0.2138055665734,H1,159.841560676711,AX,37.6076483497374,L1,0.418084596984103,L2,0.18596740548...
GetData ===>> H2,-0.183390260155958,H1,159.768838767433,AX,37.6888288417161,L1,0.464532470614146,L2,0.082897547...
GetData ===>> H2,-0.0741960752933227,H1,159.992807548842,AX,37.8353840603171,L1,0.454854873251845,L2,0.05852198...
Get Checksum: 1695186306
testing age>100.0
evaluate ot="age>100.0" t="age>100.0", ctx="{'age': 28.993289616799842}"
testing Ar39<0.5
evaluate ot="Ar39<0.5" t="Ar39<0.5", ctx="{'Ar39': 39.45194846159188}"
GetData ===>> H2,-0.220921130098994,H1,159.977655388135,AX,37.6174920089364,L1,0.489397931933451,L2,0.217815040...
GetData ===>> H2,-0.187303121844331,H1,159.722753866596,AX,37.6249826095424,L1,0.53798393131489,L2,0.1546207832...
GetData ===>> H2,-0.199173742535941,H1,159.717908024818,AX,37.5881850041155,L1,0.491445766358177,L2,0.075037294...
Get Checksum: 1695186306
GetData ===>> H2,-0.149201997839071,H1,159.539017635576,AX,37.6172566374479,L1,0.455842902564405,L2,0.167327019...
GetData ===>> H2,-0.0995816049740668,H1,159.522543008069,AX,37.6584338745175,L1,0.461788629650766,L2,0.09826147...
testing age>100.0
evaluate ot="age>100.0" t="age>100.0", ctx="{'age': 28.988700552872015}"
testing Ar39<0.5
evaluate ot="Ar39<0.5" t="Ar39<0.5", ctx="{'Ar39': 39.45197350605419}"
GetData ===>> H2,-0.226335278629385,H1,159.27057469345,AX,37.6806618352002,L1,0.487652799705966,L2,0.0837409034...
Get Checksum: 1695186306
GetData ===>> H2,-0.291243881913351,H1,159.425656101412,AX,37.4370149408783,L1,0.475864073081962,L2,0.127172401...
GetData ===>> H2,-0.158068929476034,H1,159.452251932493,AX,37.5614455273397,L1,0.464037887147807,L2,0.167600781...
GetData ===>> H2,-0.112513378633995,H1,159.316102769156,AX,37.5678945478612,L1,0.458821064939595,L2,0.181221405...
Get Checksum: 1695186306
GetData ===>> H2,-0.206062140486681,H1,158.995299574886,AX,37.6842192572978,L1,0.493808779144626,L2,0.138654834...
testing age>100.0
evaluate ot="age>100.0" t="age>100.0", ctx="{'age': 29.00129138650453}"
testing Ar39<0.5
evaluate ot="Ar39<0.5" t="Ar39<0.5", ctx="{'Ar39': 39.44749557119494}"
GetData ===>> H2,-0.216404379954112,H1,158.935980435386,AX,37.5936665268317,L1,0.451641058513065,L2,0.178095563...
GetData ===>> H2,-0.204148368555054,H1,158.894074113451,AX,37.531364056587,L1,0.454883101345272,L2,0.1804000068...
Get Checksum: 1695186306
GetData ===>> H2,-0.171074727273679,H1,158.716803580777,AX,37.5040843837368,L1,0.424406407877047,L2,0.026993421...
GetData ===>> H2,-0.227610323763867,H1,158.974841556281,AX,37.4584481501421,L1,0.424009562571043,L2,0.227322317...
Get Checksum: 1695186306
GetData ===>> H2,-0.156723488283644,H1,159.047482353743,AX,37.440183179504,L1,0.458704426549845,L2,0.1725742521...
testing age>100.0
evaluate ot="age>100.0" t="age>100.0", ctx="{'age': 29.009797744297327}"
testing Ar39<0.5
evaluate ot="Ar39<0.5" t="Ar39<0.5", ctx="{'Ar39': 39.445520408315865}"
GetData ===>> H2,-0.00330224663285474,H1,158.888488769397,AX,37.3386350750103,L1,0.460863545703472,L2,0.0757901...
measurement finished
estimated time: 125.829 actual time: :126.140
flush and close file /Users/jan/PychronDev/data/isotopes/3b/355d96-6bcf-4e62-8207-bd7a820f18c8.h5
baselines () {'settling_time': 15.0, 'detector': 'H1', 'mass': 34.2, 'ncounts': 60.0}
%%%%%%%%%%%%%%%%%%%%%%%%%%%%%%%% Baseline
build tables- baseline [Detector(H2), Detector(H1), Detector(AX), Detector(L1), Detector(L2), Detector(CDD)]
add group baseline table H2
add group baseline table H1
add group baseline table AX
add group baseline table L1
add group baseline table L2
add group baseline table CDD
flush and close file /Users/jan/PychronDev/data/isotopes/3b/355d96-6bcf-4e62-8207-bd7a820f18c8.h5
detector Detector(H1)
POSITION 34.2 H1
Mapping mass to dac mass func: "parabolic"
H1 map mass coeffs = [-0.00063987  0.15840543  0.57033999]
H1 map mass to dac 34.2 >> 5.23938599104
GetDeflection H1 ===>> 0
GetHighVoltage ===>> 4499.94659342336
positioning 34.2 (5.23935513679) on H1
setting magnet DAC
current  : 5.878695
requested: 5.239355
Delta Dac: 0.639340
Checking detector protection. dv=0.63934
Checking detector "CDD". Protection Threshold: 0.1 (V)
ProtectDetector CDD,On ===>> OK
GetDeflection CDD ===>> 2000
SetMagnetDAC 5.23935513679 ===>> OK
Magnet settling time: 0.500
GetMagnetMoving ===>> True
Get Checksum: 1695186306
GetMagnetMoving ===>> True
GetMagnetMoving ===>> True
GetMagnetMoving ===>> True
GetMagnetMoving ===>> True
GetMagnetMoving ===>> True
GetMagnetMoving ===>> True
GetMagnetMoving ===>> True
GetMagnetMoving ===>> False
ProtectDetector CDD,Off ===>> OK
GetDeflection CDD ===>> 50
Delaying 15.0s for detectors to settle
Get Checksum: 1695186306
Get Checksum: 1695186306
Get Checksum: 1695186306
Get Checksum: 1695186306
Get Checksum: 1695186306
Join finished
measuring baseline. ncounts=60.0
starting measurement
GetData ===>> H2,-0.190345074472683,H1,-0.117108516385333,AX,-0.0479801955634911,L1,-0.0373228602185589,L2,-0.0...
Get Checksum: 1695186306
GetData ===>> H2,-0.22180885111682,H1,-0.060283416899609,AX,0.0141891932813691,L1,-0.044028589812027,L2,-0.0837...
GetData ===>> H2,-0.235828016910181,H1,-0.0432820554855827,AX,-0.0410924844741939,L1,-0.0843304802267531,L2,0.0...
GetData ===>> H2,-0.252049972151649,H1,-0.0148525701925582,AX,-0.152507436358261,L1,-0.0695367812171837,L2,0.03...
Get Checksum: 1695186306
GetData ===>> H2,-0.287338933770528,H1,0.00579487331353619,AX,-0.0881719772233858,L1,-0.0647970850250281,L2,-0....
GetData ===>> H2,-0.262805268578723,H1,-0.043568217303158,AX,0.0100355971167101,L1,-0.0495608302806037,L2,-0.08...
GetData ===>> H2,-0.178150761909439,H1,-0.0781043239015176,AX,0.00332988572850667,L1,-0.0277479889288698,L2,-0....
Get Checksum: 1695186306
GetData ===>> H2,-0.155437334955937,H1,0.0248954629396227,AX,-0.0786095307993487,L1,-0.0412433629473099,L2,-0.0...
GetData ===>> H2,-0.155204947150195,H1,-0.0412788998514156,AX,-0.0403503450967814,L1,-0.0194038445657618,L2,-0....
GetData ===>> H2,-0.237599703417313,H1,-0.0932168267173459,AX,0.0275213458643328,L1,-0.033854888499361,L2,0.105...
Get Checksum: 1695186306
GetData ===>> H2,-0.254308842142758,H1,-0.0305947259412463,AX,-0.143869796594875,L1,-0.00152048489586427,L2,-0....
GetData ===>> H2,-0.322280119715082,H1,0.0588226080529221,AX,-0.00705261413924172,L1,0.00295162914046474,L2,0.0...
GetData ===>> H2,-0.298943728100308,H1,0.0102207317683291,AX,-0.0816464338042589,L1,0.00866452468982881,L2,-0.0...
Get Checksum: 1695186306
GetData ===>> H2,-0.195540479125828,H1,-0.101141635450852,AX,-0.118591691908779,L1,0.00530024050342555,L2,-0.08...
GetData ===>> H2,-0.140201145357437,H1,-0.0902254951287372,AX,-0.182762111082353,L1,0.00879772739184317,L2,-0.0...
GetData ===>> H2,-0.181657972250728,H1,-0.00656309158724151,AX,0.0206055714451121,L1,-0.0187815317885966,L2,-0....
Get Checksum: 1695186306
GetData ===>> H2,-0.230415724286481,H1,-0.0124910332678361,AX,-0.0856336739777719,L1,-0.0583523394660725,L2,-0....
GetData ===>> H2,-0.196344375104902,H1,-0.051222742238388,AX,0.000360029669598556,L1,-0.0392767146692702,L2,-0....
Get Checksum: 1695186306
GetData ===>> H2,-0.274150191743785,H1,0.0288448839653512,AX,-0.0518644641100502,L1,0.00547898483033076,L2,0.01...
GetData ===>> H2,-0.282551243376511,H1,-0.0736225751130302,AX,-0.0392487215230985,L1,-0.036716620937857,L2,-0.0...
GetData ===>> H2,-0.231841042404493,H1,-0.0894031612114208,AX,-0.104675128510337,L1,-0.0392036466306909,L2,0.05...
GetData ===>> H2,-0.165470051865608,H1,0.0219722758117104,AX,-0.102589210572268,L1,-0.0507872775770511,L2,0.017...
GetData ===>> H2,-0.220723100876385,H1,0.0332956267022013,AX,0.0471225771325536,L1,-0.0854535445870694,L2,-0.08...
Get Checksum: 1695186306
GetData ===>> H2,-0.230627043425391,H1,-0.087234074105935,AX,-0.0129684036876118,L1,-0.0242934755278185,L2,-0.1...
18:13:08 -- collecting point 25
GetData ===>> H2,-0.0882466620196314,H1,-0.127702664243245,AX,-0.111025314458104,L1,-0.0191556435063823,L2,0.10...
GetData ===>> H2,-0.113211827995945,H1,-0.0034260307025356,AX,-0.0726513617219822,L1,-0.0519573481909873,L2,-0....
Get Checksum: 1695186306
GetData ===>> H2,-0.185460832878089,H1,-0.0255861267692613,AX,0.0428515167201059,L1,-0.0364614144158616,L2,-0.0...
GetData ===>> H2,-0.193712382257985,H1,-0.0496251171564708,AX,-0.00523140654476058,L1,-0.0251718947608632,L2,-0...
GetData ===>> H2,-0.248744215452802,H1,-0.00776779226334663,AX,-0.0916026380192952,L1,-0.00400413476384747,L2,-...
Get Checksum: 1695186306
GetData ===>> H2,-0.250160510474685,H1,-0.0132662914317237,AX,-0.126713595315415,L1,-0.0601819814288034,L2,0.01...
GetData ===>> H2,-0.261917730289162,H1,-0.00230477596627736,AX,-0.0573717433097955,L1,-0.064958539348875,L2,-0....
GetData ===>> H2,-0.132576855658334,H1,-0.101761293282521,AX,0.0125996676700266,L1,-0.0441255678966302,L2,-0.08...
Get Checksum: 1695186306
GetData ===>> H2,-0.0924931714799767,H1,0.00138113927816725,AX,-0.10340040619588,L1,-0.0270734754823569,L2,-0.0...
GetData ===>> H2,-0.232562381338834,H1,0.103659681032897,AX,-0.00125247140730021,L1,-0.0395869484582212,L2,0.02...
GetData ===>> H2,-0.154899593139414,H1,0.11081768350476,AX,-0.0406866277033927,L1,-0.00845637300801205,L2,0.040...
Get Checksum: 1695186306
GetData ===>> H2,-0.167209916794573,H1,-0.0516042608734278,AX,-0.12707275085094,L1,0.00359512404449059,L2,0.057...
GetData ===>> H2,-0.0703006999716408,H1,-0.0575414571872156,AX,-0.0426231290668368,L1,-0.0161371725374205,L2,-0...
GetData ===>> H2,-0.0359627541662958,H1,-0.0478367006154777,AX,-0.218951029249422,L1,-0.014824928606287,L2,0.00...
Get Checksum: 1695186306
GetData ===>> H2,-0.227331630303718,H1,-0.0717869072906605,AX,0.0349250179838751,L1,-0.013847517430883,L2,0.016...
GetData ===>> H2,-0.174132125803044,H1,-0.0887834268366692,AX,-0.0978609643322303,L1,0.00941456286429553,L2,0.0...
GetData ===>> H2,-0.169892753418101,H1,0.0268761198700897,AX,-0.16796052085969,L1,-0.0536260781085282,L2,-0.000...
Get Checksum: 1695186306
GetData ===>> H2,-0.240182137182584,H1,-0.0559081672191873,AX,0.0071235445969364,L1,-0.0667941521895428,L2,0.00...
GetData ===>> H2,-0.210392538517351,H1,0.00194179200045959,AX,-0.0446175692324939,L1,-0.0128898621523777,L2,-0....
GetData ===>> H2,-0.142329731193314,H1,-0.0702849722060915,AX,-0.122519487358062,L1,0.0241241884417637,L2,0.025...
Get Checksum: 1695186306
GetData ===>> H2,-0.100423688956602,H1,-0.0633948540947447,AX,-0.0766041955586431,L1,0.00494347522851133,L2,0.0...
GetData ===>> H2,-0.239002879484991,H1,0.00300346214150444,AX,-0.0587861941886888,L1,-0.0217045088072077,L2,-0....
Get Checksum: 1695186306
GetData ===>> H2,-0.277400630618346,H1,-0.0312267456459513,AX,-0.0299250079070913,L1,-0.00502021489305177,L2,-0...
GetData ===>> H2,-0.211431102429855,H1,0.00305117791790113,AX,0.0365497235618271,L1,-0.0165677527711813,L2,-0.0...
GetData ===>> H2,-0.222043230160281,H1,-0.0199094113597418,AX,-0.0267125265477436,L1,-0.0324886735515208,L2,0.0...
Get Checksum: 1695186306
18:13:34 -- collecting point 50
GetData ===>> H2,-0.254623434594868,H1,-0.0708690607510885,AX,-0.160124154693485,L1,-0.0204133722415739,L2,0.02...
GetData ===>> H2,-0.194295965036175,H1,-0.056790385549088,AX,-0.0774156078596592,L1,-0.00763132232164091,L2,-0....
GetData ===>> H2,-0.290701459736981,H1,0.0121891683418031,AX,-0.104582421996116,L1,-0.0270614943727776,L2,-0.00...
Get Checksum: 1695186306
GetData ===>> H2,-0.175760270476239,H1,-0.0603430238850454,AX,0.0149665619722991,L1,0.0111068540880369,L2,-0.00...
GetData ===>> H2,-0.253096100291826,H1,-0.0410285025779665,AX,-0.00520820622827189,L1,-0.00882690429075859,L2,-...
testing age>100.0
evaluate ot="age>100.0" t="age>100.0", ctx="{'age': 29.021364727017627}"
GetData ===>> H2,-0.182826351290518,H1,-0.112545108257733,AX,-0.119576552272436,L1,-0.0774591283935721,L2,-0.04...
Get Checksum: 1695186306
GetData ===>> H2,-0.284844591288632,H1,-0.0727047454112782,AX,0.013980349019274,L1,-0.0694925512115321,L2,-0.01...
GetData ===>> H2,-0.306642734227758,H1,-0.00441606433716473,AX,-0.000602833898704616,L1,-0.0520841574737502,L2,...
GetData ===>> H2,-0.152906483276019,H1,-0.024620153812127,AX,-0.0491049101638862,L1,-0.0199925481955111,L2,-0.0...
Get Checksum: 1695186306
GetData ===>> H2,-0.182265112666168,H1,-0.0643962156025022,AX,-0.130328261509502,L1,0.00509116847218982,L2,-0.0...
testing age>100.0
evaluate ot="age>100.0" t="age>100.0", ctx="{'age': 29.021469621728208}"
GetData ===>> H2,-0.235841470398499,H1,-0.12733299701797,AX,-0.105103894989635,L1,0.00208729770261524,L2,-0.037...
measurement finished
estimated time: 62.915 actual time: :63.093
flush and close file /Users/jan/PychronDev/data/isotopes/3b/355d96-6bcf-4e62-8207-bd7a820f18c8.h5
activate_detectors ('H1', 'AX', 'CDD') {'peak_center': True}
peak_center () {'detector': 'H1', 'isotope': 'Ar40'}
peak center: mean=159.064698119 threshold=3
peak center started
setup peak center. detector=['H1', 'AX', 'CDD'], isotope=Ar40
VersionedUnpickler [<apptools.sweet_pickle.versioned_unpickler.VersionedUnpickler object at 0x141606e90>] using Updater [<apptools.sweet_pickle.updater.Updater object at 0x137c6f7d0>]
VersionedUnpickler [<apptools.sweet_pickle.versioned_unpickler.VersionedUnpickler object at 0x141606e90>] using Updater [<apptools.sweet_pickle.updater.Updater object at 0x137c6f7d0>]
VersionedUnpickler [<apptools.sweet_pickle.versioned_unpickler.VersionedUnpickler object at 0x137a3d890>] using Updater [<apptools.sweet_pickle.updater.Updater object at 0x137c6f7d0>]
setting integration time = 0.524288
SetIntegrationTime 0.524288 ===>> OK
Mapping mass to dac mass func: "parabolic"
H1 map mass coeffs = [-0.00063987  0.15840543  0.57033999]
H1 map mass to dac 39.9624 >> 5.87873
GetDeflection H1 ===>> 0
GetHighVoltage ===>> 4499.94659342336
do peak center. <pychron.spectrometer.jobs.peak_center.PeakCenter object at 0x13a1fcef0>
doing pc
starting peak center. center dac= 5.87869538071 step_width=0.001
width = 0.001
get scan parameters. half-width=0.015,window=0.015, i=0, scalar=1
Scan parameters center=5.87870 width=0.03000 (5.86370 - 5.89370)
GetData ===>> H2,-0.25666269520161,H1,-0.0571957264984267,AX,-0.048130931264238,L1,-0.0206591445245763,L2,-0.04...
Moving to starting dac 5.86369538071
setting magnet DAC
current  : 5.239355
requested: 5.863695
Delta Dac: 0.624340
Checking detector protection. dv=0.62434
Checking detector "CDD". Protection Threshold: 0.1 (V)
ProtectDetector CDD,On ===>> OK
GetDeflection CDD ===>> 2000
SetMagnetDAC 5.86369538071 ===>> OK
Magnet settling time: 0.500
Get Checksum: 1695186306
GetMagnetMoving ===>> True
GetMagnetMoving ===>> True
GetMagnetMoving ===>> True
GetMagnetMoving ===>> True
GetMagnetMoving ===>> True
GetMagnetMoving ===>> True
GetMagnetMoving ===>> True
GetMagnetMoving ===>> True
GetMagnetMoving ===>> True
GetMagnetMoving ===>> False
ProtectDetector CDD,Off ===>> OK
GetDeflection CDD ===>> 50
Wait until signal near baseline. tol= -0.0428967948738. timeout= 10
GetData ===>> H2,8.45216366891625,H1,4.58364781598075,AX,0.314817642069585,L1,0.0116373334289017,L2,0.031204882...
Get Checksum: 1695186306
GetData ===>> H2,10.2718104054931,H1,5.87391925763867,AX,0.892147524827625,L1,-0.0435041735841148,L2,-0.0633123...
GetData ===>> H2,5.49158155701214,H1,2.83538858254488,AX,0.410698792775164,L1,-0.0768792286253423,L2,-0.1716580...
GetData ===>> H2,2.16406250375337,H1,1.35471458004515,AX,0.184408010662456,L1,-0.0471505746762174,L2,-0.0018218...
GetData ===>> H2,0.751830722563615,H1,0.721086884907041,AX,-0.0396545842905268,L1,-0.0213294317548782,L2,-0.101...
GetData ===>> H2,0.283157240623395,H1,0.359187420725715,AX,-0.0579746265262525,L1,-0.0064823745625598,L2,-0.119...
GetData ===>> H2,0.147420449801903,H1,0.294804787956982,AX,-0.0759434691153604,L1,-0.0378152529616631,L2,0.0479...
Get Checksum: 1695186306
GetData ===>> H2,-0.0359383171065181,H1,0.194001847501269,AX,0.0020073605115589,L1,-0.0563313434793072,L2,0.165...
GetData ===>> H2,-0.0359383171065181,H1,0.194001847501269,AX,0.0020073605115589,L1,-0.0563313434793072,L2,0.165...
GetData ===>> H2,-0.0577397592082296,H1,0.178423796080707,AX,-0.0791890997600405,L1,-0.0191279664870422,L2,-0.0...
GetData ===>> H2,-0.048595125050646,H1,0.127984707852869,AX,-0.147484508633305,L1,-0.0118685823999283,L2,-0.105...
GetData ===>> H2,-0.0251428747500248,H1,0.164947038159258,AX,0.000290424754906101,L1,-0.0317433271555127,L2,-0....
GetData ===>> H2,-0.0113023958122863,H1,0.052723705238056,AX,0.0727571484369885,L1,-0.0678092494801891,L2,-0.01...
Get Checksum: 1695186306
GetData ===>> H2,-0.0305500236014605,H1,0.143244920212049,AX,-0.0143255047050637,L1,-0.0501112544178587,L2,-0.1...
GetData ===>> H2,-0.0504338595422737,H1,-0.0553955232655444,AX,-0.133351965630983,L1,-0.0274258617220721,L2,-0....
Peak center baseline intensity achieved
_do_sweep sm= 5.86369538071, em= 5.89369538071, stm= 0.001
calculated step values: start=5.86369538071, end=5.89369538071, width=0.001, nsteps=31.0
setting magnet DAC
current  : 5.863695
requested: 5.863695
Delta Dac: 0.000000
Checking detector protection. dv=0.00000
Checking detector "CDD". Protection Threshold: 0.1 (V)
SetMagnetDAC 5.86369538071 ===>> OK
GetData ===>> H2,-0.0504338595422737,H1,-0.0553955232655444,AX,-0.133351965630983,L1,-0.0274258617220721,L2,-0....
setting magnet DAC
current  : 5.863695
requested: 5.864730
Delta Dac: 0.001034
Checking detector protection. dv=0.00103
Checking detector "CDD". Protection Threshold: 0.1 (V)
SetMagnetDAC 5.86472986347 ===>> OK
Magnet settling time: 1.049
GetData ===>> H2,-0.119398538251332,H1,0.11708938507462,AX,-0.13712856750249,L1,-0.0238129877195609,L2,-0.07844...
setting magnet DAC
current  : 5.864730
requested: 5.865764
Delta Dac: 0.001034
Checking detector protection. dv=0.00103
Checking detector "CDD". Protection Threshold: 0.1 (V)
SetMagnetDAC 5.86576434623 ===>> OK
Magnet settling time: 1.049
GetData ===>> H2,-0.0908377379915819,H1,0.612012140172103,AX,0.2337931599972,L1,-0.0198155269597866,L2,0.028425...
setting magnet DAC
current  : 5.865764
requested: 5.866799
Delta Dac: 0.001034
Checking detector protection. dv=0.00103
Checking detector "CDD". Protection Threshold: 0.1 (V)
SetMagnetDAC 5.86679882899 ===>> OK
Magnet settling time: 1.049
Get Checksum: 1695186306
GetData ===>> H2,-0.102546121845926,H1,3.35693346149355,AX,0.509944178195797,L1,-0.0323941367523821,L2,0.015145...
setting magnet DAC
current  : 5.866799
requested: 5.867833
Delta Dac: 0.001034
Checking detector protection. dv=0.00103
Checking detector "CDD". Protection Threshold: 0.1 (V)
SetMagnetDAC 5.86783331174 ===>> OK
Magnet settling time: 1.049
GetData ===>> H2,-0.127498950200043,H1,12.0591824663246,AX,1.6731591361833,L1,0.0155282763854464,L2,-0.06012609...
setting magnet DAC
current  : 5.867833
requested: 5.868868
Delta Dac: 0.001034
Checking detector protection. dv=0.00103
Checking detector "CDD". Protection Threshold: 0.1 (V)
SetMagnetDAC 5.8688677945 ===>> OK
Magnet settling time: 1.049
Get Checksum: 1695186306
GetData ===>> H2,-0.142694268431036,H1,33.7105261284415,AX,5.45961445878867,L1,-0.0116288303488511,L2,0.0541025...
setting magnet DAC
current  : 5.868868
requested: 5.869902
Delta Dac: 0.001034
Checking detector protection. dv=0.00103
Checking detector "CDD". Protection Threshold: 0.1 (V)
SetMagnetDAC 5.86990227726 ===>> OK
Magnet settling time: 1.049
GetData ===>> H2,-0.180539561060375,H1,70.2315712648815,AX,12.6395917673653,L1,0.106718267630003,L2,0.131060538...
setting magnet DAC
current  : 5.869902
requested: 5.870937
Delta Dac: 0.001034
Checking detector protection. dv=0.00103
Checking detector "CDD". Protection Threshold: 0.1 (V)
SetMagnetDAC 5.87093676002 ===>> OK
Magnet settling time: 1.049
GetData ===>> H2,-0.129513013220098,H1,108.166318412523,AX,21.7664316659098,L1,0.141313894348099,L2,-0.15416443...
setting magnet DAC
current  : 5.870937
requested: 5.871971
Delta Dac: 0.001034
Checking detector protection. dv=0.00103
Checking detector "CDD". Protection Threshold: 0.1 (V)
SetMagnetDAC 5.87197124278 ===>> OK
Magnet settling time: 1.049
Get Checksum: 1695186306
GetData ===>> H2,-0.153415941982512,H1,134.647672078107,AX,28.9723652065334,L1,0.227956567098688,L2,0.045717481...
setting magnet DAC
current  : 5.871971
requested: 5.873006
Delta Dac: 0.001034
Checking detector protection. dv=0.00103
Checking detector "CDD". Protection Threshold: 0.1 (V)
SetMagnetDAC 5.87300572554 ===>> OK
Magnet settling time: 1.049
GetData ===>> H2,-0.23305491606609,H1,146.985873422214,AX,33.3454413953467,L1,0.276791941577483,L2,0.1300115244...
setting magnet DAC
current  : 5.873006
requested: 5.874040
Delta Dac: 0.001034
Checking detector protection. dv=0.00103
Checking detector "CDD". Protection Threshold: 0.1 (V)
SetMagnetDAC 5.8740402083 ===>> OK
Magnet settling time: 1.049
GetData ===>> H2,-0.191324516277134,H1,151.335938246726,AX,34.9905425829861,L1,0.344632854950781,L2,0.145246167...
setting magnet DAC
current  : 5.874040
requested: 5.875075
Delta Dac: 0.001034
Checking detector protection. dv=0.00103
Checking detector "CDD". Protection Threshold: 0.1 (V)
SetMagnetDAC 5.87507469106 ===>> OK
Magnet settling time: 1.049
Get Checksum: 1695186306
GetData ===>> H2,-0.157536715808272,H1,152.617185629756,AX,35.7044604471951,L1,0.389047793728501,L2,0.005329164...
setting magnet DAC
current  : 5.875075
requested: 5.876109
Delta Dac: 0.001034
Checking detector protection. dv=0.00103
Checking detector "CDD". Protection Threshold: 0.1 (V)
SetMagnetDAC 5.87610917381 ===>> OK
Magnet settling time: 1.049
GetData ===>> H2,-0.158309362988427,H1,153.105882571529,AX,35.7499538749054,L1,0.429061909901725,L2,0.051482122...
setting magnet DAC
current  : 5.876109
requested: 5.877144
Delta Dac: 0.001034
Checking detector protection. dv=0.00103
Checking detector "CDD". Protection Threshold: 0.1 (V)
SetMagnetDAC 5.87714365657 ===>> OK
Magnet settling time: 1.049
GetData ===>> H2,-0.076805352718038,H1,153.232166616387,AX,35.965774884091,L1,0.420105617346586,L2,0.1366478748...
setting magnet DAC
current  : 5.877144
requested: 5.878178
Delta Dac: 0.001034
Checking detector protection. dv=0.00103
Checking detector "CDD". Protection Threshold: 0.1 (V)
SetMagnetDAC 5.87817813933 ===>> OK
Magnet settling time: 1.049
Get Checksum: 1695186306
GetData ===>> H2,-0.130986161823831,H1,152.945530114559,AX,35.7778679629519,L1,0.4825695886447,L2,0.10602415766...
setting magnet DAC
current  : 5.878178
requested: 5.879213
Delta Dac: 0.001034
Checking detector protection. dv=0.00103
Checking detector "CDD". Protection Threshold: 0.1 (V)
SetMagnetDAC 5.87921262209 ===>> OK
Magnet settling time: 1.049
GetData ===>> H2,-0.0974172400751558,H1,152.955462891444,AX,35.932904539013,L1,0.457520930890641,L2,0.055424152...
setting magnet DAC
current  : 5.879213
requested: 5.880247
Delta Dac: 0.001034
Checking detector protection. dv=0.00103
Checking detector "CDD". Protection Threshold: 0.1 (V)
SetMagnetDAC 5.88024710485 ===>> OK
Magnet settling time: 1.049
Get Checksum: 1695186306
GetData ===>> H2,-0.0579267503888307,H1,152.975961532044,AX,35.8467076900184,L1,0.424915960110625,L2,0.10793927...
setting magnet DAC
current  : 5.880247
requested: 5.881282
Delta Dac: 0.001034
Checking detector protection. dv=0.00103
Checking detector "CDD". Protection Threshold: 0.1 (V)
SetMagnetDAC 5.88128158761 ===>> OK
Magnet settling time: 1.049
GetData ===>> H2,-0.107077953144652,H1,152.770535560602,AX,36.063571214942,L1,0.4467632392208,L2,0.124629805048...
setting magnet DAC
current  : 5.881282
requested: 5.882316
Delta Dac: 0.001034
Checking detector protection. dv=0.00103
Checking detector "CDD". Protection Threshold: 0.1 (V)
SetMagnetDAC 5.88231607037 ===>> OK
Magnet settling time: 1.049
GetData ===>> H2,-0.130569915364,H1,152.427077685294,AX,35.7291805214681,L1,0.472636956885603,L2,0.079444422464...
setting magnet DAC
current  : 5.882316
requested: 5.883351
Delta Dac: 0.001034
Checking detector protection. dv=0.00103
Checking detector "CDD". Protection Threshold: 0.1 (V)
SetMagnetDAC 5.88335055312 ===>> OK
Magnet settling time: 1.049
Get Checksum: 1695186306
GetData ===>> H2,-0.0879405752684449,H1,151.925675330314,AX,35.4226695328058,L1,0.454668606453381,L2,0.17793585...
setting magnet DAC
current  : 5.883351
requested: 5.884385
Delta Dac: 0.001034
Checking detector protection. dv=0.00103
Checking detector "CDD". Protection Threshold: 0.1 (V)
SetMagnetDAC 5.88438503588 ===>> OK
Magnet settling time: 1.049
GetData ===>> H2,-0.139391612429332,H1,149.586640162477,AX,34.4213570698262,L1,0.442787112381309,L2,0.127024176...
setting magnet DAC
current  : 5.884385
requested: 5.885420
Delta Dac: 0.001034
Checking detector protection. dv=0.00103
Checking detector "CDD". Protection Threshold: 0.1 (V)
SetMagnetDAC 5.88541951864 ===>> OK
Magnet settling time: 1.049
GetData ===>> H2,-0.145024182160785,H1,142.415194355043,AX,31.5441669961359,L1,0.401013822976198,L2,0.110470031...
setting magnet DAC
current  : 5.885420
requested: 5.886454
Delta Dac: 0.001034
Checking detector protection. dv=0.00103
Checking detector "CDD". Protection Threshold: 0.1 (V)
SetMagnetDAC 5.8864540014 ===>> OK
Magnet settling time: 1.049
Get Checksum: 1695186306
GetData ===>> H2,-0.130818583916395,H1,110.743725877956,AX,21.1039020369421,L1,0.305023695031377,L2,0.093394443...
setting magnet DAC
current  : 5.886454
requested: 5.887488
Delta Dac: 0.001034
Checking detector protection. dv=0.00103
Checking detector "CDD". Protection Threshold: 0.1 (V)
SetMagnetDAC 5.88748848416 ===>> OK
Magnet settling time: 1.049
GetData ===>> H2,-0.248429459092941,H1,71.6582505154238,AX,11.5446717949257,L1,0.174173344916564,L2,0.022935735...
setting magnet DAC
current  : 5.887488
requested: 5.888523
Delta Dac: 0.001034
Checking detector protection. dv=0.00103
Checking detector "CDD". Protection Threshold: 0.1 (V)
SetMagnetDAC 5.88852296692 ===>> OK
Magnet settling time: 1.049
Get Checksum: 1695186306
GetData ===>> H2,-0.166772613587654,H1,35.0359758539993,AX,4.68645314063335,L1,0.106715855991785,L2,0.022912956...
setting magnet DAC
current  : 5.888523
requested: 5.889557
Delta Dac: 0.001034
Checking detector protection. dv=0.00103
Checking detector "CDD". Protection Threshold: 0.1 (V)
SetMagnetDAC 5.88955744968 ===>> OK
Magnet settling time: 1.049
GetData ===>> H2,-0.080951855619036,H1,13.1691488690364,AX,1.43907690278842,L1,0.0326523507521811,L2,0.07841876...
setting magnet DAC
current  : 5.889557
requested: 5.890592
Delta Dac: 0.001034
Checking detector protection. dv=0.00103
Checking detector "CDD". Protection Threshold: 0.1 (V)
SetMagnetDAC 5.89059193243 ===>> OK
Magnet settling time: 1.049
GetData ===>> H2,-0.192754731700722,H1,4.01347451748733,AX,0.384563287175091,L1,0.0407117553697543,L2,-0.055687...
setting magnet DAC
current  : 5.890592
requested: 5.891626
Delta Dac: 0.001034
Checking detector protection. dv=0.00103
Checking detector "CDD". Protection Threshold: 0.1 (V)
SetMagnetDAC 5.89162641519 ===>> OK
Magnet settling time: 1.049
Get Checksum: 1695186306
GetData ===>> H2,-0.146576292378754,H1,1.01704395060891,AX,-0.0251352405708071,L1,-0.00494704135636426,L2,-0.01...
setting magnet DAC
current  : 5.891626
requested: 5.892661
Delta Dac: 0.001034
Checking detector protection. dv=0.00103
Checking detector "CDD". Protection Threshold: 0.1 (V)
SetMagnetDAC 5.89266089795 ===>> OK
Magnet settling time: 1.049
GetData ===>> H2,-0.158944191008023,H1,0.145868003353233,AX,-0.0423912147669139,L1,-0.0496565583840391,L2,-0.06...
setting magnet DAC
current  : 5.892661
requested: 5.893695
Delta Dac: 0.001034
Checking detector protection. dv=0.00103
Checking detector "CDD". Protection Threshold: 0.1 (V)
SetMagnetDAC 5.89369538071 ===>> OK
Magnet settling time: 1.049
GetData ===>> H2,-0.126471505220527,H1,0.0134418299508667,AX,-0.0577427488081338,L1,-0.00647757701098613,L2,-0....
result of _do_sweep=True
result of _calculate_peak_center=([5.8711202304096854, 5.8787555009507679, 5.8863907714918504], [112.86291119690728, 153.22710513162315, 112.67955711753795], 5.8771021943375414, 153.22710513162315)
Failed to find a valid peak. No peak greater than 1.0. max = 0.0288453368333
new center pos Detector(H1) (Ar40) @ 5.87875550095
GetHighVoltage ===>> 4499.94659342336
GetDeflection H1 ===>> 0
dac uncorrected for HV and deflection 5.87879012059
update mftable H1 Ar40 5.87879012059 message=automated run peakcenter
get initial guess parabolic
get initial guess parabolic
get initial guess parabolic
get initial guess parabolic
get initial guess parabolic
get initial guess parabolic
dump mftable to /Users/jan/PychronDev/setupfiles/spectrometer/mftables/mftable.csv
add to repo msg=modified - automated run peakcenter
sweep finished
set states for children of V. state=True
handle state [('V', True)]
update switch state V True args=() kw={'refresh': False} ncanvase=3
locally archiving mftable
refresh_canvas_needed fired
setting magnet DAC
current  : 5.893695
requested: 5.878756
Delta Dac: 0.014940
Checking detector protection. dv=0.01494
Checking detector "CDD". Protection Threshold: 0.1 (V)
Get Checksum: -1097334291
SetMagnetDAC 5.87875550095 ===>> OK
Magnet settling time: 0.500
setting integration time = 1.048576
SetIntegrationTime 1.048576 ===>> OK
Failed to find a valid peak. No peak greater than 1.0. max = 0.0288453368333
flush and close file /Users/jan/PychronDev/data/isotopes/3b/355d96-6bcf-4e62-8207-bd7a820f18c8.h5
finished measure script
executed 278.04
jan_co2_whiff_120_60_large.py completed successfully
Measurement Finished
18:14:29 -- ******* Measurement Finished *******
Post Measurement Started jan_pump_ms.py
18:14:29 -- ******* Post Measurement Started jan_pump_ms.py *******
testing...
no interpolation path defined
executed 0
Pumping spectrometer
open () {'name': 'O'}
opening name=O desc=---
checking ownership. requestor=129.138.12.150
check software interlocks O
interlocks []
actuate state mode=None-script, software_lock=False
doing actuation None-script open_channel True
Open O ===>> OK
GetValveState O ===>> OK
change switch state (True, True)
update switch state O True args=() kw={} ncanvase=3
18:14:29 -- OPEN   VALVE-O (Jan Ion Pump)
---------------------------------------- open O () result=[(True, True)], time=0.10 sec
action=open, ok=True, locked=[False]
executed 0
jan_pump_ms.py completed successfully
setting _ms_pumptime
Post Measurement Finished
18:14:30 -- ******* Post Measurement Finished *******
$$$$$$$$$$$$$$$$$$$$ state at run end measurement
state changed from measurement to success
post measurement save measured=True aborted=False
Set filtering
setting fod for Ar40= {'filter_outliers': True, 'std_devs': 2, 'iterations': 1}
setting fod for H1= {'filter_outliers': True, 'std_devs': 2, 'iterations': 1}
setting fod for PM41= {'filter_outliers': False, 'std_devs': 2, 'iterations': 1}
setting fod for H2= {'filter_outliers': True, 'std_devs': 2, 'iterations': 1}
setting fod for Ar36= {'filter_outliers': True, 'std_devs': 2, 'iterations': 1}
setting fod for CDD= {'filter_outliers': True, 'std_devs': 10, 'iterations': 1}
setting fod for Ar37= {'filter_outliers': True, 'std_devs': 2, 'iterations': 1}
setting fod for L2= {'filter_outliers': True, 'std_devs': 2, 'iterations': 1}
setting fod for Ar38= {'filter_outliers': True, 'std_devs': 2, 'iterations': 1}
setting fod for L1= {'filter_outliers': True, 'std_devs': 2, 'iterations': 1}
setting fod for Ar39= {'filter_outliers': True, 'std_devs': 2, 'iterations': 1}
setting fod for AX= {'filter_outliers': True, 'std_devs': 2, 'iterations': 1}
persistence save...
persistence save - db
post measurement save
5247582384 connecting to database sqlite:////Users/jan/PychronDev/.appdata/local_lab.db
connected to db sqlite:////Users/jan/PychronDev/.appdata/local_lab.db
create new session 5247582384
close session 5247582384
No database instance. Not saving post measurement to isotopedb database
$$$$$$$$$$$$$$$ auto_save_detector_ic=False
massspec enabled True
create new session 5054761584
MassSpec Database Version: 16.0
close session 5054761584
saving post measurement to secondary database
saving to massspec database 129.138.12.160/massspecdata
setting labnumber to 65511
setting aliquot to 39
setting step to 
setting uuid to 3b355d96-6bcf-4e62-8207-bd7a820f18c8
setting irradpos to 65511
setting extract_device to Fusions CO2
setting tray to 
setting position to 178
setting power_requested to 5.0
setting extract_value to 5.0
setting duration to 30.0
setting duration_at_request to 30.0
setting first_stage_delay to 30.0
setting cleanup to 30.0
setting comment to F:9 DS
setting irradiation to NM-289
setting level to F
setting irradiation_level to F
setting sample to TRC-23-djk
setting material to SandforDetrital
setting project to IR959
setting mass_spectrometer to Jan
no attribute chron_dosages
no attribute production_ratios
no attribute interference_corrections
no attribute production_name
no attribute j
Reference Isotope=Ar40
Reference Detector=H1
%%%%%%%%%%%%%%%%%%%% Comment: F:9 DS %%%%%%%%%%%%%%%%%%%
adding isotope PM41 H2
add baseline dbdet= PM41. original det= H2
get baseline data PM41 H2
Get data baseline <pychron.processing.isotope.Baseline object at 0x1425ca310> len t=60
baseline PM41. v=-0.211227352161, e=0.00727921248229
get signal data PM41 H2
Get data signal PM41 0.11+/-0.08 len t=120
adding isotope Ar40 H1
add baseline dbdet= Ar40. original det= H1
get baseline data Ar40 H1
Get data baseline <pychron.processing.isotope.Baseline object at 0x1425cab50> len t=60
baseline Ar40. v=-0.0401149532935, e=0.00583312059098
get signal data Ar40 H1
Get data signal Ar40 166.257+/-0.025 len t=120
adding isotope Ar39 AX
add baseline dbdet= Ar39. original det= AX
get baseline data Ar39 AX
Get data baseline <pychron.processing.isotope.Baseline object at 0x1425ca450> len t=60
baseline Ar39. v=-0.0550867524043, e=0.00782197246954
get signal data Ar39 AX
Get data signal Ar39 39.440+/-0.018 len t=120
adding isotope Ar38 L1
add baseline dbdet= Ar38. original det= L1
get baseline data Ar38 L1
Get data baseline <pychron.processing.isotope.Baseline object at 0x1425ca050> len t=60
baseline Ar38. v=-0.0255666932138, e=0.00328959722695
get signal data Ar38 L1
Get data signal Ar38 0.521+/-0.006 len t=120
adding isotope Ar37 L2
add baseline dbdet= Ar37. original det= L2
get baseline data Ar37 L2
Get data baseline <pychron.processing.isotope.Baseline object at 0x1425caad0> len t=60
baseline Ar37. v=-0.0194981438579, e=0.00571479150795
get signal data Ar37 L2
Get data signal Ar37 0.178+/-0.013 len t=120
adding isotope Ar36 CDD
add baseline dbdet= Ar36. original det= CDD
get baseline data Ar36 CDD
Get data baseline <pychron.processing.isotope.Baseline object at 0x1425ca750> len t=60
baseline Ar36. v=5.70650746252e-05, e=1.32827608421e-05
get signal data Ar36 CDD
Get data signal Ar36 0.0237+/-0.0004 len t=120
65511-39 added analysis time 0.509572029114s
analysis added to mass spec database
mass spec save time= 0.517
persistence save - dvc
================= post measurement started
create new session 4983039568
close session 4983039568
---------------- Experiment Queue saving disabled
DVC saving peakcenter
Failed to find a valid peak. No peak greater than 1.0. max = 0.0288453368333
Smart pull ahead: 0 behind: 0
Up-to-date with origin
add to repo msg=modified - ad8224ebc6dbfeb9f5997218dfa5fe690569839d.json
Get Checksum: -1404555142
add to repo msg=modified - 11-39.json
add to repo msg=modified - 11-39.dat.json
add to repo msg=modified - 11-39.blan.json
add to repo msg=modified - 11-39.inte.json
add to repo msg=modified - 11-39.icfa.json
add to repo msg=modified - 11-39.base.json
not at valid file /Users/jan/PychronDev/data/.dvc/repositories/IR959/655/tags/11-39.tags.json
add to repo msg=modified - 11-39.peak.json
add to repo msg=modified - 11-39.extr.json
not at valid file /Users/jan/PychronDev/data/.dvc/repositories/IR959/655/monitor/11-39.moni.json
commit message=<COLLECTION>
add to repo msg=modified - 11-39.inte.json
add to repo msg=modified - 11-39.base.json
commit message=<ISOEVO> default collection fits
add to repo msg=modified - 11-39.blan.json
Get Checksum: -1404555142
commit message=<BLANKS> preceding bu-FC-J-7451
add to repo msg=modified - 11-39.icfa.json
commit message=<ICFactor> default
push repository <pychron.git_archive.repo_manager.GitRepoManager object at 0x149cd1c50>
pushing to remote=origin, url=https://github.com
Get Checksum: -1404555142
no changes to meta repo
create new session 4983039568
add association IR959
get identifier "65511"
setting analysis irradiation position=<pychron.dvc.dvc_orm.IrradiationPositionTbl object at 0x142563510>
close session 4983039568
================= post measurement finished
18:14:42 -- ******* Post Run Check *******
loading queue conditionals post_run_actions
loading system conditionals post_run_actions
loading conditionals from /Users/jan/PychronDev/setupfiles/spectrometer/default_conditionals.yaml
loading queue conditionals post_run_terminations
loading system conditionals post_run_terminations
loading conditionals from /Users/jan/PychronDev/setupfiles/spectrometer/default_conditionals.yaml
Checking default post run terminations n=1
GetDeflection CDD ===>> 50
testing CDD==2000
evaluate ot="CDD.deflection==2000" t="CDD==2000", ctx="{'CDD': 50.0}"
18:14:42 -- ******* Post Run Check Passed *******
18:14:42 -- Automated run 65511-39 success duration: 368.584 s
----------------- finish -----------------
----------------- stop -----------------
retroactive repository identifiers disabled
finish run. runs completed=35
update duration runid=65511-39, duration=368.583612919, md5=3d9034cf
loading script "jan_co2_whiff_120_60_large.py"
loading script "jan_pump_ms.py"
loading script "jan_co2.py"
loading script "jan_pump_extraction_line.py"
testing...
no interpolation path defined
executed 266.04
script duration name:co2_whiff_120_60_large seconds:266.0
loading script "jan_co2_whiff_120_60_large.py"
loading script "jan_pump_ms.py"
loading script "jan_co2.py"
loading script "jan_pump_extraction_line.py"
testing...
no interpolation path defined
executed 0
loading script "jan_co2_whiff_120_60_large.py"
loading script "jan_pump_ms.py"
loading script "jan_co2.py"
loading script "jan_pump_extraction_line.py"
testing...
no interpolation path defined
calculate duration
testing...
no interpolation path defined
executed 0
calculate duration
testing...
no interpolation path defined
executed 0
executed 0.0
script duration name:co2 seconds:0.0
loading script "jan_co2_whiff_120_60_large.py"
loading script "jan_pump_ms.py"
loading script "jan_co2.py"
loading script "jan_pump_extraction_line.py"
testing...
no interpolation path defined
calculate duration
testing...
no interpolation path defined
executed 4.0
executed 4.0
Script duration 266.0
Run total estimated duration= 267.000
co2_whiff_120_60_large in script context. using previous estimated duration
script duration name:co2_whiff_120_60_large seconds:266.0
pump_ms in script context. using previous estimated duration
co2 in script context. using previous estimated duration
script duration name:co2 seconds:0.0
pump_extraction_line in script context. using previous estimated duration
Script duration 266.0
Run total estimated duration= 267.000
loading script "jan_unknown400_120.py"
loading script "jan_pump_ms.py"
loading script "jan_co2.py"
loading script "jan_pump_extraction_line.py"
testing...
no interpolation path defined
executed 556.052928
script duration name:unknown400_120 seconds:556.0
script duration name:co2 seconds:0.0
Script duration 556.0
Run total estimated duration= 557.000
unknown400_120 in script context. using previous estimated duration
script duration name:unknown400_120 seconds:556.0
loading script "jan_unknown400_120.py"
loading script "jan_pump_ms.py"
loading script "jan_cocktail_x1.py"
loading script "jan_pump_extraction_line.py"
testing...
no interpolation path defined
calculate duration
testing...
no interpolation path defined
executed 0
calculate duration
testing...
no interpolation path defined
executed 0
calculate duration
testing...
no interpolation path defined
executed 32.0
calculate duration
testing...
no interpolation path defined
executed 34.0
calculate duration
testing...
no interpolation path defined
executed 4.0
calculate duration
testing...
no interpolation path defined
executed 38.0
executed 108.0
script duration name:cocktail_x1 seconds:108.0
Script duration 664.0
Run total estimated duration= 665.000
script duration name:unknown400_120 seconds:556.0
cocktail_x1 in script context. using previous estimated duration
script duration name:cocktail_x1 seconds:108.0
Script duration 664.0
Run total estimated duration= 665.000
loading script "jan_ic_peak_hop3.py"
loading script "jan_pump_ms.py"
loading script "jan_air_x1.py"
loading script "jan_pump_extraction_line.py"
testing...
no interpolation path defined
executed 133.8
script duration name:ic_peak_hop3 seconds:134.0
loading script "jan_ic_peak_hop3.py"
loading script "jan_pump_ms.py"
loading script "jan_air_x1.py"
loading script "jan_pump_extraction_line.py"
testing...
no interpolation path defined
calculate duration
testing...
no interpolation path defined
executed 0
calculate duration
testing...
no interpolation path defined
executed 0
calculate duration
testing...
no interpolation path defined
executed 32.0
calculate duration
testing...
no interpolation path defined
executed 34.0
calculate duration
testing...
no interpolation path defined
executed 4.0
calculate duration
testing...
no interpolation path defined
executed 36.0
executed 106.0
script duration name:air_x1 seconds:106.0
Script duration 240.0
Run total estimated duration= 241.000
script duration name:co2_whiff_120_60_large seconds:266.0
script duration name:co2 seconds:0.0
Script duration 266.0
Run total estimated duration= 267.000
script duration name:co2_whiff_120_60_large seconds:266.0
script duration name:co2 seconds:0.0
Script duration 266.0
Run total estimated duration= 267.000
script duration name:co2_whiff_120_60_large seconds:266.0
script duration name:co2 seconds:0.0
Script duration 266.0
Run total estimated duration= 267.000
script duration name:co2_whiff_120_60_large seconds:266.0
script duration name:co2 seconds:0.0
Script duration 266.0
Run total estimated duration= 267.000
script duration name:co2_whiff_120_60_large seconds:266.0
script duration name:co2 seconds:0.0
Script duration 266.0
Run total estimated duration= 267.000
script duration name:co2_whiff_120_60_large seconds:266.0
script duration name:co2 seconds:0.0
Script duration 266.0
Run total estimated duration= 267.000
script duration name:co2_whiff_120_60_large seconds:266.0
script duration name:co2 seconds:0.0
Script duration 266.0
Run total estimated duration= 267.000
script duration name:co2_whiff_120_60_large seconds:266.0
script duration name:co2 seconds:0.0
Script duration 266.0
Run total estimated duration= 267.000
script duration name:co2_whiff_120_60_large seconds:266.0
script duration name:co2 seconds:0.0
Script duration 266.0
Run total estimated duration= 267.000
script duration name:co2_whiff_120_60_large seconds:266.0
script duration name:co2 seconds:0.0
Script duration 266.0
Run total estimated duration= 267.000
script duration name:co2_whiff_120_60_large seconds:266.0
script duration name:co2 seconds:0.0
Script duration 266.0
Run total estimated duration= 267.000
script duration name:co2_whiff_120_60_large seconds:266.0
script duration name:co2 seconds:0.0
Script duration 266.0
Run total estimated duration= 267.000
script duration name:co2_whiff_120_60_large seconds:266.0
script duration name:co2 seconds:0.0
Script duration 266.0
Run total estimated duration= 267.000
script duration name:co2_whiff_120_60_large seconds:266.0
script duration name:co2 seconds:0.0
Script duration 266.0
Run total estimated duration= 267.000
script duration name:co2_whiff_120_60_large seconds:266.0
script duration name:co2 seconds:0.0
Script duration 266.0
Run total estimated duration= 267.000
script duration name:unknown400_120 seconds:556.0
script duration name:co2 seconds:0.0
Script duration 556.0
Run total estimated duration= 557.000
script duration name:co2_whiff_120_60_large seconds:266.0
script duration name:co2 seconds:0.0
Script duration 266.0
Run total estimated duration= 267.000
nruns=23 before=5.0, run_dur=7491.0, btw=660.0
write rem/ex queues
/Users/jan/PychronDev/experiments/rem/CurrentExperiment.rem.txt
/Users/jan/PychronDev/experiments/rem/CurrentExperiment.ex.txt
doing event level: 3
