do run
loading script "jan_co2_whiff_120_60_large.py"
loading script "jan_pump_ms.py"
loading script "jan_co2.py"
loading script "jan_pump_extraction_line.py"
testing...
no interpolation path defined
executed 266.04
script duration name:co2_whiff_120_60_large seconds:266.0
loading script "jan_co2_whiff_120_60_large.py"
loading script "jan_pump_ms.py"
loading script "jan_co2.py"
loading script "jan_pump_extraction_line.py"
testing...
no interpolation path defined
executed 0
loading script "jan_co2_whiff_120_60_large.py"
loading script "jan_pump_ms.py"
loading script "jan_co2.py"
loading script "jan_pump_extraction_line.py"
testing...
no interpolation path defined
calculate duration
testing...
no interpolation path defined
executed 0
calculate duration
testing...
no interpolation path defined
executed 0
executed 0.0
script duration name:co2 seconds:0.0
loading script "jan_co2_whiff_120_60_large.py"
loading script "jan_pump_ms.py"
loading script "jan_co2.py"
loading script "jan_pump_extraction_line.py"
testing...
no interpolation path defined
calculate duration
testing...
no interpolation path defined
executed 4.0
executed 4.0
Script duration 266.0
Run total estimated duration= 267.000
run duration: 0:04:27
doing event level: 2
17:55:12 -- Setting default integration. t=1.048576
setting integration time = 1.048576
SetIntegrationTime 1.048576 ===>> OK
----------------- start -----------------
**************** Experiment Type: Ar/Ar, Ar/Ar
create new session 4993359504
close session 4993359504
$$$$$ Clearing conditionals
adding conditionals detrital
extract conditionals from file. /Users/jan/PychronDev/scripts/conditionals/detrital.yaml
no attr for this modification cd={'extraction_str': '', 'attr': '', 'mapper': '', 'use_termination': False, 'start_count': 0, 'nskip': 0, 'window': 0, 'frequency': 1, 'teststr': '', 'action': 'Skip Next Run', 'ntrips': 1, 'use_truncation': False}
no attr for this cancelation cd={'mapper': '', 'window': 0, 'frequency': 1, 'attr': '', 'teststr': '', 'start_count': 0, 'ntrips': 1}
adding truncation attr="age" test="age>100.0" start="50"
adding truncation attr="Ar39" test="Ar39<0.5" start="60"
no attr for this termination cd={'mapper': '', 'window': 0, 'frequency': 1, 'attr': '', 'teststr': '', 'start_count': 0, 'ntrips': 1}
Invalid conditional kind="pre_run_terminations"
no attr for this action cd={'mapper': '', 'attr': '', 'start_count': 0, 'window': 0, 'frequency': 1, 'teststr': '', 'action': None, 'ntrips': 1}
Invalid conditional kind="post_run_terminations"
Add queue conditionals
add default conditionals
adding default conditionals from /Users/jan/PychronDev/setupfiles/spectrometer/default_conditionals.yaml
Start automated run 65511-37
loading script "jan_co2_whiff_120_60_large.py"
loading script "jan_pump_ms.py"
loading script "jan_co2.py"
loading script "jan_pump_extraction_line.py"
%%%%%%%%%%%%%%%%%% setting automated run 65511-37
No value "sensitivity_multiplier" in metadata
$$$$$$$$$$$$$$$ auto_save_detector_ic=False
============================= Pre Extraction Check =============================
loading queue conditionals pre_run_terminations
loading system conditionals pre_run_terminations
loading conditionals from /Users/jan/PychronDev/setupfiles/spectrometer/default_conditionals.yaml
17:55:12 -- ******* Pre Extraction Check *******
Get a measurement from the spectrometer
GetData ===>> H2,-0.0859960838438533,H1,-0.106718417776652,AX,-0.0301685491012302,L1,-0.0419690811127042,L2,0.0...
Pre Extraction Termination data. keys=H2,H1,AX,L1,L2,CDD, signals=-0.08600,-0.10672,-0.03017,-0.04197,0.07983,0.00417
17:55:12 -- testing system defined conditionals
Checking default pre extraction terminations n=2
testing CDD
evaluate ot="CDD.inactive" t="CDD", ctx="{'CDD': False}"
GetDeflection CDD ===>> 50
testing CDD==2000
evaluate ot="CDD.deflection==2000" t="CDD==2000", ctx="{'CDD': 50.0}"
17:55:12 -- ******* Pre Extraction Check Passed *******
=================================================================================
17:55:12 -- stopping status monitor
stop 5052903792
Alive clients [4983293136]
17:55:12 -- starting status monitor
start 5052903792
Monitor already running
start extraction
do extraction
Analysis started at 17:55:12.712687
Extraction Started jan_co2.py
17:55:12 -- ******* Extraction Started jan_co2.py *******
state changed from not run to extraction
DO EXTRACTION <pychron.extraction_line.pyscript_runner.RemotePyScriptRunner object at 0x12b93d0b0>
testing...
no interpolation path defined
calculate duration
testing...
no interpolation path defined
executed 0
calculate duration
testing...
no interpolation path defined
executed 0
executed 100.0
Jan CO2 laser analysis
doing GOSUB
testing...
no interpolation path defined
executed 0
Waiting for CO2 access
wait ('FelixCO2Flag', 0) {}
waiting for FelixCO2Flag = 0
Read FelixCO2Flag ===>> 0
finished waiting
CO2 free
wait ('CO2PumpTimeFlag', 0) {}
waiting for CO2PumpTimeFlag = 0
Read CO2PumpTimeFlag ===>> 0
finished waiting
acquire ('JanCO2Flag',) {'clear': True}
acquire JanCO2Flag
Set JanCO2Flag 1 ===>> OK
JanCO2Flag acquired
set extraction state False (0.75, 'red', 1.5)
CO2 acquired
executed 0
WaitForCO2Access.py completed successfully
gosub finished
doing GOSUB
testing...
no interpolation path defined
executed 0
Prepare for CO2 analysis
close () {'description': 'Jan Inlet'}
closing name=--- desc=Jan Inlet
checking ownership. requestor=129.138.12.150
check software interlocks R
interlocks []
actuate state mode=None-script, software_lock=False
doing actuation None-script close_channel False
Close R ===>> OK
Get Checksum: 2035439760
GetValveState R ===>> False
change switch state (True, True)
update switch state R False args=() kw={} ncanvase=3
17:55:13 -- CLOSE  VALVE-R (Jan Inlet)
---------------------------------------- close None (Jan Inlet) result=[(True, True)]
action=close, ok=True, locked=[False]
open () {'description': 'Jan Ion Pump'}
opening name=--- desc=Jan Ion Pump
checking ownership. requestor=129.138.12.150
check software interlocks O
interlocks []
actuate state mode=None-script, software_lock=False
doing actuation None-script open_channel False
Open O ===>> OK
GetValveState O ===>> OK
change switch state (True, True)
update switch state O True args=() kw={} ncanvase=3
17:55:13 -- OPEN   VALVE-O (Jan Ion Pump)
---------------------------------------- open None (Jan Ion Pump) result=[(True, True)], time=0.10 sec
action=open, ok=True, locked=[False]
close () {'description': 'Microbone to Minibone'}
closing name=--- desc=Microbone to Minibone
checking ownership. requestor=129.138.12.150
check software interlocks L
interlocks []
actuate state mode=None-script, software_lock=False
doing actuation None-script close_channel False
Close L ===>> OK
GetValveState L ===>> False
change switch state (True, True)
update switch state L False args=() kw={} ncanvase=3
17:55:14 -- CLOSE  VALVE-L (Microbone to Minibone)
---------------------------------------- close None (Microbone to Minibone) result=[(True, True)]
action=close, ok=True, locked=[False]
open () {'description': 'Microbone to Turbo'}
opening name=--- desc=Microbone to Turbo
checking ownership. requestor=129.138.12.150
check software interlocks U
interlocks []
actuate state mode=None-script, software_lock=False
doing actuation None-script open_channel False
Open U ===>> OK
GetValveState U ===>> OK
change switch state (True, True)
update switch state U True args=() kw={} ncanvase=3
17:55:14 -- OPEN   VALVE-U (Microbone to Turbo)
---------------------------------------- open None (Microbone to Turbo) result=[(True, True)], time=0.12 sec
action=open, ok=True, locked=[False]
open () {'description': 'Microbone to Inlet Pipette'}
opening name=--- desc=Microbone to Inlet Pipette
checking ownership. requestor=129.138.12.150
check software interlocks S
interlocks []
actuate state mode=None-script, software_lock=False
doing actuation None-script open_channel False
Open S ===>> OK
GetValveState S ===>> OK
change switch state (True, True)
update switch state S True args=() kw={} ncanvase=3
17:55:15 -- OPEN   VALVE-S (Microbone to Inlet Pipette)
---------------------------------------- open None (Microbone to Inlet Pipette) result=[(True, True)], time=0.43 sec
action=open, ok=True, locked=[False]
open () {'description': 'Microbone to Getter D-50'}
opening name=--- desc=Microbone to Getter D-50
checking ownership. requestor=129.138.12.150
check software interlocks K
interlocks []
actuate state mode=None-script, software_lock=False
doing actuation None-script open_channel False
Open K ===>> OK
GetValveState K ===>> OK
change switch state (True, True)
update switch state K True args=() kw={} ncanvase=3
17:55:15 -- OPEN   VALVE-K (Microbone to Getter D-50)
---------------------------------------- open None (Microbone to Getter D-50) result=[(True, True)], time=0.40 sec
action=open, ok=True, locked=[False]
open () {'description': 'Microbone to Getter NP-10'}
opening name=--- desc=Microbone to Getter NP-10
checking ownership. requestor=129.138.12.150
check software interlocks M
interlocks []
actuate state mode=None-script, software_lock=False
doing actuation None-script open_channel False
Open M ===>> OK
Get Checksum: 2035439760
GetValveState M ===>> OK
change switch state (True, True)
update switch state M True args=() kw={} ncanvase=3
17:55:16 -- OPEN   VALVE-M (Microbone to Getter NP-10)
---------------------------------------- open None (Microbone to Getter NP-10) result=[(True, True)], time=0.15 sec
action=open, ok=True, locked=[False]
close () {'description': 'CO2 Laser to Felix'}
closing name=--- desc=CO2 Laser to Felix
checking ownership. requestor=129.138.12.150
check software interlocks F
interlocks []
actuate state mode=None-script, software_lock=True
VALVE-F(CO2 Laser to Felix) software locked
change switch state (True, False)
---------------------------------------- close None (CO2 Laser to Felix) result=[(True, False)]
action=close, ok=True, locked=[True]
open () {'description': 'CO2 Laser to Jan'}
opening name=--- desc=CO2 Laser to Jan
checking ownership. requestor=129.138.12.150
check software interlocks A
interlocks []
actuate state mode=None-script, software_lock=False
doing actuation None-script open_channel False
Open A ===>> OK
GetValveState A ===>> OK
change switch state (True, True)
update switch state A True args=() kw={} ncanvase=3
17:55:16 -- OPEN   VALVE-A (CO2 Laser to Jan)
---------------------------------------- open None (CO2 Laser to Jan) result=[(True, True)], time=0.13 sec
action=open, ok=True, locked=[False]
open () {'description': 'Microbone to CO2 Laser'}
opening name=--- desc=Microbone to CO2 Laser
checking ownership. requestor=129.138.12.150
check software interlocks T
interlocks []
actuate state mode=None-script, software_lock=False
doing actuation None-script open_channel False
Open T ===>> OK
GetValveState T ===>> OK
change switch state (True, True)
update switch state T True args=() kw={} ncanvase=3
17:55:17 -- OPEN   VALVE-T (Microbone to CO2 Laser)
---------------------------------------- open None (Microbone to CO2 Laser) result=[(True, True)], time=0.42 sec
action=open, ok=True, locked=[False]
executed 0
PrepareForCO2Analysis.py completed successfully
gosub finished
set_motor ('beam', '1.25') {}
setting motor "beam" to 1.25
set motor beam to 1.25
SetMotor beam,1.25 ===>> OK
GetMotorMoving beam ===>> False
GetMotorMoving beam ===>> False
Block completed
move_to_position ('176',) {'autocenter': True}
FusionsCO2 move to position 176
sending GoToHole 176,True
GoToHole 176,True ===>> OK
Get Checksum: 2035439760
GetDriveMoving ===>> OK
GetDriveMoving ===>> OK
GetDriveMoving ===>> OK
GetDriveMoving ===>> OK
GetDriveMoving ===>> OK
GetDriveMoving ===>> OK
GetDriveMoving ===>> False
GetDriveMoving ===>> OK
GetDriveMoving ===>> OK
GetDriveMoving ===>> OK
GetDriveMoving ===>> OK
Get Checksum: 2035439760
GetDriveMoving ===>> False
Block completed
GetAutoCorrecting ===>> False
GetAutoCorrecting ===>> False
Block completed
update position
GetPosition ===>> 0.00000,-7.97560,1.00000
got position (0.0, -7.9756, 1.0)
move to position succeeded
sleep (5,) {}
SLEEP 5.0
block started
WaitControl setup for 5.0  
Get Checksum: 2035439760
Get Checksum: 2035439760
Join finished
block finished. duration 5.01121902466
close () {'description': 'Microbone to Turbo'}
closing name=--- desc=Microbone to Turbo
checking ownership. requestor=129.138.12.150
check software interlocks U
interlocks []
actuate state mode=None-script, software_lock=False
doing actuation None-script close_channel True
Close U ===>> OK
GetValveState U ===>> False
change switch state (True, True)
update switch state U False args=() kw={} ncanvase=3
17:55:28 -- CLOSE  VALVE-U (Microbone to Turbo)
---------------------------------------- close None (Microbone to Turbo) result=[(True, True)]
action=close, ok=True, locked=[False]
enable laser
enable () {}
set extraction state FusionsCO2 Enabled (False, 'red', 1.5)
enabling laser
Enable ===>> OK
begin interval
BEGIN INTERVAL Interval 1 waiting for 30.0
block started
set extract to 5.0
WaitControl setup for 30.0  
extract (5.0,) {}
GetPosition ===>> 0.00000,-7.97560,1.00000
set extraction state FusionsCO2 ON! 5.0(watts) (0.75, 'red', 1.5)
extract sample to 5.0 (watts)
set laser output
SetLaserOutput 5.0,watts ===>> OK
executing pattern triangle.lp
execute_pattern ('triangle.lp',) {}
executing pattern triangle.lp
IsPatterning ===>> OK
Get Checksum: -1640178555
IsPatterning ===>> OK
IsPatterning ===>> OK
IsPatterning ===>> OK
Get Checksum: -1640178555
IsPatterning ===>> OK
IsPatterning ===>> OK
IsPatterning ===>> OK
Get Checksum: -1640178555
IsPatterning ===>> OK
IsPatterning ===>> OK
IsPatterning ===>> OK
Get Checksum: -1640178555
IsPatterning ===>> OK
IsPatterning ===>> OK
IsPatterning ===>> OK
Get Checksum: -1640178555
IsPatterning ===>> OK
IsPatterning ===>> OK
IsPatterning ===>> OK
Get Checksum: -1640178555
IsPatterning ===>> OK
IsPatterning ===>> OK
IsPatterning ===>> OK
Get Checksum: -1640178555
IsPatterning ===>> OK
IsPatterning ===>> OK
IsPatterning ===>> OK
Get Checksum: -1640178555
IsPatterning ===>> OK
IsPatterning ===>> OK
IsPatterning ===>> OK
Get Checksum: -1640178555
IsPatterning ===>> OK
IsPatterning ===>> False
IsPatterning ===>> False
Block completed
COMPLETE INTERVAL waiting for Interval 1 to complete
Get Checksum: -1640178555
Join finished
block finished. duration 30.0395998955
Interval 1 finished
end_extract () {}
ending extraction. set laser power to 0
set laser power 0
SetLaserPower 0 ===>> OK
disable () {}
%%%%%%%%%%%%%%%%%%%%%%%%%%%%%%%%%%% disable
set extraction state False (0.75, 'red', 1.5)
disabling laser
Disable ===>> OK
sleep (30.0,) {}
SLEEP 30.0
block started
WaitControl setup for 30.0  
Get Checksum: -1640178555
Get Checksum: -1640178555
Get Checksum: -1640178555
Get Checksum: -1640178555
Get Checksum: -1640178555
Get Checksum: -1640178555
Get Checksum: -1640178555
Get Checksum: -1640178555
Get Checksum: -1640178555
Join finished
block finished. duration 30.030960083
executed 166.5
jan_co2.py completed successfully
GetAchievedOutput ===>> No Response
Requested Output= 0.000
Achieved Output=  0.000
GetResponseBlob ===>> No Response
GetOutputBlob ===>> No Response
persistence save...
persistence save - db
AutomatedRunPersister post_extraction_save deprecated
persistence save - dvc
no extraction position for 176
create new session 4983039568
close session 4983039568
Extraction Finished
17:56:29 -- ******* Extraction Finished *******
no overlap. not waiting for min ms pumptime
17:56:29 -- Sending spectrometer configuration
======== Sending configuration ========
SetDeflection CDD,50.0 ===>> OK
SetDeflection H2,0.0 ===>> OK
SetDeflection H1,0.0 ===>> OK
SetDeflection L2,825.0 ===>> OK
SetDeflection L1,400.0 ===>> OK
SetDeflection AX,190.0 ===>> OK
SetZFocus 74.64 ===>> OK
SetZSymmetry -50.72 ===>> OK
SetExtractionLens 26.13 ===>> OK
SetIonRepeller -3.81 ===>> OK
SetElectronEnergy 75.08 ===>> OK
SetYSymmetry -2.81 ===>> OK
SetIonCounterVoltage 1590.0 ===>> OK
send trap current 200.0
GetParameter Trap Current Readback ===>> 198.035158395898
SetParameter Trap Current Set,200.0 ===>> OK
updating mftable name mftable
Using mftable located at /Users/jan/PychronDev/setupfiles/spectrometer/mftables/mftable.csv
============ MFtable ===========
Isotope  H2     H1     AX     L1     L2     CDD    
Ar40     5.7730 5.8789 5.9923 6.1129 6.2305 6.3411
Ar39     5.6722 5.7712 5.8847 5.9989 6.1156 6.2276
Ar36     5.3497 5.4402 5.5481 5.6578 5.7706 5.8787
================================
get initial guess parabolic
get initial guess parabolic
get initial guess parabolic
get initial guess parabolic
get initial guess parabolic
get initial guess parabolic
======== Configuration Finished ========
GetYSymmetry ===>> -2.81
GetZSymmetry ===>> -50.72
GetParameter Trap Current Readback ===>> 197.475737044497
GetHighVoltage ===>> 4499.94659342336
start measurement
do measurement
L#=65511 analysis type=unknown
Measurement Started jan_co2_whiff_120_60_large.py
17:56:30 -- ******* Measurement Started jan_co2_whiff_120_60_large.py *******
state changed from extraction to measurement
setting spec, defl, and gains
GetExtractionLens ===>> 26.13
GetYSymmetry ===>> -2.81
GetZSymmetry ===>> -50.72
GetZFocus ===>> 74.64
GetDeflection H2 ===>> 0
GetDeflection H1 ===>> 0
GetDeflection AX ===>> 190
GetDeflection L1 ===>> 400
GetDeflection L2 ===>> 825
GetDeflection CDD ===>> 50
GetGain H2 ===>> 0.0113
GetGain H1 ===>> 0.1
GetGain AX ===>> 0.097049
GetGain L1 ===>> 0.010355
GetGain L2 ===>> 0.095649
GetGain CDD ===>> 0
pre measurement save
New frame /Users/jan/PychronDev/data/isotopes/89/db4824-9055-43ed-8de1-9ff3332fcf3b.h5
flush and close file /Users/jan/PychronDev/data/isotopes/89/db4824-9055-43ed-8de1-9ff3332fcf3b.h5
testing...
no interpolation path defined
executed 266.04
co2 whiff measurement script
activate_detectors ('H2', 'H1', 'AX', 'L1', 'L2', 'CDD') {}
activate detectors
*************** Set Analysis View Ar/Ar
create graphs
clearing graphs
clear isotope group
setting isotope det=H2, iso=PM41
setting isotope det=H1, iso=Ar40
setting isotope det=AX, iso=Ar39
setting isotope det=L1, iso=Ar38
setting isotope det=L2, iso=Ar37
setting isotope det=CDD, iso=Ar36
setting previous blanks
 - setting Ar40 blank 0.640+/-0.007
 - setting Ar36 blank 0.00609+/-0.00020
 - setting Ar37 blank 0.038+/-0.006
 - setting Ar38 blank 0.0171+/-0.0024
 - setting PM41 blank 0.03+/-0.06
 - setting Ar39 blank 0.021+/-0.010
load analysis view
position_magnet ('Ar40',) {'detector': 'H1'}
detector Detector(H1)
POSITION Ar40 H1
setting detector H2 to PM41 (40.9624)
setting detector H1 to Ar40 (39.9624)
setting detector AX to Ar39 (38.9624)
setting detector L1 to Ar38 (37.9624)
setting detector L2 to Ar37 (36.9624)
setting detector CDD to Ar36 (35.9624)
Mapping mass to dac mass func: "parabolic"
H1 map mass coeffs = [-0.00063987  0.15840543  0.57054999]
H1 map mass to dac 39.9624 >> 5.87894
GetDeflection H1 ===>> 0
GetHighVoltage ===>> 4499.94659342336
positioning Ar40 (5.87890537947) on H1
setting magnet DAC
current  : 5.878906
requested: 5.878905
Delta Dac: 0.000000
Checking detector protection. dv=0.00000
Checking detector "CDD". Protection Threshold: 0.1 (V)
SetMagnetDAC 5.87890537947 ===>> OK
Magnet settling time: 0.500
Get Checksum: -1640178555
close ('S',) {}
closing name=S desc=---
checking ownership. requestor=129.138.12.150
check software interlocks S
interlocks []
actuate state mode=None-script, software_lock=False
doing actuation None-script close_channel True
Close S ===>> OK
GetValveState S ===>> False
change switch state (True, True)
update switch state S False args=() kw={} ncanvase=3
17:56:32 -- CLOSE  VALVE-S (Microbone to Inlet Pipette)
---------------------------------------- close S () result=[(True, True)]
action=close, ok=True, locked=[False]
equilibrate () {'do_post_equilibration': False, 'inlet': 'R', 'outlet': 'O', 'eqtime': 4}
Equilibration Started
17:56:32 -- ******* Equilibration Started *******
checking ownership. requestor=129.138.12.150
check software interlocks O
interlocks []
actuate state mode=None-script, software_lock=False
doing actuation None-script close_channel True
Close O ===>> OK
GetValveState O ===>> False
change switch state (True, True)
update switch state O False args=() kw={} ncanvase=3
17:56:32 -- CLOSE  VALVE-O (Jan Ion Pump)
waiting 3s before opening inlet value ('R',)
Get Checksum: 1680446728
checking ownership. requestor=129.138.12.150
check software interlocks R
interlocks []
actuate state mode=None-script, software_lock=False
doing actuation None-script open_channel True
Open R ===>> OK
GetValveState R ===>> OK
change switch state (True, True)
update switch state R True args=() kw={} ncanvase=3
17:56:35 -- OPEN   VALVE-R (Jan Inlet)
set_time_zero (0,) {}
equilibrating for 4sec
sniff (4,) {}
py_sniff
build tables- sniff [Detector(H2), Detector(H1), Detector(AX), Detector(L1), Detector(L2), Detector(CDD)]
add group /sniff/PM41 (Group) '' table H2
add group /sniff/Ar40 (Group) '' table H1
add group /sniff/Ar39 (Group) '' table AX
add group /sniff/Ar38 (Group) '' table L1
add group /sniff/Ar37 (Group) '' table L2
add group /sniff/Ar36 (Group) '' table CDD
flush and close file /Users/jan/PychronDev/data/isotopes/89/db4824-9055-43ed-8de1-9ff3332fcf3b.h5
measuring sniff. ncounts=4
starting measurement
GetData ===>> H2,-0.33678871571912,H1,-0.0986272152516897,AX,-0.108823654593767,L1,-0.0206735310087734,L2,0.014...
Get Checksum: 529246153
GetData ===>> H2,4.32251401963551,H1,1.58946294952707,AX,6.00954646559239,L1,0.533080946713089,L2,1.31726451225...
GetData ===>> H2,4.40790786650391,H1,1.83576044872431,AX,3.24512344299628,L1,0.926183579103784,L2,0.67368982436...
GetData ===>> H2,1.3806547955678,H1,1.62271737184516,AX,1.40774523878885,L1,0.63609222277549,L2,0.1156913465436...
Equilibration Finished
17:56:40 -- ******* Equilibration Finished *******
checking ownership. requestor=129.138.12.150
check software interlocks R
interlocks []
actuate state mode=None-script, software_lock=False
doing actuation None-script close_channel True
Close R ===>> OK
Get Checksum: 1680446728
State checksums do not match. Local:529246153 Remote:1680446728
State checksum failed
measurement finished
estimated time: 4.194 actual time: :4.258
flush and close file /Users/jan/PychronDev/data/isotopes/89/db4824-9055-43ed-8de1-9ff3332fcf3b.h5
set_fits () {}
using default fits file=/Users/jan/PychronDev/scripts/measurement/fits/nominal_linear.yaml
set "Ar40" to "('Linear', 'SEM')"
No fit for "PM41". defaulting to linear. check the measurement script "jan_co2_whiff_120_60_large.py"
set "PM41" to "linear"
set "Ar36" to "('Linear', 'SEM')"
set "Ar37" to "('linear', 'SEM')"
set "Ar38" to "('linear', 'SEM')"
set "Ar39" to "('Linear', 'SEM')"
set_baseline_fits () {}
GetValveState R ===>> False
change switch state (True, True)
using default fits file=/Users/jan/PychronDev/scripts/measurement/fits/nominal_linear.yaml
update switch state R False args=() kw={} ncanvase=3
set "H1" to "('average', 'SEM')"
set "H2" to "('average', 'SEM')"
set "CDD" to "('average', 'SEM')"
17:56:40 -- CLOSE  VALVE-R (Jan Inlet)
set "L2" to "('average', 'SEM')"
set "L1" to "('average', 'SEM')"
set "AX" to "('average', 'SEM')"
whiff () {'ncounts': 1, 'conditionals': [{'action': 'run_remainder', 'attr': 'Ar40', 'teststr': 'Ar40.cur<=175'}, {'action': 'run_pipette', 'attr': 'Ar40', 'teststr': 'Ar40.cur>500'}, {'action': 'run_chamber_split', 'attr': 'Ar40', 'teststr': 'Ar40.cur>=300'}, {'action': 'pump', 'attr': 'Ar40', 'teststr': 'Ar40.cur>175'}]}
build tables- whiff [Detector(H2), Detector(H1), Detector(AX), Detector(L1), Detector(L2), Detector(CDD)]
add group /whiff/PM41 (Group) '' table H2
add group /whiff/Ar40 (Group) '' table H1
add group /whiff/Ar39 (Group) '' table AX
add group /whiff/Ar38 (Group) '' table L1
add group /whiff/Ar37 (Group) '' table L2
add group /whiff/Ar36 (Group) '' table CDD
flush and close file /Users/jan/PychronDev/data/isotopes/89/db4824-9055-43ed-8de1-9ff3332fcf3b.h5
measuring whiff. ncounts=1
starting measurement
GetData ===>> H2,0.264233991956802,H1,1.48023175117371,AX,0.67388796339937,L1,0.253047829707667,L2,0.0367302490...
testing Ar40<=175
evaluate ot="Ar40.cur<=175" t="Ar40<=175", ctx="{'Ar40': 1.48023175117371}"
condition Ar40<=175 is true trips=1/1
17:56:42 -- Conditional tripped: Ar40.cur<=175 condition Ar40<=175 is True
measurement finished
estimated time: 1.049 actual time: :1.102
flush and close file /Users/jan/PychronDev/data/isotopes/89/db4824-9055-43ed-8de1-9ff3332fcf3b.h5
WHIFF Result=run_remainder
Whiff result=run_remainder
open ('R',) {}
opening name=R desc=---
checking ownership. requestor=129.138.12.150
check software interlocks R
interlocks []
actuate state mode=None-script, software_lock=False
doing actuation None-script open_channel True
Open R ===>> OK
GetValveState R ===>> OK
change switch state (True, True)
update switch state R True args=() kw={} ncanvase=3
17:56:42 -- OPEN   VALVE-R (Jan Inlet)
---------------------------------------- open R () result=[(True, True)], time=0.38 sec
action=open, ok=True, locked=[False]
open ('S',) {}
opening name=S desc=---
checking ownership. requestor=129.138.12.150
check software interlocks S
interlocks []
actuate state mode=None-script, software_lock=False
doing actuation None-script open_channel True
Open S ===>> OK
GetValveState S ===>> OK
change switch state (True, True)
update switch state S True args=() kw={} ncanvase=3
17:56:43 -- OPEN   VALVE-S (Microbone to Inlet Pipette)
---------------------------------------- open S () result=[(True, True)], time=0.44 sec
Get Checksum: -173909521
action=open, ok=True, locked=[False]
sleep (12.0,) {}
SLEEP 12.0
block started
WaitControl setup for 12.0  
Get Checksum: -173909521
Get Checksum: -173909521
Get Checksum: -173909521
Join finished
block finished. duration 12.012321949
close ('R',) {}
closing name=R desc=---
checking ownership. requestor=129.138.12.150
check software interlocks R
interlocks []
actuate state mode=None-script, software_lock=False
doing actuation None-script close_channel True
Close R ===>> OK
set states for children of R. state=False
handle state [('R', False)]
update switch state R False args=() kw={'refresh': False} ncanvase=3
refresh_canvas_needed fired
GetValveState R ===>> False
change switch state (True, True)
update switch state R False args=() kw={} ncanvase=3
Get Checksum: -423938523
17:56:56 -- CLOSE  VALVE-R (Jan Inlet)
---------------------------------------- close R () result=[(True, True)]
action=close, ok=True, locked=[False]
post_equilibration () {}
multicollect () {'integration_time': 1, 'ncounts': 120.0}
Post Equilibration Started jan_pump_extraction_line.py
build tables- signal [Detector(H2), Detector(H1), Detector(AX), Detector(L1), Detector(L2), Detector(CDD)]
17:56:56 -- ******* Post Equilibration Started jan_pump_extraction_line.py *******
add group /signal/PM41 (Group) '' table H2
testing...
add group /signal/Ar40 (Group) '' table H1
no interpolation path defined
add group /signal/Ar39 (Group) '' table AX
calculate duration
add group /signal/Ar38 (Group) '' table L1
testing...
add group /signal/Ar37 (Group) '' table L2
no interpolation path defined
add group /signal/Ar36 (Group) '' table CDD
executed 4.0
flush and close file /Users/jan/PychronDev/data/isotopes/89/db4824-9055-43ed-8de1-9ff3332fcf3b.h5
executed 4.0
Pump after analysis
measuring signal. ncounts=120.0
doing GOSUB
testing...
no interpolation path defined
executed 4.0
Pump Microbone
close () {'description': 'Jan Inlet'}
closing name=--- desc=Jan Inlet
checking ownership. requestor=129.138.12.150
check software interlocks R
interlocks []
actuate state mode=None-script, software_lock=False
doing actuation None-script close_channel False
Close R ===>> OK
GetValveState R ===>> False
change switch state (True, True)
update switch state R False args=() kw={} ncanvase=3
17:56:57 -- CLOSE  VALVE-R (Jan Inlet)
---------------------------------------- close None (Jan Inlet) result=[(True, True)]
starting measurement
GetData ===>> H2,0.0787757293545193,H1,37.5892275949918,AX,9.66797432344339,L1,0.14401442394679,L2,0.0906817801...
action=close, ok=True, locked=[False]
is_closed ('F',) {}
is F () closed?
is closed True
open () {'description': 'CO2 Laser to Jan'}
opening name=--- desc=CO2 Laser to Jan
checking ownership. requestor=129.138.12.150
check software interlocks A
interlocks []
actuate state mode=None-script, software_lock=False
doing actuation None-script open_channel False
Open A ===>> OK
GetValveState A ===>> OK
change switch state (True, True)
update switch state A True args=() kw={} ncanvase=3
17:56:57 -- OPEN   VALVE-A (CO2 Laser to Jan)
---------------------------------------- open None (CO2 Laser to Jan) result=[(True, True)], time=0.18 sec
action=open, ok=True, locked=[False]
sleep (1,) {}
SLEEP 1.0
GetData ===>> H2,0.226683609019547,H1,37.452579965754,AX,9.84917147560298,L1,0.171168081603654,L2,-0.0270769609...
close () {'description': 'CO2 Laser to Roughing'}
closing name=--- desc=CO2 Laser to Roughing
checking ownership. requestor=129.138.12.150
check software interlocks G
interlocks []
actuate state mode=None-script, software_lock=True
VALVE-G(CO2 Laser to Roughing) software locked
change switch state (True, False)
---------------------------------------- close None (CO2 Laser to Roughing) result=[(True, False)]
action=close, ok=True, locked=[True]
open () {'description': 'Microbone to Turbo'}
opening name=--- desc=Microbone to Turbo
checking ownership. requestor=129.138.12.150
check software interlocks U
interlocks []
actuate state mode=None-script, software_lock=False
doing actuation None-script open_channel True
Open U ===>> OK
GetValveState U ===>> OK
change switch state (True, True)
update switch state U True args=() kw={} ncanvase=3
17:56:59 -- OPEN   VALVE-U (Microbone to Turbo)
---------------------------------------- open None (Microbone to Turbo) result=[(True, True)], time=0.16 sec
action=open, ok=True, locked=[False]
open () {'description': 'Microbone to Getter NP-10'}
opening name=--- desc=Microbone to Getter NP-10
checking ownership. requestor=129.138.12.150
check software interlocks M
interlocks []
actuate state mode=None-script, software_lock=False
doing actuation None-script open_channel False
Open M ===>> OK
GetData ===>> H2,0.157402244923371,H1,37.4772528264378,AX,9.62742441735649,L1,0.125949069914271,L2,0.0225927916...
GetValveState M ===>> OK
change switch state (True, True)
update switch state M True args=() kw={} ncanvase=3
17:56:59 -- OPEN   VALVE-M (Microbone to Getter NP-10)
---------------------------------------- open None (Microbone to Getter NP-10) result=[(True, True)], time=0.16 sec
Get Checksum: -110011688
action=open, ok=True, locked=[False]
open () {'description': 'Microbone to Getter D-50'}
opening name=--- desc=Microbone to Getter D-50
checking ownership. requestor=129.138.12.150
check software interlocks K
interlocks []
actuate state mode=None-script, software_lock=False
doing actuation None-script open_channel False
Open K ===>> OK
GetValveState K ===>> OK
change switch state (True, True)
update switch state K True args=() kw={} ncanvase=3
17:57:00 -- OPEN   VALVE-K (Microbone to Getter D-50)
---------------------------------------- open None (Microbone to Getter D-50) result=[(True, True)], time=0.42 sec
action=open, ok=True, locked=[False]
open () {'description': 'Microbone to CO2 Laser'}
opening name=--- desc=Microbone to CO2 Laser
checking ownership. requestor=129.138.12.150
check software interlocks T
interlocks []
actuate state mode=None-script, software_lock=False
doing actuation None-script open_channel False
GetData ===>> H2,0.00794290013045383,H1,37.6836645473402,AX,9.43696253618391,L1,0.116577020662265,L2,0.09863762...
Open T ===>> OK
GetValveState T ===>> OK
change switch state (True, True)
update switch state T True args=() kw={} ncanvase=3
17:57:00 -- OPEN   VALVE-T (Microbone to CO2 Laser)
---------------------------------------- open None (Microbone to CO2 Laser) result=[(True, True)], time=0.40 sec
action=open, ok=True, locked=[False]
open () {'description': 'Microbone to Inlet Pipette'}
opening name=--- desc=Microbone to Inlet Pipette
checking ownership. requestor=129.138.12.150
check software interlocks S
interlocks []
actuate state mode=None-script, software_lock=False
doing actuation None-script open_channel False
Open S ===>> OK
GetValveState S ===>> OK
change switch state (True, True)
update switch state S True args=() kw={} ncanvase=3
17:57:01 -- OPEN   VALVE-S (Microbone to Inlet Pipette)
---------------------------------------- open None (Microbone to Inlet Pipette) result=[(True, True)], time=0.42 sec
GetData ===>> H2,-0.146380373811123,H1,37.6283855783165,AX,9.45371244575084,L1,0.0955805385123121,L2,0.07601826...
action=open, ok=True, locked=[False]
sleep (1,) {}
SLEEP 1.0
GetData ===>> H2,-0.165541595411518,H1,37.7174785703886,AX,9.40488142390029,L1,0.104883177061586,L2,0.184050723...
set_resource () {'name': 'CO2PumpTimeFlag', 'value': 30}
Set CO2PumpTimeFlag 30 ===>> OK
release ('JanCO2Flag',) {}
release JanCO2Flag
Set JanCO2Flag 0 ===>> OK
executed 6.0
PumpMicrobone.py completed successfully
gosub finished
get_resource_value () {'name': 'JanMiniboneFlag'}
Read JanMiniboneFlag ===>> 0
Get Resource Value JanMiniboneFlag=0.0
get resource value 0.0
get_resource_value () {'name': 'JanMiniboneFlag'}
Read JanMiniboneFlag ===>> 0
Get Resource Value JanMiniboneFlag=0.0
executed 4.0
jan_pump_extraction_line.py completed successfully
Post Equilibration Finished
17:57:02 -- ******* Post Equilibration Finished *******
Get Checksum: -110011688
GetData ===>> H2,-0.0976954895258828,H1,37.5476602672683,AX,9.38676576732085,L1,0.119319681895193,L2,0.10620654...
GetData ===>> H2,-0.00434140839953329,H1,37.5847358098008,AX,9.3337868152555,L1,0.0756164212312281,L2,0.0272100...
GetData ===>> H2,-0.0147087997269291,H1,37.5810801603616,AX,9.405039494118,L1,0.0677158077656831,L2,0.073440386...
Get Checksum: -110011688
GetData ===>> H2,-0.139173875325316,H1,37.6500867876468,AX,9.42798659179843,L1,0.116690478716281,L2,0.028635158...
GetData ===>> H2,-0.132007431062407,H1,37.490475821737,AX,9.63558181388531,L1,0.1145422335027,L2,0.175745545018...
Get Checksum: -110011688
GetData ===>> H2,-0.0430472909107556,H1,37.5322214379368,AX,9.41349052762164,L1,0.0993959917092253,L2,0.1018976...
GetData ===>> H2,-0.0716078941883003,H1,37.4641728525621,AX,9.34019047100938,L1,0.0612265897292947,L2,0.0184431...
GetData ===>> H2,-0.245995854100812,H1,37.6303700394765,AX,9.41698058305922,L1,0.0895684526256901,L2,-0.0003761...
Get Checksum: -110011688
GetData ===>> H2,-0.301911132200007,H1,37.5455355387394,AX,9.4393221973216,L1,0.1158069878811,L2,0.053766380496...
GetData ===>> H2,-0.114404236256454,H1,37.5098882583623,AX,9.43819101275174,L1,0.0925186048551954,L2,0.09304110...
GetData ===>> H2,-0.0888307527771492,H1,37.4481888921644,AX,9.42705012275513,L1,0.0812151222779681,L2,0.0450768...
Get Checksum: -110011688
GetData ===>> H2,-0.269713576810462,H1,37.3919550048318,AX,9.40063793804059,L1,0.0830916879901229,L2,0.03665043...
GetData ===>> H2,-0.18559301293436,H1,37.5336377607569,AX,9.4134418865774,L1,0.107043844063986,L2,0.03214674772...
GetData ===>> H2,-0.157558329032878,H1,37.6209157964724,AX,9.46481974751158,L1,0.0823263156668266,L2,-0.0463543...
Get Checksum: -110011688
GetData ===>> H2,-0.0696633205251643,H1,37.5260464676259,AX,9.33302131974087,L1,0.0863445153993678,L2,0.0648859...
GetData ===>> H2,-0.11378030158022,H1,37.4894564378556,AX,9.35965908102913,L1,0.104960335799646,L2,0.0530365241...
GetData ===>> H2,-0.109185679301328,H1,37.5470370096304,AX,9.39799952720872,L1,0.126577902335938,L2,0.006360094...
Get Checksum: -110011688
GetData ===>> H2,-0.204928741421101,H1,37.6613208224251,AX,9.34095602032504,L1,0.0997361240592241,L2,0.10820146...
17:57:22 -- collecting point 25
GetData ===>> H2,-0.145679248697337,H1,37.6169188763246,AX,9.38297282899868,L1,0.0856591395424846,L2,0.02254719...
GetData ===>> H2,-0.085830867991114,H1,37.5931102211349,AX,9.43063794036989,L1,0.10611537595522,L2,0.0311320221...
Get Checksum: -110011688
GetData ===>> H2,-0.106680502839914,H1,37.5874705357822,AX,9.35742279712677,L1,0.090413159125228,L2,-0.04380249...
GetData ===>> H2,-0.232387433962454,H1,37.5455780329377,AX,9.36689087812688,L1,0.0883057419320085,L2,0.11894056...
GetData ===>> H2,-0.259845194847016,H1,37.6154590418238,AX,9.36917598950217,L1,0.10952218564202,L2,0.0507443554...
Get Checksum: -110011688
GetData ===>> H2,-0.295568898662986,H1,37.6104702281304,AX,9.38765323798804,L1,0.111508914946943,L2,0.072448035...
GetData ===>> H2,-0.287252977463312,H1,37.6694247194435,AX,9.36978374050547,L1,0.102105306175257,L2,0.082806373...
GetData ===>> H2,-0.244466006328792,H1,37.5384533845796,AX,9.35173507853026,L1,0.0959627425257616,L2,0.01650520...
Get Checksum: -110011688
GetData ===>> H2,-0.215856389738653,H1,37.5492325908297,AX,9.41972893371488,L1,0.104744533931991,L2,0.054918196...
GetData ===>> H2,-0.184716279648342,H1,37.599288675965,AX,9.4185250010874,L1,0.124202786076159,L2,-0.0255500972...
Get Checksum: -110011688
GetData ===>> H2,-0.137423246917498,H1,37.6045179401948,AX,9.31120103813707,L1,0.0957203969811114,L2,-0.0153172...
GetData ===>> H2,-0.188791839107573,H1,37.4873610651139,AX,9.35329066236885,L1,0.0782822547656837,L2,0.10654853...
GetData ===>> H2,-0.0603595043168248,H1,37.466324437642,AX,9.31579311493334,L1,0.12366701363834,L2,0.0826810108...
Get Checksum: -110011688
GetData ===>> H2,-0.186251192686301,H1,37.581916132297,AX,9.32971638917354,L1,0.13628449104015,L2,0.07639468806...
GetData ===>> H2,-0.127362413528856,H1,37.5850758759282,AX,9.29353530544431,L1,0.10645419665737,L2,0.0466391157...
GetData ===>> H2,-0.0942609535570257,H1,37.5779205229208,AX,9.31706872851239,L1,0.121377165249051,L2,-0.0862754...
Get Checksum: -110011688
GetData ===>> H2,-0.173356019809106,H1,37.6324962846123,AX,9.38573242079111,L1,0.102655460385139,L2,0.029786672...
GetData ===>> H2,-0.144603835773889,H1,37.7059416079596,AX,9.34198891342723,L1,0.110818883415811,L2,0.081541354...
GetData ===>> H2,-0.156301991925029,H1,37.6092655743794,AX,9.20471851488032,L1,0.133291097904331,L2,0.085005951...
Get Checksum: -110011688
GetData ===>> H2,-0.093224700857956,H1,37.6786343636345,AX,9.27812139986377,L1,0.0963280803621762,L2,0.03674165...
GetData ===>> H2,-0.184575996021266,H1,37.648826035346,AX,9.27081641134369,L1,0.109004759118553,L2,0.0011739641...
GetData ===>> H2,-0.157918993636244,H1,37.5801733499934,AX,9.50481326375051,L1,0.133178772269824,L2,0.068969184...
GetData ===>> H2,-0.115426007508566,H1,37.5662745127948,AX,9.44214413175948,L1,0.0931996241349097,L2,0.04756277...
GetData ===>> H2,-0.120118207771536,H1,37.5373202790697,AX,9.4430685755249,L1,0.103344401795152,L2,0.1219618614...
Get Checksum: -110011688
GetData ===>> H2,-0.161997622087133,H1,37.6825734753426,AX,9.36278266831373,L1,0.102259732408254,L2,0.115907957...
17:57:48 -- collecting point 50
GetData ===>> H2,-0.17256551155568,H1,37.562916933428,AX,9.31148044431022,L1,0.0886912857314063,L2,0.0035561299...
GetData ===>> H2,-0.0164126853991073,H1,37.5652403115759,AX,9.21925880554515,L1,0.0862674233536434,L2,0.0005812...
Get Checksum: -110011688
GetData ===>> H2,-0.13886162086585,H1,37.5220102498554,AX,9.2591611155861,L1,0.113879748682731,L2,0.04641105203...
GetData ===>> H2,-0.126881142460248,H1,37.5341334777309,AX,9.27588487525333,L1,0.0761223093801714,L2,-0.0416720...
GetData ===>> H2,-0.106538433039174,H1,37.4971728249181,AX,9.30902655538213,L1,0.055702075560755,L2,0.099036573...
Get Checksum: -110011688
testing age>100.0
evaluate ot="age>100.0" t="age>100.0", ctx="{'age': 24.039993551505614}"
GetData ===>> H2,-0.115722371637274,H1,37.4942844305419,AX,9.23381332014943,L1,0.120554846242801,L2,0.120422696...
GetData ===>> H2,-0.209328281990725,H1,37.6427453194379,AX,9.30643469352591,L1,0.10947032118503,L2,0.0343814622...
Get Checksum: -110011688
GetData ===>> H2,-0.162487769015234,H1,37.6816241091501,AX,9.32356853114904,L1,0.0695465339198263,L2,0.00868539...
GetData ===>> H2,-0.21219750411948,H1,37.583191355046,AX,9.19986006631877,L1,0.096915301158424,L2,0.02241038648...
GetData ===>> H2,-0.0856900263522272,H1,37.5111768692919,AX,9.35137049199925,L1,0.146644387309343,L2,0.03586369...
Get Checksum: -110011688
testing age>100.0
evaluate ot="age>100.0" t="age>100.0", ctx="{'age': 24.15150895872535}"
GetData ===>> H2,-0.0794939765926032,H1,37.5523914658903,AX,9.3086742692436,L1,0.120080322476069,L2,0.114391691...
GetData ===>> H2,-0.152145787543258,H1,37.5753702041672,AX,9.25185748514414,L1,0.13099168998564,L2,0.0831824639...
GetData ===>> H2,-0.158953645624684,H1,37.5418952587996,AX,9.30968253970997,L1,0.10778547391868,L2,0.1395100854...
Get Checksum: -110011688
GetData ===>> H2,-0.116753496138591,H1,37.489385647633,AX,9.36494614280253,L1,0.110366528122507,L2,0.0812792355...
GetData ===>> H2,0.0131457867741809,H1,37.4913677898056,AX,9.26454499176042,L1,0.131006180419057,L2,-0.04709485...
testing age>100.0
evaluate ot="age>100.0" t="age>100.0", ctx="{'age': 24.299760994940637}"
testing Ar39<0.5
evaluate ot="Ar39<0.5" t="Ar39<0.5", ctx="{'Ar39': 9.62464359978441}"
GetData ===>> H2,-0.0860421271783353,H1,37.5236955311353,AX,9.21395020510438,L1,0.14348054130134,L2,0.162262572...
Get Checksum: -110011688
GetData ===>> H2,-0.141376985013535,H1,37.541881094504,AX,9.19942281730562,L1,0.140322985667248,L2,0.0489996070...
GetData ===>> H2,-0.0954460940917206,H1,37.558156983422,AX,9.13168402500803,L1,0.141218632800367,L2,0.061008225...
GetData ===>> H2,-0.110903803671723,H1,37.5369945132346,AX,9.24868585514122,L1,0.0745252344328435,L2,0.02062055...
Get Checksum: -110011688
GetData ===>> H2,-0.149601749912664,H1,37.6091947127741,AX,9.24850358055258,L1,0.0638165689153105,L2,0.07409055...
testing age>100.0
evaluate ot="age>100.0" t="age>100.0", ctx="{'age': 24.218223287665488}"
testing Ar39<0.5
evaluate ot="Ar39<0.5" t="Ar39<0.5", ctx="{'Ar39': 9.633681052606104}"
GetData ===>> H2,-0.217858698401637,H1,37.5677479108924,AX,9.31261022490184,L1,0.0746637339562835,L2,-0.0481770...
GetData ===>> H2,-0.234703248617397,H1,37.6773733086767,AX,9.42115178149577,L1,0.0782220157885921,L2,0.11619297...
Get Checksum: -110011688
GetData ===>> H2,-0.157136863718846,H1,37.7217875018141,AX,9.27118104062535,L1,0.0632228981033718,L2,0.04181568...
GetData ===>> H2,-0.164028285644003,H1,37.6708982145924,AX,9.26234522471269,L1,0.0849400868600626,L2,-0.0416948...
GetData ===>> H2,-0.135665587564451,H1,37.6542091159937,AX,9.19030174469358,L1,0.13219446645985,L2,0.1105042311...
Get Checksum: -110011688
testing age>100.0
evaluate ot="age>100.0" t="age>100.0", ctx="{'age': 24.285921512680673}"
testing Ar39<0.5
evaluate ot="Ar39<0.5" t="Ar39<0.5", ctx="{'Ar39': 9.617652824627484}"
17:58:15 -- collecting point 75
GetData ===>> H2,-0.0500547455229175,H1,37.6861017832761,AX,9.21676846656912,L1,0.117460578671139,L2,0.04941013...
GetData ===>> H2,-0.175977608731748,H1,37.6530616494219,AX,9.26386439578091,L1,0.119512855044775,L2,-0.02750994...
GetData ===>> H2,-0.238327399965222,H1,37.6284564513591,AX,9.20105036480099,L1,0.101259623042364,L2,0.047608392...
Get Checksum: -110011688
GetData ===>> H2,-0.1629238874379,H1,37.5459179870718,AX,9.17888637234904,L1,0.0862433322098727,L2,0.0666652286...
GetData ===>> H2,-0.150736104727481,H1,37.4998347407149,AX,9.16239705979039,L1,0.107406813839039,L2,0.087604482...
Get Checksum: -110011688
testing age>100.0
evaluate ot="age>100.0" t="age>100.0", ctx="{'age': 24.29816834990177}"
testing Ar39<0.5
evaluate ot="Ar39<0.5" t="Ar39<0.5", ctx="{'Ar39': 9.620330847959956}"
GetData ===>> H2,-0.125991548391297,H1,37.5604519355246,AX,9.32880512200442,L1,0.129787848832396,L2,0.074900416...
GetData ===>> H2,-0.16853387081029,H1,37.545861327982,AX,9.25639029236834,L1,0.110245903457285,L2,0.05576210977...
GetData ===>> H2,-0.214198793274967,H1,37.456670919838,AX,9.27025731564391,L1,0.0450371234092504,L2,0.168399256...
Get Checksum: -110011688
GetData ===>> H2,-0.135366758391067,H1,37.5875272147062,AX,9.19220847935143,L1,0.0491055052462495,L2,0.01404292...
GetData ===>> H2,-0.0806036617237446,H1,37.5839564952609,AX,9.13428152813143,L1,0.0649180013936653,L2,-0.092173...
testing age>100.0
evaluate ot="age>100.0" t="age>100.0", ctx="{'age': 24.315885247262027}"
testing Ar39<0.5
evaluate ot="Ar39<0.5" t="Ar39<0.5", ctx="{'Ar39': 9.613132615867512}"
GetData ===>> H2,-0.144241739127326,H1,37.5409745830924,AX,9.23236749495135,L1,0.0971805866151807,L2,0.08140459...
Get Checksum: -110011688
GetData ===>> H2,-0.0290993118135785,H1,37.56159942819,AX,9.27135120140304,L1,0.105681316180701,L2,0.0698018161...
GetData ===>> H2,-0.0790454650650523,H1,37.5799749861473,AX,9.16193568882091,L1,0.0751539170790322,L2,-0.010633...
GetData ===>> H2,-0.132891988103606,H1,37.700612872868,AX,9.1781942047096,L1,0.101189655277736,L2,0.18270450554...
Get Checksum: -110011688
GetData ===>> H2,-0.175366081134392,H1,37.5855859769431,AX,9.25107975831276,L1,0.0855591676841397,L2,-0.0208895...
testing age>100.0
evaluate ot="age>100.0" t="age>100.0", ctx="{'age': 24.32994204135203}"
testing Ar39<0.5
evaluate ot="Ar39<0.5" t="Ar39<0.5", ctx="{'Ar39': 9.607468882559493}"
GetData ===>> H2,-0.180693226624435,H1,37.4871911716459,AX,9.13028819787485,L1,0.104169486614585,L2,0.099025175...
GetData ===>> H2,-0.0605845963539679,H1,37.5692213272509,AX,9.12659845126207,L1,0.106069557655977,L2,0.08817434...
Get Checksum: -110011688
GetData ===>> H2,-0.106761684785459,H1,37.6767215327038,AX,9.14917596675204,L1,0.111207321954558,L2,0.083022910...
GetData ===>> H2,-0.313654080842291,H1,37.6536424644511,AX,9.12668341103011,L1,0.0830675808916057,L2,0.00814966...
GetData ===>> H2,-0.246329513676764,H1,37.5347000139469,AX,9.09032091968825,L1,0.0850292128924255,L2,0.06557029...
Get Checksum: -110011688
testing age>100.0
evaluate ot="age>100.0" t="age>100.0", ctx="{'age': 24.370095272687234}"
testing Ar39<0.5
evaluate ot="Ar39<0.5" t="Ar39<0.5", ctx="{'Ar39': 9.615823622723127}"
GetData ===>> H2,-0.131147153487654,H1,37.4578032566933,AX,9.21436322130893,L1,0.0925583799419204,L2,0.00592695...
GetData ===>> H2,-0.0742950354339483,H1,37.5675212330734,AX,9.23812661797782,L1,0.0907698609407211,L2,-0.030495...
GetData ===>> H2,-0.164907136885548,H1,37.5469803500071,AX,9.09735242484616,L1,0.102806275423755,L2,0.088333906...
Get Checksum: -110011688
GetData ===>> H2,-0.117223019182254,H1,37.5941588353426,AX,9.25018051905855,L1,0.102422606378861,L2,0.033606147...
GetData ===>> H2,-0.187290984757658,H1,37.5945556106977,AX,9.23556291755368,L1,0.0761620588075486,L2,0.05473572...
testing age>100.0
evaluate ot="age>100.0" t="age>100.0", ctx="{'age': 24.455649004476957}"
testing Ar39<0.5
evaluate ot="Ar39<0.5" t="Ar39<0.5", ctx="{'Ar39': 9.60680890158449}"
17:58:41 -- collecting point 100
GetData ===>> H2,-0.172333474768679,H1,37.6756305243944,AX,9.2301441230999,L1,0.129597082717416,L2,0.1127842472...
Get Checksum: -110011688
GetData ===>> H2,-0.0137181463055102,H1,37.5722532222061,AX,9.23022916921876,L1,0.123734586979146,L2,-0.1098921...
GetData ===>> H2,0.00674455849154383,H1,37.6030724295216,AX,9.19902200735777,L1,0.103722072589114,L2,0.06531937...
Get Checksum: -110011688
GetData ===>> H2,-0.137711206679267,H1,37.5799608173138,AX,9.11610547792538,L1,0.0994092590688965,L2,0.03768802...
GetData ===>> H2,-0.153909162683935,H1,37.4708542177822,AX,9.10035219561088,L1,0.067388454484483,L2,0.038782634...
testing age>100.0
evaluate ot="age>100.0" t="age>100.0", ctx="{'age': 24.451530834316525}"
testing Ar39<0.5
evaluate ot="Ar39<0.5" t="Ar39<0.5", ctx="{'Ar39': 9.602382920988079}"
GetData ===>> H2,-0.118068652921901,H1,37.5051870710157,AX,9.21245607222235,L1,0.112523539712543,L2,0.126921559...
Get Checksum: -110011688
GetData ===>> H2,-0.0580974890396162,H1,37.4058729268631,AX,9.0744744878458,L1,0.0894419334751887,L2,0.09239143...
GetData ===>> H2,-0.138475008197283,H1,37.46953773263,AX,9.15914322489663,L1,0.126325640496864,L2,-0.0078754454...
GetData ===>> H2,-0.201836585467441,H1,37.5213304792952,AX,9.08886367362676,L1,0.10986353276617,L2,0.0236074266...
Get Checksum: -110011688
GetData ===>> H2,-0.176633647982031,H1,37.6020945940309,AX,9.13164761188344,L1,0.149306454758847,L2,0.041906905...
testing age>100.0
evaluate ot="age>100.0" t="age>100.0", ctx="{'age': 24.46561886312286}"
testing Ar39<0.5
evaluate ot="Ar39<0.5" t="Ar39<0.5", ctx="{'Ar39': 9.60218659826797}"
GetData ===>> H2,-0.117849470703179,H1,37.6225174369308,AX,9.18896583720058,L1,0.13169570748836,L2,0.0675548684...
GetData ===>> H2,-0.144838922183082,H1,37.4745631038354,AX,9.06342594401628,L1,0.0512702063698437,L2,0.08220235...
Get Checksum: -110011688
GetData ===>> H2,-0.139509099982791,H1,37.4392089437023,AX,9.16928144838931,L1,0.0666651857582222,L2,0.02471327...
GetData ===>> H2,-0.19890674953414,H1,37.4334870592498,AX,9.23433576623027,L1,0.129645377596954,L2,-0.067131332...
GetData ===>> H2,-0.176980550495676,H1,37.4598839537947,AX,9.06219975093736,L1,0.103994688348938,L2,0.060871366...
Get Checksum: -110011688
testing age>100.0
evaluate ot="age>100.0" t="age>100.0", ctx="{'age': 24.508722211205697}"
testing Ar39<0.5
evaluate ot="Ar39<0.5" t="Ar39<0.5", ctx="{'Ar39': 9.598612848709122}"
GetData ===>> H2,-0.104834810086778,H1,37.6009041964613,AX,9.03225365682606,L1,0.107260900837031,L2,0.059559812...
GetData ===>> H2,-0.112433514439279,H1,37.620051203067,AX,9.28162214555305,L1,0.144409418561515,L2,0.0809145494...
GetData ===>> H2,-0.184384452107854,H1,37.3765098609267,AX,9.2349189650175,L1,0.0877334774515668,L2,0.132588471...
Get Checksum: -110011688
GetData ===>> H2,-0.113031805428361,H1,37.4447186423496,AX,9.14847186113964,L1,0.0953225288237861,L2,-0.0895207...
GetData ===>> H2,-0.14407419796075,H1,37.458454355271,AX,9.10682568608291,L1,0.0494398010016179,L2,0.0986832184...
testing age>100.0
evaluate ot="age>100.0" t="age>100.0", ctx="{'age': 24.536071669559433}"
testing Ar39<0.5
evaluate ot="Ar39<0.5" t="Ar39<0.5", ctx="{'Ar39': 9.591752584836236}"
GetData ===>> H2,-0.0655110985395439,H1,37.4942985891667,AX,9.14298485993094,L1,0.0931586411473527,L2,0.0401509...
Get Checksum: -110011688
measurement finished
estimated time: 125.829 actual time: :126.143
flush and close file /Users/jan/PychronDev/data/isotopes/89/db4824-9055-43ed-8de1-9ff3332fcf3b.h5
baselines () {'settling_time': 15.0, 'detector': 'H1', 'mass': 34.2, 'ncounts': 60.0}
%%%%%%%%%%%%%%%%%%%%%%%%%%%%%%%% Baseline
build tables- baseline [Detector(H2), Detector(H1), Detector(AX), Detector(L1), Detector(L2), Detector(CDD)]
add group baseline table H2
add group baseline table H1
add group baseline table AX
add group baseline table L1
add group baseline table L2
add group baseline table CDD
flush and close file /Users/jan/PychronDev/data/isotopes/89/db4824-9055-43ed-8de1-9ff3332fcf3b.h5
detector Detector(H1)
POSITION 34.2 H1
Mapping mass to dac mass func: "parabolic"
H1 map mass coeffs = [-0.00063987  0.15840543  0.57054999]
H1 map mass to dac 34.2 >> 5.23959599104
GetDeflection H1 ===>> 0
GetHighVoltage ===>> 4499.94659342336
positioning 34.2 (5.23956513555) on H1
setting magnet DAC
current  : 5.878905
requested: 5.239565
Delta Dac: 0.639340
Checking detector protection. dv=0.63934
Checking detector "CDD". Protection Threshold: 0.1 (V)
ProtectDetector CDD,On ===>> OK
GetDeflection CDD ===>> 2000
SetMagnetDAC 5.23956513555 ===>> OK
Magnet settling time: 0.500
GetMagnetMoving ===>> True
GetMagnetMoving ===>> True
GetMagnetMoving ===>> True
GetMagnetMoving ===>> True
GetMagnetMoving ===>> True
GetMagnetMoving ===>> True
GetMagnetMoving ===>> True
Get Checksum: -110011688
GetMagnetMoving ===>> True
GetMagnetMoving ===>> False
ProtectDetector CDD,Off ===>> OK
GetDeflection CDD ===>> 50
Delaying 15.0s for detectors to settle
Get Checksum: -110011688
Get Checksum: -110011688
Get Checksum: -110011688
Get Checksum: -110011688
Get Checksum: -110011688
Join finished
measuring baseline. ncounts=60.0
starting measurement
GetData ===>> H2,-0.126364699681872,H1,-0.00909175351087019,AX,-0.0867811343312901,L1,-0.0442428981551823,L2,-0...
GetData ===>> H2,-0.142851342715742,H1,0.021089370768901,AX,-0.0861088864729352,L1,-0.083923039617231,L2,-0.050...
Get Checksum: -110011688
GetData ===>> H2,-0.14580488702128,H1,-0.0107138803565164,AX,-0.150698812866481,L1,-0.0734330382440365,L2,0.000...
GetData ===>> H2,-0.212324110295273,H1,-0.101379965840276,AX,-0.0208903586998771,L1,-0.0488739543834017,L2,0.03...
GetData ===>> H2,-0.20129328157999,H1,-0.0369862884760817,AX,-0.0881140258331604,L1,-0.0314444296804742,L2,0.06...
GetData ===>> H2,-0.226133304742778,H1,-0.0375228749670107,AX,-0.0558065482926064,L1,-0.0488009561004041,L2,-0....
GetData ===>> H2,-0.21354699909736,H1,-0.0444028512641246,AX,-0.0754797987567709,L1,-0.073807047134884,L2,-0.06...
Get Checksum: -110011688
GetData ===>> H2,-0.081118497174381,H1,0.00641519747832682,AX,0.0129013274694696,L1,-0.0281684886275556,L2,0.04...
GetData ===>> H2,-0.175343131332252,H1,-0.0993779729235421,AX,-0.074042406603715,L1,0.000387662241389283,L2,-0....
GetData ===>> H2,-0.282304012224722,H1,-0.0480632351451014,AX,-0.149168412874144,L1,-0.0214096119935651,L2,-0.0...
Get Checksum: -110011688
GetData ===>> H2,-0.209328281990725,H1,-0.0556101187284995,AX,-0.0771953680469703,L1,-0.00519894801708575,L2,-0...
GetData ===>> H2,-0.196332236160794,H1,-0.0940272119109629,AX,-0.0251468383551046,L1,0.00145350178900934,L2,0.0...
GetData ===>> H2,-0.219227666152607,H1,-0.0580421684808872,AX,-0.0208439655255542,L1,-0.0153719176254106,L2,-0....
Get Checksum: -110011688
GetData ===>> H2,-0.273319970770498,H1,-0.0613921010175876,AX,-0.0484092119445447,L1,-0.0256452266589053,L2,0.0...
GetData ===>> H2,-0.222938944364903,H1,-0.06494457599151,AX,-0.0916489974719537,L1,-0.0458374960244044,L2,0.008...
GetData ===>> H2,-0.233809812170503,H1,-0.0505789262436494,AX,0.00626502781193076,L1,-0.0428540031385886,L2,0.0...
Get Checksum: -110011688
GetData ===>> H2,-0.319825978111348,H1,-0.0575176137297405,AX,-0.0644901645099418,L1,-0.034714333812706,L2,-0.0...
GetData ===>> H2,-0.25840592379335,H1,-0.071226664300039,AX,-0.109252402789856,L1,-0.0245727085127787,L2,-0.042...
GetData ===>> H2,-0.195939736616807,H1,-0.114105984068868,AX,-0.0646292815604667,L1,-0.0399235233215031,L2,-0.0...
Get Checksum: -110011688
GetData ===>> H2,-0.266322460892785,H1,-0.0127534290108809,AX,0.0859085188743882,L1,-0.0315019138152575,L2,-0.0...
GetData ===>> H2,-0.209856381293119,H1,-0.0262301035612865,AX,-0.0757116342122402,L1,-0.040330751858874,L2,-0.0...
GetData ===>> H2,-0.142879719856634,H1,0.0633224281212598,AX,-0.0646524677162389,L1,-0.0259340080905924,L2,-0.0...
Get Checksum: -110011688
GetData ===>> H2,-0.128825027860324,H1,-0.0486355306200224,AX,-0.0109501158971589,L1,-0.0478004671624735,L2,-0....
GetData ===>> H2,-0.278872421958465,H1,-0.0409569603847302,AX,-0.0337288198400924,L1,-0.0266205796124013,L2,-0....
17:59:46 -- collecting point 25
GetData ===>> H2,-0.295045474709522,H1,-0.0570168998113683,AX,-0.0181879194217664,L1,-0.0251299528853896,L2,-0....
Get Checksum: -110011688
GetData ===>> H2,-0.310998171674978,H1,-0.0507577644354161,AX,-0.0501252585558822,L1,-0.0194458103232619,L2,-0....
GetData ===>> H2,-0.341756702293831,H1,-0.0588289954521091,AX,-0.066971055392019,L1,-0.0440932419724252,L2,-0.0...
Get Checksum: -110011688
GetData ===>> H2,-0.305701920964641,H1,-0.0771388577487152,AX,-0.056861608440001,L1,-0.00295075809031778,L2,0.0...
GetData ===>> H2,-0.25976053692573,H1,0.00450652002321768,AX,0.021162528376284,L1,-0.00751979138638614,L2,-0.05...
GetData ===>> H2,-0.310161028004353,H1,0.00419636337423159,AX,-0.127084336491354,L1,-0.0450833258703391,L2,-0.0...
Get Checksum: -110011688
GetData ===>> H2,-0.238609766220086,H1,9.28427930759313E-05,AX,-0.0209947432613046,L1,-0.0637517549395249,L2,0....
GetData ===>> H2,-0.198635704738877,H1,-0.048301691990704,AX,-0.0893773583144167,L1,-0.0625005646092318,L2,0.02...
GetData ===>> H2,-0.169145185738782,H1,-0.0824309281702405,AX,-0.0617309685835937,L1,-0.038992824394442,L2,-0.0...
Get Checksum: -110011688
GetData ===>> H2,-0.162799669658633,H1,-0.0831341326770872,AX,-0.0702053929125025,L1,0.0275091914887589,L2,-0.0...
GetData ===>> H2,-0.201116668493079,H1,-0.0844451787308963,AX,-0.0487570616758886,L1,-0.0378523910954035,L2,-0....
GetData ===>> H2,-0.153449724906914,H1,-0.118478689680379,AX,-0.081681206953865,L1,-0.010651781680407,L2,-0.003...
Get Checksum: -110011688
GetData ===>> H2,-0.226056553719298,H1,-0.0792843254377338,AX,-0.0268516976126484,L1,-0.0272148514974299,L2,-0....
GetData ===>> H2,-0.259446087656818,H1,-0.0575653006389619,AX,0.0380932189745059,L1,-0.0208305821230767,L2,0.07...
GetData ===>> H2,-0.277478522201431,H1,0.0415652263358492,AX,-0.0730802693477227,L1,-0.00971420531943772,L2,-0....
Get Checksum: -110011688
GetData ===>> H2,-0.253413415625247,H1,0.068120867532895,AX,-0.0737178312433559,L1,0.0140180198865042,L2,-0.005...
GetData ===>> H2,-0.168120910931994,H1,0.0314580306520764,AX,-0.0560848070245288,L1,-0.00524213138319904,L2,0.0...
GetData ===>> H2,-0.219095627275103,H1,0.0214592354472078,AX,-0.122646935291415,L1,-0.00244682595079725,L2,-0.0...
Get Checksum: -110011688
GetData ===>> H2,-0.296850513609445,H1,-0.0576129875254015,AX,-0.0917533061596152,L1,-0.0324048506388939,L2,-0....
GetData ===>> H2,-0.311289279164847,H1,0.0389279493853369,AX,-0.123017691966277,L1,0.0201215922058636,L2,-0.124...
GetData ===>> H2,-0.269628912129248,H1,-0.015747077205641,AX,-0.259504155109431,L1,-0.0185740856418332,L2,-0.12...
Get Checksum: -110011688
GetData ===>> H2,-0.0612381516222076,H1,-0.0334566700794124,AX,-0.00750501074210455,L1,-0.0119788664255733,L2,0...
GetData ===>> H2,-0.0185754654539083,H1,-0.067781696967528,AX,-0.00424538821481963,L1,-0.0350942118750104,L2,-0...
GetData ===>> H2,-0.194519686250062,H1,-0.119140343717316,AX,-0.0826780319594394,L1,-0.0447385435166212,L2,0.07...
Get Checksum: -110011688
GetData ===>> H2,-0.158771305198319,H1,-0.0821806338481721,AX,-0.0573137735729202,L1,-0.0430683365339092,L2,0.1...
18:00:13 -- collecting point 50
GetData ===>> H2,-0.177129026923278,H1,-0.10093905417341,AX,-0.0124812346044181,L1,-0.00828249440312356,L2,0.03...
Get Checksum: -110011688
GetData ===>> H2,-0.130995651311473,H1,-0.0702015307070035,AX,-0.111315002836249,L1,-0.0192335816966084,L2,-0.0...
GetData ===>> H2,-0.157918993636244,H1,0.0590135777399194,AX,-0.0217138338644829,L1,-0.006435598337209,L2,-0.04...
GetData ===>> H2,-0.098177541631351,H1,0.000558059055611038,AX,-0.118105051342639,L1,-0.0188246992352435,L2,-0....
Get Checksum: -110011688
GetData ===>> H2,-0.0772783472394439,H1,-0.0188479729602563,AX,-0.0451625544929146,L1,-0.0385064789595095,L2,0....
testing age>100.0
evaluate ot="age>100.0" t="age>100.0", ctx="{'age': 24.586923714872974}"
GetData ===>> H2,-0.0464847043195889,H1,-0.0536548986175277,AX,-0.144032121729516,L1,-0.0198906365908085,L2,-0....
GetData ===>> H2,-0.0891288849833315,H1,0.0128691826988937,AX,-0.111152777450775,L1,-0.035886277373008,L2,-0.08...
Get Checksum: -110011688
GetData ===>> H2,-0.151215470563436,H1,0.00992248717930369,AX,-0.0499397414621819,L1,-0.0134208387258087,L2,-0....
GetData ===>> H2,-0.159759960340369,H1,-0.0915841189672804,AX,-0.059702098135175,L1,0.00179560258361524,L2,-0.0...
GetData ===>> H2,-0.210194513558552,H1,-0.0421970178274609,AX,-0.047365655290221,L1,-0.0340847679459576,L2,-0.0...
Get Checksum: -110011688
testing age>100.0
evaluate ot="age>100.0" t="age>100.0", ctx="{'age': 24.582270579210274}"
GetData ===>> H2,-0.126220037413027,H1,-0.0633352489270987,AX,-0.0733932548003213,L1,0.0146759998503507,L2,0.06...
measurement finished
estimated time: 62.915 actual time: :63.081
flush and close file /Users/jan/PychronDev/data/isotopes/89/db4824-9055-43ed-8de1-9ff3332fcf3b.h5
activate_detectors ('H1', 'AX', 'CDD') {'peak_center': True}
peak_center () {'detector': 'H1', 'isotope': 'Ar40'}
peak center: mean=37.4802079908 threshold=3
peak center started
setup peak center. detector=['H1', 'AX', 'CDD'], isotope=Ar40
VersionedUnpickler [<apptools.sweet_pickle.versioned_unpickler.VersionedUnpickler object at 0x1377e1fb0>] using Updater [<apptools.sweet_pickle.updater.Updater object at 0x137c6f7d0>]
VersionedUnpickler [<apptools.sweet_pickle.versioned_unpickler.VersionedUnpickler object at 0x1377e1fb0>] using Updater [<apptools.sweet_pickle.updater.Updater object at 0x137c6f7d0>]
VersionedUnpickler [<apptools.sweet_pickle.versioned_unpickler.VersionedUnpickler object at 0x1377e1fb0>] using Updater [<apptools.sweet_pickle.updater.Updater object at 0x137c6f7d0>]
setting integration time = 0.524288
SetIntegrationTime 0.524288 ===>> OK
Mapping mass to dac mass func: "parabolic"
H1 map mass coeffs = [-0.00063987  0.15840543  0.57054999]
H1 map mass to dac 39.9624 >> 5.87894
GetDeflection H1 ===>> 0
GetHighVoltage ===>> 4499.94659342336
do peak center. <pychron.spectrometer.jobs.peak_center.PeakCenter object at 0x13a1fcef0>
doing pc
starting peak center. center dac= 5.87890537947 step_width=0.001
width = 0.001
get scan parameters. half-width=0.015,window=0.015, i=0, scalar=1
Scan parameters center=5.87891 width=0.03000 (5.86391 - 5.89391)
GetData ===>> H2,-0.161032119159055,H1,-0.0245128229080958,AX,0.0433389652305289,L1,0.0194128020480339,L2,-0.05...
Moving to starting dac 5.86390537947
setting magnet DAC
current  : 5.239565
requested: 5.863905
Delta Dac: 0.624340
Checking detector protection. dv=0.62434
Checking detector "CDD". Protection Threshold: 0.1 (V)
ProtectDetector CDD,On ===>> OK
GetDeflection CDD ===>> 2000
SetMagnetDAC 5.86390537947 ===>> OK
Magnet settling time: 0.500
GetMagnetMoving ===>> True
GetMagnetMoving ===>> True
GetMagnetMoving ===>> True
GetMagnetMoving ===>> True
Get Checksum: -110011688
GetMagnetMoving ===>> True
GetMagnetMoving ===>> True
GetMagnetMoving ===>> True
GetMagnetMoving ===>> True
GetMagnetMoving ===>> False
ProtectDetector CDD,Off ===>> OK
GetDeflection CDD ===>> 50
Wait until signal near baseline. tol= -0.0183846171811. timeout= 10
GetData ===>> H2,-0.0101507659431346,H1,0.183457174167079,AX,0.0614484796174659,L1,-0.0167630705333013,L2,0.104...
GetData ===>> H2,2.30139938386781,H1,1.30255580185235,AX,-0.0371729969055014,L1,0.0222942249802376,L2,-0.117070...
GetData ===>> H2,2.71915619765674,H1,1.34482777013412,AX,0.0670794763592617,L1,0.0104549955396056,L2,0.00956537...
GetData ===>> H2,1.35704838032914,H1,0.663532144239665,AX,0.0357721825094367,L1,-0.00484867609200745,L2,-0.0524...
Get Checksum: -110011688
GetData ===>> H2,0.46590908533475,H1,0.326071188899735,AX,-0.142202421391944,L1,-0.0376307582632256,L2,-0.05830...
GetData ===>> H2,0.108772920725238,H1,0.135185330875021,AX,-0.101557823512601,L1,-0.0534083814006428,L2,0.03391...
GetData ===>> H2,-0.0993570735790482,H1,0.0974950913309904,AX,-0.178221490999559,L1,-0.0740330489698248,L2,0.06...
GetData ===>> H2,-0.208204641723468,H1,-0.00740996189307881,AX,0.0398340326365984,L1,-0.0399642469177786,L2,0.0...
GetData ===>> H2,-0.227033095629912,H1,-0.00151750449732797,AX,-0.0273851848510833,L1,-0.0321668367172102,L2,0....
GetData ===>> H2,-0.21231064162055,H1,-0.0267786731160456,AX,-0.0432261036601627,L1,-0.00662630004656873,L2,-0....
Peak center baseline intensity achieved
_do_sweep sm= 5.86390537947, em= 5.89390537947, stm= 0.001
calculated step values: start=5.86390537947, end=5.89390537947, width=0.001, nsteps=31.0
setting magnet DAC
current  : 5.863905
requested: 5.863905
Delta Dac: 0.000000
Checking detector protection. dv=0.00000
Checking detector "CDD". Protection Threshold: 0.1 (V)
SetMagnetDAC 5.86390537947 ===>> OK
GetData ===>> H2,-0.21231064162055,H1,-0.0267786731160456,AX,-0.0432261036601627,L1,-0.00662630004656873,L2,-0....
setting magnet DAC
current  : 5.863905
requested: 5.864940
Delta Dac: 0.001034
Checking detector protection. dv=0.00103
Checking detector "CDD". Protection Threshold: 0.1 (V)
SetMagnetDAC 5.86493986223 ===>> OK
Magnet settling time: 1.049
Get Checksum: -110011688
GetData ===>> H2,-0.190993197654545,H1,0.061102332469676,AX,-0.045568392597836,L1,0.00119423313828124,L2,-0.202...
setting magnet DAC
current  : 5.864940
requested: 5.865974
Delta Dac: 0.001034
Checking detector protection. dv=0.00103
Checking detector "CDD". Protection Threshold: 0.1 (V)
SetMagnetDAC 5.86597434499 ===>> OK
Magnet settling time: 1.049
GetData ===>> H2,-0.199208801755028,H1,0.286589719773756,AX,-0.119333234757039,L1,0.0128869731529669,L2,-0.0141...
setting magnet DAC
current  : 5.865974
requested: 5.867009
Delta Dac: 0.001034
Checking detector protection. dv=0.00103
Checking detector "CDD". Protection Threshold: 0.1 (V)
SetMagnetDAC 5.86700882775 ===>> OK
Magnet settling time: 1.049
Get Checksum: -110011688
GetData ===>> H2,-0.170224690037174,H1,0.625188604075633,AX,0.222071204786708,L1,-0.0072739392617883,L2,-0.0470...
setting magnet DAC
current  : 5.867009
requested: 5.868043
Delta Dac: 0.001034
Checking detector protection. dv=0.00103
Checking detector "CDD". Protection Threshold: 0.1 (V)
SetMagnetDAC 5.86804331051 ===>> OK
Magnet settling time: 1.049
GetData ===>> H2,-0.137538679509909,H1,2.60718307208088,AX,0.332917432972717,L1,-0.0144551437981193,L2,0.012845...
setting magnet DAC
current  : 5.868043
requested: 5.869078
Delta Dac: 0.001034
Checking detector protection. dv=0.00103
Checking detector "CDD". Protection Threshold: 0.1 (V)
SetMagnetDAC 5.86907779327 ===>> OK
Magnet settling time: 1.049
GetData ===>> H2,-0.249618492628953,H1,10.0033596123233,AX,1.67386053386897,L1,0.0141607577662761,L2,-0.0801976...
setting magnet DAC
current  : 5.869078
requested: 5.870112
Delta Dac: 0.001034
Checking detector protection. dv=0.00103
Checking detector "CDD". Protection Threshold: 0.1 (V)
SetMagnetDAC 5.87011227603 ===>> OK
Magnet settling time: 1.049
Get Checksum: -110011688
GetData ===>> H2,-0.296061431814211,H1,19.1692894896261,AX,3.68028423733184,L1,0.0354214439177278,L2,-0.0201752...
setting magnet DAC
current  : 5.870112
requested: 5.871147
Delta Dac: 0.001034
Checking detector protection. dv=0.00103
Checking detector "CDD". Protection Threshold: 0.1 (V)
SetMagnetDAC 5.87114675878 ===>> OK
Magnet settling time: 1.049
GetData ===>> H2,-0.207398893280327,H1,28.1367204233187,AX,5.78631184767463,L1,0.0355608801674878,L2,0.03088594...
setting magnet DAC
current  : 5.871147
requested: 5.872181
Delta Dac: 0.001034
Checking detector protection. dv=0.00103
Checking detector "CDD". Protection Threshold: 0.1 (V)
SetMagnetDAC 5.87218124154 ===>> OK
Magnet settling time: 1.049
GetData ===>> H2,-0.208560338489568,H1,33.6948770617432,AX,7.46328369633447,L1,0.014122373956221,L2,0.015965605...
setting magnet DAC
current  : 5.872181
requested: 5.873216
Delta Dac: 0.001034
Checking detector protection. dv=0.00103
Checking detector "CDD". Protection Threshold: 0.1 (V)
SetMagnetDAC 5.8732157243 ===>> OK
Magnet settling time: 1.049
Get Checksum: -110011688
GetData ===>> H2,-0.179827748376232,H1,35.9049641998458,AX,8.24550980588943,L1,0.064381392470045,L2,0.101510097...
setting magnet DAC
current  : 5.873216
requested: 5.874250
Delta Dac: 0.001034
Checking detector protection. dv=0.00103
Checking detector "CDD". Protection Threshold: 0.1 (V)
SetMagnetDAC 5.87425020706 ===>> OK
Magnet settling time: 1.049
GetData ===>> H2,-0.203256062791698,H1,36.8313067339208,AX,8.57193220289569,L1,0.0948165968052136,L2,-0.0543450...
setting magnet DAC
current  : 5.874250
requested: 5.875285
Delta Dac: 0.001034
Checking detector protection. dv=0.00103
Checking detector "CDD". Protection Threshold: 0.1 (V)
SetMagnetDAC 5.87528468982 ===>> OK
Magnet settling time: 1.049
GetData ===>> H2,-0.161399425072317,H1,37.0446437587638,AX,8.66734299153635,L1,0.0831025362032091,L2,0.03926969...
setting magnet DAC
current  : 5.875285
requested: 5.876319
Delta Dac: 0.001034
Checking detector protection. dv=0.00103
Checking detector "CDD". Protection Threshold: 0.1 (V)
SetMagnetDAC 5.87631917258 ===>> OK
Magnet settling time: 1.049
Get Checksum: -110011688
GetData ===>> H2,-0.199135986332343,H1,37.0528164534066,AX,8.62302620995663,L1,0.0744879001034358,L2,0.05205177...
setting magnet DAC
current  : 5.876319
requested: 5.877354
Delta Dac: 0.001034
Checking detector protection. dv=0.00103
Checking detector "CDD". Protection Threshold: 0.1 (V)
SetMagnetDAC 5.87735365534 ===>> OK
Magnet settling time: 1.049
GetData ===>> H2,-0.25145022000483,H1,37.0717939817078,AX,8.94940526690988,L1,0.0662608517622883,L2,-0.08040244...
setting magnet DAC
current  : 5.877354
requested: 5.878388
Delta Dac: 0.001034
Checking detector protection. dv=0.00103
Checking detector "CDD". Protection Threshold: 0.1 (V)
SetMagnetDAC 5.87838813809 ===>> OK
Magnet settling time: 1.049
Get Checksum: -110011688
GetData ===>> H2,-0.222049690588781,H1,37.1669037954416,AX,8.59919365919611,L1,0.0713065583924217,L2,-0.0199475...
setting magnet DAC
current  : 5.878388
requested: 5.879423
Delta Dac: 0.001034
Checking detector protection. dv=0.00103
Checking detector "CDD". Protection Threshold: 0.1 (V)
SetMagnetDAC 5.87942262085 ===>> OK
Magnet settling time: 1.049
GetData ===>> H2,-0.259233762253991,H1,37.2189454745051,AX,8.86976097914942,L1,0.0764921055446085,L2,0.12262313...
setting magnet DAC
current  : 5.879423
requested: 5.880457
Delta Dac: 0.001034
Checking detector protection. dv=0.00103
Checking detector "CDD". Protection Threshold: 0.1 (V)
SetMagnetDAC 5.88045710361 ===>> OK
Magnet settling time: 1.049
GetData ===>> H2,-0.263646084080363,H1,37.143363915975,AX,8.86466711754018,L1,0.087299104121326,L2,-0.007583298...
setting magnet DAC
current  : 5.880457
requested: 5.881492
Delta Dac: 0.001034
Checking detector protection. dv=0.00103
Checking detector "CDD". Protection Threshold: 0.1 (V)
SetMagnetDAC 5.88149158637 ===>> OK
Magnet settling time: 1.049
Get Checksum: -110011688
GetData ===>> H2,-0.277318153424916,H1,36.9764279709464,AX,8.8187853432748,L1,0.14203122786724,L2,-0.0060348060...
setting magnet DAC
current  : 5.881492
requested: 5.882526
Delta Dac: 0.001034
Checking detector protection. dv=0.00103
Checking detector "CDD". Protection Threshold: 0.1 (V)
SetMagnetDAC 5.88252606913 ===>> OK
Magnet settling time: 1.049
GetData ===>> H2,-0.152753776339249,H1,36.9901358266262,AX,8.61893677618907,L1,0.143125440353825,L2,0.097611761...
setting magnet DAC
current  : 5.882526
requested: 5.883561
Delta Dac: 0.001034
Checking detector protection. dv=0.00103
Checking detector "CDD". Protection Threshold: 0.1 (V)
SetMagnetDAC 5.88356055189 ===>> OK
Magnet settling time: 1.049
GetData ===>> H2,-0.0485191827292242,H1,36.7385877417374,AX,8.5247092841382,L1,0.119343828337437,L2,0.035692844...
setting magnet DAC
current  : 5.883561
requested: 5.884595
Delta Dac: 0.001034
Checking detector protection. dv=0.00103
Checking detector "CDD". Protection Threshold: 0.1 (V)
SetMagnetDAC 5.88459503465 ===>> OK
Magnet settling time: 1.049
Get Checksum: -110011688
GetData ===>> H2,-0.0674715476673773,H1,35.7858951726064,AX,8.23099522267417,L1,0.0868634438432931,L2,0.0963807...
setting magnet DAC
current  : 5.884595
requested: 5.885630
Delta Dac: 0.001034
Checking detector protection. dv=0.00103
Checking detector "CDD". Protection Threshold: 0.1 (V)
SetMagnetDAC 5.8856295174 ===>> OK
Magnet settling time: 1.049
GetData ===>> H2,-0.15064316303541,H1,32.855693659543,AX,7.16348408899318,L1,0.0616242015318029,L2,0.0394747433...
setting magnet DAC
current  : 5.885630
requested: 5.886664
Delta Dac: 0.001034
Checking detector protection. dv=0.00103
Checking detector "CDD". Protection Threshold: 0.1 (V)
SetMagnetDAC 5.88666400016 ===>> OK
Magnet settling time: 1.049
GetData ===>> H2,-0.164372544251457,H1,26.0857142857143,AX,5.10090298358999,L1,0.0671537775929875,L2,-0.0142324...
setting magnet DAC
current  : 5.886664
requested: 5.887698
Delta Dac: 0.001034
Checking detector protection. dv=0.00103
Checking detector "CDD". Protection Threshold: 0.1 (V)
SetMagnetDAC 5.88769848292 ===>> OK
Magnet settling time: 1.049
Get Checksum: -110011688
GetData ===>> H2,-0.124573191156358,H1,16.898662058081,AX,2.87289838659869,L1,0.046883841002007,L2,-0.090459376...
setting magnet DAC
current  : 5.887698
requested: 5.888733
Delta Dac: 0.001034
Checking detector protection. dv=0.00103
Checking detector "CDD". Protection Threshold: 0.1 (V)
SetMagnetDAC 5.88873296568 ===>> OK
Magnet settling time: 1.049
GetData ===>> H2,-0.213447341303865,H1,8.25021244558759,AX,1.0831524185087,L1,0.0102871291967336,L2,0.057748431...
setting magnet DAC
current  : 5.888733
requested: 5.889767
Delta Dac: 0.001034
Checking detector protection. dv=0.00103
Checking detector "CDD". Protection Threshold: 0.1 (V)
SetMagnetDAC 5.88976744844 ===>> OK
Magnet settling time: 1.049
Get Checksum: -110011688
GetData ===>> H2,-0.278026544191627,H1,3.09270776804371,AX,0.198121018968878,L1,0.011917949201797,L2,0.06558759...
setting magnet DAC
current  : 5.889767
requested: 5.890802
Delta Dac: 0.001034
Checking detector protection. dv=0.00103
Checking detector "CDD". Protection Threshold: 0.1 (V)
SetMagnetDAC 5.8908019312 ===>> OK
Magnet settling time: 1.049
GetData ===>> H2,-0.330735495155099,H1,0.824816504061166,AX,0.0175771738996092,L1,-0.039293484308094,L2,-0.0496...
setting magnet DAC
current  : 5.890802
requested: 5.891836
Delta Dac: 0.001034
Checking detector protection. dv=0.00103
Checking detector "CDD". Protection Threshold: 0.1 (V)
SetMagnetDAC 5.89183641396 ===>> OK
Magnet settling time: 1.049
GetData ===>> H2,-0.222055073421146,H1,0.293849512880473,AX,0.0603593943728659,L1,-0.0183732728510263,L2,-0.010...
setting magnet DAC
current  : 5.891836
requested: 5.892871
Delta Dac: 0.001034
Checking detector protection. dv=0.00103
Checking detector "CDD". Protection Threshold: 0.1 (V)
SetMagnetDAC 5.89287089671 ===>> OK
Magnet settling time: 1.049
Get Checksum: -110011688
GetData ===>> H2,-0.203067348627803,H1,-0.0228193645208428,AX,0.0361667548047722,L1,-0.00150848510029091,L2,0.0...
setting magnet DAC
current  : 5.892871
requested: 5.893905
Delta Dac: 0.001034
Checking detector protection. dv=0.00103
Checking detector "CDD". Protection Threshold: 0.1 (V)
SetMagnetDAC 5.89390537947 ===>> OK
Magnet settling time: 1.049
GetData ===>> H2,-0.175742048837928,H1,-0.0876988824442869,AX,-0.14176223450724,L1,-0.0610799405894195,L2,0.000...
result of _do_sweep=True
result of _calculate_peak_center=([5.8710897482110909, 5.8787550788724134, 5.886420409533736], [27.642523327772373, 37.218632598679029, 27.679847705406111], 5.8794164015177035, 37.218632598679029)
Failed to find a valid peak. No peak greater than 1.0. max = 0.025237351854
new center pos Detector(H1) (Ar40) @ 5.87875507887
GetHighVoltage ===>> 4499.94659342336
GetDeflection H1 ===>> 0
dac uncorrected for HV and deflection 5.87878969851
update mftable H1 Ar40 5.87878969851 message=automated run peakcenter
get initial guess parabolic
get initial guess parabolic
get initial guess parabolic
get initial guess parabolic
get initial guess parabolic
get initial guess parabolic
dump mftable to /Users/jan/PychronDev/setupfiles/spectrometer/mftables/mftable.csv
add to repo msg=modified - automated run peakcenter
sweep finished
locally archiving mftable
setting magnet DAC
current  : 5.893905
requested: 5.878755
Delta Dac: 0.015150
Checking detector protection. dv=0.01515
Checking detector "CDD". Protection Threshold: 0.1 (V)
SetMagnetDAC 5.87875507887 ===>> OK
Magnet settling time: 0.500
setting integration time = 1.048576
SetIntegrationTime 1.048576 ===>> OK
Failed to find a valid peak. No peak greater than 1.0. max = 0.025237351854
flush and close file /Users/jan/PychronDev/data/isotopes/89/db4824-9055-43ed-8de1-9ff3332fcf3b.h5
finished measure script
executed 278.04
jan_co2_whiff_120_60_large.py completed successfully
Measurement Finished
18:01:05 -- ******* Measurement Finished *******
Post Measurement Started jan_pump_ms.py
18:01:05 -- ******* Post Measurement Started jan_pump_ms.py *******
testing...
no interpolation path defined
executed 0
Pumping spectrometer
open () {'name': 'O'}
opening name=O desc=---
checking ownership. requestor=129.138.12.150
check software interlocks O
interlocks []
actuate state mode=None-script, software_lock=False
doing actuation None-script open_channel True
Open O ===>> OK
GetValveState O ===>> OK
change switch state (True, True)
update switch state O True args=() kw={} ncanvase=3
18:01:05 -- OPEN   VALVE-O (Jan Ion Pump)
---------------------------------------- open O () result=[(True, True)], time=0.09 sec
Get Checksum: 2035439760
action=open, ok=True, locked=[False]
executed 0
jan_pump_ms.py completed successfully
setting _ms_pumptime
Post Measurement Finished
18:01:05 -- ******* Post Measurement Finished *******
$$$$$$$$$$$$$$$$$$$$ state at run end measurement
state changed from measurement to success
post measurement save measured=True aborted=False
Set filtering
setting fod for Ar40= {'filter_outliers': True, 'std_devs': 2, 'iterations': 1}
setting fod for H1= {'filter_outliers': True, 'std_devs': 2, 'iterations': 1}
setting fod for PM41= {'filter_outliers': False, 'std_devs': 2, 'iterations': 1}
setting fod for H2= {'filter_outliers': True, 'std_devs': 2, 'iterations': 1}
setting fod for Ar36= {'filter_outliers': True, 'std_devs': 2, 'iterations': 1}
setting fod for CDD= {'filter_outliers': True, 'std_devs': 10, 'iterations': 1}
setting fod for Ar37= {'filter_outliers': True, 'std_devs': 2, 'iterations': 1}
setting fod for L2= {'filter_outliers': True, 'std_devs': 2, 'iterations': 1}
setting fod for Ar38= {'filter_outliers': True, 'std_devs': 2, 'iterations': 1}
setting fod for L1= {'filter_outliers': True, 'std_devs': 2, 'iterations': 1}
setting fod for Ar39= {'filter_outliers': True, 'std_devs': 2, 'iterations': 1}
setting fod for AX= {'filter_outliers': True, 'std_devs': 2, 'iterations': 1}
persistence save...
persistence save - db
post measurement save
5561327792 connecting to database sqlite:////Users/jan/PychronDev/.appdata/local_lab.db
connected to db sqlite:////Users/jan/PychronDev/.appdata/local_lab.db
create new session 5561327792
close session 5561327792
No database instance. Not saving post measurement to isotopedb database
$$$$$$$$$$$$$$$ auto_save_detector_ic=False
massspec enabled True
create new session 5054761584
MassSpec Database Version: 16.0
close session 5054761584
saving post measurement to secondary database
saving to massspec database 129.138.12.160/massspecdata
setting labnumber to 65511
setting aliquot to 37
setting step to 
setting uuid to 89db4824-9055-43ed-8de1-9ff3332fcf3b
setting irradpos to 65511
setting extract_device to Fusions CO2
setting tray to 
setting position to 176
setting power_requested to 5.0
setting extract_value to 5.0
setting duration to 30.0
setting duration_at_request to 30.0
setting first_stage_delay to 30.0
setting cleanup to 30.0
setting comment to F:9 DS
setting irradiation to NM-289
setting level to F
setting irradiation_level to F
setting sample to TRC-23-djk
setting material to SandforDetrital
setting project to IR959
setting mass_spectrometer to Jan
no attribute chron_dosages
no attribute production_ratios
no attribute interference_corrections
no attribute production_name
no attribute j
Reference Isotope=Ar40
Reference Detector=H1
%%%%%%%%%%%%%%%%%%%% Comment: F:9 DS %%%%%%%%%%%%%%%%%%%
adding isotope PM41 H2
add baseline dbdet= PM41. original det= H2
get baseline data PM41 H2
Get data baseline <pychron.processing.isotope.Baseline object at 0x13cd0aa50> len t=60
baseline PM41. v=-0.206622013365, e=0.00898104867269
get signal data PM41 H2
Get data signal PM41 0.10+/-0.08 len t=120
adding isotope Ar40 H1
add baseline dbdet= Ar40. original det= H1
get baseline data Ar40 H1
Get data baseline <pychron.processing.isotope.Baseline object at 0x149c9fc90> len t=60
baseline Ar40. v=-0.0449923116077, e=0.00543971505381
get signal data Ar40 H1
Get data signal Ar40 37.639+/-0.016 len t=120
adding isotope Ar39 AX
add baseline dbdet= Ar39. original det= AX
get baseline data Ar39 AX
Get data baseline <pychron.processing.isotope.Baseline object at 0x14a2b9590> len t=60
baseline Ar39. v=-0.0620786642951, e=0.00556419112709
get signal data Ar39 AX
Get data signal Ar39 9.559+/-0.014 len t=120
adding isotope Ar38 L1
add baseline dbdet= Ar38. original det= L1
get baseline data Ar38 L1
Get data baseline <pychron.processing.isotope.Baseline object at 0x14a2b9990> len t=60
baseline Ar38. v=-0.0254683725757, e=0.002435513861
get signal data Ar38 L1
Get data signal Ar38 0.130+/-0.005 len t=120
adding isotope Ar37 L2
add baseline dbdet= Ar37. original det= L2
get baseline data Ar37 L2
Get data baseline <pychron.processing.isotope.Baseline object at 0x14a2b9710> len t=60
baseline Ar37. v=-0.0227109846172, e=0.00684026343475
get signal data Ar37 L2
Get data signal Ar37 0.069+/-0.011 len t=120
adding isotope Ar36 CDD
add baseline dbdet= Ar36. original det= CDD
get baseline data Ar36 CDD
Get data baseline <pychron.processing.isotope.Baseline object at 0x14a2b9310> len t=60
baseline Ar36. v=3.22541725217e-05, e=9.42282937834e-06
get signal data Ar36 CDD
Get data signal Ar36 0.0194+/-0.0004 len t=120
65511-37 added analysis time 0.489207983017s
analysis added to mass spec database
mass spec save time= 0.499
persistence save - dvc
================= post measurement started
create new session 4983039568
close session 4983039568
---------------- Experiment Queue saving disabled
DVC saving peakcenter
Failed to find a valid peak. No peak greater than 1.0. max = 0.025237351854
Smart pull ahead: 0 behind: 0
Up-to-date with origin
add to repo msg=modified - ad8224ebc6dbfeb9f5997218dfa5fe690569839d.json
add to repo msg=modified - 11-37.json
add to repo msg=modified - 11-37.dat.json
add to repo msg=modified - 11-37.blan.json
add to repo msg=modified - 11-37.inte.json
add to repo msg=modified - 11-37.icfa.json
add to repo msg=modified - 11-37.base.json
not at valid file /Users/jan/PychronDev/data/.dvc/repositories/IR959/655/tags/11-37.tags.json
add to repo msg=modified - 11-37.peak.json
add to repo msg=modified - 11-37.extr.json
not at valid file /Users/jan/PychronDev/data/.dvc/repositories/IR959/655/monitor/11-37.moni.json
commit message=<COLLECTION>
add to repo msg=modified - 11-37.inte.json
add to repo msg=modified - 11-37.base.json
commit message=<ISOEVO> default collection fits
Get Checksum: 2035439760
add to repo msg=modified - 11-37.blan.json
commit message=<BLANKS> preceding bu-FC-J-7451
add to repo msg=modified - 11-37.icfa.json
commit message=<ICFactor> default
push repository <pychron.git_archive.repo_manager.GitRepoManager object at 0x140736b30>
pushing to remote=origin, url=https://github.com
Get Checksum: 2035439760
no changes to meta repo
Get Checksum: 2035439760
create new session 4983039568
add association IR959
get identifier "65511"
setting analysis irradiation position=<pychron.dvc.dvc_orm.IrradiationPositionTbl object at 0x13780c750>
close session 4983039568
================= post measurement finished
18:01:17 -- ******* Post Run Check *******
loading queue conditionals post_run_actions
loading system conditionals post_run_actions
loading conditionals from /Users/jan/PychronDev/setupfiles/spectrometer/default_conditionals.yaml
loading queue conditionals post_run_terminations
loading system conditionals post_run_terminations
loading conditionals from /Users/jan/PychronDev/setupfiles/spectrometer/default_conditionals.yaml
Checking default post run terminations n=1
GetDeflection CDD ===>> 50
testing CDD==2000
evaluate ot="CDD.deflection==2000" t="CDD==2000", ctx="{'CDD': 50.0}"
18:01:17 -- ******* Post Run Check Passed *******
18:01:17 -- Automated run 65511-37 success duration: 365.089 s
----------------- finish -----------------
----------------- stop -----------------
retroactive repository identifiers disabled
finish run. runs completed=33
update duration runid=65511-37, duration=365.088558197, md5=3d9034cf
loading script "jan_co2_whiff_120_60_large.py"
loading script "jan_pump_ms.py"
loading script "jan_co2.py"
loading script "jan_pump_extraction_line.py"
testing...
no interpolation path defined
executed 266.04
script duration name:co2_whiff_120_60_large seconds:266.0
loading script "jan_co2_whiff_120_60_large.py"
loading script "jan_pump_ms.py"
loading script "jan_co2.py"
loading script "jan_pump_extraction_line.py"
testing...
no interpolation path defined
executed 0
loading script "jan_co2_whiff_120_60_large.py"
loading script "jan_pump_ms.py"
loading script "jan_co2.py"
loading script "jan_pump_extraction_line.py"
testing...
no interpolation path defined
calculate duration
testing...
no interpolation path defined
executed 0
calculate duration
testing...
no interpolation path defined
executed 0
executed 0.0
script duration name:co2 seconds:0.0
loading script "jan_co2_whiff_120_60_large.py"
loading script "jan_pump_ms.py"
loading script "jan_co2.py"
loading script "jan_pump_extraction_line.py"
testing...
no interpolation path defined
calculate duration
testing...
no interpolation path defined
executed 4.0
executed 4.0
Script duration 266.0
Run total estimated duration= 267.000
co2_whiff_120_60_large in script context. using previous estimated duration
script duration name:co2_whiff_120_60_large seconds:266.0
pump_ms in script context. using previous estimated duration
co2 in script context. using previous estimated duration
script duration name:co2 seconds:0.0
pump_extraction_line in script context. using previous estimated duration
Script duration 266.0
Run total estimated duration= 267.000
script duration name:co2_whiff_120_60_large seconds:266.0
script duration name:co2 seconds:0.0
Script duration 266.0
Run total estimated duration= 267.000
script duration name:co2_whiff_120_60_large seconds:266.0
script duration name:co2 seconds:0.0
Script duration 266.0
Run total estimated duration= 267.000
loading script "jan_unknown400_120.py"
loading script "jan_pump_ms.py"
loading script "jan_co2.py"
loading script "jan_pump_extraction_line.py"
testing...
no interpolation path defined
executed 556.052928
script duration name:unknown400_120 seconds:556.0
script duration name:co2 seconds:0.0
Script duration 556.0
Run total estimated duration= 557.000
unknown400_120 in script context. using previous estimated duration
script duration name:unknown400_120 seconds:556.0
loading script "jan_unknown400_120.py"
loading script "jan_pump_ms.py"
loading script "jan_cocktail_x1.py"
loading script "jan_pump_extraction_line.py"
testing...
no interpolation path defined
calculate duration
testing...
no interpolation path defined
executed 0
calculate duration
testing...
no interpolation path defined
executed 0
calculate duration
testing...
no interpolation path defined
executed 32.0
calculate duration
testing...
no interpolation path defined
executed 34.0
calculate duration
testing...
no interpolation path defined
executed 4.0
calculate duration
testing...
no interpolation path defined
executed 38.0
executed 108.0
script duration name:cocktail_x1 seconds:108.0
Script duration 664.0
Run total estimated duration= 665.000
script duration name:unknown400_120 seconds:556.0
cocktail_x1 in script context. using previous estimated duration
script duration name:cocktail_x1 seconds:108.0
Script duration 664.0
Run total estimated duration= 665.000
loading script "jan_ic_peak_hop3.py"
loading script "jan_pump_ms.py"
loading script "jan_air_x1.py"
loading script "jan_pump_extraction_line.py"
testing...
no interpolation path defined
executed 133.8
script duration name:ic_peak_hop3 seconds:134.0
loading script "jan_ic_peak_hop3.py"
loading script "jan_pump_ms.py"
loading script "jan_air_x1.py"
loading script "jan_pump_extraction_line.py"
testing...
no interpolation path defined
calculate duration
testing...
no interpolation path defined
executed 0
calculate duration
testing...
no interpolation path defined
executed 0
calculate duration
testing...
no interpolation path defined
executed 32.0
calculate duration
testing...
no interpolation path defined
executed 34.0
calculate duration
testing...
no interpolation path defined
executed 4.0
calculate duration
testing...
no interpolation path defined
executed 36.0
executed 106.0
script duration name:air_x1 seconds:106.0
Script duration 240.0
Run total estimated duration= 241.000
script duration name:co2_whiff_120_60_large seconds:266.0
script duration name:co2 seconds:0.0
Script duration 266.0
Run total estimated duration= 267.000
script duration name:co2_whiff_120_60_large seconds:266.0
script duration name:co2 seconds:0.0
Script duration 266.0
Run total estimated duration= 267.000
script duration name:co2_whiff_120_60_large seconds:266.0
script duration name:co2 seconds:0.0
Script duration 266.0
Run total estimated duration= 267.000
script duration name:co2_whiff_120_60_large seconds:266.0
script duration name:co2 seconds:0.0
Script duration 266.0
Run total estimated duration= 267.000
script duration name:co2_whiff_120_60_large seconds:266.0
script duration name:co2 seconds:0.0
Script duration 266.0
Run total estimated duration= 267.000
script duration name:co2_whiff_120_60_large seconds:266.0
script duration name:co2 seconds:0.0
Script duration 266.0
Run total estimated duration= 267.000
script duration name:co2_whiff_120_60_large seconds:266.0
script duration name:co2 seconds:0.0
Script duration 266.0
Run total estimated duration= 267.000
script duration name:co2_whiff_120_60_large seconds:266.0
script duration name:co2 seconds:0.0
Script duration 266.0
Run total estimated duration= 267.000
script duration name:co2_whiff_120_60_large seconds:266.0
script duration name:co2 seconds:0.0
Script duration 266.0
Run total estimated duration= 267.000
script duration name:co2_whiff_120_60_large seconds:266.0
script duration name:co2 seconds:0.0
Script duration 266.0
Run total estimated duration= 267.000
script duration name:co2_whiff_120_60_large seconds:266.0
script duration name:co2 seconds:0.0
Script duration 266.0
Run total estimated duration= 267.000
script duration name:co2_whiff_120_60_large seconds:266.0
script duration name:co2 seconds:0.0
Script duration 266.0
Run total estimated duration= 267.000
script duration name:co2_whiff_120_60_large seconds:266.0
script duration name:co2 seconds:0.0
Script duration 266.0
Run total estimated duration= 267.000
script duration name:co2_whiff_120_60_large seconds:266.0
script duration name:co2 seconds:0.0
Script duration 266.0
Run total estimated duration= 267.000
script duration name:co2_whiff_120_60_large seconds:266.0
script duration name:co2 seconds:0.0
Script duration 266.0
Run total estimated duration= 267.000
script duration name:unknown400_120 seconds:556.0
script duration name:co2 seconds:0.0
Script duration 556.0
Run total estimated duration= 557.000
script duration name:co2_whiff_120_60_large seconds:266.0
script duration name:co2 seconds:0.0
Script duration 266.0
Run total estimated duration= 267.000
nruns=25 before=5.0, run_dur=8025.0, btw=720.0
write rem/ex queues
/Users/jan/PychronDev/experiments/rem/CurrentExperiment.rem.txt
/Users/jan/PychronDev/experiments/rem/CurrentExperiment.ex.txt
doing event level: 3
