do run
loading script "jan_co2_whiff_120_60_large.py"
loading script "jan_pump_ms.py"
loading script "jan_co2.py"
loading script "jan_pump_extraction_line.py"
testing...
no interpolation path defined
executed 266.04
script duration name:co2_whiff_120_60_large seconds:266.0
loading script "jan_co2_whiff_120_60_large.py"
loading script "jan_pump_ms.py"
loading script "jan_co2.py"
loading script "jan_pump_extraction_line.py"
testing...
no interpolation path defined
executed 0
loading script "jan_co2_whiff_120_60_large.py"
loading script "jan_pump_ms.py"
loading script "jan_co2.py"
loading script "jan_pump_extraction_line.py"
testing...
no interpolation path defined
calculate duration
testing...
no interpolation path defined
executed 0
calculate duration
testing...
no interpolation path defined
executed 0
executed 0.0
script duration name:co2 seconds:0.0
loading script "jan_co2_whiff_120_60_large.py"
loading script "jan_pump_ms.py"
loading script "jan_co2.py"
loading script "jan_pump_extraction_line.py"
testing...
no interpolation path defined
calculate duration
testing...
no interpolation path defined
executed 4.0
executed 4.0
Script duration 266.0
Run total estimated duration= 267.000
run duration: 0:04:27
doing event level: 2
17:07:37 -- Setting default integration. t=1.048576
setting integration time = 1.048576
SetIntegrationTime 1.048576 ===>> OK
----------------- start -----------------
**************** Experiment Type: Ar/Ar, Ar/Ar
create new session 4993359504
close session 4993359504
$$$$$ Clearing conditionals
adding conditionals detrital
extract conditionals from file. /Users/jan/PychronDev/scripts/conditionals/detrital.yaml
no attr for this modification cd={'extraction_str': '', 'attr': '', 'mapper': '', 'use_termination': False, 'start_count': 0, 'nskip': 0, 'window': 0, 'frequency': 1, 'teststr': '', 'action': 'Skip Next Run', 'ntrips': 1, 'use_truncation': False}
no attr for this cancelation cd={'mapper': '', 'window': 0, 'frequency': 1, 'attr': '', 'teststr': '', 'start_count': 0, 'ntrips': 1}
adding truncation attr="age" test="age>100.0" start="50"
adding truncation attr="Ar39" test="Ar39<0.5" start="60"
no attr for this termination cd={'mapper': '', 'window': 0, 'frequency': 1, 'attr': '', 'teststr': '', 'start_count': 0, 'ntrips': 1}
Invalid conditional kind="pre_run_terminations"
no attr for this action cd={'mapper': '', 'attr': '', 'start_count': 0, 'window': 0, 'frequency': 1, 'teststr': '', 'action': None, 'ntrips': 1}
Invalid conditional kind="post_run_terminations"
Add queue conditionals
add default conditionals
adding default conditionals from /Users/jan/PychronDev/setupfiles/spectrometer/default_conditionals.yaml
Start automated run 65511-31
loading script "jan_co2_whiff_120_60_large.py"
loading script "jan_pump_ms.py"
loading script "jan_co2.py"
loading script "jan_pump_extraction_line.py"
%%%%%%%%%%%%%%%%%% setting automated run 65511-31
No value "sensitivity_multiplier" in metadata
$$$$$$$$$$$$$$$ auto_save_detector_ic=False
============================= Pre Extraction Check =============================
loading queue conditionals pre_run_terminations
loading system conditionals pre_run_terminations
loading conditionals from /Users/jan/PychronDev/setupfiles/spectrometer/default_conditionals.yaml
17:07:37 -- ******* Pre Extraction Check *******
Get a measurement from the spectrometer
GetData ===>> H2,-0.175507828881624,H1,-0.0260631470130555,AX,-0.00885058821033728,L1,-0.0146109395210334,L2,0....
Pre Extraction Termination data. keys=H2,H1,AX,L1,L2,CDD, signals=-0.17551,-0.02606,-0.00885,-0.01461,0.02113,0.00298
17:07:37 -- testing system defined conditionals
Checking default pre extraction terminations n=2
testing CDD
evaluate ot="CDD.inactive" t="CDD", ctx="{'CDD': False}"
GetDeflection CDD ===>> 50
testing CDD==2000
evaluate ot="CDD.deflection==2000" t="CDD==2000", ctx="{'CDD': 50.0}"
17:07:37 -- ******* Pre Extraction Check Passed *******
=================================================================================
17:07:37 -- stopping status monitor
stop 5052903792
Alive clients [4983293136]
17:07:37 -- starting status monitor
start 5052903792
Monitor already running
start extraction
do extraction
Analysis started at 17:07:37.302198
Extraction Started jan_co2.py
17:07:37 -- ******* Extraction Started jan_co2.py *******
state changed from not run to extraction
DO EXTRACTION <pychron.extraction_line.pyscript_runner.RemotePyScriptRunner object at 0x12b93d0b0>
testing...
no interpolation path defined
calculate duration
testing...
no interpolation path defined
executed 0
calculate duration
testing...
no interpolation path defined
executed 0
executed 100.0
Jan CO2 laser analysis
doing GOSUB
testing...
no interpolation path defined
executed 0
Waiting for CO2 access
wait ('FelixCO2Flag', 0) {}
waiting for FelixCO2Flag = 0
Read FelixCO2Flag ===>> 0
finished waiting
CO2 free
wait ('CO2PumpTimeFlag', 0) {}
waiting for CO2PumpTimeFlag = 0
Read CO2PumpTimeFlag ===>> 0
finished waiting
acquire ('JanCO2Flag',) {'clear': True}
acquire JanCO2Flag
Set JanCO2Flag 1 ===>> OK
JanCO2Flag acquired
set extraction state False (0.75, 'red', 1.5)
CO2 acquired
executed 0
WaitForCO2Access.py completed successfully
gosub finished
doing GOSUB
testing...
no interpolation path defined
executed 0
Prepare for CO2 analysis
close () {'description': 'Jan Inlet'}
closing name=--- desc=Jan Inlet
checking ownership. requestor=129.138.12.150
check software interlocks R
interlocks []
actuate state mode=None-script, software_lock=False
doing actuation None-script close_channel False
Close R ===>> OK
GetValveState R ===>> False
change switch state (True, True)
update switch state R False args=() kw={} ncanvase=3
17:07:37 -- CLOSE  VALVE-R (Jan Inlet)
---------------------------------------- close None (Jan Inlet) result=[(True, True)]
action=close, ok=True, locked=[False]
open () {'description': 'Jan Ion Pump'}
opening name=--- desc=Jan Ion Pump
checking ownership. requestor=129.138.12.150
check software interlocks O
interlocks []
actuate state mode=None-script, software_lock=False
doing actuation None-script open_channel False
Open O ===>> OK
GetValveState O ===>> OK
change switch state (True, True)
update switch state O True args=() kw={} ncanvase=3
17:07:38 -- OPEN   VALVE-O (Jan Ion Pump)
---------------------------------------- open None (Jan Ion Pump) result=[(True, True)], time=0.09 sec
action=open, ok=True, locked=[False]
close () {'description': 'Microbone to Minibone'}
closing name=--- desc=Microbone to Minibone
checking ownership. requestor=129.138.12.150
check software interlocks L
interlocks []
actuate state mode=None-script, software_lock=False
doing actuation None-script close_channel False
Close L ===>> OK
GetValveState L ===>> False
change switch state (True, True)
update switch state L False args=() kw={} ncanvase=3
Get Checksum: -2083114517
17:07:38 -- CLOSE  VALVE-L (Microbone to Minibone)
---------------------------------------- close None (Microbone to Minibone) result=[(True, True)]
action=close, ok=True, locked=[False]
open () {'description': 'Microbone to Turbo'}
opening name=--- desc=Microbone to Turbo
checking ownership. requestor=129.138.12.150
check software interlocks U
interlocks []
actuate state mode=None-script, software_lock=False
doing actuation None-script open_channel False
Open U ===>> OK
GetValveState U ===>> OK
change switch state (True, True)
update switch state U True args=() kw={} ncanvase=3
17:07:39 -- OPEN   VALVE-U (Microbone to Turbo)
---------------------------------------- open None (Microbone to Turbo) result=[(True, True)], time=0.13 sec
action=open, ok=True, locked=[False]
open () {'description': 'Microbone to Inlet Pipette'}
opening name=--- desc=Microbone to Inlet Pipette
checking ownership. requestor=129.138.12.150
check software interlocks S
interlocks []
actuate state mode=None-script, software_lock=False
doing actuation None-script open_channel False
Open S ===>> OK
GetValveState S ===>> OK
change switch state (True, True)
update switch state S True args=() kw={} ncanvase=3
17:07:39 -- OPEN   VALVE-S (Microbone to Inlet Pipette)
---------------------------------------- open None (Microbone to Inlet Pipette) result=[(True, True)], time=0.41 sec
action=open, ok=True, locked=[False]
open () {'description': 'Microbone to Getter D-50'}
opening name=--- desc=Microbone to Getter D-50
checking ownership. requestor=129.138.12.150
check software interlocks K
interlocks []
actuate state mode=None-script, software_lock=False
doing actuation None-script open_channel False
Open K ===>> OK
GetValveState K ===>> OK
change switch state (True, True)
update switch state K True args=() kw={} ncanvase=3
17:07:40 -- OPEN   VALVE-K (Microbone to Getter D-50)
---------------------------------------- open None (Microbone to Getter D-50) result=[(True, True)], time=0.40 sec
action=open, ok=True, locked=[False]
open () {'description': 'Microbone to Getter NP-10'}
opening name=--- desc=Microbone to Getter NP-10
checking ownership. requestor=129.138.12.150
check software interlocks M
interlocks []
actuate state mode=None-script, software_lock=False
doing actuation None-script open_channel False
Open M ===>> OK
GetValveState M ===>> OK
change switch state (True, True)
update switch state M True args=() kw={} ncanvase=3
17:07:40 -- OPEN   VALVE-M (Microbone to Getter NP-10)
---------------------------------------- open None (Microbone to Getter NP-10) result=[(True, True)], time=0.16 sec
action=open, ok=True, locked=[False]
close () {'description': 'CO2 Laser to Felix'}
closing name=--- desc=CO2 Laser to Felix
checking ownership. requestor=129.138.12.150
check software interlocks F
interlocks []
actuate state mode=None-script, software_lock=True
VALVE-F(CO2 Laser to Felix) software locked
change switch state (True, False)
---------------------------------------- close None (CO2 Laser to Felix) result=[(True, False)]
action=close, ok=True, locked=[True]
open () {'description': 'CO2 Laser to Jan'}
opening name=--- desc=CO2 Laser to Jan
checking ownership. requestor=129.138.12.150
check software interlocks A
interlocks []
actuate state mode=None-script, software_lock=False
doing actuation None-script open_channel False
Open A ===>> OK
GetValveState A ===>> OK
change switch state (True, True)
update switch state A True args=() kw={} ncanvase=3
17:07:41 -- OPEN   VALVE-A (CO2 Laser to Jan)
---------------------------------------- open None (CO2 Laser to Jan) result=[(True, True)], time=0.13 sec
action=open, ok=True, locked=[False]
open () {'description': 'Microbone to CO2 Laser'}
opening name=--- desc=Microbone to CO2 Laser
checking ownership. requestor=129.138.12.150
check software interlocks T
interlocks []
actuate state mode=None-script, software_lock=False
doing actuation None-script open_channel False
Open T ===>> OK
Get Checksum: -2083114517
GetValveState T ===>> OK
change switch state (True, True)
update switch state T True args=() kw={} ncanvase=3
17:07:41 -- OPEN   VALVE-T (Microbone to CO2 Laser)
---------------------------------------- open None (Microbone to CO2 Laser) result=[(True, True)], time=0.41 sec
action=open, ok=True, locked=[False]
executed 0
PrepareForCO2Analysis.py completed successfully
gosub finished
set_motor ('beam', '1.25') {}
setting motor "beam" to 1.25
set motor beam to 1.25
SetMotor beam,1.25 ===>> OK
GetMotorMoving beam ===>> False
GetMotorMoving beam ===>> False
Block completed
move_to_position ('170',) {'autocenter': True}
FusionsCO2 move to position 170
sending GoToHole 170,True
GoToHole 170,True ===>> OK
GetDriveMoving ===>> OK
GetDriveMoving ===>> OK
GetDriveMoving ===>> OK
GetDriveMoving ===>> False
Get Checksum: -2083114517
GetDriveMoving ===>> OK
GetDriveMoving ===>> OK
GetDriveMoving ===>> OK
GetDriveMoving ===>> False
Block completed
GetAutoCorrecting ===>> False
GetAutoCorrecting ===>> False
Block completed
update position
GetPosition ===>> -11.96340,-7.97560,1.00000
got position (-11.9634, -7.9756, 1.0)
move to position succeeded
sleep (5,) {}
SLEEP 5.0
block started
WaitControl setup for 5.0  
Get Checksum: -2083114517
Get Checksum: -2083114517
Join finished
block finished. duration 5.0294508934
close () {'description': 'Microbone to Turbo'}
closing name=--- desc=Microbone to Turbo
checking ownership. requestor=129.138.12.150
check software interlocks U
interlocks []
actuate state mode=None-script, software_lock=False
doing actuation None-script close_channel True
Close U ===>> OK
set states for children of U. state=False
handle state [('U', False)]
update switch state U False args=() kw={'refresh': False} ncanvase=3
refresh_canvas_needed fired
GetValveState U ===>> False
change switch state (True, True)
update switch state U False args=() kw={} ncanvase=3
17:07:52 -- CLOSE  VALVE-U (Microbone to Turbo)
---------------------------------------- close None (Microbone to Turbo) result=[(True, True)]
action=close, ok=True, locked=[False]
enable laser
enable () {}
set extraction state FusionsCO2 Enabled (False, 'red', 1.5)
enabling laser
Enable ===>> OK
begin interval
BEGIN INTERVAL Interval 1 waiting for 30.0
block started
set extract to 5.0
WaitControl setup for 30.0  
extract (5.0,) {}
GetPosition ===>> -11.96340,-7.97560,1.00000
set extraction state FusionsCO2 ON! 5.0(watts) (0.75, 'red', 1.5)
extract sample to 5.0 (watts)
set laser output
SetLaserOutput 5.0,watts ===>> OK
executing pattern triangle.lp
execute_pattern ('triangle.lp',) {}
executing pattern triangle.lp
Get Checksum: -1452036699
IsPatterning ===>> OK
IsPatterning ===>> OK
IsPatterning ===>> OK
Get Checksum: -1452036699
IsPatterning ===>> OK
IsPatterning ===>> OK
IsPatterning ===>> OK
Get Checksum: -1452036699
IsPatterning ===>> OK
IsPatterning ===>> OK
IsPatterning ===>> OK
Get Checksum: -1452036699
IsPatterning ===>> OK
IsPatterning ===>> OK
IsPatterning ===>> OK
Get Checksum: -1452036699
IsPatterning ===>> OK
IsPatterning ===>> OK
IsPatterning ===>> OK
Get Checksum: -1452036699
IsPatterning ===>> OK
IsPatterning ===>> OK
IsPatterning ===>> OK
IsPatterning ===>> OK
IsPatterning ===>> OK
Get Checksum: -1452036699
IsPatterning ===>> OK
IsPatterning ===>> OK
IsPatterning ===>> OK
Get Checksum: -1452036699
IsPatterning ===>> OK
IsPatterning ===>> OK
IsPatterning ===>> OK
Get Checksum: -1452036699
IsPatterning ===>> OK
IsPatterning ===>> False
Join finished
block finished. duration 30.0955729485
Interval 1 finished
IsPatterning ===>> False
Block completed
COMPLETE INTERVAL waiting for Interval 1 to complete
end_extract () {}
ending extraction. set laser power to 0
set laser power 0
SetLaserPower 0 ===>> OK
disable () {}
%%%%%%%%%%%%%%%%%%%%%%%%%%%%%%%%%%% disable
set extraction state False (0.75, 'red', 1.5)
disabling laser
Disable ===>> OK
sleep (30.0,) {}
SLEEP 30.0
block started
WaitControl setup for 30.0  
Get Checksum: -1452036699
Get Checksum: -1452036699
Get Checksum: -1452036699
Get Checksum: -1452036699
Get Checksum: -1452036699
Get Checksum: -1452036699
Get Checksum: -1452036699
Get Checksum: -1452036699
Get Checksum: -1452036699
Get Checksum: -1452036699
Join finished
block finished. duration 30.0811698437
executed 165.0
jan_co2.py completed successfully
GetAchievedOutput ===>> No Response
Requested Output= 0.000
Achieved Output=  0.000
GetResponseBlob ===>> No Response
GetOutputBlob ===>> No Response
persistence save...
persistence save - db
AutomatedRunPersister post_extraction_save deprecated
persistence save - dvc
no extraction position for 170
create new session 4983039568
close session 4983039568
Extraction Finished
17:08:53 -- ******* Extraction Finished *******
no overlap. not waiting for min ms pumptime
17:08:53 -- Sending spectrometer configuration
======== Sending configuration ========
SetDeflection CDD,50.0 ===>> OK
SetDeflection H2,0.0 ===>> OK
SetDeflection H1,0.0 ===>> OK
SetDeflection L2,825.0 ===>> OK
SetDeflection L1,400.0 ===>> OK
SetDeflection AX,190.0 ===>> OK
SetZFocus 74.64 ===>> OK
SetZSymmetry -50.72 ===>> OK
SetExtractionLens 26.13 ===>> OK
SetIonRepeller -3.81 ===>> OK
SetElectronEnergy 75.08 ===>> OK
SetYSymmetry -2.81 ===>> OK
SetIonCounterVoltage 1590.0 ===>> OK
send trap current 200.0
GetParameter Trap Current Readback ===>> 197.811389855338
SetParameter Trap Current Set,200.0 ===>> OK
updating mftable name mftable
Using mftable located at /Users/jan/PychronDev/setupfiles/spectrometer/mftables/mftable.csv
============ MFtable ===========
Isotope  H2     H1     AX     L1     L2     CDD    
Ar40     5.7728 5.8788 5.9922 6.1127 6.2304 6.3410
Ar39     5.6721 5.7711 5.8846 5.9988 6.1155 6.2275
Ar36     5.3496 5.4401 5.5480 5.6577 5.7705 5.8786
================================
get initial guess parabolic
get initial guess parabolic
get initial guess parabolic
get initial guess parabolic
get initial guess parabolic
get initial guess parabolic
======== Configuration Finished ========
GetYSymmetry ===>> -2.81
Get Checksum: -1452036699
GetZSymmetry ===>> -50.72
GetParameter Trap Current Readback ===>> 198.258926936459
GetHighVoltage ===>> 4499.94659342336
start measurement
do measurement
L#=65511 analysis type=unknown
Measurement Started jan_co2_whiff_120_60_large.py
17:08:53 -- ******* Measurement Started jan_co2_whiff_120_60_large.py *******
state changed from extraction to measurement
setting spec, defl, and gains
GetExtractionLens ===>> 26.13
GetYSymmetry ===>> -2.81
GetZSymmetry ===>> -50.72
GetZFocus ===>> 74.64
GetDeflection H2 ===>> 0
GetDeflection H1 ===>> 0
GetDeflection AX ===>> 190
GetDeflection L1 ===>> 400
GetDeflection L2 ===>> 825
GetDeflection CDD ===>> 50
GetGain H2 ===>> 0.0113
GetGain H1 ===>> 0.1
GetGain AX ===>> 0.097049
GetGain L1 ===>> 0.010355
GetGain L2 ===>> 0.095649
GetGain CDD ===>> 0
pre measurement save
New frame /Users/jan/PychronDev/data/isotopes/8b/71f3df-065c-411e-8056-16d8cecde339.h5
flush and close file /Users/jan/PychronDev/data/isotopes/8b/71f3df-065c-411e-8056-16d8cecde339.h5
testing...
no interpolation path defined
executed 266.04
co2 whiff measurement script
activate_detectors ('H2', 'H1', 'AX', 'L1', 'L2', 'CDD') {}
activate detectors
*************** Set Analysis View Ar/Ar
create graphs
clearing graphs
clear isotope group
setting isotope det=H2, iso=PM41
setting isotope det=H1, iso=Ar40
setting isotope det=AX, iso=Ar39
setting isotope det=L1, iso=Ar38
setting isotope det=L2, iso=Ar37
setting isotope det=CDD, iso=Ar36
setting previous blanks
 - setting Ar40 blank 0.640+/-0.007
 - setting Ar36 blank 0.00609+/-0.00020
 - setting Ar37 blank 0.038+/-0.006
 - setting Ar38 blank 0.0171+/-0.0024
 - setting PM41 blank 0.03+/-0.06
 - setting Ar39 blank 0.021+/-0.010
load analysis view
position_magnet ('Ar40',) {'detector': 'H1'}
detector Detector(H1)
POSITION Ar40 H1
setting detector H2 to PM41 (40.9624)
setting detector H1 to Ar40 (39.9624)
setting detector AX to Ar39 (38.9624)
setting detector L1 to Ar38 (37.9624)
setting detector L2 to Ar37 (36.9624)
setting detector CDD to Ar36 (35.9624)
Mapping mass to dac mass func: "parabolic"
H1 map mass coeffs = [-0.00063987  0.15840543  0.57040999]
H1 map mass to dac 39.9624 >> 5.8788
GetDeflection H1 ===>> 0
GetHighVoltage ===>> 4499.94659342336
positioning Ar40 (5.8787653803) on H1
setting magnet DAC
current  : 5.878768
requested: 5.878765
Delta Dac: 0.000003
Checking detector protection. dv=0.00000
Checking detector "CDD". Protection Threshold: 0.1 (V)
SetMagnetDAC 5.8787653803 ===>> OK
Magnet settling time: 0.500
close ('S',) {}
closing name=S desc=---
checking ownership. requestor=129.138.12.150
check software interlocks S
interlocks []
actuate state mode=None-script, software_lock=False
doing actuation None-script close_channel True
Close S ===>> OK
set states for children of S. state=False
handle state [('S', False)]
update switch state S False args=() kw={'refresh': False} ncanvase=3
GetValveState S ===>> False
refresh_canvas_needed fired
change switch state (True, True)
update switch state S False args=() kw={} ncanvase=3
17:08:56 -- CLOSE  VALVE-S (Microbone to Inlet Pipette)
---------------------------------------- close S () result=[(True, True)]
action=close, ok=True, locked=[False]
equilibrate () {'do_post_equilibration': False, 'inlet': 'R', 'outlet': 'O', 'eqtime': 4}
Equilibration Started
17:08:56 -- ******* Equilibration Started *******
checking ownership. requestor=129.138.12.150
check software interlocks O
interlocks []
actuate state mode=None-script, software_lock=False
doing actuation None-script close_channel True
Close O ===>> OK
GetValveState O ===>> False
change switch state (True, True)
update switch state O False args=() kw={} ncanvase=3
17:08:56 -- CLOSE  VALVE-O (Jan Ion Pump)
waiting 3s before opening inlet value ('R',)
Get Checksum: -1051033603
State checksums do not match. Local:1063129995 Remote:-1051033603
State checksum failed
set states for children of V. state=False
handle state [('V', False)]
update switch state V False args=() kw={'refresh': False} ncanvase=3
refresh_canvas_needed fired
checking ownership. requestor=129.138.12.150
check software interlocks R
interlocks []
actuate state mode=None-script, software_lock=False
doing actuation None-script open_channel True
Open R ===>> OK
GetValveState R ===>> OK
change switch state (True, True)
update switch state R True args=() kw={} ncanvase=3
17:08:59 -- OPEN   VALVE-R (Jan Inlet)
equilibrating for 4sec
set_time_zero (0,) {}
sniff (4,) {}
py_sniff
build tables- sniff [Detector(H2), Detector(H1), Detector(AX), Detector(L1), Detector(L2), Detector(CDD)]
add group /sniff/PM41 (Group) '' table H2
add group /sniff/Ar40 (Group) '' table H1
add group /sniff/Ar39 (Group) '' table AX
add group /sniff/Ar38 (Group) '' table L1
add group /sniff/Ar37 (Group) '' table L2
add group /sniff/Ar36 (Group) '' table CDD
flush and close file /Users/jan/PychronDev/data/isotopes/8b/71f3df-065c-411e-8056-16d8cecde339.h5
measuring sniff. ncounts=4
set states for children of H. state=True
handle state [('H', True)]
update switch state H True args=() kw={'refresh': False} ncanvase=3
refresh_canvas_needed fired
Get Checksum: 229021847
starting measurement
GetData ===>> H2,1.72984768945727,H1,2.37782907864907,AX,3.99364642164472,L1,0.179704377114591,L2,0.87321442064...
GetData ===>> H2,5.4278236814443,H1,7.02366048109442,AX,5.52306422262759,L1,0.915246077254354,L2,0.866563729989...
GetData ===>> H2,2.13428397094777,H1,6.74394691935445,AX,2.73883885602059,L1,0.737254766825898,L2,0.27886646868...
Get Checksum: 229021847
GetData ===>> H2,0.688071824843694,H1,6.43970644389673,AX,1.83367594762233,L1,0.449437739278885,L2,0.1292361733...
Equilibration Finished
17:09:03 -- ******* Equilibration Finished *******
checking ownership. requestor=129.138.12.150
check software interlocks R
interlocks []
actuate state mode=None-script, software_lock=False
doing actuation None-script close_channel True
Close R ===>> OK
set states for children of R. state=False
handle state [('R', False)]
update switch state R False args=() kw={'refresh': False} ncanvase=3
measurement finished
estimated time: 4.194 actual time: :4.260
flush and close file /Users/jan/PychronDev/data/isotopes/8b/71f3df-065c-411e-8056-16d8cecde339.h5
set_fits () {}
using default fits file=/Users/jan/PychronDev/scripts/measurement/fits/nominal_linear.yaml
set "Ar40" to "('Linear', 'SEM')"
No fit for "PM41". defaulting to linear. check the measurement script "jan_co2_whiff_120_60_large.py"
set "PM41" to "linear"
set "Ar36" to "('Linear', 'SEM')"
set "Ar37" to "('linear', 'SEM')"
set "Ar38" to "('linear', 'SEM')"
set "Ar39" to "('Linear', 'SEM')"
set_baseline_fits () {}
refresh_canvas_needed fired
GetValveState R ===>> False
change switch state (True, True)
update switch state R False args=() kw={} ncanvase=3
using default fits file=/Users/jan/PychronDev/scripts/measurement/fits/nominal_linear.yaml
set "H1" to "('average', 'SEM')"
set "H2" to "('average', 'SEM')"
set "CDD" to "('average', 'SEM')"
set "L2" to "('average', 'SEM')"
set "L1" to "('average', 'SEM')"
set "AX" to "('average', 'SEM')"
whiff () {'ncounts': 1, 'conditionals': [{'action': 'run_remainder', 'attr': 'Ar40', 'teststr': 'Ar40.cur<=175'}, {'action': 'run_pipette', 'attr': 'Ar40', 'teststr': 'Ar40.cur>500'}, {'action': 'run_chamber_split', 'attr': 'Ar40', 'teststr': 'Ar40.cur>=300'}, {'action': 'pump', 'attr': 'Ar40', 'teststr': 'Ar40.cur>175'}]}
17:09:04 -- CLOSE  VALVE-R (Jan Inlet)
build tables- whiff [Detector(H2), Detector(H1), Detector(AX), Detector(L1), Detector(L2), Detector(CDD)]
add group /whiff/PM41 (Group) '' table H2
add group /whiff/Ar40 (Group) '' table H1
add group /whiff/Ar39 (Group) '' table AX
add group /whiff/Ar38 (Group) '' table L1
add group /whiff/Ar37 (Group) '' table L2
add group /whiff/Ar36 (Group) '' table CDD
flush and close file /Users/jan/PychronDev/data/isotopes/8b/71f3df-065c-411e-8056-16d8cecde339.h5
measuring whiff. ncounts=1
starting measurement
GetData ===>> H2,0.188061868502824,H1,6.34766098005006,AX,1.53812714509116,L1,0.27301851316486,L2,0.05492960050...
testing Ar40<=175
evaluate ot="Ar40.cur<=175" t="Ar40<=175", ctx="{'Ar40': 6.3476609800500601}"
condition Ar40<=175 is true trips=1/1
17:09:06 -- Conditional tripped: Ar40.cur<=175 condition Ar40<=175 is True
measurement finished
estimated time: 1.049 actual time: :1.106
flush and close file /Users/jan/PychronDev/data/isotopes/8b/71f3df-065c-411e-8056-16d8cecde339.h5
WHIFF Result=run_remainder
Whiff result=run_remainder
open ('R',) {}
opening name=R desc=---
checking ownership. requestor=129.138.12.150
check software interlocks R
interlocks []
actuate state mode=None-script, software_lock=False
doing actuation None-script open_channel True
Open R ===>> OK
set states for children of R. state=True
handle state [('R', True)]
update switch state R True args=() kw={'refresh': False} ncanvase=3
refresh_canvas_needed fired
Get Checksum: 229021847
GetValveState R ===>> OK
change switch state (True, True)
update switch state R True args=() kw={} ncanvase=3
17:09:06 -- OPEN   VALVE-R (Jan Inlet)
---------------------------------------- open R () result=[(True, True)], time=0.38 sec
action=open, ok=True, locked=[False]
open ('S',) {}
opening name=S desc=---
checking ownership. requestor=129.138.12.150
check software interlocks S
interlocks []
actuate state mode=None-script, software_lock=False
doing actuation None-script open_channel True
Open S ===>> OK
GetValveState S ===>> OK
change switch state (True, True)
update switch state S True args=() kw={} ncanvase=3
17:09:07 -- OPEN   VALVE-S (Microbone to Inlet Pipette)
---------------------------------------- open S () result=[(True, True)], time=0.43 sec
action=open, ok=True, locked=[False]
sleep (12.0,) {}
SLEEP 12.0
block started
WaitControl setup for 12.0  
Get Checksum: 1869895606
Get Checksum: 1869895606
Get Checksum: 1869895606
Get Checksum: 1869895606
Join finished
block finished. duration 12.0310330391
close ('R',) {}
closing name=R desc=---
checking ownership. requestor=129.138.12.150
check software interlocks R
interlocks []
actuate state mode=None-script, software_lock=False
doing actuation None-script close_channel True
Close R ===>> OK
GetValveState R ===>> False
change switch state (True, True)
update switch state R False args=() kw={} ncanvase=3
17:09:20 -- CLOSE  VALVE-R (Jan Inlet)
---------------------------------------- close R () result=[(True, True)]
action=close, ok=True, locked=[False]
post_equilibration () {}
multicollect () {'integration_time': 1, 'ncounts': 120.0}
build tables- signal [Detector(H2), Detector(H1), Detector(AX), Detector(L1), Detector(L2), Detector(CDD)]
Post Equilibration Started jan_pump_extraction_line.py
add group /signal/PM41 (Group) '' table H2
17:09:20 -- ******* Post Equilibration Started jan_pump_extraction_line.py *******
add group /signal/Ar40 (Group) '' table H1
testing...
add group /signal/Ar39 (Group) '' table AX
no interpolation path defined
add group /signal/Ar38 (Group) '' table L1
add group /signal/Ar37 (Group) '' table L2
calculate duration
add group /signal/Ar36 (Group) '' table CDD
testing...
flush and close file /Users/jan/PychronDev/data/isotopes/8b/71f3df-065c-411e-8056-16d8cecde339.h5
no interpolation path defined
executed 4.0
measuring signal. ncounts=120.0
executed 4.0
Pump after analysis
doing GOSUB
testing...
no interpolation path defined
executed 4.0
Pump Microbone
close () {'description': 'Jan Inlet'}
closing name=--- desc=Jan Inlet
checking ownership. requestor=129.138.12.150
check software interlocks R
interlocks []
actuate state mode=None-script, software_lock=False
doing actuation None-script close_channel False
Close R ===>> OK
GetValveState R ===>> False
change switch state (True, True)
update switch state R False args=() kw={} ncanvase=3
17:09:21 -- CLOSE  VALVE-R (Jan Inlet)
---------------------------------------- close None (Jan Inlet) result=[(True, True)]
starting measurement
GetData ===>> H2,0.0439371304702249,H1,170.445571423541,AX,33.4317321078995,L1,0.430550890169897,L2,0.158532846...
action=close, ok=True, locked=[False]
is_closed ('F',) {}
is F () closed?
is closed True
open () {'description': 'CO2 Laser to Jan'}
opening name=--- desc=CO2 Laser to Jan
checking ownership. requestor=129.138.12.150
check software interlocks A
interlocks []
actuate state mode=None-script, software_lock=False
doing actuation None-script open_channel False
Open A ===>> OK
GetValveState A ===>> OK
change switch state (True, True)
update switch state A True args=() kw={} ncanvase=3
17:09:21 -- OPEN   VALVE-A (CO2 Laser to Jan)
---------------------------------------- open None (CO2 Laser to Jan) result=[(True, True)], time=0.14 sec
action=open, ok=True, locked=[False]
sleep (1,) {}
SLEEP 1.0
Get Checksum: -191493765
GetData ===>> H2,0.331319948888524,H1,170.339775546198,AX,33.7632575405322,L1,0.462153042289665,L2,0.2363511090...
close () {'description': 'CO2 Laser to Roughing'}
closing name=--- desc=CO2 Laser to Roughing
checking ownership. requestor=129.138.12.150
check software interlocks G
interlocks []
actuate state mode=None-script, software_lock=True
VALVE-G(CO2 Laser to Roughing) software locked
change switch state (True, False)
---------------------------------------- close None (CO2 Laser to Roughing) result=[(True, False)]
action=close, ok=True, locked=[True]
open () {'description': 'Microbone to Turbo'}
opening name=--- desc=Microbone to Turbo
checking ownership. requestor=129.138.12.150
check software interlocks U
interlocks []
actuate state mode=None-script, software_lock=False
doing actuation None-script open_channel True
Open U ===>> OK
GetValveState U ===>> OK
change switch state (True, True)
update switch state U True args=() kw={} ncanvase=3
17:09:23 -- OPEN   VALVE-U (Microbone to Turbo)
---------------------------------------- open None (Microbone to Turbo) result=[(True, True)], time=0.19 sec
action=open, ok=True, locked=[False]
open () {'description': 'Microbone to Getter NP-10'}
opening name=--- desc=Microbone to Getter NP-10
checking ownership. requestor=129.138.12.150
check software interlocks M
interlocks []
actuate state mode=None-script, software_lock=False
doing actuation None-script open_channel False
Open M ===>> OK
GetData ===>> H2,0.0771311824487018,H1,170.405736751372,AX,33.3795073803424,L1,0.447079140037087,L2,0.243474296...
GetValveState M ===>> OK
change switch state (True, True)
update switch state M True args=() kw={} ncanvase=3
17:09:23 -- OPEN   VALVE-M (Microbone to Getter NP-10)
---------------------------------------- open None (Microbone to Getter NP-10) result=[(True, True)], time=0.14 sec
action=open, ok=True, locked=[False]
open () {'description': 'Microbone to Getter D-50'}
opening name=--- desc=Microbone to Getter D-50
checking ownership. requestor=129.138.12.150
check software interlocks K
interlocks []
actuate state mode=None-script, software_lock=False
doing actuation None-script open_channel False
Open K ===>> OK
GetValveState K ===>> OK
change switch state (True, True)
update switch state K True args=() kw={} ncanvase=3
17:09:24 -- OPEN   VALVE-K (Microbone to Getter D-50)
---------------------------------------- open None (Microbone to Getter D-50) result=[(True, True)], time=0.42 sec
action=open, ok=True, locked=[False]
open () {'description': 'Microbone to CO2 Laser'}
opening name=--- desc=Microbone to CO2 Laser
checking ownership. requestor=129.138.12.150
check software interlocks T
interlocks []
actuate state mode=None-script, software_lock=False
doing actuation None-script open_channel False
GetData ===>> H2,0.0193000624095044,H1,170.374050649849,AX,33.273831574546,L1,0.442645504364603,L2,0.1433417046...
Open T ===>> OK
GetValveState T ===>> OK
change switch state (True, True)
update switch state T True args=() kw={} ncanvase=3
17:09:24 -- OPEN   VALVE-T (Microbone to CO2 Laser)
---------------------------------------- open None (Microbone to CO2 Laser) result=[(True, True)], time=0.41 sec
action=open, ok=True, locked=[False]
open () {'description': 'Microbone to Inlet Pipette'}
opening name=--- desc=Microbone to Inlet Pipette
checking ownership. requestor=129.138.12.150
check software interlocks S
interlocks []
actuate state mode=None-script, software_lock=False
doing actuation None-script open_channel False
Open S ===>> OK
Get Checksum: 1671910529
GetValveState S ===>> OK
change switch state (True, True)
update switch state S True args=() kw={} ncanvase=3
17:09:25 -- OPEN   VALVE-S (Microbone to Inlet Pipette)
---------------------------------------- open None (Microbone to Inlet Pipette) result=[(True, True)], time=0.42 sec
GetData ===>> H2,-0.0652766160905458,H1,170.194542545396,AX,33.5485498642977,L1,0.426708167697863,L2,0.21959544...
action=open, ok=True, locked=[False]
sleep (1,) {}
SLEEP 1.0
GetData ===>> H2,-0.0806388880499979,H1,170.049689159824,AX,33.3887441447311,L1,0.427438370524033,L2,0.22694566...
set_resource () {'name': 'CO2PumpTimeFlag', 'value': 30}
Set CO2PumpTimeFlag 30 ===>> OK
release ('JanCO2Flag',) {}
release JanCO2Flag
Set JanCO2Flag 0 ===>> OK
executed 6.0
PumpMicrobone.py completed successfully
gosub finished
get_resource_value () {'name': 'JanMiniboneFlag'}
Read JanMiniboneFlag ===>> 0
Get Resource Value JanMiniboneFlag=0.0
get resource value 0.0
get_resource_value () {'name': 'JanMiniboneFlag'}
Read JanMiniboneFlag ===>> 0
Get Resource Value JanMiniboneFlag=0.0
executed 4.0
jan_pump_extraction_line.py completed successfully
Post Equilibration Finished
17:09:26 -- ******* Post Equilibration Finished *******
set states for children of H. state=False
handle state [('H', False)]
update switch state H False args=() kw={'refresh': False} ncanvase=3
refresh_canvas_needed fired
GetData ===>> H2,-0.0404134977450706,H1,169.971822493695,AX,33.3487437867297,L1,0.421865148178961,L2,0.18196295...
Get Checksum: -1990985319
State checksums do not match. Local:2052577745 Remote:-1990985319
State checksum failed
GetData ===>> H2,-0.0492159542942594,H1,170.045034722388,AX,33.411309446304,L1,0.411886560611622,L2,0.158544252...
set states for children of C. state=True
set states for children of B. state=True
set states for children of D. state=True
handle state [('C', True), ('B', True), ('D', True)]
update switch state C True args=() kw={'refresh': True} ncanvase=3
update switch state B True args=() kw={'refresh': True} ncanvase=3
update switch state D True args=() kw={'refresh': False} ncanvase=3
refresh_canvas_needed fired
GetData ===>> H2,-0.118588179057849,H1,170.181738625903,AX,33.2334206215801,L1,0.410598426232835,L2,0.365946380...
GetData ===>> H2,-0.271023782516274,H1,169.920537065684,AX,33.3357386259266,L1,0.434602252527336,L2,0.268667238...
Get Checksum: -110011688
GetData ===>> H2,-0.103061904948539,H1,169.875505841952,AX,33.2051170468021,L1,0.415922209182255,L2,0.127411842...
GetData ===>> H2,-0.0587579680182638,H1,169.784859108657,AX,33.2917060417088,L1,0.436621787477665,L2,0.18143816...
GetData ===>> H2,-0.122140343143486,H1,169.776965238912,AX,33.3057522325358,L1,0.411840028231702,L2,0.182647462...
Get Checksum: -110011688
GetData ===>> H2,-0.233687362814046,H1,169.492132751459,AX,33.2504468771193,L1,0.416327698811517,L2,0.185750635...
GetData ===>> H2,-0.238749780732664,H1,169.465305980436,AX,33.3268111767948,L1,0.393650951637423,L2,0.197319969...
GetData ===>> H2,-0.14876171404313,H1,169.570366690536,AX,33.289980951928,L1,0.435347729894784,L2,0.20618617378...
Get Checksum: -110011688
GetData ===>> H2,-0.0834254866475283,H1,169.662013109845,AX,33.3045703296736,L1,0.404310681808788,L2,0.20958681...
GetData ===>> H2,-0.120818894787628,H1,169.500437064948,AX,33.18649617894,L1,0.405416908756181,L2,0.08377509369...
GetData ===>> H2,-0.101047765599306,H1,169.488344170029,AX,33.1862247602207,L1,0.425431662478958,L2,0.159160160...
Get Checksum: -110011688
GetData ===>> H2,-0.0790319145925942,H1,169.402858700749,AX,33.1050080056369,L1,0.398112956582311,L2,0.21856828...
GetData ===>> H2,-0.0589003660618359,H1,169.307746042074,AX,33.1347758702827,L1,0.420269680559659,L2,0.18763312...
GetData ===>> H2,-0.0829364927354017,H1,169.115431211098,AX,33.1432067612781,L1,0.388430200393001,L2,0.15739228...
Get Checksum: -110011688
GetData ===>> H2,-0.120326524644998,H1,169.172366127248,AX,33.1652983835843,L1,0.376233025890347,L2,0.232184746...
GetData ===>> H2,-0.117532866695041,H1,169.192463700057,AX,33.2603053457266,L1,0.409467156220918,L2,0.201792906...
17:09:46 -- collecting point 25
GetData ===>> H2,-0.0362383462678042,H1,169.313800609958,AX,33.0841086367605,L1,0.433289215711952,L2,0.21039705...
Get Checksum: -110011688
GetData ===>> H2,-0.00290505509681857,H1,168.954328997713,AX,33.0408292843796,L1,0.402295550184382,L2,0.1873250...
GetData ===>> H2,-0.139172523592934,H1,169.009725391327,AX,33.0012003708158,L1,0.408666527391578,L2,0.212953340...
Get Checksum: -110011688
GetData ===>> H2,-0.255381647030569,H1,168.967725568798,AX,33.1878261400111,L1,0.396633157503861,L2,0.186971397...
GetData ===>> H2,-0.167343533852217,H1,168.988339269257,AX,33.1636552820326,L1,0.411129823320457,L2,0.201952658...
GetData ===>> H2,-0.178179104630597,H1,168.899960779554,AX,32.9543365108163,L1,0.40127651148536,L2,0.1123282396...
Get Checksum: -110011688
GetData ===>> H2,-0.150071710677003,H1,168.679774447375,AX,33.0518307203055,L1,0.438445472608674,L2,0.165182581...
GetData ===>> H2,-0.193184031937837,H1,168.792563298136,AX,33.1499817941467,L1,0.433187465420792,L2,0.249992934...
GetData ===>> H2,-0.121654792995512,H1,168.563412720431,AX,33.2312076667183,L1,0.399859859032195,L2,0.167395460...
GetData ===>> H2,-0.163836576316844,H1,168.417611848205,AX,32.8795889390345,L1,0.434223403975728,L2,0.111142630...
GetData ===>> H2,-0.228661757489599,H1,168.398018344688,AX,33.0082246138338,L1,0.438582844633258,L2,0.232104845...
Get Checksum: -110011688
GetData ===>> H2,-0.243575181529164,H1,168.467945068381,AX,33.0343591458653,L1,0.416304422538996,L2,0.094135310...
GetData ===>> H2,-0.146062914052841,H1,168.449312924598,AX,32.9938863315329,L1,0.38888391385524,L2,0.2539203134...
GetData ===>> H2,-0.191327871112743,H1,168.610506856408,AX,32.7982776197178,L1,0.428609743751377,L2,0.179704104...
Get Checksum: -110011688
GetData ===>> H2,-0.215459181208762,H1,168.417194476082,AX,32.8541734767692,L1,0.427238662251117,L2,0.195323189...
GetData ===>> H2,-0.0901004706866626,H1,168.250057358754,AX,32.8347802154394,L1,0.384788989667043,L2,0.14496106...
GetData ===>> H2,-0.182043847485335,H1,168.239737212551,AX,32.8352409533994,L1,0.409638552762433,L2,0.080230766...
Get Checksum: -110011688
GetData ===>> H2,-0.201211042241339,H1,168.173789761551,AX,32.8220835536069,L1,0.375931037471851,L2,0.208194591...
GetData ===>> H2,-0.311359036523612,H1,168.082898864171,AX,32.8031991944063,L1,0.418034360718155,L2,0.327755707...
GetData ===>> H2,-0.149854288721773,H1,168.259324025182,AX,32.9654606287967,L1,0.382791641062291,L2,0.312107067...
Get Checksum: -110011688
GetData ===>> H2,-0.175582076993574,H1,168.184676927818,AX,32.9269378330503,L1,0.357201017681256,L2,0.253566386...
GetData ===>> H2,-0.190558088396021,H1,167.99424296077,AX,32.8509478134649,L1,0.40535816804739,L2,0.15455235208...
GetData ===>> H2,-0.177710765806207,H1,167.824005462201,AX,32.7790678909302,L1,0.400615964178924,L2,0.159981377...
Get Checksum: -110011688
GetData ===>> H2,-0.124951797654333,H1,167.864273938987,AX,32.8983390227775,L1,0.392294132779978,L2,0.156844823...
GetData ===>> H2,-0.209432017728702,H1,167.815167754673,AX,32.8089616392614,L1,0.384732755440757,L2,0.173270102...
17:10:12 -- collecting point 50
GetData ===>> H2,-0.155966945176765,H1,167.54689138658,AX,32.9320237226807,L1,0.398496098953533,L2,0.1639963170...
Get Checksum: -110011688
GetData ===>> H2,-0.155966945176765,H1,167.54689138658,AX,32.9320237226807,L1,0.398496098953533,L2,0.1639963170...
GetData ===>> H2,-0.191748465818841,H1,167.677535303949,AX,32.8066295087652,L1,0.423366558710268,L2,0.181894502...
Get Checksum: -110011688
GetData ===>> H2,-0.177569045629864,H1,167.629834367527,AX,32.6882418309456,L1,0.428972455400276,L2,0.167475307...
GetData ===>> H2,-0.131450151771914,H1,167.562359551097,AX,32.6964908223852,L1,0.367602351962869,L2,0.153525890...
testing age>100.0
evaluate ot="age>100.0" t="age>100.0", ctx="{'age': 34.636001348126925}"
GetData ===>> H2,-0.0601181356206353,H1,167.542991686463,AX,32.8052871995216,L1,0.410697601944483,L2,0.06124772...
Get Checksum: -110011688
GetData ===>> H2,-0.113395908271987,H1,167.446357764908,AX,32.7856018170634,L1,0.431836611155284,L2,0.287743192...
GetData ===>> H2,-0.160974051325603,H1,167.248203204863,AX,32.7973556955248,L1,0.360470411127631,L2,0.155019966...
GetData ===>> H2,-0.175837216795187,H1,167.11790819031,AX,32.700310755166,L1,0.437243545620903,L2,0.03832654491...
Get Checksum: -110011688
GetData ===>> H2,-0.117769644029203,H1,167.320495418391,AX,32.8373820542869,L1,0.459706694234426,L2,0.201359296...
testing age>100.0
evaluate ot="age>100.0" t="age>100.0", ctx="{'age': 34.686472663953744}"
GetData ===>> H2,-0.179370784374295,H1,167.298767534621,AX,32.8209995926427,L1,0.392154668326687,L2,0.177433902...
GetData ===>> H2,-0.174858474649563,H1,167.1994258669,AX,32.8809445898389,L1,0.383094763196134,L2,0.17870018942...
Get Checksum: -110011688
GetData ===>> H2,-0.163048103855497,H1,167.081856227436,AX,32.6619682453076,L1,0.378880389915866,L2,0.261309407...
GetData ===>> H2,-0.0454392713199673,H1,167.062837126869,AX,32.5550981243715,L1,0.375450564102529,L2,0.20917599...
GetData ===>> H2,-0.134963799803174,H1,167.037189629697,AX,32.5766013757347,L1,0.411086967697874,L2,0.210043286...
Get Checksum: -110011688
testing age>100.0
evaluate ot="age>100.0" t="age>100.0", ctx="{'age': 34.73894582463279}"
testing Ar39<0.5
evaluate ot="Ar39<0.5" t="Ar39<0.5", ctx="{'Ar39': 33.74049743823442}"
GetData ===>> H2,-0.112957359171607,H1,166.984177193056,AX,32.5732564591656,L1,0.432811120679946,L2,0.117629461...
GetData ===>> H2,-0.0917033378334547,H1,167.053120418051,AX,32.5701012232599,L1,0.419259705532943,L2,0.24812063...
GetData ===>> H2,-0.184267096137291,H1,166.932115889067,AX,32.6499440111857,L1,0.397630682673067,L2,0.121813644...
Get Checksum: -110011688
GetData ===>> H2,-0.220149200674911,H1,166.9891867932,AX,32.6717862715876,L1,0.409037453175492,L2,0.26237026926...
GetData ===>> H2,-0.139898380701304,H1,166.807984091872,AX,32.6834877580139,L1,0.420115412091786,L2,0.210659525...
testing age>100.0
evaluate ot="age>100.0" t="age>100.0", ctx="{'age': 34.77936678233057}"
testing Ar39<0.5
evaluate ot="Ar39<0.5" t="Ar39<0.5", ctx="{'Ar39': 33.73401730198324}"
GetData ===>> H2,-0.150775264950369,H1,166.616740517968,AX,32.6035132547854,L1,0.43504855156712,L2,0.1722890690...
Get Checksum: -110011688
GetData ===>> H2,-0.11171200397064,H1,166.458396355724,AX,32.48955727836,L1,0.387531393319233,L2,0.236179885148...
GetData ===>> H2,-0.165784570119548,H1,166.674686266368,AX,32.4982722204473,L1,0.438879672591947,L2,0.205821011...
GetData ===>> H2,-0.201053302820322,H1,166.604655311578,AX,32.4773250093843,L1,0.451162569378891,L2,0.132953354...
Get Checksum: -110011688
GetData ===>> H2,-0.171534800187686,H1,166.359612394678,AX,32.5489918346015,L1,0.419496213898391,L2,0.139692540...
testing age>100.0
evaluate ot="age>100.0" t="age>100.0", ctx="{'age': 34.7974808469662}"
testing Ar39<0.5
evaluate ot="Ar39<0.5" t="Ar39<0.5", ctx="{'Ar39': 33.740151806697575}"
17:10:39 -- collecting point 75
GetData ===>> H2,-0.109658223261677,H1,166.280063976703,AX,32.5957654475762,L1,0.390423754071974,L2,0.057564003...
Get Checksum: -110011688
GetData ===>> H2,-0.142525676158703,H1,166.242136651268,AX,32.5715908086922,L1,0.379932188325526,L2,0.121323390...
GetData ===>> H2,-0.170980281841792,H1,166.363173441525,AX,32.5356024721707,L1,0.417431544676139,L2,0.176407194...
GetData ===>> H2,-0.153271349928505,H1,166.242857131792,AX,32.5091127010804,L1,0.409616515904075,L2,0.241350983...
Get Checksum: -110011688
GetData ===>> H2,-0.277583272102628,H1,166.044257251082,AX,32.494117653785,L1,0.383923505700404,L2,0.1670874790...
testing age>100.0
evaluate ot="age>100.0" t="age>100.0", ctx="{'age': 34.811590073512946}"
testing Ar39<0.5
evaluate ot="Ar39<0.5" t="Ar39<0.5", ctx="{'Ar39': 33.72813017143052}"
GetData ===>> H2,-0.279045640235612,H1,166.244669261999,AX,32.4236125716483,L1,0.353230522709383,L2,0.072653348...
GetData ===>> H2,-0.20031311154622,H1,166.221898855903,AX,32.4467636263729,L1,0.382481194609766,L2,0.1307298701...
Get Checksum: -110011688
GetData ===>> H2,-0.228924264090707,H1,165.99408715753,AX,32.493346301456,L1,0.410902078346483,L2,0.30038652845...
GetData ===>> H2,-0.146373619440708,H1,165.893432120563,AX,32.5302011437333,L1,0.389550456525259,L2,0.232378792...
GetData ===>> H2,-0.122335098369869,H1,165.765255112789,AX,32.3727993929683,L1,0.357565046520403,L2,0.196612534...
Get Checksum: -110011688
testing age>100.0
evaluate ot="age>100.0" t="age>100.0", ctx="{'age': 34.82807545978584}"
testing Ar39<0.5
evaluate ot="Ar39<0.5" t="Ar39<0.5", ctx="{'Ar39': 33.7242010823332}"
GetData ===>> H2,-0.201219131383129,H1,165.831360380215,AX,32.3896849784004,L1,0.378398555495204,L2,0.184746657...
GetData ===>> H2,-0.0161382329764759,H1,165.745976128771,AX,32.5081923704035,L1,0.405880727399076,L2,0.11244224...
GetData ===>> H2,-0.00465422652510547,H1,165.743010311515,AX,32.238320951386,L1,0.422208028492547,L2,0.09128585...
Get Checksum: -110011688
GetData ===>> H2,-0.115370522953635,H1,165.762027268009,AX,32.415397022766,L1,0.416479608410977,L2,0.2357347043...
GetData ===>> H2,-0.227448763175096,H1,165.748745722116,AX,32.4524450672748,L1,0.40384326330451,L2,0.2567289450...
testing age>100.0
evaluate ot="age>100.0" t="age>100.0", ctx="{'age': 34.83342638952505}"
testing Ar39<0.5
evaluate ot="Ar39<0.5" t="Ar39<0.5", ctx="{'Ar39': 33.71976542584798}"
GetData ===>> H2,-0.309237951284033,H1,165.598921329452,AX,32.4825614499935,L1,0.423102020225406,L2,0.211561068...
Get Checksum: -110011688
GetData ===>> H2,-0.257408674092396,H1,165.753892479352,AX,32.5131053984462,L1,0.37819188725966,L2,0.1134796629...
GetData ===>> H2,-0.197426037616788,H1,165.770424144989,AX,32.1533267111233,L1,0.412943392183947,L2,0.163813816...
GetData ===>> H2,-0.266432691551387,H1,165.811476243109,AX,32.3741928998912,L1,0.40909621492441,L2,0.1488727348...
Get Checksum: -110011688
GetData ===>> H2,-0.180011783324733,H1,165.445285349697,AX,32.3362766707296,L1,0.393413587156489,L2,0.190542497...
testing age>100.0
evaluate ot="age>100.0" t="age>100.0", ctx="{'age': 34.81456244636118}"
testing Ar39<0.5
evaluate ot="Ar39<0.5" t="Ar39<0.5", ctx="{'Ar39': 33.71177045470918}"
GetData ===>> H2,-0.207773479128597,H1,165.427967106357,AX,32.418604670459,L1,0.372686751120253,L2,0.1767266137...
GetData ===>> H2,-0.25052901394888,H1,165.164830000057,AX,32.2785136045721,L1,0.365585664358812,L2,0.2828711613...
Get Checksum: -110011688
GetData ===>> H2,-0.139614531496534,H1,165.356327460381,AX,32.2136150902698,L1,0.355357862081451,L2,0.198084461...
GetData ===>> H2,-0.144378202280751,H1,165.216917208382,AX,32.2657534465433,L1,0.364804014478348,L2,0.207156143...
Get Checksum: -110011688
GetData ===>> H2,-0.154572612025646,H1,165.122182680873,AX,32.1312740366251,L1,0.383201102517852,L2,0.163996317...
testing age>100.0
evaluate ot="age>100.0" t="age>100.0", ctx="{'age': 34.823370191662114}"
testing Ar39<0.5
evaluate ot="Ar39<0.5" t="Ar39<0.5", ctx="{'Ar39': 33.71352604976646}"
17:11:05 -- collecting point 100
GetData ===>> H2,-0.188944205825032,H1,165.09051385601,AX,32.1979992177542,L1,0.362793982373765,L2,0.2442505734...
GetData ===>> H2,-0.10767358877833,H1,165.09223319076,AX,32.205556761225,L1,0.378061040292452,L2,0.125222691510...
Get Checksum: -110011688
GetData ===>> H2,-0.116639833462717,H1,164.922593724134,AX,32.2298551735871,L1,0.390445770936628,L2,0.067452217...
GetData ===>> H2,-0.179875489743323,H1,164.699186233349,AX,32.2639828176443,L1,0.368347564032914,L2,0.198358311...
GetData ===>> H2,-0.209879283000824,H1,164.758436580219,AX,32.2108703266679,L1,0.368451409358204,L2,0.107540291...
Get Checksum: -110011688
testing age>100.0
evaluate ot="age>100.0" t="age>100.0", ctx="{'age': 34.847600287841956}"
testing Ar39<0.5
evaluate ot="Ar39<0.5" t="Ar39<0.5", ctx="{'Ar39': 33.71148981454148}"
GetData ===>> H2,-0.183852968221406,H1,164.833239075197,AX,32.1359220378221,L1,0.377074238882401,L2,0.157426503...
GetData ===>> H2,-0.0506356197452709,H1,164.803218688584,AX,32.2157784975427,L1,0.401335228857457,L2,0.27736047...
GetData ===>> H2,-0.0285491340553822,H1,164.784882577401,AX,32.1251265369534,L1,0.415678433086681,L2,0.31749420...
Get Checksum: -110011688
GetData ===>> H2,-0.0740740684555726,H1,164.951377829722,AX,32.1629625896187,L1,0.395657757272994,L2,0.18527146...
GetData ===>> H2,-0.109105791703426,H1,164.74317098125,AX,32.1381380124293,L1,0.410155208207047,L2,0.2179862314...
testing age>100.0
evaluate ot="age>100.0" t="age>100.0", ctx="{'age': 34.84656168698328}"
testing Ar39<0.5
evaluate ot="Ar39<0.5" t="Ar39<0.5", ctx="{'Ar39': 33.710811812424495}"
GetData ===>> H2,-0.163920280788193,H1,164.54737151125,AX,32.0790646722287,L1,0.364100580533498,L2,0.0149206752...
Get Checksum: -110011688
GetData ===>> H2,-0.138389843495833,H1,164.551348690992,AX,32.1366516832162,L1,0.405615161128121,L2,0.281125505...
GetData ===>> H2,-0.0746773117268711,H1,164.613734388474,AX,32.063354107321,L1,0.395171927486692,L2,0.195346009...
GetData ===>> H2,-0.034314492813194,H1,164.522619320409,AX,31.9723584047999,L1,0.379994565804097,L2,0.185488231...
Get Checksum: -110011688
GetData ===>> H2,-0.107413825364503,H1,164.488984326643,AX,32.017901160199,L1,0.405960276235759,L2,0.1487586897...
testing age>100.0
evaluate ot="age>100.0" t="age>100.0", ctx="{'age': 34.84728438800659}"
testing Ar39<0.5
evaluate ot="Ar39<0.5" t="Ar39<0.5", ctx="{'Ar39': 33.71566910520333}"
GetData ===>> H2,-0.118091653279798,H1,164.385661005173,AX,32.1352194207682,L1,0.414220797190859,L2,0.192790191...
GetData ===>> H2,-0.053146067072966,H1,164.359375558601,AX,32.2145615758754,L1,0.402683374183923,L2,0.128723076...
Get Checksum: -110011688
GetData ===>> H2,-0.144182289319271,H1,164.235543860097,AX,32.0455707008896,L1,0.411503287025326,L2,0.184256080...
GetData ===>> H2,-0.196241868056492,H1,164.289196571684,AX,31.9999357881326,L1,0.416184366812545,L2,0.213991851...
GetData ===>> H2,-0.17099647254319,H1,164.032250024463,AX,32.0303840425625,L1,0.407443668914543,L2,0.1345725405...
Get Checksum: -110011688
testing age>100.0
evaluate ot="age>100.0" t="age>100.0", ctx="{'age': 34.8514213019469}"
testing Ar39<0.5
evaluate ot="Ar39<0.5" t="Ar39<0.5", ctx="{'Ar39': 33.70867163349884}"
GetData ===>> H2,-0.106413951372361,H1,164.002537369046,AX,32.0083237766451,L1,0.395327341567634,L2,0.180822113...
measurement finished
estimated time: 125.829 actual time: :126.272
flush and close file /Users/jan/PychronDev/data/isotopes/8b/71f3df-065c-411e-8056-16d8cecde339.h5
baselines () {'settling_time': 15.0, 'detector': 'H1', 'mass': 34.2, 'ncounts': 60.0}
%%%%%%%%%%%%%%%%%%%%%%%%%%%%%%%% Baseline
build tables- baseline [Detector(H2), Detector(H1), Detector(AX), Detector(L1), Detector(L2), Detector(CDD)]
add group baseline table H2
add group baseline table H1
add group baseline table AX
add group baseline table L1
add group baseline table L2
add group baseline table CDD
flush and close file /Users/jan/PychronDev/data/isotopes/8b/71f3df-065c-411e-8056-16d8cecde339.h5
detector Detector(H1)
POSITION 34.2 H1
Mapping mass to dac mass func: "parabolic"
H1 map mass coeffs = [-0.00063987  0.15840543  0.57040999]
H1 map mass to dac 34.2 >> 5.23945599104
GetDeflection H1 ===>> 0
GetHighVoltage ===>> 4499.94659342336
positioning 34.2 (5.23942513638) on H1
setting magnet DAC
current  : 5.878765
requested: 5.239425
Delta Dac: 0.639340
Checking detector protection. dv=0.63934
Checking detector "CDD". Protection Threshold: 0.1 (V)
ProtectDetector CDD,On ===>> OK
GetDeflection CDD ===>> 2000
SetMagnetDAC 5.23942513638 ===>> OK
Magnet settling time: 0.500
GetMagnetMoving ===>> True
GetMagnetMoving ===>> True
Get Checksum: -110011688
GetMagnetMoving ===>> True
GetMagnetMoving ===>> True
GetMagnetMoving ===>> True
GetMagnetMoving ===>> True
GetMagnetMoving ===>> True
GetMagnetMoving ===>> True
GetMagnetMoving ===>> False
ProtectDetector CDD,Off ===>> OK
GetDeflection CDD ===>> 50
Delaying 15.0s for detectors to settle
Get Checksum: -110011688
Get Checksum: -110011688
Get Checksum: -110011688
Get Checksum: -110011688
Join finished
measuring baseline. ncounts=60.0
Get Checksum: -110011688
starting measurement
GetData ===>> H2,-0.0605357815913683,H1,0.0192877913905544,AX,-0.0811827906214605,L1,-0.071479122982456,L2,0.06...
GetData ===>> H2,-0.128746630024838,H1,-0.09476608680814,AX,-0.0915330987989112,L1,-0.0664641253825073,L2,-0.11...
GetData ===>> H2,-0.0794506167338524,H1,0.00191793437382977,AX,-0.0413012101544513,L1,-0.0173628984742314,L2,0....
Get Checksum: -110011688
GetData ===>> H2,-0.000467317789696574,H1,-0.014196593302329,AX,-0.00473259852035313,L1,-0.038853870957254,L2,-...
GetData ===>> H2,-0.0453143560246217,H1,-0.0327888904337879,AX,-0.0985910761799859,L1,-0.0491779087442437,L2,-0...
GetData ===>> H2,-0.0639075758682912,H1,-0.0194442880533384,AX,-0.159092396725982,L1,-0.0546178301681668,L2,-0....
Get Checksum: -110011688
GetData ===>> H2,-0.209264962306332,H1,-0.00343795887685057,AX,-0.0149634516367533,L1,-0.0323964683091956,L2,-0...
GetData ===>> H2,-0.238338160375694,H1,0.00457809477099076,AX,-0.0877663167669796,L1,-0.0574918497284825,L2,0.0...
GetData ===>> H2,-0.230695687645465,H1,0.0468757911539665,AX,-0.188499004995863,L1,-0.061702640013269,L2,0.0082...
Get Checksum: -110011688
GetData ===>> H2,-0.228147496111995,H1,-0.0391445410981682,AX,-0.0446755465329684,L1,-0.0498731398512919,L2,-0....
GetData ===>> H2,-0.248515547174386,H1,0.00427986699287359,AX,-0.124408016912196,L1,-0.026571454760194,L2,-0.01...
GetData ===>> H2,-0.198098989915241,H1,0.0436655508843089,AX,-0.0901423039536168,L1,-0.0274281098616764,L2,-0.0...
Get Checksum: -110011688
GetData ===>> H2,-0.170029037515861,H1,-0.0306305007480965,AX,-0.0827707593477311,L1,0.0213819201702815,L2,0.00...
GetData ===>> H2,-0.272379517192703,H1,-0.058101776801389,AX,0.0532136240320833,L1,-0.018142392087104,L2,-0.034...
GetData ===>> H2,-0.247475720642382,H1,-0.00720719078211012,AX,-0.0033289622231094,L1,-0.0239495169466176,L2,-0...
Get Checksum: -110011688
GetData ===>> H2,-0.100266649089161,H1,-0.0478009319586413,AX,0.0940404544508817,L1,-0.0120591812054806,L2,0.00...
GetData ===>> H2,-0.131546189718021,H1,-0.0348041404408804,AX,-0.0911854019513893,L1,-0.00286557133336025,L2,0....
GetData ===>> H2,-0.262631800675563,H1,-0.0389776060920387,AX,-0.124442774781216,L1,-0.0356885664143154,L2,-0.1...
Get Checksum: -110011688
GetData ===>> H2,-0.269358787230918,H1,-0.0900467274607795,AX,-0.0183039054812387,L1,-0.0285350637626509,L2,-0....
GetData ===>> H2,-0.191031288525485,H1,-0.0668280518328011,AX,-0.0702053929125025,L1,-0.0214168047016358,L2,-0....
Get Checksum: -110011688
GetData ===>> H2,-0.196481948894526,H1,-0.0143754965169272,AX,-0.0607571160475464,L1,-0.0929485693330758,L2,0.0...
GetData ===>> H2,-0.207553849362509,H1,-0.0162479976411721,AX,-0.0921589499931355,L1,-0.0581847950897113,L2,0.0...
GetData ===>> H2,-0.258986492192055,H1,0.0618781667527159,AX,-0.069846027385775,L1,-0.0297880268838843,L2,-0.04...
Get Checksum: -110011688
GetData ===>> H2,-0.261044916213874,H1,0.00839548880435821,AX,-0.0693243653886016,L1,-0.0447768532512824,L2,-0....
17:12:11 -- collecting point 25
GetData ===>> H2,-0.253901472220016,H1,-0.0141011781238152,AX,-0.128451432365824,L1,-0.0454735860650857,L2,-0.0...
GetData ===>> H2,-0.227933438011381,H1,-0.0965655818757625,AX,-0.168053255140624,L1,-0.0373935458177553,L2,0.00...
Get Checksum: -110011688
GetData ===>> H2,-0.374334244917025,H1,-0.0473717070797129,AX,0.059939594444932,L1,-0.0607419360067272,L2,-0.04...
GetData ===>> H2,-0.277444948309191,H1,-0.0786406899612622,AX,0.0173915280725848,L1,-0.049692456187642,L2,-0.09...
GetData ===>> H2,-0.250518254893849,H1,-0.0209231341537162,AX,-0.033357722781372,L1,-0.018431388988459,L2,0.046...
Get Checksum: -110011688
GetData ===>> H2,-0.1954635934643,H1,-0.0317991374060743,AX,0.0167533732422499,L1,-0.0262467454338685,L2,-0.013...
GetData ===>> H2,-0.160766085015958,H1,-0.0774845195406602,AX,-0.0788065846333136,L1,-0.0190369364873143,L2,-0....
GetData ===>> H2,-0.191902140754741,H1,-0.10427563471882,AX,0.0114626506742813,L1,-0.0158888908797252,L2,-0.015...
Get Checksum: -110011688
GetData ===>> H2,-0.241860616971283,H1,0.0114614387958458,AX,-0.125311717471335,L1,-0.0373983380437738,L2,-0.02...
GetData ===>> H2,-0.225593343493189,H1,0.00303924897167036,AX,0.0263261349680272,L1,-0.0313246700107664,L2,0.01...
GetData ===>> H2,-0.254056086298265,H1,-0.0322642033008467,AX,-0.0339955449770292,L1,-0.00627607778039894,L2,0....
Get Checksum: -110011688
GetData ===>> H2,-0.224024481763271,H1,-0.0159856110590216,AX,-0.100248293850937,L1,-0.0377301941383133,L2,-0.0...
GetData ===>> H2,-0.259380240332717,H1,-0.0517354075682651,AX,-0.0443972551758916,L1,-0.0211746473686589,L2,0.0...
GetData ===>> H2,-0.142870260817557,H1,-0.0182993599368906,AX,0.134072002907068,L1,-0.0073195123040888,L2,-0.02...
Get Checksum: -110011688
GetData ===>> H2,-0.0738381848588135,H1,-0.0434370599050159,AX,-0.0509832705139542,L1,0.00968819069114561,L2,0....
GetData ===>> H2,-0.135276161566451,H1,-0.0608198784904922,AX,-0.0305976440081108,L1,-0.0324683166227075,L2,-0....
GetData ===>> H2,-0.148659068737513,H1,-0.0753032544325681,AX,-0.0299366051206796,L1,-0.0193151163878566,L2,-0....
Get Checksum: -110011688
GetData ===>> H2,-0.154553695474262,H1,0.00482860679127413,AX,-0.148948126044318,L1,-0.0197083920886488,L2,-0.0...
GetData ===>> H2,-0.163199322004288,H1,0.0352645170418111,AX,-0.0700199140967014,L1,-0.0450689601751399,L2,-0.0...
Get Checksum: -110011688
GetData ===>> H2,-0.314814167739881,H1,-0.0162837775763645,AX,-0.0247641107437594,L1,-0.0393030669462838,L2,-0....
GetData ===>> H2,-0.217574374267814,H1,-0.0728835440653828,AX,-0.0504962916823293,L1,-0.0145042796326698,L2,-0....
GetData ===>> H2,-0.152824048813431,H1,-0.0221634398416491,AX,-0.0605368385271072,L1,0.0305087486100996,L2,-0.0...
Get Checksum: -110011688
GetData ===>> H2,-0.0638845312076609,H1,-0.0603549452778516,AX,-0.0930281810843492,L1,-0.0213221003001543,L2,-0...
GetData ===>> H2,-0.130314483840523,H1,0.0300142288453876,AX,-0.0583340358974703,L1,-0.027686889219022,L2,-0.04...
GetData ===>> H2,-0.185011678909434,H1,-0.0120735840770657,AX,-0.0348652957801188,L1,-0.0335220329016444,L2,-0....
Get Checksum: -110011688
17:12:37 -- collecting point 50
GetData ===>> H2,-0.232641779638894,H1,0.00289610172787849,AX,-0.0404431128284638,L1,0.0038856706633499,L2,-0.0...
GetData ===>> H2,-0.187586316839004,H1,-0.0191938361470133,AX,-0.110689274858795,L1,0.00451481685841996,L2,-0.0...
GetData ===>> H2,-0.22073522521421,H1,-0.0829195962328331,AX,-0.045788704003153,L1,0.0151430956422472,L2,-0.042...
Get Checksum: -110011688
GetData ===>> H2,-0.273168160001563,H1,-0.050793532035409,AX,-0.0133279793040217,L1,0.0033490063995456,L2,-0.02...
GetData ===>> H2,-0.279815019486975,H1,-0.0818588259425599,AX,-0.0911158624328076,L1,0.00848932381748777,L2,-0....
testing age>100.0
evaluate ot="age>100.0" t="age>100.0", ctx="{'age': 34.85375305019966}"
GetData ===>> H2,-0.254545459505349,H1,0.0498593781121272,AX,-0.00323615910991342,L1,-0.0025668120811754,L2,-0....
Get Checksum: -110011688
GetData ===>> H2,-0.145136150896962,H1,-0.0611894392467558,AX,-0.0304004925290435,L1,-0.00895520806058361,L2,-0...
GetData ===>> H2,-0.239126734254215,H1,-0.0658267146599332,AX,-0.0208091706302987,L1,-0.00416369132314192,L2,-0...
GetData ===>> H2,-0.148807634010592,H1,0.0131555059154077,AX,-0.126076380618017,L1,0.00797093908106746,L2,0.040...
Get Checksum: -110011688
GetData ===>> H2,0.00490036468470121,H1,-0.00288926138527472,AX,-0.150884314259644,L1,0.0101490543559315,L2,-0....
testing age>100.0
evaluate ot="age>100.0" t="age>100.0", ctx="{'age': 34.8523424926002}"
GetData ===>> H2,-0.168845605061245,H1,-0.00414171864806507,AX,-0.0437595011477887,L1,0.0159380487949692,L2,-0....
measurement finished
estimated time: 62.915 actual time: :63.162
flush and close file /Users/jan/PychronDev/data/isotopes/8b/71f3df-065c-411e-8056-16d8cecde339.h5
activate_detectors ('H1', 'AX', 'CDD') {'peak_center': True}
peak_center () {'detector': 'H1', 'isotope': 'Ar40'}
peak center: mean=164.348125112 threshold=3
peak center started
setup peak center. detector=['H1', 'AX', 'CDD'], isotope=Ar40
VersionedUnpickler [<apptools.sweet_pickle.versioned_unpickler.VersionedUnpickler object at 0x13fc78170>] using Updater [<apptools.sweet_pickle.updater.Updater object at 0x137c6f7d0>]
VersionedUnpickler [<apptools.sweet_pickle.versioned_unpickler.VersionedUnpickler object at 0x13fc78170>] using Updater [<apptools.sweet_pickle.updater.Updater object at 0x137c6f7d0>]
VersionedUnpickler [<apptools.sweet_pickle.versioned_unpickler.VersionedUnpickler object at 0x13fc78170>] using Updater [<apptools.sweet_pickle.updater.Updater object at 0x137c6f7d0>]
setting integration time = 0.524288
SetIntegrationTime 0.524288 ===>> OK
Mapping mass to dac mass func: "parabolic"
H1 map mass coeffs = [-0.00063987  0.15840543  0.57040999]
H1 map mass to dac 39.9624 >> 5.8788
GetDeflection H1 ===>> 0
GetHighVoltage ===>> 4499.94659342336
do peak center. <pychron.spectrometer.jobs.peak_center.PeakCenter object at 0x13a1fcef0>
doing pc
starting peak center. center dac= 5.8787653803 step_width=0.001
width = 0.001
get scan parameters. half-width=0.015,window=0.015, i=0, scalar=1
Scan parameters center=5.87877 width=0.03000 (5.86377 - 5.89377)
GetData ===>> H2,-0.206734579231797,H1,-0.0621312169388986,AX,-0.055516694600798,L1,-0.00225604505942045,L2,0.0...
Moving to starting dac 5.8637653803
setting magnet DAC
current  : 5.239425
requested: 5.863765
Delta Dac: 0.624340
Checking detector protection. dv=0.62434
Checking detector "CDD". Protection Threshold: 0.1 (V)
ProtectDetector CDD,On ===>> OK
GetDeflection CDD ===>> 2000
SetMagnetDAC 5.8637653803 ===>> OK
Magnet settling time: 0.500
Get Checksum: -110011688
GetMagnetMoving ===>> True
GetMagnetMoving ===>> True
GetMagnetMoving ===>> True
GetMagnetMoving ===>> True
GetMagnetMoving ===>> True
GetMagnetMoving ===>> True
GetMagnetMoving ===>> True
GetMagnetMoving ===>> True
GetMagnetMoving ===>> False
ProtectDetector CDD,Off ===>> OK
GetDeflection CDD ===>> 50
Wait until signal near baseline. tol= -0.0465984127042. timeout= 10
GetData ===>> H2,0.827234026759635,H1,0.396043877047681,AX,-0.0559804600932744,L1,0.0538186492056308,L2,-0.0719...
GetData ===>> H2,11.0001547571367,H1,5.38617986001595,AX,0.413047610858367,L1,0.0377897176835777,L2,-0.04856369...
Get Checksum: -110011688
GetData ===>> H2,10.9943431289322,H1,5.31656113408732,AX,0.628049002034259,L1,-0.0117391170016924,L2,-0.0083575...
GetData ===>> H2,5.60146978652239,H1,2.5944271557748,AX,0.250043746706882,L1,-0.0144167937117608,L2,-0.06438198...
GetData ===>> H2,2.06912128767475,H1,1.23335635474164,AX,0.00964113071827154,L1,0.00612014430355502,L2,-0.08768...
GetData ===>> H2,0.563141225534168,H1,0.670231208020522,AX,-0.0549833615520669,L1,-0.011966879090021,L2,0.06802...
GetData ===>> H2,-0.0161575186917098,H1,0.348768725639581,AX,-0.0315370073352627,L1,-0.0605157737051003,L2,-0.1...
GetData ===>> H2,-0.142896771235409,H1,0.10626675863239,AX,-0.208786699143159,L1,-0.049687669821242,L2,-0.08149...
Get Checksum: -110011688
GetData ===>> H2,-0.172507502804563,H1,0.0595984246721805,AX,-0.142156086024188,L1,-0.0756284440778032,L2,0.003...
GetData ===>> H2,-0.158449838635092,H1,0.135352238871378,AX,-0.168308891008517,L1,-0.0657092143926989,L2,-0.103...
GetData ===>> H2,-0.126701336515499,H1,0.100403004601257,AX,-0.025575955402416,L1,-0.0597866127605066,L2,-0.049...
GetData ===>> H2,-0.134031864437293,H1,0.0182856023269508,AX,0.0265814214999169,L1,-0.033511421158081,L2,0.0533...
GetData ===>> H2,-0.0961454819359208,H1,0.0977572767691949,AX,0.0549141508646426,L1,0.0267993748054168,L2,-0.02...
Get Checksum: -110011688
GetData ===>> H2,-0.0704091865343008,H1,0.169574251557392,AX,0.0133306141802808,L1,0.0597913025793135,L2,-0.098...
GetData ===>> H2,-0.0780657242929564,H1,0.0607920004396025,AX,0.0352383519493828,L1,0.0484837585817729,L2,-0.00...
GetData ===>> H2,-0.133869735832121,H1,0.0728527244937329,AX,-0.0353175631259688,L1,-0.00227644318894184,L2,0.0...
GetData ===>> H2,-0.225031387059444,H1,0.00611696422698778,AX,-0.0464960161966681,L1,-0.00243482725912051,L2,-0...
GetData ===>> H2,-0.30117874436527,H1,0.0238454920256761,AX,-0.0793513784504082,L1,-0.0246822071782508,L2,0.022...
GetData ===>> H2,-0.277106164201792,H1,0.0700307581388728,AX,-0.0172252297937047,L1,-0.0175370541082219,L2,-0.1...
Get Checksum: -110011688
GetData ===>> H2,-0.219301419908826,H1,0.0892246848378299,AX,-0.0412780184343292,L1,-0.00675103380162958,L2,-0....
GetData ===>> H2,-0.152469979223257,H1,0.0851254857943796,AX,-0.0510180546229697,L1,-0.0042848566451512,L2,0.02...
Peak center failed to move to a baseline position
_do_sweep sm= 5.8637653803, em= 5.8937653803, stm= 0.001
calculated step values: start=5.8637653803, end=5.8937653803, width=0.001, nsteps=31.0
setting magnet DAC
current  : 5.863765
requested: 5.863765
Delta Dac: 0.000000
Checking detector protection. dv=0.00000
Checking detector "CDD". Protection Threshold: 0.1 (V)
SetMagnetDAC 5.8637653803 ===>> OK
GetData ===>> H2,-0.152469979223257,H1,0.0851254857943796,AX,-0.0510180546229697,L1,-0.0042848566451512,L2,0.02...
setting magnet DAC
current  : 5.863765
requested: 5.864800
Delta Dac: 0.001034
Checking detector protection. dv=0.00103
Checking detector "CDD". Protection Threshold: 0.1 (V)
SetMagnetDAC 5.86479986306 ===>> OK
Magnet settling time: 1.049
GetData ===>> H2,-0.0620533244984366,H1,0.330634175747879,AX,-0.0387500878060017,L1,-0.0308890756249037,L2,-0.1...
setting magnet DAC
current  : 5.864800
requested: 5.865834
Delta Dac: 0.001034
Checking detector protection. dv=0.00103
Checking detector "CDD". Protection Threshold: 0.1 (V)
SetMagnetDAC 5.86583434582 ===>> OK
Magnet settling time: 1.049
GetData ===>> H2,-0.171927398953199,H1,0.795610014644388,AX,-0.0771026353451614,L1,-0.0713656444399778,L2,-0.00...
setting magnet DAC
current  : 5.865834
requested: 5.866869
Delta Dac: 0.001034
Checking detector protection. dv=0.00103
Checking detector "CDD". Protection Threshold: 0.1 (V)
SetMagnetDAC 5.86686882857 ===>> OK
Magnet settling time: 1.049
Get Checksum: -110011688
GetData ===>> H2,-0.0951469167680179,H1,3.33266384808229,AX,0.341561907539202,L1,-0.0933329622215806,L2,-0.1276...
setting magnet DAC
current  : 5.866869
requested: 5.867903
Delta Dac: 0.001034
Checking detector protection. dv=0.00103
Checking detector "CDD". Protection Threshold: 0.1 (V)
SetMagnetDAC 5.86790331133 ===>> OK
Magnet settling time: 1.049
GetData ===>> H2,-0.172429257971977,H1,11.9536523779563,AX,1.31287675656804,L1,-0.0594423347634877,L2,-0.041757...
setting magnet DAC
current  : 5.867903
requested: 5.868938
Delta Dac: 0.001034
Checking detector protection. dv=0.00103
Checking detector "CDD". Protection Threshold: 0.1 (V)
SetMagnetDAC 5.86893779409 ===>> OK
Magnet settling time: 1.049
GetData ===>> H2,-0.195327356184539,H1,33.6796198456286,AX,4.53580884823255,L1,-0.0217078723580163,L2,0.0412062...
setting magnet DAC
current  : 5.868938
requested: 5.869972
Delta Dac: 0.001034
Checking detector protection. dv=0.00103
Checking detector "CDD". Protection Threshold: 0.1 (V)
SetMagnetDAC 5.86997227685 ===>> OK
Magnet settling time: 1.049
Get Checksum: -110011688
GetData ===>> H2,-0.209942599245461,H1,70.0042204641586,AX,10.5253390193877,L1,0.0681863966886929,L2,-0.0321508...
setting magnet DAC
current  : 5.869972
requested: 5.871007
Delta Dac: 0.001034
Checking detector protection. dv=0.00103
Checking detector "CDD". Protection Threshold: 0.1 (V)
SetMagnetDAC 5.87100675961 ===>> OK
Magnet settling time: 1.049
GetData ===>> H2,-0.195772481814993,H1,110.012971303871,AX,18.2805460300011,L1,0.120302488597128,L2,-0.03943569...
setting magnet DAC
current  : 5.871007
requested: 5.872041
Delta Dac: 0.001034
Checking detector protection. dv=0.00103
Checking detector "CDD". Protection Threshold: 0.1 (V)
SetMagnetDAC 5.87204124237 ===>> OK
Magnet settling time: 1.049
Get Checksum: -110011688
GetData ===>> H2,-0.300159224131735,H1,138.343773307201,AX,24.7685586551843,L1,0.171477291245933,L2,-0.00701400...
setting magnet DAC
current  : 5.872041
requested: 5.873076
Delta Dac: 0.001034
Checking detector protection. dv=0.00103
Checking detector "CDD". Protection Threshold: 0.1 (V)
SetMagnetDAC 5.87307572513 ===>> OK
Magnet settling time: 1.049
GetData ===>> H2,-0.219438714712673,H1,151.47337477113,AX,28.4807814970562,L1,0.251314963270212,L2,0.1096948384...
setting magnet DAC
current  : 5.873076
requested: 5.874110
Delta Dac: 0.001034
Checking detector protection. dv=0.00103
Checking detector "CDD". Protection Threshold: 0.1 (V)
SetMagnetDAC 5.87411020788 ===>> OK
Magnet settling time: 1.049
GetData ===>> H2,-0.0350938487343516,H1,156.204403690882,AX,30.1056557809862,L1,0.277984352737928,L2,0.00733337...
setting magnet DAC
current  : 5.874110
requested: 5.875145
Delta Dac: 0.001034
Checking detector protection. dv=0.00103
Checking detector "CDD". Protection Threshold: 0.1 (V)
SetMagnetDAC 5.87514469064 ===>> OK
Magnet settling time: 1.049
Get Checksum: -110011688
GetData ===>> H2,-0.253779123926447,H1,157.54397230726,AX,30.5345693712159,L1,0.333273134186654,L2,0.2850526360...
setting magnet DAC
current  : 5.875145
requested: 5.876179
Delta Dac: 0.001034
Checking detector protection. dv=0.00103
Checking detector "CDD". Protection Threshold: 0.1 (V)
SetMagnetDAC 5.8761791734 ===>> OK
Magnet settling time: 1.049
GetData ===>> H2,-0.163918930720978,H1,157.843984550059,AX,30.5370635266817,L1,0.35555816247331,L2,0.1723004763...
setting magnet DAC
current  : 5.876179
requested: 5.877214
Delta Dac: 0.001034
Checking detector protection. dv=0.00103
Checking detector "CDD". Protection Threshold: 0.1 (V)
SetMagnetDAC 5.87721365616 ===>> OK
Magnet settling time: 1.049
GetData ===>> H2,-0.158684861304491,H1,158.023558891512,AX,30.6831081088434,L1,0.375610999172012,L2,-0.00015941...
setting magnet DAC
current  : 5.877214
requested: 5.878248
Delta Dac: 0.001034
Checking detector protection. dv=0.00103
Checking detector "CDD". Protection Threshold: 0.1 (V)
SetMagnetDAC 5.87824813892 ===>> OK
Magnet settling time: 1.049
Get Checksum: -110011688
GetData ===>> H2,-0.191636970481444,H1,158.010249171669,AX,30.6635601168851,L1,0.394016797331725,L2,0.175448944...
setting magnet DAC
current  : 5.878248
requested: 5.879283
Delta Dac: 0.001034
Checking detector protection. dv=0.00103
Checking detector "CDD". Protection Threshold: 0.1 (V)
SetMagnetDAC 5.87928262168 ===>> OK
Magnet settling time: 1.049
GetData ===>> H2,-0.135147786815784,H1,157.692933937143,AX,30.6259773544923,L1,0.450910042411942,L2,0.231865142...
setting magnet DAC
current  : 5.879283
requested: 5.880317
Delta Dac: 0.001034
Checking detector protection. dv=0.00103
Checking detector "CDD". Protection Threshold: 0.1 (V)
SetMagnetDAC 5.88031710444 ===>> OK
Magnet settling time: 1.049
GetData ===>> H2,-0.241012659166325,H1,157.815487553636,AX,30.5395309176276,L1,0.367899577486222,L2,0.225336325...
setting magnet DAC
current  : 5.880317
requested: 5.881352
Delta Dac: 0.001034
Checking detector protection. dv=0.00103
Checking detector "CDD". Protection Threshold: 0.1 (V)
SetMagnetDAC 5.88135158719 ===>> OK
Magnet settling time: 1.049
GetData ===>> H2,-0.232124554094085,H1,157.936972612676,AX,30.5953298406671,L1,0.425802837196731,L2,0.096677097...
setting magnet DAC
current  : 5.881352
requested: 5.882386
Delta Dac: 0.001034
Checking detector protection. dv=0.00103
Checking detector "CDD". Protection Threshold: 0.1 (V)
SetMagnetDAC 5.88238606995 ===>> OK
Magnet settling time: 1.049
Get Checksum: -110011688
GetData ===>> H2,-0.116108039400331,H1,157.75130061119,AX,30.4569295410412,L1,0.376434251417729,L2,0.2700982716...
setting magnet DAC
current  : 5.882386
requested: 5.883421
Delta Dac: 0.001034
Checking detector protection. dv=0.00103
Checking detector "CDD". Protection Threshold: 0.1 (V)
SetMagnetDAC 5.88342055271 ===>> OK
Magnet settling time: 1.049
GetData ===>> H2,-0.251283467109238,H1,156.576745093545,AX,30.0102809570603,L1,0.377059674137297,L2,0.075319070...
setting magnet DAC
current  : 5.883421
requested: 5.884455
Delta Dac: 0.001034
Checking detector protection. dv=0.00103
Checking detector "CDD". Protection Threshold: 0.1 (V)
SetMagnetDAC 5.88445503547 ===>> OK
Magnet settling time: 1.049
GetData ===>> H2,-0.259623470373105,H1,153.502513508015,AX,28.9271295597553,L1,0.372609253228742,L2,0.139202194...
setting magnet DAC
current  : 5.884455
requested: 5.885490
Delta Dac: 0.001034
Checking detector protection. dv=0.00103
Checking detector "CDD". Protection Threshold: 0.1 (V)
SetMagnetDAC 5.88548951823 ===>> OK
Magnet settling time: 1.049
Get Checksum: -110011688
GetData ===>> H2,-0.25037704134598,H1,142.986070363392,AX,25.6265241831708,L1,0.345313667742319,L2,0.1948439687...
setting magnet DAC
current  : 5.885490
requested: 5.886524
Delta Dac: 0.001034
Checking detector protection. dv=0.00103
Checking detector "CDD". Protection Threshold: 0.1 (V)
SetMagnetDAC 5.88652400099 ===>> OK
Magnet settling time: 1.049
GetData ===>> H2,-0.12724480141603,H1,119.085722024964,AX,19.3210558532264,L1,0.302087056455682,L2,0.1007349770...
setting magnet DAC
current  : 5.886524
requested: 5.887558
Delta Dac: 0.001034
Checking detector protection. dv=0.00103
Checking detector "CDD". Protection Threshold: 0.1 (V)
SetMagnetDAC 5.88755848375 ===>> OK
Magnet settling time: 1.049
GetData ===>> H2,-0.274588822936838,H1,82.575703631436,AX,11.7276216266805,L1,0.162069424284563,L2,0.0007287570...
setting magnet DAC
current  : 5.887558
requested: 5.888593
Delta Dac: 0.001034
Checking detector protection. dv=0.00103
Checking detector "CDD". Protection Threshold: 0.1 (V)
SetMagnetDAC 5.8885929665 ===>> OK
Magnet settling time: 1.049
Get Checksum: -110011688
GetData ===>> H2,-0.234289006343145,H1,44.6462976889532,AX,5.34578956293127,L1,0.0975340927631149,L2,-0.0525014...
setting magnet DAC
current  : 5.888593
requested: 5.889627
Delta Dac: 0.001034
Checking detector protection. dv=0.00103
Checking detector "CDD". Protection Threshold: 0.1 (V)
SetMagnetDAC 5.88962744926 ===>> OK
Magnet settling time: 1.049
GetData ===>> H2,-0.249898247025005,H1,10.4006032631431,AX,0.830562990527615,L1,0.0202656438127024,L2,-0.001161...
setting magnet DAC
current  : 5.889627
requested: 5.890662
Delta Dac: 0.001034
Checking detector protection. dv=0.00103
Checking detector "CDD". Protection Threshold: 0.1 (V)
SetMagnetDAC 5.89066193202 ===>> OK
Magnet settling time: 1.049
GetData ===>> H2,-0.231261346286507,H1,3.00582930043156,AX,0.0935935652465677,L1,0.00333580025689853,L2,0.13372...
setting magnet DAC
current  : 5.890662
requested: 5.891696
Delta Dac: 0.001034
Checking detector protection. dv=0.00103
Checking detector "CDD". Protection Threshold: 0.1 (V)
SetMagnetDAC 5.89169641478 ===>> OK
Magnet settling time: 1.049
Get Checksum: -110011688
GetData ===>> H2,-0.139286278875934,H1,0.68791409754525,AX,0.0170898543586897,L1,0.0331402521026408,L2,-0.04778...
setting magnet DAC
current  : 5.891696
requested: 5.892731
Delta Dac: 0.001034
Checking detector protection. dv=0.00103
Checking detector "CDD". Protection Threshold: 0.1 (V)
SetMagnetDAC 5.89273089754 ===>> OK
Magnet settling time: 1.049
GetData ===>> H2,-0.222130432805046,H1,0.100236154835209,AX,-0.0118432714034223,L1,0.0744325010300715,L2,-0.056...
setting magnet DAC
current  : 5.892731
requested: 5.893765
Delta Dac: 0.001034
Checking detector protection. dv=0.00103
Checking detector "CDD". Protection Threshold: 0.1 (V)
SetMagnetDAC 5.8937653803 ===>> OK
Magnet settling time: 1.049
GetData ===>> H2,-0.250473873683455,H1,0.00876530658577859,AX,0.0206635876434134,L1,-0.0291827481747108,L2,-0.0...
result of _do_sweep=True
Get Checksum: -110011688
result of _calculate_peak_center=([5.8712824834699262, 5.8789447044636374, 5.8866069254573485], [117.56406682781154, 158.0233188364447, 116.1590672439084], 5.8772323141658003, 158.0233188364447)
Failed to find a valid peak. No peak greater than 1.0. max = 0.0326054711789
new center pos Detector(H1) (Ar40) @ 5.87894470446
GetHighVoltage ===>> 4499.94659342336
GetDeflection H1 ===>> 0
dac uncorrected for HV and deflection 5.87897932522
update mftable H1 Ar40 5.87897932522 message=automated run peakcenter
get initial guess parabolic
get initial guess parabolic
get initial guess parabolic
get initial guess parabolic
get initial guess parabolic
get initial guess parabolic
dump mftable to /Users/jan/PychronDev/setupfiles/spectrometer/mftables/mftable.csv
add to repo msg=modified - automated run peakcenter
sweep finished
locally archiving mftable
setting magnet DAC
current  : 5.893765
requested: 5.878945
Delta Dac: 0.014821
Checking detector protection. dv=0.01482
Checking detector "CDD". Protection Threshold: 0.1 (V)
SetMagnetDAC 5.87894470446 ===>> OK
Magnet settling time: 0.500
setting integration time = 1.048576
SetIntegrationTime 1.048576 ===>> OK
Failed to find a valid peak. No peak greater than 1.0. max = 0.0327021296364
flush and close file /Users/jan/PychronDev/data/isotopes/8b/71f3df-065c-411e-8056-16d8cecde339.h5
finished measure script
executed 278.04
jan_co2_whiff_120_60_large.py completed successfully
Measurement Finished
17:13:35 -- ******* Measurement Finished *******
Post Measurement Started jan_pump_ms.py
17:13:35 -- ******* Post Measurement Started jan_pump_ms.py *******
testing...
no interpolation path defined
executed 0
Pumping spectrometer
open () {'name': 'O'}
opening name=O desc=---
checking ownership. requestor=129.138.12.150
check software interlocks O
interlocks []
actuate state mode=None-script, software_lock=False
doing actuation None-script open_channel True
Open O ===>> OK
GetValveState O ===>> OK
change switch state (True, True)
update switch state O True args=() kw={} ncanvase=3
17:13:35 -- OPEN   VALVE-O (Jan Ion Pump)
---------------------------------------- open O () result=[(True, True)], time=0.10 sec
action=open, ok=True, locked=[False]
executed 0
jan_pump_ms.py completed successfully
setting _ms_pumptime
Post Measurement Finished
17:13:35 -- ******* Post Measurement Finished *******
$$$$$$$$$$$$$$$$$$$$ state at run end measurement
state changed from measurement to success
post measurement save measured=True aborted=False
Set filtering
setting fod for Ar40= {'filter_outliers': True, 'std_devs': 2, 'iterations': 1}
setting fod for H1= {'filter_outliers': True, 'std_devs': 2, 'iterations': 1}
setting fod for PM41= {'filter_outliers': False, 'std_devs': 2, 'iterations': 1}
setting fod for H2= {'filter_outliers': True, 'std_devs': 2, 'iterations': 1}
setting fod for Ar36= {'filter_outliers': True, 'std_devs': 2, 'iterations': 1}
setting fod for CDD= {'filter_outliers': True, 'std_devs': 10, 'iterations': 1}
setting fod for Ar37= {'filter_outliers': True, 'std_devs': 2, 'iterations': 1}
setting fod for L2= {'filter_outliers': True, 'std_devs': 2, 'iterations': 1}
setting fod for Ar38= {'filter_outliers': True, 'std_devs': 2, 'iterations': 1}
setting fod for L1= {'filter_outliers': True, 'std_devs': 2, 'iterations': 1}
setting fod for Ar39= {'filter_outliers': True, 'std_devs': 2, 'iterations': 1}
setting fod for AX= {'filter_outliers': True, 'std_devs': 2, 'iterations': 1}
persistence save...
persistence save - db
post measurement save
5228679536 connecting to database sqlite:////Users/jan/PychronDev/.appdata/local_lab.db
connected to db sqlite:////Users/jan/PychronDev/.appdata/local_lab.db
create new session 5228679536
close session 5228679536
No database instance. Not saving post measurement to isotopedb database
$$$$$$$$$$$$$$$ auto_save_detector_ic=False
massspec enabled True
create new session 5054761584
MassSpec Database Version: 16.0
close session 5054761584
saving post measurement to secondary database
saving to massspec database 129.138.12.160/massspecdata
setting labnumber to 65511
setting aliquot to 31
setting step to 
setting uuid to 8b71f3df-065c-411e-8056-16d8cecde339
setting irradpos to 65511
setting extract_device to Fusions CO2
setting tray to 
setting position to 170
setting power_requested to 5.0
setting extract_value to 5.0
setting duration to 30.0
setting duration_at_request to 30.0
setting first_stage_delay to 30.0
setting cleanup to 30.0
setting comment to F:9 DS
setting irradiation to NM-289
setting level to F
setting irradiation_level to F
setting sample to TRC-23-djk
setting material to SandforDetrital
setting project to IR959
setting mass_spectrometer to Jan
no attribute chron_dosages
no attribute production_ratios
no attribute interference_corrections
no attribute production_name
no attribute j
Reference Isotope=Ar40
Reference Detector=H1
%%%%%%%%%%%%%%%%%%%% Comment: F:9 DS %%%%%%%%%%%%%%%%%%%
adding isotope PM41 H2
add baseline dbdet= PM41. original det= H2
get baseline data PM41 H2
Get data baseline <pychron.processing.isotope.Baseline object at 0x13d8077d0> len t=60
baseline PM41. v=-0.194664469574, e=0.00869222030149
get signal data PM41 H2
Get data signal PM41 0.10+/-0.08 len t=120
adding isotope Ar40 H1
add baseline dbdet= Ar40. original det= H1
get baseline data Ar40 H1
Get data baseline <pychron.processing.isotope.Baseline object at 0x13d8079d0> len t=60
baseline Ar40. v=-0.027980640796, e=0.00496353058625
get signal data Ar40 H1
Get data signal Ar40 171.487+/-0.023 len t=120
adding isotope Ar39 AX
add baseline dbdet= Ar39. original det= AX
get baseline data Ar39 AX
Get data baseline <pychron.processing.isotope.Baseline object at 0x13d807b90> len t=60
baseline Ar39. v=-0.059250677693, e=0.00684933680372
get signal data Ar39 AX
Get data signal Ar39 33.697+/-0.017 len t=120
adding isotope Ar38 L1
add baseline dbdet= Ar38. original det= L1
get baseline data Ar38 L1
Get data baseline <pychron.processing.isotope.Baseline object at 0x13d807d50> len t=60
baseline Ar38. v=-0.0243281019946, e=0.00298129947097
get signal data Ar38 L1
Get data signal Ar38 0.452+/-0.005 len t=120
adding isotope Ar37 L2
add baseline dbdet= Ar37. original det= L2
get baseline data Ar37 L2
Get data baseline <pychron.processing.isotope.Baseline object at 0x13d807f10> len t=60
baseline Ar37. v=-0.0229893121127, e=0.00494783869232
get signal data Ar37 L2
Get data signal Ar37 0.211+/-0.012 len t=120
adding isotope Ar36 CDD
add baseline dbdet= Ar36. original det= CDD
get baseline data Ar36 CDD
Get data baseline <pychron.processing.isotope.Baseline object at 0x13c3ec110> len t=60
baseline Ar36. v=4.96218038285e-05, e=1.04167733887e-05
get signal data Ar36 CDD
Get data signal Ar36 0.0263+/-0.0005 len t=120
65511-31 added analysis time 0.556437969208s
analysis added to mass spec database
mass spec save time= 0.566
persistence save - dvc
================= post measurement started
create new session 4983039568
close session 4983039568
Get Checksum: 2035439760
---------------- Experiment Queue saving disabled
DVC saving peakcenter
Failed to find a valid peak. No peak greater than 1.0. max = 0.0327021296364
Smart pull ahead: 0 behind: 0
Up-to-date with origin
add to repo msg=modified - ad8224ebc6dbfeb9f5997218dfa5fe690569839d.json
add to repo msg=modified - 11-31.json
add to repo msg=modified - 11-31.dat.json
add to repo msg=modified - 11-31.blan.json
add to repo msg=modified - 11-31.inte.json
add to repo msg=modified - 11-31.icfa.json
add to repo msg=modified - 11-31.base.json
not at valid file /Users/jan/PychronDev/data/.dvc/repositories/IR959/655/tags/11-31.tags.json
add to repo msg=modified - 11-31.peak.json
add to repo msg=modified - 11-31.extr.json
not at valid file /Users/jan/PychronDev/data/.dvc/repositories/IR959/655/monitor/11-31.moni.json
commit message=<COLLECTION>
Get Checksum: 2035439760
add to repo msg=modified - 11-31.inte.json
add to repo msg=modified - 11-31.base.json
commit message=<ISOEVO> default collection fits
add to repo msg=modified - 11-31.blan.json
commit message=<BLANKS> preceding bu-FC-J-7451
add to repo msg=modified - 11-31.icfa.json
commit message=<ICFactor> default
push repository <pychron.git_archive.repo_manager.GitRepoManager object at 0x14381e290>
pushing to remote=origin, url=https://github.com
Get Checksum: 2035439760
Get Checksum: 2035439760
no changes to meta repo
create new session 4983039568
add association IR959
get identifier "65511"
setting analysis irradiation position=<pychron.dvc.dvc_orm.IrradiationPositionTbl object at 0x146372750>
close session 4983039568
================= post measurement finished
17:13:48 -- ******* Post Run Check *******
loading queue conditionals post_run_actions
loading system conditionals post_run_actions
loading conditionals from /Users/jan/PychronDev/setupfiles/spectrometer/default_conditionals.yaml
loading queue conditionals post_run_terminations
loading system conditionals post_run_terminations
loading conditionals from /Users/jan/PychronDev/setupfiles/spectrometer/default_conditionals.yaml
Checking default post run terminations n=1
GetDeflection CDD ===>> 50
testing CDD==2000
evaluate ot="CDD.deflection==2000" t="CDD==2000", ctx="{'CDD': 50.0}"
17:13:48 -- ******* Post Run Check Passed *******
17:13:48 -- Automated run 65511-31 success duration: 371.558 s
----------------- finish -----------------
----------------- stop -----------------
retroactive repository identifiers disabled
finish run. runs completed=26
update duration runid=65511-31, duration=371.557582855, md5=3d9034cf
loading script "jan_co2_whiff_120_60_large.py"
loading script "jan_pump_ms.py"
loading script "jan_co2.py"
loading script "jan_pump_extraction_line.py"
testing...
no interpolation path defined
executed 266.04
script duration name:co2_whiff_120_60_large seconds:266.0
loading script "jan_co2_whiff_120_60_large.py"
loading script "jan_pump_ms.py"
loading script "jan_co2.py"
loading script "jan_pump_extraction_line.py"
testing...
no interpolation path defined
executed 0
loading script "jan_co2_whiff_120_60_large.py"
loading script "jan_pump_ms.py"
loading script "jan_co2.py"
loading script "jan_pump_extraction_line.py"
testing...
no interpolation path defined
calculate duration
testing...
no interpolation path defined
executed 0
calculate duration
testing...
no interpolation path defined
executed 0
executed 0.0
script duration name:co2 seconds:0.0
loading script "jan_co2_whiff_120_60_large.py"
loading script "jan_pump_ms.py"
loading script "jan_co2.py"
loading script "jan_pump_extraction_line.py"
testing...
no interpolation path defined
calculate duration
testing...
no interpolation path defined
executed 4.0
executed 4.0
Script duration 266.0
Run total estimated duration= 267.000
co2_whiff_120_60_large in script context. using previous estimated duration
script duration name:co2_whiff_120_60_large seconds:266.0
pump_ms in script context. using previous estimated duration
co2 in script context. using previous estimated duration
script duration name:co2 seconds:0.0
pump_extraction_line in script context. using previous estimated duration
Script duration 266.0
Run total estimated duration= 267.000
script duration name:co2_whiff_120_60_large seconds:266.0
script duration name:co2 seconds:0.0
Script duration 266.0
Run total estimated duration= 267.000
script duration name:co2_whiff_120_60_large seconds:266.0
script duration name:co2 seconds:0.0
Script duration 266.0
Run total estimated duration= 267.000
script duration name:co2_whiff_120_60_large seconds:266.0
script duration name:co2 seconds:0.0
Script duration 266.0
Run total estimated duration= 267.000
loading script "jan_unknown400_120.py"
loading script "jan_pump_ms.py"
loading script "jan_sniffair_x2.py"
loading script "jan_pump_extraction_line.py"
testing...
no interpolation path defined
executed 556.052928
script duration name:unknown400_120 seconds:556.0
loading script "jan_unknown400_120.py"
loading script "jan_pump_ms.py"
loading script "jan_sniffair_x2.py"
loading script "jan_pump_extraction_line.py"
testing...
no interpolation path defined
calculate duration
testing...
no interpolation path defined
executed 0
calculate duration
testing...
no interpolation path defined
executed 0
calculate duration
testing...
no interpolation path defined
executed 32.0
calculate duration
testing...
no interpolation path defined
executed 34.0
calculate duration
testing...
no interpolation path defined
executed 4.0
calculate duration
testing...
no interpolation path defined
executed 36.0
calculate duration
testing...
no interpolation path defined
executed 34.0
calculate duration
testing...
no interpolation path defined
executed 4.0
calculate duration
testing...
no interpolation path defined
executed 36.0
calculate duration
testing...
no interpolation path defined
executed 70.0
executed 250.0
script duration name:sniffair_x2 seconds:250.0
Script duration 806.0
Run total estimated duration= 807.000
script duration name:co2_whiff_120_60_large seconds:266.0
script duration name:co2 seconds:0.0
Script duration 266.0
Run total estimated duration= 267.000
script duration name:co2_whiff_120_60_large seconds:266.0
script duration name:co2 seconds:0.0
Script duration 266.0
Run total estimated duration= 267.000
script duration name:co2_whiff_120_60_large seconds:266.0
script duration name:co2 seconds:0.0
Script duration 266.0
Run total estimated duration= 267.000
script duration name:co2_whiff_120_60_large seconds:266.0
script duration name:co2 seconds:0.0
Script duration 266.0
Run total estimated duration= 267.000
script duration name:co2_whiff_120_60_large seconds:266.0
script duration name:co2 seconds:0.0
Script duration 266.0
Run total estimated duration= 267.000
unknown400_120 in script context. using previous estimated duration
script duration name:unknown400_120 seconds:556.0
script duration name:co2 seconds:0.0
Script duration 556.0
Run total estimated duration= 557.000
script duration name:unknown400_120 seconds:556.0
loading script "jan_unknown400_120.py"
loading script "jan_pump_ms.py"
loading script "jan_cocktail_x1.py"
loading script "jan_pump_extraction_line.py"
testing...
no interpolation path defined
calculate duration
testing...
no interpolation path defined
executed 0
calculate duration
testing...
no interpolation path defined
executed 0
calculate duration
testing...
no interpolation path defined
executed 32.0
calculate duration
testing...
no interpolation path defined
executed 34.0
calculate duration
testing...
no interpolation path defined
executed 4.0
calculate duration
testing...
no interpolation path defined
executed 38.0
executed 108.0
script duration name:cocktail_x1 seconds:108.0
Script duration 664.0
Run total estimated duration= 665.000
script duration name:unknown400_120 seconds:556.0
cocktail_x1 in script context. using previous estimated duration
script duration name:cocktail_x1 seconds:108.0
Script duration 664.0
Run total estimated duration= 665.000
loading script "jan_ic_peak_hop3.py"
loading script "jan_pump_ms.py"
loading script "jan_air_x1.py"
loading script "jan_pump_extraction_line.py"
testing...
no interpolation path defined
executed 133.8
script duration name:ic_peak_hop3 seconds:134.0
loading script "jan_ic_peak_hop3.py"
loading script "jan_pump_ms.py"
loading script "jan_air_x1.py"
loading script "jan_pump_extraction_line.py"
testing...
no interpolation path defined
calculate duration
testing...
no interpolation path defined
executed 0
calculate duration
testing...
no interpolation path defined
executed 0
calculate duration
testing...
no interpolation path defined
executed 32.0
calculate duration
testing...
no interpolation path defined
executed 34.0
calculate duration
testing...
no interpolation path defined
executed 4.0
calculate duration
testing...
no interpolation path defined
executed 36.0
executed 106.0
script duration name:air_x1 seconds:106.0
Script duration 240.0
Run total estimated duration= 241.000
script duration name:co2_whiff_120_60_large seconds:266.0
script duration name:co2 seconds:0.0
Script duration 266.0
Run total estimated duration= 267.000
script duration name:co2_whiff_120_60_large seconds:266.0
script duration name:co2 seconds:0.0
Script duration 266.0
Run total estimated duration= 267.000
script duration name:co2_whiff_120_60_large seconds:266.0
script duration name:co2 seconds:0.0
Script duration 266.0
Run total estimated duration= 267.000
script duration name:co2_whiff_120_60_large seconds:266.0
script duration name:co2 seconds:0.0
Script duration 266.0
Run total estimated duration= 267.000
script duration name:co2_whiff_120_60_large seconds:266.0
script duration name:co2 seconds:0.0
Script duration 266.0
Run total estimated duration= 267.000
script duration name:co2_whiff_120_60_large seconds:266.0
script duration name:co2 seconds:0.0
Script duration 266.0
Run total estimated duration= 267.000
script duration name:co2_whiff_120_60_large seconds:266.0
script duration name:co2 seconds:0.0
Script duration 266.0
Run total estimated duration= 267.000
script duration name:co2_whiff_120_60_large seconds:266.0
script duration name:co2 seconds:0.0
Script duration 266.0
Run total estimated duration= 267.000
script duration name:co2_whiff_120_60_large seconds:266.0
script duration name:co2 seconds:0.0
Script duration 266.0
Run total estimated duration= 267.000
script duration name:co2_whiff_120_60_large seconds:266.0
script duration name:co2 seconds:0.0
Script duration 266.0
Run total estimated duration= 267.000
script duration name:co2_whiff_120_60_large seconds:266.0
script duration name:co2 seconds:0.0
Script duration 266.0
Run total estimated duration= 267.000
script duration name:co2_whiff_120_60_large seconds:266.0
script duration name:co2 seconds:0.0
Script duration 266.0
Run total estimated duration= 267.000
script duration name:co2_whiff_120_60_large seconds:266.0
script duration name:co2 seconds:0.0
Script duration 266.0
Run total estimated duration= 267.000
script duration name:co2_whiff_120_60_large seconds:266.0
script duration name:co2 seconds:0.0
Script duration 266.0
Run total estimated duration= 267.000
script duration name:co2_whiff_120_60_large seconds:266.0
script duration name:co2 seconds:0.0
Script duration 266.0
Run total estimated duration= 267.000
script duration name:unknown400_120 seconds:556.0
script duration name:co2 seconds:0.0
Script duration 556.0
Run total estimated duration= 557.000
script duration name:co2_whiff_120_60_large seconds:266.0
script duration name:co2 seconds:0.0
Script duration 266.0
Run total estimated duration= 267.000
nruns=32 before=5.0, run_dur=10434.0, btw=930.0
write rem/ex queues
/Users/jan/PychronDev/experiments/rem/CurrentExperiment.rem.txt
/Users/jan/PychronDev/experiments/rem/CurrentExperiment.ex.txt
doing event level: 3
