do run
loading script "jan_co2_whiff_120_60_large.py"
loading script "jan_pump_ms.py"
loading script "jan_co2.py"
loading script "jan_pump_extraction_line.py"
testing...
no interpolation path defined
executed 266.04
script duration name:co2_whiff_120_60_large seconds:266.0
loading script "jan_co2_whiff_120_60_large.py"
loading script "jan_pump_ms.py"
loading script "jan_co2.py"
loading script "jan_pump_extraction_line.py"
testing...
no interpolation path defined
executed 0
loading script "jan_co2_whiff_120_60_large.py"
loading script "jan_pump_ms.py"
loading script "jan_co2.py"
loading script "jan_pump_extraction_line.py"
testing...
no interpolation path defined
calculate duration
testing...
no interpolation path defined
executed 0
calculate duration
testing...
no interpolation path defined
executed 0
executed 0.0
script duration name:co2 seconds:0.0
loading script "jan_co2_whiff_120_60_large.py"
loading script "jan_pump_ms.py"
loading script "jan_co2.py"
loading script "jan_pump_extraction_line.py"
testing...
no interpolation path defined
calculate duration
testing...
no interpolation path defined
executed 4.0
executed 4.0
Script duration 266.0
Run total estimated duration= 267.000
run duration: 0:04:27
doing event level: 2
19:38:04 -- Setting default integration. t=1.048576
setting integration time = 1.048576
SetIntegrationTime 1.048576 ===>> OK
----------------- start -----------------
**************** Experiment Type: Ar/Ar, Ar/Ar
create new session 4993359504
close session 4993359504
$$$$$ Clearing conditionals
adding conditionals detrital
extract conditionals from file. /Users/jan/PychronDev/scripts/conditionals/detrital.yaml
no attr for this modification cd={'extraction_str': '', 'attr': '', 'mapper': '', 'use_termination': False, 'start_count': 0, 'nskip': 0, 'window': 0, 'frequency': 1, 'teststr': '', 'action': 'Skip Next Run', 'ntrips': 1, 'use_truncation': False}
no attr for this cancelation cd={'mapper': '', 'window': 0, 'frequency': 1, 'attr': '', 'teststr': '', 'start_count': 0, 'ntrips': 1}
adding truncation attr="age" test="age>100.0" start="50"
adding truncation attr="Ar39" test="Ar39<0.5" start="60"
no attr for this termination cd={'mapper': '', 'window': 0, 'frequency': 1, 'attr': '', 'teststr': '', 'start_count': 0, 'ntrips': 1}
Invalid conditional kind="pre_run_terminations"
no attr for this action cd={'mapper': '', 'attr': '', 'start_count': 0, 'window': 0, 'frequency': 1, 'teststr': '', 'action': None, 'ntrips': 1}
Invalid conditional kind="post_run_terminations"
Add queue conditionals
add default conditionals
adding default conditionals from /Users/jan/PychronDev/setupfiles/spectrometer/default_conditionals.yaml
Start automated run 65511-45
loading script "jan_co2_whiff_120_60_large.py"
loading script "jan_pump_ms.py"
loading script "jan_co2.py"
loading script "jan_pump_extraction_line.py"
%%%%%%%%%%%%%%%%%% setting automated run 65511-45
No value "sensitivity_multiplier" in metadata
$$$$$$$$$$$$$$$ auto_save_detector_ic=False
============================= Pre Extraction Check =============================
loading queue conditionals pre_run_terminations
loading system conditionals pre_run_terminations
loading conditionals from /Users/jan/PychronDev/setupfiles/spectrometer/default_conditionals.yaml
19:38:04 -- ******* Pre Extraction Check *******
Get a measurement from the spectrometer
GetData ===>> H2,-0.279880810389022,H1,-0.020243344708226,AX,-0.0981738700807344,L1,-0.0090679221724872,L2,0.01...
Pre Extraction Termination data. keys=H2,H1,AX,L1,L2,CDD, signals=-0.27988,-0.02024,-0.09817,-0.00907,0.01803,0.00461
19:38:04 -- testing system defined conditionals
Checking default pre extraction terminations n=2
testing CDD
evaluate ot="CDD.inactive" t="CDD", ctx="{'CDD': False}"
GetDeflection CDD ===>> 50
testing CDD==2000
evaluate ot="CDD.deflection==2000" t="CDD==2000", ctx="{'CDD': 50.0}"
19:38:04 -- ******* Pre Extraction Check Passed *******
=================================================================================
19:38:04 -- stopping status monitor
stop 5052903792
Alive clients [4983293136]
19:38:04 -- starting status monitor
start 5052903792
Monitor already running
start extraction
do extraction
Analysis started at 19:38:04.910551
Extraction Started jan_co2.py
19:38:04 -- ******* Extraction Started jan_co2.py *******
state changed from not run to extraction
DO EXTRACTION <pychron.extraction_line.pyscript_runner.RemotePyScriptRunner object at 0x12b93d0b0>
testing...
no interpolation path defined
calculate duration
testing...
no interpolation path defined
executed 0
calculate duration
testing...
no interpolation path defined
Get Checksum: -1772432964
executed 0
executed 100.0
Jan CO2 laser analysis
doing GOSUB
testing...
no interpolation path defined
executed 0
Waiting for CO2 access
wait ('FelixCO2Flag', 0) {}
waiting for FelixCO2Flag = 0
Read FelixCO2Flag ===>> 0
finished waiting
CO2 free
wait ('CO2PumpTimeFlag', 0) {}
waiting for CO2PumpTimeFlag = 0
Read CO2PumpTimeFlag ===>> 0
finished waiting
acquire ('JanCO2Flag',) {'clear': True}
acquire JanCO2Flag
Set JanCO2Flag 1 ===>> OK
JanCO2Flag acquired
set extraction state False (0.75, 'red', 1.5)
CO2 acquired
executed 0
WaitForCO2Access.py completed successfully
gosub finished
doing GOSUB
testing...
no interpolation path defined
executed 0
Prepare for CO2 analysis
close () {'description': 'Jan Inlet'}
closing name=--- desc=Jan Inlet
checking ownership. requestor=129.138.12.150
check software interlocks R
interlocks []
actuate state mode=None-script, software_lock=False
doing actuation None-script close_channel False
Close R ===>> OK
GetValveState R ===>> False
change switch state (True, True)
update switch state R False args=() kw={} ncanvase=3
19:38:05 -- CLOSE  VALVE-R (Jan Inlet)
---------------------------------------- close None (Jan Inlet) result=[(True, True)]
action=close, ok=True, locked=[False]
open () {'description': 'Jan Ion Pump'}
opening name=--- desc=Jan Ion Pump
checking ownership. requestor=129.138.12.150
check software interlocks O
interlocks []
actuate state mode=None-script, software_lock=False
doing actuation None-script open_channel False
Open O ===>> OK
GetValveState O ===>> OK
change switch state (True, True)
update switch state O True args=() kw={} ncanvase=3
19:38:05 -- OPEN   VALVE-O (Jan Ion Pump)
---------------------------------------- open None (Jan Ion Pump) result=[(True, True)], time=0.09 sec
action=open, ok=True, locked=[False]
close () {'description': 'Microbone to Minibone'}
closing name=--- desc=Microbone to Minibone
checking ownership. requestor=129.138.12.150
check software interlocks L
interlocks []
actuate state mode=None-script, software_lock=False
doing actuation None-script close_channel False
Close L ===>> OK
GetValveState L ===>> False
change switch state (True, True)
update switch state L False args=() kw={} ncanvase=3
19:38:06 -- CLOSE  VALVE-L (Microbone to Minibone)
---------------------------------------- close None (Microbone to Minibone) result=[(True, True)]
action=close, ok=True, locked=[False]
open () {'description': 'Microbone to Turbo'}
opening name=--- desc=Microbone to Turbo
checking ownership. requestor=129.138.12.150
check software interlocks U
interlocks []
actuate state mode=None-script, software_lock=False
doing actuation None-script open_channel False
Open U ===>> OK
GetValveState U ===>> OK
change switch state (True, True)
update switch state U True args=() kw={} ncanvase=3
19:38:06 -- OPEN   VALVE-U (Microbone to Turbo)
---------------------------------------- open None (Microbone to Turbo) result=[(True, True)], time=0.14 sec
action=open, ok=True, locked=[False]
open () {'description': 'Microbone to Inlet Pipette'}
opening name=--- desc=Microbone to Inlet Pipette
checking ownership. requestor=129.138.12.150
check software interlocks S
interlocks []
actuate state mode=None-script, software_lock=False
doing actuation None-script open_channel False
Open S ===>> OK
GetValveState S ===>> OK
change switch state (True, True)
update switch state S True args=() kw={} ncanvase=3
19:38:07 -- OPEN   VALVE-S (Microbone to Inlet Pipette)
---------------------------------------- open None (Microbone to Inlet Pipette) result=[(True, True)], time=0.42 sec
action=open, ok=True, locked=[False]
open () {'description': 'Microbone to Getter D-50'}
opening name=--- desc=Microbone to Getter D-50
checking ownership. requestor=129.138.12.150
check software interlocks K
interlocks []
actuate state mode=None-script, software_lock=False
doing actuation None-script open_channel False
Open K ===>> OK
Get Checksum: -1772432964
GetValveState K ===>> OK
change switch state (True, True)
update switch state K True args=() kw={} ncanvase=3
19:38:08 -- OPEN   VALVE-K (Microbone to Getter D-50)
---------------------------------------- open None (Microbone to Getter D-50) result=[(True, True)], time=0.46 sec
action=open, ok=True, locked=[False]
open () {'description': 'Microbone to Getter NP-10'}
opening name=--- desc=Microbone to Getter NP-10
checking ownership. requestor=129.138.12.150
check software interlocks M
interlocks []
actuate state mode=None-script, software_lock=False
doing actuation None-script open_channel False
Open M ===>> OK
GetValveState M ===>> OK
change switch state (True, True)
update switch state M True args=() kw={} ncanvase=3
19:38:08 -- OPEN   VALVE-M (Microbone to Getter NP-10)
---------------------------------------- open None (Microbone to Getter NP-10) result=[(True, True)], time=0.20 sec
action=open, ok=True, locked=[False]
close () {'description': 'CO2 Laser to Felix'}
closing name=--- desc=CO2 Laser to Felix
checking ownership. requestor=129.138.12.150
check software interlocks F
interlocks []
actuate state mode=None-script, software_lock=True
VALVE-F(CO2 Laser to Felix) software locked
change switch state (True, False)
---------------------------------------- close None (CO2 Laser to Felix) result=[(True, False)]
action=close, ok=True, locked=[True]
open () {'description': 'CO2 Laser to Jan'}
opening name=--- desc=CO2 Laser to Jan
checking ownership. requestor=129.138.12.150
check software interlocks A
interlocks []
actuate state mode=None-script, software_lock=False
doing actuation None-script open_channel False
Open A ===>> OK
GetValveState A ===>> OK
change switch state (True, True)
update switch state A True args=() kw={} ncanvase=3
19:38:09 -- OPEN   VALVE-A (CO2 Laser to Jan)
---------------------------------------- open None (CO2 Laser to Jan) result=[(True, True)], time=0.13 sec
action=open, ok=True, locked=[False]
open () {'description': 'Microbone to CO2 Laser'}
opening name=--- desc=Microbone to CO2 Laser
checking ownership. requestor=129.138.12.150
check software interlocks T
interlocks []
actuate state mode=None-script, software_lock=False
doing actuation None-script open_channel False
Open T ===>> OK
GetValveState T ===>> OK
change switch state (True, True)
update switch state T True args=() kw={} ncanvase=3
19:38:09 -- OPEN   VALVE-T (Microbone to CO2 Laser)
---------------------------------------- open None (Microbone to CO2 Laser) result=[(True, True)], time=0.48 sec
action=open, ok=True, locked=[False]
executed 0
PrepareForCO2Analysis.py completed successfully
gosub finished
set_motor ('beam', '1.25') {}
setting motor "beam" to 1.25
set motor beam to 1.25
SetMotor beam,1.25 ===>> OK
GetMotorMoving beam ===>> False
GetMotorMoving beam ===>> False
Block completed
move_to_position ('184',) {'autocenter': True}
FusionsCO2 move to position 184
sending GoToHole 184,True
GoToHole 184,True ===>> OK
set states for children of B. state=False
set states for children of D. state=False
handle state [('B', False), ('D', False)]
update switch state B False args=() kw={'refresh': True} ncanvase=3
update switch state D False args=() kw={'refresh': False} ncanvase=3
refresh_canvas_needed fired
Get Checksum: -569565255
GetDriveMoving ===>> OK
GetDriveMoving ===>> OK
GetDriveMoving ===>> OK
GetDriveMoving ===>> OK
GetDriveMoving ===>> OK
GetDriveMoving ===>> OK
GetDriveMoving ===>> OK
GetDriveMoving ===>> OK
GetDriveMoving ===>> OK
Get Checksum: -569565255
GetDriveMoving ===>> OK
GetDriveMoving ===>> OK
GetDriveMoving ===>> OK
GetDriveMoving ===>> OK
GetDriveMoving ===>> OK
GetDriveMoving ===>> OK
GetDriveMoving ===>> OK
GetDriveMoving ===>> OK
GetDriveMoving ===>> OK
GetDriveMoving ===>> OK
GetDriveMoving ===>> OK
GetDriveMoving ===>> OK
Get Checksum: -569565255
GetDriveMoving ===>> OK
GetDriveMoving ===>> OK
GetDriveMoving ===>> OK
GetDriveMoving ===>> OK
GetDriveMoving ===>> OK
GetDriveMoving ===>> OK
GetDriveMoving ===>> OK
GetDriveMoving ===>> OK
GetDriveMoving ===>> OK
GetDriveMoving ===>> OK
GetDriveMoving ===>> OK
Get Checksum: -569565255
GetDriveMoving ===>> OK
GetDriveMoving ===>> OK
GetDriveMoving ===>> OK
GetDriveMoving ===>> OK
GetDriveMoving ===>> OK
GetDriveMoving ===>> OK
GetDriveMoving ===>> OK
GetDriveMoving ===>> OK
GetDriveMoving ===>> OK
GetDriveMoving ===>> False
GetDriveMoving ===>> OK
GetDriveMoving ===>> OK
GetDriveMoving ===>> OK
GetDriveMoving ===>> OK
GetDriveMoving ===>> OK
GetDriveMoving ===>> OK
GetDriveMoving ===>> OK
GetDriveMoving ===>> OK
GetDriveMoving ===>> False
Block completed
Get Checksum: -569565255
GetAutoCorrecting ===>> False
GetAutoCorrecting ===>> False
Block completed
update position
GetPosition ===>> -11.96340,-9.96950,1.00000
got position (-11.9634, -9.9695, 1.0)
move to position succeeded
sleep (5,) {}
SLEEP 5.0
block started
WaitControl setup for 5.0  
Get Checksum: -569565255
Join finished
block finished. duration 5.01691389084
close () {'description': 'Microbone to Turbo'}
closing name=--- desc=Microbone to Turbo
checking ownership. requestor=129.138.12.150
check software interlocks U
interlocks []
actuate state mode=None-script, software_lock=False
doing actuation None-script close_channel True
Close U ===>> OK
Get Checksum: 743130707
State checksums do not match. Local:-569565255 Remote:743130707
State checksum failed
GetValveState U ===>> False
change switch state (True, True)
update switch state U False args=() kw={} ncanvase=3
19:38:31 -- CLOSE  VALVE-U (Microbone to Turbo)
---------------------------------------- close None (Microbone to Turbo) result=[(True, True)]
action=close, ok=True, locked=[False]
enable laser
enable () {}
set extraction state FusionsCO2 Enabled (False, 'red', 1.5)
enabling laser
Enable ===>> OK
begin interval
BEGIN INTERVAL Interval 1 waiting for 30.0
block started
WaitControl setup for 30.0  
set extract to 5.0
extract (5.0,) {}
GetPosition ===>> -11.96340,-9.96950,1.00000
set extraction state FusionsCO2 ON! 5.0(watts) (0.75, 'red', 1.5)
extract sample to 5.0 (watts)
set laser output
SetLaserOutput 5.0,watts ===>> OK
executing pattern triangle.lp
execute_pattern ('triangle.lp',) {}
executing pattern triangle.lp
IsPatterning ===>> OK
Get Checksum: 743130707
IsPatterning ===>> OK
IsPatterning ===>> OK
IsPatterning ===>> OK
Get Checksum: 743130707
IsPatterning ===>> OK
IsPatterning ===>> OK
IsPatterning ===>> OK
Get Checksum: 743130707
IsPatterning ===>> OK
IsPatterning ===>> OK
IsPatterning ===>> OK
Get Checksum: 743130707
IsPatterning ===>> OK
IsPatterning ===>> OK
IsPatterning ===>> OK
Get Checksum: 743130707
IsPatterning ===>> OK
IsPatterning ===>> OK
IsPatterning ===>> OK
Get Checksum: 743130707
IsPatterning ===>> OK
IsPatterning ===>> OK
IsPatterning ===>> OK
Get Checksum: 743130707
IsPatterning ===>> OK
IsPatterning ===>> OK
IsPatterning ===>> OK
Get Checksum: 743130707
IsPatterning ===>> OK
IsPatterning ===>> OK
IsPatterning ===>> OK
set states for children of C. state=False
set states for children of B. state=True
handle state [('C', False), ('B', True)]
update switch state C False args=() kw={'refresh': True} ncanvase=3
update switch state B True args=() kw={'refresh': False} ncanvase=3
refresh_canvas_needed fired
Get Checksum: 2118110381
IsPatterning ===>> OK
IsPatterning ===>> OK
IsPatterning ===>> False
Get Checksum: 2118110381
Join finished
block finished. duration 30.1069698334
Interval 1 finished
IsPatterning ===>> False
Block completed
COMPLETE INTERVAL waiting for Interval 1 to complete
end_extract () {}
ending extraction. set laser power to 0
set laser power 0
SetLaserPower 0 ===>> OK
disable () {}
%%%%%%%%%%%%%%%%%%%%%%%%%%%%%%%%%%% disable
set extraction state False (0.75, 'red', 1.5)
disabling laser
Disable ===>> OK
sleep (30.0,) {}
SLEEP 30.0
block started
WaitControl setup for 30.0  
Get Checksum: 2118110381
Get Checksum: 2118110381
Get Checksum: 2118110381
Get Checksum: 2118110381
Get Checksum: 2118110381
Get Checksum: -548444645
State checksums do not match. Local:2118110381 Remote:-548444645
State checksum failed
set states for children of B. state=False
handle state [('B', False)]
update switch state B False args=() kw={'refresh': False} ncanvase=3
refresh_canvas_needed fired
Get Checksum: -548444645
Get Checksum: -548444645
Get Checksum: -548444645
Get Checksum: -548444645
Join finished
block finished. duration 30.0795550346
executed 165.0
jan_co2.py completed successfully
GetAchievedOutput ===>> No Response
Requested Output= 0.000
Achieved Output=  0.000
GetResponseBlob ===>> No Response
GetOutputBlob ===>> No Response
persistence save...
persistence save - db
AutomatedRunPersister post_extraction_save deprecated
persistence save - dvc
no extraction position for 184
create new session 4983039568
close session 4983039568
Extraction Finished
19:39:32 -- ******* Extraction Finished *******
no overlap. not waiting for min ms pumptime
19:39:32 -- Sending spectrometer configuration
======== Sending configuration ========
SetDeflection CDD,50.0 ===>> OK
SetDeflection H2,0.0 ===>> OK
SetDeflection H1,0.0 ===>> OK
SetDeflection L2,825.0 ===>> OK
SetDeflection L1,400.0 ===>> OK
SetDeflection AX,190.0 ===>> OK
SetZFocus 74.64 ===>> OK
SetZSymmetry -50.72 ===>> OK
SetExtractionLens 26.13 ===>> OK
SetIonRepeller -3.81 ===>> OK
SetElectronEnergy 75.08 ===>> OK
SetYSymmetry -2.81 ===>> OK
SetIonCounterVoltage 1590.0 ===>> OK
send trap current 200.0
GetParameter Trap Current Readback ===>> 198.258926936459
SetParameter Trap Current Set,200.0 ===>> OK
updating mftable name mftable
Using mftable located at /Users/jan/PychronDev/setupfiles/spectrometer/mftables/mftable.csv
============ MFtable ===========
Isotope  H2     H1     AX     L1     L2     CDD    
Ar40     5.7729 5.8787 5.9920 6.1129 6.2305 6.3411
Ar39     5.6722 5.7709 5.8844 5.9989 6.1156 6.2276
Ar36     5.3497 5.4399 5.5477 5.6578 5.7706 5.8787
================================
get initial guess parabolic
get initial guess parabolic
get initial guess parabolic
get initial guess parabolic
get initial guess parabolic
get initial guess parabolic
======== Configuration Finished ========
GetYSymmetry ===>> -2.81
GetZSymmetry ===>> -50.72
GetParameter Trap Current Readback ===>> 198.147042666178
GetHighVoltage ===>> 4499.94659342336
start measurement
do measurement
L#=65511 analysis type=unknown
Measurement Started jan_co2_whiff_120_60_large.py
19:39:32 -- ******* Measurement Started jan_co2_whiff_120_60_large.py *******
state changed from extraction to measurement
setting spec, defl, and gains
GetExtractionLens ===>> 26.13
GetYSymmetry ===>> -2.81
GetZSymmetry ===>> -50.72
GetZFocus ===>> 74.64
GetDeflection H2 ===>> 0
GetDeflection H1 ===>> 0
GetDeflection AX ===>> 190
GetDeflection L1 ===>> 400
GetDeflection L2 ===>> 825
GetDeflection CDD ===>> 50
GetGain H2 ===>> 0.0113
GetGain H1 ===>> 0.1
GetGain AX ===>> 0.097049
GetGain L1 ===>> 0.010355
GetGain L2 ===>> 0.095649
GetGain CDD ===>> 0
pre measurement save
New frame /Users/jan/PychronDev/data/isotopes/fa/ed423b-45d4-442b-8a68-93ee91f02969.h5
flush and close file /Users/jan/PychronDev/data/isotopes/fa/ed423b-45d4-442b-8a68-93ee91f02969.h5
testing...
no interpolation path defined
executed 266.04
co2 whiff measurement script
activate_detectors ('H2', 'H1', 'AX', 'L1', 'L2', 'CDD') {}
activate detectors
*************** Set Analysis View Ar/Ar
create graphs
clearing graphs
clear isotope group
setting isotope det=H2, iso=PM41
setting isotope det=H1, iso=Ar40
setting isotope det=AX, iso=Ar39
setting isotope det=L1, iso=Ar38
setting isotope det=L2, iso=Ar37
setting isotope det=CDD, iso=Ar36
setting previous blanks
 - setting Ar40 blank 0.185+/-0.007
 - setting Ar36 blank 0.00480+/-0.00018
 - setting Ar37 blank 0.043+/-0.005
 - setting Ar38 blank 0.0128+/-0.0021
 - setting PM41 blank 0.03+/-0.06
 - setting Ar39 blank 0.020+/-0.009
load analysis view
position_magnet ('Ar40',) {'detector': 'H1'}
detector Detector(H1)
POSITION Ar40 H1
setting detector H2 to PM41 (40.9624)
setting detector H1 to Ar40 (39.9624)
setting detector AX to Ar39 (38.9624)
setting detector L1 to Ar38 (37.9624)
setting detector L2 to Ar37 (36.9624)
setting detector CDD to Ar36 (35.9624)
Mapping mass to dac mass func: "parabolic"
H1 map mass coeffs = [-0.00063987  0.15840543  0.57025999]
H1 map mass to dac 39.9624 >> 5.87865
GetDeflection H1 ===>> 0
GetHighVoltage ===>> 4499.94659342336
positioning Ar40 (5.87861538118) on H1
setting magnet DAC
current  : 5.878611
requested: 5.878615
Delta Dac: 0.000005
Checking detector protection. dv=0.00000
Checking detector "CDD". Protection Threshold: 0.1 (V)
SetMagnetDAC 5.87861538118 ===>> OK
Magnet settling time: 0.500
close ('S',) {}
closing name=S desc=---
checking ownership. requestor=129.138.12.150
check software interlocks S
interlocks []
actuate state mode=None-script, software_lock=False
doing actuation None-script close_channel True
Close S ===>> OK
set states for children of S. state=False
handle state [('S', False)]
update switch state S False args=() kw={'refresh': False} ncanvase=3
refresh_canvas_needed fired
Get Checksum: -1861269947
GetValveState S ===>> False
change switch state (True, True)
update switch state S False args=() kw={} ncanvase=3
19:39:35 -- CLOSE  VALVE-S (Microbone to Inlet Pipette)
---------------------------------------- close S () result=[(True, True)]
action=close, ok=True, locked=[False]
equilibrate () {'do_post_equilibration': False, 'inlet': 'R', 'outlet': 'O', 'eqtime': 4}
Equilibration Started
19:39:35 -- ******* Equilibration Started *******
checking ownership. requestor=129.138.12.150
check software interlocks O
interlocks []
actuate state mode=None-script, software_lock=False
doing actuation None-script close_channel True
Close O ===>> OK
GetValveState O ===>> False
change switch state (True, True)
update switch state O False args=() kw={} ncanvase=3
19:39:35 -- CLOSE  VALVE-O (Jan Ion Pump)
waiting 3s before opening inlet value ('R',)
Get Checksum: 1236204985
checking ownership. requestor=129.138.12.150
check software interlocks R
interlocks []
actuate state mode=None-script, software_lock=False
doing actuation None-script open_channel True
Open R ===>> OK
GetValveState R ===>> OK
change switch state (True, True)
update switch state R True args=() kw={} ncanvase=3
19:39:38 -- OPEN   VALVE-R (Jan Inlet)
equilibrating for 4sec
set_time_zero (0,) {}
sniff (4,) {}
py_sniff
build tables- sniff [Detector(H2), Detector(H1), Detector(AX), Detector(L1), Detector(L2), Detector(CDD)]
add group /sniff/PM41 (Group) '' table H2
add group /sniff/Ar40 (Group) '' table H1
add group /sniff/Ar39 (Group) '' table AX
add group /sniff/Ar38 (Group) '' table L1
add group /sniff/Ar37 (Group) '' table L2
add group /sniff/Ar36 (Group) '' table CDD
flush and close file /Users/jan/PychronDev/data/isotopes/fa/ed423b-45d4-442b-8a68-93ee91f02969.h5
measuring sniff. ncounts=4
starting measurement
GetData ===>> H2,2.06707074082527,H1,4.24144022748878,AX,4.91070129789764,L1,0.241564504964006,L2,0.89476078284...
GetData ===>> H2,5.48003413995254,H1,11.6447000540159,AX,7.43059533659644,L1,0.91256262228001,L2,0.774663435011...
Get Checksum: -91110609
GetData ===>> H2,1.9711624338375,H1,11.3732094232277,AX,4.81962194646098,L1,0.725055370389172,L2,0.384881809246...
GetData ===>> H2,0.568093214503882,H1,10.8714054612343,AX,3.82040242271878,L1,0.49271572624504,L2,0.04941013319...
Equilibration Finished
19:39:43 -- ******* Equilibration Finished *******
checking ownership. requestor=129.138.12.150
check software interlocks R
interlocks []
actuate state mode=None-script, software_lock=False
doing actuation None-script close_channel True
measurement finished
estimated time: 4.194 actual time: :4.263
flush and close file /Users/jan/PychronDev/data/isotopes/fa/ed423b-45d4-442b-8a68-93ee91f02969.h5
set_fits () {}
using default fits file=/Users/jan/PychronDev/scripts/measurement/fits/nominal_linear.yaml
set "Ar40" to "('Linear', 'SEM')"
No fit for "PM41". defaulting to linear. check the measurement script "jan_co2_whiff_120_60_large.py"
set "PM41" to "linear"
set "Ar36" to "('Linear', 'SEM')"
set "Ar37" to "('linear', 'SEM')"
set "Ar38" to "('linear', 'SEM')"
set "Ar39" to "('Linear', 'SEM')"
set_baseline_fits () {}
using default fits file=/Users/jan/PychronDev/scripts/measurement/fits/nominal_linear.yaml
Close R ===>> OK
set "H1" to "('average', 'SEM')"
set "H2" to "('average', 'SEM')"
set "CDD" to "('average', 'SEM')"
set "L2" to "('average', 'SEM')"
set "L1" to "('average', 'SEM')"
set "AX" to "('average', 'SEM')"
whiff () {'ncounts': 1, 'conditionals': [{'action': 'run_remainder', 'attr': 'Ar40', 'teststr': 'Ar40.cur<=175'}, {'action': 'run_pipette', 'attr': 'Ar40', 'teststr': 'Ar40.cur>500'}, {'action': 'run_chamber_split', 'attr': 'Ar40', 'teststr': 'Ar40.cur>=300'}, {'action': 'pump', 'attr': 'Ar40', 'teststr': 'Ar40.cur>175'}]}
build tables- whiff [Detector(H2), Detector(H1), Detector(AX), Detector(L1), Detector(L2), Detector(CDD)]
set states for children of R. state=False
add group /whiff/PM41 (Group) '' table H2
handle state [('R', False)]
add group /whiff/Ar40 (Group) '' table H1
update switch state R False args=() kw={'refresh': False} ncanvase=3
add group /whiff/Ar39 (Group) '' table AX
add group /whiff/Ar38 (Group) '' table L1
add group /whiff/Ar37 (Group) '' table L2
add group /whiff/Ar36 (Group) '' table CDD
flush and close file /Users/jan/PychronDev/data/isotopes/fa/ed423b-45d4-442b-8a68-93ee91f02969.h5
measuring whiff. ncounts=1
refresh_canvas_needed fired
GetValveState R ===>> False
change switch state (True, True)
update switch state R False args=() kw={} ncanvase=3
19:39:43 -- CLOSE  VALVE-R (Jan Inlet)
starting measurement
GetData ===>> H2,0.219462599934778,H1,10.6334886645725,AX,3.43142208355965,L1,0.330502403367185,L2,-0.030119221...
Get Checksum: 1236204985
testing Ar40<=175
evaluate ot="Ar40.cur<=175" t="Ar40<=175", ctx="{'Ar40': 10.6334886645725}"
condition Ar40<=175 is true trips=1/1
19:39:45 -- Conditional tripped: Ar40.cur<=175 condition Ar40<=175 is True
measurement finished
estimated time: 1.049 actual time: :1.111
flush and close file /Users/jan/PychronDev/data/isotopes/fa/ed423b-45d4-442b-8a68-93ee91f02969.h5
WHIFF Result=run_remainder
Whiff result=run_remainder
open ('R',) {}
opening name=R desc=---
checking ownership. requestor=129.138.12.150
check software interlocks R
interlocks []
actuate state mode=None-script, software_lock=False
doing actuation None-script open_channel True
Open R ===>> OK
set states for children of R. state=True
handle state [('R', True)]
update switch state R True args=() kw={'refresh': False} ncanvase=3
refresh_canvas_needed fired
GetValveState R ===>> OK
change switch state (True, True)
update switch state R True args=() kw={} ncanvase=3
19:39:45 -- OPEN   VALVE-R (Jan Inlet)
---------------------------------------- open R () result=[(True, True)], time=0.41 sec
action=open, ok=True, locked=[False]
open ('S',) {}
opening name=S desc=---
checking ownership. requestor=129.138.12.150
check software interlocks S
interlocks []
actuate state mode=None-script, software_lock=False
doing actuation None-script open_channel True
Open S ===>> OK
GetValveState S ===>> OK
change switch state (True, True)
update switch state S True args=() kw={} ncanvase=3
19:39:46 -- OPEN   VALVE-S (Microbone to Inlet Pipette)
---------------------------------------- open S () result=[(True, True)], time=0.50 sec
action=open, ok=True, locked=[False]
sleep (12.0,) {}
SLEEP 12.0
block started
WaitControl setup for 12.0  
Get Checksum: 714864715
Get Checksum: 714864715
Get Checksum: 714864715
Get Checksum: 714864715
Join finished
block finished. duration 12.0316720009
close ('R',) {}
closing name=R desc=---
checking ownership. requestor=129.138.12.150
check software interlocks R
interlocks []
actuate state mode=None-script, software_lock=False
doing actuation None-script close_channel True
Close R ===>> OK
GetValveState R ===>> False
change switch state (True, True)
update switch state R False args=() kw={} ncanvase=3
19:39:59 -- CLOSE  VALVE-R (Jan Inlet)
---------------------------------------- close R () result=[(True, True)]
action=close, ok=True, locked=[False]
post_equilibration () {}
multicollect () {'integration_time': 1, 'ncounts': 120.0}
build tables- signal [Detector(H2), Detector(H1), Detector(AX), Detector(L1), Detector(L2), Detector(CDD)]
Post Equilibration Started jan_pump_extraction_line.py
add group /signal/PM41 (Group) '' table H2
19:39:59 -- ******* Post Equilibration Started jan_pump_extraction_line.py *******
add group /signal/Ar40 (Group) '' table H1
add group /signal/Ar39 (Group) '' table AX
testing...
add group /signal/Ar38 (Group) '' table L1
no interpolation path defined
add group /signal/Ar37 (Group) '' table L2
calculate duration
add group /signal/Ar36 (Group) '' table CDD
testing...
flush and close file /Users/jan/PychronDev/data/isotopes/fa/ed423b-45d4-442b-8a68-93ee91f02969.h5
no interpolation path defined
measuring signal. ncounts=120.0
executed 4.0
executed 4.0
Pump after analysis
doing GOSUB
testing...
no interpolation path defined
executed 4.0
Pump Microbone
close () {'description': 'Jan Inlet'}
closing name=--- desc=Jan Inlet
checking ownership. requestor=129.138.12.150
check software interlocks R
interlocks []
actuate state mode=None-script, software_lock=False
doing actuation None-script close_channel False
Close R ===>> OK
GetValveState R ===>> False
change switch state (True, True)
update switch state R False args=() kw={} ncanvase=3
19:40:00 -- CLOSE  VALVE-R (Jan Inlet)
---------------------------------------- close None (Jan Inlet) result=[(True, True)]
starting measurement
GetData ===>> H2,0.175099165188356,H1,290.114600060038,AX,85.5893475567241,L1,1.08515098739484,L2,0.35532681792...
action=close, ok=True, locked=[False]
is_closed ('F',) {}
is F () closed?
is closed True
open () {'description': 'CO2 Laser to Jan'}
opening name=--- desc=CO2 Laser to Jan
checking ownership. requestor=129.138.12.150
check software interlocks A
interlocks []
actuate state mode=None-script, software_lock=False
doing actuation None-script open_channel False
Open A ===>> OK
Get Checksum: 1944010931
GetValveState A ===>> OK
change switch state (True, True)
update switch state A True args=() kw={} ncanvase=3
19:40:00 -- OPEN   VALVE-A (CO2 Laser to Jan)
---------------------------------------- open None (CO2 Laser to Jan) result=[(True, True)], time=0.17 sec
action=open, ok=True, locked=[False]
sleep (1,) {}
SLEEP 1.0
GetData ===>> H2,0.130841871489655,H1,289.824772349113,AX,85.62644978415,L1,1.07745131599576,L2,0.4447150578150...
close () {'description': 'CO2 Laser to Roughing'}
closing name=--- desc=CO2 Laser to Roughing
checking ownership. requestor=129.138.12.150
check software interlocks G
interlocks []
actuate state mode=None-script, software_lock=True
VALVE-G(CO2 Laser to Roughing) software locked
change switch state (True, False)
---------------------------------------- close None (CO2 Laser to Roughing) result=[(True, False)]
action=close, ok=True, locked=[True]
open () {'description': 'Microbone to Turbo'}
opening name=--- desc=Microbone to Turbo
checking ownership. requestor=129.138.12.150
check software interlocks U
interlocks []
actuate state mode=None-script, software_lock=False
doing actuation None-script open_channel True
Open U ===>> OK
GetValveState U ===>> OK
change switch state (True, True)
update switch state U True args=() kw={} ncanvase=3
19:40:02 -- OPEN   VALVE-U (Microbone to Turbo)
---------------------------------------- open None (Microbone to Turbo) result=[(True, True)], time=0.20 sec
action=open, ok=True, locked=[False]
open () {'description': 'Microbone to Getter NP-10'}
opening name=--- desc=Microbone to Getter NP-10
checking ownership. requestor=129.138.12.150
check software interlocks M
interlocks []
actuate state mode=None-script, software_lock=False
doing actuation None-script open_channel False
Open M ===>> OK
GetData ===>> H2,0.0797966955367255,H1,289.747984745625,AX,85.4688846958805,L1,1.11733805285249,L2,0.3872461454...
GetValveState M ===>> OK
change switch state (True, True)
update switch state M True args=() kw={} ncanvase=3
19:40:02 -- OPEN   VALVE-M (Microbone to Getter NP-10)
---------------------------------------- open None (Microbone to Getter NP-10) result=[(True, True)], time=0.14 sec
action=open, ok=True, locked=[False]
open () {'description': 'Microbone to Getter D-50'}
opening name=--- desc=Microbone to Getter D-50
checking ownership. requestor=129.138.12.150
check software interlocks K
interlocks []
actuate state mode=None-script, software_lock=False
doing actuation None-script open_channel False
Open K ===>> OK
GetValveState K ===>> OK
change switch state (True, True)
update switch state K True args=() kw={} ncanvase=3
19:40:03 -- OPEN   VALVE-K (Microbone to Getter D-50)
---------------------------------------- open None (Microbone to Getter D-50) result=[(True, True)], time=0.42 sec
action=open, ok=True, locked=[False]
open () {'description': 'Microbone to CO2 Laser'}
opening name=--- desc=Microbone to CO2 Laser
checking ownership. requestor=129.138.12.150
check software interlocks T
interlocks []
actuate state mode=None-script, software_lock=False
doing actuation None-script open_channel False
GetData ===>> H2,-0.0226703102665405,H1,289.489093667579,AX,85.6210558258831,L1,1.14983912095983,L2,0.233257710...
Open T ===>> OK
Get Checksum: 1334048640
GetValveState T ===>> OK
change switch state (True, True)
update switch state T True args=() kw={} ncanvase=3
19:40:04 -- OPEN   VALVE-T (Microbone to CO2 Laser)
---------------------------------------- open None (Microbone to CO2 Laser) result=[(True, True)], time=0.44 sec
action=open, ok=True, locked=[False]
open () {'description': 'Microbone to Inlet Pipette'}
opening name=--- desc=Microbone to Inlet Pipette
checking ownership. requestor=129.138.12.150
check software interlocks S
interlocks []
actuate state mode=None-script, software_lock=False
doing actuation None-script open_channel False
Open S ===>> OK
GetValveState S ===>> OK
change switch state (True, True)
update switch state S True args=() kw={} ncanvase=3
GetData ===>> H2,0.0568970873494845,H1,289.424700307749,AX,85.4428640804305,L1,1.10274386011132,L2,0.3561946089...
19:40:04 -- OPEN   VALVE-S (Microbone to Inlet Pipette)
---------------------------------------- open None (Microbone to Inlet Pipette) result=[(True, True)], time=0.44 sec
action=open, ok=True, locked=[False]
sleep (1,) {}
SLEEP 1.0
GetData ===>> H2,-0.0898579208058867,H1,289.372856265214,AX,85.3125400512233,L1,1.092490371786,L2,0.35271207405...
set_resource () {'name': 'CO2PumpTimeFlag', 'value': 30}
Set CO2PumpTimeFlag 30 ===>> OK
release ('JanCO2Flag',) {}
release JanCO2Flag
Set JanCO2Flag 0 ===>> OK
executed 6.0
PumpMicrobone.py completed successfully
gosub finished
get_resource_value () {'name': 'JanMiniboneFlag'}
Read JanMiniboneFlag ===>> 0
Get Resource Value JanMiniboneFlag=0.0
get resource value 0.0
get_resource_value () {'name': 'JanMiniboneFlag'}
Read JanMiniboneFlag ===>> 0
Get Resource Value JanMiniboneFlag=0.0
executed 4.0
jan_pump_extraction_line.py completed successfully
Post Equilibration Finished
19:40:06 -- ******* Post Equilibration Finished *******
GetData ===>> H2,-0.0688970618007489,H1,289.307884989722,AX,85.1984123618864,L1,1.07905147737763,L2,0.138301332...
GetData ===>> H2,-0.197689019732485,H1,289.190742735919,AX,85.0651870079638,L1,1.10414887198957,L2,0.1999215503...
GetData ===>> H2,-0.165011082524325,H1,289.214603225313,AX,85.1339014423649,L1,1.08519651930825,L2,0.4083678522...
Get Checksum: 1334048640
GetData ===>> H2,-0.0324677224567963,H1,289.090396639132,AX,85.0393069883435,L1,1.07718211824842,L2,0.346569419...
GetData ===>> H2,0.00577618359393853,H1,289.093632967684,AX,85.055687667942,L1,1.0762102827576,L2,0.25751674676...
GetData ===>> H2,-0.0981856659298189,H1,288.788695473899,AX,85.1595654870553,L1,1.05189332392853,L2,0.314321234...
Get Checksum: 1334048640
GetData ===>> H2,-0.161550665223401,H1,288.751395675908,AX,85.1346184375192,L1,1.12134524082787,L2,0.3354040406...
GetData ===>> H2,-0.248619121027305,H1,288.703409697279,AX,85.0447558926194,L1,1.06584090501223,L2,0.3059327780...
GetData ===>> H2,-0.325483694429351,H1,288.594748698555,AX,85.0235613480103,L1,1.03312547160263,L2,0.3597115267...
Get Checksum: 1334048640
GetData ===>> H2,-0.266856128576593,H1,288.278854658177,AX,84.7323410146109,L1,1.03049219976827,L2,0.3253243510...
GetData ===>> H2,-0.272124237687499,H1,288.056483896506,AX,84.8928618813893,L1,1.0881716943337,L2,0.32486776505...
GetData ===>> H2,-0.209046708762108,H1,288.103436922835,AX,84.9378418410565,L1,1.09190999535892,L2,0.3571537555...
Get Checksum: 1334048640
GetData ===>> H2,-0.167679594031119,H1,288.204563369229,AX,84.9308273467726,L1,1.07856988683518,L2,0.3356323584...
GetData ===>> H2,-0.263088997151708,H1,288.08126745548,AX,84.7006792300752,L1,1.07750187032518,L2,0.27029858590...
GetData ===>> H2,-0.145602243875297,H1,288.071325795526,AX,84.7376353255054,L1,1.06191168810892,L2,0.3417400621...
Get Checksum: 1334048640
GetData ===>> H2,-0.121461378656812,H1,287.875591160162,AX,84.7988507954559,L1,1.04246801052918,L2,0.1894700127...
GetData ===>> H2,-0.237118133525913,H1,287.480994739537,AX,84.7728026330826,L1,1.10146558735134,L2,0.3114222835...
GetData ===>> H2,-0.299819810736148,H1,287.251224036437,AX,84.6260833765214,L1,1.11570597468608,L2,0.2703442184...
Get Checksum: 1334048640
19:40:25 -- collecting point 25
GetData ===>> H2,-0.259975660571218,H1,287.21029551752,AX,84.5838567657459,L1,1.06387106088332,L2,0.30136794017...
GetData ===>> H2,-0.274159595191118,H1,287.220054994465,AX,84.7858427621386,L1,1.06077867646402,L2,0.3498576316...
Get Checksum: 1334048640
GetData ===>> H2,-0.180345088438881,H1,287.068268954444,AX,84.5202995877133,L1,1.02654858395168,L2,0.2720212278...
GetData ===>> H2,-0.0976101804226202,H1,287.011676728617,AX,84.6348398811316,L1,1.03166951381535,L2,0.391598047...
GetData ===>> H2,-0.021404664511351,H1,286.830709727123,AX,84.6417489176937,L1,1.05627056565452,L2,0.3376872433...
Get Checksum: 1334048640
GetData ===>> H2,-0.0832480425340201,H1,286.965576413226,AX,84.4029654436339,L1,1.07281903428065,L2,0.412297985...
GetData ===>> H2,-0.110348724927273,H1,286.95019222949,AX,84.3857697789656,L1,1.07558602967808,L2,0.29025346963...
GetData ===>> H2,-0.0913835954004884,H1,286.482443638843,AX,84.6125501633287,L1,1.06637291413733,L2,0.283612789...
Get Checksum: 1334048640
GetData ===>> H2,-0.0604625590549421,H1,286.564278904444,AX,84.5622074725428,L1,1.02306665679889,L2,0.347151698...
GetData ===>> H2,-0.233529925976769,H1,286.424442176105,AX,84.3316854363158,L1,1.00859782028472,L2,0.2696483251...
GetData ===>> H2,-0.188652954383528,H1,286.534424695097,AX,84.2445085006434,L1,1.08361945821932,L2,0.3742944103...
Get Checksum: 1334048640
GetData ===>> H2,-0.188541036327118,H1,286.260543075225,AX,84.3140664160374,L1,1.08942298430041,L2,0.2719755945...
GetData ===>> H2,-0.217680828217052,H1,286.355326923135,AX,84.3146813820948,L1,1.07471163166656,L2,0.3099271895...
GetData ===>> H2,-0.278895249325542,H1,286.01867971131,AX,84.2160188955573,L1,1.03402707213365,L2,0.27345868781...
Get Checksum: 1334048640
GetData ===>> H2,-0.126610756501975,H1,285.636029029322,AX,84.263809608793,L1,1.06075341560004,L2,0.31302011974...
GetData ===>> H2,-0.129179163058068,H1,285.804346321235,AX,84.1684106984676,L1,1.09870200662433,L2,0.3687784620...
GetData ===>> H2,-0.0615567801061501,H1,285.581978516139,AX,84.0658182782354,L1,1.09192769700306,L2,0.400165360...
Get Checksum: 1334048640
GetData ===>> H2,-0.170506693587801,H1,285.269203375141,AX,84.3028146778573,L1,1.06738266757011,L2,0.2448670330...
GetData ===>> H2,-0.303518018575658,H1,285.269897642672,AX,84.1297711098208,L1,1.0321520814259,L2,0.29957630076...
GetData ===>> H2,-0.145002398939753,H1,285.291710225473,AX,83.9285949082161,L1,1.01710930458047,L2,0.2298219859...
Get Checksum: 1334048640
GetData ===>> H2,-0.237393895333777,H1,285.355568137323,AX,84.0400204656712,L1,1.04580915479635,L2,0.3164783850...
GetData ===>> H2,-0.251849610069003,H1,285.012573447498,AX,83.9539571015381,L1,1.08898394058795,L2,0.2311916951...
GetData ===>> H2,-0.258751311833642,H1,284.903685490157,AX,83.9557166919828,L1,1.05205084285962,L2,0.2721467194...
Get Checksum: 1334048640
GetData ===>> H2,-0.208165568290664,H1,284.688440085835,AX,83.9616596239921,L1,1.04486110688705,L2,0.2620052402...
GetData ===>> H2,-0.146758612133218,H1,284.946529353099,AX,83.9525627248938,L1,1.02714015879946,L2,0.3383607985...
Get Checksum: 1459125137
State checksums do not match. Local:1334048640 Remote:1459125137
State checksum failed
19:40:52 -- collecting point 50
GetData ===>> H2,-0.240229251084895,H1,284.806957790043,AX,83.9185874074071,L1,1.03430954739648,L2,0.2064144009...
set states for children of V. state=False
handle state [('V', False)]
update switch state V False args=() kw={'refresh': False} ncanvase=3
refresh_canvas_needed fired
GetData ===>> H2,-0.193449558013828,H1,284.875242732765,AX,83.7117317899674,L1,1.03489091529253,L2,0.2445473868...
GetData ===>> H2,-0.0944492298528804,H1,284.834565328838,AX,83.7582084699095,L1,1.02476396893545,L2,0.212668037...
set states for children of H. state=True
handle state [('H', True)]
update switch state H True args=() kw={'refresh': False} ncanvase=3
refresh_canvas_needed fired
Get Checksum: 1032510184
GetData ===>> H2,-0.0876156137744523,H1,284.605602155688,AX,83.7615923618113,L1,1.0291093700066,L2,0.3448568534...
GetData ===>> H2,-0.209256878916848,H1,284.529102552765,AX,83.7553720356527,L1,0.988253952924301,L2,0.355829222...
testing age>100.0
evaluate ot="age>100.0" t="age>100.0", ctx="{'age': 23.90562856012589}"
GetData ===>> H2,-0.190602578139707,H1,284.289594037975,AX,83.7399136553467,L1,1.01508562712829,L2,0.2995306543...
Get Checksum: 1032510184
GetData ===>> H2,-0.194948248271429,H1,284.240940671302,AX,83.7166434022457,L1,1.0571392064978,L2,0.34664933985...
GetData ===>> H2,-0.261525039553893,H1,284.197316887027,AX,83.6572013086752,L1,1.04380459420955,L2,0.3669398831...
GetData ===>> H2,-0.186392804228566,H1,284.211433850096,AX,83.532766169275,L1,1.06520530915381,L2,0.35818142326...
Get Checksum: 1032510184
GetData ===>> H2,-0.165780520583778,H1,283.961394838659,AX,83.4306542856265,L1,1.08792626143231,L2,0.2250281579...
testing age>100.0
evaluate ot="age>100.0" t="age>100.0", ctx="{'age': 23.90357374548344}"
GetData ===>> H2,-0.151909502364293,H1,283.848528105908,AX,83.5699671216869,L1,1.06580425928556,L2,0.2967462634...
GetData ===>> H2,-0.176221940548096,H1,283.691954241264,AX,83.4969853248895,L1,1.06303597765896,L2,0.3063322116...
Get Checksum: 1032510184
GetData ===>> H2,-0.185149259495859,H1,283.511585537152,AX,83.4318805095437,L1,1.0779733010445,L2,0.38871960187...
GetData ===>> H2,-0.122704312648295,H1,283.32515770337,AX,83.423711410901,L1,1.05623016548743,L2,0.324902008924...
GetData ===>> H2,-0.221857343731487,H1,283.15050562324,AX,83.3440981454001,L1,1.03500441817252,L2,0.29856067292...
Get Checksum: 1032510184
testing age>100.0
evaluate ot="age>100.0" t="age>100.0", ctx="{'age': 23.904835858352143}"
testing Ar39<0.5
evaluate ot="Ar39<0.5" t="Ar39<0.5", ctx="{'Ar39': 86.20670645981056}"
GetData ===>> H2,-0.141513482640203,H1,283.164589360867,AX,83.4642302130731,L1,1.04873715125559,L2,0.2516255169...
GetData ===>> H2,-0.17917510378112,H1,283.187747228967,AX,83.3791957722782,L1,1.02381818193207,L2,0.24984451886...
GetData ===>> H2,-0.0873488676068395,H1,283.141433711528,AX,83.2812245378367,L1,1.02300109002341,L2,0.279539610...
Get Checksum: 1032510184
GetData ===>> H2,-0.147340804323447,H1,283.210878508692,AX,83.2433815473137,L1,0.988857082735186,L2,0.317916512...
GetData ===>> H2,-0.272778547790026,H1,282.852115111052,AX,83.3204033017759,L1,1.01666446556855,L2,0.2239666998...
testing age>100.0
evaluate ot="age>100.0" t="age>100.0", ctx="{'age': 23.916182954850534}"
testing Ar39<0.5
evaluate ot="Ar39<0.5" t="Ar39<0.5", ctx="{'Ar39': 86.19343786736792}"
GetData ===>> H2,-0.22536307785604,H1,282.803843424903,AX,83.2951387749844,L1,1.05403994943741,L2,0.32208263771...
Get Checksum: 1032510184
GetData ===>> H2,-0.186480467628848,H1,282.829201408327,AX,83.1202830008945,L1,1.0734620752219,L2,0.39316295255...
GetData ===>> H2,-0.164354994065664,H1,282.401366278122,AX,83.1012288286766,L1,1.03713345319162,L2,0.2321505032...
Get Checksum: 1032510184
GetData ===>> H2,-0.104799625347484,H1,282.42135282474,AX,83.0587098722347,L1,1.06707556091928,L2,0.25880692878...
GetData ===>> H2,-0.181649876825238,H1,282.437832186697,AX,83.1159951703634,L1,1.02845713071418,L2,0.3218771807...
testing age>100.0
evaluate ot="age>100.0" t="age>100.0", ctx="{'age': 23.923242506474576}"
testing Ar39<0.5
evaluate ot="Ar39<0.5" t="Ar39<0.5", ctx="{'Ar39': 86.19220837265834}"
19:41:18 -- collecting point 75
GetData ===>> H2,-0.164006684755196,H1,282.415687405281,AX,82.9784105595469,L1,0.99409729455766,L2,0.2626098203...
Get Checksum: 1032510184
GetData ===>> H2,-0.147551520811544,H1,282.23268109579,AX,83.0254518774187,L1,1.00393301280081,L2,0.28263155968...
GetData ===>> H2,-0.177851134518256,H1,282.282764769271,AX,83.0041113901586,L1,1.03219368824229,L2,0.3315455517...
set states for children of H. state=False
handle state [('H', False)]
update switch state H False args=() kw={'refresh': False} ncanvase=3
refresh_canvas_needed fired
GetData ===>> H2,-0.130900961424179,H1,281.891702070475,AX,82.9712778194817,L1,1.02932384818742,L2,0.3337373370...
Get Checksum: 772584979
State checksums do not match. Local:1459125137 Remote:772584979
State checksum failed
GetData ===>> H2,-0.191031288525485,H1,281.680238720934,AX,82.9842131003597,L1,1.03118746801092,L2,0.1775593892...
set states for children of C. state=True
set states for children of B. state=True
set states for children of D. state=True
handle state [('C', True), ('B', True), ('D', True)]
update switch state C True args=() kw={'refresh': True} ncanvase=3
update switch state B True args=() kw={'refresh': True} ncanvase=3
update switch state D True args=() kw={'refresh': False} ncanvase=3
refresh_canvas_needed fired
testing age>100.0
evaluate ot="age>100.0" t="age>100.0", ctx="{'age': 23.926320860411487}"
testing Ar39<0.5
evaluate ot="Ar39<0.5" t="Ar39<0.5", ctx="{'Ar39': 86.18699309092005}"
GetData ===>> H2,-0.204893699925377,H1,282.090824203719,AX,82.859932141849,L1,1.03074329863871,L2,0.29097233375...
GetData ===>> H2,-0.0839510300667037,H1,281.742129516226,AX,82.8664638517812,L1,1.01960856381689,L2,0.333919988...
Get Checksum: 799532470
GetData ===>> H2,-0.136045535463898,H1,281.446119999433,AX,82.7714258175626,L1,1.0112146423602,L2,0.33889736285...
GetData ===>> H2,-0.112624375395638,H1,281.496865883488,AX,82.7649438315861,L1,1.00615301297233,L2,0.3015505295...
GetData ===>> H2,-0.199268132493671,H1,281.50048279699,AX,82.828666872406,L1,1.02000436552265,L2,0.268028396533...
Get Checksum: 799532470
testing age>100.0
evaluate ot="age>100.0" t="age>100.0", ctx="{'age': 23.931027974040248}"
testing Ar39<0.5
evaluate ot="Ar39<0.5" t="Ar39<0.5", ctx="{'Ar39': 86.18534509267303}"
GetData ===>> H2,-0.138896766818712,H1,281.261497827911,AX,82.5919367097352,L1,1.03213896171658,L2,0.2279729095...
GetData ===>> H2,-0.110501712752711,H1,281.05903388536,AX,82.6746244071579,L1,1.01707275902721,L2,0.34684343274...
GetData ===>> H2,-0.241384153280131,H1,281.059263293411,AX,82.6655031675884,L1,1.01810112348933,L2,0.2994621847...
Get Checksum: 799532470
GetData ===>> H2,-0.190154976383567,H1,281.250940596045,AX,82.7243886887845,L1,1.04652498087178,L2,0.3567426915...
GetData ===>> H2,-0.104527616570027,H1,281.060439013104,AX,82.606843693631,L1,0.982693937654534,L2,0.2787523773...
testing age>100.0
evaluate ot="age>100.0" t="age>100.0", ctx="{'age': 23.93309412675707}"
testing Ar39<0.5
evaluate ot="Ar39<0.5" t="Ar39<0.5", ctx="{'Ar39': 86.18420226240622}"
GetData ===>> H2,-0.19055674021924,H1,280.756812278511,AX,82.5414103243548,L1,0.993601406777955,L2,0.3536140955...
Get Checksum: 799532470
GetData ===>> H2,-0.214780528243061,H1,280.610951275217,AX,82.7392503671379,L1,1.04213609946047,L2,0.3360547478...
GetData ===>> H2,-0.162206916068765,H1,280.528949843938,AX,82.6581008634525,L1,1.03951398912363,L2,0.2309519946...
GetData ===>> H2,-0.12449341174768,H1,280.415531176714,AX,82.6400263615851,L1,1.03218108009884,L2,0.29345987345...
Get Checksum: 799532470
GetData ===>> H2,-0.0362953644911241,H1,280.301065366914,AX,82.6140421981594,L1,1.02260517620473,L2,0.319137796...
testing age>100.0
evaluate ot="age>100.0" t="age>100.0", ctx="{'age': 23.948808576461918}"
testing Ar39<0.5
evaluate ot="Ar39<0.5" t="Ar39<0.5", ctx="{'Ar39': 86.15916590386635}"
GetData ===>> H2,-0.124347373411315,H1,280.132628915395,AX,82.596481352057,L1,1.0518731133497,L2,0.227915839849...
Get Checksum: 799532470
GetData ===>> H2,-0.102607130497369,H1,280.255794049639,AX,82.5278483314644,L1,1.05395537956591,L2,0.3447883514...
GetData ===>> H2,-0.0904825778775554,H1,280.172216955802,AX,82.514122501077,L1,1.02083005049952,L2,0.2748733520...
GetData ===>> H2,-0.0976359086323176,H1,279.849835924564,AX,82.2455048644044,L1,0.986916865152786,L2,0.29858349...
Get Checksum: 799532470
GetData ===>> H2,-0.101464700091625,H1,279.904696381566,AX,82.2333163488818,L1,1.03996820621388,L2,0.2214557707...
testing age>100.0
evaluate ot="age>100.0" t="age>100.0", ctx="{'age': 23.953537491721033}"
testing Ar39<0.5
evaluate ot="Ar39<0.5" t="Ar39<0.5", ctx="{'Ar39': 86.1494412163449}"
19:41:44 -- collecting point 100
GetData ===>> H2,-0.237782640787647,H1,279.802660324637,AX,82.2228030524275,L1,1.02321796629286,L2,0.3385662909...
GetData ===>> H2,-0.23036457638485,H1,279.900233793847,AX,82.2422058150489,L1,0.995981628599753,L2,0.3872689895...
Get Checksum: 799532470
GetData ===>> H2,-0.185410927761608,H1,279.604121302386,AX,82.4708562169154,L1,1.02430493641949,L2,0.3064006861...
GetData ===>> H2,-0.219786793283928,H1,279.247691135278,AX,82.3050167148055,L1,1.02419648659004,L2,0.1899948444...
GetData ===>> H2,-0.225070862660581,H1,279.113111695524,AX,82.2771137412374,L1,1.04420850537123,L2,0.2706978710...
testing age>100.0
evaluate ot="age>100.0" t="age>100.0", ctx="{'age': 23.96236908050085}"
testing Ar39<0.5
evaluate ot="Ar39<0.5" t="Ar39<0.5", ctx="{'Ar39': 86.13543595667836}"
GetData ===>> H2,-0.227141791692125,H1,279.229033203893,AX,82.2488369840423,L1,1.04080351182794,L2,0.2656555927...
GetData ===>> H2,-0.180909120897004,H1,279.266636278832,AX,82.1590306972777,L1,1.05028165130654,L2,0.3591976832...
Get Checksum: 799532470
GetData ===>> H2,-0.136718863829319,H1,278.937362084753,AX,82.0841583745868,L1,1.02895292983928,L2,0.3695664351...
GetData ===>> H2,-0.166059935156419,H1,278.761880630859,AX,82.0350520950249,L1,1.03422883940948,L2,0.2743713720...
GetData ===>> H2,-0.203435338331215,H1,278.860787214207,AX,81.9833580329709,L1,1.04843408691082,L2,0.2516255169...
Get Checksum: 799532470
testing age>100.0
evaluate ot="age>100.0" t="age>100.0", ctx="{'age': 23.965185550696166}"
testing Ar39<0.5
evaluate ot="Ar39<0.5" t="Ar39<0.5", ctx="{'Ar39': 86.13082073049817}"
GetData ===>> H2,-0.191454590393818,H1,279.069890585502,AX,82.1923734570112,L1,1.05274749252644,L2,0.2396158376...
GetData ===>> H2,-0.209549224495435,H1,278.991838102568,AX,81.9200653021638,L1,1.00851463713897,L2,0.3468776844...
GetData ===>> H2,-0.231453438281785,H1,278.702500798201,AX,81.9033239448624,L1,0.959817495181124,L2,0.286887431...
Get Checksum: 799532470
GetData ===>> H2,-0.220564136132832,H1,278.485502909421,AX,82.0003564047211,L1,0.964301794172565,L2,0.274200243...
GetData ===>> H2,-0.172206661957681,H1,278.211678946245,AX,81.8595342333177,L1,1.02857067044832,L2,0.3181562022...
testing age>100.0
evaluate ot="age>100.0" t="age>100.0", ctx="{'age': 23.96418323376166}"
testing Ar39<0.5
evaluate ot="Ar39<0.5" t="Ar39<0.5", ctx="{'Ar39': 86.12319213031739}"
GetData ===>> H2,-0.212201544764009,H1,278.366597707873,AX,81.9061909232615,L1,1.01562238055821,L2,0.3044834184...
Get Checksum: 799532470
GetData ===>> H2,-0.261589592394325,H1,277.91445162673,AX,81.8931252333926,L1,1.06049575822585,L2,0.35351133316...
GetData ===>> H2,-0.179413968601444,H1,277.898666253471,AX,81.8603089141519,L1,1.06414017130644,L2,0.3742258872...
GetData ===>> H2,-0.212538260067792,H1,278.026699930086,AX,81.8013961111339,L1,1.00760344643157,L2,0.3358720927...
Get Checksum: 799532470
GetData ===>> H2,-0.162611990213592,H1,277.96722907026,AX,81.6602856591829,L1,1.0035777552477,L2,0.290093722786...
testing age>100.0
evaluate ot="age>100.0" t="age>100.0", ctx="{'age': 23.969364215320585}"
testing Ar39<0.5
evaluate ot="Ar39<0.5" t="Ar39<0.5", ctx="{'Ar39': 86.11631861694954}"
GetData ===>> H2,-0.0979067283587503,H1,277.807906340386,AX,81.7122754022732,L1,0.992246078517681,L2,0.32615762...
Get Checksum: 799532470
measurement finished
estimated time: 125.829 actual time: :126.242
flush and close file /Users/jan/PychronDev/data/isotopes/fa/ed423b-45d4-442b-8a68-93ee91f02969.h5
baselines () {'settling_time': 15.0, 'detector': 'H1', 'mass': 34.2, 'ncounts': 60.0}
%%%%%%%%%%%%%%%%%%%%%%%%%%%%%%%% Baseline
build tables- baseline [Detector(H2), Detector(H1), Detector(AX), Detector(L1), Detector(L2), Detector(CDD)]
add group baseline table H2
add group baseline table H1
add group baseline table AX
add group baseline table L1
add group baseline table L2
add group baseline table CDD
flush and close file /Users/jan/PychronDev/data/isotopes/fa/ed423b-45d4-442b-8a68-93ee91f02969.h5
detector Detector(H1)
POSITION 34.2 H1
Mapping mass to dac mass func: "parabolic"
H1 map mass coeffs = [-0.00063987  0.15840543  0.57025999]
H1 map mass to dac 34.2 >> 5.23930599104
GetDeflection H1 ===>> 0
GetHighVoltage ===>> 4499.94659342336
positioning 34.2 (5.23927513726) on H1
setting magnet DAC
current  : 5.878615
requested: 5.239275
Delta Dac: 0.639340
Checking detector protection. dv=0.63934
Checking detector "CDD". Protection Threshold: 0.1 (V)
ProtectDetector CDD,On ===>> OK
GetDeflection CDD ===>> 2000
SetMagnetDAC 5.23927513726 ===>> OK
Magnet settling time: 0.500
GetMagnetMoving ===>> True
GetMagnetMoving ===>> True
GetMagnetMoving ===>> True
GetMagnetMoving ===>> True
GetMagnetMoving ===>> True
GetMagnetMoving ===>> True
GetMagnetMoving ===>> True
GetMagnetMoving ===>> True
GetMagnetMoving ===>> True
GetMagnetMoving ===>> False
ProtectDetector CDD,Off ===>> OK
GetDeflection CDD ===>> 50
Delaying 15.0s for detectors to settle
Get Checksum: 799532470
Get Checksum: 799532470
Get Checksum: 799532470
Get Checksum: 799532470
Get Checksum: 799532470
Join finished
measuring baseline. ncounts=60.0
Get Checksum: 799532470
starting measurement
GetData ===>> H2,-0.0351739537263265,H1,-0.0704756953711748,AX,-0.113620891564769,L1,-0.0973758028970078,L2,0.1...
GetData ===>> H2,-0.0384292699697684,H1,-0.0441286151590557,AX,-0.0850425527568181,L1,-0.080715509693744,L2,-0....
GetData ===>> H2,-0.250130922082748,H1,-0.0323715258926825,AX,-0.0163785189975975,L1,-0.0611511138338551,L2,0.0...
Get Checksum: 799532470
GetData ===>> H2,-0.145899452583513,H1,-0.0430316632239912,AX,0.00990797545994364,L1,-0.0569077757397463,L2,-0....
GetData ===>> H2,-0.134946220747034,H1,-0.0427454998721764,AX,-0.0626468448137055,L1,-0.033306509010789,L2,-0.0...
GetData ===>> H2,-0.190895127552722,H1,-0.0382502431727215,AX,-0.0681071431857921,L1,-0.00328909837518718,L2,0....
Get Checksum: 799532470
GetData ===>> H2,-0.092518911275733,H1,-0.0508412221488673,AX,0.00694952031242562,L1,-0.0629180441105203,L2,-0....
GetData ===>> H2,-0.172569558666772,H1,-0.108863251285629,AX,-0.111268652753703,L1,-0.0421846308689196,L2,-0.00...
GetData ===>> H2,-0.237801472407558,H1,-0.104442460825171,AX,-0.194351447011471,L1,-0.0427366566615221,L2,-0.04...
Get Checksum: 799532470
GetData ===>> H2,-0.268815830053236,H1,-0.0134094153591889,AX,-0.131023374225127,L1,-0.033905175077468,L2,-0.07...
GetData ===>> H2,-0.236928459301146,H1,0.0150762786667482,AX,-0.0145922830215643,L1,-0.0426121242075146,L2,-0.0...
GetData ===>> H2,-0.228583677426297,H1,-0.0423401003897482,AX,0.0435362665118813,L1,-0.0111553032686169,L2,-0.0...
Get Checksum: 799532470
GetData ===>> H2,-0.237708659119735,H1,-0.0232367688968392,AX,0.0144096404884518,L1,-0.0366279583736366,L2,-0.0...
GetData ===>> H2,-0.258138475985917,H1,-0.033754784554074,AX,0.00473363829173782,L1,-0.0379242709644468,L2,-0.0...
Get Checksum: 799532470
GetData ===>> H2,-0.105596668291985,H1,0.014002550225878,AX,0.0116366830271168,L1,-0.0382273587587326,L2,0.0315...
GetData ===>> H2,-0.207633347745829,H1,-0.0873413377602493,AX,-0.044153749585654,L1,-0.0310803558613418,L2,-0.0...
GetData ===>> H2,-0.174411600110668,H1,-0.0891409663674956,AX,-0.124442774781216,L1,0.0114897594054135,L2,-0.06...
Get Checksum: 799532470
GetData ===>> H2,-0.206942097344515,H1,-0.0550020970549568,AX,-0.119159436159138,L1,-0.0101458369989694,L2,-0.0...
GetData ===>> H2,-0.308007511877194,H1,-0.0128249913669219,AX,-0.0843818836128331,L1,-0.0646368240909611,L2,-0....
GetData ===>> H2,-0.26238302422097,H1,0.00730990256341282,AX,-0.0766853370932265,L1,-0.0599366923436644,L2,0.03...
Get Checksum: 799532470
GetData ===>> H2,-0.242067885861264,H1,0.0122010983784506,AX,-0.0164597107630804,L1,-0.0351780946857393,L2,0.01...
GetData ===>> H2,-0.247038507535678,H1,0.148369786665215,AX,0.0625953210470337,L1,-0.0350211134263463,L2,-0.033...
GetData ===>> H2,-0.227114863971202,H1,-0.0494581996316022,AX,-0.0789109070897547,L1,-0.0305330227155895,L2,0.1...
Get Checksum: 799532470
GetData ===>> H2,-0.199425896807734,H1,-0.0780804853432791,AX,-0.0493368084651176,L1,-0.0550164834278132,L2,-0....
19:42:50 -- collecting point 25
GetData ===>> H2,-0.210275340491203,H1,-0.0834440178401728,AX,-0.0232911752888648,L1,-0.0543783911745266,L2,0.0...
GetData ===>> H2,-0.160482488443157,H1,-0.0562896679919376,AX,-0.0689534040446743,L1,-0.00954634355629925,L2,-0...
Get Checksum: 799532470
GetData ===>> H2,-0.216762511540427,H1,-0.0756370029946883,AX,-0.0822955305485241,L1,-0.01257581767625,L2,-0.05...
GetData ===>> H2,-0.142010806631558,H1,0.0224017999993944,AX,-0.0940133002664794,L1,0.0105427254304946,L2,-0.00...
GetData ===>> H2,-0.250826228789425,H1,0.0453482290444953,AX,0.00750639911785308,L1,-0.00854750818054011,L2,0.0...
Get Checksum: 799532470
GetData ===>> H2,-0.267090020308636,H1,-0.0330154590272745,AX,-0.110028779849727,L1,-0.0480422212264099,L2,-0.0...
GetData ===>> H2,-0.163307333732207,H1,-0.06883069611876,AX,-0.130559966299933,L1,-0.0466394878877148,L2,-0.180...
GetData ===>> H2,-0.163617861714998,H1,-0.0301773522500824,AX,-0.159602480684612,L1,-0.0269656449822974,L2,-0.1...
Get Checksum: 799532470
GetData ===>> H2,-0.202840887475165,H1,-0.117132345646476,AX,-0.0979884445734474,L1,-0.0207035027847794,L2,-0.0...
GetData ===>> H2,-0.221512502839577,H1,-0.0199809685996087,AX,0.0238893426740482,L1,-0.00111488387848597,L2,0.0...
GetData ===>> H2,-0.274113921230613,H1,-0.0347683671259034,AX,0.0197121263569868,L1,-0.0298802560496297,L2,-0.0...
Get Checksum: 799532470
GetData ===>> H2,-0.195122094275157,H1,-0.0081017661215153,AX,-0.0708893429901966,L1,-0.0304120544773459,L2,-0....
GetData ===>> H2,-0.193611296732626,H1,-0.0887834268366692,AX,-0.0952649667214962,L1,-0.0420062039002831,L2,-0....
Get Checksum: 799532470
GetData ===>> H2,-0.237422143724153,H1,-0.0422447120376422,AX,-0.0767201120159012,L1,-0.0488536106529287,L2,0.0...
GetData ===>> H2,-0.194463082505492,H1,-0.00475004937847672,AX,-0.0950795356702016,L1,-0.0346460261400313,L2,-0...
GetData ===>> H2,-0.117723641962181,H1,-0.07685279191445,AX,-0.0684549225117827,L1,-0.040406207099401,L2,-0.108...
Get Checksum: 799532470
GetData ===>> H2,-0.272106770983814,H1,-0.0223900324895386,AX,-0.086537734781036,L1,-0.012966573817573,L2,0.007...
GetData ===>> H2,-0.33413840377481,H1,-0.0364258506251989,AX,-0.129192900058251,L1,-0.00878733363925216,L2,0.05...
GetData ===>> H2,-0.193475166798333,H1,-0.000587084778324964,AX,-0.0774040163029532,L1,0.00475495935635596,L2,-...
Get Checksum: 799532470
GetData ===>> H2,-0.159626253827526,H1,-0.0091394634992302,AX,-0.0973046849611332,L1,-0.00408571286947375,L2,-0...
GetData ===>> H2,-0.208682943494173,H1,-0.00477390541024898,AX,-0.127918498970925,L1,-0.0482528536881312,L2,-0....
GetData ===>> H2,-0.253026182154523,H1,0.0669749506544417,AX,-0.0662986706536194,L1,-0.014613336359471,L2,0.003...
Get Checksum: 799532470
GetData ===>> H2,-0.168865847248483,H1,-0.0191103520389422,AX,-0.121638933438234,L1,0.00538781283102948,L2,-0.0...
GetData ===>> H2,-0.0839401943651581,H1,-0.0424712592255403,AX,-0.0543108939765334,L1,-0.0107273115245213,L2,-0...
GetData ===>> H2,-0.159319668292251,H1,-0.0576606743891482,AX,-0.0709357123129954,L1,-0.0201879757964817,L2,-0....
Get Checksum: 799532470
19:43:16 -- collecting point 50
GetData ===>> H2,-0.238782091527523,H1,-0.0279592800026095,AX,-0.0372309786411473,L1,-0.0334693497105456,L2,-0....
GetData ===>> H2,-0.307611649454427,H1,-0.082264065358406,AX,-0.0851236872546803,L1,-0.0161695566498187,L2,-0.0...
GetData ===>> H2,-0.21513736474231,H1,-0.0477055488113052,AX,-0.0132931817217956,L1,-0.0506843814121646,L2,-0.0...
Get Checksum: 799532470
GetData ===>> H2,-0.213990061626179,H1,-0.0805596649857464,AX,-0.0624149782285968,L1,-0.0296335111909406,L2,0.0...
GetData ===>> H2,-0.187618681530113,H1,-0.10550299171046,AX,0.00525570019430819,L1,-0.0123672483721527,L2,-0.00...
testing age>100.0
evaluate ot="age>100.0" t="age>100.0", ctx="{'age': 23.970086620664496}"
GetData ===>> H2,-0.195331402860051,H1,-0.0402653832138221,AX,0.0172406910987543,L1,0.035415433777877,L2,0.0222...
Get Checksum: 799532470
GetData ===>> H2,-0.235024814622136,H1,-0.00744574498765509,AX,-0.050589049742857,L1,0.0173744071397053,L2,-0.0...
GetData ===>> H2,-0.319929194192583,H1,0.0102565211787865,AX,-0.0604672771012568,L1,-0.0159200763518895,L2,-0.0...
GetData ===>> H2,-0.290506772142311,H1,-0.0373201648529829,AX,-0.0481889064715519,L1,-0.0198690551773543,L2,-0....
Get Checksum: 799532470
GetData ===>> H2,-0.258694867818231,H1,-0.0618689506239665,AX,-0.0906059044443764,L1,-0.0250987959503878,L2,0.0...
testing age>100.0
evaluate ot="age>100.0" t="age>100.0", ctx="{'age': 23.97028001800642}"
GetData ===>> H2,-0.24542403552669,H1,0.00955266512285848,AX,-0.0553079994080999,L1,-0.0347814426531597,L2,-0.0...
Get Checksum: 799532470
measurement finished
estimated time: 62.915 actual time: :63.168
flush and close file /Users/jan/PychronDev/data/isotopes/fa/ed423b-45d4-442b-8a68-93ee91f02969.h5
activate_detectors ('H1', 'AX', 'CDD') {'peak_center': True}
peak_center () {'detector': 'H1', 'isotope': 'Ar40'}
peak center: mean=278.237307169 threshold=3
peak center started
setup peak center. detector=['H1', 'AX', 'CDD'], isotope=Ar40
VersionedUnpickler [<apptools.sweet_pickle.versioned_unpickler.VersionedUnpickler object at 0x14383f8f0>] using Updater [<apptools.sweet_pickle.updater.Updater object at 0x137c6f7d0>]
VersionedUnpickler [<apptools.sweet_pickle.versioned_unpickler.VersionedUnpickler object at 0x14383f8f0>] using Updater [<apptools.sweet_pickle.updater.Updater object at 0x137c6f7d0>]
VersionedUnpickler [<apptools.sweet_pickle.versioned_unpickler.VersionedUnpickler object at 0x14383f8f0>] using Updater [<apptools.sweet_pickle.updater.Updater object at 0x137c6f7d0>]
setting integration time = 0.524288
SetIntegrationTime 0.524288 ===>> OK
Mapping mass to dac mass func: "parabolic"
H1 map mass coeffs = [-0.00063987  0.15840543  0.57025999]
H1 map mass to dac 39.9624 >> 5.87865
GetDeflection H1 ===>> 0
GetHighVoltage ===>> 4499.94659342336
do peak center. <pychron.spectrometer.jobs.peak_center.PeakCenter object at 0x13a1fcef0>
doing pc
starting peak center. center dac= 5.87861538118 step_width=0.001
width = 0.001
get scan parameters. half-width=0.015,window=0.015, i=0, scalar=1
Scan parameters center=5.87862 width=0.03000 (5.86362 - 5.89362)
GetData ===>> H2,-0.0959350132064924,H1,0.00943336797669687,AX,-0.100769790076052,L1,-0.00972020033063363,L2,-0...
Moving to starting dac 5.86361538118
setting magnet DAC
current  : 5.239275
requested: 5.863615
Delta Dac: 0.624340
Checking detector protection. dv=0.62434
Checking detector "CDD". Protection Threshold: 0.1 (V)
ProtectDetector CDD,On ===>> OK
GetDeflection CDD ===>> 2000
SetMagnetDAC 5.86361538118 ===>> OK
Magnet settling time: 0.500
GetMagnetMoving ===>> True
GetMagnetMoving ===>> True
GetMagnetMoving ===>> True
GetMagnetMoving ===>> True
GetMagnetMoving ===>> True
GetMagnetMoving ===>> True
GetMagnetMoving ===>> True
GetMagnetMoving ===>> True
GetMagnetMoving ===>> False
ProtectDetector CDD,Off ===>> OK
GetDeflection CDD ===>> 50
Wait until signal near baseline. tol= 0.00707502598252. timeout= 10
GetData ===>> H2,0.916092685887867,H1,0.353762873294872,AX,0.078435151578499,L1,0.00493506998708842,L2,-0.01771...
GetData ===>> H2,13.0615647009092,H1,8.28887019138003,AX,0.774692966806001,L1,0.018362269660006,L2,-0.145644232...
GetData ===>> H2,17.049026139429,H1,10.6677943772084,AX,1.95801795200784,L1,-0.0146660666606318,L2,-0.199395347...
GetData ===>> H2,9.53521558095881,H1,5.04654336642412,AX,0.808484864378239,L1,-0.0148290494809495,L2,-0.1872812...
GetData ===>> H2,4.02774447797814,H1,2.55479258901701,AX,0.280300270689824,L1,-0.0505132842928845,L2,0.00316557...
Get Checksum: 799532470
GetData ===>> H2,1.30787761367609,H1,1.27351310036057,AX,0.165268713394321,L1,-0.0523030791658302,L2,0.07160412...
GetData ===>> H2,0.32260692461063,H1,0.752426800838335,AX,0.113252025109577,L1,-0.0529442649735902,L2,0.0062857...
GetData ===>> H2,-0.0096238021872731,H1,0.460499545170357,AX,0.0796866743509035,L1,-0.0537098063551261,L2,0.000...
GetData ===>> H2,-0.100980110751336,H1,0.265434242526008,AX,-0.066994240989796,L1,-0.00138848635805014,L2,-0.02...
GetData ===>> H2,-0.0898251687843432,H1,0.174988839617885,AX,-0.056931172443352,L1,0.00923203336504518,L2,0.043...
GetData ===>> H2,-0.0747234009086002,H1,0.144413376036679,AX,-0.111129602373623,L1,-0.010657776133181,L2,-0.222...
Get Checksum: 799532470
GetData ===>> H2,-0.0783584357708024,H1,0.0811694411771981,AX,-0.117734275944017,L1,-0.0284359892594073,L2,-0.1...
GetData ===>> H2,-0.197903446779748,H1,0.0664019971328813,AX,-0.0172252297937047,L1,-0.0106529805712432,L2,0.03...
GetData ===>> H2,-0.231438833652182,H1,0.101451780924111,AX,0.061100897896754,L1,0.023600415148435,L2,0.1650685...
GetData ===>> H2,-0.181402304324397,H1,0.13246715408044,AX,0.0545434219533051,L1,-0.0220000762477379,L2,0.25373...
GetData ===>> H2,-0.135272071619383,H1,0.181405624607956,AX,-0.0777749454311178,L1,-0.0290391449977577,L2,0.018...
GetData ===>> H2,-0.123748326130192,H1,0.167093656974493,AX,-0.0243697837518809,L1,-0.0451539569063192,L2,-0.05...
Get Checksum: 799532470
GetData ===>> H2,-0.0528985997535106,H1,0.194312001752484,AX,0.0903484463993431,L1,-0.0332769691998404,L2,-0.04...
GetData ===>> H2,-0.0385880752011877,H1,0.157744275573779,AX,0.0294824518436274,L1,-0.0321596587376566,L2,-0.06...
GetData ===>> H2,-0.124053938851352,H1,0.117256262919274,AX,0.011242210140643,L1,-0.0465928065339617,L2,-0.1276...
GetData ===>> H2,-0.124053938851352,H1,0.117256262919274,AX,0.011242210140643,L1,-0.0465928065339617,L2,-0.1276...
Peak center failed to move to a baseline position
_do_sweep sm= 5.86361538118, em= 5.89361538118, stm= 0.001
calculated step values: start=5.86361538118, end=5.89361538118, width=0.001, nsteps=31.0
setting magnet DAC
current  : 5.863615
requested: 5.863615
Delta Dac: 0.000000
Checking detector protection. dv=0.00000
Checking detector "CDD". Protection Threshold: 0.1 (V)
SetMagnetDAC 5.86361538118 ===>> OK
GetData ===>> H2,-0.248789948552645,H1,0.192236372357679,AX,0.0227521938102156,L1,-0.0582300953584368,L2,-0.136...
setting magnet DAC
current  : 5.863615
requested: 5.864650
Delta Dac: 0.001034
Checking detector protection. dv=0.00103
Checking detector "CDD". Protection Threshold: 0.1 (V)
SetMagnetDAC 5.86464986394 ===>> OK
Magnet settling time: 1.049
GetData ===>> H2,-0.216498626208388,H1,0.340668699237878,AX,0.0116366830271168,L1,-0.045115648609441,L2,-0.0460...
setting magnet DAC
current  : 5.864650
requested: 5.865684
Delta Dac: 0.001034
Checking detector protection. dv=0.00103
Checking detector "CDD". Protection Threshold: 0.1 (V)
SetMagnetDAC 5.8656843467 ===>> OK
Magnet settling time: 1.049
Get Checksum: 799532470
GetData ===>> H2,-0.231748085278778,H1,1.44880777882197,AX,0.063070544052952,L1,-0.0209461862554371,L2,0.104063...
setting magnet DAC
current  : 5.865684
requested: 5.866719
Delta Dac: 0.001034
Checking detector protection. dv=0.00103
Checking detector "CDD". Protection Threshold: 0.1 (V)
SetMagnetDAC 5.86671882946 ===>> OK
Magnet settling time: 1.049
GetData ===>> H2,-0.216156643195735,H1,5.4257931854327,AX,0.869752892384136,L1,-0.0435281201269342,L2,0.0255325...
setting magnet DAC
current  : 5.866719
requested: 5.867753
Delta Dac: 0.001034
Checking detector protection. dv=0.00103
Checking detector "CDD". Protection Threshold: 0.1 (V)
SetMagnetDAC 5.86775331222 ===>> OK
Magnet settling time: 1.049
Get Checksum: 799532470
GetData ===>> H2,-0.168602695993174,H1,18.9054211444353,AX,3.52435093341048,L1,-0.033544913848652,L2,-0.1885564...
setting magnet DAC
current  : 5.867753
requested: 5.868788
Delta Dac: 0.001034
Checking detector protection. dv=0.00103
Checking detector "CDD". Protection Threshold: 0.1 (V)
SetMagnetDAC 5.86878779497 ===>> OK
Magnet settling time: 1.049
GetData ===>> H2,-0.144589553229184,H1,53.0604240181183,AX,10.7528253770321,L1,0.043827122448563,L2,0.009314844...
setting magnet DAC
current  : 5.868788
requested: 5.869822
Delta Dac: 0.001034
Checking detector protection. dv=0.00103
Checking detector "CDD". Protection Threshold: 0.1 (V)
SetMagnetDAC 5.86982227773 ===>> OK
Magnet settling time: 1.049
GetData ===>> H2,-0.0979989543382438,H1,112.36827007995,AX,25.2847127865121,L1,0.138715494730739,L2,0.047608609...
setting magnet DAC
current  : 5.869822
requested: 5.870857
Delta Dac: 0.001034
Checking detector protection. dv=0.00103
Checking detector "CDD". Protection Threshold: 0.1 (V)
SetMagnetDAC 5.87085676049 ===>> OK
Magnet settling time: 1.049
Get Checksum: 799532470
GetData ===>> H2,-0.282302668562348,H1,179.39690457971,AX,44.6360308595077,L1,0.26890120475196,L2,0.07721078444...
setting magnet DAC
current  : 5.870857
requested: 5.871891
Delta Dac: 0.001034
Checking detector protection. dv=0.00103
Checking detector "CDD". Protection Threshold: 0.1 (V)
SetMagnetDAC 5.87189124325 ===>> OK
Magnet settling time: 1.049
GetData ===>> H2,-0.254846601701188,H1,228.925460192355,AX,61.1465946349598,L1,0.475540947414059,L2,0.046583294...
setting magnet DAC
current  : 5.871891
requested: 5.872926
Delta Dac: 0.001034
Checking detector protection. dv=0.00103
Checking detector "CDD". Protection Threshold: 0.1 (V)
SetMagnetDAC 5.87292572601 ===>> OK
Magnet settling time: 1.049
GetData ===>> H2,-0.2314684146087,H1,253.883985759358,AX,71.8302683457603,L1,0.6938577278021,L2,0.1788713106159...
setting magnet DAC
current  : 5.872926
requested: 5.873960
Delta Dac: 0.001034
Checking detector protection. dv=0.00103
Checking detector "CDD". Protection Threshold: 0.1 (V)
SetMagnetDAC 5.87396020877 ===>> OK
Magnet settling time: 1.049
Get Checksum: 799532470
GetData ===>> H2,-0.290506772142311,H1,262.957919815785,AX,76.20237202956,L1,0.818324401320649,L2,0.17138789614...
setting magnet DAC
current  : 5.873960
requested: 5.874995
Delta Dac: 0.001034
Checking detector protection. dv=0.00103
Checking detector "CDD". Protection Threshold: 0.1 (V)
SetMagnetDAC 5.87499469153 ===>> OK
Magnet settling time: 1.049
GetData ===>> H2,-0.2722668959514,H1,265.566096538702,AX,77.6795220196373,L1,0.894681957167169,L2,0.24718449999...
setting magnet DAC
current  : 5.874995
requested: 5.876029
Delta Dac: 0.001034
Checking detector protection. dv=0.00103
Checking detector "CDD". Protection Threshold: 0.1 (V)
SetMagnetDAC 5.87602917428 ===>> OK
Magnet settling time: 1.049
GetData ===>> H2,-0.0702518806809715,H1,266.3017174954,AX,78.0728791876237,L1,0.912688102374006,L2,0.3862154516...
setting magnet DAC
current  : 5.876029
requested: 5.877064
Delta Dac: 0.001034
Checking detector protection. dv=0.00103
Checking detector "CDD". Protection Threshold: 0.1 (V)
SetMagnetDAC 5.87706365704 ===>> OK
Magnet settling time: 1.049
Get Checksum: 799532470
GetData ===>> H2,-0.123723984940218,H1,266.334083058945,AX,77.9148084665602,L1,0.966823035201615,L2,0.286169747...
setting magnet DAC
current  : 5.877064
requested: 5.878098
Delta Dac: 0.001034
Checking detector protection. dv=0.00103
Checking detector "CDD". Protection Threshold: 0.1 (V)
SetMagnetDAC 5.8780981398 ===>> OK
Magnet settling time: 1.049
GetData ===>> H2,-0.0848341050310036,H1,266.225437062302,AX,77.92308752479,L1,0.96896944900901,L2,0.23736704415...
setting magnet DAC
current  : 5.878098
requested: 5.879133
Delta Dac: 0.001034
Checking detector protection. dv=0.00103
Checking detector "CDD". Protection Threshold: 0.1 (V)
SetMagnetDAC 5.87913262256 ===>> OK
Magnet settling time: 1.049
Get Checksum: 799532470
GetData ===>> H2,-0.120472614717522,H1,266.233219637058,AX,78.0401195220401,L1,0.91758686262902,L2,0.1759052531...
setting magnet DAC
current  : 5.879133
requested: 5.880167
Delta Dac: 0.001034
Checking detector protection. dv=0.00103
Checking detector "CDD". Protection Threshold: 0.1 (V)
SetMagnetDAC 5.88016710532 ===>> OK
Magnet settling time: 1.049
GetData ===>> H2,-0.214021034953039,H1,266.166353555174,AX,77.9254252322745,L1,0.945383387249692,L2,0.096471927...
setting magnet DAC
current  : 5.880167
requested: 5.881202
Delta Dac: 0.001034
Checking detector protection. dv=0.00103
Checking detector "CDD". Protection Threshold: 0.1 (V)
SetMagnetDAC 5.88120158808 ===>> OK
Magnet settling time: 1.049
GetData ===>> H2,-0.228708984768135,H1,265.820954020116,AX,78.1172212676619,L1,0.987624417825262,L2,0.282111730...
setting magnet DAC
current  : 5.881202
requested: 5.882236
Delta Dac: 0.001034
Checking detector protection. dv=0.00103
Checking detector "CDD". Protection Threshold: 0.1 (V)
SetMagnetDAC 5.88223607084 ===>> OK
Magnet settling time: 1.049
Get Checksum: 799532470
GetData ===>> H2,-0.281063533400114,H1,265.853945887256,AX,77.8447001388406,L1,0.997497463705159,L2,0.240860116...
setting magnet DAC
current  : 5.882236
requested: 5.883271
Delta Dac: 0.001034
Checking detector protection. dv=0.00103
Checking detector "CDD". Protection Threshold: 0.1 (V)
SetMagnetDAC 5.8832705536 ===>> OK
Magnet settling time: 1.049
GetData ===>> H2,-0.253878616046138,H1,264.398502427949,AX,76.8003447757564,L1,0.968838741541961,L2,0.092892936...
setting magnet DAC
current  : 5.883271
requested: 5.884305
Delta Dac: 0.001034
Checking detector protection. dv=0.00103
Checking detector "CDD". Protection Threshold: 0.1 (V)
SetMagnetDAC 5.88430503635 ===>> OK
Magnet settling time: 1.049
GetData ===>> H2,-0.21297597497225,H1,259.638813341331,AX,74.2969204430919,L1,0.944549202714147,L2,0.3822216587...
setting magnet DAC
current  : 5.884305
requested: 5.885340
Delta Dac: 0.001034
Checking detector protection. dv=0.00103
Checking detector "CDD". Protection Threshold: 0.1 (V)
SetMagnetDAC 5.88533951911 ===>> OK
Magnet settling time: 1.049
Get Checksum: 799532470
GetData ===>> H2,-0.181849826497504,H1,243.745715336258,AX,66.6417022310571,L1,0.895684135260398,L2,0.187861307...
setting magnet DAC
current  : 5.885340
requested: 5.886374
Delta Dac: 0.001034
Checking detector protection. dv=0.00103
Checking detector "CDD". Protection Threshold: 0.1 (V)
SetMagnetDAC 5.88637400187 ===>> OK
Magnet settling time: 1.049
GetData ===>> H2,-0.109637913753653,H1,206.412604227856,AX,51.43031500736,L1,0.677637241983941,L2,0.07490882431...
setting magnet DAC
current  : 5.886374
requested: 5.887408
Delta Dac: 0.001034
Checking detector protection. dv=0.00103
Checking detector "CDD". Protection Threshold: 0.1 (V)
SetMagnetDAC 5.88740848463 ===>> OK
Magnet settling time: 1.049
GetData ===>> H2,-0.274457304587055,H1,146.600143436158,AX,31.8567621099503,L1,0.463959345059934,L2,0.019883394...
setting magnet DAC
current  : 5.887408
requested: 5.888443
Delta Dac: 0.001034
Checking detector protection. dv=0.00103
Checking detector "CDD". Protection Threshold: 0.1 (V)
SetMagnetDAC 5.88844296739 ===>> OK
Magnet settling time: 1.049
Get Checksum: 799532470
GetData ===>> H2,-0.263433837704857,H1,80.5988766139922,AX,14.7571984190305,L1,0.352849553331717,L2,-0.00979213...
setting magnet DAC
current  : 5.888443
requested: 5.889477
Delta Dac: 0.001034
Checking detector protection. dv=0.00103
Checking detector "CDD". Protection Threshold: 0.1 (V)
SetMagnetDAC 5.88947745015 ===>> OK
Magnet settling time: 1.049
GetData ===>> H2,-0.0683965924051412,H1,18.9250693250984,AX,2.68422273061324,L1,0.170251609334182,L2,-0.0509764...
setting magnet DAC
current  : 5.889477
requested: 5.890512
Delta Dac: 0.001034
Checking detector protection. dv=0.00103
Checking detector "CDD". Protection Threshold: 0.1 (V)
SetMagnetDAC 5.89051193291 ===>> OK
Magnet settling time: 1.049
GetData ===>> H2,-0.208277398790339,H1,5.53363447276587,AX,0.528464168222861,L1,0.035104113430096,L2,0.04496559...
setting magnet DAC
current  : 5.890512
requested: 5.891546
Delta Dac: 0.001034
Checking detector protection. dv=0.00103
Checking detector "CDD". Protection Threshold: 0.1 (V)
SetMagnetDAC 5.89154641566 ===>> OK
Magnet settling time: 1.049
Get Checksum: 799532470
GetData ===>> H2,-0.224579339272752,H1,1.38121217375231,AX,0.0206867941324138,L1,0.0325129547009868,L2,-0.00036...
setting magnet DAC
current  : 5.891546
requested: 5.892581
Delta Dac: 0.001034
Checking detector protection. dv=0.00103
Checking detector "CDD". Protection Threshold: 0.1 (V)
SetMagnetDAC 5.89258089842 ===>> OK
Magnet settling time: 1.049
GetData ===>> H2,-0.149234631085114,H1,0.291318077951508,AX,-0.0186634613872357,L1,-0.0207521626544747,L2,0.001...
setting magnet DAC
current  : 5.892581
requested: 5.893615
Delta Dac: 0.001034
Checking detector protection. dv=0.00103
Checking detector "CDD". Protection Threshold: 0.1 (V)
SetMagnetDAC 5.89361538118 ===>> OK
Magnet settling time: 1.049
Get Checksum: 799532470
GetData ===>> H2,-0.224695043701926,H1,0.109341791261986,AX,-0.0549137961562925,L1,0.0145637965989793,L2,-0.109...
result of _do_sweep=True
result of _calculate_peak_center=([5.8712485786107429, 5.8789107996044541, 5.8865730205981652], [198.15621722658727, 266.33285070281806, 194.90559774287163], 5.8770242679203966, 266.33285070281806)
Failed to find a valid peak. No peak greater than 1.0. max = 0.0246329384603
new center pos Detector(H1) (Ar40) @ 5.8789107996
GetHighVoltage ===>> 4499.94659342336
GetDeflection H1 ===>> 0
dac uncorrected for HV and deflection 5.87894542016
update mftable H1 Ar40 5.87894542016 message=automated run peakcenter
get initial guess parabolic
get initial guess parabolic
get initial guess parabolic
get initial guess parabolic
get initial guess parabolic
get initial guess parabolic
dump mftable to /Users/jan/PychronDev/setupfiles/spectrometer/mftables/mftable.csv
add to repo msg=modified - automated run peakcenter
locally archiving mftable
setting magnet DAC
current  : 5.893615
requested: 5.878911
Delta Dac: 0.014705
Checking detector protection. dv=0.01470
Checking detector "CDD". Protection Threshold: 0.1 (V)
SetMagnetDAC 5.8789107996 ===>> OK
Magnet settling time: 0.500
sweep finished
setting integration time = 1.048576
SetIntegrationTime 1.048576 ===>> OK
Failed to find a valid peak. No peak greater than 1.0. max = 0.024697377384
flush and close file /Users/jan/PychronDev/data/isotopes/fa/ed423b-45d4-442b-8a68-93ee91f02969.h5
finished measure script
executed 278.04
jan_co2_whiff_120_60_large.py completed successfully
Measurement Finished
19:44:14 -- ******* Measurement Finished *******
Post Measurement Started jan_pump_ms.py
19:44:14 -- ******* Post Measurement Started jan_pump_ms.py *******
testing...
no interpolation path defined
executed 0
Pumping spectrometer
open () {'name': 'O'}
opening name=O desc=---
checking ownership. requestor=129.138.12.150
check software interlocks O
interlocks []
actuate state mode=None-script, software_lock=False
doing actuation None-script open_channel True
Open O ===>> OK
GetValveState O ===>> OK
change switch state (True, True)
update switch state O True args=() kw={} ncanvase=3
19:44:14 -- OPEN   VALVE-O (Jan Ion Pump)
---------------------------------------- open O () result=[(True, True)], time=0.11 sec
action=open, ok=True, locked=[False]
executed 0
jan_pump_ms.py completed successfully
setting _ms_pumptime
Post Measurement Finished
19:44:14 -- ******* Post Measurement Finished *******
$$$$$$$$$$$$$$$$$$$$ state at run end measurement
state changed from measurement to success
post measurement save measured=True aborted=False
Set filtering
setting fod for Ar40= {'filter_outliers': True, 'std_devs': 2, 'iterations': 1}
setting fod for H1= {'filter_outliers': True, 'std_devs': 2, 'iterations': 1}
setting fod for PM41= {'filter_outliers': False, 'std_devs': 2, 'iterations': 1}
setting fod for H2= {'filter_outliers': True, 'std_devs': 2, 'iterations': 1}
setting fod for Ar36= {'filter_outliers': True, 'std_devs': 2, 'iterations': 1}
setting fod for CDD= {'filter_outliers': True, 'std_devs': 10, 'iterations': 1}
setting fod for Ar37= {'filter_outliers': True, 'std_devs': 2, 'iterations': 1}
setting fod for L2= {'filter_outliers': True, 'std_devs': 2, 'iterations': 1}
setting fod for Ar38= {'filter_outliers': True, 'std_devs': 2, 'iterations': 1}
setting fod for L1= {'filter_outliers': True, 'std_devs': 2, 'iterations': 1}
setting fod for Ar39= {'filter_outliers': True, 'std_devs': 2, 'iterations': 1}
setting fod for AX= {'filter_outliers': True, 'std_devs': 2, 'iterations': 1}
persistence save...
persistence save - db
post measurement save
5595680304 connecting to database sqlite:////Users/jan/PychronDev/.appdata/local_lab.db
connected to db sqlite:////Users/jan/PychronDev/.appdata/local_lab.db
create new session 5595680304
close session 5595680304
No database instance. Not saving post measurement to isotopedb database
$$$$$$$$$$$$$$$ auto_save_detector_ic=False
massspec enabled True
create new session 5054761584
MassSpec Database Version: 16.0
close session 5054761584
saving post measurement to secondary database
saving to massspec database 129.138.12.160/massspecdata
setting labnumber to 65511
setting aliquot to 45
setting step to 
setting uuid to faed423b-45d4-442b-8a68-93ee91f02969
setting irradpos to 65511
setting extract_device to Fusions CO2
setting tray to 
setting position to 184
setting power_requested to 5.0
setting extract_value to 5.0
setting duration to 30.0
setting duration_at_request to 30.0
setting first_stage_delay to 30.0
setting cleanup to 30.0
setting comment to F:9 DS
setting irradiation to NM-289
setting level to F
setting irradiation_level to F
setting sample to TRC-23-djk
setting material to SandforDetrital
setting project to IR959
setting mass_spectrometer to Jan
no attribute chron_dosages
no attribute production_ratios
no attribute interference_corrections
no attribute production_name
no attribute j
Reference Isotope=Ar40
Reference Detector=H1
%%%%%%%%%%%%%%%%%%%% Comment: F:9 DS %%%%%%%%%%%%%%%%%%%
adding isotope PM41 H2
add baseline dbdet= PM41. original det= H2
get baseline data PM41 H2
Get data baseline <pychron.processing.isotope.Baseline object at 0x149cbeb50> len t=60
baseline PM41. v=-0.211470777133, e=0.00698630354496
get signal data PM41 H2
Get data signal PM41 0.09+/-0.08 len t=120
adding isotope Ar40 H1
add baseline dbdet= Ar40. original det= H1
get baseline data Ar40 H1
Get data baseline <pychron.processing.isotope.Baseline object at 0x149cbe610> len t=60
baseline Ar40. v=-0.0397767124031, e=0.00480637697576
get signal data Ar40 H1
Get data signal Ar40 292.011+/-0.033 len t=120
adding isotope Ar39 AX
add baseline dbdet= Ar39. original det= AX
get baseline data Ar39 AX
Get data baseline <pychron.processing.isotope.Baseline object at 0x149cbebd0> len t=60
baseline Ar39. v=-0.0610230837116, e=0.00638078879957
get signal data Ar39 AX
Get data signal Ar39 86.121+/-0.020 len t=120
adding isotope Ar38 L1
add baseline dbdet= Ar38. original det= L1
get baseline data Ar38 L1
Get data baseline <pychron.processing.isotope.Baseline object at 0x149cbe390> len t=60
baseline Ar38. v=-0.0278469728679, e=0.00269418593499
get signal data Ar38 L1
Get data signal Ar38 1.123+/-0.006 len t=120
adding isotope Ar37 L2
add baseline dbdet= Ar37. original det= L2
get baseline data Ar37 L2
Get data baseline <pychron.processing.isotope.Baseline object at 0x149cbeb90> len t=60
baseline Ar37. v=-0.0250440302205, e=0.0056860752699
get signal data Ar37 L2
Get data signal Ar37 0.352+/-0.012 len t=120
adding isotope Ar36 CDD
add baseline dbdet= Ar36. original det= CDD
get baseline data Ar36 CDD
Get data baseline <pychron.processing.isotope.Baseline object at 0x1498d9910> len t=60
baseline Ar36. v=6.94705257007e-05, e=1.47880936268e-05
get signal data Ar36 CDD
Get data signal Ar36 0.0149+/-0.0004 len t=120
65511-45 added analysis time 0.450437068939s
analysis added to mass spec database
mass spec save time= 0.467
persistence save - dvc
================= post measurement started
create new session 4983039568
close session 4983039568
---------------- Experiment Queue saving disabled
Get Checksum: 2035211824
DVC saving peakcenter
Failed to find a valid peak. No peak greater than 1.0. max = 0.024697377384
Smart pull ahead: 0 behind: 0
Up-to-date with origin
add to repo msg=modified - ad8224ebc6dbfeb9f5997218dfa5fe690569839d.json
add to repo msg=modified - 11-45.json
add to repo msg=modified - 11-45.dat.json
add to repo msg=modified - 11-45.blan.json
add to repo msg=modified - 11-45.inte.json
add to repo msg=modified - 11-45.icfa.json
add to repo msg=modified - 11-45.base.json
not at valid file /Users/jan/PychronDev/data/.dvc/repositories/IR959/655/tags/11-45.tags.json
add to repo msg=modified - 11-45.peak.json
add to repo msg=modified - 11-45.extr.json
not at valid file /Users/jan/PychronDev/data/.dvc/repositories/IR959/655/monitor/11-45.moni.json
commit message=<COLLECTION>
add to repo msg=modified - 11-45.inte.json
Get Checksum: 2035211824
add to repo msg=modified - 11-45.base.json
commit message=<ISOEVO> default collection fits
add to repo msg=modified - 11-45.blan.json
commit message=<BLANKS> preceding bc-02-J-235
add to repo msg=modified - 11-45.icfa.json
commit message=<ICFactor> default
push repository <pychron.git_archive.repo_manager.GitRepoManager object at 0x137fbd3b0>
pushing to remote=origin, url=https://github.com
Get Checksum: 2035211824
Get Checksum: 2035211824
no changes to meta repo
create new session 4983039568
add association IR959
get identifier "65511"
setting analysis irradiation position=<pychron.dvc.dvc_orm.IrradiationPositionTbl object at 0x14dc3ba10>
close session 4983039568
================= post measurement finished
19:44:26 -- ******* Post Run Check *******
loading queue conditionals post_run_actions
loading system conditionals post_run_actions
loading conditionals from /Users/jan/PychronDev/setupfiles/spectrometer/default_conditionals.yaml
loading queue conditionals post_run_terminations
loading system conditionals post_run_terminations
loading conditionals from /Users/jan/PychronDev/setupfiles/spectrometer/default_conditionals.yaml
Checking default post run terminations n=1
GetDeflection CDD ===>> 50
testing CDD==2000
evaluate ot="CDD.deflection==2000" t="CDD==2000", ctx="{'CDD': 50.0}"
19:44:26 -- ******* Post Run Check Passed *******
19:44:26 -- Automated run 65511-45 success duration: 381.753 s
----------------- finish -----------------
----------------- stop -----------------
retroactive repository identifiers disabled
finish run. runs completed=45
update duration runid=65511-45, duration=381.752971172, md5=3d9034cf
loading script "jan_co2_whiff_120_60_large.py"
loading script "jan_pump_ms.py"
loading script "jan_co2.py"
loading script "jan_pump_extraction_line.py"
testing...
no interpolation path defined
executed 266.04
script duration name:co2_whiff_120_60_large seconds:266.0
loading script "jan_co2_whiff_120_60_large.py"
loading script "jan_pump_ms.py"
loading script "jan_co2.py"
loading script "jan_pump_extraction_line.py"
testing...
no interpolation path defined
executed 0
loading script "jan_co2_whiff_120_60_large.py"
loading script "jan_pump_ms.py"
loading script "jan_co2.py"
loading script "jan_pump_extraction_line.py"
testing...
no interpolation path defined
calculate duration
testing...
no interpolation path defined
executed 0
calculate duration
testing...
no interpolation path defined
executed 0
executed 0.0
script duration name:co2 seconds:0.0
loading script "jan_co2_whiff_120_60_large.py"
loading script "jan_pump_ms.py"
loading script "jan_co2.py"
loading script "jan_pump_extraction_line.py"
testing...
no interpolation path defined
calculate duration
testing...
no interpolation path defined
executed 4.0
executed 4.0
Script duration 266.0
Run total estimated duration= 267.000
co2_whiff_120_60_large in script context. using previous estimated duration
script duration name:co2_whiff_120_60_large seconds:266.0
pump_ms in script context. using previous estimated duration
co2 in script context. using previous estimated duration
script duration name:co2 seconds:0.0
pump_extraction_line in script context. using previous estimated duration
Script duration 266.0
Run total estimated duration= 267.000
script duration name:co2_whiff_120_60_large seconds:266.0
script duration name:co2 seconds:0.0
Script duration 266.0
Run total estimated duration= 267.000
script duration name:co2_whiff_120_60_large seconds:266.0
script duration name:co2 seconds:0.0
Script duration 266.0
Run total estimated duration= 267.000
script duration name:co2_whiff_120_60_large seconds:266.0
script duration name:co2 seconds:0.0
Script duration 266.0
Run total estimated duration= 267.000
script duration name:co2_whiff_120_60_large seconds:266.0
script duration name:co2 seconds:0.0
Script duration 266.0
Run total estimated duration= 267.000
script duration name:co2_whiff_120_60_large seconds:266.0
script duration name:co2 seconds:0.0
Script duration 266.0
Run total estimated duration= 267.000
script duration name:co2_whiff_120_60_large seconds:266.0
script duration name:co2 seconds:0.0
Script duration 266.0
Run total estimated duration= 267.000
script duration name:co2_whiff_120_60_large seconds:266.0
script duration name:co2 seconds:0.0
Script duration 266.0
Run total estimated duration= 267.000
script duration name:co2_whiff_120_60_large seconds:266.0
script duration name:co2 seconds:0.0
Script duration 266.0
Run total estimated duration= 267.000
script duration name:co2_whiff_120_60_large seconds:266.0
script duration name:co2 seconds:0.0
Script duration 266.0
Run total estimated duration= 267.000
loading script "jan_unknown400_120.py"
loading script "jan_pump_ms.py"
loading script "jan_co2.py"
loading script "jan_pump_extraction_line.py"
testing...
no interpolation path defined
executed 556.052928
script duration name:unknown400_120 seconds:556.0
script duration name:co2 seconds:0.0
Script duration 556.0
Run total estimated duration= 557.000
script duration name:co2_whiff_120_60_large seconds:266.0
script duration name:co2 seconds:0.0
Script duration 266.0
Run total estimated duration= 267.000
nruns=13 before=5.0, run_dur=3761.0, btw=360.0
write rem/ex queues
/Users/jan/PychronDev/experiments/rem/CurrentExperiment.rem.txt
/Users/jan/PychronDev/experiments/rem/CurrentExperiment.ex.txt
doing event level: 3
