do run
loading script "jan_co2_whiff_120_60_large.py"
loading script "jan_pump_ms.py"
loading script "jan_co2.py"
loading script "jan_pump_extraction_line.py"
testing...
no interpolation path defined
executed 266.04
script duration name:co2_whiff_120_60_large seconds:266.0
loading script "jan_co2_whiff_120_60_large.py"
loading script "jan_pump_ms.py"
loading script "jan_co2.py"
loading script "jan_pump_extraction_line.py"
testing...
no interpolation path defined
executed 0
loading script "jan_co2_whiff_120_60_large.py"
loading script "jan_pump_ms.py"
Get Checksum: -1404555142
loading script "jan_co2.py"
loading script "jan_pump_extraction_line.py"
testing...
no interpolation path defined
calculate duration
testing...
no interpolation path defined
executed 0
calculate duration
testing...
no interpolation path defined
executed 0
executed 0.0
script duration name:co2 seconds:0.0
loading script "jan_co2_whiff_120_60_large.py"
loading script "jan_pump_ms.py"
loading script "jan_co2.py"
loading script "jan_pump_extraction_line.py"
testing...
no interpolation path defined
calculate duration
testing...
no interpolation path defined
executed 4.0
executed 4.0
Script duration 266.0
Run total estimated duration= 267.000
run duration: 0:04:27
doing event level: 2
18:15:17 -- Setting default integration. t=1.048576
setting integration time = 1.048576
SetIntegrationTime 1.048576 ===>> OK
----------------- start -----------------
**************** Experiment Type: Ar/Ar, Ar/Ar
create new session 4993359504
close session 4993359504
$$$$$ Clearing conditionals
adding conditionals detrital
extract conditionals from file. /Users/jan/PychronDev/scripts/conditionals/detrital.yaml
no attr for this modification cd={'extraction_str': '', 'attr': '', 'mapper': '', 'use_termination': False, 'start_count': 0, 'nskip': 0, 'window': 0, 'frequency': 1, 'teststr': '', 'action': 'Skip Next Run', 'ntrips': 1, 'use_truncation': False}
no attr for this cancelation cd={'mapper': '', 'window': 0, 'frequency': 1, 'attr': '', 'teststr': '', 'start_count': 0, 'ntrips': 1}
adding truncation attr="age" test="age>100.0" start="50"
adding truncation attr="Ar39" test="Ar39<0.5" start="60"
no attr for this termination cd={'mapper': '', 'window': 0, 'frequency': 1, 'attr': '', 'teststr': '', 'start_count': 0, 'ntrips': 1}
Invalid conditional kind="pre_run_terminations"
no attr for this action cd={'mapper': '', 'attr': '', 'start_count': 0, 'window': 0, 'frequency': 1, 'teststr': '', 'action': None, 'ntrips': 1}
Invalid conditional kind="post_run_terminations"
Add queue conditionals
add default conditionals
adding default conditionals from /Users/jan/PychronDev/setupfiles/spectrometer/default_conditionals.yaml
Start automated run 65511-40
loading script "jan_co2_whiff_120_60_large.py"
loading script "jan_pump_ms.py"
loading script "jan_co2.py"
loading script "jan_pump_extraction_line.py"
%%%%%%%%%%%%%%%%%% setting automated run 65511-40
No value "sensitivity_multiplier" in metadata
$$$$$$$$$$$$$$$ auto_save_detector_ic=False
============================= Pre Extraction Check =============================
loading queue conditionals pre_run_terminations
loading system conditionals pre_run_terminations
loading conditionals from /Users/jan/PychronDev/setupfiles/spectrometer/default_conditionals.yaml
18:15:17 -- ******* Pre Extraction Check *******
Get a measurement from the spectrometer
GetData ===>> H2,-0.211992776239857,H1,-0.0415173728627092,AX,-0.0706343113199147,L1,-0.0318228608611337,L2,0.0...
Pre Extraction Termination data. keys=H2,H1,AX,L1,L2,CDD, signals=-0.21199,-0.04152,-0.07063,-0.03182,0.06237,0.00447
18:15:17 -- testing system defined conditionals
Checking default pre extraction terminations n=2
testing CDD
evaluate ot="CDD.inactive" t="CDD", ctx="{'CDD': False}"
GetDeflection CDD ===>> 50
testing CDD==2000
evaluate ot="CDD.deflection==2000" t="CDD==2000", ctx="{'CDD': 50.0}"
18:15:17 -- ******* Pre Extraction Check Passed *******
=================================================================================
18:15:17 -- stopping status monitor
stop 5052903792
Alive clients [4983293136]
18:15:17 -- starting status monitor
start 5052903792
Monitor already running
start extraction
do extraction
Analysis started at 18:15:17.792117
Extraction Started jan_co2.py
18:15:17 -- ******* Extraction Started jan_co2.py *******
state changed from not run to extraction
DO EXTRACTION <pychron.extraction_line.pyscript_runner.RemotePyScriptRunner object at 0x12b93d0b0>
testing...
no interpolation path defined
calculate duration
testing...
no interpolation path defined
executed 0
calculate duration
testing...
no interpolation path defined
executed 0
executed 100.0
Jan CO2 laser analysis
doing GOSUB
testing...
no interpolation path defined
executed 0
Waiting for CO2 access
wait ('FelixCO2Flag', 0) {}
waiting for FelixCO2Flag = 0
Read FelixCO2Flag ===>> 0
finished waiting
CO2 free
wait ('CO2PumpTimeFlag', 0) {}
waiting for CO2PumpTimeFlag = 0
Read CO2PumpTimeFlag ===>> 0
finished waiting
acquire ('JanCO2Flag',) {'clear': True}
acquire JanCO2Flag
Set JanCO2Flag 1 ===>> OK
JanCO2Flag acquired
set extraction state False (0.75, 'red', 1.5)
CO2 acquired
executed 0
WaitForCO2Access.py completed successfully
gosub finished
doing GOSUB
testing...
no interpolation path defined
executed 0
Prepare for CO2 analysis
close () {'description': 'Jan Inlet'}
closing name=--- desc=Jan Inlet
checking ownership. requestor=129.138.12.150
check software interlocks R
interlocks []
actuate state mode=None-script, software_lock=False
doing actuation None-script close_channel False
Close R ===>> OK
GetValveState R ===>> False
change switch state (True, True)
update switch state R False args=() kw={} ncanvase=3
18:15:18 -- CLOSE  VALVE-R (Jan Inlet)
---------------------------------------- close None (Jan Inlet) result=[(True, True)]
action=close, ok=True, locked=[False]
open () {'description': 'Jan Ion Pump'}
opening name=--- desc=Jan Ion Pump
checking ownership. requestor=129.138.12.150
check software interlocks O
interlocks []
actuate state mode=None-script, software_lock=False
doing actuation None-script open_channel False
Open O ===>> OK
GetValveState O ===>> OK
change switch state (True, True)
update switch state O True args=() kw={} ncanvase=3
18:15:18 -- OPEN   VALVE-O (Jan Ion Pump)
---------------------------------------- open None (Jan Ion Pump) result=[(True, True)], time=0.09 sec
action=open, ok=True, locked=[False]
close () {'description': 'Microbone to Minibone'}
closing name=--- desc=Microbone to Minibone
checking ownership. requestor=129.138.12.150
check software interlocks L
interlocks []
actuate state mode=None-script, software_lock=False
doing actuation None-script close_channel False
Close L ===>> OK
GetValveState L ===>> False
change switch state (True, True)
update switch state L False args=() kw={} ncanvase=3
18:15:19 -- CLOSE  VALVE-L (Microbone to Minibone)
---------------------------------------- close None (Microbone to Minibone) result=[(True, True)]
action=close, ok=True, locked=[False]
open () {'description': 'Microbone to Turbo'}
opening name=--- desc=Microbone to Turbo
checking ownership. requestor=129.138.12.150
check software interlocks U
interlocks []
actuate state mode=None-script, software_lock=False
doing actuation None-script open_channel False
Open U ===>> OK
GetValveState U ===>> OK
change switch state (True, True)
update switch state U True args=() kw={} ncanvase=3
18:15:19 -- OPEN   VALVE-U (Microbone to Turbo)
---------------------------------------- open None (Microbone to Turbo) result=[(True, True)], time=0.12 sec
action=open, ok=True, locked=[False]
open () {'description': 'Microbone to Inlet Pipette'}
opening name=--- desc=Microbone to Inlet Pipette
checking ownership. requestor=129.138.12.150
check software interlocks S
interlocks []
actuate state mode=None-script, software_lock=False
doing actuation None-script open_channel False
Open S ===>> OK
GetValveState S ===>> OK
change switch state (True, True)
update switch state S True args=() kw={} ncanvase=3
18:15:20 -- OPEN   VALVE-S (Microbone to Inlet Pipette)
---------------------------------------- open None (Microbone to Inlet Pipette) result=[(True, True)], time=0.42 sec
action=open, ok=True, locked=[False]
open () {'description': 'Microbone to Getter D-50'}
opening name=--- desc=Microbone to Getter D-50
checking ownership. requestor=129.138.12.150
check software interlocks K
interlocks []
actuate state mode=None-script, software_lock=False
doing actuation None-script open_channel False
Open K ===>> OK
Get Checksum: -1404555142
GetValveState K ===>> OK
change switch state (True, True)
update switch state K True args=() kw={} ncanvase=3
18:15:20 -- OPEN   VALVE-K (Microbone to Getter D-50)
---------------------------------------- open None (Microbone to Getter D-50) result=[(True, True)], time=0.42 sec
action=open, ok=True, locked=[False]
open () {'description': 'Microbone to Getter NP-10'}
opening name=--- desc=Microbone to Getter NP-10
checking ownership. requestor=129.138.12.150
check software interlocks M
interlocks []
actuate state mode=None-script, software_lock=False
doing actuation None-script open_channel False
Open M ===>> OK
GetValveState M ===>> OK
change switch state (True, True)
update switch state M True args=() kw={} ncanvase=3
18:15:21 -- OPEN   VALVE-M (Microbone to Getter NP-10)
---------------------------------------- open None (Microbone to Getter NP-10) result=[(True, True)], time=0.15 sec
action=open, ok=True, locked=[False]
close () {'description': 'CO2 Laser to Felix'}
closing name=--- desc=CO2 Laser to Felix
checking ownership. requestor=129.138.12.150
check software interlocks F
interlocks []
actuate state mode=None-script, software_lock=True
VALVE-F(CO2 Laser to Felix) software locked
change switch state (True, False)
---------------------------------------- close None (CO2 Laser to Felix) result=[(True, False)]
action=close, ok=True, locked=[True]
open () {'description': 'CO2 Laser to Jan'}
opening name=--- desc=CO2 Laser to Jan
checking ownership. requestor=129.138.12.150
check software interlocks A
interlocks []
actuate state mode=None-script, software_lock=False
doing actuation None-script open_channel False
Open A ===>> OK
GetValveState A ===>> OK
change switch state (True, True)
update switch state A True args=() kw={} ncanvase=3
18:15:21 -- OPEN   VALVE-A (CO2 Laser to Jan)
---------------------------------------- open None (CO2 Laser to Jan) result=[(True, True)], time=0.14 sec
action=open, ok=True, locked=[False]
open () {'description': 'Microbone to CO2 Laser'}
opening name=--- desc=Microbone to CO2 Laser
checking ownership. requestor=129.138.12.150
check software interlocks T
interlocks []
actuate state mode=None-script, software_lock=False
doing actuation None-script open_channel False
Open T ===>> OK
GetValveState T ===>> OK
change switch state (True, True)
update switch state T True args=() kw={} ncanvase=3
18:15:22 -- OPEN   VALVE-T (Microbone to CO2 Laser)
---------------------------------------- open None (Microbone to CO2 Laser) result=[(True, True)], time=0.42 sec
action=open, ok=True, locked=[False]
executed 0
PrepareForCO2Analysis.py completed successfully
gosub finished
set_motor ('beam', '1.25') {}
setting motor "beam" to 1.25
set motor beam to 1.25
SetMotor beam,1.25 ===>> OK
GetMotorMoving beam ===>> False
GetMotorMoving beam ===>> False
Block completed
move_to_position ('179',) {'autocenter': True}
FusionsCO2 move to position 179
sending GoToHole 179,True
GoToHole 179,True ===>> OK
Get Checksum: -1404555142
GetDriveMoving ===>> OK
GetDriveMoving ===>> OK
GetDriveMoving ===>> OK
GetDriveMoving ===>> OK
GetDriveMoving ===>> OK
GetDriveMoving ===>> OK
GetDriveMoving ===>> False
GetDriveMoving ===>> False
Block completed
GetAutoCorrecting ===>> OK
Get Checksum: -1404555142
GetAutoCorrecting ===>> OK
GetAutoCorrecting ===>> False
GetAutoCorrecting ===>> False
Block completed
update position
GetPosition ===>> 5.98170,-7.97560,1.00000
got position (5.9817, -7.9756, 1.0)
move to position succeeded
sleep (5,) {}
SLEEP 5.0
block started
WaitControl setup for 5.0  
Get Checksum: -1404555142
Get Checksum: -1404555142
Join finished
block finished. duration 5.00724482536
close () {'description': 'Microbone to Turbo'}
closing name=--- desc=Microbone to Turbo
checking ownership. requestor=129.138.12.150
check software interlocks U
interlocks []
actuate state mode=None-script, software_lock=False
doing actuation None-script close_channel True
Close U ===>> OK
GetValveState U ===>> False
change switch state (True, True)
update switch state U False args=() kw={} ncanvase=3
18:15:33 -- CLOSE  VALVE-U (Microbone to Turbo)
---------------------------------------- close None (Microbone to Turbo) result=[(True, True)]
action=close, ok=True, locked=[False]
enable laser
enable () {}
set extraction state FusionsCO2 Enabled (False, 'red', 1.5)
enabling laser
Enable ===>> OK
begin interval
BEGIN INTERVAL Interval 1 waiting for 30.0
block started
WaitControl setup for 30.0  
set extract to 5.0
extract (5.0,) {}
GetPosition ===>> 5.98170,-7.97560,1.00000
set extraction state FusionsCO2 ON! 5.0(watts) (0.75, 'red', 1.5)
extract sample to 5.0 (watts)
set laser output
SetLaserOutput 5.0,watts ===>> OK
executing pattern triangle.lp
execute_pattern ('triangle.lp',) {}
executing pattern triangle.lp
IsPatterning ===>> OK
Get Checksum: 777293942
IsPatterning ===>> OK
IsPatterning ===>> OK
IsPatterning ===>> OK
Get Checksum: 777293942
IsPatterning ===>> OK
IsPatterning ===>> OK
IsPatterning ===>> OK
Get Checksum: 777293942
IsPatterning ===>> OK
IsPatterning ===>> OK
IsPatterning ===>> OK
Get Checksum: 777293942
IsPatterning ===>> OK
IsPatterning ===>> OK
IsPatterning ===>> OK
set states for children of Q. state=False
handle state [('Q', False)]
update switch state Q False args=() kw={'refresh': False} ncanvase=3
refresh_canvas_needed fired
Get Checksum: 303506562
IsPatterning ===>> OK
IsPatterning ===>> OK
set states for children of D. state=False
set states for children of I. state=True
handle state [('D', False), ('I', True)]
update switch state D False args=() kw={'refresh': True} ncanvase=3
update switch state I True args=() kw={'refresh': False} ncanvase=3
refresh_canvas_needed fired
IsPatterning ===>> OK
Get Checksum: -1274627911
State checksums do not match. Local:1549625112 Remote:-1274627911
State checksum failed
IsPatterning ===>> OK
set states for children of B. state=False
handle state [('B', False)]
update switch state B False args=() kw={'refresh': False} ncanvase=3
refresh_canvas_needed fired
IsPatterning ===>> OK
IsPatterning ===>> OK
set states for children of Y. state=True
handle state [('Y', True)]
update switch state Y True args=() kw={'refresh': False} ncanvase=3
refresh_canvas_needed fired
Get Checksum: -560647230
IsPatterning ===>> OK
IsPatterning ===>> OK
IsPatterning ===>> OK
Get Checksum: -560647230
IsPatterning ===>> OK
IsPatterning ===>> OK
IsPatterning ===>> OK
Get Checksum: -560647230
IsPatterning ===>> OK
IsPatterning ===>> False
IsPatterning ===>> False
Block completed
COMPLETE INTERVAL waiting for Interval 1 to complete
Get Checksum: -560647230
Join finished
block finished. duration 30.0387570858
Interval 1 finished
end_extract () {}
ending extraction. set laser power to 0
set laser power 0
SetLaserPower 0 ===>> OK
disable () {}
%%%%%%%%%%%%%%%%%%%%%%%%%%%%%%%%%%% disable
set extraction state False (0.75, 'red', 1.5)
disabling laser
Disable ===>> OK
sleep (30.0,) {}
SLEEP 30.0
block started
WaitControl setup for 30.0  
Get Checksum: -560647230
Get Checksum: -1274627911
State checksums do not match. Local:-560647230 Remote:-1274627911
State checksum failed
set states for children of Y. state=False
set states for children of Z. state=True
handle state [('Y', False), ('Z', True)]
update switch state Y False args=() kw={'refresh': True} ncanvase=3
update switch state Z True args=() kw={'refresh': False} ncanvase=3
refresh_canvas_needed fired
Get Checksum: -545951532
Get Checksum: -545951532
Get Checksum: -545951532
Get Checksum: -545951532
Get Checksum: -545951532
set states for children of Z. state=False
handle state [('Z', False)]
update switch state Z False args=() kw={'refresh': False} ncanvase=3
refresh_canvas_needed fired
Get Checksum: 156743851
State checksums do not match. Local:-1274627911 Remote:156743851
State checksum failed
set states for children of C. state=False
handle state [('C', False)]
update switch state C False args=() kw={'refresh': False} ncanvase=3
refresh_canvas_needed fired
set states for children of P. state=False
set states for children of Y. state=True
handle state [('P', False), ('Y', True)]
update switch state P False args=() kw={'refresh': True} ncanvase=3
update switch state Y True args=() kw={'refresh': False} ncanvase=3
refresh_canvas_needed fired
Get Checksum: -1927676594
Join finished
block finished. duration 30.0326228142
executed 166.0
jan_co2.py completed successfully
GetAchievedOutput ===>> No Response
Requested Output= 0.000
Achieved Output=  0.000
GetResponseBlob ===>> No Response
GetOutputBlob ===>> No Response
persistence save...
persistence save - db
AutomatedRunPersister post_extraction_save deprecated
persistence save - dvc
no extraction position for 179
create new session 4983039568
close session 4983039568
Extraction Finished
18:16:34 -- ******* Extraction Finished *******
no overlap. not waiting for min ms pumptime
18:16:34 -- Sending spectrometer configuration
======== Sending configuration ========
SetDeflection CDD,50.0 ===>> OK
SetDeflection H2,0.0 ===>> OK
SetDeflection H1,0.0 ===>> OK
SetDeflection L2,825.0 ===>> OK
SetDeflection L1,400.0 ===>> OK
SetDeflection AX,190.0 ===>> OK
SetZFocus 74.64 ===>> OK
SetZSymmetry -50.72 ===>> OK
SetExtractionLens 26.13 ===>> OK
SetIonRepeller -3.81 ===>> OK
SetElectronEnergy 75.08 ===>> OK
SetYSymmetry -2.81 ===>> OK
SetIonCounterVoltage 1590.0 ===>> OK
send trap current 200.0
GetParameter Trap Current Readback ===>> 197.923274125618
SetParameter Trap Current Set,200.0 ===>> OK
updating mftable name mftable
Using mftable located at /Users/jan/PychronDev/setupfiles/spectrometer/mftables/mftable.csv
============ MFtable ===========
Isotope  H2     H1     AX     L1     L2     CDD    
Ar40     5.7728 5.8788 5.9922 6.1127 6.2304 6.3410
Ar39     5.6721 5.7711 5.8846 5.9988 6.1155 6.2275
Ar36     5.3496 5.4401 5.5480 5.6577 5.7705 5.8786
================================
get initial guess parabolic
get initial guess parabolic
get initial guess parabolic
get initial guess parabolic
get initial guess parabolic
get initial guess parabolic
======== Configuration Finished ========
GetYSymmetry ===>> -2.81
GetZSymmetry ===>> -50.72
GetParameter Trap Current Readback ===>> 197.475737044497
GetHighVoltage ===>> 4499.94659342336
start measurement
do measurement
L#=65511 analysis type=unknown
Measurement Started jan_co2_whiff_120_60_large.py
18:16:34 -- ******* Measurement Started jan_co2_whiff_120_60_large.py *******
state changed from extraction to measurement
setting spec, defl, and gains
GetExtractionLens ===>> 26.13
GetYSymmetry ===>> -2.81
GetZSymmetry ===>> -50.72
GetZFocus ===>> 74.64
GetDeflection H2 ===>> 0
GetDeflection H1 ===>> 0
GetDeflection AX ===>> 190
GetDeflection L1 ===>> 400
GetDeflection L2 ===>> 825
GetDeflection CDD ===>> 50
GetGain H2 ===>> 0.0113
GetGain H1 ===>> 0.1
GetGain AX ===>> 0.097049
GetGain L1 ===>> 0.010355
GetGain L2 ===>> 0.095649
GetGain CDD ===>> 0
pre measurement save
New frame /Users/jan/PychronDev/data/isotopes/17/f89d9a-b267-4d91-bccb-dfdaf42874cf.h5
flush and close file /Users/jan/PychronDev/data/isotopes/17/f89d9a-b267-4d91-bccb-dfdaf42874cf.h5
testing...
no interpolation path defined
executed 266.04
co2 whiff measurement script
activate_detectors ('H2', 'H1', 'AX', 'L1', 'L2', 'CDD') {}
activate detectors
*************** Set Analysis View Ar/Ar
create graphs
clearing graphs
clear isotope group
setting isotope det=H2, iso=PM41
setting isotope det=H1, iso=Ar40
setting isotope det=AX, iso=Ar39
setting isotope det=L1, iso=Ar38
setting isotope det=L2, iso=Ar37
setting isotope det=CDD, iso=Ar36
setting previous blanks
 - setting Ar40 blank 0.640+/-0.007
 - setting Ar36 blank 0.00609+/-0.00020
 - setting Ar37 blank 0.038+/-0.006
 - setting Ar38 blank 0.0171+/-0.0024
 - setting PM41 blank 0.03+/-0.06
 - setting Ar39 blank 0.021+/-0.010
load analysis view
position_magnet ('Ar40',) {'detector': 'H1'}
detector Detector(H1)
POSITION Ar40 H1
setting detector H2 to PM41 (40.9624)
setting detector H1 to Ar40 (39.9624)
setting detector AX to Ar39 (38.9624)
setting detector L1 to Ar38 (37.9624)
setting detector L2 to Ar37 (36.9624)
setting detector CDD to Ar36 (35.9624)
Mapping mass to dac mass func: "parabolic"
H1 map mass coeffs = [-0.00063987  0.15840543  0.57039999]
H1 map mass to dac 39.9624 >> 5.87879
GetDeflection H1 ===>> 0
GetHighVoltage ===>> 4499.94659342336
positioning Ar40 (5.87875538036) on H1
setting magnet DAC
current  : 5.878756
requested: 5.878755
Delta Dac: 0.000000
Checking detector protection. dv=0.00000
Checking detector "CDD". Protection Threshold: 0.1 (V)
SetMagnetDAC 5.87875538036 ===>> OK
Magnet settling time: 0.500
close ('S',) {}
closing name=S desc=---
checking ownership. requestor=129.138.12.150
check software interlocks S
interlocks []
actuate state mode=None-script, software_lock=False
doing actuation None-script close_channel True
Close S ===>> OK
set states for children of S. state=False
handle state [('S', False)]
update switch state S False args=() kw={'refresh': False} ncanvase=3
refresh_canvas_needed fired
Get Checksum: 934146583
GetValveState S ===>> False
change switch state (True, True)
update switch state S False args=() kw={} ncanvase=3
18:16:36 -- CLOSE  VALVE-S (Microbone to Inlet Pipette)
---------------------------------------- close S () result=[(True, True)]
action=close, ok=True, locked=[False]
equilibrate () {'do_post_equilibration': False, 'inlet': 'R', 'outlet': 'O', 'eqtime': 4}
Equilibration Started
18:16:37 -- ******* Equilibration Started *******
checking ownership. requestor=129.138.12.150
check software interlocks O
interlocks []
actuate state mode=None-script, software_lock=False
doing actuation None-script close_channel True
Close O ===>> OK
GetValveState O ===>> False
change switch state (True, True)
update switch state O False args=() kw={} ncanvase=3
18:16:37 -- CLOSE  VALVE-O (Jan Ion Pump)
waiting 3s before opening inlet value ('R',)
Get Checksum: 1881737762
checking ownership. requestor=129.138.12.150
check software interlocks R
interlocks []
actuate state mode=None-script, software_lock=False
doing actuation None-script open_channel True
Open R ===>> OK
GetValveState R ===>> OK
change switch state (True, True)
update switch state R True args=() kw={} ncanvase=3
18:16:40 -- OPEN   VALVE-R (Jan Inlet)
equilibrating for 4sec
set_time_zero (0,) {}
sniff (4,) {}
py_sniff
build tables- sniff [Detector(H2), Detector(H1), Detector(AX), Detector(L1), Detector(L2), Detector(CDD)]
add group /sniff/PM41 (Group) '' table H2
add group /sniff/Ar40 (Group) '' table H1
add group /sniff/Ar39 (Group) '' table AX
add group /sniff/Ar38 (Group) '' table L1
add group /sniff/Ar37 (Group) '' table L2
add group /sniff/Ar36 (Group) '' table CDD
flush and close file /Users/jan/PychronDev/data/isotopes/17/f89d9a-b267-4d91-bccb-dfdaf42874cf.h5
measuring sniff. ncounts=4
starting measurement
GetData ===>> H2,0.18172878355706,H1,0.775788459635085,AX,1.39005112802219,L1,0.0473632580185145,L2,0.345713132...
GetData ===>> H2,5.88043973268898,H1,8.24583474552962,AX,7.91511481432012,L1,0.823007704802943,L2,1.27448197841...
Get Checksum: 646368057
GetData ===>> H2,3.14255533402284,H1,8.89409198400777,AX,4.23290892451637,L1,0.851577315334242,L2,0.17517516084...
GetData ===>> H2,0.938870517156181,H1,8.40081515678463,AX,2.83580485134752,L1,0.542007972767208,L2,0.1264654846...
Equilibration Finished
18:16:44 -- ******* Equilibration Finished *******
checking ownership. requestor=129.138.12.150
check software interlocks R
interlocks []
actuate state mode=None-script, software_lock=False
doing actuation None-script close_channel True
Close R ===>> OK
set states for children of R. state=False
handle state [('R', False)]
update switch state R False args=() kw={'refresh': False} ncanvase=3
refresh_canvas_needed fired
measurement finished
estimated time: 4.194 actual time: :4.259
flush and close file /Users/jan/PychronDev/data/isotopes/17/f89d9a-b267-4d91-bccb-dfdaf42874cf.h5
set_fits () {}
using default fits file=/Users/jan/PychronDev/scripts/measurement/fits/nominal_linear.yaml
GetValveState R ===>> False
change switch state (True, True)
update switch state R False args=() kw={} ncanvase=3
set "Ar40" to "('Linear', 'SEM')"
No fit for "PM41". defaulting to linear. check the measurement script "jan_co2_whiff_120_60_large.py"
set "PM41" to "linear"
set "Ar36" to "('Linear', 'SEM')"
set "Ar37" to "('linear', 'SEM')"
set "Ar38" to "('linear', 'SEM')"
set "Ar39" to "('Linear', 'SEM')"
18:16:45 -- CLOSE  VALVE-R (Jan Inlet)
set_baseline_fits () {}
using default fits file=/Users/jan/PychronDev/scripts/measurement/fits/nominal_linear.yaml
set "H1" to "('average', 'SEM')"
set "H2" to "('average', 'SEM')"
set "CDD" to "('average', 'SEM')"
set "L2" to "('average', 'SEM')"
set "L1" to "('average', 'SEM')"
set "AX" to "('average', 'SEM')"
whiff () {'ncounts': 1, 'conditionals': [{'action': 'run_remainder', 'attr': 'Ar40', 'teststr': 'Ar40.cur<=175'}, {'action': 'run_pipette', 'attr': 'Ar40', 'teststr': 'Ar40.cur>500'}, {'action': 'run_chamber_split', 'attr': 'Ar40', 'teststr': 'Ar40.cur>=300'}, {'action': 'pump', 'attr': 'Ar40', 'teststr': 'Ar40.cur>175'}]}
build tables- whiff [Detector(H2), Detector(H1), Detector(AX), Detector(L1), Detector(L2), Detector(CDD)]
add group /whiff/PM41 (Group) '' table H2
add group /whiff/Ar40 (Group) '' table H1
add group /whiff/Ar39 (Group) '' table AX
add group /whiff/Ar38 (Group) '' table L1
add group /whiff/Ar37 (Group) '' table L2
add group /whiff/Ar36 (Group) '' table CDD
flush and close file /Users/jan/PychronDev/data/isotopes/17/f89d9a-b267-4d91-bccb-dfdaf42874cf.h5
measuring whiff. ncounts=1
starting measurement
GetData ===>> H2,0.191545934209869,H1,8.01800921321794,AX,2.43032903056542,L1,0.202296013890156,L2,0.2334631727...
Get Checksum: 1881737762
testing Ar40<=175
evaluate ot="Ar40.cur<=175" t="Ar40<=175", ctx="{'Ar40': 8.0180092132179404}"
condition Ar40<=175 is true trips=1/1
18:16:47 -- Conditional tripped: Ar40.cur<=175 condition Ar40<=175 is True
measurement finished
estimated time: 1.049 actual time: :1.105
flush and close file /Users/jan/PychronDev/data/isotopes/17/f89d9a-b267-4d91-bccb-dfdaf42874cf.h5
WHIFF Result=run_remainder
Whiff result=run_remainder
open ('R',) {}
opening name=R desc=---
checking ownership. requestor=129.138.12.150
check software interlocks R
interlocks []
actuate state mode=None-script, software_lock=False
doing actuation None-script open_channel True
Open R ===>> OK
set states for children of R. state=True
handle state [('R', True)]
update switch state R True args=() kw={'refresh': False} ncanvase=3
refresh_canvas_needed fired
GetValveState R ===>> OK
change switch state (True, True)
update switch state R True args=() kw={} ncanvase=3
18:16:47 -- OPEN   VALVE-R (Jan Inlet)
---------------------------------------- open R () result=[(True, True)], time=0.41 sec
action=open, ok=True, locked=[False]
open ('S',) {}
opening name=S desc=---
checking ownership. requestor=129.138.12.150
check software interlocks S
interlocks []
actuate state mode=None-script, software_lock=False
doing actuation None-script open_channel True
Open S ===>> OK
GetValveState S ===>> OK
change switch state (True, True)
update switch state S True args=() kw={} ncanvase=3
18:16:48 -- OPEN   VALVE-S (Microbone to Inlet Pipette)
---------------------------------------- open S () result=[(True, True)], time=0.44 sec
action=open, ok=True, locked=[False]
sleep (12.0,) {}
SLEEP 12.0
block started
WaitControl setup for 12.0  
set states for children of Y. state=False
handle state [('Y', False)]
update switch state Y False args=() kw={'refresh': False} ncanvase=3
refresh_canvas_needed fired
Get Checksum: 1097908818
set states for children of Z. state=True
handle state [('Z', True)]
update switch state Z True args=() kw={'refresh': False} ncanvase=3
refresh_canvas_needed fired
Get Checksum: -1496593277
Get Checksum: -1496593277
Get Checksum: -1496593277
Join finished
block finished. duration 12.0121700764
close ('R',) {}
closing name=R desc=---
checking ownership. requestor=129.138.12.150
check software interlocks R
interlocks []
actuate state mode=None-script, software_lock=False
doing actuation None-script close_channel True
Close R ===>> OK
GetValveState R ===>> False
change switch state (True, True)
update switch state R False args=() kw={} ncanvase=3
18:17:01 -- CLOSE  VALVE-R (Jan Inlet)
---------------------------------------- close R () result=[(True, True)]
action=close, ok=True, locked=[False]
post_equilibration () {}
multicollect () {'integration_time': 1, 'ncounts': 120.0}
Post Equilibration Started jan_pump_extraction_line.py
build tables- signal [Detector(H2), Detector(H1), Detector(AX), Detector(L1), Detector(L2), Detector(CDD)]
18:17:01 -- ******* Post Equilibration Started jan_pump_extraction_line.py *******
add group /signal/PM41 (Group) '' table H2
testing...
add group /signal/Ar40 (Group) '' table H1
no interpolation path defined
add group /signal/Ar39 (Group) '' table AX
add group /signal/Ar38 (Group) '' table L1
calculate duration
add group /signal/Ar37 (Group) '' table L2
testing...
add group /signal/Ar36 (Group) '' table CDD
no interpolation path defined
flush and close file /Users/jan/PychronDev/data/isotopes/17/f89d9a-b267-4d91-bccb-dfdaf42874cf.h5
executed 4.0
measuring signal. ncounts=120.0
executed 4.0
Pump after analysis
doing GOSUB
testing...
no interpolation path defined
executed 4.0
Pump Microbone
close () {'description': 'Jan Inlet'}
closing name=--- desc=Jan Inlet
checking ownership. requestor=129.138.12.150
check software interlocks R
interlocks []
actuate state mode=None-script, software_lock=False
doing actuation None-script close_channel False
Close R ===>> OK
GetValveState R ===>> False
change switch state (True, True)
update switch state R False args=() kw={} ncanvase=3
Get Checksum: -1160842058
18:17:02 -- CLOSE  VALVE-R (Jan Inlet)
---------------------------------------- close None (Jan Inlet) result=[(True, True)]
starting measurement
GetData ===>> H2,-0.0252638164196828,H1,218.991079697739,AX,57.8782722543627,L1,0.788620296248375,L2,0.10783668...
action=close, ok=True, locked=[False]
is_closed ('F',) {}
is F () closed?
is closed True
open () {'description': 'CO2 Laser to Jan'}
opening name=--- desc=CO2 Laser to Jan
checking ownership. requestor=129.138.12.150
check software interlocks A
interlocks []
actuate state mode=None-script, software_lock=False
doing actuation None-script open_channel False
Open A ===>> OK
GetValveState A ===>> OK
change switch state (True, True)
update switch state A True args=() kw={} ncanvase=3
18:17:02 -- OPEN   VALVE-A (CO2 Laser to Jan)
---------------------------------------- open None (CO2 Laser to Jan) result=[(True, True)], time=0.16 sec
action=open, ok=True, locked=[False]
sleep (1,) {}
SLEEP 1.0
GetData ===>> H2,0.139927914034586,H1,218.979512839697,AX,57.8751575595333,L1,0.813030506201373,L2,0.0434348705...
close () {'description': 'CO2 Laser to Roughing'}
closing name=--- desc=CO2 Laser to Roughing
checking ownership. requestor=129.138.12.150
check software interlocks G
interlocks []
actuate state mode=None-script, software_lock=True
VALVE-G(CO2 Laser to Roughing) software locked
change switch state (True, False)
---------------------------------------- close None (CO2 Laser to Roughing) result=[(True, False)]
action=close, ok=True, locked=[True]
open () {'description': 'Microbone to Turbo'}
opening name=--- desc=Microbone to Turbo
checking ownership. requestor=129.138.12.150
check software interlocks U
interlocks []
actuate state mode=None-script, software_lock=False
doing actuation None-script open_channel True
Open U ===>> OK
GetValveState U ===>> OK
change switch state (True, True)
update switch state U True args=() kw={} ncanvase=3
18:17:03 -- OPEN   VALVE-U (Microbone to Turbo)
---------------------------------------- open None (Microbone to Turbo) result=[(True, True)], time=0.17 sec
action=open, ok=True, locked=[False]
open () {'description': 'Microbone to Getter NP-10'}
opening name=--- desc=Microbone to Getter NP-10
checking ownership. requestor=129.138.12.150
check software interlocks M
interlocks []
actuate state mode=None-script, software_lock=False
doing actuation None-script open_channel False
Open M ===>> OK
GetData ===>> H2,-0.018446416593496,H1,218.944741162509,AX,57.9250018975464,L1,0.782007863853364,L2,0.098272872...
GetValveState M ===>> OK
change switch state (True, True)
update switch state M True args=() kw={} ncanvase=3
18:17:04 -- OPEN   VALVE-M (Microbone to Getter NP-10)
---------------------------------------- open None (Microbone to Getter NP-10) result=[(True, True)], time=0.17 sec
action=open, ok=True, locked=[False]
open () {'description': 'Microbone to Getter D-50'}
opening name=--- desc=Microbone to Getter D-50
checking ownership. requestor=129.138.12.150
check software interlocks K
interlocks []
actuate state mode=None-script, software_lock=False
doing actuation None-script open_channel False
Open K ===>> OK
GetValveState K ===>> OK
change switch state (True, True)
update switch state K True args=() kw={} ncanvase=3
18:17:04 -- OPEN   VALVE-K (Microbone to Getter D-50)
---------------------------------------- open None (Microbone to Getter D-50) result=[(True, True)], time=0.41 sec
Get Checksum: 236831195
action=open, ok=True, locked=[False]
open () {'description': 'Microbone to CO2 Laser'}
opening name=--- desc=Microbone to CO2 Laser
checking ownership. requestor=129.138.12.150
check software interlocks T
interlocks []
actuate state mode=None-script, software_lock=False
doing actuation None-script open_channel False
GetData ===>> H2,-0.091977008535149,H1,218.594050492717,AX,57.8119473632901,L1,0.752028322978229,L2,0.174969823...
Open T ===>> OK
GetValveState T ===>> OK
change switch state (True, True)
update switch state T True args=() kw={} ncanvase=3
18:17:05 -- OPEN   VALVE-T (Microbone to CO2 Laser)
---------------------------------------- open None (Microbone to CO2 Laser) result=[(True, True)], time=0.40 sec
action=open, ok=True, locked=[False]
open () {'description': 'Microbone to Inlet Pipette'}
opening name=--- desc=Microbone to Inlet Pipette
checking ownership. requestor=129.138.12.150
check software interlocks S
interlocks []
actuate state mode=None-script, software_lock=False
doing actuation None-script open_channel False
Open S ===>> OK
GetValveState S ===>> OK
change switch state (True, True)
update switch state S True args=() kw={} ncanvase=3
18:17:06 -- OPEN   VALVE-S (Microbone to Inlet Pipette)
---------------------------------------- open None (Microbone to Inlet Pipette) result=[(True, True)], time=0.42 sec
GetData ===>> H2,-0.115970012442877,H1,218.685551367998,AX,57.745117475979,L1,0.745707749261464,L2,0.1155089377...
action=open, ok=True, locked=[False]
sleep (1,) {}
SLEEP 1.0
GetData ===>> H2,-0.15123032382898,H1,218.898238066581,AX,57.7541731921791,L1,0.761865016883409,L2,0.1096036397...
set_resource () {'name': 'CO2PumpTimeFlag', 'value': 30}
Set CO2PumpTimeFlag 30 ===>> OK
release ('JanCO2Flag',) {}
release JanCO2Flag
Set JanCO2Flag 0 ===>> OK
executed 6.0
PumpMicrobone.py completed successfully
gosub finished
get_resource_value () {'name': 'JanMiniboneFlag'}
Read JanMiniboneFlag ===>> 0
Get Resource Value JanMiniboneFlag=0.0
get resource value 0.0
get_resource_value () {'name': 'JanMiniboneFlag'}
Read JanMiniboneFlag ===>> 0
Get Resource Value JanMiniboneFlag=0.0
executed 4.0
jan_pump_extraction_line.py completed successfully
Post Equilibration Finished
18:17:07 -- ******* Post Equilibration Finished *******
set states for children of Z. state=False
handle state [('Z', False)]
update switch state Z False args=() kw={'refresh': False} ncanvase=3
refresh_canvas_needed fired
Get Checksum: 610848153
GetData ===>> H2,-0.114528748400966,H1,218.68537666169,AX,57.7294896203128,L1,0.683488085656987,L2,0.0207345554...
GetData ===>> H2,-0.0916220482370097,H1,218.547283463999,AX,57.7238797071986,L1,0.681487455225769,L2,0.07953559...
GetData ===>> H2,-0.158902320467993,H1,218.565924138603,AX,57.6952925758661,L1,0.703243821866634,L2,0.126989971...
Get Checksum: 268272333
State checksums do not match. Local:610848153 Remote:268272333
State checksum failed
GetData ===>> H2,-0.169377287844014,H1,218.464954957413,AX,57.5766503393264,L1,0.712803661609114,L2,0.140775871...
set states for children of Y. state=True
handle state [('Y', True)]
update switch state Y True args=() kw={'refresh': False} ncanvase=3
refresh_canvas_needed fired
GetData ===>> H2,-0.0827956152413982,H1,218.433755600731,AX,57.6398811614068,L1,0.736604533899758,L2,0.09016889...
GetData ===>> H2,-0.0816617587845588,H1,218.408132726431,AX,57.4710717871499,L1,0.755385582239283,L2,0.12652249...
Get Checksum: 268272333
GetData ===>> H2,-0.0411870086600969,H1,218.162445439568,AX,57.4068539457154,L1,0.751912531725595,L2,0.23625978...
GetData ===>> H2,-0.0799993777531167,H1,218.036758026232,AX,57.5176290573028,L1,0.723730377909876,L2,0.02648038...
GetData ===>> H2,-0.0920528764740864,H1,218.062807510421,AX,57.6370856795744,L1,0.737108056814747,L2,0.16558180...
Get Checksum: 268272333
GetData ===>> H2,-0.083134260118743,H1,217.960547646354,AX,57.6844669469458,L1,0.706263863312417,L2,0.154267222...
GetData ===>> H2,-0.0365668759261831,H1,217.966478000347,AX,57.5849037967667,L1,0.697511627739923,L2,0.17404581...
GetData ===>> H2,-0.00393473201530423,H1,217.944327243221,AX,57.3454961710634,L1,0.707233889579217,L2,0.1608938...
Get Checksum: 268272333
GetData ===>> H2,-0.00663702195747315,H1,218.011833328139,AX,57.5419135639923,L1,0.701766406576068,L2,0.1917062...
GetData ===>> H2,-0.023921156058182,H1,217.767576646705,AX,57.5819872127619,L1,0.734138459318951,L2,-0.01179583...
GetData ===>> H2,-0.164025585535155,H1,217.70547164592,AX,57.5375251757654,L1,0.710017782421896,L2,0.1162955782...
Get Checksum: 268272333
GetData ===>> H2,-0.249679017004289,H1,217.67769365033,AX,57.5020329358687,L1,0.751257650519075,L2,0.1765897198...
GetData ===>> H2,-0.127570597499082,H1,217.437683219314,AX,57.3461418868254,L1,0.729466595330485,L2,0.168410663...
GetData ===>> H2,-0.12034140427541,H1,217.41165107903,AX,57.1581293654265,L1,0.665840573503389,L2,0.11916858132...
set states for children of Y. state=False
handle state [('Y', False)]
update switch state Y False args=() kw={'refresh': False} ncanvase=3
refresh_canvas_needed fired
Get Checksum: 610848153
18:17:27 -- collecting point 25
GetData ===>> H2,-0.215569593115869,H1,217.372708477405,AX,57.2167687411516,L1,0.724778176991857,L2,0.146112881...
GetData ===>> H2,-0.258948863664108,H1,217.082464636539,AX,57.2124452749108,L1,0.693181638543585,L2,0.030254122...
Get Checksum: 855128171
State checksums do not match. Local:610848153 Remote:855128171
State checksum failed
GetData ===>> H2,-0.166609295406694,H1,217.132948855742,AX,57.269264904889,L1,0.721728292993304,L2,0.1816321081...
set states for children of V. state=False
handle state [('V', False)]
update switch state V False args=() kw={'refresh': False} ncanvase=3
refresh_canvas_needed fired
GetData ===>> H2,-0.195660527622832,H1,217.034049792894,AX,57.2399048097995,L1,0.701766406576068,L2,0.177468125...
GetData ===>> H2,-0.203373333578813,H1,216.941578087532,AX,57.2272927983695,L1,0.682841838754402,L2,0.097007648...
set states for children of H. state=True
handle state [('H', True)]
update switch state H True args=() kw={'refresh': False} ncanvase=3
refresh_canvas_needed fired
Get Checksum: 1447832503
GetData ===>> H2,-0.169817189251386,H1,216.872411980581,AX,57.160905377374,L1,0.679778603620883,L2,0.0741133661...
GetData ===>> H2,-0.165250018883796,H1,216.791299096161,AX,57.071383578921,L1,0.704638247062345,L2,0.1533890295...
GetData ===>> H2,-0.13381028553025,H1,216.658925802842,AX,57.1610704394715,L1,0.745295887163159,L2,0.1593540584...
Get Checksum: 1447832503
GetData ===>> H2,-0.107278529567129,H1,216.589654331277,AX,57.121506743417,L1,0.727140150430806,L2,0.0885162637...
GetData ===>> H2,-0.123755087562585,H1,216.347636169052,AX,57.0467035626379,L1,0.723983928178157,L2,0.099697693...
GetData ===>> H2,-0.234504115288345,H1,216.39978547971,AX,56.9998277530484,L1,0.768847210939293,L2,0.1619432019...
Get Checksum: 1447832503
GetData ===>> H2,-0.151223572347051,H1,216.621592350008,AX,57.0501993225066,L1,0.758603442452448,L2,0.165125549...
GetData ===>> H2,-0.0205993038932896,H1,216.345501045745,AX,57.0510545231786,L1,0.728054004660345,L2,0.09725841...
GetData ===>> H2,-0.0199337859236921,H1,216.334031339346,AX,57.0269610935204,L1,0.697288262617833,L2,0.05430237...
Get Checksum: 1447832503
GetData ===>> H2,-0.245994508679333,H1,216.392388656866,AX,56.9786831029117,L1,0.704265719842464,L2,0.122782759...
GetData ===>> H2,-0.122747589726138,H1,216.404700292481,AX,56.9985979668646,L1,0.717762540591222,L2,0.101350513...
GetData ===>> H2,-0.210612113158659,H1,216.153310973177,AX,56.9322373341139,L1,0.721845101793359,L2,0.147675268...
Get Checksum: 1447832503
GetData ===>> H2,-0.152983511658326,H1,216.001496433129,AX,56.9834515860539,L1,0.721000131456515,L2,0.082270733...
GetData ===>> H2,-0.158882060473734,H1,215.705079820022,AX,56.9444992702619,L1,0.723597390772159,L2,0.158453007...
GetData ===>> H2,-0.194481950451808,H1,215.7277590122,AX,56.7369982958478,L1,0.701379085288269,L2,0.28047517127...
Get Checksum: 1447832503
GetData ===>> H2,-0.174828773565589,H1,215.754977307889,AX,56.7962319823079,L1,0.712589910346394,L2,0.073121008...
GetData ===>> H2,-0.0912873999425152,H1,215.648107712954,AX,56.9099200800299,L1,0.726179135663107,L2,0.07531105...
GetData ===>> H2,-0.147207078367296,H1,215.568274031821,AX,56.8391841178723,L1,0.687880153910422,L2,0.033093074...
Get Checksum: 1447832503
GetData ===>> H2,-0.152372675719434,H1,215.60442893201,AX,56.8267585621383,L1,0.704844384513034,L2,0.1480744220...
GetData ===>> H2,-0.239342130617618,H1,215.655689876716,AX,57.0697491378891,L1,0.741832408823075,L2,0.044312891...
Get Checksum: 1447832503
18:17:53 -- collecting point 50
GetData ===>> H2,-0.203378725309905,H1,215.411502381962,AX,56.8882361180764,L1,0.724410254530764,L2,0.046411052...
GetData ===>> H2,-0.0248371176160518,H1,215.347735694524,AX,56.849437249952,L1,0.700574694763304,L2,0.203664299...
GetData ===>> H2,-0.00290505509681857,H1,215.259591746363,AX,56.8382847601995,L1,0.681165008924633,L2,0.1261006...
Get Checksum: 1447832503
GetData ===>> H2,-0.0290870859296738,H1,215.077042328454,AX,56.7251369359951,L1,0.707309657275328,L2,0.07255069...
GetData ===>> H2,-0.0776822066504997,H1,215.226275151869,AX,56.7931752367272,L1,0.695629101368476,L2,0.09078435...
testing age>100.0
evaluate ot="age>100.0" t="age>100.0", ctx="{'age': 25.569263093776527}"
GetData ===>> H2,-0.136552563551666,H1,215.086940120707,AX,56.7130371059886,L1,0.694657994541095,L2,0.165513369...
Get Checksum: 1447832503
GetData ===>> H2,-0.17399171098772,H1,215.035229363308,AX,56.4920521607622,L1,0.701426258264974,L2,0.2017244418...
GetData ===>> H2,-0.223749740217822,H1,214.825778481779,AX,56.4580149191536,L1,0.716171445451463,L2,0.183354794...
GetData ===>> H2,-0.213048701345497,H1,214.938095511081,AX,56.5702416712426,L1,0.709012712598053,L2,0.189732428...
set states for children of H. state=False
handle state [('H', False)]
update switch state H False args=() kw={'refresh': False} ncanvase=3
refresh_canvas_needed fired
Get Checksum: 855128171
GetData ===>> H2,-0.173436956107093,H1,214.854470835042,AX,56.5517272186789,L1,0.705339876147084,L2,0.135564590...
testing age>100.0
evaluate ot="age>100.0" t="age>100.0", ctx="{'age': 25.57266885980743}"
GetData ===>> H2,-0.149589595496548,H1,214.521443345029,AX,56.3649610411969,L1,0.72429714584129,L2,0.0164482095...
set states for children of C. state=True
handle state [('C', True)]
update switch state C True args=() kw={'refresh': False} ncanvase=3
refresh_canvas_needed fired
GetData ===>> H2,-0.126468801295242,H1,214.543487409943,AX,56.601394616032,L1,0.716866976303872,L2,0.0636656065...
Get Checksum: -344170657
State checksums do not match. Local:1242363369 Remote:-344170657
State checksum failed
GetData ===>> H2,-0.254771316905558,H1,214.600906888282,AX,56.5077567071045,L1,0.69981877322686,L2,0.0607687224...
set states for children of B. state=True
set states for children of D. state=True
handle state [('B', True), ('D', True)]
update switch state B True args=() kw={'refresh': True} ncanvase=3
update switch state D True args=() kw={'refresh': False} ncanvase=3
refresh_canvas_needed fired
GetData ===>> H2,-0.258815818934096,H1,214.401866769221,AX,56.5617848527519,L1,0.669854877869449,L2,0.226283661...
GetData ===>> H2,-0.290332221783703,H1,214.188017263943,AX,56.4682071623405,L1,0.713766839389113,L2,0.128802891...
set states for children of I. state=False
set states for children of Q. state=True
set states for children of P. state=True
handle state [('I', False), ('Q', True), ('P', True)]
update switch state I False args=() kw={'refresh': True} ncanvase=3
update switch state Q True args=() kw={'refresh': True} ncanvase=3
update switch state P True args=() kw={'refresh': False} ncanvase=3
refresh_canvas_needed fired
Get Checksum: 1695186306
testing age>100.0
evaluate ot="age>100.0" t="age>100.0", ctx="{'age': 25.594700041322273}"
testing Ar39<0.5
evaluate ot="Ar39<0.5" t="Ar39<0.5", ctx="{'Ar39': 58.341240780054335}"
GetData ===>> H2,-0.298845785071567,H1,214.12364804536,AX,56.6149600131846,L1,0.76392332028619,L2,0.09306390482...
GetData ===>> H2,-0.174101072676503,H1,214.190980655398,AX,56.3154403571639,L1,0.729375815708587,L2,0.130171156...
GetData ===>> H2,-0.0593804377686536,H1,214.048765252119,AX,56.4451598039443,L1,0.722409281860192,L2,0.10048420...
Get Checksum: 1695186306
GetData ===>> H2,-0.111204347183188,H1,213.889801078538,AX,56.4150998350706,L1,0.722010376053656,L2,0.059411550...
GetData ===>> H2,-0.116170286302791,H1,213.956792525347,AX,56.4613523761221,L1,0.682618576594493,L2,0.154689214...
testing age>100.0
evaluate ot="age>100.0" t="age>100.0", ctx="{'age': 25.60936693544376}"
testing Ar39<0.5
evaluate ot="Ar39<0.5" t="Ar39<0.5", ctx="{'Ar39': 58.326758210102014}"
GetData ===>> H2,-0.103822528672538,H1,214.023682218729,AX,56.472338174907,L1,0.69228524860237,L2,-0.0464455038...
GetData ===>> H2,-0.0975221624226339,H1,213.850491607479,AX,56.3526238655134,L1,0.721671131716751,L2,0.15391366...
GetData ===>> H2,-0.213327481442727,H1,213.737130676613,AX,56.2979533212708,L1,0.696667829069781,L2,0.133637514...
Get Checksum: 1695186306
GetData ===>> H2,-0.206173991787445,H1,213.772600176608,AX,56.2274614542785,L1,0.679343374919892,L2,0.092106488...
GetData ===>> H2,-0.210660607596643,H1,213.814194551034,AX,56.2676223097396,L1,0.727020795787957,L2,0.118530128...
testing age>100.0
evaluate ot="age>100.0" t="age>100.0", ctx="{'age': 25.614464204804573}"
testing Ar39<0.5
evaluate ot="Ar39<0.5" t="Ar39<0.5", ctx="{'Ar39': 58.32157796399677}"
18:18:19 -- collecting point 75
GetData ===>> H2,-0.146846415653682,H1,213.731680061413,AX,56.2911775629249,L1,0.723957827130711,L2,0.201553279...
Get Checksum: 1695186306
GetData ===>> H2,-0.136602589094803,H1,213.414328237247,AX,56.2618052169766,L1,0.70016011031596,L2,0.1064345373...
GetData ===>> H2,-0.172700414479241,H1,213.208779323221,AX,56.1621490288988,L1,0.681721855151681,L2,0.137776784...
GetData ===>> H2,-0.102573292385003,H1,213.389903515353,AX,56.2276109496328,L1,0.694343832300669,L2,0.127332028...
Get Checksum: 1695186306
GetData ===>> H2,-0.144260654909991,H1,213.379380331669,AX,56.2843872141132,L1,0.661956677565426,L2,0.014453300...
testing age>100.0
evaluate ot="age>100.0" t="age>100.0", ctx="{'age': 25.62810172330688}"
testing Ar39<0.5
evaluate ot="Ar39<0.5" t="Ar39<0.5", ctx="{'Ar39': 58.31115291618255}"
GetData ===>> H2,-0.180793078237174,H1,213.184318352641,AX,56.1449223804049,L1,0.659040371598665,L2,0.081586940...
Get Checksum: 1695186306
GetData ===>> H2,-0.0951684436797515,H1,213.136882666805,AX,56.1311176074385,L1,0.688680603179231,L2,0.14928329...
GetData ===>> H2,-0.087003577740831,H1,212.981973101224,AX,56.0210809347039,L1,0.708269843167961,L2,0.154985750...
GetData ===>> H2,-0.183591263942026,H1,212.878531645039,AX,56.1219691088089,L1,0.705467788840291,L2,0.193588877...
Get Checksum: 1695186306
GetData ===>> H2,-0.185798023845861,H1,212.638908684658,AX,56.1732811226941,L1,0.665248105092382,L2,0.055682279...
testing age>100.0
evaluate ot="age>100.0" t="age>100.0", ctx="{'age': 25.6291960949266}"
testing Ar39<0.5
evaluate ot="Ar39<0.5" t="Ar39<0.5", ctx="{'Ar39': 58.307364383807666}"
GetData ===>> H2,-0.170396051883277,H1,212.83419897186,AX,56.1949653928463,L1,0.674080372399871,L2,0.0789088004...
GetData ===>> H2,-0.254315564295383,H1,212.586982433614,AX,56.1441305792021,L1,0.690548557420181,L2,0.134606749...
Get Checksum: 1695186306
GetData ===>> H2,-0.196771927384064,H1,212.628650308331,AX,56.0512402622974,L1,0.705700022693521,L2,0.150731688...
GetData ===>> H2,-0.233354993584069,H1,212.580169773719,AX,56.0133144769762,L1,0.75144066451736,L2,0.1468655611...
GetData ===>> H2,-0.193534471129434,H1,212.254534717605,AX,55.9218495167124,L1,0.779766021234747,L2,0.025465718...
Get Checksum: 1695186306
testing age>100.0
evaluate ot="age>100.0" t="age>100.0", ctx="{'age': 25.64235970032183}"
testing Ar39<0.5
evaluate ot="Ar39<0.5" t="Ar39<0.5", ctx="{'Ar39': 58.29610040102558}"
GetData ===>> H2,-0.132904160425933,H1,212.244384273794,AX,55.9765946102253,L1,0.710581856638893,L2,0.093200679...
GetData ===>> H2,-0.237845861101677,H1,212.236716473175,AX,55.9376668485564,L1,0.679045793120063,L2,0.193280812...
GetData ===>> H2,-0.288244121323392,H1,212.209733980349,AX,55.7939653017391,L1,0.682327102646463,L2,0.158395979...
Get Checksum: 1695186306
GetData ===>> H2,-0.100599679332426,H1,212.251954048934,AX,55.9940945632215,L1,0.713180222458119,L2,0.029741067...
GetData ===>> H2,-0.176139597265199,H1,212.116525880455,AX,56.0511058064002,L1,0.70622536221182,L2,0.0995495111...
testing age>100.0
evaluate ot="age>100.0" t="age>100.0", ctx="{'age': 25.643789681506853}"
testing Ar39<0.5
evaluate ot="Ar39<0.5" t="Ar39<0.5", ctx="{'Ar39': 58.28838758890717}"
GetData ===>> H2,-0.135347827771086,H1,212.087114257772,AX,55.9907048764006,L1,0.692822825000915,L2,0.104701835...
Get Checksum: 1695186306
GetData ===>> H2,-0.051261247855838,H1,211.820596024924,AX,55.9359939107328,L1,0.671170587572372,L2,0.156593903...
GetData ===>> H2,-0.146277706946727,H1,211.790206653434,AX,55.7644092303402,L1,0.703180499772509,L2,0.136089126...
GetData ===>> H2,-0.214081634694955,H1,211.960326981798,AX,55.7606027951295,L1,0.686133030305227,L2,0.137366270...
Get Checksum: 1695186306
GetData ===>> H2,-0.184855212681035,H1,211.778415478086,AX,55.9521566194765,L1,0.692327459140371,L2,0.105625179...
testing age>100.0
evaluate ot="age>100.0" t="age>100.0", ctx="{'age': 25.66194572980255}"
testing Ar39<0.5
evaluate ot="Ar39<0.5" t="Ar39<0.5", ctx="{'Ar39': 58.27769165527863}"
18:18:46 -- collecting point 100
GetData ===>> H2,-0.103278457813089,H1,211.804909836391,AX,55.8894145495386,L1,0.694304097040057,L2,0.113365660...
GetData ===>> H2,-0.141695927397794,H1,211.702995414361,AX,55.8047528684865,L1,0.723245666607295,L2,0.194661409...
Get Checksum: 1695186306
GetData ===>> H2,-0.114979416814715,H1,211.496401553682,AX,55.7304987156535,L1,0.717571248556305,L2,0.089473643...
GetData ===>> H2,-0.0832602334395642,H1,211.371000169501,AX,55.5486118084282,L1,0.709565551128296,L2,0.04829259...
Get Checksum: 1695186306
GetData ===>> H2,-0.0860150428865181,H1,211.509649826307,AX,55.6614523488396,L1,0.694368666915511,L2,0.21396902...
testing age>100.0
evaluate ot="age>100.0" t="age>100.0", ctx="{'age': 25.666519483800446}"
testing Ar39<0.5
evaluate ot="Ar39<0.5" t="Ar39<0.5", ctx="{'Ar39': 58.276991414581424}"
GetData ===>> H2,-0.0959025095412803,H1,211.351230368686,AX,55.6267943318796,L1,0.720344084047215,L2,0.16107634...
GetData ===>> H2,-0.111228715227454,H1,211.209435535693,AX,55.5804247102424,L1,0.673566821836776,L2,0.040139513...
Get Checksum: 1695186306
GetData ===>> H2,-0.150998070541022,H1,211.202741254473,AX,55.6844536280546,L1,0.666363659434396,L2,0.040128110...
GetData ===>> H2,-0.225548906630346,H1,211.153484910275,AX,55.511678422875,L1,0.716578822179689,L2,0.1612702460...
GetData ===>> H2,-0.114166035306317,H1,211.016693471369,AX,55.6146424376377,L1,0.709262418056539,L2,0.028532549...
Get Checksum: 1695186306
testing age>100.0
evaluate ot="age>100.0" t="age>100.0", ctx="{'age': 25.675554263767317}"
testing Ar39<0.5
evaluate ot="Ar39<0.5" t="Ar39<0.5", ctx="{'Ar39': 58.27865116853033}"
GetData ===>> H2,-0.142751346510493,H1,210.862681517879,AX,55.6168192546389,L1,0.651826626493902,L2,0.172790991...
GetData ===>> H2,-0.0706803984154582,H1,210.836746537388,AX,55.5339683623926,L1,0.670646019841547,L2,0.22707121...
GetData ===>> H2,-0.08337130553248,H1,211.01323759497,AX,55.532357986176,L1,0.697108333085211,L2,0.130011524493...
Get Checksum: 1695186306
GetData ===>> H2,-0.105469469942233,H1,210.836673071837,AX,55.4483042591614,L1,0.709108370201249,L2,0.101019947...
GetData ===>> H2,-0.233804429809098,H1,210.521714944305,AX,55.4680791557139,L1,0.708202763919026,L2,0.159753261...
testing age>100.0
evaluate ot="age>100.0" t="age>100.0", ctx="{'age': 25.682871118035834}"
testing Ar39<0.5
evaluate ot="Ar39<0.5" t="Ar39<0.5", ctx="{'Ar39': 58.277585799449625}"
GetData ===>> H2,-0.259444743837718,H1,210.504168050269,AX,55.4187744025068,L1,0.707093534482427,L2,0.048577679...
Get Checksum: 1695186306
GetData ===>> H2,-0.180883483667535,H1,210.308263165017,AX,55.4644577463755,L1,0.712562570384694,L2,0.001082781...
GetData ===>> H2,-0.192186568683303,H1,210.300705279965,AX,55.4965771957871,L1,0.730970169952869,L2,0.106571330...
GetData ===>> H2,-0.126955497469509,H1,210.242808450625,AX,55.438589328809,L1,0.716141638022981,L2,0.1922995740...
Get Checksum: 1695186306
GetData ===>> H2,-0.210028816540442,H1,210.281872926023,AX,55.4502860784266,L1,0.703620037535512,L2,0.106183749...
testing age>100.0
evaluate ot="age>100.0" t="age>100.0", ctx="{'age': 25.68537456252821}"
testing Ar39<0.5
evaluate ot="Ar39<0.5" t="Ar39<0.5", ctx="{'Ar39': 58.27202967636748}"
GetData ===>> H2,-0.277196498399198,H1,210.37729983567,AX,55.3006172028519,L1,0.715591528435298,L2,0.1189177601...
measurement finished
estimated time: 125.829 actual time: :126.110
flush and close file /Users/jan/PychronDev/data/isotopes/17/f89d9a-b267-4d91-bccb-dfdaf42874cf.h5
baselines () {'settling_time': 15.0, 'detector': 'H1', 'mass': 34.2, 'ncounts': 60.0}
%%%%%%%%%%%%%%%%%%%%%%%%%%%%%%%% Baseline
build tables- baseline [Detector(H2), Detector(H1), Detector(AX), Detector(L1), Detector(L2), Detector(CDD)]
add group baseline table H2
add group baseline table H1
add group baseline table AX
add group baseline table L1
add group baseline table L2
add group baseline table CDD
flush and close file /Users/jan/PychronDev/data/isotopes/17/f89d9a-b267-4d91-bccb-dfdaf42874cf.h5
detector Detector(H1)
POSITION 34.2 H1
Mapping mass to dac mass func: "parabolic"
H1 map mass coeffs = [-0.00063987  0.15840543  0.57039999]
H1 map mass to dac 34.2 >> 5.23944599104
GetDeflection H1 ===>> 0
GetHighVoltage ===>> 4499.94659342336
positioning 34.2 (5.23941513644) on H1
setting magnet DAC
current  : 5.878755
requested: 5.239415
Delta Dac: 0.639340
Checking detector protection. dv=0.63934
Checking detector "CDD". Protection Threshold: 0.1 (V)
ProtectDetector CDD,On ===>> OK
GetDeflection CDD ===>> 2000
SetMagnetDAC 5.23941513644 ===>> OK
Magnet settling time: 0.500
Get Checksum: 1695186306
GetMagnetMoving ===>> True
GetMagnetMoving ===>> True
GetMagnetMoving ===>> True
GetMagnetMoving ===>> True
GetMagnetMoving ===>> True
GetMagnetMoving ===>> True
GetMagnetMoving ===>> True
GetMagnetMoving ===>> True
GetMagnetMoving ===>> False
ProtectDetector CDD,Off ===>> OK
GetDeflection CDD ===>> 50
Delaying 15.0s for detectors to settle
Get Checksum: 1695186306
Get Checksum: 1695186306
Get Checksum: 1695186306
Get Checksum: 1695186306
Get Checksum: 1695186306
Join finished
measuring baseline. ncounts=60.0
starting measurement
GetData ===>> H2,-0.139008962785718,H1,-0.0558724014471544,AX,-0.0448958599596011,L1,-0.0130528737419694,L2,-0....
Get Checksum: 1695186306
GetData ===>> H2,-0.104554682411805,H1,-0.0392160845869903,AX,-0.0380659118040092,L1,-0.00135128645758497,L2,-0...
GetData ===>> H2,-0.120789136758946,H1,-0.116822564809049,AX,-0.116876852422164,L1,-0.026043047885399,L2,-0.046...
GetData ===>> H2,-0.165559143759452,H1,-0.149188714936366,AX,-0.0967715809125911,L1,-0.0386454371994487,L2,-0.0...
Get Checksum: 1695186306
GetData ===>> H2,-0.170509392152461,H1,0.0381284266569139,AX,-0.0925530023834279,L1,-0.0400205410291529,L2,-0.0...
GetData ===>> H2,-0.121048840560922,H1,0.0110796811495951,AX,-0.0210759311760735,L1,0.00238500348997439,L2,0.01...
GetData ===>> H2,-0.19654264268171,H1,0.0188702113948171,AX,-0.126458709937354,L1,0.000115219108721231,L2,-0.04...
Get Checksum: 1695186306
GetData ===>> H2,-0.201835237351135,H1,-0.0628584063079749,AX,-0.0423216403692168,L1,-0.0453502846354508,L2,-0....
GetData ===>> H2,-0.304366394827469,H1,0.0363384735471374,AX,-0.0584035988482287,L1,-0.051892746620068,L2,-0.03...
GetData ===>> H2,-0.318451907621794,H1,0.015672799443567,AX,-0.0866420489485746,L1,-0.0312444302340276,L2,-0.03...
Get Checksum: 1695186306
GetData ===>> H2,-0.200152662970699,H1,-0.0879372448571168,AX,-0.0282202024841639,L1,-0.0709627955817101,L2,-0....
GetData ===>> H2,-0.262077761292009,H1,-0.00916331848481704,AX,-0.00364217207682197,L1,-0.0385795520665624,L2,-...
Get Checksum: 1695186306
GetData ===>> H2,-0.205276454995169,H1,0.0223302125068382,AX,-0.080081629207756,L1,-0.0163662579081759,L2,0.007...
GetData ===>> H2,-0.286447105197023,H1,-0.0408615707142566,AX,-0.128683141626854,L1,-0.0283745390408922,L2,-0.0...
GetData ===>> H2,-0.257712427944464,H1,0.0441787050566635,AX,-0.191674433084371,L1,-0.0493262925717677,L2,-0.06...
Get Checksum: 1695186306
GetData ===>> H2,-0.199618716870598,H1,-0.0220799582104857,AX,-0.0377296201416022,L1,-0.0250496636644667,L2,0.0...
GetData ===>> H2,-0.265990418131181,H1,-0.0596038947559439,AX,-0.0341463023397715,L1,-0.0405978369099442,L2,0.0...
GetData ===>> H2,-0.232468179242059,H1,-0.0221872917234521,AX,-0.0927384382501082,L1,-0.0548057857787426,L2,-0....
Get Checksum: 1695186306
GetData ===>> H2,-0.189239494774218,H1,-0.0478247777312866,AX,-0.135405324944076,L1,-0.019641248545112,L2,-0.00...
GetData ===>> H2,-0.0887873874412952,H1,-0.0351737972804188,AX,-0.0850541434034579,L1,-0.0394947177915134,L2,0....
GetData ===>> H2,-0.1281951264977,H1,-0.0431747445930107,AX,-0.0216094500743014,L1,-0.00738427364086449,L2,-0.0...
Get Checksum: 1695186306
GetData ===>> H2,-0.208320513868337,H1,-0.0826454656623231,AX,-0.0942103229059418,L1,0.0152283519663588,L2,-0.2...
GetData ===>> H2,-0.172817778715762,H1,-0.0854105743884002,AX,-0.061383165225238,L1,0.0222722944782018,L2,0.003...
GetData ===>> H2,-0.203814099112913,H1,-0.0184544030526588,AX,0.0176699969459508,L1,-0.0287686585935339,L2,-0.0...
Get Checksum: 1695186306
18:19:51 -- collecting point 25
GetData ===>> H2,-0.181326055059261,H1,-0.0299627022454672,AX,-0.0334273035877171,L1,-0.00815538124671218,L2,-0...
GetData ===>> H2,-0.221358937493955,H1,-0.0228193645208428,AX,-0.0972467390104019,L1,-0.0161275772248395,L2,0.0...
GetData ===>> H2,-0.183052997463971,H1,-0.00334253344222972,AX,-0.149655360938242,L1,-0.0227833259230125,L2,-0....
Get Checksum: 1695186306
GetData ===>> H2,-0.186034051547345,H1,-0.0133855613855037,AX,-0.134929901264616,L1,-0.0309617895022112,L2,-0.0...
GetData ===>> H2,-0.169102003427093,H1,-0.00593091612499634,AX,-0.0641423710134514,L1,-0.0215187008467494,L2,-0...
GetData ===>> H2,-0.128619570313737,H1,-0.0560750739862169,AX,-0.146478560594172,L1,0.00089776281509437,L2,-0.0...
GetData ===>> H2,-0.24505401983977,H1,-0.0651114676873952,AX,-0.009813360672171,L1,-0.0140968044815011,L2,0.021...
GetData ===>> H2,-0.201360690428098,H1,-0.0490289818605881,AX,-0.025158436138023,L1,-0.018169973062558,L2,0.044...
Get Checksum: 1695186306
GetData ===>> H2,-0.253381146676797,H1,-0.124041706014677,AX,0.000128013480931258,L1,-0.010700936087809,L2,-0.0...
GetData ===>> H2,-0.177883527050864,H1,-0.0621192957576565,AX,-0.123295758545085,L1,-0.0429964934470747,L2,-0.0...
Get Checksum: 1695186306
GetData ===>> H2,-0.174348145196688,H1,-0.0693313509278369,AX,-0.11501135081431,L1,-0.0282164077050903,L2,0.042...
GetData ===>> H2,-0.222036495198127,H1,-0.0124075435689484,AX,-0.0721065303902182,L1,-0.0203762061541826,L2,0.0...
GetData ===>> H2,-0.149578791560184,H1,-0.0263851343924813,AX,-0.102380616318684,L1,-0.0346628035061422,L2,-0.0...
Get Checksum: 1695186306
GetData ===>> H2,-0.216701926167136,H1,-0.0974116908865284,AX,-0.0985563090733376,L1,0.00260228625285166,L2,-0....
GetData ===>> H2,-0.148872461883356,H1,-0.05468020173216,AX,-0.00866499242406205,L1,-0.0241940043944634,L2,0.02...
GetData ===>> H2,-0.28407885038071,H1,-0.0552286153651103,AX,-0.0429709994805059,L1,0.0278611157484711,L2,-0.03...
Get Checksum: 1695186306
GetData ===>> H2,-0.219785446022874,H1,-0.018323212739557,AX,-0.129030704483476,L1,0.012080350367774,L2,-0.0451...
GetData ===>> H2,-0.125910426922115,H1,-0.11190168671289,AX,0.0336484826216398,L1,-0.0360216771800592,L2,-0.012...
GetData ===>> H2,-0.163736670170625,H1,0.0271744149716426,AX,-0.11005195518909,L1,-0.0562410759993349,L2,-0.072...
Get Checksum: 1695186306
GetData ===>> H2,-0.198028864489811,H1,-0.0625842207729875,AX,-0.111790089908951,L1,-0.0555767261266277,L2,-0.0...
GetData ===>> H2,-0.203930016247995,H1,-0.0763283357608334,AX,-0.0313978429700063,L1,-0.050398420256166,L2,-0.0...
GetData ===>> H2,-0.159674874560167,H1,-0.0460124828178586,AX,0.0589422660453167,L1,-0.031000114134855,L2,-0.00...
Get Checksum: 1695186306
GetData ===>> H2,-0.178422039330602,H1,-0.0422685591341619,AX,-0.0185822714600295,L1,-0.0223230447716905,L2,-0....
GetData ===>> H2,-0.116408445213968,H1,-0.053821809142751,AX,-0.179899332392553,L1,0.00045247358727555,L2,-0.03...
GetData ===>> H2,-0.107631648212599,H1,-0.0130993132576361,AX,0.000974875244144551,L1,-0.027828256610954,L2,0.0...
Get Checksum: 1695186306
18:20:17 -- collecting point 50
GetData ===>> H2,-0.15387538112868,H1,-0.0539648750856213,AX,-0.0714225888681193,L1,-0.0503553459037614,L2,-0.0...
GetData ===>> H2,-0.156526251554192,H1,-0.0699154450392701,AX,0.0153958577906239,L1,-0.0304695445146155,L2,0.03...
GetData ===>> H2,-0.153622691902564,H1,0.00608117629654643,AX,-0.0736135032190739,L1,-0.0460254312040502,L2,-0....
Get Checksum: 1695186306
GetData ===>> H2,-0.174379197645822,H1,-0.0432820554855827,AX,-0.151568347589122,L1,-0.000954078952652846,L2,-0...
GetData ===>> H2,-0.201611447816664,H1,0.0803877788469134,AX,-0.0772185512086525,L1,-0.0142082625592334,L2,-0.1...
testing age>100.0
evaluate ot="age>100.0" t="age>100.0", ctx="{'age': 25.677816432966015}"
GetData ===>> H2,-0.183823290720652,H1,0.0387131516071506,AX,-0.051365895029239,L1,-0.0182407239147272,L2,0.029...
Get Checksum: 1695186306
GetData ===>> H2,-0.217694303329022,H1,0.0586913166043647,AX,0.0902238123942632,L1,-0.0139302143004357,L2,-0.01...
GetData ===>> H2,-0.161865292284742,H1,-0.0468470963942867,AX,-0.162083305429242,L1,-0.0184961423424985,L2,-0.0...
Get Checksum: 1695186306
GetData ===>> H2,-0.226510319744325,H1,0.0229745017829909,AX,-0.0507049971942962,L1,-0.00375339791894956,L2,0.0...
GetData ===>> H2,-0.262368231934669,H1,-0.0542867727093775,AX,-0.0216442446834697,L1,-0.0285733976455346,L2,-0....
testing age>100.0
evaluate ot="age>100.0" t="age>100.0", ctx="{'age': 25.67841814044681}"
GetData ===>> H2,-0.265006331162281,H1,-0.047157093949912,AX,-0.0694402905185534,L1,-0.0183930164338502,L2,0.01...
Get Checksum: 1695186306
measurement finished
estimated time: 62.915 actual time: :63.085
flush and close file /Users/jan/PychronDev/data/isotopes/17/f89d9a-b267-4d91-bccb-dfdaf42874cf.h5
activate_detectors ('H1', 'AX', 'CDD') {'peak_center': True}
peak_center () {'detector': 'H1', 'isotope': 'Ar40'}
peak center: mean=210.522348986 threshold=3
peak center started
setup peak center. detector=['H1', 'AX', 'CDD'], isotope=Ar40
VersionedUnpickler [<apptools.sweet_pickle.versioned_unpickler.VersionedUnpickler object at 0x1463482f0>] using Updater [<apptools.sweet_pickle.updater.Updater object at 0x137c6f7d0>]
VersionedUnpickler [<apptools.sweet_pickle.versioned_unpickler.VersionedUnpickler object at 0x1463482f0>] using Updater [<apptools.sweet_pickle.updater.Updater object at 0x137c6f7d0>]
VersionedUnpickler [<apptools.sweet_pickle.versioned_unpickler.VersionedUnpickler object at 0x1463482f0>] using Updater [<apptools.sweet_pickle.updater.Updater object at 0x137c6f7d0>]
setting integration time = 0.524288
SetIntegrationTime 0.524288 ===>> OK
Mapping mass to dac mass func: "parabolic"
H1 map mass coeffs = [-0.00063987  0.15840543  0.57039999]
H1 map mass to dac 39.9624 >> 5.87879
GetDeflection H1 ===>> 0
GetHighVoltage ===>> 4499.94659342336
do peak center. <pychron.spectrometer.jobs.peak_center.PeakCenter object at 0x13a1fcef0>
doing pc
starting peak center. center dac= 5.87875538036 step_width=0.001
width = 0.001
get scan parameters. half-width=0.015,window=0.015, i=0, scalar=1
Scan parameters center=5.87876 width=0.03000 (5.86376 - 5.89376)
GetData ===>> H2,-0.22323794894145,H1,-0.0025433418555874,AX,0.0117991135038053,L1,-0.0239111654351888,L2,-0.07...
Moving to starting dac 5.86375538036
setting magnet DAC
current  : 5.239415
requested: 5.863755
Delta Dac: 0.624340
Checking detector protection. dv=0.62434
Checking detector "CDD". Protection Threshold: 0.1 (V)
ProtectDetector CDD,On ===>> OK
GetDeflection CDD ===>> 2000
SetMagnetDAC 5.86375538036 ===>> OK
Magnet settling time: 0.500
GetMagnetMoving ===>> True
GetMagnetMoving ===>> True
GetMagnetMoving ===>> True
GetMagnetMoving ===>> True
GetMagnetMoving ===>> True
GetMagnetMoving ===>> True
GetMagnetMoving ===>> True
GetMagnetMoving ===>> True
GetMagnetMoving ===>> True
Get Checksum: 1695186306
GetMagnetMoving ===>> False
ProtectDetector CDD,Off ===>> OK
GetDeflection CDD ===>> 50
Wait until signal near baseline. tol= -0.00190750639169. timeout= 10
GetData ===>> H2,10.1371045452249,H1,5.49273695136703,AX,0.235464523901992,L1,-0.0140045210528449,L2,-0.2093223...
GetData ===>> H2,13.36046781646,H1,8.32374149536686,AX,1.25095708324874,L1,-0.0395258607086846,L2,-0.2548457344...
GetData ===>> H2,7.40227034050317,H1,3.94714352893903,AX,0.394956194910275,L1,-0.0161687640987098,L2,-0.1478996...
GetData ===>> H2,3.14767572786991,H1,2.00334049628832,AX,0.317257084211823,L1,-0.00416009233088397,L2,0.0175372...
GetData ===>> H2,1.11157097643815,H1,0.993586668638602,AX,0.205686042408196,L1,0.0141415658429728,L2,0.04551242...
GetData ===>> H2,0.268614141080503,H1,0.480844035260542,AX,-0.0930745398577337,L1,-0.000632461397073822,L2,0.05...
Get Checksum: 1695186306
GetData ===>> H2,0.0407436872185899,H1,0.315273743494582,AX,-0.0796295698613585,L1,-0.00605538351922174,L2,-0.0...
GetData ===>> H2,-0.000993345366259145,H1,0.167856910304321,AX,-0.0232331852478958,L1,0.00306447788590696,L2,-0...
GetData ===>> H2,-0.0451962103766817,H1,0.150613573754099,AX,-0.0305396583204695,L1,0.0113279456093421,L2,-0.02...
GetData ===>> H2,-0.0451962103766817,H1,0.150613573754099,AX,-0.0305396583204695,L1,0.0113279456093421,L2,-0.02...
GetData ===>> H2,-0.121351820821204,H1,0.0888195239713731,AX,-0.110109893513428,L1,0.00111741407915247,L2,-0.12...
GetData ===>> H2,-0.133896757427204,H1,0.117804577795044,AX,-0.155152291495573,L1,0.00944783943271806,L2,-0.017...
Get Checksum: 1695186306
GetData ===>> H2,-0.117536925776652,H1,0.180427575070641,AX,-0.000985656526665758,L1,-0.051243118838628,L2,0.09...
GetData ===>> H2,-0.178595451696422,H1,0.13306323916853,AX,0.0321978945722202,L1,-0.0968658213061989,L2,-0.0021...
GetData ===>> H2,-0.188353076718366,H1,0.0898681789948121,AX,0.145344639948925,L1,-0.0902096417890452,L2,0.1078...
GetData ===>> H2,-0.148902710150841,H1,0.086031108352125,AX,0.103584574330005,L1,-0.0385436145393198,L2,0.01792...
GetData ===>> H2,-0.115921296645538,H1,0.0964225216858018,AX,0.0982991796551743,L1,-0.0130121210921152,L2,-0.01...
GetData ===>> H2,-0.143882233270281,H1,0.1458203103194,AX,0.0652951335050571,L1,-0.026578425288266,L2,-0.017511...
Get Checksum: 1695186306
GetData ===>> H2,-0.149339872279331,H1,0.125838926933342,AX,0.0401821991041752,L1,-0.0232813619403513,L2,-0.170...
GetData ===>> H2,-0.130680735718061,H1,0.147704202421628,AX,-0.12609955213468,L1,-0.0296446578197096,L2,-0.1401...
GetData ===>> H2,-0.243367940305448,H1,0.0769990814291745,AX,-0.0939785315239447,L1,-0.0342147442291623,L2,-0.0...
Peak center failed to move to a baseline position
_do_sweep sm= 5.86375538036, em= 5.89375538036, stm= 0.001
calculated step values: start=5.86375538036, end=5.89375538036, width=0.001, nsteps=31.0
setting magnet DAC
current  : 5.863755
requested: 5.863755
Delta Dac: 0.000000
Checking detector protection. dv=0.00000
Checking detector "CDD". Protection Threshold: 0.1 (V)
SetMagnetDAC 5.86375538036 ===>> OK
GetData ===>> H2,-0.243367940305448,H1,0.0769990814291745,AX,-0.0939785315239447,L1,-0.0342147442291623,L2,-0.0...
setting magnet DAC
current  : 5.863755
requested: 5.864790
Delta Dac: 0.001034
Checking detector protection. dv=0.00103
Checking detector "CDD". Protection Threshold: 0.1 (V)
SetMagnetDAC 5.86478986312 ===>> OK
Magnet settling time: 1.049
GetData ===>> H2,-0.0751354841169806,H1,0.214450224775687,AX,0.02634934280687,L1,-0.0325018033965437,L2,0.06114...
setting magnet DAC
current  : 5.864790
requested: 5.865824
Delta Dac: 0.001034
Checking detector protection. dv=0.00103
Checking detector "CDD". Protection Threshold: 0.1 (V)
SetMagnetDAC 5.86582434587 ===>> OK
Magnet settling time: 1.049
Get Checksum: 1695186306
GetData ===>> H2,-0.152610527254387,H1,0.810607529053509,AX,0.0690492434545649,L1,-0.0586891854869873,L2,-0.108...
setting magnet DAC
current  : 5.865824
requested: 5.866859
Delta Dac: 0.001034
Checking detector protection. dv=0.00103
Checking detector "CDD". Protection Threshold: 0.1 (V)
SetMagnetDAC 5.86685882863 ===>> OK
Magnet settling time: 1.049
GetData ===>> H2,-0.183475315451043,H1,3.31458056678715,AX,0.405489734673667,L1,-0.0423283281378654,L2,-0.04849...
setting magnet DAC
current  : 5.866859
requested: 5.867893
Delta Dac: 0.001034
Checking detector protection. dv=0.00103
Checking detector "CDD". Protection Threshold: 0.1 (V)
SetMagnetDAC 5.86789331139 ===>> OK
Magnet settling time: 1.049
GetData ===>> H2,-0.218881448980063,H1,11.4952318152187,AX,1.86801285226834,L1,-0.000409243174402312,L2,-0.1060...
setting magnet DAC
current  : 5.867893
requested: 5.868928
Delta Dac: 0.001034
Checking detector protection. dv=0.00103
Checking detector "CDD". Protection Threshold: 0.1 (V)
SetMagnetDAC 5.86892779415 ===>> OK
Magnet settling time: 1.049
Get Checksum: 1695186306
GetData ===>> H2,-0.26266004495082,H1,47.1191805980199,AX,8.51199512813885,L1,0.0282502886156284,L2,0.061827449...
setting magnet DAC
current  : 5.868928
requested: 5.869962
Delta Dac: 0.001034
Checking detector protection. dv=0.00103
Checking detector "CDD". Protection Threshold: 0.1 (V)
SetMagnetDAC 5.86996227691 ===>> OK
Magnet settling time: 1.049
GetData ===>> H2,-0.200902302339669,H1,97.6008352055115,AX,20.0071068493434,L1,0.115671815753183,L2,0.074133919...
setting magnet DAC
current  : 5.869962
requested: 5.870997
Delta Dac: 0.001034
Checking detector protection. dv=0.00103
Checking detector "CDD". Protection Threshold: 0.1 (V)
SetMagnetDAC 5.87099675967 ===>> OK
Magnet settling time: 1.049
GetData ===>> H2,-0.211718004048983,H1,147.618500812161,AX,33.3800548814823,L1,0.260047203845032,L2,0.009132638...
setting magnet DAC
current  : 5.870997
requested: 5.872031
Delta Dac: 0.001034
Checking detector protection. dv=0.00103
Checking detector "CDD". Protection Threshold: 0.1 (V)
SetMagnetDAC 5.87203124243 ===>> OK
Magnet settling time: 1.049
Get Checksum: 1695186306
GetData ===>> H2,-0.0765749471165375,H1,180.31232619972,AX,43.7920761941467,L1,0.393133406248629,L2,-0.02183736...
setting magnet DAC
current  : 5.872031
requested: 5.873066
Delta Dac: 0.001034
Checking detector protection. dv=0.00103
Checking detector "CDD". Protection Threshold: 0.1 (V)
SetMagnetDAC 5.87306572518 ===>> OK
Magnet settling time: 1.049
GetData ===>> H2,-0.22659996026296,H1,194.993638564948,AX,49.5042296556434,L1,0.466512269457957,L2,0.0167855948...
setting magnet DAC
current  : 5.873066
requested: 5.874100
Delta Dac: 0.001034
Checking detector protection. dv=0.00103
Checking detector "CDD". Protection Threshold: 0.1 (V)
SetMagnetDAC 5.87410020794 ===>> OK
Magnet settling time: 1.049
Get Checksum: 1695186306
GetData ===>> H2,-0.240474240208412,H1,199.961123026061,AX,51.8291658207161,L1,0.522744397973171,L2,0.252002270...
setting magnet DAC
current  : 5.874100
requested: 5.875135
Delta Dac: 0.001034
Checking detector protection. dv=0.00103
Checking detector "CDD". Protection Threshold: 0.1 (V)
SetMagnetDAC 5.8751346907 ===>> OK
Magnet settling time: 1.049
GetData ===>> H2,-0.179984135301542,H1,201.868181121893,AX,52.7395776876164,L1,0.565593312028846,L2,0.154369869...
setting magnet DAC
current  : 5.875135
requested: 5.876169
Delta Dac: 0.001034
Checking detector protection. dv=0.00103
Checking detector "CDD". Protection Threshold: 0.1 (V)
SetMagnetDAC 5.87616917346 ===>> OK
Magnet settling time: 1.049
GetData ===>> H2,-0.085373126285912,H1,202.133246812617,AX,52.5774206187595,L1,0.58488644051532,L2,-0.001594136...
setting magnet DAC
current  : 5.876169
requested: 5.877204
Delta Dac: 0.001034
Checking detector protection. dv=0.00103
Checking detector "CDD". Protection Threshold: 0.1 (V)
SetMagnetDAC 5.87720365622 ===>> OK
Magnet settling time: 1.049
Get Checksum: 1695186306
GetData ===>> H2,-0.125695452224738,H1,202.003206260074,AX,52.8305096880286,L1,0.621748801765632,L2,0.167623594...
setting magnet DAC
current  : 5.877204
requested: 5.878238
Delta Dac: 0.001034
Checking detector protection. dv=0.00103
Checking detector "CDD". Protection Threshold: 0.1 (V)
SetMagnetDAC 5.87823813898 ===>> OK
Magnet settling time: 1.049
GetData ===>> H2,-0.172464333308599,H1,201.961043817566,AX,52.7606762103759,L1,0.649650320510037,L2,0.222186216...
setting magnet DAC
current  : 5.878238
requested: 5.879273
Delta Dac: 0.001034
Checking detector protection. dv=0.00103
Checking detector "CDD". Protection Threshold: 0.1 (V)
SetMagnetDAC 5.87927262174 ===>> OK
Magnet settling time: 1.049
GetData ===>> H2,-0.170248977700587,H1,202.020696685325,AX,53.0454841275411,L1,0.64235857830157,L2,0.0755925690...
setting magnet DAC
current  : 5.879273
requested: 5.880307
Delta Dac: 0.001034
Checking detector protection. dv=0.00103
Checking detector "CDD". Protection Threshold: 0.1 (V)
SetMagnetDAC 5.88030710449 ===>> OK
Magnet settling time: 1.049
Get Checksum: 1695186306
GetData ===>> H2,-0.163411294047949,H1,201.802910850062,AX,52.8512993177282,L1,0.664497032555158,L2,-0.00721894...
setting magnet DAC
current  : 5.880307
requested: 5.881342
Delta Dac: 0.001034
Checking detector protection. dv=0.00103
Checking detector "CDD". Protection Threshold: 0.1 (V)
SetMagnetDAC 5.88134158725 ===>> OK
Magnet settling time: 1.049
GetData ===>> H2,-0.180089290812717,H1,201.763576817971,AX,52.8162391127461,L1,0.675711745789447,L2,0.159867319...
setting magnet DAC
current  : 5.881342
requested: 5.882376
Delta Dac: 0.001034
Checking detector protection. dv=0.00103
Checking detector "CDD". Protection Threshold: 0.1 (V)
SetMagnetDAC 5.88237607001 ===>> OK
Magnet settling time: 1.049
Get Checksum: 1695186306
GetData ===>> H2,-0.0935068063602696,H1,201.240974857281,AX,52.5791888397923,L1,0.712867042186287,L2,-0.0382974...
setting magnet DAC
current  : 5.882376
requested: 5.883411
Delta Dac: 0.001034
Checking detector protection. dv=0.00103
Checking detector "CDD". Protection Threshold: 0.1 (V)
SetMagnetDAC 5.88341055277 ===>> OK
Magnet settling time: 1.049
GetData ===>> H2,-0.264137728067487,H1,200.426860963706,AX,51.9427826409957,L1,0.701911655770437,L2,0.099253146...
setting magnet DAC
current  : 5.883411
requested: 5.884445
Delta Dac: 0.001034
Checking detector protection. dv=0.00103
Checking detector "CDD". Protection Threshold: 0.1 (V)
SetMagnetDAC 5.88444503553 ===>> OK
Magnet settling time: 1.049
GetData ===>> H2,-0.129886048746279,H1,196.26857057355,AX,50.3573022862827,L1,0.656471627432432,L2,0.0383583842...
setting magnet DAC
current  : 5.884445
requested: 5.885480
Delta Dac: 0.001034
Checking detector protection. dv=0.00103
Checking detector "CDD". Protection Threshold: 0.1 (V)
SetMagnetDAC 5.88547951829 ===>> OK
Magnet settling time: 1.049
Get Checksum: 1695186306
GetData ===>> H2,-0.154491540868863,H1,185.243181621871,AX,45.4244188227677,L1,0.611623452576144,L2,0.065450856...
setting magnet DAC
current  : 5.885480
requested: 5.886514
Delta Dac: 0.001034
Checking detector protection. dv=0.00103
Checking detector "CDD". Protection Threshold: 0.1 (V)
SetMagnetDAC 5.88651400105 ===>> OK
Magnet settling time: 1.049
GetData ===>> H2,-0.0806863079322573,H1,140.211419411742,AX,29.4053369371004,L1,0.384435697141213,L2,0.04747190...
setting magnet DAC
current  : 5.886514
requested: 5.887548
Delta Dac: 0.001034
Checking detector protection. dv=0.00103
Checking detector "CDD". Protection Threshold: 0.1 (V)
SetMagnetDAC 5.88754848381 ===>> OK
Magnet settling time: 1.049
GetData ===>> H2,-0.0891482674125726,H1,86.7519736522451,AX,15.4201065808614,L1,0.23945699289797,L2,-0.00273278...
setting magnet DAC
current  : 5.887548
requested: 5.888583
Delta Dac: 0.001034
Checking detector protection. dv=0.00103
Checking detector "CDD". Protection Threshold: 0.1 (V)
SetMagnetDAC 5.88858296656 ===>> OK
Magnet settling time: 1.049
Get Checksum: 1695186306
GetData ===>> H2,-0.205806091175915,H1,40.5200366698126,AX,6.03337929962007,L1,0.127038166163486,L2,-0.03854788...
setting magnet DAC
current  : 5.888583
requested: 5.889617
Delta Dac: 0.001034
Checking detector protection. dv=0.00103
Checking detector "CDD". Protection Threshold: 0.1 (V)
SetMagnetDAC 5.88961744932 ===>> OK
Magnet settling time: 1.049
GetData ===>> H2,-0.0860285850404935,H1,14.3691704500522,AX,1.61372220197332,L1,0.0834014693204568,L2,-0.044079...
setting magnet DAC
current  : 5.889617
requested: 5.890652
Delta Dac: 0.001034
Checking detector protection. dv=0.00103
Checking detector "CDD". Protection Threshold: 0.1 (V)
SetMagnetDAC 5.89065193208 ===>> OK
Magnet settling time: 1.049
GetData ===>> H2,-0.140371977815217,H1,4.13884078451725,AX,0.473007642868273,L1,0.067449832416856,L2,-0.0582143...
setting magnet DAC
current  : 5.890652
requested: 5.891686
Delta Dac: 0.001034
Checking detector protection. dv=0.00103
Checking detector "CDD". Protection Threshold: 0.1 (V)
SetMagnetDAC 5.89168641484 ===>> OK
Magnet settling time: 1.049
Get Checksum: 1695186306
GetData ===>> H2,-0.180340042321548,H1,0.986782923795482,AX,0.053130030928234,L1,0.0627693308283376,L2,-0.00505...
setting magnet DAC
current  : 5.891686
requested: 5.892721
Delta Dac: 0.001034
Checking detector protection. dv=0.00103
Checking detector "CDD". Protection Threshold: 0.1 (V)
SetMagnetDAC 5.8927208976 ===>> OK
Magnet settling time: 1.049
GetData ===>> H2,-0.305835168466471,H1,0.183981995918292,AX,-0.179819455776156,L1,0.0409354523819296,L2,0.07069...
setting magnet DAC
current  : 5.892721
requested: 5.893755
Delta Dac: 0.001034
Checking detector protection. dv=0.00103
Checking detector "CDD". Protection Threshold: 0.1 (V)
SetMagnetDAC 5.89375538036 ===>> OK
Magnet settling time: 1.049
Get Checksum: 1695186306
GetData ===>> H2,-0.300760215646611,H1,-0.0281620090770705,AX,-0.123944577471416,L1,-0.0264922413115891,L2,0.05...
result of _do_sweep=True
result of _calculate_peak_center=([5.8710599895753912, 5.8786952601164728, 5.8863305306575544], [149.61682080077981, 202.12933777797144, 148.19801451314981], 5.876200270136513, 202.12933777797144)
Failed to find a valid peak. No peak greater than 1.0. max = 0.0516496066458
new center pos Detector(H1) (Ar40) @ 5.87869526012
GetHighVoltage ===>> 4499.94659342336
GetDeflection H1 ===>> 0
dac uncorrected for HV and deflection 5.87872987941
update mftable H1 Ar40 5.87872987941 message=automated run peakcenter
get initial guess parabolic
get initial guess parabolic
get initial guess parabolic
get initial guess parabolic
get initial guess parabolic
get initial guess parabolic
dump mftable to /Users/jan/PychronDev/setupfiles/spectrometer/mftables/mftable.csv
add to repo msg=modified - automated run peakcenter
sweep finished
locally archiving mftable
setting magnet DAC
current  : 5.893755
requested: 5.878695
Delta Dac: 0.015060
Checking detector protection. dv=0.01506
Checking detector "CDD". Protection Threshold: 0.1 (V)
SetMagnetDAC 5.87869526012 ===>> OK
Magnet settling time: 0.500
setting integration time = 1.048576
SetIntegrationTime 1.048576 ===>> OK
Failed to find a valid peak. No peak greater than 1.0. max = 0.0516496066458
flush and close file /Users/jan/PychronDev/data/isotopes/17/f89d9a-b267-4d91-bccb-dfdaf42874cf.h5
finished measure script
executed 278.04
jan_co2_whiff_120_60_large.py completed successfully
Measurement Finished
18:21:16 -- ******* Measurement Finished *******
Post Measurement Started jan_pump_ms.py
18:21:16 -- ******* Post Measurement Started jan_pump_ms.py *******
testing...
no interpolation path defined
executed 0
Pumping spectrometer
open () {'name': 'O'}
opening name=O desc=---
checking ownership. requestor=129.138.12.150
check software interlocks O
interlocks []
actuate state mode=None-script, software_lock=False
doing actuation None-script open_channel True
Open O ===>> OK
GetValveState O ===>> OK
change switch state (True, True)
update switch state O True args=() kw={} ncanvase=3
18:21:16 -- OPEN   VALVE-O (Jan Ion Pump)
---------------------------------------- open O () result=[(True, True)], time=0.09 sec
action=open, ok=True, locked=[False]
executed 0
jan_pump_ms.py completed successfully
setting _ms_pumptime
Post Measurement Finished
18:21:16 -- ******* Post Measurement Finished *******
$$$$$$$$$$$$$$$$$$$$ state at run end measurement
state changed from measurement to success
post measurement save measured=True aborted=False
Set filtering
setting fod for Ar40= {'filter_outliers': True, 'std_devs': 2, 'iterations': 1}
setting fod for H1= {'filter_outliers': True, 'std_devs': 2, 'iterations': 1}
setting fod for PM41= {'filter_outliers': False, 'std_devs': 2, 'iterations': 1}
setting fod for H2= {'filter_outliers': True, 'std_devs': 2, 'iterations': 1}
setting fod for Ar36= {'filter_outliers': True, 'std_devs': 2, 'iterations': 1}
setting fod for CDD= {'filter_outliers': True, 'std_devs': 10, 'iterations': 1}
setting fod for Ar37= {'filter_outliers': True, 'std_devs': 2, 'iterations': 1}
setting fod for L2= {'filter_outliers': True, 'std_devs': 2, 'iterations': 1}
setting fod for Ar38= {'filter_outliers': True, 'std_devs': 2, 'iterations': 1}
setting fod for L1= {'filter_outliers': True, 'std_devs': 2, 'iterations': 1}
setting fod for Ar39= {'filter_outliers': True, 'std_devs': 2, 'iterations': 1}
setting fod for AX= {'filter_outliers': True, 'std_devs': 2, 'iterations': 1}
persistence save...
persistence save - db
post measurement save
5464445488 connecting to database sqlite:////Users/jan/PychronDev/.appdata/local_lab.db
connected to db sqlite:////Users/jan/PychronDev/.appdata/local_lab.db
create new session 5464445488
close session 5464445488
No database instance. Not saving post measurement to isotopedb database
$$$$$$$$$$$$$$$ auto_save_detector_ic=False
massspec enabled True
create new session 5054761584
MassSpec Database Version: 16.0
close session 5054761584
saving post measurement to secondary database
saving to massspec database 129.138.12.160/massspecdata
setting labnumber to 65511
setting aliquot to 40
setting step to 
setting uuid to 17f89d9a-b267-4d91-bccb-dfdaf42874cf
setting irradpos to 65511
setting extract_device to Fusions CO2
setting tray to 
setting position to 179
setting power_requested to 5.0
setting extract_value to 5.0
setting duration to 30.0
setting duration_at_request to 30.0
setting first_stage_delay to 30.0
setting cleanup to 30.0
setting comment to F:9 DS
setting irradiation to NM-289
setting level to F
setting irradiation_level to F
setting sample to TRC-23-djk
setting material to SandforDetrital
setting project to IR959
setting mass_spectrometer to Jan
no attribute chron_dosages
no attribute production_ratios
no attribute interference_corrections
no attribute production_name
no attribute j
Reference Isotope=Ar40
Reference Detector=H1
%%%%%%%%%%%%%%%%%%%% Comment: F:9 DS %%%%%%%%%%%%%%%%%%%
adding isotope PM41 H2
add baseline dbdet= PM41. original det= H2
get baseline data PM41 H2
Get data baseline <pychron.processing.isotope.Baseline object at 0x13bdc5810> len t=60
baseline PM41. v=-0.189571572248, e=0.0060349619839
get signal data PM41 H2
Get data signal PM41 0.10+/-0.07 len t=120
adding isotope Ar40 H1
add baseline dbdet= Ar40. original det= H1
get baseline data Ar40 H1
Get data baseline <pychron.processing.isotope.Baseline object at 0x13bdc59d0> len t=60
baseline Ar40. v=-0.0356982428613, e=0.00533110649435
get signal data Ar40 H1
Get data signal Ar40 220.674+/-0.024 len t=120
adding isotope Ar39 AX
add baseline dbdet= Ar39. original det= AX
get baseline data Ar39 AX
Get data baseline <pychron.processing.isotope.Baseline object at 0x13bdc5b90> len t=60
baseline Ar39. v=-0.070049198838, e=0.00672226026243
get signal data Ar39 AX
Get data signal Ar39 58.312+/-0.018 len t=120
adding isotope Ar38 L1
add baseline dbdet= Ar38. original det= L1
get baseline data Ar38 L1
Get data baseline <pychron.processing.isotope.Baseline object at 0x13bdc5d50> len t=60
baseline Ar38. v=-0.0241750403698, e=0.00235847429308
get signal data Ar38 L1
Get data signal Ar38 0.754+/-0.005 len t=120
adding isotope Ar37 L2
add baseline dbdet= Ar37. original det= L2
get baseline data Ar37 L2
Get data baseline <pychron.processing.isotope.Baseline object at 0x13bdc5f10> len t=60
baseline Ar37. v=-0.0243520363812, e=0.00542536991672
get signal data Ar37 L2
Get data signal Ar37 0.148+/-0.013 len t=120
adding isotope Ar36 CDD
add baseline dbdet= Ar36. original det= CDD
get baseline data Ar36 CDD
Get data baseline <pychron.processing.isotope.Baseline object at 0x13bdfa110> len t=60
baseline Ar36. v=5.21028942518e-05, e=1.31564809901e-05
get signal data Ar36 CDD
Get data signal Ar36 0.0416+/-0.0006 len t=120
65511-40 added analysis time 0.472303152084s
analysis added to mass spec database
mass spec save time= 0.481
persistence save - dvc
================= post measurement started
create new session 4983039568
close session 4983039568
Get Checksum: 192129876
---------------- Experiment Queue saving disabled
DVC saving peakcenter
Failed to find a valid peak. No peak greater than 1.0. max = 0.0516496066458
Smart pull ahead: 0 behind: 0
Up-to-date with origin
add to repo msg=modified - ad8224ebc6dbfeb9f5997218dfa5fe690569839d.json
add to repo msg=modified - 11-40.json
add to repo msg=modified - 11-40.dat.json
add to repo msg=modified - 11-40.blan.json
add to repo msg=modified - 11-40.inte.json
add to repo msg=modified - 11-40.icfa.json
add to repo msg=modified - 11-40.base.json
not at valid file /Users/jan/PychronDev/data/.dvc/repositories/IR959/655/tags/11-40.tags.json
add to repo msg=modified - 11-40.peak.json
add to repo msg=modified - 11-40.extr.json
not at valid file /Users/jan/PychronDev/data/.dvc/repositories/IR959/655/monitor/11-40.moni.json
commit message=<COLLECTION>
Get Checksum: 192129876
add to repo msg=modified - 11-40.inte.json
add to repo msg=modified - 11-40.base.json
commit message=<ISOEVO> default collection fits
add to repo msg=modified - 11-40.blan.json
commit message=<BLANKS> preceding bu-FC-J-7451
add to repo msg=modified - 11-40.icfa.json
commit message=<ICFactor> default
push repository <pychron.git_archive.repo_manager.GitRepoManager object at 0x14a924a70>
pushing to remote=origin, url=https://github.com
Get Checksum: 192129876
no changes to meta repo
Get Checksum: 192129876
create new session 4983039568
add association IR959
get identifier "65511"
setting analysis irradiation position=<pychron.dvc.dvc_orm.IrradiationPositionTbl object at 0x13780c6d0>
close session 4983039568
================= post measurement finished
18:21:28 -- ******* Post Run Check *******
loading queue conditionals post_run_actions
loading system conditionals post_run_actions
loading conditionals from /Users/jan/PychronDev/setupfiles/spectrometer/default_conditionals.yaml
loading queue conditionals post_run_terminations
loading system conditionals post_run_terminations
loading conditionals from /Users/jan/PychronDev/setupfiles/spectrometer/default_conditionals.yaml
Checking default post run terminations n=1
GetDeflection CDD ===>> 50
testing CDD==2000
evaluate ot="CDD.deflection==2000" t="CDD==2000", ctx="{'CDD': 50.0}"
18:21:28 -- ******* Post Run Check Passed *******
18:21:28 -- Automated run 65511-40 success duration: 371.021 s
----------------- finish -----------------
----------------- stop -----------------
retroactive repository identifiers disabled
finish run. runs completed=36
update duration runid=65511-40, duration=371.020853043, md5=3d9034cf
loading script "jan_co2_whiff_120_60_large.py"
loading script "jan_pump_ms.py"
loading script "jan_co2.py"
loading script "jan_pump_extraction_line.py"
testing...
no interpolation path defined
executed 266.04
script duration name:co2_whiff_120_60_large seconds:266.0
loading script "jan_co2_whiff_120_60_large.py"
loading script "jan_pump_ms.py"
loading script "jan_co2.py"
loading script "jan_pump_extraction_line.py"
testing...
no interpolation path defined
executed 0
loading script "jan_co2_whiff_120_60_large.py"
loading script "jan_pump_ms.py"
loading script "jan_co2.py"
loading script "jan_pump_extraction_line.py"
testing...
no interpolation path defined
calculate duration
testing...
no interpolation path defined
executed 0
calculate duration
testing...
no interpolation path defined
executed 0
executed 0.0
script duration name:co2 seconds:0.0
loading script "jan_co2_whiff_120_60_large.py"
loading script "jan_pump_ms.py"
loading script "jan_co2.py"
loading script "jan_pump_extraction_line.py"
testing...
no interpolation path defined
calculate duration
testing...
no interpolation path defined
executed 4.0
executed 4.0
Script duration 266.0
Run total estimated duration= 267.000
loading script "jan_unknown400_120.py"
loading script "jan_pump_ms.py"
loading script "jan_co2.py"
loading script "jan_pump_extraction_line.py"
testing...
no interpolation path defined
executed 556.052928
script duration name:unknown400_120 seconds:556.0
pump_ms in script context. using previous estimated duration
co2 in script context. using previous estimated duration
script duration name:co2 seconds:0.0
pump_extraction_line in script context. using previous estimated duration
Script duration 556.0
Run total estimated duration= 557.000
unknown400_120 in script context. using previous estimated duration
script duration name:unknown400_120 seconds:556.0
loading script "jan_unknown400_120.py"
loading script "jan_pump_ms.py"
loading script "jan_cocktail_x1.py"
loading script "jan_pump_extraction_line.py"
testing...
no interpolation path defined
calculate duration
testing...
no interpolation path defined
executed 0
calculate duration
testing...
no interpolation path defined
executed 0
calculate duration
testing...
no interpolation path defined
executed 32.0
calculate duration
testing...
no interpolation path defined
executed 34.0
calculate duration
testing...
no interpolation path defined
executed 4.0
calculate duration
testing...
no interpolation path defined
executed 38.0
executed 108.0
script duration name:cocktail_x1 seconds:108.0
Script duration 664.0
Run total estimated duration= 665.000
script duration name:unknown400_120 seconds:556.0
cocktail_x1 in script context. using previous estimated duration
script duration name:cocktail_x1 seconds:108.0
Script duration 664.0
Run total estimated duration= 665.000
loading script "jan_ic_peak_hop3.py"
loading script "jan_pump_ms.py"
loading script "jan_air_x1.py"
loading script "jan_pump_extraction_line.py"
testing...
no interpolation path defined
executed 133.8
script duration name:ic_peak_hop3 seconds:134.0
loading script "jan_ic_peak_hop3.py"
loading script "jan_pump_ms.py"
loading script "jan_air_x1.py"
loading script "jan_pump_extraction_line.py"
testing...
no interpolation path defined
calculate duration
testing...
no interpolation path defined
executed 0
calculate duration
testing...
no interpolation path defined
executed 0
calculate duration
testing...
no interpolation path defined
executed 32.0
calculate duration
testing...
no interpolation path defined
executed 34.0
calculate duration
testing...
no interpolation path defined
executed 4.0
calculate duration
testing...
no interpolation path defined
executed 36.0
executed 106.0
script duration name:air_x1 seconds:106.0
Script duration 240.0
Run total estimated duration= 241.000
co2_whiff_120_60_large in script context. using previous estimated duration
script duration name:co2_whiff_120_60_large seconds:266.0
script duration name:co2 seconds:0.0
Script duration 266.0
Run total estimated duration= 267.000
script duration name:co2_whiff_120_60_large seconds:266.0
script duration name:co2 seconds:0.0
Script duration 266.0
Run total estimated duration= 267.000
script duration name:co2_whiff_120_60_large seconds:266.0
script duration name:co2 seconds:0.0
Script duration 266.0
Run total estimated duration= 267.000
script duration name:co2_whiff_120_60_large seconds:266.0
script duration name:co2 seconds:0.0
Script duration 266.0
Run total estimated duration= 267.000
script duration name:co2_whiff_120_60_large seconds:266.0
script duration name:co2 seconds:0.0
Script duration 266.0
Run total estimated duration= 267.000
script duration name:co2_whiff_120_60_large seconds:266.0
script duration name:co2 seconds:0.0
Script duration 266.0
Run total estimated duration= 267.000
script duration name:co2_whiff_120_60_large seconds:266.0
script duration name:co2 seconds:0.0
Script duration 266.0
Run total estimated duration= 267.000
script duration name:co2_whiff_120_60_large seconds:266.0
script duration name:co2 seconds:0.0
Script duration 266.0
Run total estimated duration= 267.000
script duration name:co2_whiff_120_60_large seconds:266.0
script duration name:co2 seconds:0.0
Script duration 266.0
Run total estimated duration= 267.000
script duration name:co2_whiff_120_60_large seconds:266.0
script duration name:co2 seconds:0.0
Script duration 266.0
Run total estimated duration= 267.000
script duration name:co2_whiff_120_60_large seconds:266.0
script duration name:co2 seconds:0.0
Script duration 266.0
Run total estimated duration= 267.000
script duration name:co2_whiff_120_60_large seconds:266.0
script duration name:co2 seconds:0.0
Script duration 266.0
Run total estimated duration= 267.000
script duration name:co2_whiff_120_60_large seconds:266.0
script duration name:co2 seconds:0.0
Script duration 266.0
Run total estimated duration= 267.000
script duration name:co2_whiff_120_60_large seconds:266.0
script duration name:co2 seconds:0.0
Script duration 266.0
Run total estimated duration= 267.000
script duration name:co2_whiff_120_60_large seconds:266.0
script duration name:co2 seconds:0.0
Script duration 266.0
Run total estimated duration= 267.000
script duration name:unknown400_120 seconds:556.0
script duration name:co2 seconds:0.0
Script duration 556.0
Run total estimated duration= 557.000
script duration name:co2_whiff_120_60_large seconds:266.0
script duration name:co2 seconds:0.0
Script duration 266.0
Run total estimated duration= 267.000
nruns=22 before=5.0, run_dur=7224.0, btw=630.0
write rem/ex queues
/Users/jan/PychronDev/experiments/rem/CurrentExperiment.rem.txt
/Users/jan/PychronDev/experiments/rem/CurrentExperiment.ex.txt
doing event level: 3
