do run
loading script "jan_co2_whiff_120_60_large.py"
loading script "jan_pump_ms.py"
loading script "jan_co2.py"
loading script "jan_pump_extraction_line.py"
testing...
no interpolation path defined
executed 266.04
script duration name:co2_whiff_120_60_large seconds:266.0
loading script "jan_co2_whiff_120_60_large.py"
loading script "jan_pump_ms.py"
loading script "jan_co2.py"
loading script "jan_pump_extraction_line.py"
testing...
no interpolation path defined
executed 0
loading script "jan_co2_whiff_120_60_large.py"
loading script "jan_pump_ms.py"
loading script "jan_co2.py"
loading script "jan_pump_extraction_line.py"
testing...
no interpolation path defined
calculate duration
testing...
no interpolation path defined
executed 0
calculate duration
testing...
no interpolation path defined
executed 0
executed 0.0
script duration name:co2 seconds:0.0
loading script "jan_co2_whiff_120_60_large.py"
loading script "jan_pump_ms.py"
loading script "jan_co2.py"
loading script "jan_pump_extraction_line.py"
testing...
no interpolation path defined
calculate duration
testing...
no interpolation path defined
executed 4.0
executed 4.0
Script duration 266.0
Run total estimated duration= 267.000
run duration: 0:04:27
doing event level: 2
20:51:51 -- Setting default integration. t=1.048576
setting integration time = 1.048576
SetIntegrationTime 1.048576 ===>> OK
----------------- start -----------------
**************** Experiment Type: Ar/Ar, Ar/Ar
create new session 4993359504
close session 4993359504
$$$$$ Clearing conditionals
adding conditionals detrital
extract conditionals from file. /Users/jan/PychronDev/scripts/conditionals/detrital.yaml
no attr for this modification cd={'extraction_str': '', 'attr': '', 'mapper': '', 'use_termination': False, 'start_count': 0, 'nskip': 0, 'window': 0, 'frequency': 1, 'teststr': '', 'action': 'Skip Next Run', 'ntrips': 1, 'use_truncation': False}
no attr for this cancelation cd={'mapper': '', 'window': 0, 'frequency': 1, 'attr': '', 'teststr': '', 'start_count': 0, 'ntrips': 1}
adding truncation attr="age" test="age>100.0" start="50"
adding truncation attr="Ar39" test="Ar39<0.5" start="60"
no attr for this termination cd={'mapper': '', 'window': 0, 'frequency': 1, 'attr': '', 'teststr': '', 'start_count': 0, 'ntrips': 1}
Invalid conditional kind="pre_run_terminations"
no attr for this action cd={'mapper': '', 'attr': '', 'start_count': 0, 'window': 0, 'frequency': 1, 'teststr': '', 'action': None, 'ntrips': 1}
Invalid conditional kind="post_run_terminations"
Add queue conditionals
add default conditionals
adding default conditionals from /Users/jan/PychronDev/setupfiles/spectrometer/default_conditionals.yaml
Start automated run 65511-56
loading script "jan_co2_whiff_120_60_large.py"
loading script "jan_pump_ms.py"
loading script "jan_co2.py"
loading script "jan_pump_extraction_line.py"
%%%%%%%%%%%%%%%%%% setting automated run 65511-56
No value "sensitivity_multiplier" in metadata
$$$$$$$$$$$$$$$ auto_save_detector_ic=False
============================= Pre Extraction Check =============================
loading queue conditionals pre_run_terminations
loading system conditionals pre_run_terminations
loading conditionals from /Users/jan/PychronDev/setupfiles/spectrometer/default_conditionals.yaml
20:51:51 -- ******* Pre Extraction Check *******
Get a measurement from the spectrometer
GetData ===>> H2,-0.227860738111291,H1,-0.0606529796370435,AX,-0.0632728818338087,L1,0.022374434210708,L2,0.106...
Pre Extraction Termination data. keys=H2,H1,AX,L1,L2,CDD, signals=-0.22786,-0.06065,-0.06327,0.02237,0.10684,0.00432
20:51:51 -- testing system defined conditionals
Checking default pre extraction terminations n=2
testing CDD
evaluate ot="CDD.inactive" t="CDD", ctx="{'CDD': False}"
GetDeflection CDD ===>> 50
testing CDD==2000
evaluate ot="CDD.deflection==2000" t="CDD==2000", ctx="{'CDD': 50.0}"
20:51:51 -- ******* Pre Extraction Check Passed *******
=================================================================================
20:51:51 -- stopping status monitor
stop 5052903792
Alive clients [4983293136]
20:51:51 -- starting status monitor
start 5052903792
Monitor already running
start extraction
do extraction
Analysis started at 20:51:51.650024
Extraction Started jan_co2.py
20:51:51 -- ******* Extraction Started jan_co2.py *******
state changed from not run to extraction
DO EXTRACTION <pychron.extraction_line.pyscript_runner.RemotePyScriptRunner object at 0x12b93d0b0>
testing...
no interpolation path defined
calculate duration
testing...
no interpolation path defined
executed 0
calculate duration
testing...
no interpolation path defined
executed 0
executed 100.0
Jan CO2 laser analysis
doing GOSUB
testing...
no interpolation path defined
executed 0
Waiting for CO2 access
wait ('FelixCO2Flag', 0) {}
waiting for FelixCO2Flag = 0
Read FelixCO2Flag ===>> 0
finished waiting
CO2 free
wait ('CO2PumpTimeFlag', 0) {}
waiting for CO2PumpTimeFlag = 0
Read CO2PumpTimeFlag ===>> 0
finished waiting
acquire ('JanCO2Flag',) {'clear': True}
acquire JanCO2Flag
Set JanCO2Flag 1 ===>> OK
JanCO2Flag acquired
set extraction state False (0.75, 'red', 1.5)
CO2 acquired
executed 0
WaitForCO2Access.py completed successfully
gosub finished
doing GOSUB
testing...
no interpolation path defined
executed 0
Prepare for CO2 analysis
close () {'description': 'Jan Inlet'}
closing name=--- desc=Jan Inlet
checking ownership. requestor=129.138.12.150
check software interlocks R
interlocks []
actuate state mode=None-script, software_lock=False
doing actuation None-script close_channel False
Close R ===>> OK
GetValveState R ===>> False
change switch state (True, True)
update switch state R False args=() kw={} ncanvase=3
20:51:52 -- CLOSE  VALVE-R (Jan Inlet)
---------------------------------------- close None (Jan Inlet) result=[(True, True)]
action=close, ok=True, locked=[False]
open () {'description': 'Jan Ion Pump'}
opening name=--- desc=Jan Ion Pump
checking ownership. requestor=129.138.12.150
check software interlocks O
interlocks []
actuate state mode=None-script, software_lock=False
doing actuation None-script open_channel False
Open O ===>> OK
GetValveState O ===>> OK
change switch state (True, True)
update switch state O True args=() kw={} ncanvase=3
20:51:52 -- OPEN   VALVE-O (Jan Ion Pump)
---------------------------------------- open None (Jan Ion Pump) result=[(True, True)], time=0.13 sec
action=open, ok=True, locked=[False]
close () {'description': 'Microbone to Minibone'}
closing name=--- desc=Microbone to Minibone
checking ownership. requestor=129.138.12.150
check software interlocks L
interlocks []
actuate state mode=None-script, software_lock=False
doing actuation None-script close_channel False
Close L ===>> OK
GetValveState L ===>> False
change switch state (True, True)
update switch state L False args=() kw={} ncanvase=3
20:51:53 -- CLOSE  VALVE-L (Microbone to Minibone)
---------------------------------------- close None (Microbone to Minibone) result=[(True, True)]
action=close, ok=True, locked=[False]
open () {'description': 'Microbone to Turbo'}
opening name=--- desc=Microbone to Turbo
checking ownership. requestor=129.138.12.150
check software interlocks U
interlocks []
actuate state mode=None-script, software_lock=False
doing actuation None-script open_channel False
Open U ===>> OK
GetValveState U ===>> OK
change switch state (True, True)
update switch state U True args=() kw={} ncanvase=3
20:51:53 -- OPEN   VALVE-U (Microbone to Turbo)
---------------------------------------- open None (Microbone to Turbo) result=[(True, True)], time=0.14 sec
action=open, ok=True, locked=[False]
open () {'description': 'Microbone to Inlet Pipette'}
opening name=--- desc=Microbone to Inlet Pipette
checking ownership. requestor=129.138.12.150
check software interlocks S
interlocks []
actuate state mode=None-script, software_lock=False
doing actuation None-script open_channel False
Open S ===>> OK
GetValveState S ===>> OK
change switch state (True, True)
update switch state S True args=() kw={} ncanvase=3
20:51:54 -- OPEN   VALVE-S (Microbone to Inlet Pipette)
---------------------------------------- open None (Microbone to Inlet Pipette) result=[(True, True)], time=0.41 sec
action=open, ok=True, locked=[False]
open () {'description': 'Microbone to Getter D-50'}
opening name=--- desc=Microbone to Getter D-50
checking ownership. requestor=129.138.12.150
check software interlocks K
interlocks []
actuate state mode=None-script, software_lock=False
doing actuation None-script open_channel False
Open K ===>> OK
GetValveState K ===>> OK
change switch state (True, True)
update switch state K True args=() kw={} ncanvase=3
20:51:54 -- OPEN   VALVE-K (Microbone to Getter D-50)
---------------------------------------- open None (Microbone to Getter D-50) result=[(True, True)], time=0.44 sec
action=open, ok=True, locked=[False]
open () {'description': 'Microbone to Getter NP-10'}
opening name=--- desc=Microbone to Getter NP-10
checking ownership. requestor=129.138.12.150
check software interlocks M
interlocks []
actuate state mode=None-script, software_lock=False
doing actuation None-script open_channel False
Open M ===>> OK
GetValveState M ===>> OK
change switch state (True, True)
update switch state M True args=() kw={} ncanvase=3
20:51:55 -- OPEN   VALVE-M (Microbone to Getter NP-10)
---------------------------------------- open None (Microbone to Getter NP-10) result=[(True, True)], time=0.15 sec
action=open, ok=True, locked=[False]
close () {'description': 'CO2 Laser to Felix'}
closing name=--- desc=CO2 Laser to Felix
checking ownership. requestor=129.138.12.150
check software interlocks F
interlocks []
actuate state mode=None-script, software_lock=True
VALVE-F(CO2 Laser to Felix) software locked
change switch state (True, False)
---------------------------------------- close None (CO2 Laser to Felix) result=[(True, False)]
action=close, ok=True, locked=[True]
open () {'description': 'CO2 Laser to Jan'}
opening name=--- desc=CO2 Laser to Jan
checking ownership. requestor=129.138.12.150
check software interlocks A
interlocks []
actuate state mode=None-script, software_lock=False
doing actuation None-script open_channel False
Open A ===>> OK
GetValveState A ===>> OK
change switch state (True, True)
update switch state A True args=() kw={} ncanvase=3
20:51:55 -- OPEN   VALVE-A (CO2 Laser to Jan)
---------------------------------------- open None (CO2 Laser to Jan) result=[(True, True)], time=0.14 sec
action=open, ok=True, locked=[False]
open () {'description': 'Microbone to CO2 Laser'}
opening name=--- desc=Microbone to CO2 Laser
checking ownership. requestor=129.138.12.150
check software interlocks T
interlocks []
actuate state mode=None-script, software_lock=False
doing actuation None-script open_channel False
Open T ===>> OK
Get Checksum: -1772432964
GetValveState T ===>> OK
change switch state (True, True)
update switch state T True args=() kw={} ncanvase=3
20:51:56 -- OPEN   VALVE-T (Microbone to CO2 Laser)
---------------------------------------- open None (Microbone to CO2 Laser) result=[(True, True)], time=0.41 sec
action=open, ok=True, locked=[False]
executed 0
PrepareForCO2Analysis.py completed successfully
gosub finished
set_motor ('beam', '1.25') {}
setting motor "beam" to 1.25
set motor beam to 1.25
SetMotor beam,1.25 ===>> OK
GetMotorMoving beam ===>> False
GetMotorMoving beam ===>> False
Block completed
move_to_position ('195',) {'autocenter': True}
FusionsCO2 move to position 195
sending GoToHole 195,True
GoToHole 195,True ===>> OK
GetDriveMoving ===>> OK
GetDriveMoving ===>> OK
GetDriveMoving ===>> OK
GetDriveMoving ===>> OK
Get Checksum: -1772432964
GetDriveMoving ===>> OK
GetDriveMoving ===>> OK
GetDriveMoving ===>> False
GetDriveMoving ===>> False
Block completed
GetAutoCorrecting ===>> OK
GetAutoCorrecting ===>> OK
GetAutoCorrecting ===>> OK
Get Checksum: -1772432964
GetAutoCorrecting ===>> OK
GetAutoCorrecting ===>> OK
GetAutoCorrecting ===>> OK
GetAutoCorrecting ===>> OK
GetAutoCorrecting ===>> OK
GetAutoCorrecting ===>> OK
Get Checksum: -1772432964
GetAutoCorrecting ===>> OK
GetAutoCorrecting ===>> OK
GetAutoCorrecting ===>> OK
GetAutoCorrecting ===>> OK
GetAutoCorrecting ===>> OK
GetAutoCorrecting ===>> OK
Get Checksum: -1772432964
GetAutoCorrecting ===>> OK
GetAutoCorrecting ===>> OK
GetAutoCorrecting ===>> OK
GetAutoCorrecting ===>> False
GetAutoCorrecting ===>> False
Block completed
update position
GetPosition ===>> 9.96950,-9.96950,1.00000
got position (9.9695, -9.9695, 1.0)
move to position succeeded
sleep (5,) {}
SLEEP 5.0
block started
WaitControl setup for 5.0  
Get Checksum: -1772432964
Get Checksum: -1772432964
Join finished
block finished. duration 5.01229715347
close () {'description': 'Microbone to Turbo'}
closing name=--- desc=Microbone to Turbo
checking ownership. requestor=129.138.12.150
check software interlocks U
interlocks []
actuate state mode=None-script, software_lock=False
doing actuation None-script close_channel True
Close U ===>> OK
GetValveState U ===>> False
change switch state (True, True)
update switch state U False args=() kw={} ncanvase=3
20:52:15 -- CLOSE  VALVE-U (Microbone to Turbo)
---------------------------------------- close None (Microbone to Turbo) result=[(True, True)]
action=close, ok=True, locked=[False]
enable laser
enable () {}
set extraction state FusionsCO2 Enabled (False, 'red', 1.5)
enabling laser
Enable ===>> OK
begin interval
BEGIN INTERVAL Interval 1 waiting for 30.0
block started
WaitControl setup for 30.0  
set extract to 5.0
extract (5.0,) {}
GetPosition ===>> 9.96950,-9.96950,1.00000
set extraction state FusionsCO2 ON! 5.0(watts) (0.75, 'red', 1.5)
extract sample to 5.0 (watts)
set laser output
SetLaserOutput 5.0,watts ===>> OK
executing pattern triangle.lp
execute_pattern ('triangle.lp',) {}
executing pattern triangle.lp
Get Checksum: 1550443794
IsPatterning ===>> OK
IsPatterning ===>> OK
set states for children of D. state=False
handle state [('D', False)]
update switch state D False args=() kw={'refresh': False} ncanvase=3
refresh_canvas_needed fired
IsPatterning ===>> OK
Get Checksum: 743130707
State checksums do not match. Local:-1921872142 Remote:743130707
State checksum failed
IsPatterning ===>> OK
set states for children of B. state=False
handle state [('B', False)]
update switch state B False args=() kw={'refresh': False} ncanvase=3
refresh_canvas_needed fired
IsPatterning ===>> OK
IsPatterning ===>> OK
Get Checksum: 743130707
IsPatterning ===>> OK
IsPatterning ===>> OK
IsPatterning ===>> OK
Get Checksum: 743130707
IsPatterning ===>> OK
IsPatterning ===>> OK
IsPatterning ===>> OK
Get Checksum: 743130707
IsPatterning ===>> OK
IsPatterning ===>> OK
IsPatterning ===>> OK
Get Checksum: 743130707
IsPatterning ===>> OK
IsPatterning ===>> OK
IsPatterning ===>> OK
Get Checksum: 743130707
IsPatterning ===>> OK
IsPatterning ===>> OK
IsPatterning ===>> OK
Get Checksum: 743130707
IsPatterning ===>> OK
IsPatterning ===>> OK
IsPatterning ===>> OK
Get Checksum: 743130707
IsPatterning ===>> OK
IsPatterning ===>> OK
IsPatterning ===>> False
Get Checksum: 743130707
IsPatterning ===>> False
Block completed
COMPLETE INTERVAL waiting for Interval 1 to complete
Join finished
block finished. duration 30.1033570766
Interval 1 finished
end_extract () {}
ending extraction. set laser power to 0
set laser power 0
SetLaserPower 0 ===>> OK
disable () {}
%%%%%%%%%%%%%%%%%%%%%%%%%%%%%%%%%%% disable
set extraction state False (0.75, 'red', 1.5)
disabling laser
Disable ===>> OK
sleep (30.0,) {}
SLEEP 30.0
block started
WaitControl setup for 30.0  
Get Checksum: 743130707
Get Checksum: 743130707
Get Checksum: 743130707
Get Checksum: 743130707
Get Checksum: 743130707
Get Checksum: 743130707
Get Checksum: 743130707
set states for children of C. state=False
handle state [('C', False)]
update switch state C False args=() kw={'refresh': False} ncanvase=3
refresh_canvas_needed fired
Get Checksum: 2118110381
State checksums do not match. Local:-548444645 Remote:2118110381
State checksum failed
set states for children of B. state=True
handle state [('B', True)]
update switch state B True args=() kw={'refresh': False} ncanvase=3
refresh_canvas_needed fired
Get Checksum: 2118110381
Get Checksum: 2118110381
Join finished
block finished. duration 30.0989668369
executed 166.0
jan_co2.py completed successfully
GetAchievedOutput ===>> No Response
Requested Output= 0.000
Achieved Output=  0.000
GetResponseBlob ===>> No Response
GetOutputBlob ===>> No Response
persistence save...
persistence save - db
AutomatedRunPersister post_extraction_save deprecated
persistence save - dvc
no extraction position for 195
create new session 4983039568
close session 4983039568
Extraction Finished
20:53:17 -- ******* Extraction Finished *******
no overlap. not waiting for min ms pumptime
20:53:17 -- Sending spectrometer configuration
======== Sending configuration ========
SetDeflection CDD,50.0 ===>> OK
SetDeflection H2,0.0 ===>> OK
SetDeflection H1,0.0 ===>> OK
SetDeflection L2,825.0 ===>> OK
SetDeflection L1,400.0 ===>> OK
SetDeflection AX,190.0 ===>> OK
SetZFocus 74.64 ===>> OK
SetZSymmetry -50.72 ===>> OK
SetExtractionLens 26.13 ===>> OK
SetIonRepeller -3.81 ===>> OK
SetElectronEnergy 75.08 ===>> OK
SetYSymmetry -2.81 ===>> OK
SetIonCounterVoltage 1590.0 ===>> OK
send trap current 200.0
GetParameter Trap Current Readback ===>> 197.811389855338
SetParameter Trap Current Set,200.0 ===>> OK
updating mftable name mftable
Using mftable located at /Users/jan/PychronDev/setupfiles/spectrometer/mftables/mftable.csv
============ MFtable ===========
Isotope  H2     H1     AX     L1     L2     CDD    
Ar40     5.7733 5.8790 5.9923 6.1132 6.2308 6.3414
Ar39     5.6725 5.7713 5.8847 5.9992 6.1159 6.2279
Ar36     5.3500 5.4403 5.5481 5.6581 5.7709 5.8790
================================
get initial guess parabolic
get initial guess parabolic
get initial guess parabolic
get initial guess parabolic
get initial guess parabolic
get initial guess parabolic
======== Configuration Finished ========
GetYSymmetry ===>> -2.81
GetZSymmetry ===>> -50.72
GetParameter Trap Current Readback ===>> 198.370811206739
GetHighVoltage ===>> 4499.94659342336
start measurement
do measurement
L#=65511 analysis type=unknown
Measurement Started jan_co2_whiff_120_60_large.py
20:53:17 -- ******* Measurement Started jan_co2_whiff_120_60_large.py *******
state changed from extraction to measurement
setting spec, defl, and gains
GetExtractionLens ===>> 26.13
GetYSymmetry ===>> -2.81
GetZSymmetry ===>> -50.72
GetZFocus ===>> 74.64
GetDeflection H2 ===>> 0
GetDeflection H1 ===>> 0
GetDeflection AX ===>> 190
GetDeflection L1 ===>> 400
GetDeflection L2 ===>> 825
GetDeflection CDD ===>> 50
GetGain H2 ===>> 0.0113
GetGain H1 ===>> 0.1
GetGain AX ===>> 0.097049
GetGain L1 ===>> 0.010355
GetGain L2 ===>> 0.095649
GetGain CDD ===>> 0
pre measurement save
New frame /Users/jan/PychronDev/data/isotopes/f2/8530ac-b417-49ac-a4ca-b77a5dc5ee35.h5
flush and close file /Users/jan/PychronDev/data/isotopes/f2/8530ac-b417-49ac-a4ca-b77a5dc5ee35.h5
testing...
no interpolation path defined
executed 266.04
co2 whiff measurement script
activate_detectors ('H2', 'H1', 'AX', 'L1', 'L2', 'CDD') {}
activate detectors
*************** Set Analysis View Ar/Ar
create graphs
clearing graphs
clear isotope group
setting isotope det=H2, iso=PM41
setting isotope det=H1, iso=Ar40
setting isotope det=AX, iso=Ar39
setting isotope det=L1, iso=Ar38
setting isotope det=L2, iso=Ar37
setting isotope det=CDD, iso=Ar36
setting previous blanks
 - setting Ar40 blank 0.185+/-0.007
 - setting Ar36 blank 0.00480+/-0.00018
 - setting Ar37 blank 0.043+/-0.005
 - setting Ar38 blank 0.0128+/-0.0021
 - setting PM41 blank 0.03+/-0.06
 - setting Ar39 blank 0.020+/-0.009
load analysis view
Get Checksum: 2118110381
position_magnet ('Ar40',) {'detector': 'H1'}
detector Detector(H1)
POSITION Ar40 H1
setting detector H2 to PM41 (40.9624)
setting detector H1 to Ar40 (39.9624)
setting detector AX to Ar39 (38.9624)
setting detector L1 to Ar38 (37.9624)
setting detector L2 to Ar37 (36.9624)
setting detector CDD to Ar36 (35.9624)
Mapping mass to dac mass func: "parabolic"
H1 map mass coeffs = [-0.00063987  0.15840543  0.57058999]
H1 map mass to dac 39.9624 >> 5.87898
GetDeflection H1 ===>> 0
GetHighVoltage ===>> 4499.94659342336
positioning Ar40 (5.87894537924) on H1
setting magnet DAC
current  : 5.878948
requested: 5.878945
Delta Dac: 0.000002
Checking detector protection. dv=0.00000
Checking detector "CDD". Protection Threshold: 0.1 (V)
SetMagnetDAC 5.87894537924 ===>> OK
Magnet settling time: 0.500
close ('S',) {}
closing name=S desc=---
checking ownership. requestor=129.138.12.150
check software interlocks S
interlocks []
actuate state mode=None-script, software_lock=False
doing actuation None-script close_channel True
Close S ===>> OK
GetValveState S ===>> False
change switch state (True, True)
update switch state S False args=() kw={} ncanvase=3
20:53:19 -- CLOSE  VALVE-S (Microbone to Inlet Pipette)
---------------------------------------- close S () result=[(True, True)]
action=close, ok=True, locked=[False]
equilibrate () {'do_post_equilibration': False, 'inlet': 'R', 'outlet': 'O', 'eqtime': 4}
Equilibration Started
20:53:19 -- ******* Equilibration Started *******
checking ownership. requestor=129.138.12.150
check software interlocks O
interlocks []
actuate state mode=None-script, software_lock=False
doing actuation None-script close_channel True
Close O ===>> OK
GetValveState O ===>> False
change switch state (True, True)
update switch state O False args=() kw={} ncanvase=3
20:53:19 -- CLOSE  VALVE-O (Jan Ion Pump)
waiting 3s before opening inlet value ('R',)
Get Checksum: -852353279
checking ownership. requestor=129.138.12.150
check software interlocks R
interlocks []
actuate state mode=None-script, software_lock=False
doing actuation None-script open_channel True
Open R ===>> OK
GetValveState R ===>> OK
change switch state (True, True)
update switch state R True args=() kw={} ncanvase=3
20:53:23 -- OPEN   VALVE-R (Jan Inlet)
equilibrating for 4sec
set_time_zero (0,) {}
sniff (4,) {}
py_sniff
build tables- sniff [Detector(H2), Detector(H1), Detector(AX), Detector(L1), Detector(L2), Detector(CDD)]
add group /sniff/PM41 (Group) '' table H2
add group /sniff/Ar40 (Group) '' table H1
add group /sniff/Ar39 (Group) '' table AX
add group /sniff/Ar38 (Group) '' table L1
add group /sniff/Ar37 (Group) '' table L2
add group /sniff/Ar36 (Group) '' table CDD
flush and close file /Users/jan/PychronDev/data/isotopes/f2/8530ac-b417-49ac-a4ca-b77a5dc5ee35.h5
measuring sniff. ncounts=4
starting measurement
GetData ===>> H2,-0.240571157515383,H1,0.0595506819374371,AX,-0.00077684437077726,L1,-0.00193806887414038,L2,0....
Get Checksum: -667769540
GetData ===>> H2,3.78127353020279,H1,1.7033297247959,AX,6.56076957424154,L1,0.449236568810546,L2,1.254807017606...
GetData ===>> H2,4.58492919407059,H1,2.13677762352622,AX,5.06008266453372,L1,0.977847519199344,L2,0.55768316362...
GetData ===>> H2,1.59284424061871,H1,2.00034616804083,AX,2.76480051607454,L1,0.71381282558587,L2,0.280315440736...
Equilibration Finished
20:53:27 -- ******* Equilibration Finished *******
checking ownership. requestor=129.138.12.150
check software interlocks R
interlocks []
actuate state mode=None-script, software_lock=False
doing actuation None-script close_channel True
measurement finished
estimated time: 4.194 actual time: :4.256
flush and close file /Users/jan/PychronDev/data/isotopes/f2/8530ac-b417-49ac-a4ca-b77a5dc5ee35.h5
set_fits () {}
using default fits file=/Users/jan/PychronDev/scripts/measurement/fits/nominal_linear.yaml
set "Ar40" to "('Linear', 'SEM')"
No fit for "PM41". defaulting to linear. check the measurement script "jan_co2_whiff_120_60_large.py"
set "PM41" to "linear"
set "Ar36" to "('Linear', 'SEM')"
set "Ar37" to "('linear', 'SEM')"
set "Ar38" to "('linear', 'SEM')"
set "Ar39" to "('Linear', 'SEM')"
set_baseline_fits () {}
using default fits file=/Users/jan/PychronDev/scripts/measurement/fits/nominal_linear.yaml
set "H1" to "('average', 'SEM')"
set "H2" to "('average', 'SEM')"
set "CDD" to "('average', 'SEM')"
set "L2" to "('average', 'SEM')"
set "L1" to "('average', 'SEM')"
set "AX" to "('average', 'SEM')"
whiff () {'ncounts': 1, 'conditionals': [{'action': 'run_remainder', 'attr': 'Ar40', 'teststr': 'Ar40.cur<=175'}, {'action': 'run_pipette', 'attr': 'Ar40', 'teststr': 'Ar40.cur>500'}, {'action': 'run_chamber_split', 'attr': 'Ar40', 'teststr': 'Ar40.cur>=300'}, {'action': 'pump', 'attr': 'Ar40', 'teststr': 'Ar40.cur>175'}]}
build tables- whiff [Detector(H2), Detector(H1), Detector(AX), Detector(L1), Detector(L2), Detector(CDD)]
Close R ===>> OK
add group /whiff/PM41 (Group) '' table H2
add group /whiff/Ar40 (Group) '' table H1
add group /whiff/Ar39 (Group) '' table AX
add group /whiff/Ar38 (Group) '' table L1
Get Checksum: -852353279
add group /whiff/Ar37 (Group) '' table L2
State checksums do not match. Local:-667769540 Remote:-852353279
add group /whiff/Ar36 (Group) '' table CDD
State checksum failed
flush and close file /Users/jan/PychronDev/data/isotopes/f2/8530ac-b417-49ac-a4ca-b77a5dc5ee35.h5
measuring whiff. ncounts=1
GetValveState R ===>> False
change switch state (True, True)
update switch state R False args=() kw={} ncanvase=3
20:53:28 -- CLOSE  VALVE-R (Jan Inlet)
starting measurement
GetData ===>> H2,0.410378509966067,H1,1.78595682621696,AX,1.87272164432015,L1,0.249575888323758,L2,0.0923686374...
set states for children of B. state=False
handle state [('B', False)]
update switch state B False args=() kw={'refresh': False} ncanvase=3
refresh_canvas_needed fired
testing Ar40<=175
evaluate ot="Ar40.cur<=175" t="Ar40<=175", ctx="{'Ar40': 1.7859568262169601}"
condition Ar40<=175 is true trips=1/1
20:53:29 -- Conditional tripped: Ar40.cur<=175 condition Ar40<=175 is True
measurement finished
estimated time: 1.049 actual time: :1.102
flush and close file /Users/jan/PychronDev/data/isotopes/f2/8530ac-b417-49ac-a4ca-b77a5dc5ee35.h5
WHIFF Result=run_remainder
Whiff result=run_remainder
open ('R',) {}
opening name=R desc=---
checking ownership. requestor=129.138.12.150
check software interlocks R
interlocks []
actuate state mode=None-script, software_lock=False
doing actuation None-script open_channel True
Open R ===>> OK
GetValveState R ===>> OK
change switch state (True, True)
update switch state R True args=() kw={} ncanvase=3
20:53:30 -- OPEN   VALVE-R (Jan Inlet)
---------------------------------------- open R () result=[(True, True)], time=0.43 sec
action=open, ok=True, locked=[False]
open ('S',) {}
opening name=S desc=---
checking ownership. requestor=129.138.12.150
check software interlocks S
interlocks []
actuate state mode=None-script, software_lock=False
doing actuation None-script open_channel True
Open S ===>> OK
GetValveState S ===>> OK
change switch state (True, True)
update switch state S True args=() kw={} ncanvase=3
20:53:30 -- OPEN   VALVE-S (Microbone to Inlet Pipette)
---------------------------------------- open S () result=[(True, True)], time=0.50 sec
action=open, ok=True, locked=[False]
sleep (12.0,) {}
SLEEP 12.0
Get Checksum: 714864715
block started
WaitControl setup for 12.0  
Get Checksum: 714864715
Get Checksum: 714864715
Get Checksum: 714864715
Join finished
block finished. duration 12.0514218807
close ('R',) {}
closing name=R desc=---
checking ownership. requestor=129.138.12.150
check software interlocks R
interlocks []
actuate state mode=None-script, software_lock=False
doing actuation None-script close_channel True
Close R ===>> OK
GetValveState R ===>> False
change switch state (True, True)
update switch state R False args=() kw={} ncanvase=3
20:53:44 -- CLOSE  VALVE-R (Jan Inlet)
---------------------------------------- close R () result=[(True, True)]
action=close, ok=True, locked=[False]
post_equilibration () {}
Post Equilibration Started jan_pump_extraction_line.py
multicollect () {'integration_time': 1, 'ncounts': 120.0}
20:53:44 -- ******* Post Equilibration Started jan_pump_extraction_line.py *******
build tables- signal [Detector(H2), Detector(H1), Detector(AX), Detector(L1), Detector(L2), Detector(CDD)]
testing...
no interpolation path defined
add group /signal/PM41 (Group) '' table H2
add group /signal/Ar40 (Group) '' table H1
calculate duration
add group /signal/Ar39 (Group) '' table AX
testing...
add group /signal/Ar38 (Group) '' table L1
no interpolation path defined
add group /signal/Ar37 (Group) '' table L2
add group /signal/Ar36 (Group) '' table CDD
executed 4.0
flush and close file /Users/jan/PychronDev/data/isotopes/f2/8530ac-b417-49ac-a4ca-b77a5dc5ee35.h5
executed 4.0
Pump after analysis
measuring signal. ncounts=120.0
doing GOSUB
testing...
no interpolation path defined
executed 4.0
Pump Microbone
close () {'description': 'Jan Inlet'}
closing name=--- desc=Jan Inlet
checking ownership. requestor=129.138.12.150
check software interlocks R
interlocks []
actuate state mode=None-script, software_lock=False
doing actuation None-script close_channel False
Close R ===>> OK
GetValveState R ===>> False
change switch state (True, True)
update switch state R False args=() kw={} ncanvase=3
20:53:44 -- CLOSE  VALVE-R (Jan Inlet)
---------------------------------------- close None (Jan Inlet) result=[(True, True)]
starting measurement
GetData ===>> H2,0.0840821973034502,H1,46.4779818752924,AX,43.9191804237081,L1,0.594959231738896,L2,0.265370403...
action=close, ok=True, locked=[False]
is_closed ('F',) {}
is F () closed?
is closed True
open () {'description': 'CO2 Laser to Jan'}
opening name=--- desc=CO2 Laser to Jan
checking ownership. requestor=129.138.12.150
check software interlocks A
interlocks []
actuate state mode=None-script, software_lock=False
doing actuation None-script open_channel False
Open A ===>> OK
GetValveState A ===>> OK
change switch state (True, True)
update switch state A True args=() kw={} ncanvase=3
20:53:45 -- OPEN   VALVE-A (CO2 Laser to Jan)
---------------------------------------- open None (CO2 Laser to Jan) result=[(True, True)], time=0.16 sec
action=open, ok=True, locked=[False]
sleep (1,) {}
SLEEP 1.0
Get Checksum: 1944010931
GetData ===>> H2,0.277566697504386,H1,46.3832286931911,AX,43.9480428172911,L1,0.588672315955299,L2,0.2921019882...
close () {'description': 'CO2 Laser to Roughing'}
closing name=--- desc=CO2 Laser to Roughing
checking ownership. requestor=129.138.12.150
check software interlocks G
interlocks []
actuate state mode=None-script, software_lock=True
VALVE-G(CO2 Laser to Roughing) software locked
change switch state (True, False)
---------------------------------------- close None (CO2 Laser to Roughing) result=[(True, False)]
action=close, ok=True, locked=[True]
open () {'description': 'Microbone to Turbo'}
opening name=--- desc=Microbone to Turbo
checking ownership. requestor=129.138.12.150
check software interlocks U
interlocks []
actuate state mode=None-script, software_lock=False
doing actuation None-script open_channel True
Open U ===>> OK
GetValveState U ===>> OK
change switch state (True, True)
update switch state U True args=() kw={} ncanvase=3
20:53:46 -- OPEN   VALVE-U (Microbone to Turbo)
---------------------------------------- open None (Microbone to Turbo) result=[(True, True)], time=0.20 sec
action=open, ok=True, locked=[False]
open () {'description': 'Microbone to Getter NP-10'}
opening name=--- desc=Microbone to Getter NP-10
checking ownership. requestor=129.138.12.150
check software interlocks M
interlocks []
actuate state mode=None-script, software_lock=False
doing actuation None-script open_channel False
Open M ===>> OK
GetData ===>> H2,0.0898589870448246,H1,46.3188653721368,AX,43.8078781261612,L1,0.587737449045261,L2,0.260647800...
GetValveState M ===>> OK
change switch state (True, True)
update switch state M True args=() kw={} ncanvase=3
20:53:47 -- OPEN   VALVE-M (Microbone to Getter NP-10)
---------------------------------------- open None (Microbone to Getter NP-10) result=[(True, True)], time=0.15 sec
action=open, ok=True, locked=[False]
open () {'description': 'Microbone to Getter D-50'}
opening name=--- desc=Microbone to Getter D-50
checking ownership. requestor=129.138.12.150
check software interlocks K
interlocks []
actuate state mode=None-script, software_lock=False
doing actuation None-script open_channel False
Open K ===>> OK
GetValveState K ===>> OK
change switch state (True, True)
update switch state K True args=() kw={} ncanvase=3
20:53:47 -- OPEN   VALVE-K (Microbone to Getter D-50)
---------------------------------------- open None (Microbone to Getter D-50) result=[(True, True)], time=0.41 sec
action=open, ok=True, locked=[False]
open () {'description': 'Microbone to CO2 Laser'}
opening name=--- desc=Microbone to CO2 Laser
checking ownership. requestor=129.138.12.150
check software interlocks T
interlocks []
actuate state mode=None-script, software_lock=False
doing actuation None-script open_channel False
GetData ===>> H2,-0.0277598203280354,H1,46.392604653458,AX,43.7632584509714,L1,0.576264358728475,L2,0.243485712...
Open T ===>> OK
GetValveState T ===>> OK
change switch state (True, True)
update switch state T True args=() kw={} ncanvase=3
20:53:48 -- OPEN   VALVE-T (Microbone to CO2 Laser)
---------------------------------------- open None (Microbone to CO2 Laser) result=[(True, True)], time=0.43 sec
action=open, ok=True, locked=[False]
open () {'description': 'Microbone to Inlet Pipette'}
opening name=--- desc=Microbone to Inlet Pipette
checking ownership. requestor=129.138.12.150
check software interlocks S
interlocks []
actuate state mode=None-script, software_lock=False
doing actuation None-script open_channel False
Open S ===>> OK
Get Checksum: 1334048640
GetValveState S ===>> OK
change switch state (True, True)
update switch state S True args=() kw={} ncanvase=3
20:53:49 -- OPEN   VALVE-S (Microbone to Inlet Pipette)
---------------------------------------- open None (Microbone to Inlet Pipette) result=[(True, True)], time=0.43 sec
GetData ===>> H2,-0.0448255438741693,H1,46.3700036291844,AX,43.7313903535618,L1,0.549666511361888,L2,0.18247633...
action=open, ok=True, locked=[False]
sleep (1,) {}
SLEEP 1.0
GetData ===>> H2,0.0141011768048467,H1,46.377144987552,AX,43.6805573356645,L1,0.545670794663312,L2,0.3017102954...
set_resource () {'name': 'CO2PumpTimeFlag', 'value': 30}
Set CO2PumpTimeFlag 30 ===>> OK
release ('JanCO2Flag',) {}
release JanCO2Flag
Set JanCO2Flag 0 ===>> OK
executed 6.0
PumpMicrobone.py completed successfully
gosub finished
get_resource_value () {'name': 'JanMiniboneFlag'}
Read JanMiniboneFlag ===>> 0
Get Resource Value JanMiniboneFlag=0.0
get resource value 0.0
get_resource_value () {'name': 'JanMiniboneFlag'}
Read JanMiniboneFlag ===>> 0
Get Resource Value JanMiniboneFlag=0.0
executed 4.0
jan_pump_extraction_line.py completed successfully
Post Equilibration Finished
20:53:50 -- ******* Post Equilibration Finished *******
GetData ===>> H2,0.0238665752650417,H1,46.3037380383043,AX,43.6373137746906,L1,0.587364513781536,L2,0.291246188...
Get Checksum: 1334048640
GetData ===>> H2,-0.0330136372042301,H1,46.363274085685,AX,43.6085360364251,L1,0.557209828153003,L2,0.273869394...
GetData ===>> H2,-0.0168977163522093,H1,46.3250490208053,AX,43.7774906120195,L1,0.565781983812628,L2,0.16198882...
GetData ===>> H2,-0.077562947645293,H1,46.4701348697318,AX,43.6848896572094,L1,0.595939241951054,L2,0.200446439...
Get Checksum: 1334048640
GetData ===>> H2,-0.0977009059552607,H1,46.5588762698029,AX,43.5872730861993,L1,0.574321097332831,L2,0.11902036...
GetData ===>> H2,-0.0511784660659719,H1,46.4541778927735,AX,43.3498359612799,L1,0.552408451009932,L2,0.21489342...
GetData ===>> H2,-0.0384849199181682,H1,46.3516672210345,AX,43.5750677665331,L1,0.532673188204622,L2,0.27288826...
Get Checksum: 1334048640
GetData ===>> H2,-0.106588495933606,H1,46.3613934055792,AX,43.5582378303234,L1,0.572467067081027,L2,0.319057898...
GetData ===>> H2,-0.146450619024883,H1,46.49855691949,AX,43.4768605504647,L1,0.562310355603854,L2,0.34635249266...
GetData ===>> H2,-0.123817292551651,H1,46.4324056802884,AX,43.5355966709158,L1,0.532356601301363,L2,0.266123304...
Get Checksum: 1334048640
GetData ===>> H2,-0.113075119389542,H1,46.4587913921753,AX,43.4953384394764,L1,0.519912690090182,L2,0.188351902...
GetData ===>> H2,-0.1525645790513,H1,46.3730893505645,AX,43.3418065512384,L1,0.570892266142211,L2,0.20166738782...
GetData ===>> H2,-0.159899067462248,H1,46.4254429094084,AX,43.3618243395394,L1,0.557367732998731,L2,0.127149597...
Get Checksum: 1334048640
GetData ===>> H2,-0.154337504073592,H1,46.4563083089485,AX,43.4442403100282,L1,0.549807042757441,L2,0.215178735...
GetData ===>> H2,-0.147805455991777,H1,46.4691209672327,AX,43.4655793781764,L1,0.54591231791121,L2,0.2091531694...
GetData ===>> H2,-0.230126331791767,H1,46.440720390084,AX,43.3025893921782,L1,0.564855691333014,L2,0.2080005948...
Get Checksum: 1334048640
GetData ===>> H2,-0.188489796365714,H1,46.3682110074686,AX,43.3085030511932,L1,0.529271310671002,L2,0.128985325...
GetData ===>> H2,-0.163226325032795,H1,46.3600857621025,AX,43.3605757893772,L1,0.528206144767367,L2,0.221056310...
20:54:10 -- collecting point 25
GetData ===>> H2,-0.293146181026517,H1,46.3779678867,AX,43.3301747979,L1,0.520566028851407,L2,0.305270863044895...
Get Checksum: 1334048640
GetData ===>> H2,-0.290295968677797,H1,46.440661626917,AX,43.4835020422489,L1,0.532142263922161,L2,0.2818443011...
GetData ===>> H2,-0.248541104447188,H1,46.4653446211163,AX,43.2708847124711,L1,0.538528692818745,L2,0.275911546...
GetData ===>> H2,-0.164372544251457,H1,46.4129755760412,AX,43.4299691048737,L1,0.538395597020319,L2,0.214836363...
Get Checksum: 1334048640
GetData ===>> H2,-0.212060121346225,H1,46.3774241848616,AX,43.2500175483371,L1,0.518562502194189,L2,0.215623821...
GetData ===>> H2,-0.122701607825453,H1,46.3765865948295,AX,43.2612303588926,L1,0.550425896703295,L2,0.357804610...
GetData ===>> H2,-0.155004981736412,H1,46.266426990933,AX,43.1179719902625,L1,0.536847621830805,L2,0.3055333460...
Get Checksum: 1334048640
GetData ===>> H2,-0.133043464962662,H1,46.2576184746003,AX,43.2096970211097,L1,0.55415953006326,L2,0.2012337781...
GetData ===>> H2,-0.152118783772047,H1,46.3032534068459,AX,43.2756342047359,L1,0.564188466744693,L2,0.226569005...
Get Checksum: 1334048640
GetData ===>> H2,-0.1096568692956,H1,46.2600260732025,AX,43.2006852325907,L1,0.522862270240379,L2,0.17992086063...
GetData ===>> H2,-0.111553617488401,H1,46.2569578612569,AX,43.3048867499795,L1,0.512592085922024,L2,0.312586418...
GetData ===>> H2,-0.0765790131381997,H1,46.2288411389299,AX,43.2395286443795,L1,0.525251345939027,L2,0.24991301...
Get Checksum: 1334048640
GetData ===>> H2,-0.0966636126374992,H1,46.4671225751171,AX,43.1578533648878,L1,0.5297885406481,L2,0.1837769149...
GetData ===>> H2,-0.212231176113121,H1,46.4545598957246,AX,43.1371173490372,L1,0.530390776736556,L2,0.272009819...
GetData ===>> H2,-0.139091419355209,H1,46.5263974782045,AX,43.075908377994,L1,0.501507349389239,L2,0.1192825911...
Get Checksum: 1334048640
GetData ===>> H2,-0.131517784212977,H1,46.4712663359845,AX,43.1730781417726,L1,0.490001423117826,L2,0.180696622...
GetData ===>> H2,-0.235636975646704,H1,46.2894789216228,AX,43.1792309789001,L1,0.535893809853696,L2,0.258327390...
GetData ===>> H2,-0.256193576913327,H1,46.3565742937599,AX,43.0519292881681,L1,0.517523278592328,L2,0.122053071...
Get Checksum: 1334048640
GetData ===>> H2,-0.138427694553193,H1,46.3289561891543,AX,42.9766745942658,L1,0.54366981897628,L2,0.2884734483...
GetData ===>> H2,-0.0893375728758294,H1,46.4445547472524,AX,42.9793375120318,L1,0.547548909716134,L2,0.26497114...
GetData ===>> H2,-0.153007836301897,H1,46.3900181104444,AX,43.0005597858193,L1,0.546868608181024,L2,0.292809455...
Get Checksum: 1334048640
GetData ===>> H2,-0.149265472927175,H1,46.4023487657874,AX,42.9843093958767,L1,0.548157768232333,L2,0.273173475...
GetData ===>> H2,-0.166644388768128,H1,46.3022107213806,AX,43.0418886844772,L1,0.544747882776687,L2,0.195539980...
GetData ===>> H2,-0.281282468169322,H1,46.2984365674617,AX,43.1327665046125,L1,0.546953643426081,L2,0.212873455...
Get Checksum: 1334048640
GetData ===>> H2,-0.165137975907607,H1,46.3228310968866,AX,42.9586448114862,L1,0.53441397347145,L2,0.3096418689...
20:54:36 -- collecting point 50
GetData ===>> H2,-0.221861384773318,H1,46.3214651106231,AX,42.9350105365221,L1,0.545159424766009,L2,0.254696674...
GetData ===>> H2,-0.24546036368585,H1,46.4059056321163,AX,42.7166090184955,L1,0.520729677611013,L2,0.2770296143...
Get Checksum: 1334048640
GetData ===>> H2,-0.186522276088355,H1,46.4870932571698,AX,42.8054403532718,L1,0.534389331861046,L2,0.179932268...
GetData ===>> H2,-0.0723888846184219,H1,46.4090363472968,AX,42.8966166339361,L1,0.560933126250745,L2,0.20237486...
GetData ===>> H2,-0.0592516069535522,H1,46.4327876158035,AX,42.98249626314,L1,0.534852603965007,L2,0.2901621856...
Get Checksum: 1334048640
testing age>100.0
evaluate ot="age>100.0" t="age>100.0", ctx="{'age': 6.774427098461873}"
GetData ===>> H2,-0.118421770930184,H1,46.4222554429558,AX,42.945942043393,L1,0.57192153682522,L2,0.18909350483...
GetData ===>> H2,-0.11696458094662,H1,46.3574411322955,AX,42.9540563639917,L1,0.553090350085457,L2,0.2723520698...
Get Checksum: 1334048640
GetData ===>> H2,-0.164948985244401,H1,46.3436899717866,AX,42.8420625786268,L1,0.534704748910221,L2,0.357541984...
GetData ===>> H2,-0.0904188942376612,H1,46.2326057210531,AX,42.8456138440658,L1,0.512499786991704,L2,0.13297616...
GetData ===>> H2,-0.121917182005504,H1,46.3672412393722,AX,42.944922482089,L1,0.538868563793609,L2,0.2401295288...
Get Checksum: 1334048640
testing age>100.0
evaluate ot="age>100.0" t="age>100.0", ctx="{'age': 6.811587986582533}"
GetData ===>> H2,-0.250188753867365,H1,46.3349787588809,AX,42.902618402193,L1,0.523600719970481,L2,0.1843929853...
GetData ===>> H2,-0.189940606622872,H1,46.2633439385957,AX,42.874678787707,L1,0.512812376036499,L2,0.2578250187...
GetData ===>> H2,-0.204880222398113,H1,46.3055297226652,AX,42.7945981811815,L1,0.515009380939863,L2,0.261605991...
Get Checksum: 1334048640
GetData ===>> H2,-0.173094321820642,H1,46.1925370904381,AX,42.8053837336138,L1,0.549524749168994,L2,0.322425067...
GetData ===>> H2,-0.12162503715789,H1,46.3054269203992,AX,42.6761207065002,L1,0.551722897967791,L2,0.1510396173...
testing age>100.0
evaluate ot="age>100.0" t="age>100.0", ctx="{'age': 6.836223945973288}"
testing Ar39<0.5
evaluate ot="Ar39<0.5" t="Ar39<0.5", ctx="{'Ar39': 44.15287405767809}"
GetData ===>> H2,-0.0587416938427185,H1,46.2501757690802,AX,42.6299359276457,L1,0.526162318820486,L2,0.32283598...
Get Checksum: 1334048640
GetData ===>> H2,-0.0676465252395092,H1,46.3141947932813,AX,42.7138650500763,L1,0.498251035882903,L2,0.29882313...
GetData ===>> H2,-0.0816956271028496,H1,46.3920608870699,AX,42.8791367961744,L1,0.523901037957269,L2,0.15232836...
GetData ===>> H2,-0.11367066960379,H1,46.3539444310933,AX,42.7322253866787,L1,0.504527043339771,L2,0.2315341255...
Get Checksum: 1334048640
GetData ===>> H2,-0.0983603369420486,H1,46.3944123265262,AX,42.6027447671818,L1,0.555670382161572,L2,0.16027792...
testing age>100.0
evaluate ot="age>100.0" t="age>100.0", ctx="{'age': 6.8474244704390195}"
testing Ar39<0.5
evaluate ot="Ar39<0.5" t="Ar39<0.5", ctx="{'Ar39': 44.14569365552624}"
GetData ===>> H2,-0.147363767207765,H1,46.2857638923019,AX,42.6283529297176,L1,0.55074273466488,L2,0.2665111642...
GetData ===>> H2,-0.191562435472858,H1,46.3242705396526,AX,42.7395250459444,L1,0.522713355939814,L2,0.201907015...
Get Checksum: 1334048640
GetData ===>> H2,-0.178389648338392,H1,46.3089663049006,AX,42.5795545015074,L1,0.523833342567034,L2,0.237766572...
GetData ===>> H2,-0.144941602074078,H1,46.3501686928479,AX,42.6553940002764,L1,0.53982173982098,L2,0.2014848150...
GetData ===>> H2,-0.212893820543486,H1,46.326268161546,AX,42.6926792235098,L1,0.534377011077875,L2,0.2664883489...
set states for children of V. state=False
handle state [('V', False)]
update switch state V False args=() kw={'refresh': False} ncanvase=3
refresh_canvas_needed fired
Get Checksum: 1459125137
testing age>100.0
evaluate ot="age>100.0" t="age>100.0", ctx="{'age': 6.855285642387706}"
testing Ar39<0.5
evaluate ot="Ar39<0.5" t="Ar39<0.5", ctx="{'Ar39': 44.13434297173975}"
20:55:02 -- collecting point 75
GetData ===>> H2,-0.172546625018168,H1,46.2781579760817,AX,42.6568783984498,L1,0.529898147467114,L2,0.255187612...
GetData ===>> H2,-0.271831330925502,H1,46.2115689468736,AX,42.5734466004161,L1,0.482758173588753,L2,0.230369867...
GetData ===>> H2,-0.212301213538698,H1,46.3540031983612,AX,42.5653314961191,L1,0.48941513893239,L2,0.2013592965...
Get Checksum: 1032510184
State checksums do not match. Local:1459125137 Remote:1032510184
State checksum failed
GetData ===>> H2,-0.153617286723898,H1,46.3132254500359,AX,42.4950050010591,L1,0.495601685819547,L2,0.278626876...
set states for children of H. state=True
handle state [('H', True)]
update switch state H True args=() kw={'refresh': False} ncanvase=3
refresh_canvas_needed fired
GetData ===>> H2,-0.0574342590630599,H1,46.356089454525,AX,42.4002487790043,L1,0.505503468893394,L2,0.159171566...
Get Checksum: 1032510184
testing age>100.0
evaluate ot="age>100.0" t="age>100.0", ctx="{'age': 6.8531962147456476}"
testing Ar39<0.5
evaluate ot="Ar39<0.5" t="Ar39<0.5", ctx="{'Ar39': 44.135837048321584}"
GetData ===>> H2,-0.129749540791556,H1,46.3028275201676,AX,42.6582355787431,L1,0.50664233879805,L2,0.2957420767...
GetData ===>> H2,-0.174857124601979,H1,46.1527353591016,AX,42.6603137911483,L1,0.519227405509419,L2,0.218054708...
GetData ===>> H2,-0.184106572782205,H1,46.2875112636858,AX,42.3737322088482,L1,0.538715866756127,L2,0.176817876...
Get Checksum: 1032510184
GetData ===>> H2,-0.204520366481316,H1,46.2196906879772,AX,42.3967590458985,L1,0.50134384883106,L2,0.2268201083...
GetData ===>> H2,-0.196947259609671,H1,46.2285179974655,AX,42.3825327356194,L1,0.518667646632971,L2,0.204645654...
testing age>100.0
evaluate ot="age>100.0" t="age>100.0", ctx="{'age': 6.86696774148632}"
testing Ar39<0.5
evaluate ot="Ar39<0.5" t="Ar39<0.5", ctx="{'Ar39': 44.13043186897449}"
GetData ===>> H2,-0.121553352319715,H1,46.2220847210619,AX,42.4436150233857,L1,0.530260227693385,L2,0.246579441...
Get Checksum: 1032510184
GetData ===>> H2,-0.0634968316858087,H1,46.2634026626816,AX,42.5416821027352,L1,0.504490152497324,L2,0.27067505...
GetData ===>> H2,-0.212819746366451,H1,46.2629328707785,AX,42.4382468942983,L1,0.453336806733726,L2,0.314948971...
GetData ===>> H2,-0.333921313138959,H1,46.156419892542,AX,42.4861182253815,L1,0.516809180803186,L2,0.2314313962...
Get Checksum: 1032510184
GetData ===>> H2,-0.295739341726883,H1,46.313504502613,AX,42.4315196765345,L1,0.535928313145666,L2,0.2491481119...
testing age>100.0
evaluate ot="age>100.0" t="age>100.0", ctx="{'age': 6.876046558595299}"
testing Ar39<0.5
evaluate ot="Ar39<0.5" t="Ar39<0.5", ctx="{'Ar39': 44.11644972133578}"
GetData ===>> H2,-0.152456464897669,H1,46.0879877656633,AX,42.346303619577,L1,0.52158487683305,L2,0.27082336095...
GetData ===>> H2,-0.139925413588449,H1,46.2173995096923,AX,42.4465667308629,L1,0.511847564730193,L2,0.281764434...
GetData ===>> H2,-0.189917686345294,H1,46.292959109966,AX,42.2616144930012,L1,0.504910715916946,L2,0.1853399160...
GetData ===>> H2,-0.115838749956276,H1,46.3146647806293,AX,42.3623334609089,L1,0.512594547238127,L2,0.140057450...
Get Checksum: 1032510184
GetData ===>> H2,-0.187413703590165,H1,46.2143740446705,AX,42.4468209483409,L1,0.542317161885329,L2,0.193292222...
testing age>100.0
evaluate ot="age>100.0" t="age>100.0", ctx="{'age': 6.885160769142669}"
testing Ar39<0.5
evaluate ot="Ar39<0.5" t="Ar39<0.5", ctx="{'Ar39': 44.108808167322884}"
GetData ===>> H2,-0.221589284729952,H1,46.3063227715995,AX,42.271295832548,L1,0.511334430132845,L2,0.2985492614...
GetData ===>> H2,-0.149035880501122,H1,46.3054122343682,AX,42.3918566389222,L1,0.504930391818129,L2,0.290812585...
Get Checksum: 1032510184
GetData ===>> H2,-0.151426115055873,H1,46.222907221692,AX,42.2632797399678,L1,0.525147943282075,L2,0.2666936871...
GetData ===>> H2,-0.27855551961709,H1,46.1735375370143,AX,42.1818894467882,L1,0.573357009556107,L2,0.1866633530...
GetData ===>> H2,-0.254632845345102,H1,46.2522602685017,AX,42.1868575683829,L1,0.583845752357985,L2,0.097987910...
Get Checksum: 1032510184
testing age>100.0
evaluate ot="age>100.0" t="age>100.0", ctx="{'age': 6.883857702091333}"
testing Ar39<0.5
evaluate ot="Ar39<0.5" t="Ar39<0.5", ctx="{'Ar39': 44.10904606145399}"
20:55:28 -- collecting point 100
GetData ===>> H2,-0.177667575083219,H1,46.0648970189344,AX,42.1619767103457,L1,0.551999086535252,L2,0.275580692...
GetData ===>> H2,-0.123024829592047,H1,46.2151524339129,AX,42.2466325015368,L1,0.55416569635817,L2,0.1760991849...
GetData ===>> H2,-0.0254948250318228,H1,46.2559889680924,AX,42.2703361309126,L1,0.546162472935058,L2,0.21302181...
set states for children of H. state=False
handle state [('H', False)]
update switch state H False args=() kw={'refresh': False} ncanvase=3
refresh_canvas_needed fired
Get Checksum: 1459125137
GetData ===>> H2,-0.171706142215837,H1,46.1634809996694,AX,42.2360278030192,L1,0.546760158448016,L2,0.157494936...
set states for children of C. state=True
set states for children of B. state=True
set states for children of D. state=True
handle state [('C', True), ('B', True), ('D', True)]
update switch state C True args=() kw={'refresh': True} ncanvase=3
update switch state B True args=() kw={'refresh': True} ncanvase=3
update switch state D True args=() kw={'refresh': False} ncanvase=3
refresh_canvas_needed fired
GetData ===>> H2,-0.243398892158408,H1,46.0961600519948,AX,42.1482471988956,L1,0.535826035865437,L2,0.113126254...
Get Checksum: 799532470
testing age>100.0
evaluate ot="age>100.0" t="age>100.0", ctx="{'age': 6.896037731513853}"
testing Ar39<0.5
evaluate ot="Ar39<0.5" t="Ar39<0.5", ctx="{'Ar39': 44.10461254243306}"
GetData ===>> H2,-0.209146405348128,H1,46.1792635236108,AX,42.2253393405625,L1,0.505582177242591,L2,0.199967192...
GetData ===>> H2,-0.220463098057446,H1,46.2824160566709,AX,42.1128936270787,L1,0.528009131891476,L2,0.248817035...
GetData ===>> H2,-0.17304980558168,H1,46.1846814329024,AX,42.1718268163421,L1,0.52757571678478,L2,0.21558958370...
Get Checksum: 799532470
GetData ===>> H2,-0.149147976207593,H1,46.1757838538765,AX,42.1680165062553,L1,0.52716571297521,L2,0.2759914079...
GetData ===>> H2,-0.137339426270617,H1,46.1458803650643,AX,42.1814942642459,L1,0.551523159044362,L2,0.239752821...
testing age>100.0
evaluate ot="age>100.0" t="age>100.0", ctx="{'age': 6.8967706383281495}"
testing Ar39<0.5
evaluate ot="Ar39<0.5" t="Ar39<0.5", ctx="{'Ar39': 44.096387884040226}"
GetData ===>> H2,-0.1457859738142,H1,46.2059883139529,AX,42.0113110792124,L1,0.533186892643933,L2,0.26587233685...
Get Checksum: 799532470
GetData ===>> H2,-0.0919173976564607,H1,46.1518546104574,AX,41.9904525336742,L1,0.528703618994187,L2,0.17026999...
GetData ===>> H2,-0.18422527934806,H1,46.1418438768048,AX,41.9701193435794,L1,0.498033305976939,L2,0.2068480340...
GetData ===>> H2,-0.224222453148122,H1,46.1830369474439,AX,41.9096480512643,L1,0.506142991601667,L2,0.195962154...
Get Checksum: 799532470
GetData ===>> H2,-0.244731087148665,H1,46.079992067859,AX,42.0420061988468,L1,0.553869718347317,L2,0.2269456603...
testing age>100.0
evaluate ot="age>100.0" t="age>100.0", ctx="{'age': 6.897380851273389}"
testing Ar39<0.5
evaluate ot="Ar39<0.5" t="Ar39<0.5", ctx="{'Ar39': 44.10399055469984}"
GetData ===>> H2,-0.107742587436628,H1,46.2026987961228,AX,41.8791412826963,L1,0.520727216708212,L2,0.217461246...
GetData ===>> H2,-0.203013429716982,H1,46.3592482898588,AX,41.8739950186061,L1,0.509084076188684,L2,0.277314837...
Get Checksum: 799532470
GetData ===>> H2,-0.263960308542485,H1,46.1905400907576,AX,41.9854182631204,L1,0.476539843911891,L2,0.253657721...
GetData ===>> H2,-0.12633630816706,H1,46.0170178441779,AX,41.999224239419,L1,0.519426711596916,L2,0.19680650768...
GetData ===>> H2,-0.0677468987563856,H1,46.0899390881565,AX,41.9015452732903,L1,0.537935863633526,L2,0.16777188...
Get Checksum: 799532470
testing age>100.0
evaluate ot="age>100.0" t="age>100.0", ctx="{'age': 6.90283480435257}"
testing Ar39<0.5
evaluate ot="Ar39<0.5" t="Ar39<0.5", ctx="{'Ar39': 44.10754343544177}"
GetData ===>> H2,-0.107800762450317,H1,46.1455721194776,AX,41.8973602296902,L1,0.513004364549688,L2,0.179989309...
measurement finished
estimated time: 125.829 actual time: :126.243
flush and close file /Users/jan/PychronDev/data/isotopes/f2/8530ac-b417-49ac-a4ca-b77a5dc5ee35.h5
baselines () {'settling_time': 15.0, 'detector': 'H1', 'mass': 34.2, 'ncounts': 60.0}
%%%%%%%%%%%%%%%%%%%%%%%%%%%%%%%% Baseline
build tables- baseline [Detector(H2), Detector(H1), Detector(AX), Detector(L1), Detector(L2), Detector(CDD)]
add group baseline table H2
add group baseline table H1
add group baseline table AX
add group baseline table L1
add group baseline table L2
add group baseline table CDD
flush and close file /Users/jan/PychronDev/data/isotopes/f2/8530ac-b417-49ac-a4ca-b77a5dc5ee35.h5
detector Detector(H1)
POSITION 34.2 H1
Mapping mass to dac mass func: "parabolic"
H1 map mass coeffs = [-0.00063987  0.15840543  0.57058999]
H1 map mass to dac 34.2 >> 5.23963599104
GetDeflection H1 ===>> 0
GetHighVoltage ===>> 4499.94659342336
positioning 34.2 (5.23960513532) on H1
setting magnet DAC
current  : 5.878945
requested: 5.239605
Delta Dac: 0.639340
Checking detector protection. dv=0.63934
Checking detector "CDD". Protection Threshold: 0.1 (V)
ProtectDetector CDD,On ===>> OK
GetDeflection CDD ===>> 2000
SetMagnetDAC 5.23960513532 ===>> OK
Magnet settling time: 0.500
GetMagnetMoving ===>> True
GetMagnetMoving ===>> True
GetMagnetMoving ===>> True
Get Checksum: 799532470
GetMagnetMoving ===>> True
GetMagnetMoving ===>> True
GetMagnetMoving ===>> True
GetMagnetMoving ===>> True
GetMagnetMoving ===>> True
GetMagnetMoving ===>> False
ProtectDetector CDD,Off ===>> OK
GetDeflection CDD ===>> 50
Delaying 15.0s for detectors to settle
Get Checksum: 799532470
Get Checksum: 799532470
Get Checksum: 799532470
Get Checksum: 799532470
Get Checksum: 799532470
Join finished
measuring baseline. ncounts=60.0
starting measurement
GetData ===>> H2,-0.14593998044021,H1,0.06751209755842,AX,-0.112137713126411,L1,-0.0213328894541819,L2,-0.00062...
GetData ===>> H2,-0.202742483299347,H1,-0.0235706911442922,AX,-0.0461365631014199,L1,-0.01395777977261,L2,0.036...
Get Checksum: 799532470
GetData ===>> H2,-0.20911811316304,H1,-0.0205534246770831,AX,-0.0956937746741819,L1,-0.0347862361246226,L2,0.07...
GetData ===>> H2,-0.198914840323739,H1,-0.0677459354389896,AX,-0.128671556176891,L1,-0.030270723405108,L2,-0.01...
GetData ===>> H2,-0.300396673272278,H1,-0.0843498305062028,AX,-0.067307246018944,L1,-0.0171746117310147,L2,0.02...
Get Checksum: 799532470
GetData ===>> H2,-0.238204999574524,H1,-0.0760780261729764,AX,-0.0232679792766146,L1,-0.0579753606878648,L2,-0....
GetData ===>> H2,-0.149605801381804,H1,-0.0374036337732029,AX,-0.0752595545624387,L1,-0.0275191626170889,L2,-0....
Get Checksum: 799532470
GetData ===>> H2,-0.160342037988971,H1,-0.0393114758258538,AX,-0.0844398372260316,L1,0.0241602442633051,L2,0.09...
GetData ===>> H2,-0.219281559128747,H1,0.0237261778458954,AX,0.000777660202847238,L1,0.00335981143822181,L2,-0....
GetData ===>> H2,-0.268677398670402,H1,-0.0205772769426236,AX,0.0214526113732027,L1,-0.00613694500543943,L2,-0....
Get Checksum: 799532470
GetData ===>> H2,-0.15449829682074,H1,-0.114284708752898,AX,0.0277998437150466,L1,-0.045987126229735,L2,0.08791...
GetData ===>> H2,-0.241493176406948,H1,-0.0754343700718472,AX,-0.0729179801981459,L1,-0.0827735138277695,L2,0.0...
GetData ===>> H2,-0.217582459413063,H1,-0.0375705714047435,AX,0.00148531603005685,L1,-0.0239806774419869,L2,0.0...
Get Checksum: 799532470
GetData ===>> H2,-0.190084868480966,H1,-0.00828068023002155,AX,-0.00519660606791581,L1,0.000235237201599735,L2,...
GetData ===>> H2,-0.215055226017738,H1,-0.0273272396640987,AX,-0.0292871590342918,L1,0.00932095505061265,L2,-0....
GetData ===>> H2,-0.180697274679918,H1,-0.0221157360609013,AX,-0.139336178042041,L1,-0.00477550130853745,L2,0.0...
Get Checksum: 799532470
GetData ===>> H2,-0.22596768346189,H1,-0.0220322543899474,AX,-0.0913824303175103,L1,-0.00108248309254516,L2,0.0...
GetData ===>> H2,-0.221431679233552,H1,0.0348468704008511,AX,-0.0920314621134142,L1,-0.0238752107604064,L2,-0.0...
GetData ===>> H2,-0.198755720399533,H1,0.0108410833599361,AX,-0.0259470821337476,L1,-0.0324575394084078,L2,-0.0...
Get Checksum: 799532470
GetData ===>> H2,-0.203714355510935,H1,0.0416964953293021,AX,-0.0735091750828222,L1,-0.0510684419547603,L2,-0.0...
GetData ===>> H2,-0.164287493097733,H1,-0.0862448594290076,AX,-0.129598387812073,L1,-0.0647205428085486,L2,-0.0...
GetData ===>> H2,-0.151157407611421,H1,-0.0790459424106825,AX,-0.0445248054800017,L1,-0.0390155838260595,L2,0.0...
Get Checksum: 799532470
GetData ===>> H2,-0.209709539829848,H1,-0.0479201607649802,AX,-0.0867927247708853,L1,-0.0105666600656296,L2,-0....
GetData ===>> H2,-0.155198191619465,H1,-0.00372423463501621,AX,-0.113829461719186,L1,0.0177299254226063,L2,-0.0...
20:56:34 -- collecting point 25
GetData ===>> H2,-0.211836534048289,H1,-0.00322325152100051,AX,-0.0593774749378608,L1,-0.00878613452617053,L2,-...
Get Checksum: 799532470
GetData ===>> H2,-0.211890410909944,H1,0.0126305806440687,AX,0.00558054012453762,L1,-0.0294706083543568,L2,-0.0...
GetData ===>> H2,-0.150144633877337,H1,-0.00639610223054348,AX,-0.158651867517948,L1,-0.0396899583321825,L2,0.0...
GetData ===>> H2,-0.238799593169471,H1,0.00938564915811142,AX,-0.0750393098695871,L1,-0.0516092125896867,L2,-0....
Get Checksum: 799532470
GetData ===>> H2,-0.215841578823629,H1,0.0136923641536725,AX,-0.129436192913383,L1,-0.0138762816365037,L2,-0.05...
GetData ===>> H2,-0.233912076549927,H1,0.000796632336608338,AX,-0.111940726789044,L1,-0.0472726571346539,L2,-0....
Get Checksum: 799532470
GetData ===>> H2,-0.179825560000934,H1,-0.057720282936846,AX,-0.0778560859893927,L1,-0.0268673984089763,L2,-0.0...
GetData ===>> H2,0.0124109257524018,H1,-0.0308332244119079,AX,-0.07842406800284,L1,-0.0194374171857651,L2,-0.05...
GetData ===>> H2,-0.175395780809298,H1,-0.0300342522981499,AX,-0.168551700385643,L1,-0.0239411275659883,L2,-0.0...
Get Checksum: 799532470
GetData ===>> H2,-0.272824227159705,H1,-0.0950401841727676,AX,-0.123782373145508,L1,-0.0364829814148423,L2,-0.0...
GetData ===>> H2,-0.201893206207397,H1,-0.0536429764265155,AX,-0.086132067510857,L1,-0.0586239947636521,L2,0.00...
GetData ===>> H2,-0.170045229576922,H1,-0.0851364506424755,AX,-0.16463362004403,L1,-0.0571040666900124,L2,-0.05...
Get Checksum: 799532470
GetData ===>> H2,-0.118034828781525,H1,-0.00395086902960069,AX,-0.0857727608019568,L1,-0.0107393003365488,L2,0....
GetData ===>> H2,-0.15873078470518,H1,-0.0645750291030421,AX,-0.0351784041664603,L1,-0.0551349989128657,L2,-0.0...
GetData ===>> H2,-0.155752131769051,H1,-0.118002109793225,AX,0.0205591585113303,L1,-0.0330023729935668,L2,-0.05...
Get Checksum: 799532470
GetData ===>> H2,-0.192871323189163,H1,-0.0243458634951786,AX,0.0266974610538729,L1,0.0181995650809433,L2,-0.10...
GetData ===>> H2,-0.129158888440395,H1,0.0484272452765612,AX,-0.0429478081582684,L1,0.0461069585353052,L2,0.014...
GetData ===>> H2,-0.199176439402801,H1,-0.0610940688596571,AX,-0.00915218060825716,L1,0.0281157580247408,L2,-0....
Get Checksum: 799532470
GetData ===>> H2,-0.3620008843869,H1,-0.0349114603091614,AX,-0.0554007528823099,L1,0.00890453083049419,L2,0.001...
GetData ===>> H2,-0.293097855596823,H1,-0.0205534246770831,AX,-0.152101658372911,L1,-0.0036586201647467,L2,0.04...
GetData ===>> H2,-0.250656776943408,H1,0.00408900168114026,AX,-0.108371728774014,L1,0.0118498717273328,L2,0.004...
Get Checksum: 799532470
GetData ===>> H2,-0.195401545005644,H1,-0.0550020970549568,AX,-0.0183502998663253,L1,0.0261064209317707,L2,-0.0...
GetData ===>> H2,-0.261393243024491,H1,0.0477827921836262,AX,-0.10644812359453,L1,0.0147288322216328,L2,-0.0589...
GetData ===>> H2,-0.191046117839443,H1,0.00258595006854563,AX,-0.0616150342689388,L1,-0.00235803529379985,L2,-0...
Get Checksum: 799532470
GetData ===>> H2,-0.26505473088938,H1,-0.0458694055059048,AX,0.0252469765702864,L1,-0.0125170830795622,L2,0.005...
20:57:00 -- collecting point 50
GetData ===>> H2,-0.190690208941538,H1,-0.0267071207359358,AX,-0.0283129817788922,L1,-0.0298958271240151,L2,-0....
GetData ===>> H2,-0.152128235099288,H1,-0.0281977847534918,AX,0.0071699511253458,L1,-0.0194889749197842,L2,0.01...
GetData ===>> H2,-0.280101005717058,H1,-0.00903211599350125,AX,-0.0878358586796351,L1,-0.0440657049920004,L2,-0...
Get Checksum: 799532470
GetData ===>> H2,-0.300265204875151,H1,-0.0993898896665567,AX,-0.0642235229404414,L1,-0.0228408595860483,L2,-0....
GetData ===>> H2,-0.222072863946095,H1,-0.0172140514016704,AX,0.00532530865957735,L1,-0.025204249802438,L2,0.11...
testing age>100.0
evaluate ot="age>100.0" t="age>100.0", ctx="{'age': 6.905514233236511}"
GetData ===>> H2,-0.145966998930874,H1,-0.0667088455519547,AX,-0.106900058350137,L1,-0.0149100977105662,L2,-0.1...
Get Checksum: 799532470
GetData ===>> H2,-0.176792927498406,H1,-0.0517234851485913,AX,-0.0933411023760807,L1,-0.0317557981460168,L2,-0....
GetData ===>> H2,-0.196020665472068,H1,-0.024608228161793,AX,-0.0722804130615732,L1,0.00621678860413956,L2,-0.0...
GetData ===>> H2,-0.202590157339002,H1,0.0308256190335811,AX,-0.0727556907779108,L1,0.0336654333774567,L2,-0.06...
Get Checksum: 799532470
GetData ===>> H2,-0.259174632949532,H1,0.0117238980221536,AX,-0.0421592999143832,L1,0.0584001644154116,L2,0.020...
testing age>100.0
evaluate ot="age>100.0" t="age>100.0", ctx="{'age': 6.905121717482108}"
GetData ===>> H2,-0.231676850614928,H1,0.0113540693106764,AX,-0.10261238768401,L1,0.00743458295281668,L2,-0.008...
measurement finished
estimated time: 62.915 actual time: :63.174
flush and close file /Users/jan/PychronDev/data/isotopes/f2/8530ac-b417-49ac-a4ca-b77a5dc5ee35.h5
activate_detectors ('H1', 'AX', 'CDD') {'peak_center': True}
peak_center () {'detector': 'H1', 'isotope': 'Ar40'}
peak center: mean=46.1561743731 threshold=3
peak center started
setup peak center. detector=['H1', 'AX', 'CDD'], isotope=Ar40
VersionedUnpickler [<apptools.sweet_pickle.versioned_unpickler.VersionedUnpickler object at 0x1377e1950>] using Updater [<apptools.sweet_pickle.updater.Updater object at 0x137c6f7d0>]
VersionedUnpickler [<apptools.sweet_pickle.versioned_unpickler.VersionedUnpickler object at 0x1377e1950>] using Updater [<apptools.sweet_pickle.updater.Updater object at 0x137c6f7d0>]
VersionedUnpickler [<apptools.sweet_pickle.versioned_unpickler.VersionedUnpickler object at 0x156764770>] using Updater [<apptools.sweet_pickle.updater.Updater object at 0x137c6f7d0>]
setting integration time = 0.524288
SetIntegrationTime 0.524288 ===>> OK
Mapping mass to dac mass func: "parabolic"
H1 map mass coeffs = [-0.00063987  0.15840543  0.57058999]
H1 map mass to dac 39.9624 >> 5.87898
GetDeflection H1 ===>> 0
GetHighVoltage ===>> 4499.94659342336
do peak center. <pychron.spectrometer.jobs.peak_center.PeakCenter object at 0x13a1fcef0>
doing pc
starting peak center. center dac= 5.87894537924 step_width=0.001
width = 0.001
get scan parameters. half-width=0.015,window=0.015, i=0, scalar=1
Scan parameters center=5.87895 width=0.03000 (5.86395 - 5.89395)
GetData ===>> H2,-0.193696208634613,H1,-0.0869599553557031,AX,0.0420623195441122,L1,-0.0136569524920006,L2,-0.0...
Moving to starting dac 5.86394537924
setting magnet DAC
current  : 5.239605
requested: 5.863945
Delta Dac: 0.624340
Checking detector protection. dv=0.62434
Checking detector "CDD". Protection Threshold: 0.1 (V)
ProtectDetector CDD,On ===>> OK
GetDeflection CDD ===>> 2000
SetMagnetDAC 5.86394537924 ===>> OK
Magnet settling time: 0.500
Get Checksum: 799532470
GetMagnetMoving ===>> True
GetMagnetMoving ===>> True
GetMagnetMoving ===>> True
GetMagnetMoving ===>> True
GetMagnetMoving ===>> True
GetMagnetMoving ===>> True
GetMagnetMoving ===>> True
GetMagnetMoving ===>> True
GetMagnetMoving ===>> True
GetMagnetMoving ===>> False
ProtectDetector CDD,Off ===>> OK
GetDeflection CDD ===>> 50
Wait until signal near baseline. tol= -0.0652199665168. timeout= 10
GetData ===>> H2,2.66550107453435,H1,3.58645227189161,AX,0.187029807188967,L1,-0.0186991157781764,L2,0.03956587...
GetData ===>> H2,3.02834882993461,H1,3.27951397832098,AX,0.904720564299069,L1,-0.00195726772110314,L2,-0.014232...
Get Checksum: 799532470
GetData ===>> H2,1.54716962099603,H1,1.55534780390829,AX,0.358109383295926,L1,-0.0253310796218467,L2,0.02259405...
GetData ===>> H2,0.748177568399253,H1,0.71467166761201,AX,0.128068038376935,L1,-0.0574792464743591,L2,-0.039276...
GetData ===>> H2,0.318220506283399,H1,0.37608425720832,AX,0.144764838528492,L1,-0.0750687691356728,L2,0.0739060...
GetData ===>> H2,0.110819993504522,H1,0.225976644991577,AX,-0.0832459858257868,L1,-0.0510397276557441,L2,0.0218...
GetData ===>> H2,-0.0307293122381635,H1,0.154071543020407,AX,-0.0472149184040952,L1,-0.042551054843986,L2,0.048...
GetData ===>> H2,-0.111560386186668,H1,0.0290715926196452,AX,0.0670331293779911,L1,-0.0330042324913787,L2,-0.12...
Get Checksum: 799532470
GetData ===>> H2,-0.099743918480826,H1,0.121928955456618,AX,-0.0322792139225396,L1,-0.0212000880311147,L2,-0.09...
GetData ===>> H2,-0.10974081488681,H1,-0.0144470577132292,AX,-0.0520151937943878,L1,-0.00805344972577162,L2,-0....
GetData ===>> H2,-0.10974081488681,H1,-0.0144470577132292,AX,-0.0520151937943878,L1,-0.00805344972577162,L2,-0....
GetData ===>> H2,-0.109759770257029,H1,0.0759267312796521,AX,-0.19825204952769,L1,0.0116037559966812,L2,-0.0973...
GetData ===>> H2,-0.162017876512365,H1,-0.0274703434864907,AX,-0.130502040154043,L1,0.0079876418915586,L2,-0.02...
GetData ===>> H2,-0.0949033509784977,H1,0.060004238836764,AX,0.143442904193684,L1,-0.00720917721518603,L2,-0.07...
Get Checksum: 799532470
GetData ===>> H2,-0.0812959745197076,H1,0.0357776281571855,AX,0.00571975756936931,L1,-0.0178892807897601,L2,-0....
GetData ===>> H2,-0.123096505138739,H1,-0.0178580820620276,AX,-0.0020761127297377,L1,-0.0179851226506238,L2,-0....
GetData ===>> H2,-0.0958721706512004,H1,0.022246693830197,AX,0.142932688722227,L1,0.00114622115765885,L2,0.0015...
GetData ===>> H2,-0.125741421999129,H1,0.0229387078255485,AX,0.0411338604682211,L1,0.0102943234112069,L2,0.1208...
GetData ===>> H2,-0.175005657103745,H1,-0.000491656625878201,AX,-0.268060443313715,L1,0.00170077347990436,L2,0....
GetData ===>> H2,-0.113293040250252,H1,-0.0148287165628201,AX,-0.141947576596255,L1,-0.00745862873597548,L2,0.0...
Get Checksum: 799532470
GetData ===>> H2,-0.0609398658586777,H1,0.034584350546907,AX,-0.140858686766069,L1,-0.0287184238313352,L2,0.084...
Peak center failed to move to a baseline position
_do_sweep sm= 5.86394537924, em= 5.89394537924, stm= 0.001
calculated step values: start=5.86394537924, end=5.89394537924, width=0.001, nsteps=31.0
setting magnet DAC
current  : 5.863945
requested: 5.863945
Delta Dac: 0.000000
Checking detector protection. dv=0.00000
Checking detector "CDD". Protection Threshold: 0.1 (V)
SetMagnetDAC 5.86394537924 ===>> OK
GetData ===>> H2,-0.0609398658586777,H1,0.034584350546907,AX,-0.140858686766069,L1,-0.0287184238313352,L2,0.084...
setting magnet DAC
current  : 5.863945
requested: 5.864980
Delta Dac: 0.001034
Checking detector protection. dv=0.00103
Checking detector "CDD". Protection Threshold: 0.1 (V)
SetMagnetDAC 5.864979862 ===>> OK
Magnet settling time: 1.049
GetData ===>> H2,-0.0354441342076717,H1,0.0645637933827771,AX,0.0394626564435024,L1,-0.0778477022643257,L2,-0.0...
setting magnet DAC
current  : 5.864980
requested: 5.866014
Delta Dac: 0.001034
Checking detector protection. dv=0.00103
Checking detector "CDD". Protection Threshold: 0.1 (V)
SetMagnetDAC 5.86601434476 ===>> OK
Magnet settling time: 1.049
GetData ===>> H2,-0.14399832315977,H1,0.192117084618571,AX,0.11807451754958,L1,-0.0669229401376707,L2,0.0410923...
setting magnet DAC
current  : 5.866014
requested: 5.867049
Delta Dac: 0.001034
Checking detector protection. dv=0.00103
Checking detector "CDD". Protection Threshold: 0.1 (V)
SetMagnetDAC 5.86704882751 ===>> OK
Magnet settling time: 1.049
Get Checksum: 799532470
GetData ===>> H2,-0.282708447321208,H1,0.995886630118936,AX,0.445581439013638,L1,-0.0487279572869621,L2,0.05553...
setting magnet DAC
current  : 5.867049
requested: 5.868083
Delta Dac: 0.001034
Checking detector protection. dv=0.00103
Checking detector "CDD". Protection Threshold: 0.1 (V)
SetMagnetDAC 5.86808331027 ===>> OK
Magnet settling time: 1.049
GetData ===>> H2,-0.184313577576583,H1,4.84491967744016,AX,2.69112860027233,L1,-0.0184547345721658,L2,-0.003666...
setting magnet DAC
current  : 5.868083
requested: 5.869118
Delta Dac: 0.001034
Checking detector protection. dv=0.00103
Checking detector "CDD". Protection Threshold: 0.1 (V)
SetMagnetDAC 5.86911779303 ===>> OK
Magnet settling time: 1.049
GetData ===>> H2,-0.0646347207488806,H1,12.7502768008364,AX,7.97520904813607,L1,0.00915290563177389,L2,0.019792...
setting magnet DAC
current  : 5.869118
requested: 5.870152
Delta Dac: 0.001034
Checking detector protection. dv=0.00103
Checking detector "CDD". Protection Threshold: 0.1 (V)
SetMagnetDAC 5.87015227579 ===>> OK
Magnet settling time: 1.049
Get Checksum: 799532470
GetData ===>> H2,-0.264202204378178,H1,24.2077744530418,AX,17.0385832749485,L1,0.140826039934573,L2,-0.06856941...
setting magnet DAC
current  : 5.870152
requested: 5.871187
Delta Dac: 0.001034
Checking detector protection. dv=0.00103
Checking detector "CDD". Protection Threshold: 0.1 (V)
SetMagnetDAC 5.87118675855 ===>> OK
Magnet settling time: 1.049
GetData ===>> H2,-0.137222624293559,H1,34.9513375840177,AX,27.0923702522504,L1,0.188332717328623,L2,0.221638381...
setting magnet DAC
current  : 5.871187
requested: 5.872221
Delta Dac: 0.001034
Checking detector protection. dv=0.00103
Checking detector "CDD". Protection Threshold: 0.1 (V)
SetMagnetDAC 5.87222124131 ===>> OK
Magnet settling time: 1.049
Get Checksum: 799532470
GetData ===>> H2,-0.176969261999094,H1,41.4053513298834,AX,34.371702033182,L1,0.260149237491286,L2,0.1930183872...
setting magnet DAC
current  : 5.872221
requested: 5.873256
Delta Dac: 0.001034
Checking detector protection. dv=0.00103
Checking detector "CDD". Protection Threshold: 0.1 (V)
SetMagnetDAC 5.87325572407 ===>> OK
Magnet settling time: 1.049
GetData ===>> H2,-0.268403116279509,H1,44.2500588720403,AX,37.9138928429049,L1,0.34233941011212,L2,0.0047370201...
setting magnet DAC
current  : 5.873256
requested: 5.874290
Delta Dac: 0.001034
Checking detector protection. dv=0.00103
Checking detector "CDD". Protection Threshold: 0.1 (V)
SetMagnetDAC 5.87429020682 ===>> OK
Magnet settling time: 1.049
GetData ===>> H2,-0.101667126648672,H1,45.1405183056551,AX,39.7261380836531,L1,0.418053823978991,L2,0.188888137...
setting magnet DAC
current  : 5.874290
requested: 5.875325
Delta Dac: 0.001034
Checking detector protection. dv=0.00103
Checking detector "CDD". Protection Threshold: 0.1 (V)
SetMagnetDAC 5.87532468958 ===>> OK
Magnet settling time: 1.049
Get Checksum: 799532470
GetData ===>> H2,-0.185146387481023,H1,45.4771416702474,AX,39.8276508490151,L1,0.458818595268533,L2,0.271192414...
setting magnet DAC
current  : 5.875325
requested: 5.876359
Delta Dac: 0.001034
Checking detector protection. dv=0.00103
Checking detector "CDD". Protection Threshold: 0.1 (V)
SetMagnetDAC 5.87635917234 ===>> OK
Magnet settling time: 1.049
GetData ===>> H2,-0.121597986328734,H1,45.4900969392656,AX,39.9057436916535,L1,0.485200789384485,L2,0.004304301...
setting magnet DAC
current  : 5.876359
requested: 5.877394
Delta Dac: 0.001034
Checking detector protection. dv=0.00103
Checking detector "CDD". Protection Threshold: 0.1 (V)
SetMagnetDAC 5.8773936551 ===>> OK
Magnet settling time: 1.049
GetData ===>> H2,-0.0646645130905386,H1,45.5920613451257,AX,39.9846157360194,L1,0.460408395635046,L2,0.19719445...
setting magnet DAC
current  : 5.877394
requested: 5.878428
Delta Dac: 0.001034
Checking detector protection. dv=0.00103
Checking detector "CDD". Protection Threshold: 0.1 (V)
SetMagnetDAC 5.87842813786 ===>> OK
Magnet settling time: 1.049
Get Checksum: 799532470
GetData ===>> H2,-0.149099705048168,H1,45.430019306653,AX,39.9470323666365,L1,0.474020058454045,L2,0.1791222889...
setting magnet DAC
current  : 5.878428
requested: 5.879463
Delta Dac: 0.001034
Checking detector protection. dv=0.00103
Checking detector "CDD". Protection Threshold: 0.1 (V)
SetMagnetDAC 5.87946262062 ===>> OK
Magnet settling time: 1.049
GetData ===>> H2,-0.185108656318449,H1,45.405136350895,AX,40.1281238961736,L1,0.512836989748979,L2,0.2758882516...
setting magnet DAC
current  : 5.879463
requested: 5.880497
Delta Dac: 0.001034
Checking detector protection. dv=0.00103
Checking detector "CDD". Protection Threshold: 0.1 (V)
SetMagnetDAC 5.88049710338 ===>> OK
Magnet settling time: 1.049
GetData ===>> H2,-0.159343979342295,H1,45.3495631093238,AX,40.0303528123101,L1,0.498052260816062,L2,0.050046626...
setting magnet DAC
current  : 5.880497
requested: 5.881532
Delta Dac: 0.001034
Checking detector protection. dv=0.00103
Checking detector "CDD". Protection Threshold: 0.1 (V)
SetMagnetDAC 5.88153158613 ===>> OK
Magnet settling time: 1.049
Get Checksum: 799532470
GetData ===>> H2,-0.118386594916133,H1,45.2516176366897,AX,39.8933068242415,L1,0.551715500161121,L2,0.268616640...
setting magnet DAC
current  : 5.881532
requested: 5.882566
Delta Dac: 0.001034
Checking detector protection. dv=0.00103
Checking detector "CDD". Protection Threshold: 0.1 (V)
SetMagnetDAC 5.88256606889 ===>> OK
Magnet settling time: 1.049
GetData ===>> H2,-0.254642256087484,H1,45.2928159877197,AX,39.8278463654288,L1,0.523093586759784,L2,0.384115836...
setting magnet DAC
current  : 5.882566
requested: 5.883601
Delta Dac: 0.001034
Checking detector protection. dv=0.00103
Checking detector "CDD". Protection Threshold: 0.1 (V)
SetMagnetDAC 5.88360055165 ===>> OK
Magnet settling time: 1.049
Get Checksum: 799532470
GetData ===>> H2,-0.234541722796238,H1,45.1274922025666,AX,39.1346076812305,L1,0.516874432517123,L2,0.086761091...
setting magnet DAC
current  : 5.883601
requested: 5.884635
Delta Dac: 0.001034
Checking detector protection. dv=0.00103
Checking detector "CDD". Protection Threshold: 0.1 (V)
SetMagnetDAC 5.88463503441 ===>> OK
Magnet settling time: 1.049
GetData ===>> H2,-0.115063323072903,H1,43.5318434795296,AX,36.7460111559607,L1,0.439573940012544,L2,0.224080834...
setting magnet DAC
current  : 5.884635
requested: 5.885670
Delta Dac: 0.001034
Checking detector protection. dv=0.00103
Checking detector "CDD". Protection Threshold: 0.1 (V)
SetMagnetDAC 5.88566951717 ===>> OK
Magnet settling time: 1.049
GetData ===>> H2,-0.125568358350123,H1,39.3527363500179,AX,30.8626703834566,L1,0.397502161722481,L2,0.133295434...
setting magnet DAC
current  : 5.885670
requested: 5.886704
Delta Dac: 0.001034
Checking detector protection. dv=0.00103
Checking detector "CDD". Protection Threshold: 0.1 (V)
SetMagnetDAC 5.88670399993 ===>> OK
Magnet settling time: 1.049
Get Checksum: 799532470
GetData ===>> H2,-0.163827125773166,H1,30.3906348043452,AX,21.1180476191984,L1,0.277358927884205,L2,0.140228502...
setting magnet DAC
current  : 5.886704
requested: 5.887738
Delta Dac: 0.001034
Checking detector protection. dv=0.00103
Checking detector "CDD". Protection Threshold: 0.1 (V)
SetMagnetDAC 5.88773848269 ===>> OK
Magnet settling time: 1.049
GetData ===>> H2,-0.223575620908858,H1,18.8354417200853,AX,11.3818173928146,L1,0.214292880892621,L2,0.048406084...
setting magnet DAC
current  : 5.887738
requested: 5.888773
Delta Dac: 0.001034
Checking detector protection. dv=0.00103
Checking detector "CDD". Protection Threshold: 0.1 (V)
SetMagnetDAC 5.88877296544 ===>> OK
Magnet settling time: 1.049
GetData ===>> H2,-0.260069602453738,H1,8.95834482029498,AX,4.4334382816554,L1,0.160440811036411,L2,-0.054686480...
setting magnet DAC
current  : 5.888773
requested: 5.889807
Delta Dac: 0.001034
Checking detector protection. dv=0.00103
Checking detector "CDD". Protection Threshold: 0.1 (V)
SetMagnetDAC 5.8898074482 ===>> OK
Magnet settling time: 1.049
Get Checksum: 799532470
GetData ===>> H2,-0.1656522845358,H1,3.13806178416536,AX,1.26637501587445,L1,0.121406146872216,L2,-0.0949414234...
setting magnet DAC
current  : 5.889807
requested: 5.890842
Delta Dac: 0.001034
Checking detector protection. dv=0.00103
Checking detector "CDD". Protection Threshold: 0.1 (V)
SetMagnetDAC 5.89084193096 ===>> OK
Magnet settling time: 1.049
GetData ===>> H2,-0.202007794933006,H1,0.864824841787581,AX,0.202692450641548,L1,0.0385808690349487,L2,-0.04999...
setting magnet DAC
current  : 5.890842
requested: 5.891876
Delta Dac: 0.001034
Checking detector protection. dv=0.00103
Checking detector "CDD". Protection Threshold: 0.1 (V)
SetMagnetDAC 5.89187641372 ===>> OK
Magnet settling time: 1.049
GetData ===>> H2,-0.214120687689852,H1,0.135089955001955,AX,-0.0763607705488633,L1,0.0240278450027308,L2,-0.031...
setting magnet DAC
current  : 5.891876
requested: 5.892911
Delta Dac: 0.001034
Checking detector protection. dv=0.00103
Checking detector "CDD". Protection Threshold: 0.1 (V)
SetMagnetDAC 5.89291089648 ===>> OK
Magnet settling time: 1.049
Get Checksum: 799532470
GetData ===>> H2,-0.0879839027658659,H1,-0.0412550525190401,AX,-0.0359669689725313,L1,0.0178294852937523,L2,-0....
setting magnet DAC
current  : 5.892911
requested: 5.893945
Delta Dac: 0.001034
Checking detector protection. dv=0.00103
Checking detector "CDD". Protection Threshold: 0.1 (V)
SetMagnetDAC 5.89394537924 ===>> OK
Magnet settling time: 1.049
GetData ===>> H2,-0.0417392904574461,H1,-0.0173094636128688,AX,-0.0694518830239848,L1,-0.0198083401595384,L2,-0...
result of _do_sweep=True
result of _calculate_peak_center=([5.8710696277350545, 5.878704898276137, 5.8863401688172186], [33.734882039128323, 45.58913874322937, 33.542636450169958], 5.877412313105796, 45.58913874322937)
Failed to find a valid peak. No peak greater than 1.0. max = 0.01964488892
new center pos Detector(H1) (Ar40) @ 5.87870489828
GetHighVoltage ===>> 4499.94659342336
GetDeflection H1 ===>> 0
dac uncorrected for HV and deflection 5.87873951762
update mftable H1 Ar40 5.87873951762 message=automated run peakcenter
get initial guess parabolic
get initial guess parabolic
get initial guess parabolic
get initial guess parabolic
get initial guess parabolic
get initial guess parabolic
dump mftable to /Users/jan/PychronDev/setupfiles/spectrometer/mftables/mftable.csv
add to repo msg=modified - automated run peakcenter
Get Checksum: 799532470
locally archiving mftable
setting magnet DAC
current  : 5.893945
requested: 5.878705
Delta Dac: 0.015240
Checking detector protection. dv=0.01524
Checking detector "CDD". Protection Threshold: 0.1 (V)
SetMagnetDAC 5.87870489828 ===>> OK
Magnet settling time: 0.500
sweep finished
setting integration time = 1.048576
SetIntegrationTime 1.048576 ===>> OK
Failed to find a valid peak. No peak greater than 1.0. max = 0.01964488892
flush and close file /Users/jan/PychronDev/data/isotopes/f2/8530ac-b417-49ac-a4ca-b77a5dc5ee35.h5
finished measure script
executed 278.04
jan_co2_whiff_120_60_large.py completed successfully
Measurement Finished
20:57:59 -- ******* Measurement Finished *******
Post Measurement Started jan_pump_ms.py
20:57:59 -- ******* Post Measurement Started jan_pump_ms.py *******
testing...
no interpolation path defined
executed 0
Pumping spectrometer
open () {'name': 'O'}
opening name=O desc=---
checking ownership. requestor=129.138.12.150
check software interlocks O
interlocks []
actuate state mode=None-script, software_lock=False
doing actuation None-script open_channel True
Open O ===>> OK
GetValveState O ===>> OK
change switch state (True, True)
update switch state O True args=() kw={} ncanvase=3
20:57:59 -- OPEN   VALVE-O (Jan Ion Pump)
---------------------------------------- open O () result=[(True, True)], time=0.11 sec
action=open, ok=True, locked=[False]
executed 0
jan_pump_ms.py completed successfully
setting _ms_pumptime
Post Measurement Finished
20:57:59 -- ******* Post Measurement Finished *******
$$$$$$$$$$$$$$$$$$$$ state at run end measurement
state changed from measurement to success
post measurement save measured=True aborted=False
Set filtering
setting fod for Ar40= {'filter_outliers': True, 'std_devs': 2, 'iterations': 1}
setting fod for H1= {'filter_outliers': True, 'std_devs': 2, 'iterations': 1}
setting fod for PM41= {'filter_outliers': False, 'std_devs': 2, 'iterations': 1}
setting fod for H2= {'filter_outliers': True, 'std_devs': 2, 'iterations': 1}
setting fod for Ar36= {'filter_outliers': True, 'std_devs': 2, 'iterations': 1}
setting fod for CDD= {'filter_outliers': True, 'std_devs': 10, 'iterations': 1}
setting fod for Ar37= {'filter_outliers': True, 'std_devs': 2, 'iterations': 1}
setting fod for L2= {'filter_outliers': True, 'std_devs': 2, 'iterations': 1}
setting fod for Ar38= {'filter_outliers': True, 'std_devs': 2, 'iterations': 1}
setting fod for L1= {'filter_outliers': True, 'std_devs': 2, 'iterations': 1}
setting fod for Ar39= {'filter_outliers': True, 'std_devs': 2, 'iterations': 1}
setting fod for AX= {'filter_outliers': True, 'std_devs': 2, 'iterations': 1}
persistence save...
persistence save - db
post measurement save
5559628144 connecting to database sqlite:////Users/jan/PychronDev/.appdata/local_lab.db
connected to db sqlite:////Users/jan/PychronDev/.appdata/local_lab.db
create new session 5559628144
close session 5559628144
No database instance. Not saving post measurement to isotopedb database
$$$$$$$$$$$$$$$ auto_save_detector_ic=False
massspec enabled True
create new session 5054761584
MassSpec Database Version: 16.0
close session 5054761584
saving post measurement to secondary database
saving to massspec database 129.138.12.160/massspecdata
setting labnumber to 65511
setting aliquot to 56
setting step to 
setting uuid to f28530ac-b417-49ac-a4ca-b77a5dc5ee35
setting irradpos to 65511
setting extract_device to Fusions CO2
setting tray to 
setting position to 195
setting power_requested to 5.0
setting extract_value to 5.0
setting duration to 30.0
setting duration_at_request to 30.0
setting first_stage_delay to 30.0
setting cleanup to 30.0
setting comment to F:9 DS
setting irradiation to NM-289
setting level to F
setting irradiation_level to F
setting sample to TRC-23-djk
setting material to SandforDetrital
setting project to IR959
setting mass_spectrometer to Jan
no attribute chron_dosages
no attribute production_ratios
no attribute interference_corrections
no attribute production_name
no attribute j
Reference Isotope=Ar40
Reference Detector=H1
%%%%%%%%%%%%%%%%%%%% Comment: F:9 DS %%%%%%%%%%%%%%%%%%%
adding isotope PM41 H2
add baseline dbdet= PM41. original det= H2
get baseline data PM41 H2
Get data baseline <pychron.processing.isotope.Baseline object at 0x14c75d110> len t=60
baseline PM41. v=-0.204364146688, e=0.00575133883117
get signal data PM41 H2
Get data signal PM41 0.13+/-0.08 len t=120
adding isotope Ar40 H1
add baseline dbdet= Ar40. original det= H1
get baseline data Ar40 H1
Get data baseline <pychron.processing.isotope.Baseline object at 0x14c75de90> len t=60
baseline Ar40. v=-0.0258033750671, e=0.00493959614874
get signal data Ar40 H1
Get data signal Ar40 46.513+/-0.015 len t=120
adding isotope Ar39 AX
add baseline dbdet= Ar39. original det= AX
get baseline data Ar39 AX
Get data baseline <pychron.processing.isotope.Baseline object at 0x146e8d050> len t=60
baseline Ar39. v=-0.0662459733955, e=0.0067122607264
get signal data Ar39 AX
Get data signal Ar39 44.114+/-0.018 len t=120
adding isotope Ar38 L1
add baseline dbdet= Ar38. original det= L1
get baseline data Ar38 L1
Get data baseline <pychron.processing.isotope.Baseline object at 0x146e8d8d0> len t=60
baseline Ar38. v=-0.0178138470216, e=0.00324959978555
get signal data Ar38 L1
Get data signal Ar38 0.582+/-0.005 len t=120
adding isotope Ar37 L2
add baseline dbdet= Ar37. original det= L2
get baseline data Ar37 L2
Get data baseline <pychron.processing.isotope.Baseline object at 0x146e8d610> len t=60
baseline Ar37. v=-0.0261299619896, e=0.00733139549767
get signal data Ar37 L2
Get data signal Ar37 0.283+/-0.012 len t=120
adding isotope Ar36 CDD
add baseline dbdet= Ar36. original det= CDD
get baseline data Ar36 CDD
Get data baseline <pychron.processing.isotope.Baseline object at 0x112548490> len t=60
baseline Ar36. v=2.7291992101e-05, e=8.29199924438e-06
get signal data Ar36 CDD
Get data signal Ar36 0.0168+/-0.0004 len t=120
65511-56 added analysis time 0.495699167252s
analysis added to mass spec database
mass spec save time= 0.503
persistence save - dvc
================= post measurement started
create new session 4983039568
close session 4983039568
---------------- Experiment Queue saving disabled
DVC saving peakcenter
Failed to find a valid peak. No peak greater than 1.0. max = 0.01964488892
Get Checksum: 2035211824
Smart pull ahead: 0 behind: 0
Up-to-date with origin
add to repo msg=modified - ad8224ebc6dbfeb9f5997218dfa5fe690569839d.json
add to repo msg=modified - 11-56.json
add to repo msg=modified - 11-56.dat.json
add to repo msg=modified - 11-56.blan.json
add to repo msg=modified - 11-56.inte.json
add to repo msg=modified - 11-56.icfa.json
add to repo msg=modified - 11-56.base.json
not at valid file /Users/jan/PychronDev/data/.dvc/repositories/IR959/655/tags/11-56.tags.json
add to repo msg=modified - 11-56.peak.json
add to repo msg=modified - 11-56.extr.json
not at valid file /Users/jan/PychronDev/data/.dvc/repositories/IR959/655/monitor/11-56.moni.json
commit message=<COLLECTION>
add to repo msg=modified - 11-56.inte.json
add to repo msg=modified - 11-56.base.json
commit message=<ISOEVO> default collection fits
Get Checksum: 2035211824
add to repo msg=modified - 11-56.blan.json
commit message=<BLANKS> preceding bc-02-J-235
add to repo msg=modified - 11-56.icfa.json
commit message=<ICFactor> default
push repository <pychron.git_archive.repo_manager.GitRepoManager object at 0x14e680f50>
pushing to remote=origin, url=https://github.com
Get Checksum: 2035211824
no changes to meta repo
Get Checksum: 2035211824
create new session 4983039568
add association IR959
get identifier "65511"
setting analysis irradiation position=<pychron.dvc.dvc_orm.IrradiationPositionTbl object at 0x14acab2d0>
close session 4983039568
================= post measurement finished
20:58:11 -- ******* Post Run Check *******
loading queue conditionals post_run_actions
loading system conditionals post_run_actions
loading conditionals from /Users/jan/PychronDev/setupfiles/spectrometer/default_conditionals.yaml
loading queue conditionals post_run_terminations
loading system conditionals post_run_terminations
loading conditionals from /Users/jan/PychronDev/setupfiles/spectrometer/default_conditionals.yaml
Checking default post run terminations n=1
GetDeflection CDD ===>> 50
testing CDD==2000
evaluate ot="CDD.deflection==2000" t="CDD==2000", ctx="{'CDD': 50.0}"
20:58:11 -- ******* Post Run Check Passed *******
20:58:11 -- Automated run 65511-56 success duration: 380.265 s
----------------- finish -----------------
----------------- stop -----------------
retroactive repository identifiers disabled
finish run. runs completed=56
update duration runid=65511-56, duration=380.265479803, md5=3d9034cf
loading script "jan_unknown400_120.py"
loading script "jan_pump_ms.py"
loading script "jan_co2.py"
loading script "jan_pump_extraction_line.py"
testing...
no interpolation path defined
executed 556.052928
script duration name:unknown400_120 seconds:556.0
loading script "jan_unknown400_120.py"
loading script "jan_pump_ms.py"
loading script "jan_co2.py"
loading script "jan_pump_extraction_line.py"
testing...
no interpolation path defined
executed 0
loading script "jan_unknown400_120.py"
loading script "jan_pump_ms.py"
loading script "jan_co2.py"
loading script "jan_pump_extraction_line.py"
testing...
no interpolation path defined
calculate duration
testing...
no interpolation path defined
executed 0
calculate duration
testing...
no interpolation path defined
executed 0
executed 0.0
script duration name:co2 seconds:0.0
loading script "jan_unknown400_120.py"
loading script "jan_pump_ms.py"
loading script "jan_co2.py"
loading script "jan_pump_extraction_line.py"
testing...
no interpolation path defined
calculate duration
testing...
no interpolation path defined
executed 4.0
executed 4.0
Script duration 556.0
Run total estimated duration= 557.000
loading script "jan_co2_whiff_120_60_large.py"
loading script "jan_pump_ms.py"
loading script "jan_co2.py"
loading script "jan_pump_extraction_line.py"
testing...
no interpolation path defined
executed 266.04
script duration name:co2_whiff_120_60_large seconds:266.0
pump_ms in script context. using previous estimated duration
co2 in script context. using previous estimated duration
script duration name:co2 seconds:0.0
pump_extraction_line in script context. using previous estimated duration
Script duration 266.0
Run total estimated duration= 267.000
nruns=2 before=5.0, run_dur=824.0, btw=30.0
write rem/ex queues
/Users/jan/PychronDev/experiments/rem/CurrentExperiment.rem.txt
/Users/jan/PychronDev/experiments/rem/CurrentExperiment.ex.txt
doing event level: 3
