do run
loading script "jan_co2_whiff_120_60_large.py"
loading script "jan_pump_ms.py"
loading script "jan_co2.py"
loading script "jan_pump_extraction_line.py"
testing...
no interpolation path defined
executed 266.04
script duration name:co2_whiff_120_60_large seconds:266.0
loading script "jan_co2_whiff_120_60_large.py"
loading script "jan_pump_ms.py"
loading script "jan_co2.py"
loading script "jan_pump_extraction_line.py"
testing...
no interpolation path defined
executed 0
loading script "jan_co2_whiff_120_60_large.py"
loading script "jan_pump_ms.py"
loading script "jan_co2.py"
loading script "jan_pump_extraction_line.py"
testing...
no interpolation path defined
calculate duration
testing...
no interpolation path defined
executed 0
calculate duration
testing...
no interpolation path defined
executed 0
executed 0.0
script duration name:co2 seconds:0.0
loading script "jan_co2_whiff_120_60_large.py"
loading script "jan_pump_ms.py"
loading script "jan_co2.py"
loading script "jan_pump_extraction_line.py"
testing...
no interpolation path defined
calculate duration
testing...
no interpolation path defined
executed 4.0
executed 4.0
Script duration 266.0
Run total estimated duration= 267.000
run duration: 0:04:27
doing event level: 2
20:19:08 -- Setting default integration. t=1.048576
setting integration time = 1.048576
SetIntegrationTime 1.048576 ===>> OK
----------------- start -----------------
**************** Experiment Type: Ar/Ar, Ar/Ar
create new session 4993359504
close session 4993359504
$$$$$ Clearing conditionals
adding conditionals detrital
extract conditionals from file. /Users/jan/PychronDev/scripts/conditionals/detrital.yaml
no attr for this modification cd={'extraction_str': '', 'attr': '', 'mapper': '', 'use_termination': False, 'start_count': 0, 'nskip': 0, 'window': 0, 'frequency': 1, 'teststr': '', 'action': 'Skip Next Run', 'ntrips': 1, 'use_truncation': False}
no attr for this cancelation cd={'mapper': '', 'window': 0, 'frequency': 1, 'attr': '', 'teststr': '', 'start_count': 0, 'ntrips': 1}
adding truncation attr="age" test="age>100.0" start="50"
adding truncation attr="Ar39" test="Ar39<0.5" start="60"
no attr for this termination cd={'mapper': '', 'window': 0, 'frequency': 1, 'attr': '', 'teststr': '', 'start_count': 0, 'ntrips': 1}
Invalid conditional kind="pre_run_terminations"
no attr for this action cd={'mapper': '', 'attr': '', 'start_count': 0, 'window': 0, 'frequency': 1, 'teststr': '', 'action': None, 'ntrips': 1}
Invalid conditional kind="post_run_terminations"
Add queue conditionals
add default conditionals
adding default conditionals from /Users/jan/PychronDev/setupfiles/spectrometer/default_conditionals.yaml
Start automated run 65511-51
loading script "jan_co2_whiff_120_60_large.py"
loading script "jan_pump_ms.py"
loading script "jan_co2.py"
loading script "jan_pump_extraction_line.py"
%%%%%%%%%%%%%%%%%% setting automated run 65511-51
No value "sensitivity_multiplier" in metadata
$$$$$$$$$$$$$$$ auto_save_detector_ic=False
============================= Pre Extraction Check =============================
loading queue conditionals pre_run_terminations
loading system conditionals pre_run_terminations
loading conditionals from /Users/jan/PychronDev/setupfiles/spectrometer/default_conditionals.yaml
20:19:08 -- ******* Pre Extraction Check *******
Get a measurement from the spectrometer
GetData ===>> H2,-0.227145830844731,H1,0.0227836008244388,AX,-0.0188838337053511,L1,-0.0141998732845178,L2,0.04...
Pre Extraction Termination data. keys=H2,H1,AX,L1,L2,CDD, signals=-0.22715,0.02278,-0.01888,-0.01420,0.04174,0.00491
20:19:08 -- testing system defined conditionals
Checking default pre extraction terminations n=2
testing CDD
evaluate ot="CDD.inactive" t="CDD", ctx="{'CDD': False}"
GetDeflection CDD ===>> 50
testing CDD==2000
evaluate ot="CDD.deflection==2000" t="CDD==2000", ctx="{'CDD': 50.0}"
20:19:08 -- ******* Pre Extraction Check Passed *******
=================================================================================
20:19:08 -- stopping status monitor
stop 5052903792
Alive clients [4983293136]
20:19:08 -- starting status monitor
start 5052903792
Monitor already running
start extraction
do extraction
Analysis started at 20:19:08.937610
Extraction Started jan_co2.py
20:19:08 -- ******* Extraction Started jan_co2.py *******
state changed from not run to extraction
DO EXTRACTION <pychron.extraction_line.pyscript_runner.RemotePyScriptRunner object at 0x12b93d0b0>
testing...
no interpolation path defined
calculate duration
testing...
no interpolation path defined
executed 0
calculate duration
testing...
no interpolation path defined
executed 0
executed 100.0
Jan CO2 laser analysis
doing GOSUB
testing...
no interpolation path defined
executed 0
Waiting for CO2 access
wait ('FelixCO2Flag', 0) {}
waiting for FelixCO2Flag = 0
Read FelixCO2Flag ===>> 0
finished waiting
CO2 free
wait ('CO2PumpTimeFlag', 0) {}
waiting for CO2PumpTimeFlag = 0
Read CO2PumpTimeFlag ===>> 0
finished waiting
acquire ('JanCO2Flag',) {'clear': True}
acquire JanCO2Flag
Set JanCO2Flag 1 ===>> OK
JanCO2Flag acquired
set extraction state False (0.75, 'red', 1.5)
CO2 acquired
executed 0
WaitForCO2Access.py completed successfully
gosub finished
doing GOSUB
testing...
no interpolation path defined
executed 0
Prepare for CO2 analysis
close () {'description': 'Jan Inlet'}
closing name=--- desc=Jan Inlet
checking ownership. requestor=129.138.12.150
check software interlocks R
interlocks []
actuate state mode=None-script, software_lock=False
doing actuation None-script close_channel False
Close R ===>> OK
GetValveState R ===>> False
change switch state (True, True)
update switch state R False args=() kw={} ncanvase=3
20:19:09 -- CLOSE  VALVE-R (Jan Inlet)
---------------------------------------- close None (Jan Inlet) result=[(True, True)]
action=close, ok=True, locked=[False]
open () {'description': 'Jan Ion Pump'}
opening name=--- desc=Jan Ion Pump
checking ownership. requestor=129.138.12.150
check software interlocks O
interlocks []
actuate state mode=None-script, software_lock=False
doing actuation None-script open_channel False
Open O ===>> OK
GetValveState O ===>> OK
change switch state (True, True)
update switch state O True args=() kw={} ncanvase=3
20:19:09 -- OPEN   VALVE-O (Jan Ion Pump)
---------------------------------------- open None (Jan Ion Pump) result=[(True, True)], time=0.11 sec
action=open, ok=True, locked=[False]
close () {'description': 'Microbone to Minibone'}
closing name=--- desc=Microbone to Minibone
checking ownership. requestor=129.138.12.150
check software interlocks L
interlocks []
actuate state mode=None-script, software_lock=False
doing actuation None-script close_channel False
Close L ===>> OK
GetValveState L ===>> False
change switch state (True, True)
update switch state L False args=() kw={} ncanvase=3
Get Checksum: 2035211824
20:19:10 -- CLOSE  VALVE-L (Microbone to Minibone)
---------------------------------------- close None (Microbone to Minibone) result=[(True, True)]
action=close, ok=True, locked=[False]
open () {'description': 'Microbone to Turbo'}
opening name=--- desc=Microbone to Turbo
checking ownership. requestor=129.138.12.150
check software interlocks U
interlocks []
actuate state mode=None-script, software_lock=False
doing actuation None-script open_channel False
Open U ===>> OK
GetValveState U ===>> OK
change switch state (True, True)
update switch state U True args=() kw={} ncanvase=3
20:19:10 -- OPEN   VALVE-U (Microbone to Turbo)
---------------------------------------- open None (Microbone to Turbo) result=[(True, True)], time=0.15 sec
action=open, ok=True, locked=[False]
open () {'description': 'Microbone to Inlet Pipette'}
opening name=--- desc=Microbone to Inlet Pipette
checking ownership. requestor=129.138.12.150
check software interlocks S
interlocks []
actuate state mode=None-script, software_lock=False
doing actuation None-script open_channel False
Open S ===>> OK
GetValveState S ===>> OK
change switch state (True, True)
update switch state S True args=() kw={} ncanvase=3
20:19:11 -- OPEN   VALVE-S (Microbone to Inlet Pipette)
---------------------------------------- open None (Microbone to Inlet Pipette) result=[(True, True)], time=0.41 sec
action=open, ok=True, locked=[False]
open () {'description': 'Microbone to Getter D-50'}
opening name=--- desc=Microbone to Getter D-50
checking ownership. requestor=129.138.12.150
check software interlocks K
interlocks []
actuate state mode=None-script, software_lock=False
doing actuation None-script open_channel False
Open K ===>> OK
GetValveState K ===>> OK
change switch state (True, True)
update switch state K True args=() kw={} ncanvase=3
20:19:12 -- OPEN   VALVE-K (Microbone to Getter D-50)
---------------------------------------- open None (Microbone to Getter D-50) result=[(True, True)], time=0.40 sec
action=open, ok=True, locked=[False]
open () {'description': 'Microbone to Getter NP-10'}
opening name=--- desc=Microbone to Getter NP-10
checking ownership. requestor=129.138.12.150
check software interlocks M
interlocks []
actuate state mode=None-script, software_lock=False
doing actuation None-script open_channel False
Open M ===>> OK
GetValveState M ===>> OK
change switch state (True, True)
update switch state M True args=() kw={} ncanvase=3
20:19:12 -- OPEN   VALVE-M (Microbone to Getter NP-10)
---------------------------------------- open None (Microbone to Getter NP-10) result=[(True, True)], time=0.15 sec
action=open, ok=True, locked=[False]
close () {'description': 'CO2 Laser to Felix'}
closing name=--- desc=CO2 Laser to Felix
checking ownership. requestor=129.138.12.150
check software interlocks F
interlocks []
actuate state mode=None-script, software_lock=True
VALVE-F(CO2 Laser to Felix) software locked
change switch state (True, False)
---------------------------------------- close None (CO2 Laser to Felix) result=[(True, False)]
action=close, ok=True, locked=[True]
open () {'description': 'CO2 Laser to Jan'}
opening name=--- desc=CO2 Laser to Jan
checking ownership. requestor=129.138.12.150
check software interlocks A
interlocks []
actuate state mode=None-script, software_lock=False
doing actuation None-script open_channel False
Open A ===>> OK
GetValveState A ===>> OK
change switch state (True, True)
update switch state A True args=() kw={} ncanvase=3
20:19:12 -- OPEN   VALVE-A (CO2 Laser to Jan)
---------------------------------------- open None (CO2 Laser to Jan) result=[(True, True)], time=0.13 sec
action=open, ok=True, locked=[False]
open () {'description': 'Microbone to CO2 Laser'}
opening name=--- desc=Microbone to CO2 Laser
checking ownership. requestor=129.138.12.150
check software interlocks T
interlocks []
actuate state mode=None-script, software_lock=False
doing actuation None-script open_channel False
Open T ===>> OK
Get Checksum: 2035211824
GetValveState T ===>> OK
change switch state (True, True)
update switch state T True args=() kw={} ncanvase=3
20:19:13 -- OPEN   VALVE-T (Microbone to CO2 Laser)
---------------------------------------- open None (Microbone to CO2 Laser) result=[(True, True)], time=0.42 sec
action=open, ok=True, locked=[False]
executed 0
PrepareForCO2Analysis.py completed successfully
gosub finished
set_motor ('beam', '1.25') {}
setting motor "beam" to 1.25
set motor beam to 1.25
SetMotor beam,1.25 ===>> OK
GetMotorMoving beam ===>> False
GetMotorMoving beam ===>> False
Block completed
move_to_position ('190',) {'autocenter': True}
FusionsCO2 move to position 190
sending GoToHole 190,True
GoToHole 190,True ===>> OK
GetDriveMoving ===>> OK
GetDriveMoving ===>> OK
GetDriveMoving ===>> OK
GetDriveMoving ===>> False
Get Checksum: 2035211824
GetDriveMoving ===>> OK
GetDriveMoving ===>> OK
GetDriveMoving ===>> OK
GetDriveMoving ===>> OK
GetDriveMoving ===>> False
Block completed
GetAutoCorrecting ===>> False
GetAutoCorrecting ===>> False
Block completed
update position
GetPosition ===>> 0.00000,-9.96950,1.00000
got position (0.0, -9.9695, 1.0)
move to position succeeded
sleep (5,) {}
SLEEP 5.0
block started
WaitControl setup for 5.0  
Get Checksum: 2035211824
Join finished
block finished. duration 5.01170802116
close () {'description': 'Microbone to Turbo'}
closing name=--- desc=Microbone to Turbo
checking ownership. requestor=129.138.12.150
check software interlocks U
interlocks []
actuate state mode=None-script, software_lock=False
doing actuation None-script close_channel True
Close U ===>> OK
GetValveState U ===>> False
change switch state (True, True)
update switch state U False args=() kw={} ncanvase=3
20:19:23 -- CLOSE  VALVE-U (Microbone to Turbo)
---------------------------------------- close None (Microbone to Turbo) result=[(True, True)]
action=close, ok=True, locked=[False]
enable laser
enable () {}
set extraction state FusionsCO2 Enabled (False, 'red', 1.5)
enabling laser
Enable ===>> OK
begin interval
BEGIN INTERVAL Interval 1 waiting for 30.0
block started
set extract to 5.0
WaitControl setup for 30.0  
extract (5.0,) {}
GetPosition ===>> 0.00000,-9.96950,1.00000
set extraction state FusionsCO2 ON! 5.0(watts) (0.75, 'red', 1.5)
extract sample to 5.0 (watts)
set laser output
Get Checksum: 1223320555
SetLaserOutput 5.0,watts ===>> OK
executing pattern triangle.lp
execute_pattern ('triangle.lp',) {}
executing pattern triangle.lp
IsPatterning ===>> OK
IsPatterning ===>> OK
Get Checksum: 1223320555
IsPatterning ===>> OK
IsPatterning ===>> OK
IsPatterning ===>> OK
Get Checksum: 1223320555
IsPatterning ===>> OK
IsPatterning ===>> OK
IsPatterning ===>> OK
Get Checksum: 1223320555
IsPatterning ===>> OK
IsPatterning ===>> OK
IsPatterning ===>> OK
Get Checksum: 1223320555
IsPatterning ===>> OK
IsPatterning ===>> OK
IsPatterning ===>> OK
Get Checksum: 1223320555
IsPatterning ===>> OK
IsPatterning ===>> OK
IsPatterning ===>> OK
Get Checksum: 1223320555
IsPatterning ===>> OK
IsPatterning ===>> OK
IsPatterning ===>> OK
Get Checksum: 1223320555
IsPatterning ===>> OK
IsPatterning ===>> OK
IsPatterning ===>> OK
Get Checksum: 1223320555
IsPatterning ===>> OK
IsPatterning ===>> OK
IsPatterning ===>> OK
Get Checksum: 1223320555
IsPatterning ===>> False
IsPatterning ===>> False
Block completed
COMPLETE INTERVAL waiting for Interval 1 to complete
Join finished
block finished. duration 30.0598478317
Interval 1 finished
end_extract () {}
ending extraction. set laser power to 0
set laser power 0
SetLaserPower 0 ===>> OK
disable () {}
%%%%%%%%%%%%%%%%%%%%%%%%%%%%%%%%%%% disable
set extraction state False (0.75, 'red', 1.5)
disabling laser
Get Checksum: 1223320555
Disable ===>> OK
sleep (30.0,) {}
SLEEP 30.0
block started
WaitControl setup for 30.0  
Get Checksum: 1223320555
Get Checksum: 1223320555
Get Checksum: 1223320555
Get Checksum: 1223320555
Get Checksum: 1223320555
Get Checksum: 1223320555
Get Checksum: 1223320555
Get Checksum: 1223320555
Get Checksum: 1223320555
Join finished
block finished. duration 30.0818769932
executed 166.0
jan_co2.py completed successfully
GetAchievedOutput ===>> No Response
Requested Output= 0.000
Achieved Output=  0.000
GetResponseBlob ===>> No Response
GetOutputBlob ===>> No Response
persistence save...
persistence save - db
AutomatedRunPersister post_extraction_save deprecated
persistence save - dvc
no extraction position for 190
create new session 4983039568
close session 4983039568
Extraction Finished
20:20:25 -- ******* Extraction Finished *******
no overlap. not waiting for min ms pumptime
20:20:25 -- Sending spectrometer configuration
======== Sending configuration ========
Get Checksum: 1223320555
SetDeflection CDD,50.0 ===>> OK
SetDeflection H2,0.0 ===>> OK
SetDeflection H1,0.0 ===>> OK
SetDeflection L2,825.0 ===>> OK
SetDeflection L1,400.0 ===>> OK
SetDeflection AX,190.0 ===>> OK
SetZFocus 74.64 ===>> OK
SetZSymmetry -50.72 ===>> OK
SetExtractionLens 26.13 ===>> OK
SetIonRepeller -3.81 ===>> OK
SetElectronEnergy 75.08 ===>> OK
SetYSymmetry -2.81 ===>> OK
SetIonCounterVoltage 1590.0 ===>> OK
send trap current 200.0
GetParameter Trap Current Readback ===>> 198.258926936459
SetParameter Trap Current Set,200.0 ===>> OK
updating mftable name mftable
Using mftable located at /Users/jan/PychronDev/setupfiles/spectrometer/mftables/mftable.csv
============ MFtable ===========
Isotope  H2     H1     AX     L1     L2     CDD    
Ar40     5.7731 5.8788 5.9921 6.1130 6.2306 6.3412
Ar39     5.6723 5.7711 5.8845 5.9991 6.1157 6.2277
Ar36     5.3498 5.4401 5.5479 5.6579 5.7707 5.8788
================================
get initial guess parabolic
get initial guess parabolic
get initial guess parabolic
get initial guess parabolic
get initial guess parabolic
get initial guess parabolic
======== Configuration Finished ========
GetYSymmetry ===>> -2.81
GetZSymmetry ===>> -50.72
GetParameter Trap Current Readback ===>> 197.923274125618
GetHighVoltage ===>> 4499.94659342336
start measurement
do measurement
L#=65511 analysis type=unknown
Measurement Started jan_co2_whiff_120_60_large.py
20:20:25 -- ******* Measurement Started jan_co2_whiff_120_60_large.py *******
state changed from extraction to measurement
setting spec, defl, and gains
GetExtractionLens ===>> 26.13
GetYSymmetry ===>> -2.81
GetZSymmetry ===>> -50.72
GetZFocus ===>> 74.64
GetDeflection H2 ===>> 0
GetDeflection H1 ===>> 0
GetDeflection AX ===>> 190
GetDeflection L1 ===>> 400
GetDeflection L2 ===>> 825
GetDeflection CDD ===>> 50
GetGain H2 ===>> 0.0113
GetGain H1 ===>> 0.1
GetGain AX ===>> 0.097049
GetGain L1 ===>> 0.010355
GetGain L2 ===>> 0.095649
GetGain CDD ===>> 0
pre measurement save
New frame /Users/jan/PychronDev/data/isotopes/8e/6d0946-d222-45fe-8ce1-be3bf6fdb44c.h5
flush and close file /Users/jan/PychronDev/data/isotopes/8e/6d0946-d222-45fe-8ce1-be3bf6fdb44c.h5
testing...
no interpolation path defined
executed 266.04
co2 whiff measurement script
activate_detectors ('H2', 'H1', 'AX', 'L1', 'L2', 'CDD') {}
activate detectors
*************** Set Analysis View Ar/Ar
create graphs
clearing graphs
clear isotope group
setting isotope det=H2, iso=PM41
setting isotope det=H1, iso=Ar40
setting isotope det=AX, iso=Ar39
setting isotope det=L1, iso=Ar38
setting isotope det=L2, iso=Ar37
setting isotope det=CDD, iso=Ar36
setting previous blanks
 - setting Ar40 blank 0.185+/-0.007
 - setting Ar36 blank 0.00480+/-0.00018
 - setting Ar37 blank 0.043+/-0.005
 - setting Ar38 blank 0.0128+/-0.0021
 - setting PM41 blank 0.03+/-0.06
 - setting Ar39 blank 0.020+/-0.009
load analysis view
position_magnet ('Ar40',) {'detector': 'H1'}
detector Detector(H1)
POSITION Ar40 H1
setting detector H2 to PM41 (40.9624)
setting detector H1 to Ar40 (39.9624)
setting detector AX to Ar39 (38.9624)
setting detector L1 to Ar38 (37.9624)
setting detector L2 to Ar37 (36.9624)
setting detector CDD to Ar36 (35.9624)
Mapping mass to dac mass func: "parabolic"
H1 map mass coeffs = [-0.00063987  0.15840543  0.57039999]
H1 map mass to dac 39.9624 >> 5.87879
GetDeflection H1 ===>> 0
GetHighVoltage ===>> 4499.94659342336
positioning Ar40 (5.87875538036) on H1
setting magnet DAC
current  : 5.878756
requested: 5.878755
Delta Dac: 0.000000
Checking detector protection. dv=0.00000
Checking detector "CDD". Protection Threshold: 0.1 (V)
SetMagnetDAC 5.87875538036 ===>> OK
Magnet settling time: 0.500
close ('S',) {}
closing name=S desc=---
checking ownership. requestor=129.138.12.150
check software interlocks S
interlocks []
actuate state mode=None-script, software_lock=False
doing actuation None-script close_channel True
Close S ===>> OK
GetValveState S ===>> False
change switch state (True, True)
update switch state S False args=() kw={} ncanvase=3
20:20:28 -- CLOSE  VALVE-S (Microbone to Inlet Pipette)
---------------------------------------- close S () result=[(True, True)]
action=close, ok=True, locked=[False]
equilibrate () {'do_post_equilibration': False, 'inlet': 'R', 'outlet': 'O', 'eqtime': 4}
Equilibration Started
20:20:28 -- ******* Equilibration Started *******
checking ownership. requestor=129.138.12.150
check software interlocks O
interlocks []
actuate state mode=None-script, software_lock=False
doing actuation None-script close_channel True
Close O ===>> OK
GetValveState O ===>> False
change switch state (True, True)
update switch state O False args=() kw={} ncanvase=3
20:20:28 -- CLOSE  VALVE-O (Jan Ion Pump)
waiting 3s before opening inlet value ('R',)
Get Checksum: -997610518
checking ownership. requestor=129.138.12.150
check software interlocks R
interlocks []
actuate state mode=None-script, software_lock=False
doing actuation None-script open_channel True
Open R ===>> OK
GetValveState R ===>> OK
change switch state (True, True)
update switch state R True args=() kw={} ncanvase=3
20:20:32 -- OPEN   VALVE-R (Jan Inlet)
equilibrating for 4sec
set_time_zero (0,) {}
sniff (4,) {}
py_sniff
build tables- sniff [Detector(H2), Detector(H1), Detector(AX), Detector(L1), Detector(L2), Detector(CDD)]
add group /sniff/PM41 (Group) '' table H2
add group /sniff/Ar40 (Group) '' table H1
add group /sniff/Ar39 (Group) '' table AX
add group /sniff/Ar38 (Group) '' table L1
add group /sniff/Ar37 (Group) '' table L2
add group /sniff/Ar36 (Group) '' table CDD
flush and close file /Users/jan/PychronDev/data/isotopes/8e/6d0946-d222-45fe-8ce1-be3bf6fdb44c.h5
measuring sniff. ncounts=4
Get Checksum: -1252573911
starting measurement
GetData ===>> H2,-0.192375284690893,H1,0.0214592354472078,AX,0.0392305470422324,L1,0.0104467066769281,L2,0.1099...
GetData ===>> H2,5.01404549874556,H1,3.93480187452357,AX,7.07455710676814,L1,0.64039061330406,L2,1.386778969168...
GetData ===>> H2,4.02199330506794,H1,4.96427412621216,AX,3.81076591154534,L1,0.923092376333553,L2,0.56216441592...
Get Checksum: -1252573911
GetData ===>> H2,1.23304540841988,H1,4.50911982464397,AX,2.09446222929868,L1,0.633570077659814,L2,0.23398824564...
Equilibration Finished
20:20:36 -- ******* Equilibration Finished *******
checking ownership. requestor=129.138.12.150
check software interlocks R
interlocks []
actuate state mode=None-script, software_lock=False
doing actuation None-script close_channel True
Close R ===>> OK
measurement finished
estimated time: 4.194 actual time: :4.254
flush and close file /Users/jan/PychronDev/data/isotopes/8e/6d0946-d222-45fe-8ce1-be3bf6fdb44c.h5
set_fits () {}
using default fits file=/Users/jan/PychronDev/scripts/measurement/fits/nominal_linear.yaml
set "Ar40" to "('Linear', 'SEM')"
No fit for "PM41". defaulting to linear. check the measurement script "jan_co2_whiff_120_60_large.py"
set "PM41" to "linear"
set "Ar36" to "('Linear', 'SEM')"
set "Ar37" to "('linear', 'SEM')"
set "Ar38" to "('linear', 'SEM')"
set "Ar39" to "('Linear', 'SEM')"
set_baseline_fits () {}
using default fits file=/Users/jan/PychronDev/scripts/measurement/fits/nominal_linear.yaml
set "H1" to "('average', 'SEM')"
set "H2" to "('average', 'SEM')"
set "CDD" to "('average', 'SEM')"
GetValveState R ===>> False
set "L2" to "('average', 'SEM')"
change switch state (True, True)
set "L1" to "('average', 'SEM')"
update switch state R False args=() kw={} ncanvase=3
set "AX" to "('average', 'SEM')"
whiff () {'ncounts': 1, 'conditionals': [{'action': 'run_remainder', 'attr': 'Ar40', 'teststr': 'Ar40.cur<=175'}, {'action': 'run_pipette', 'attr': 'Ar40', 'teststr': 'Ar40.cur>500'}, {'action': 'run_chamber_split', 'attr': 'Ar40', 'teststr': 'Ar40.cur>=300'}, {'action': 'pump', 'attr': 'Ar40', 'teststr': 'Ar40.cur>175'}]}
build tables- whiff [Detector(H2), Detector(H1), Detector(AX), Detector(L1), Detector(L2), Detector(CDD)]
add group /whiff/PM41 (Group) '' table H2
add group /whiff/Ar40 (Group) '' table H1
add group /whiff/Ar39 (Group) '' table AX
add group /whiff/Ar38 (Group) '' table L1
add group /whiff/Ar37 (Group) '' table L2
20:20:36 -- CLOSE  VALVE-R (Jan Inlet)
add group /whiff/Ar36 (Group) '' table CDD
flush and close file /Users/jan/PychronDev/data/isotopes/8e/6d0946-d222-45fe-8ce1-be3bf6fdb44c.h5
measuring whiff. ncounts=1
starting measurement
GetData ===>> H2,0.246199161027406,H1,4.1221666917225,AX,1.22436690134827,L1,0.278062229332078,L2,0.11252204260...
Get Checksum: -997610518
testing Ar40<=175
evaluate ot="Ar40.cur<=175" t="Ar40<=175", ctx="{'Ar40': 4.1221666917224997}"
condition Ar40<=175 is true trips=1/1
20:20:38 -- Conditional tripped: Ar40.cur<=175 condition Ar40<=175 is True
measurement finished
estimated time: 1.049 actual time: :1.115
flush and close file /Users/jan/PychronDev/data/isotopes/8e/6d0946-d222-45fe-8ce1-be3bf6fdb44c.h5
WHIFF Result=run_remainder
Whiff result=run_remainder
open ('R',) {}
opening name=R desc=---
checking ownership. requestor=129.138.12.150
check software interlocks R
interlocks []
actuate state mode=None-script, software_lock=False
doing actuation None-script open_channel True
Open R ===>> OK
GetValveState R ===>> OK
change switch state (True, True)
update switch state R True args=() kw={} ncanvase=3
20:20:38 -- OPEN   VALVE-R (Jan Inlet)
---------------------------------------- open R () result=[(True, True)], time=0.42 sec
action=open, ok=True, locked=[False]
open ('S',) {}
opening name=S desc=---
checking ownership. requestor=129.138.12.150
check software interlocks S
interlocks []
actuate state mode=None-script, software_lock=False
doing actuation None-script open_channel True
Open S ===>> OK
set states for children of S. state=True
handle state [('S', True)]
update switch state S True args=() kw={'refresh': False} ncanvase=3
refresh_canvas_needed fired
GetValveState S ===>> OK
change switch state (True, True)
update switch state S True args=() kw={} ncanvase=3
20:20:39 -- OPEN   VALVE-S (Microbone to Inlet Pipette)
---------------------------------------- open S () result=[(True, True)], time=0.45 sec
action=open, ok=True, locked=[False]
sleep (12.0,) {}
SLEEP 12.0
block started
WaitControl setup for 12.0  
Get Checksum: 594863745
Get Checksum: 594863745
Get Checksum: 594863745
Get Checksum: 594863745
Join finished
block finished. duration 12.0377430916
close ('R',) {}
closing name=R desc=---
checking ownership. requestor=129.138.12.150
check software interlocks R
interlocks []
actuate state mode=None-script, software_lock=False
doing actuation None-script close_channel True
Close R ===>> OK
GetValveState R ===>> False
change switch state (True, True)
update switch state R False args=() kw={} ncanvase=3
20:20:52 -- CLOSE  VALVE-R (Jan Inlet)
---------------------------------------- close R () result=[(True, True)]
action=close, ok=True, locked=[False]
post_equilibration () {}
Post Equilibration Started jan_pump_extraction_line.py
multicollect () {'integration_time': 1, 'ncounts': 120.0}
build tables- signal [Detector(H2), Detector(H1), Detector(AX), Detector(L1), Detector(L2), Detector(CDD)]
20:20:52 -- ******* Post Equilibration Started jan_pump_extraction_line.py *******
add group /signal/PM41 (Group) '' table H2
testing...
add group /signal/Ar40 (Group) '' table H1
no interpolation path defined
add group /signal/Ar39 (Group) '' table AX
add group /signal/Ar38 (Group) '' table L1
calculate duration
add group /signal/Ar37 (Group) '' table L2
testing...
no interpolation path defined
add group /signal/Ar36 (Group) '' table CDD
executed 4.0
flush and close file /Users/jan/PychronDev/data/isotopes/8e/6d0946-d222-45fe-8ce1-be3bf6fdb44c.h5
executed 4.0
measuring signal. ncounts=120.0
Pump after analysis
doing GOSUB
testing...
no interpolation path defined
executed 4.0
Pump Microbone
close () {'description': 'Jan Inlet'}
closing name=--- desc=Jan Inlet
checking ownership. requestor=129.138.12.150
check software interlocks R
interlocks []
actuate state mode=None-script, software_lock=False
doing actuation None-script close_channel False
Close R ===>> OK
GetValveState R ===>> False
change switch state (True, True)
update switch state R False args=() kw={} ncanvase=3
20:20:53 -- CLOSE  VALVE-R (Jan Inlet)
---------------------------------------- close None (Jan Inlet) result=[(True, True)]
starting measurement
GetData ===>> H2,-0.0153094009190247,H1,114.75971043058,AX,29.1758542505503,L1,0.390313670457017,L2,0.423015272...
action=close, ok=True, locked=[False]
is_closed ('F',) {}
is F () closed?
is closed True
open () {'description': 'CO2 Laser to Jan'}
opening name=--- desc=CO2 Laser to Jan
checking ownership. requestor=129.138.12.150
check software interlocks A
interlocks []
actuate state mode=None-script, software_lock=False
doing actuation None-script open_channel False
Open A ===>> OK
GetValveState A ===>> OK
change switch state (True, True)
update switch state A True args=() kw={} ncanvase=3
Get Checksum: 1281862853
20:20:53 -- OPEN   VALVE-A (CO2 Laser to Jan)
---------------------------------------- open None (CO2 Laser to Jan) result=[(True, True)], time=0.22 sec
action=open, ok=True, locked=[False]
sleep (1,) {}
SLEEP 1.0
GetData ===>> H2,0.193006754259689,H1,115.005106780378,AX,29.3567353104626,L1,0.371407166032774,L2,0.4221354504...
close () {'description': 'CO2 Laser to Roughing'}
closing name=--- desc=CO2 Laser to Roughing
checking ownership. requestor=129.138.12.150
check software interlocks G
interlocks []
actuate state mode=None-script, software_lock=True
VALVE-G(CO2 Laser to Roughing) software locked
change switch state (True, False)
---------------------------------------- close None (CO2 Laser to Roughing) result=[(True, False)]
action=close, ok=True, locked=[True]
open () {'description': 'Microbone to Turbo'}
opening name=--- desc=Microbone to Turbo
checking ownership. requestor=129.138.12.150
check software interlocks U
interlocks []
actuate state mode=None-script, software_lock=False
doing actuation None-script open_channel True
Open U ===>> OK
GetValveState U ===>> OK
change switch state (True, True)
update switch state U True args=() kw={} ncanvase=3
20:20:55 -- OPEN   VALVE-U (Microbone to Turbo)
---------------------------------------- open None (Microbone to Turbo) result=[(True, True)], time=0.17 sec
action=open, ok=True, locked=[False]
open () {'description': 'Microbone to Getter NP-10'}
opening name=--- desc=Microbone to Getter NP-10
checking ownership. requestor=129.138.12.150
check software interlocks M
interlocks []
actuate state mode=None-script, software_lock=False
doing actuation None-script open_channel False
GetData ===>> H2,0.0772812972675643,H1,114.966775454099,AX,29.0801326346915,L1,0.390091060531899,L2,0.478358508...
Open M ===>> OK
GetValveState M ===>> OK
change switch state (True, True)
update switch state M True args=() kw={} ncanvase=3
20:20:55 -- OPEN   VALVE-M (Microbone to Getter NP-10)
---------------------------------------- open None (Microbone to Getter NP-10) result=[(True, True)], time=0.15 sec
action=open, ok=True, locked=[False]
open () {'description': 'Microbone to Getter D-50'}
opening name=--- desc=Microbone to Getter D-50
checking ownership. requestor=129.138.12.150
check software interlocks K
interlocks []
actuate state mode=None-script, software_lock=False
doing actuation None-script open_channel False
Open K ===>> OK
GetValveState K ===>> OK
change switch state (True, True)
update switch state K True args=() kw={} ncanvase=3
20:20:56 -- OPEN   VALVE-K (Microbone to Getter D-50)
---------------------------------------- open None (Microbone to Getter D-50) result=[(True, True)], time=0.43 sec
action=open, ok=True, locked=[False]
open () {'description': 'Microbone to CO2 Laser'}
opening name=--- desc=Microbone to CO2 Laser
checking ownership. requestor=129.138.12.150
check software interlocks T
interlocks []
actuate state mode=None-script, software_lock=False
doing actuation None-script open_channel False
GetData ===>> H2,-0.0857956577449457,H1,114.738938877873,AX,29.139760678333,L1,0.39089712706851,L2,0.4282829503...
Open T ===>> OK
Get Checksum: 799532470
GetValveState T ===>> OK
change switch state (True, True)
update switch state T True args=() kw={} ncanvase=3
20:20:57 -- OPEN   VALVE-T (Microbone to CO2 Laser)
---------------------------------------- open None (Microbone to CO2 Laser) result=[(True, True)], time=0.42 sec
action=open, ok=True, locked=[False]
open () {'description': 'Microbone to Inlet Pipette'}
opening name=--- desc=Microbone to Inlet Pipette
checking ownership. requestor=129.138.12.150
check software interlocks S
interlocks []
actuate state mode=None-script, software_lock=False
doing actuation None-script open_channel False
Open S ===>> OK
GetData ===>> H2,-0.131620584751376,H1,114.671016239768,AX,29.0412139843939,L1,0.376609606899395,L2,0.377720625...
GetValveState S ===>> OK
change switch state (True, True)
update switch state S True args=() kw={} ncanvase=3
20:20:57 -- OPEN   VALVE-S (Microbone to Inlet Pipette)
---------------------------------------- open None (Microbone to Inlet Pipette) result=[(True, True)], time=0.43 sec
action=open, ok=True, locked=[False]
sleep (1,) {}
SLEEP 1.0
GetData ===>> H2,-0.194813482089702,H1,114.648555115571,AX,28.9436102917309,L1,0.347790841620137,L2,0.516058676...
set_resource () {'name': 'CO2PumpTimeFlag', 'value': 30}
Set CO2PumpTimeFlag 30 ===>> OK
release ('JanCO2Flag',) {}
release JanCO2Flag
Set JanCO2Flag 0 ===>> OK
executed 6.0
PumpMicrobone.py completed successfully
gosub finished
get_resource_value () {'name': 'JanMiniboneFlag'}
Read JanMiniboneFlag ===>> 0
Get Resource Value JanMiniboneFlag=0.0
get resource value 0.0
get_resource_value () {'name': 'JanMiniboneFlag'}
Read JanMiniboneFlag ===>> 0
Get Resource Value JanMiniboneFlag=0.0
executed 4.0
jan_pump_extraction_line.py completed successfully
Post Equilibration Finished
20:20:59 -- ******* Post Equilibration Finished *******
GetData ===>> H2,-0.166832001433399,H1,114.537122538257,AX,29.0418271914649,L1,0.377301671682236,L2,0.444817820...
Get Checksum: 799532470
GetData ===>> H2,-0.115354283520414,H1,114.373043056292,AX,29.0399209283272,L1,0.361897776748177,L2,0.387314677...
GetData ===>> H2,-0.143440491647037,H1,114.394822424629,AX,28.9941004069602,L1,0.361489992495248,L2,0.295810543...
GetData ===>> H2,-0.122920696387631,H1,114.32310434304,AX,29.0685982896495,L1,0.375228062430875,L2,0.4784384626...
Get Checksum: 799532470
GetData ===>> H2,-0.155017141896093,H1,114.3839136205,AX,29.0671715804802,L1,0.380115652580376,L2,0.45263950567...
GetData ===>> H2,-0.0848625464895459,H1,114.551766889237,AX,29.0345355772269,L1,0.361912427981297,L2,0.43569932...
GetData ===>> H2,-0.18035048601182,H1,114.496205514741,AX,29.0723584888325,L1,0.35751618283767,L2,0.32291588453...
GetData ===>> H2,-0.218334352645432,H1,114.489021984068,AX,29.0365350585126,L1,0.33742933081469,L2,0.3543448533...
Get Checksum: 799532470
GetData ===>> H2,-0.131970911170228,H1,114.432990448922,AX,28.8872460191451,L1,0.365891012529218,L2,0.401993152...
GetData ===>> H2,-0.200744558613551,H1,114.219258370248,AX,28.8602031341552,L1,0.322695406860118,L2,0.473150195...
GetData ===>> H2,-0.201325637877212,H1,114.152146128949,AX,28.9059400735775,L1,0.323184083689632,L2,0.364747338...
Get Checksum: 799532470
GetData ===>> H2,-0.230963530711522,H1,114.245639095804,AX,28.8982515487083,L1,0.391216390949671,L2,0.353134538...
GetData ===>> H2,-0.12860740494763,H1,114.197846022034,AX,28.714354880059,L1,0.40915742543689,L2,0.346386744214...
GetData ===>> H2,-0.0737026173600572,H1,114.141041563275,AX,28.9264898183607,L1,0.409997270491986,L2,0.48521198...
Get Checksum: 799532470
GetData ===>> H2,-0.154722592137191,H1,114.251298038249,AX,28.9448090012242,L1,0.373368772859868,L2,0.405191873...
GetData ===>> H2,-0.0684467759662106,H1,114.049332556847,AX,28.9705710419067,L1,0.334835148938349,L2,0.34285889...
GetData ===>> H2,-0.153701066703617,H1,114.073266015908,AX,28.7815096062308,L1,0.325242632084965,L2,0.334342369...
Get Checksum: 799532470
GetData ===>> H2,-0.058946475522736,H1,113.973979083505,AX,28.8496941428342,L1,0.356200615755386,L2,0.383317039...
20:21:18 -- collecting point 25
GetData ===>> H2,-0.111898815956767,H1,113.866077109467,AX,28.848815108496,L1,0.373195207469979,L2,0.3836596873...
GetData ===>> H2,-0.213507944120798,H1,113.952662014305,AX,28.8334597602807,L1,0.347308783011036,L2,0.368938340...
Get Checksum: 799532470
GetData ===>> H2,-0.233668524333704,H1,113.80807016946,AX,28.839399219795,L1,0.307927072473183,L2,0.47011214421...
GetData ===>> H2,-0.236725329471484,H1,113.814973743012,AX,28.750579982947,L1,0.343275024789416,L2,0.4990803423...
GetData ===>> H2,-0.177856533280129,H1,114.000746488925,AX,28.7427964624899,L1,0.314862465527805,L2,0.577930485...
Get Checksum: 799532470
GetData ===>> H2,-0.156279025327001,H1,114.064800870378,AX,28.7890170539487,L1,0.331743976874969,L2,0.344343089...
GetData ===>> H2,-0.166282651981897,H1,113.891326177084,AX,28.8608158561488,L1,0.34592985453056,L2,0.3574963102...
GetData ===>> H2,-0.0712011071054021,H1,113.753899815681,AX,28.8073218996971,L1,0.345557697680765,L2,0.37502532...
Get Checksum: -861571959
State checksums do not match. Local:799532470 Remote:-861571959
State checksum failed
GetData ===>> H2,0.00589858599796165,H1,113.742156133891,AX,28.783426353439,L1,0.333046693291299,L2,0.390981230...
set states for children of V. state=True
handle state [('V', True)]
update switch state V True args=() kw={'refresh': False} ncanvase=3
refresh_canvas_needed fired
GetData ===>> H2,-0.100745884648701,H1,113.555652176349,AX,28.6648789935436,L1,0.329614612109379,L2,0.372455725...
GetData ===>> H2,-0.194732621610241,H1,113.788969993571,AX,28.7244603994564,L1,0.351097520777591,L2,0.422946715...
Get Checksum: -861571959
GetData ===>> H2,-0.189389158834016,H1,113.757322320046,AX,28.6924560685149,L1,0.318299006235089,L2,0.374739811...
GetData ===>> H2,-0.145469848397494,H1,113.819426615446,AX,28.6629626931258,L1,0.330746315548494,L2,0.358204260...
Get Checksum: -861571959
GetData ===>> H2,-0.157248985829226,H1,113.703950945356,AX,28.7157261946891,L1,0.37537598882871,L2,0.3864808708...
GetData ===>> H2,-0.204730620767001,H1,113.613339688403,AX,28.6816879542815,L1,0.350631176535545,L2,0.543200547...
GetData ===>> H2,-0.168686365260218,H1,113.563053852372,AX,28.5949154280662,L1,0.332157461597912,L2,0.385213041...
Get Checksum: -861571959
GetData ===>> H2,-0.0970603952838847,H1,113.66829866423,AX,28.6179657021233,L1,0.330836564528746,L2,0.348921393...
GetData ===>> H2,-0.155237373641654,H1,113.62811070973,AX,28.7380024299402,L1,0.322482151219814,L2,0.3995599116...
GetData ===>> H2,-0.262984112539027,H1,113.42240732008,AX,28.730159303663,L1,0.349139505825616,L2,0.45757263396...
Get Checksum: -861571959
GetData ===>> H2,-0.270622002281659,H1,113.400696593888,AX,28.5549360294735,L1,0.385974870112791,L2,0.380473106...
GetData ===>> H2,-0.196713932280692,H1,113.31964056804,AX,28.6299782042195,L1,0.365655282941361,L2,0.5204579952...
GetData ===>> H2,-0.189753198285569,H1,113.15868406041,AX,28.5457155731765,L1,0.355773123346587,L2,0.4048263002...
Get Checksum: -861571959
GetData ===>> H2,-0.0954284871938544,H1,113.227703224573,AX,28.526744851326,L1,0.379948088431109,L2,0.411829560...
GetData ===>> H2,-0.0924620127018643,H1,113.381697503987,AX,28.7050889622322,L1,0.384408803398652,L2,0.42094713...
GetData ===>> H2,-0.204508236307124,H1,113.519376230048,AX,28.7057146537468,L1,0.31375945763344,L2,0.4830188171...
Get Checksum: -861571959
20:21:45 -- collecting point 50
GetData ===>> H2,-0.227557816825899,H1,113.335579118535,AX,28.5474850966347,L1,0.302945315053187,L2,0.378188883...
GetData ===>> H2,-0.131419040713653,H1,113.311737292325,AX,28.5811513770381,L1,0.304185960876368,L2,0.398885926...
GetData ===>> H2,-0.0888903798438541,H1,113.1688257383,AX,28.6106098466419,L1,0.374961555792043,L2,0.4489969187...
Get Checksum: -861571959
GetData ===>> H2,-0.0989412003004933,H1,113.108844360185,AX,28.5375601622575,L1,0.38643214309498,L2,0.266043450...
GetData ===>> H2,-0.160410912948424,H1,113.150261176871,AX,28.4776966721251,L1,0.362467969353528,L2,0.434590832...
testing age>100.0
evaluate ot="age>100.0" t="age>100.0", ctx="{'age': 27.273217163911834}"
GetData ===>> H2,-0.112307625669949,H1,113.052133410518,AX,28.5106768044283,L1,0.364499919923625,L2,0.414662998...
Get Checksum: -861571959
GetData ===>> H2,-0.146726192199954,H1,113.081083670349,AX,28.5194953218879,L1,0.355124590340284,L2,0.397834975...
GetData ===>> H2,-0.220379572566514,H1,113.12324003739,AX,28.5055828652703,L1,0.382241643924487,L2,0.3612188167...
GetData ===>> H2,-0.13896976191133,H1,113.155845255281,AX,28.5335957568699,L1,0.385275550839642,L2,0.3552126354...
Get Checksum: -861571959
GetData ===>> H2,-0.134959743100329,H1,113.053794499291,AX,28.4821776743053,L1,0.359534446825488,L2,0.447432590...
testing age>100.0
evaluate ot="age>100.0" t="age>100.0", ctx="{'age': 27.310631900995258}"
GetData ===>> H2,-0.0904866427786316,H1,112.980130728148,AX,28.4887598880823,L1,0.336677609350676,L2,0.47629113...
Get Checksum: -861571959
GetData ===>> H2,-0.0583917934410578,H1,112.839858069215,AX,28.3494400641449,L1,0.364637921555534,L2,0.36213233...
GetData ===>> H2,-0.0264894674684285,H1,112.824901576533,AX,28.5332232696411,L1,0.379281528217547,L2,0.37352923...
GetData ===>> H2,-0.132367213346902,H1,112.870092451724,AX,28.4184367256228,L1,0.353491836818297,L2,0.298720433...
Get Checksum: -861571959
GetData ===>> H2,-0.247463613430455,H1,112.978656073523,AX,28.3790272848947,L1,0.360188146573873,L2,0.403512531...
testing age>100.0
evaluate ot="age>100.0" t="age>100.0", ctx="{'age': 27.330218950372412}"
testing Ar39<0.5
evaluate ot="Ar39<0.5" t="Ar39<0.5", ctx="{'Ar39': 29.40645216599407}"
GetData ===>> H2,-0.217705083407028,H1,112.749165665558,AX,28.5032554247712,L1,0.359242433680359,L2,0.467542438...
GetData ===>> H2,-0.173701343983399,H1,112.662483795193,AX,28.3645410457613,L1,0.370208387321252,L2,0.396304263...
Get Checksum: -861571959
GetData ===>> H2,-0.166228660426226,H1,112.637918062226,AX,28.346914571394,L1,0.374267204043734,L2,0.3786914081...
GetData ===>> H2,-0.207245282546779,H1,112.722236750414,AX,28.4638426049173,L1,0.338668083173182,L2,0.378634302...
GetData ===>> H2,-0.140199793747469,H1,112.702378712342,AX,28.4859540888715,L1,0.333083288843021,L2,0.406402845...
Get Checksum: -861571959
testing age>100.0
evaluate ot="age>100.0" t="age>100.0", ctx="{'age': 27.372710166639244}"
testing Ar39<0.5
evaluate ot="Ar39<0.5" t="Ar39<0.5", ctx="{'Ar39': 29.39223910313552}"
GetData ===>> H2,-0.142552702784815,H1,112.536653093292,AX,28.2341099916958,L1,0.308207223811208,L2,0.425814761...
GetData ===>> H2,-0.138765644824488,H1,112.599470625042,AX,28.34817731062,L1,0.303991148818822,L2,0.35730219575...
GetData ===>> H2,-0.162016526218473,H1,112.526422003927,AX,28.2991802257125,L1,0.327217472641122,L2,0.444623713...
Get Checksum: -861571959
GetData ===>> H2,-0.130300968784947,H1,112.513415137367,AX,28.3160550115862,L1,0.372144099553544,L2,0.321489096...
GetData ===>> H2,-0.152409164631234,H1,112.589943850987,AX,28.245955020061,L1,0.390607229386953,L2,0.3152228947...
testing age>100.0
evaluate ot="age>100.0" t="age>100.0", ctx="{'age': 27.369590496701825}"
testing Ar39<0.5
evaluate ot="Ar39<0.5" t="Ar39<0.5", ctx="{'Ar39': 29.40276491526844}"
20:22:11 -- collecting point 75
GetData ===>> H2,-0.212978668549975,H1,112.726264603613,AX,28.2821087304991,L1,0.365718795043037,L2,0.349218248...
Get Checksum: -861571959
GetData ===>> H2,-0.050144321517488,H1,112.440071449694,AX,28.2936134353763,L1,0.354480983282345,L2,0.480128942...
GetData ===>> H2,-0.147956733821639,H1,112.503260098325,AX,28.2659828864001,L1,0.338768166261357,L2,0.431482548...
GetData ===>> H2,-0.33078241109554,H1,112.685077237247,AX,28.2070915718692,L1,0.370115521424202,L2,0.4037524361...
Get Checksum: -861571959
GetData ===>> H2,-0.253058452117868,H1,112.5681146257,AX,28.3082816630232,L1,0.366649536735352,L2,0.41804495339...
testing age>100.0
evaluate ot="age>100.0" t="age>100.0", ctx="{'age': 27.36476097806564}"
testing Ar39<0.5
evaluate ot="Ar39<0.5" t="Ar39<0.5", ctx="{'Ar39': 29.40216812377143}"
GetData ===>> H2,-0.164462994777939,H1,112.372614817604,AX,28.3543051219175,L1,0.348473084851174,L2,0.394362349...
GetData ===>> H2,-0.133871142085763,H1,112.235403229794,AX,28.341318814908,L1,0.335348808208889,L2,0.3088658010...
Get Checksum: -861571959
GetData ===>> H2,-0.109419922747523,H1,112.395678338522,AX,28.254680246256,L1,0.34546374546618,L2,0.33167112143...
GetData ===>> H2,-0.183839478457985,H1,112.350206594924,AX,28.1913615042525,L1,0.362189584419161,L2,0.421472732...
Get Checksum: -861571959
GetData ===>> H2,-0.157931150670119,H1,112.26410547141,AX,28.3297028677848,L1,0.336000375097791,L2,0.3886624907...
testing age>100.0
evaluate ot="age>100.0" t="age>100.0", ctx="{'age': 27.381362895934043}"
testing Ar39<0.5
evaluate ot="Ar39<0.5" t="Ar39<0.5", ctx="{'Ar39': 29.38711531680875}"
GetData ===>> H2,-0.193926680585451,H1,112.13045677793,AX,28.2568849016008,L1,0.352091319894462,L2,0.3679105570...
GetData ===>> H2,-0.173928253721209,H1,112.159362008864,AX,28.3355505617692,L1,0.353772695860772,L2,0.463556676...
Get Checksum: -861571959
GetData ===>> H2,-0.167354331121394,H1,112.096030612351,AX,28.3698587796114,L1,0.335781961351801,L2,0.393014456...
GetData ===>> H2,-0.27416228188892,H1,111.991140312944,AX,28.2712427900684,L1,0.327160172516001,L2,0.3660034776...
GetData ===>> H2,-0.198521081851902,H1,112.026606518064,AX,28.1469959888786,L1,0.329103679251737,L2,0.388502579...
Get Checksum: -861571959
testing age>100.0
evaluate ot="age>100.0" t="age>100.0", ctx="{'age': 27.394087538229126}"
testing Ar39<0.5
evaluate ot="Ar39<0.5" t="Ar39<0.5", ctx="{'Ar39': 29.37001201815066}"
GetData ===>> H2,-0.169270683397802,H1,111.978358824065,AX,28.1867209112905,L1,0.302056623076664,L2,0.398360449...
GetData ===>> H2,-0.149535575711761,H1,111.945786574132,AX,28.1404097410789,L1,0.29620903304359,L2,0.3657522484...
GetData ===>> H2,-0.123276368197059,H1,111.951868939596,AX,28.2148445907871,L1,0.311302798020375,L2,0.467942166...
Get Checksum: -861571959
GetData ===>> H2,0.0207301507145703,H1,111.842124733165,AX,28.1255390007329,L1,0.314491939110405,L2,0.380370315...
GetData ===>> H2,-0.0800847381986196,H1,111.814042539091,AX,28.0203586573841,L1,0.310039359189063,L2,0.37883988...
testing age>100.0
evaluate ot="age>100.0" t="age>100.0", ctx="{'age': 27.41450043055952}"
testing Ar39<0.5
evaluate ot="Ar39<0.5" t="Ar39<0.5", ctx="{'Ar39': 29.371365769784887}"
GetData ===>> H2,-0.0836692984705768,H1,111.867908607663,AX,28.0874683310953,L1,0.334036039077194,L2,0.42976846...
Get Checksum: -861571959
GetData ===>> H2,-0.128666879946868,H1,111.984684320938,AX,28.0415035264331,L1,0.382798974556612,L2,0.380050520...
GetData ===>> H2,-0.149312741378964,H1,111.878208285991,AX,28.1384711213402,L1,0.365423222837847,L2,0.355589438...
GetData ===>> H2,-0.204032453657677,H1,111.782023847507,AX,28.1622945829811,L1,0.356989691434661,L2,0.380187575...
Get Checksum: -861571959
GetData ===>> H2,-0.186740756493822,H1,111.774717366769,AX,28.103966678586,L1,0.34713305083118,L2,0.31002990519...
testing age>100.0
evaluate ot="age>100.0" t="age>100.0", ctx="{'age': 27.41851091935805}"
testing Ar39<0.5
evaluate ot="Ar39<0.5" t="Ar39<0.5", ctx="{'Ar39': 29.36862778737575}"
20:22:37 -- collecting point 100
GetData ===>> H2,-0.000680722080825119,H1,111.583484962287,AX,28.091688914656,L1,0.317068838237542,L2,0.3898960...
GetData ===>> H2,-0.0920691338236954,H1,111.512452412018,AX,28.1852729807162,L1,0.338464258445204,L2,0.43897916...
Get Checksum: -861571959
GetData ===>> H2,-0.181604002638136,H1,111.698735383843,AX,28.1284997130933,L1,0.365580778862002,L2,0.309847299...
GetData ===>> H2,-0.224371939446781,H1,111.588482979191,AX,27.9223252880372,L1,0.377586581174803,L2,0.439402013...
GetData ===>> H2,-0.222447320545253,H1,111.583373484183,AX,28.0200668491372,L1,0.338028550927017,L2,0.443150798...
Get Checksum: -861571959
testing age>100.0
evaluate ot="age>100.0" t="age>100.0", ctx="{'age': 27.442416128493157}"
testing Ar39<0.5
evaluate ot="Ar39<0.5" t="Ar39<0.5", ctx="{'Ar39': 29.364794085470834}"
GetData ===>> H2,-0.239328668465263,H1,111.701559883139,AX,28.0108752807883,L1,0.302251398268205,L2,0.377161001...
GetData ===>> H2,-0.151412612321192,H1,111.463599174878,AX,28.0026525870573,L1,0.307799179849219,L2,0.453644381...
Get Checksum: -861571959
GetData ===>> H2,-0.234758413310564,H1,111.563884620906,AX,28.0449926830836,L1,0.320884182191644,L2,0.367979075...
GetData ===>> H2,-0.177845735753813,H1,111.652825862435,AX,27.9680800522988,L1,0.3456784946515,L2,0.46904999097...
GetData ===>> H2,-0.205261630215985,H1,111.498747450022,AX,28.0681990193313,L1,0.329074414180177,L2,0.346478081...
testing age>100.0
evaluate ot="age>100.0" t="age>100.0", ctx="{'age': 27.448647474380472}"
testing Ar39<0.5
evaluate ot="Ar39<0.5" t="Ar39<0.5", ctx="{'Ar39': 29.36128764636914}"
GetData ===>> H2,-0.192849756750043,H1,111.598535238181,AX,28.0925649048698,L1,0.343791052242936,L2,0.435802175...
set states for children of B. state=False
set states for children of D. state=False
handle state [('B', False), ('D', False)]
update switch state B False args=() kw={'refresh': True} ncanvase=3
update switch state D False args=() kw={'refresh': False} ncanvase=3
refresh_canvas_needed fired
GetData ===>> H2,-0.182033053951265,H1,111.387871170381,AX,27.9656518842573,L1,0.31800394750047,L2,0.4449434189...
Get Checksum: -1131948088
GetData ===>> H2,-0.166730771963954,H1,111.453837747486,AX,27.9835923865348,L1,0.347203831485481,L2,0.400759389...
GetData ===>> H2,-0.145727883052375,H1,111.399049351156,AX,27.8650025065972,L1,0.34311644001476,L2,0.2612523723...
GetData ===>> H2,-0.137792320785619,H1,111.388966670921,AX,28.0721800088625,L1,0.338653436949651,L2,0.478050113...
Get Checksum: -1131948088
testing age>100.0
evaluate ot="age>100.0" t="age>100.0", ctx="{'age': 27.45440381064984}"
testing Ar39<0.5
evaluate ot="Ar39<0.5" t="Ar39<0.5", ctx="{'Ar39': 29.35506364359433}"
GetData ===>> H2,-0.114544989014816,H1,111.212249426099,AX,27.9065960432776,L1,0.359028621799684,L2,0.453758572...
GetData ===>> H2,-0.186480467628848,H1,111.390674924423,AX,27.9362394323588,L1,0.355963660617461,L2,0.382106358...
GetData ===>> H2,-0.137750411903087,H1,111.199741719848,AX,27.6970588637849,L1,0.352684715202778,L2,0.327607313...
Get Checksum: -1131948088
GetData ===>> H2,-0.171749314601525,H1,111.182188087927,AX,27.9537639133661,L1,0.330919496725695,L2,0.315451164...
GetData ===>> H2,-0.122071366532902,H1,111.225110771175,AX,27.9705480806469,L1,0.311891318963275,L2,0.342390812...
testing age>100.0
evaluate ot="age>100.0" t="age>100.0", ctx="{'age': 27.454458747421878}"
testing Ar39<0.5
evaluate ot="Ar39<0.5" t="Ar39<0.5", ctx="{'Ar39': 29.35614742677929}"
GetData ===>> H2,-0.160028719164723,H1,111.223681680372,AX,27.8845311027501,L1,0.325618066258276,L2,0.416708152...
Get Checksum: -1131948088
measurement finished
estimated time: 125.829 actual time: :126.327
flush and close file /Users/jan/PychronDev/data/isotopes/8e/6d0946-d222-45fe-8ce1-be3bf6fdb44c.h5
baselines () {'settling_time': 15.0, 'detector': 'H1', 'mass': 34.2, 'ncounts': 60.0}
%%%%%%%%%%%%%%%%%%%%%%%%%%%%%%%% Baseline
build tables- baseline [Detector(H2), Detector(H1), Detector(AX), Detector(L1), Detector(L2), Detector(CDD)]
add group baseline table H2
add group baseline table H1
add group baseline table AX
add group baseline table L1
add group baseline table L2
add group baseline table CDD
flush and close file /Users/jan/PychronDev/data/isotopes/8e/6d0946-d222-45fe-8ce1-be3bf6fdb44c.h5
detector Detector(H1)
POSITION 34.2 H1
Mapping mass to dac mass func: "parabolic"
H1 map mass coeffs = [-0.00063987  0.15840543  0.57039999]
H1 map mass to dac 34.2 >> 5.23944599104
GetDeflection H1 ===>> 0
GetHighVoltage ===>> 4499.94659342336
positioning 34.2 (5.23941513644) on H1
setting magnet DAC
current  : 5.878755
requested: 5.239415
Delta Dac: 0.639340
Checking detector protection. dv=0.63934
Checking detector "CDD". Protection Threshold: 0.1 (V)
ProtectDetector CDD,On ===>> OK
GetDeflection CDD ===>> 2000
SetMagnetDAC 5.23941513644 ===>> OK
Magnet settling time: 0.500
GetMagnetMoving ===>> True
GetMagnetMoving ===>> True
GetMagnetMoving ===>> True
GetMagnetMoving ===>> True
GetMagnetMoving ===>> True
GetMagnetMoving ===>> True
GetMagnetMoving ===>> True
GetMagnetMoving ===>> True
Get Checksum: -1131948088
GetMagnetMoving ===>> True
GetMagnetMoving ===>> False
ProtectDetector CDD,Off ===>> OK
GetDeflection CDD ===>> 50
Delaying 15.0s for detectors to settle
Get Checksum: -1131948088
Get Checksum: -1131948088
Get Checksum: -1131948088
Get Checksum: -1131948088
Get Checksum: -1131948088
Join finished
measuring baseline. ncounts=60.0
starting measurement
GetData ===>> H2,-0.230014610845471,H1,-0.0330750822560731,AX,0.0676286435515572,L1,-0.0105690578674529,L2,-0.0...
GetData ===>> H2,-0.202916375029805,H1,0.0446560601363057,AX,-0.024903284594718,L1,0.0277337970215988,L2,-0.063...
Get Checksum: -1131948088
GetData ===>> H2,-0.256954372098667,H1,0.0490955713839949,AX,-0.0387732801285535,L1,0.0294299104751445,L2,-0.02...
GetData ===>> H2,-0.128993986871303,H1,-0.0311432715740743,AX,-0.0541485735206998,L1,-0.00508019280519413,L2,-0...
GetData ===>> H2,-0.100434519212282,H1,-0.043270132058759,AX,-0.052212301490897,L1,-0.014058453029504,L2,0.0852...
Get Checksum: -1131948088
GetData ===>> H2,0.0254521239844642,H1,-0.0309047738422883,AX,0.00388674382704275,L1,0.00154832856442233,L2,-0....
GetData ===>> H2,-0.0923549884221632,H1,0.0312313165936608,AX,-0.111396115427532,L1,-0.0256859681101651,L2,-0.1...
GetData ===>> H2,-0.115278499191653,H1,-0.0929784768817886,AX,-0.102589210572268,L1,-0.00248162207580663,L2,-0....
Get Checksum: -1131948088
GetData ===>> H2,-0.127732816127409,H1,-0.0553120693501217,AX,-0.0144762925390311,L1,-0.0104263876650405,L2,-0....
GetData ===>> H2,-0.0933141067754787,H1,-0.0473478611991538,AX,-0.0408721624372308,L1,-0.0101434390963207,L2,-0...
GetData ===>> H2,-0.126712151991192,H1,-0.056230058592077,AX,-0.124801938700934,L1,-0.0252413980551475,L2,0.023...
Get Checksum: -1131948088
GetData ===>> H2,-0.207772131719722,H1,-0.00606212268132718,AX,-0.117212870648753,L1,-0.0218771273209655,L2,0.0...
GetData ===>> H2,-0.20725336737424,H1,-0.00328289249933429,AX,-0.165549398519139,L1,-0.0272555865905706,L2,-0.0...
GetData ===>> H2,-0.156811298052213,H1,0.0129526935524594,AX,-0.0721297147643881,L1,-0.0271956819847365,L2,-0.0...
Get Checksum: -1131948088
GetData ===>> H2,-0.233442460119039,H1,0.0348349376652958,AX,-0.0289856290210672,L1,-0.0618390214241646,L2,-0.0...
GetData ===>> H2,-0.162030029150124,H1,-0.0230221040065757,AX,0.00895661929102218,L1,-0.0677435166240421,L2,-0....
GetData ===>> H2,-0.0527959946551867,H1,-0.0267786731160456,AX,0.0172754996104795,L1,-0.0678427523065207,L2,0.0...
Get Checksum: -1131948088
GetData ===>> H2,-0.132914980257034,H1,-0.00460691306864978,AX,-0.0472728941571642,L1,-0.0154954658531781,L2,0....
GetData ===>> H2,-0.19770385443893,H1,-0.0755416463762647,AX,-0.0271068440480585,L1,-0.0298754649449662,L2,0.02...
set states for children of C. state=False
handle state [('C', False)]
update switch state C False args=() kw={'refresh': False} ncanvase=3
refresh_canvas_needed fired
GetData ===>> H2,-0.21238337227345,H1,-0.000420085451868624,AX,-0.104501303723729,L1,-0.034058427859348,L2,-0.1...
Get Checksum: -286040778
State checksums do not match. Local:1334048640 Remote:-286040778
State checksum failed
GetData ===>> H2,-0.146705929694599,H1,0.0160665051034627,AX,-0.0153926135836905,L1,-0.0017988761388722,L2,-0.0...
set states for children of B. state=True
handle state [('B', True)]
update switch state B True args=() kw={'refresh': False} ncanvase=3
refresh_canvas_needed fired
GetData ===>> H2,-0.191888660580698,H1,-0.0544775263681128,AX,-0.0785979393849106,L1,-0.024442081171509,L2,-0.0...
GetData ===>> H2,-0.294092512249516,H1,-0.0218533648606244,AX,-0.105022777151982,L1,-0.0221504339098705,L2,0.01...
Get Checksum: -286040778
GetData ===>> H2,-0.112784100539092,H1,0.0124635595440516,AX,-0.0387500878060017,L1,0.00100698770822464,L2,-0.0...
20:23:43 -- collecting point 25
GetData ===>> H2,-0.105857826397167,H1,-0.000515513672527512,AX,-0.0660204411269492,L1,-0.0395893440486739,L2,-...
GetData ===>> H2,-0.273333405253381,H1,-0.013051605156744,AX,-0.0128060142641448,L1,-0.0477430197967838,L2,-0.0...
Get Checksum: -286040778
GetData ===>> H2,-0.216228002709979,H1,-0.0892124741203258,AX,-0.0142559102413918,L1,-0.0338848210166307,L2,-0....
GetData ===>> H2,-0.181033258239721,H1,-0.0271841356370704,AX,-0.149365511193775,L1,-0.0411259976609462,L2,-0.0...
GetData ===>> H2,-0.188395406355921,H1,0.0194548238766192,AX,-0.0566297280696922,L1,-0.0601353171376021,L2,-0.0...
Get Checksum: -286040778
GetData ===>> H2,-0.168496084257568,H1,-0.0661128120175157,AX,-0.0517021395734863,L1,-0.0205200741166033,L2,-0....
GetData ===>> H2,-0.14517533046449,H1,-0.0691644662697886,AX,-0.104651951890089,L1,-0.0520339124777431,L2,0.010...
GetData ===>> H2,-0.177930765994832,H1,-0.0465967130521825,AX,0.0418069924155855,L1,-0.0390335517619856,L2,-0.0...
Get Checksum: -286040778
GetData ===>> H2,-0.343571097457128,H1,-0.0160333177614767,AX,-0.0307368095175869,L1,-0.0113878737831623,L2,0.0...
GetData ===>> H2,-0.211051249650441,H1,-0.00484547347132642,AX,-0.09545039741947,L1,-0.0127184574125488,L2,-0.1...
GetData ===>> H2,-0.093060788182647,H1,-0.0427335763814483,AX,-0.0296118826191896,L1,-0.0314468248593203,L2,-0....
Get Checksum: -286040778
GetData ===>> H2,-0.123047819911044,H1,0.0150166267845588,AX,-0.0103817399441694,L1,-0.0365045483675456,L2,0.04...
GetData ===>> H2,-0.257131793988848,H1,-0.00774393694518134,AX,-0.0482816667314778,L1,-0.0708994480292457,L2,0....
Get Checksum: -286040778
GetData ===>> H2,-0.164156540073175,H1,-0.0664108292284692,AX,-0.143452387861838,L1,-0.0652646974538508,L2,-0.0...
GetData ===>> H2,-0.213652042847681,H1,0.0265181669214744,AX,-0.0916721771899434,L1,-0.0400456936152963,L2,-0.0...
GetData ===>> H2,-0.235834743656346,H1,-0.00641995786996292,AX,-0.143000193046395,L1,-0.0452676838022494,L2,-0....
set states for children of B. state=False
handle state [('B', False)]
update switch state B False args=() kw={'refresh': False} ncanvase=3
refresh_canvas_needed fired
Get Checksum: 1334048640
GetData ===>> H2,-0.158064877182122,H1,-0.103417667492,AX,-0.0569195784462845,L1,-0.0452389529184839,L2,0.06545...
GetData ===>> H2,-0.230854509928336,H1,-0.133128267968474,AX,-0.116112116959188,L1,-0.0854392083878058,L2,-0.06...
GetData ===>> H2,-0.194922642820409,H1,0.0179038186560067,AX,-0.148391609725598,L1,-0.0458913631550341,L2,-0.03...
Get Checksum: 1334048640
GetData ===>> H2,-0.0886667767311359,H1,-0.00453534483699762,AX,-0.11471008633011,L1,-0.0155458443067843,L2,-0....
GetData ===>> H2,-0.0901492510432133,H1,-0.0737656127498763,AX,-0.0140587256573987,L1,-0.00115208465229274,L2,-...
GetData ===>> H2,-0.0641054869148803,H1,-0.0490409046012939,AX,-0.112995178418643,L1,-0.00891323971772472,L2,0....
Get Checksum: 1334048640
GetData ===>> H2,-0.212808971900272,H1,0.00487632343764157,AX,-0.0479801955634911,L1,-0.0182071473011508,L2,-0....
GetData ===>> H2,-0.212456102458508,H1,-0.00124315086387201,AX,-0.0975132900980151,L1,-0.0180464576705659,L2,-0...
GetData ===>> H2,-0.155360323245799,H1,-0.0701180891384155,AX,-0.139544891464507,L1,0.0169420369388386,L2,0.028...
Get Checksum: 1334048640
20:24:09 -- collecting point 50
GetData ===>> H2,-0.160359594390932,H1,-0.0164746036812822,AX,0.0327781271984031,L1,0.00440435323190456,L2,-0.1...
GetData ===>> H2,-0.138499340851681,H1,-0.0302966020537586,AX,-0.0286493059810756,L1,-0.0139721617281105,L2,0.0...
GetData ===>> H2,-0.152633501286098,H1,0.0743172186308485,AX,-0.0854366339698211,L1,-0.0183978130111786,L2,-0.0...
Get Checksum: 1334048640
GetData ===>> H2,-0.167949514666735,H1,-0.0674836838392199,AX,-0.0577659366047919,L1,-0.0119572892113023,L2,-0....
GetData ===>> H2,-0.181670115378104,H1,-0.0226046987353844,AX,0.00100967793999744,L1,-0.00837483031212934,L2,0....
testing age>100.0
evaluate ot="age>100.0" t="age>100.0", ctx="{'age': 27.469406285062497}"
GetData ===>> H2,-0.205337101616748,H1,-0.0352811167523058,AX,-0.0733700707272369,L1,0.00478737903220861,L2,0.0...
Get Checksum: 1334048640
GetData ===>> H2,-0.227649367226235,H1,-0.0134571232895507,AX,0.0133422165501203,L1,-0.0121454889112201,L2,-0.0...
GetData ===>> H2,-0.160325832055319,H1,-0.0899037130964285,AX,0.0499661859209134,L1,-0.0116324266718083,L2,-0.0...
GetData ===>> H2,-0.0238749483324677,H1,-0.0481824636389348,AX,-0.110121481174124,L1,-0.0331436656734157,L2,-0....
Get Checksum: 1334048640
GetData ===>> H2,-0.0535517576901368,H1,-0.0443909279708386,AX,-0.073984446797404,L1,-0.0624240048798997,L2,0.0...
testing age>100.0
evaluate ot="age>100.0" t="age>100.0", ctx="{'age': 27.471692779287576}"
GetData ===>> H2,-0.215398588850261,H1,-0.0951236049607783,AX,-0.0827939411809909,L1,-0.0266205796124013,L2,-0....
measurement finished
estimated time: 62.915 actual time: :63.155
flush and close file /Users/jan/PychronDev/data/isotopes/8e/6d0946-d222-45fe-8ce1-be3bf6fdb44c.h5
activate_detectors ('H1', 'AX', 'CDD') {'peak_center': True}
peak_center () {'detector': 'H1', 'isotope': 'Ar40'}
peak center: mean=111.306337155 threshold=3
peak center started
setup peak center. detector=['H1', 'AX', 'CDD'], isotope=Ar40
VersionedUnpickler [<apptools.sweet_pickle.versioned_unpickler.VersionedUnpickler object at 0x1584c7350>] using Updater [<apptools.sweet_pickle.updater.Updater object at 0x137c6f7d0>]
VersionedUnpickler [<apptools.sweet_pickle.versioned_unpickler.VersionedUnpickler object at 0x1584c7350>] using Updater [<apptools.sweet_pickle.updater.Updater object at 0x137c6f7d0>]
VersionedUnpickler [<apptools.sweet_pickle.versioned_unpickler.VersionedUnpickler object at 0x1584c7350>] using Updater [<apptools.sweet_pickle.updater.Updater object at 0x137c6f7d0>]
setting integration time = 0.524288
SetIntegrationTime 0.524288 ===>> OK
Mapping mass to dac mass func: "parabolic"
H1 map mass coeffs = [-0.00063987  0.15840543  0.57039999]
H1 map mass to dac 39.9624 >> 5.87879
GetDeflection H1 ===>> 0
GetHighVoltage ===>> 4499.94659342336
do peak center. <pychron.spectrometer.jobs.peak_center.PeakCenter object at 0x13a1fcef0>
doing pc
starting peak center. center dac= 5.87875538036 step_width=0.001
width = 0.001
get scan parameters. half-width=0.015,window=0.015, i=0, scalar=1
Scan parameters center=5.87876 width=0.03000 (5.86376 - 5.89376)
GetData ===>> H2,-0.233267526371849,H1,-0.0447247796460324,AX,-0.0625309115902163,L1,0.0120167281329618,L2,-0.0...
Moving to starting dac 5.86375538036
setting magnet DAC
current  : 5.239415
requested: 5.863755
Delta Dac: 0.624340
Checking detector protection. dv=0.62434
Checking detector "CDD". Protection Threshold: 0.1 (V)
ProtectDetector CDD,On ===>> OK
GetDeflection CDD ===>> 2000
SetMagnetDAC 5.86375538036 ===>> OK
Magnet settling time: 0.500
Get Checksum: 1334048640
GetMagnetMoving ===>> True
GetMagnetMoving ===>> True
GetMagnetMoving ===>> True
GetMagnetMoving ===>> True
GetMagnetMoving ===>> True
GetMagnetMoving ===>> True
GetMagnetMoving ===>> True
GetMagnetMoving ===>> True
GetMagnetMoving ===>> False
ProtectDetector CDD,Off ===>> OK
GetDeflection CDD ===>> 50
Wait until signal near baseline. tol= -0.0335435847345. timeout= 10
GetData ===>> H2,0.331705780022461,H1,0.0875325532686101,AX,-0.0364308276385632,L1,-0.015322775443382,L2,-0.010...
GetData ===>> H2,5.21150139203938,H1,2.60914008757822,AX,0.00613741109838001,L1,0.00393369570504141,L2,-0.01081...
Get Checksum: 1334048640
GetData ===>> H2,6.95623909359895,H1,4.3992930465768,AX,0.537063099657621,L1,-0.0280314716915582,L2,-0.05555137...
GetData ===>> H2,3.83448564090702,H1,2.03866971897255,AX,0.150400654589301,L1,-0.0448187543563244,L2,-0.0545043...
GetData ===>> H2,1.61663236990312,H1,0.974566086368856,AX,0.057439779136877,L1,-0.0283091304717227,L2,-0.002095...
GetData ===>> H2,0.456445155653602,H1,0.523886701935372,AX,0.0701616001242868,L1,-0.0416146114605593,L2,-0.0498...
GetData ===>> H2,0.056699375214366,H1,0.329391876033935,AX,0.0313159476033968,L1,-0.0497116016304422,L2,0.04669...
GetData ===>> H2,0.000322448722424867,H1,0.11053368976357,AX,0.10664467077544,L1,-0.0278615215869489,L2,0.07251...
Get Checksum: 1334048640
GetData ===>> H2,-0.108599875159765,H1,0.0697442722257026,AX,-0.0666696421183039,L1,-0.0204982495731163,L2,0.05...
GetData ===>> H2,-0.21741950540276,H1,-0.0109643534823565,AX,-0.138379679347207,L1,0.0261796772357873,L2,-0.009...
GetData ===>> H2,-0.17583645457186,H1,-0.0105111159384162,AX,-0.0650698175750332,L1,-0.0219234334257251,L2,-0.0...
GetData ===>> H2,-0.13868937026388,H1,0.0172357007352854,AX,-0.0915215089239915,L1,-0.0458650281494728,L2,-0.17...
GetData ===>> H2,-0.135385547859709,H1,0.0523417902201786,AX,-0.0405358804717083,L1,-0.0288907528937654,L2,-0.0...
GetData ===>> H2,-0.124697591827285,H1,0.0512437926584621,AX,-0.114489930924673,L1,-0.0283689697219192,L2,0.011...
GetData ===>> H2,-0.0783015202400824,H1,0.0480214780306688,AX,-0.0608730513843232,L1,-0.0324443813298023,L2,-0....
GetData ===>> H2,-0.124876077365027,H1,0.036493601550114,AX,-0.0459162524835539,L1,-0.0220910888404301,L2,0.007...
GetData ===>> H2,-0.272199781125826,H1,0.087913876196999,AX,-0.0199160973949853,L1,-0.023927930139605,L2,-0.091...
GetData ===>> H2,-0.333724319861259,H1,0.000176342988678213,AX,-0.00885058821033728,L1,-0.020297030881474,L2,0....
Get Checksum: 1334048640
GetData ===>> H2,-0.279317096284477,H1,0.0566622888334979,AX,-0.155754569075752,L1,-0.0118997497470678,L2,-0.07...
GetData ===>> H2,-0.241123031882038,H1,-0.0245605255462909,AX,0.0670331293779911,L1,-0.0246750238541938,L2,0.05...
GetData ===>> H2,-0.244544051074467,H1,0.00523419901046225,AX,0.06668552772172,L1,-0.0547623304851335,L2,0.0075...
Peak center failed to move to a baseline position
_do_sweep sm= 5.86375538036, em= 5.89375538036, stm= 0.001
calculated step values: start=5.86375538036, end=5.89375538036, width=0.001, nsteps=31.0
setting magnet DAC
current  : 5.863755
requested: 5.863755
Delta Dac: 0.000000
Checking detector protection. dv=0.00000
Checking detector "CDD". Protection Threshold: 0.1 (V)
SetMagnetDAC 5.86375538036 ===>> OK
GetData ===>> H2,-0.244544051074467,H1,0.00523419901046225,AX,0.06668552772172,L1,-0.0547623304851335,L2,0.0075...
setting magnet DAC
current  : 5.863755
requested: 5.864790
Delta Dac: 0.001034
Checking detector protection. dv=0.00103
Checking detector "CDD". Protection Threshold: 0.1 (V)
SetMagnetDAC 5.86478986312 ===>> OK
Magnet settling time: 1.049
GetData ===>> H2,-0.268612583718873,H1,0.0890578536943078,AX,-0.080023672998697,L1,-0.0309369347726574,L2,0.043...
setting magnet DAC
current  : 5.864790
requested: 5.865824
Delta Dac: 0.001034
Checking detector protection. dv=0.00103
Checking detector "CDD". Protection Threshold: 0.1 (V)
SetMagnetDAC 5.86582434587 ===>> OK
Magnet settling time: 1.049
Get Checksum: 1334048640
GetData ===>> H2,-0.101545414261557,H1,0.499281807426511,AX,-0.00671621530219915,L1,0.0452337412463449,L2,0.031...
setting magnet DAC
current  : 5.865824
requested: 5.866859
Delta Dac: 0.001034
Checking detector protection. dv=0.00103
Checking detector "CDD". Protection Threshold: 0.1 (V)
SetMagnetDAC 5.86685882863 ===>> OK
Magnet settling time: 1.049
GetData ===>> H2,-0.154740157245679,H1,2.18760680823717,AX,0.258982724469499,L1,0.02049608928565,L2,0.020885645...
setting magnet DAC
current  : 5.866859
requested: 5.867893
Delta Dac: 0.001034
Checking detector protection. dv=0.00103
Checking detector "CDD". Protection Threshold: 0.1 (V)
SetMagnetDAC 5.86789331139 ===>> OK
Magnet settling time: 1.049
GetData ===>> H2,-0.275399371557962,H1,7.9221478796484,AX,1.21201486780635,L1,-0.00751619359371131,L2,-0.018535...
setting magnet DAC
current  : 5.867893
requested: 5.868928
Delta Dac: 0.001034
Checking detector protection. dv=0.00103
Checking detector "CDD". Protection Threshold: 0.1 (V)
SetMagnetDAC 5.86892779415 ===>> OK
Magnet settling time: 1.049
Get Checksum: 1334048640
GetData ===>> H2,-0.143542056053629,H1,22.0689518653567,AX,3.86248069385337,L1,-0.00411210564448028,L2,-0.09475...
setting magnet DAC
current  : 5.868928
requested: 5.869962
Delta Dac: 0.001034
Checking detector protection. dv=0.00103
Checking detector "CDD". Protection Threshold: 0.1 (V)
SetMagnetDAC 5.86996227691 ===>> OK
Magnet settling time: 1.049
GetData ===>> H2,-0.111075737194548,H1,45.7866573690702,AX,8.75281200395157,L1,-0.012343274611946,L2,0.07648144...
setting magnet DAC
current  : 5.869962
requested: 5.870997
Delta Dac: 0.001034
Checking detector protection. dv=0.00103
Checking detector "CDD". Protection Threshold: 0.1 (V)
SetMagnetDAC 5.87099675967 ===>> OK
Magnet settling time: 1.049
Get Checksum: 1334048640
GetData ===>> H2,-0.159422314593244,H1,72.957945867486,AX,15.2740654304355,L1,0.076075332985701,L2,-0.064290951...
setting magnet DAC
current  : 5.870997
requested: 5.872031
Delta Dac: 0.001034
Checking detector protection. dv=0.00103
Checking detector "CDD". Protection Threshold: 0.1 (V)
SetMagnetDAC 5.87203124243 ===>> OK
Magnet settling time: 1.049
GetData ===>> H2,-0.163910830314329,H1,92.9087754204089,AX,21.1201310343568,L1,0.1657321283009,L2,0.16616354193...
setting magnet DAC
current  : 5.872031
requested: 5.873066
Delta Dac: 0.001034
Checking detector protection. dv=0.00103
Checking detector "CDD". Protection Threshold: 0.1 (V)
SetMagnetDAC 5.87306572518 ===>> OK
Magnet settling time: 1.049
GetData ===>> H2,-0.309688137136564,H1,102.78129304889,AX,24.7691601057241,L1,0.222103306038614,L2,0.3755581004...
setting magnet DAC
current  : 5.873066
requested: 5.874100
Delta Dac: 0.001034
Checking detector protection. dv=0.00103
Checking detector "CDD". Protection Threshold: 0.1 (V)
SetMagnetDAC 5.87410020794 ===>> OK
Magnet settling time: 1.049
Get Checksum: 1334048640
GetData ===>> H2,-0.202212703642689,H1,106.257622418671,AX,25.9765474157273,L1,0.249943641676016,L2,0.274611690...
setting magnet DAC
current  : 5.874100
requested: 5.875135
Delta Dac: 0.001034
Checking detector protection. dv=0.00103
Checking detector "CDD". Protection Threshold: 0.1 (V)
SetMagnetDAC 5.8751346907 ===>> OK
Magnet settling time: 1.049
GetData ===>> H2,-0.172046120298866,H1,107.165669333077,AX,26.5429917881408,L1,0.249448554949553,L2,0.251111764...
setting magnet DAC
current  : 5.875135
requested: 5.876169
Delta Dac: 0.001034
Checking detector protection. dv=0.00103
Checking detector "CDD". Protection Threshold: 0.1 (V)
SetMagnetDAC 5.87616917346 ===>> OK
Magnet settling time: 1.049
GetData ===>> H2,-0.174806040839212,H1,107.592536102513,AX,26.5841354665517,L1,0.302457133594958,L2,0.453610124...
setting magnet DAC
current  : 5.876169
requested: 5.877204
Delta Dac: 0.001034
Checking detector protection. dv=0.00103
Checking detector "CDD". Protection Threshold: 0.1 (V)
SetMagnetDAC 5.87720365622 ===>> OK
Magnet settling time: 1.049
Get Checksum: 1334048640
GetData ===>> H2,-0.2224776177621,H1,107.430325650477,AX,26.6328634654131,L1,0.339639171240904,L2,0.48284747828...
setting magnet DAC
current  : 5.877204
requested: 5.878238
Delta Dac: 0.001034
Checking detector protection. dv=0.00103
Checking detector "CDD". Protection Threshold: 0.1 (V)
SetMagnetDAC 5.87823813898 ===>> OK
Magnet settling time: 1.049
GetData ===>> H2,-0.169023735067603,H1,107.302811393036,AX,26.7818705212951,L1,0.34100261750755,L2,0.3130071442...
setting magnet DAC
current  : 5.878238
requested: 5.879273
Delta Dac: 0.001034
Checking detector protection. dv=0.00103
Checking detector "CDD". Protection Threshold: 0.1 (V)
SetMagnetDAC 5.87927262174 ===>> OK
Magnet settling time: 1.049
GetData ===>> H2,-0.19677327610386,H1,107.386795540897,AX,26.5277348262655,L1,0.34870620520713,L2,0.38922802277...
setting magnet DAC
current  : 5.879273
requested: 5.880307
Delta Dac: 0.001034
Checking detector protection. dv=0.00103
Checking detector "CDD". Protection Threshold: 0.1 (V)
SetMagnetDAC 5.88030710449 ===>> OK
Magnet settling time: 1.049
Get Checksum: 1334048640
GetData ===>> H2,-0.280392890625155,H1,107.345621827736,AX,26.7719840093672,L1,0.331564657530847,L2,0.425112285...
setting magnet DAC
current  : 5.880307
requested: 5.881342
Delta Dac: 0.001034
Checking detector protection. dv=0.00103
Checking detector "CDD". Protection Threshold: 0.1 (V)
SetMagnetDAC 5.88134158725 ===>> OK
Magnet settling time: 1.049
GetData ===>> H2,-0.348263064087826,H1,107.262950249581,AX,26.6845153624221,L1,0.33208618792773,L2,0.3004197655...
setting magnet DAC
current  : 5.881342
requested: 5.882376
Delta Dac: 0.001034
Checking detector protection. dv=0.00103
Checking detector "CDD". Protection Threshold: 0.1 (V)
SetMagnetDAC 5.88237607001 ===>> OK
Magnet settling time: 1.049
GetData ===>> H2,-0.185518302211462,H1,107.335476618063,AX,26.5673440455512,L1,0.325296187191007,L2,0.293761893...
setting magnet DAC
current  : 5.882376
requested: 5.883411
Delta Dac: 0.001034
Checking detector protection. dv=0.00103
Checking detector "CDD". Protection Threshold: 0.1 (V)
SetMagnetDAC 5.88341055277 ===>> OK
Magnet settling time: 1.049
Get Checksum: 1334048640
GetData ===>> H2,-0.151695400296606,H1,106.608090586518,AX,26.3920431511777,L1,0.315386588317347,L2,0.449841895...
setting magnet DAC
current  : 5.883411
requested: 5.884445
Delta Dac: 0.001034
Checking detector protection. dv=0.00103
Checking detector "CDD". Protection Threshold: 0.1 (V)
SetMagnetDAC 5.88444503553 ===>> OK
Magnet settling time: 1.049
GetData ===>> H2,-0.133680582864635,H1,104.616771780825,AX,25.2167363827888,L1,0.316924982861241,L2,0.492785640...
setting magnet DAC
current  : 5.884445
requested: 5.885480
Delta Dac: 0.001034
Checking detector protection. dv=0.00103
Checking detector "CDD". Protection Threshold: 0.1 (V)
SetMagnetDAC 5.88547951829 ===>> OK
Magnet settling time: 1.049
Get Checksum: 1334048640
GetData ===>> H2,-0.164523744726219,H1,97.9375576476918,AX,22.6380355347803,L1,0.287222015794164,L2,0.233645806...
setting magnet DAC
current  : 5.885480
requested: 5.886514
Delta Dac: 0.001034
Checking detector protection. dv=0.00103
Checking detector "CDD". Protection Threshold: 0.1 (V)
SetMagnetDAC 5.88651400105 ===>> OK
Magnet settling time: 1.049
GetData ===>> H2,-0.185259580214202,H1,84.8164417907263,AX,18.1710170303535,L1,0.258781585609352,L2,0.110652430...
setting magnet DAC
current  : 5.886514
requested: 5.887548
Delta Dac: 0.001034
Checking detector protection. dv=0.00103
Checking detector "CDD". Protection Threshold: 0.1 (V)
SetMagnetDAC 5.88754848381 ===>> OK
Magnet settling time: 1.049
GetData ===>> H2,-0.255782242253572,H1,45.4349086682256,AX,7.56734774782889,L1,0.115367685061256,L2,0.128734478...
setting magnet DAC
current  : 5.887548
requested: 5.888583
Delta Dac: 0.001034
Checking detector protection. dv=0.00103
Checking detector "CDD". Protection Threshold: 0.1 (V)
SetMagnetDAC 5.88858296656 ===>> OK
Magnet settling time: 1.049
Get Checksum: 1334048640
GetData ===>> H2,-0.220860021743038,H1,21.2796681140516,AX,3.00335985922037,L1,0.0914857690511421,L2,-0.0781724...
setting magnet DAC
current  : 5.888583
requested: 5.889617
Delta Dac: 0.001034
Checking detector protection. dv=0.00103
Checking detector "CDD". Protection Threshold: 0.1 (V)
SetMagnetDAC 5.88961744932 ===>> OK
Magnet settling time: 1.049
GetData ===>> H2,-0.192517721677145,H1,7.9517029435024,AX,0.871638313383896,L1,0.0237348855084656,L2,-0.1311080...
setting magnet DAC
current  : 5.889617
requested: 5.890652
Delta Dac: 0.001034
Checking detector protection. dv=0.00103
Checking detector "CDD". Protection Threshold: 0.1 (V)
SetMagnetDAC 5.89065193208 ===>> OK
Magnet settling time: 1.049
GetData ===>> H2,-0.207533637820017,H1,2.41017701969286,AX,-0.00209931379282031,L1,0.0265976086247077,L2,-0.162...
setting magnet DAC
current  : 5.890652
requested: 5.891686
Delta Dac: 0.001034
Checking detector protection. dv=0.00103
Checking detector "CDD". Protection Threshold: 0.1 (V)
SetMagnetDAC 5.89168641484 ===>> OK
Magnet settling time: 1.049
Get Checksum: 1334048640
GetData ===>> H2,-0.124197276496546,H1,0.530074707201212,AX,-0.114281362186341,L1,0.0162696929983951,L2,-0.0194...
setting magnet DAC
current  : 5.891686
requested: 5.892721
Delta Dac: 0.001034
Checking detector protection. dv=0.00103
Checking detector "CDD". Protection Threshold: 0.1 (V)
SetMagnetDAC 5.8927208976 ===>> OK
Magnet settling time: 1.049
GetData ===>> H2,-0.131269957474295,H1,0.10969935932319,AX,-0.114095967376805,L1,-0.0201293455639471,L2,0.00227...
setting magnet DAC
current  : 5.892721
requested: 5.893755
Delta Dac: 0.001034
Checking detector protection. dv=0.00103
Checking detector "CDD". Protection Threshold: 0.1 (V)
SetMagnetDAC 5.89375538036 ===>> OK
Magnet settling time: 1.049
Get Checksum: 1334048640
GetData ===>> H2,-0.20726953701184,H1,0.0375198390090372,AX,-0.105567424192817,L1,-0.0364110912382919,L2,-0.040...
result of _do_sweep=True
result of _calculate_peak_center=([5.8713305306575556, 5.8789927516512668, 5.8866549726449779], [79.394987065927239, 107.59123581832834, 79.449820042561043], 5.8761774659073653, 107.59123581832834)
Failed to find a valid peak. No peak greater than 1.0. max = 0.0201741232367
new center pos Detector(H1) (Ar40) @ 5.87899275165
GetHighVoltage ===>> 4499.94659342336
GetDeflection H1 ===>> 0
dac uncorrected for HV and deflection 5.87902737269
update mftable H1 Ar40 5.87902737269 message=automated run peakcenter
get initial guess parabolic
get initial guess parabolic
get initial guess parabolic
get initial guess parabolic
get initial guess parabolic
get initial guess parabolic
dump mftable to /Users/jan/PychronDev/setupfiles/spectrometer/mftables/mftable.csv
add to repo msg=modified - automated run peakcenter
sweep finished
locally archiving mftable
setting magnet DAC
current  : 5.893755
requested: 5.878993
Delta Dac: 0.014763
Checking detector protection. dv=0.01476
Checking detector "CDD". Protection Threshold: 0.1 (V)
SetMagnetDAC 5.87899275165 ===>> OK
Magnet settling time: 0.500
setting integration time = 1.048576
SetIntegrationTime 1.048576 ===>> OK
Failed to find a valid peak. No peak greater than 1.0. max = 0.0201502569859
flush and close file /Users/jan/PychronDev/data/isotopes/8e/6d0946-d222-45fe-8ce1-be3bf6fdb44c.h5
finished measure script
executed 278.04
jan_co2_whiff_120_60_large.py completed successfully
Measurement Finished
20:25:07 -- ******* Measurement Finished *******
Post Measurement Started jan_pump_ms.py
20:25:07 -- ******* Post Measurement Started jan_pump_ms.py *******
testing...
no interpolation path defined
executed 0
Pumping spectrometer
open () {'name': 'O'}
opening name=O desc=---
checking ownership. requestor=129.138.12.150
check software interlocks O
interlocks []
actuate state mode=None-script, software_lock=False
doing actuation None-script open_channel True
Open O ===>> OK
GetValveState O ===>> OK
change switch state (True, True)
update switch state O True args=() kw={} ncanvase=3
20:25:08 -- OPEN   VALVE-O (Jan Ion Pump)
---------------------------------------- open O () result=[(True, True)], time=0.12 sec
action=open, ok=True, locked=[False]
executed 0
jan_pump_ms.py completed successfully
setting _ms_pumptime
Post Measurement Finished
20:25:08 -- ******* Post Measurement Finished *******
$$$$$$$$$$$$$$$$$$$$ state at run end measurement
state changed from measurement to success
post measurement save measured=True aborted=False
Set filtering
setting fod for Ar40= {'filter_outliers': True, 'std_devs': 2, 'iterations': 1}
setting fod for H1= {'filter_outliers': True, 'std_devs': 2, 'iterations': 1}
setting fod for PM41= {'filter_outliers': False, 'std_devs': 2, 'iterations': 1}
setting fod for H2= {'filter_outliers': True, 'std_devs': 2, 'iterations': 1}
setting fod for Ar36= {'filter_outliers': True, 'std_devs': 2, 'iterations': 1}
setting fod for CDD= {'filter_outliers': True, 'std_devs': 10, 'iterations': 1}
setting fod for Ar37= {'filter_outliers': True, 'std_devs': 2, 'iterations': 1}
setting fod for L2= {'filter_outliers': True, 'std_devs': 2, 'iterations': 1}
setting fod for Ar38= {'filter_outliers': True, 'std_devs': 2, 'iterations': 1}
setting fod for L1= {'filter_outliers': True, 'std_devs': 2, 'iterations': 1}
setting fod for Ar39= {'filter_outliers': True, 'std_devs': 2, 'iterations': 1}
setting fod for AX= {'filter_outliers': True, 'std_devs': 2, 'iterations': 1}
persistence save...
persistence save - db
post measurement save
5610795280 connecting to database sqlite:////Users/jan/PychronDev/.appdata/local_lab.db
connected to db sqlite:////Users/jan/PychronDev/.appdata/local_lab.db
create new session 5610795280
close session 5610795280
No database instance. Not saving post measurement to isotopedb database
$$$$$$$$$$$$$$$ auto_save_detector_ic=False
massspec enabled True
create new session 5054761584
MassSpec Database Version: 16.0
close session 5054761584
saving post measurement to secondary database
saving to massspec database 129.138.12.160/massspecdata
setting labnumber to 65511
setting aliquot to 51
setting step to 
setting uuid to 8e6d0946-d222-45fe-8ce1-be3bf6fdb44c
setting irradpos to 65511
setting extract_device to Fusions CO2
setting tray to 
setting position to 190
setting power_requested to 5.0
setting extract_value to 5.0
setting duration to 30.0
setting duration_at_request to 30.0
setting first_stage_delay to 30.0
setting cleanup to 30.0
setting comment to F:9 DS
setting irradiation to NM-289
setting level to F
setting irradiation_level to F
setting sample to TRC-23-djk
setting material to SandforDetrital
setting project to IR959
setting mass_spectrometer to Jan
no attribute chron_dosages
no attribute production_ratios
no attribute interference_corrections
no attribute production_name
no attribute j
Reference Isotope=Ar40
Reference Detector=H1
%%%%%%%%%%%%%%%%%%%% Comment: F:9 DS %%%%%%%%%%%%%%%%%%%
adding isotope PM41 H2
add baseline dbdet= PM41. original det= H2
get baseline data PM41 H2
Get data baseline <pychron.processing.isotope.Baseline object at 0x1527c6750> len t=60
baseline PM41. v=-0.168569014595, e=0.00746216567608
get signal data PM41 H2
Get data signal PM41 0.05+/-0.07 len t=120
adding isotope Ar40 H1
add baseline dbdet= Ar40. original det= H1
get baseline data Ar40 H1
Get data baseline <pychron.processing.isotope.Baseline object at 0x1527c6950> len t=60
baseline Ar40. v=-0.0265962201692, e=0.00490881683353
get signal data Ar40 H1
Get data signal Ar40 115.387+/-0.022 len t=120
adding isotope Ar39 AX
add baseline dbdet= Ar39. original det= AX
get baseline data Ar39 AX
Get data baseline <pychron.processing.isotope.Baseline object at 0x1527c6b10> len t=60
baseline Ar39. v=-0.0630000999168, e=0.00663415025077
get signal data Ar39 AX
Get data signal Ar39 29.357+/-0.015 len t=120
adding isotope Ar38 L1
add baseline dbdet= Ar38. original det= L1
get baseline data Ar38 L1
Get data baseline <pychron.processing.isotope.Baseline object at 0x1527c6cd0> len t=60
baseline Ar38. v=-0.0258918681479, e=0.00278195331192
get signal data Ar38 L1
Get data signal Ar38 0.394+/-0.005 len t=120
adding isotope Ar37 L2
add baseline dbdet= Ar37. original det= L2
get baseline data Ar37 L2
Get data baseline <pychron.processing.isotope.Baseline object at 0x1527c6e90> len t=60
baseline Ar37. v=-0.0274404937642, e=0.00671774859367
get signal data Ar37 L2
Get data signal Ar37 0.440+/-0.011 len t=120
adding isotope Ar36 CDD
add baseline dbdet= Ar36. original det= CDD
get baseline data Ar36 CDD
Get data baseline <pychron.processing.isotope.Baseline object at 0x14e414090> len t=60
baseline Ar36. v=3.72163528477e-05, e=9.10751951727e-06
get signal data Ar36 CDD
Get data signal Ar36 0.01266+/-0.00034 len t=120
65511-51 added analysis time 0.521903038025s
analysis added to mass spec database
mass spec save time= 0.549
persistence save - dvc
================= post measurement started
create new session 4983039568
close session 4983039568
Get Checksum: 1666981803
---------------- Experiment Queue saving disabled
DVC saving peakcenter
Failed to find a valid peak. No peak greater than 1.0. max = 0.0201502569859
Smart pull ahead: 0 behind: 0
Up-to-date with origin
add to repo msg=modified - ad8224ebc6dbfeb9f5997218dfa5fe690569839d.json
add to repo msg=modified - 11-51.json
add to repo msg=modified - 11-51.dat.json
add to repo msg=modified - 11-51.blan.json
add to repo msg=modified - 11-51.inte.json
add to repo msg=modified - 11-51.icfa.json
add to repo msg=modified - 11-51.base.json
not at valid file /Users/jan/PychronDev/data/.dvc/repositories/IR959/655/tags/11-51.tags.json
add to repo msg=modified - 11-51.peak.json
add to repo msg=modified - 11-51.extr.json
not at valid file /Users/jan/PychronDev/data/.dvc/repositories/IR959/655/monitor/11-51.moni.json
commit message=<COLLECTION>
Get Checksum: 1666981803
add to repo msg=modified - 11-51.inte.json
add to repo msg=modified - 11-51.base.json
commit message=<ISOEVO> default collection fits
add to repo msg=modified - 11-51.blan.json
commit message=<BLANKS> preceding bc-02-J-235
add to repo msg=modified - 11-51.icfa.json
commit message=<ICFactor> default
Get Checksum: 1666981803
push repository <pychron.git_archive.repo_manager.GitRepoManager object at 0x14e44b2f0>
pushing to remote=origin, url=https://github.com
Get Checksum: 1666981803
no changes to meta repo
create new session 4983039568
add association IR959
get identifier "65511"
setting analysis irradiation position=<pychron.dvc.dvc_orm.IrradiationPositionTbl object at 0x14b973250>
close session 4983039568
================= post measurement finished
20:25:20 -- ******* Post Run Check *******
loading queue conditionals post_run_actions
loading system conditionals post_run_actions
loading conditionals from /Users/jan/PychronDev/setupfiles/spectrometer/default_conditionals.yaml
loading queue conditionals post_run_terminations
loading system conditionals post_run_terminations
loading conditionals from /Users/jan/PychronDev/setupfiles/spectrometer/default_conditionals.yaml
Checking default post run terminations n=1
GetDeflection CDD ===>> 50
testing CDD==2000
evaluate ot="CDD.deflection==2000" t="CDD==2000", ctx="{'CDD': 50.0}"
20:25:20 -- ******* Post Run Check Passed *******
20:25:20 -- Automated run 65511-51 success duration: 371.877 s
----------------- finish -----------------
----------------- stop -----------------
retroactive repository identifiers disabled
finish run. runs completed=51
update duration runid=65511-51, duration=371.877399921, md5=3d9034cf
loading script "jan_co2_whiff_120_60_large.py"
loading script "jan_pump_ms.py"
loading script "jan_co2.py"
loading script "jan_pump_extraction_line.py"
testing...
no interpolation path defined
executed 266.04
script duration name:co2_whiff_120_60_large seconds:266.0
loading script "jan_co2_whiff_120_60_large.py"
loading script "jan_pump_ms.py"
loading script "jan_co2.py"
loading script "jan_pump_extraction_line.py"
testing...
no interpolation path defined
executed 0
loading script "jan_co2_whiff_120_60_large.py"
loading script "jan_pump_ms.py"
loading script "jan_co2.py"
loading script "jan_pump_extraction_line.py"
testing...
no interpolation path defined
calculate duration
testing...
no interpolation path defined
executed 0
calculate duration
testing...
no interpolation path defined
executed 0
executed 0.0
script duration name:co2 seconds:0.0
loading script "jan_co2_whiff_120_60_large.py"
loading script "jan_pump_ms.py"
loading script "jan_co2.py"
loading script "jan_pump_extraction_line.py"
testing...
no interpolation path defined
calculate duration
testing...
no interpolation path defined
executed 4.0
executed 4.0
Script duration 266.0
Run total estimated duration= 267.000
co2_whiff_120_60_large in script context. using previous estimated duration
script duration name:co2_whiff_120_60_large seconds:266.0
pump_ms in script context. using previous estimated duration
co2 in script context. using previous estimated duration
script duration name:co2 seconds:0.0
pump_extraction_line in script context. using previous estimated duration
Script duration 266.0
Run total estimated duration= 267.000
script duration name:co2_whiff_120_60_large seconds:266.0
script duration name:co2 seconds:0.0
Script duration 266.0
Run total estimated duration= 267.000
script duration name:co2_whiff_120_60_large seconds:266.0
script duration name:co2 seconds:0.0
Script duration 266.0
Run total estimated duration= 267.000
script duration name:co2_whiff_120_60_large seconds:266.0
script duration name:co2 seconds:0.0
Script duration 266.0
Run total estimated duration= 267.000
loading script "jan_unknown400_120.py"
loading script "jan_pump_ms.py"
loading script "jan_co2.py"
loading script "jan_pump_extraction_line.py"
testing...
no interpolation path defined
executed 556.052928
script duration name:unknown400_120 seconds:556.0
script duration name:co2 seconds:0.0
Script duration 556.0
Run total estimated duration= 557.000
script duration name:co2_whiff_120_60_large seconds:266.0
script duration name:co2 seconds:0.0
Script duration 266.0
Run total estimated duration= 267.000
nruns=7 before=5.0, run_dur=2159.0, btw=180.0
write rem/ex queues
/Users/jan/PychronDev/experiments/rem/CurrentExperiment.rem.txt
/Users/jan/PychronDev/experiments/rem/CurrentExperiment.ex.txt
doing event level: 3
