do run
loading script "jan_co2_whiff_120_60_large.py"
loading script "jan_pump_ms.py"
loading script "jan_co2.py"
loading script "jan_pump_extraction_line.py"
testing...
no interpolation path defined
executed 266.04
script duration name:co2_whiff_120_60_large seconds:266.0
loading script "jan_co2_whiff_120_60_large.py"
loading script "jan_pump_ms.py"
loading script "jan_co2.py"
loading script "jan_pump_extraction_line.py"
testing...
no interpolation path defined
executed 0
loading script "jan_co2_whiff_120_60_large.py"
loading script "jan_pump_ms.py"
loading script "jan_co2.py"
loading script "jan_pump_extraction_line.py"
testing...
no interpolation path defined
calculate duration
testing...
no interpolation path defined
executed 0
calculate duration
testing...
no interpolation path defined
executed 0
executed 0.0
script duration name:co2 seconds:0.0
loading script "jan_co2_whiff_120_60_large.py"
loading script "jan_pump_ms.py"
loading script "jan_co2.py"
loading script "jan_pump_extraction_line.py"
testing...
no interpolation path defined
calculate duration
testing...
no interpolation path defined
executed 4.0
executed 4.0
Script duration 266.0
Run total estimated duration= 267.000
run duration: 0:04:27
doing event level: 2
20:31:25 -- Setting default integration. t=1.048576
setting integration time = 1.048576
SetIntegrationTime 1.048576 ===>> OK
----------------- start -----------------
**************** Experiment Type: Ar/Ar, Ar/Ar
create new session 4993359504
close session 4993359504
$$$$$ Clearing conditionals
adding conditionals detrital
extract conditionals from file. /Users/jan/PychronDev/scripts/conditionals/detrital.yaml
no attr for this modification cd={'extraction_str': '', 'attr': '', 'mapper': '', 'use_termination': False, 'start_count': 0, 'nskip': 0, 'window': 0, 'frequency': 1, 'teststr': '', 'action': 'Skip Next Run', 'ntrips': 1, 'use_truncation': False}
no attr for this cancelation cd={'mapper': '', 'window': 0, 'frequency': 1, 'attr': '', 'teststr': '', 'start_count': 0, 'ntrips': 1}
adding truncation attr="age" test="age>100.0" start="50"
adding truncation attr="Ar39" test="Ar39<0.5" start="60"
no attr for this termination cd={'mapper': '', 'window': 0, 'frequency': 1, 'attr': '', 'teststr': '', 'start_count': 0, 'ntrips': 1}
Invalid conditional kind="pre_run_terminations"
no attr for this action cd={'mapper': '', 'attr': '', 'start_count': 0, 'window': 0, 'frequency': 1, 'teststr': '', 'action': None, 'ntrips': 1}
Invalid conditional kind="post_run_terminations"
Add queue conditionals
add default conditionals
adding default conditionals from /Users/jan/PychronDev/setupfiles/spectrometer/default_conditionals.yaml
Start automated run 65511-53
loading script "jan_co2_whiff_120_60_large.py"
loading script "jan_pump_ms.py"
loading script "jan_co2.py"
loading script "jan_pump_extraction_line.py"
%%%%%%%%%%%%%%%%%% setting automated run 65511-53
No value "sensitivity_multiplier" in metadata
$$$$$$$$$$$$$$$ auto_save_detector_ic=False
============================= Pre Extraction Check =============================
loading queue conditionals pre_run_terminations
loading system conditionals pre_run_terminations
loading conditionals from /Users/jan/PychronDev/setupfiles/spectrometer/default_conditionals.yaml
20:31:25 -- ******* Pre Extraction Check *******
Get a measurement from the spectrometer
GetData ===>> H2,-0.269513337093987,H1,0.0302170757759292,AX,0.0496992313594836,L1,0.0100902450586501,L2,0.0071...
Pre Extraction Termination data. keys=H2,H1,AX,L1,L2,CDD, signals=-0.26951,0.03022,0.04970,0.01009,0.00716,0.00342
20:31:25 -- testing system defined conditionals
Checking default pre extraction terminations n=2
testing CDD
evaluate ot="CDD.inactive" t="CDD", ctx="{'CDD': False}"
GetDeflection CDD ===>> 50
testing CDD==2000
evaluate ot="CDD.deflection==2000" t="CDD==2000", ctx="{'CDD': 50.0}"
20:31:25 -- ******* Pre Extraction Check Passed *******
=================================================================================
20:31:25 -- stopping status monitor
stop 5052903792
Alive clients [4983293136]
20:31:25 -- starting status monitor
start 5052903792
Monitor already running
start extraction
do extraction
Analysis started at 20:31:25.879313
Extraction Started jan_co2.py
20:31:25 -- ******* Extraction Started jan_co2.py *******
state changed from not run to extraction
DO EXTRACTION <pychron.extraction_line.pyscript_runner.RemotePyScriptRunner object at 0x12b93d0b0>
testing...
no interpolation path defined
calculate duration
testing...
no interpolation path defined
executed 0
calculate duration
testing...
no interpolation path defined
executed 0
executed 100.0
Jan CO2 laser analysis
doing GOSUB
testing...
no interpolation path defined
executed 0
Waiting for CO2 access
wait ('FelixCO2Flag', 0) {}
waiting for FelixCO2Flag = 0
Read FelixCO2Flag ===>> 0
finished waiting
CO2 free
wait ('CO2PumpTimeFlag', 0) {}
waiting for CO2PumpTimeFlag = 0
Read CO2PumpTimeFlag ===>> 0
finished waiting
acquire ('JanCO2Flag',) {'clear': True}
acquire JanCO2Flag
Set JanCO2Flag 1 ===>> OK
JanCO2Flag acquired
set extraction state False (0.75, 'red', 1.5)
CO2 acquired
executed 0
WaitForCO2Access.py completed successfully
gosub finished
doing GOSUB
testing...
no interpolation path defined
executed 0
Prepare for CO2 analysis
close () {'description': 'Jan Inlet'}
closing name=--- desc=Jan Inlet
checking ownership. requestor=129.138.12.150
check software interlocks R
interlocks []
actuate state mode=None-script, software_lock=False
doing actuation None-script close_channel False
Close R ===>> OK
GetValveState R ===>> False
change switch state (True, True)
update switch state R False args=() kw={} ncanvase=3
20:31:26 -- CLOSE  VALVE-R (Jan Inlet)
---------------------------------------- close None (Jan Inlet) result=[(True, True)]
action=close, ok=True, locked=[False]
open () {'description': 'Jan Ion Pump'}
opening name=--- desc=Jan Ion Pump
checking ownership. requestor=129.138.12.150
check software interlocks O
interlocks []
actuate state mode=None-script, software_lock=False
doing actuation None-script open_channel False
Open O ===>> OK
GetValveState O ===>> OK
change switch state (True, True)
update switch state O True args=() kw={} ncanvase=3
20:31:26 -- OPEN   VALVE-O (Jan Ion Pump)
---------------------------------------- open None (Jan Ion Pump) result=[(True, True)], time=0.10 sec
action=open, ok=True, locked=[False]
close () {'description': 'Microbone to Minibone'}
closing name=--- desc=Microbone to Minibone
checking ownership. requestor=129.138.12.150
check software interlocks L
interlocks []
actuate state mode=None-script, software_lock=False
doing actuation None-script close_channel False
Close L ===>> OK
GetValveState L ===>> False
change switch state (True, True)
update switch state L False args=() kw={} ncanvase=3
20:31:27 -- CLOSE  VALVE-L (Microbone to Minibone)
---------------------------------------- close None (Microbone to Minibone) result=[(True, True)]
action=close, ok=True, locked=[False]
open () {'description': 'Microbone to Turbo'}
opening name=--- desc=Microbone to Turbo
checking ownership. requestor=129.138.12.150
check software interlocks U
interlocks []
actuate state mode=None-script, software_lock=False
doing actuation None-script open_channel False
Open U ===>> OK
GetValveState U ===>> OK
change switch state (True, True)
update switch state U True args=() kw={} ncanvase=3
20:31:27 -- OPEN   VALVE-U (Microbone to Turbo)
---------------------------------------- open None (Microbone to Turbo) result=[(True, True)], time=0.16 sec
action=open, ok=True, locked=[False]
open () {'description': 'Microbone to Inlet Pipette'}
opening name=--- desc=Microbone to Inlet Pipette
checking ownership. requestor=129.138.12.150
check software interlocks S
interlocks []
actuate state mode=None-script, software_lock=False
doing actuation None-script open_channel False
Open S ===>> OK
Get Checksum: 2035211824
GetValveState S ===>> OK
change switch state (True, True)
update switch state S True args=() kw={} ncanvase=3
20:31:28 -- OPEN   VALVE-S (Microbone to Inlet Pipette)
---------------------------------------- open None (Microbone to Inlet Pipette) result=[(True, True)], time=0.42 sec
action=open, ok=True, locked=[False]
open () {'description': 'Microbone to Getter D-50'}
opening name=--- desc=Microbone to Getter D-50
checking ownership. requestor=129.138.12.150
check software interlocks K
interlocks []
actuate state mode=None-script, software_lock=False
doing actuation None-script open_channel False
Open K ===>> OK
GetValveState K ===>> OK
change switch state (True, True)
update switch state K True args=() kw={} ncanvase=3
20:31:29 -- OPEN   VALVE-K (Microbone to Getter D-50)
---------------------------------------- open None (Microbone to Getter D-50) result=[(True, True)], time=0.43 sec
action=open, ok=True, locked=[False]
open () {'description': 'Microbone to Getter NP-10'}
opening name=--- desc=Microbone to Getter NP-10
checking ownership. requestor=129.138.12.150
check software interlocks M
interlocks []
actuate state mode=None-script, software_lock=False
doing actuation None-script open_channel False
Open M ===>> OK
GetValveState M ===>> OK
change switch state (True, True)
update switch state M True args=() kw={} ncanvase=3
20:31:29 -- OPEN   VALVE-M (Microbone to Getter NP-10)
---------------------------------------- open None (Microbone to Getter NP-10) result=[(True, True)], time=0.15 sec
action=open, ok=True, locked=[False]
close () {'description': 'CO2 Laser to Felix'}
closing name=--- desc=CO2 Laser to Felix
checking ownership. requestor=129.138.12.150
check software interlocks F
interlocks []
actuate state mode=None-script, software_lock=True
VALVE-F(CO2 Laser to Felix) software locked
change switch state (True, False)
---------------------------------------- close None (CO2 Laser to Felix) result=[(True, False)]
action=close, ok=True, locked=[True]
open () {'description': 'CO2 Laser to Jan'}
opening name=--- desc=CO2 Laser to Jan
checking ownership. requestor=129.138.12.150
check software interlocks A
interlocks []
actuate state mode=None-script, software_lock=False
doing actuation None-script open_channel False
Open A ===>> OK
GetValveState A ===>> OK
change switch state (True, True)
update switch state A True args=() kw={} ncanvase=3
20:31:29 -- OPEN   VALVE-A (CO2 Laser to Jan)
---------------------------------------- open None (CO2 Laser to Jan) result=[(True, True)], time=0.12 sec
action=open, ok=True, locked=[False]
open () {'description': 'Microbone to CO2 Laser'}
opening name=--- desc=Microbone to CO2 Laser
checking ownership. requestor=129.138.12.150
check software interlocks T
interlocks []
actuate state mode=None-script, software_lock=False
doing actuation None-script open_channel False
Open T ===>> OK
GetValveState T ===>> OK
change switch state (True, True)
update switch state T True args=() kw={} ncanvase=3
20:31:30 -- OPEN   VALVE-T (Microbone to CO2 Laser)
---------------------------------------- open None (Microbone to CO2 Laser) result=[(True, True)], time=0.44 sec
action=open, ok=True, locked=[False]
executed 0
PrepareForCO2Analysis.py completed successfully
gosub finished
set_motor ('beam', '1.25') {}
setting motor "beam" to 1.25
set motor beam to 1.25
SetMotor beam,1.25 ===>> OK
Get Checksum: 2035211824
GetMotorMoving beam ===>> False
GetMotorMoving beam ===>> False
Block completed
move_to_position ('192',) {'autocenter': True}
FusionsCO2 move to position 192
sending GoToHole 192,True
GoToHole 192,True ===>> OK
GetDriveMoving ===>> OK
GetDriveMoving ===>> OK
GetDriveMoving ===>> OK
GetDriveMoving ===>> False
GetDriveMoving ===>> OK
GetDriveMoving ===>> OK
GetDriveMoving ===>> OK
GetDriveMoving ===>> OK
Get Checksum: 2035211824
GetDriveMoving ===>> OK
GetDriveMoving ===>> OK
GetDriveMoving ===>> OK
GetDriveMoving ===>> OK
GetDriveMoving ===>> OK
GetDriveMoving ===>> OK
GetDriveMoving ===>> OK
GetDriveMoving ===>> OK
GetDriveMoving ===>> OK
GetDriveMoving ===>> OK
GetDriveMoving ===>> OK
Get Checksum: 2035211824
GetDriveMoving ===>> OK
GetDriveMoving ===>> OK
GetDriveMoving ===>> OK
GetDriveMoving ===>> OK
GetDriveMoving ===>> OK
GetDriveMoving ===>> OK
GetDriveMoving ===>> OK
GetDriveMoving ===>> OK
GetDriveMoving ===>> OK
GetDriveMoving ===>> OK
GetDriveMoving ===>> OK
GetDriveMoving ===>> OK
Get Checksum: 2035211824
GetDriveMoving ===>> OK
GetDriveMoving ===>> OK
GetDriveMoving ===>> OK
GetDriveMoving ===>> False
Block completed
GetAutoCorrecting ===>> False
GetAutoCorrecting ===>> False
Block completed
update position
GetPosition ===>> 3.98780,-9.96950,1.00000
got position (3.9878, -9.9695, 1.0)
move to position succeeded
sleep (5,) {}
SLEEP 5.0
block started
WaitControl setup for 5.0  
Get Checksum: 2035211824
Get Checksum: 2035211824
Join finished
block finished. duration 5.0159778595
close () {'description': 'Microbone to Turbo'}
closing name=--- desc=Microbone to Turbo
checking ownership. requestor=129.138.12.150
check software interlocks U
interlocks []
actuate state mode=None-script, software_lock=False
doing actuation None-script close_channel True
Close U ===>> OK
GetValveState U ===>> False
change switch state (True, True)
update switch state U False args=() kw={} ncanvase=3
20:31:47 -- CLOSE  VALVE-U (Microbone to Turbo)
---------------------------------------- close None (Microbone to Turbo) result=[(True, True)]
action=close, ok=True, locked=[False]
enable laser
enable () {}
set extraction state FusionsCO2 Enabled (False, 'red', 1.5)
enabling laser
Enable ===>> OK
begin interval
BEGIN INTERVAL Interval 1 waiting for 30.0
block started
set extract to 5.0
WaitControl setup for 30.0  
extract (5.0,) {}
GetPosition ===>> 3.98780,-9.96950,1.00000
set extraction state FusionsCO2 ON! 5.0(watts) (0.75, 'red', 1.5)
extract sample to 5.0 (watts)
set laser output
SetLaserOutput 5.0,watts ===>> OK
executing pattern triangle.lp
execute_pattern ('triangle.lp',) {}
executing pattern triangle.lp
Get Checksum: 1223320555
IsPatterning ===>> OK
IsPatterning ===>> OK
IsPatterning ===>> OK
Get Checksum: 1223320555
IsPatterning ===>> OK
IsPatterning ===>> OK
IsPatterning ===>> OK
Get Checksum: 1223320555
IsPatterning ===>> OK
IsPatterning ===>> OK
IsPatterning ===>> OK
Get Checksum: 1223320555
IsPatterning ===>> OK
IsPatterning ===>> OK
IsPatterning ===>> OK
Get Checksum: 1223320555
IsPatterning ===>> OK
IsPatterning ===>> OK
IsPatterning ===>> OK
Get Checksum: 1223320555
IsPatterning ===>> OK
IsPatterning ===>> OK
IsPatterning ===>> OK
Get Checksum: 1223320555
IsPatterning ===>> OK
IsPatterning ===>> OK
IsPatterning ===>> OK
Get Checksum: 1223320555
IsPatterning ===>> OK
IsPatterning ===>> OK
IsPatterning ===>> OK
Get Checksum: 1223320555
IsPatterning ===>> OK
IsPatterning ===>> OK
IsPatterning ===>> OK
Get Checksum: 1223320555
IsPatterning ===>> OK
Join finished
block finished. duration 30.098441124
Interval 1 finished
IsPatterning ===>> False
IsPatterning ===>> False
Block completed
COMPLETE INTERVAL waiting for Interval 1 to complete
end_extract () {}
ending extraction. set laser power to 0
set laser power 0
SetLaserPower 0 ===>> OK
disable () {}
%%%%%%%%%%%%%%%%%%%%%%%%%%%%%%%%%%% disable
set extraction state False (0.75, 'red', 1.5)
disabling laser
Disable ===>> OK
sleep (30.0,) {}
SLEEP 30.0
block started
WaitControl setup for 30.0  
Get Checksum: 1223320555
Get Checksum: 1223320555
Get Checksum: 1223320555
Get Checksum: 1223320555
Get Checksum: 1223320555
Get Checksum: 1223320555
Get Checksum: 1223320555
Get Checksum: 1223320555
Get Checksum: 1223320555
Get Checksum: 1223320555
Join finished
block finished. duration 30.0877130032
executed 165.0
jan_co2.py completed successfully
GetAchievedOutput ===>> No Response
Requested Output= 0.000
Achieved Output=  0.000
GetResponseBlob ===>> No Response
GetOutputBlob ===>> No Response
persistence save...
persistence save - db
AutomatedRunPersister post_extraction_save deprecated
persistence save - dvc
no extraction position for 192
create new session 4983039568
close session 4983039568
Extraction Finished
20:32:49 -- ******* Extraction Finished *******
no overlap. not waiting for min ms pumptime
20:32:49 -- Sending spectrometer configuration
======== Sending configuration ========
SetDeflection CDD,50.0 ===>> OK
SetDeflection H2,0.0 ===>> OK
SetDeflection H1,0.0 ===>> OK
SetDeflection L2,825.0 ===>> OK
SetDeflection L1,400.0 ===>> OK
SetDeflection AX,190.0 ===>> OK
SetZFocus 74.64 ===>> OK
SetZSymmetry -50.72 ===>> OK
SetExtractionLens 26.13 ===>> OK
SetIonRepeller -3.81 ===>> OK
SetElectronEnergy 75.08 ===>> OK
SetYSymmetry -2.81 ===>> OK
SetIonCounterVoltage 1590.0 ===>> OK
send trap current 200.0
GetParameter Trap Current Readback ===>> 197.811389855338
SetParameter Trap Current Set,200.0 ===>> OK
updating mftable name mftable
Using mftable located at /Users/jan/PychronDev/setupfiles/spectrometer/mftables/mftable.csv
============ MFtable ===========
Isotope  H2     H1     AX     L1     L2     CDD    
Ar40     5.7733 5.8790 5.9923 6.1132 6.2308 6.3414
Ar39     5.6725 5.7712 5.8847 5.9992 6.1159 6.2279
Ar36     5.3500 5.4402 5.5481 5.6581 5.7709 5.8790
================================
get initial guess parabolic
get initial guess parabolic
get initial guess parabolic
get initial guess parabolic
get initial guess parabolic
get initial guess parabolic
======== Configuration Finished ========
GetYSymmetry ===>> -2.81
GetZSymmetry ===>> -50.72
GetParameter Trap Current Readback ===>> 198.258926936459
GetHighVoltage ===>> 4499.94659342336
start measurement
do measurement
L#=65511 analysis type=unknown
Measurement Started jan_co2_whiff_120_60_large.py
20:32:49 -- ******* Measurement Started jan_co2_whiff_120_60_large.py *******
state changed from extraction to measurement
setting spec, defl, and gains
GetExtractionLens ===>> 26.13
GetYSymmetry ===>> -2.81
GetZSymmetry ===>> -50.72
GetZFocus ===>> 74.64
GetDeflection H2 ===>> 0
GetDeflection H1 ===>> 0
GetDeflection AX ===>> 190
GetDeflection L1 ===>> 400
GetDeflection L2 ===>> 825
GetDeflection CDD ===>> 50
GetGain H2 ===>> 0.0113
GetGain H1 ===>> 0.1
GetGain AX ===>> 0.097049
GetGain L1 ===>> 0.010355
GetGain L2 ===>> 0.095649
GetGain CDD ===>> 0
pre measurement save
New frame /Users/jan/PychronDev/data/isotopes/42/565bf8-46ed-4852-8e93-ccd00cd92102.h5
flush and close file /Users/jan/PychronDev/data/isotopes/42/565bf8-46ed-4852-8e93-ccd00cd92102.h5
testing...
no interpolation path defined
executed 266.04
co2 whiff measurement script
activate_detectors ('H2', 'H1', 'AX', 'L1', 'L2', 'CDD') {}
activate detectors
*************** Set Analysis View Ar/Ar
create graphs
Get Checksum: 1223320555
clearing graphs
clear isotope group
setting isotope det=H2, iso=PM41
setting isotope det=H1, iso=Ar40
setting isotope det=AX, iso=Ar39
setting isotope det=L1, iso=Ar38
setting isotope det=L2, iso=Ar37
setting isotope det=CDD, iso=Ar36
setting previous blanks
 - setting Ar40 blank 0.185+/-0.007
 - setting Ar36 blank 0.00480+/-0.00018
 - setting Ar37 blank 0.043+/-0.005
 - setting Ar38 blank 0.0128+/-0.0021
 - setting PM41 blank 0.03+/-0.06
 - setting Ar39 blank 0.020+/-0.009
load analysis view
position_magnet ('Ar40',) {'detector': 'H1'}
detector Detector(H1)
POSITION Ar40 H1
setting detector H2 to PM41 (40.9624)
setting detector H1 to Ar40 (39.9624)
setting detector AX to Ar39 (38.9624)
setting detector L1 to Ar38 (37.9624)
setting detector L2 to Ar37 (36.9624)
setting detector CDD to Ar36 (35.9624)
Mapping mass to dac mass func: "parabolic"
H1 map mass coeffs = [-0.00063987  0.15840543  0.57057999]
H1 map mass to dac 39.9624 >> 5.87897
GetDeflection H1 ===>> 0
GetHighVoltage ===>> 4499.94659342336
positioning Ar40 (5.8789353793) on H1
setting magnet DAC
current  : 5.878935
requested: 5.878935
Delta Dac: 0.000000
Checking detector protection. dv=0.00000
Checking detector "CDD". Protection Threshold: 0.1 (V)
SetMagnetDAC 5.8789353793 ===>> OK
Magnet settling time: 0.500
close ('S',) {}
closing name=S desc=---
checking ownership. requestor=129.138.12.150
check software interlocks S
interlocks []
actuate state mode=None-script, software_lock=False
doing actuation None-script close_channel True
Close S ===>> OK
GetValveState S ===>> False
change switch state (True, True)
update switch state S False args=() kw={} ncanvase=3
20:32:52 -- CLOSE  VALVE-S (Microbone to Inlet Pipette)
---------------------------------------- close S () result=[(True, True)]
action=close, ok=True, locked=[False]
equilibrate () {'do_post_equilibration': False, 'inlet': 'R', 'outlet': 'O', 'eqtime': 4}
Equilibration Started
20:32:52 -- ******* Equilibration Started *******
checking ownership. requestor=129.138.12.150
check software interlocks O
interlocks []
actuate state mode=None-script, software_lock=False
doing actuation None-script close_channel True
Close O ===>> OK
GetValveState O ===>> False
change switch state (True, True)
update switch state O False args=() kw={} ncanvase=3
20:32:52 -- CLOSE  VALVE-O (Jan Ion Pump)
waiting 3s before opening inlet value ('R',)
Get Checksum: -997610518
checking ownership. requestor=129.138.12.150
check software interlocks R
interlocks []
actuate state mode=None-script, software_lock=False
doing actuation None-script open_channel True
Open R ===>> OK
Get Checksum: -1252573911
State checksums do not match. Local:-997610518 Remote:-1252573911
State checksum failed
GetValveState R ===>> OK
change switch state (True, True)
update switch state R True args=() kw={} ncanvase=3
20:32:56 -- OPEN   VALVE-R (Jan Inlet)
equilibrating for 4sec
set_time_zero (0,) {}
sniff (4,) {}
py_sniff
build tables- sniff [Detector(H2), Detector(H1), Detector(AX), Detector(L1), Detector(L2), Detector(CDD)]
add group /sniff/PM41 (Group) '' table H2
add group /sniff/Ar40 (Group) '' table H1
add group /sniff/Ar39 (Group) '' table AX
add group /sniff/Ar38 (Group) '' table L1
add group /sniff/Ar37 (Group) '' table L2
add group /sniff/Ar36 (Group) '' table CDD
flush and close file /Users/jan/PychronDev/data/isotopes/42/565bf8-46ed-4852-8e93-ccd00cd92102.h5
measuring sniff. ncounts=4
starting measurement
GetData ===>> H2,-0.107623530665854,H1,0.193004334559333,AX,0.532209803557634,L1,-0.00203766249519017,L2,0.1045...
GetData ===>> H2,5.53662512061245,H1,8.73423819873331,AX,9.25646320780425,L1,0.714483998564778,L2,1.48656828080...
GetData ===>> H2,3.65427617267085,H1,10.5212291626739,AX,6.04190868339573,L1,0.876260805628912,L2,0.48474364577...
Get Checksum: -1252573911
GetData ===>> H2,1.09405717795698,H1,9.90560034737971,AX,4.32717731622151,L1,0.624637919115288,L2,0.10649153466...
Equilibration Finished
20:33:00 -- ******* Equilibration Finished *******
checking ownership. requestor=129.138.12.150
check software interlocks R
interlocks []
actuate state mode=None-script, software_lock=False
doing actuation None-script close_channel True
measurement finished
estimated time: 4.194 actual time: :4.271
flush and close file /Users/jan/PychronDev/data/isotopes/42/565bf8-46ed-4852-8e93-ccd00cd92102.h5
set_fits () {}
using default fits file=/Users/jan/PychronDev/scripts/measurement/fits/nominal_linear.yaml
set "Ar40" to "('Linear', 'SEM')"
No fit for "PM41". defaulting to linear. check the measurement script "jan_co2_whiff_120_60_large.py"
set "PM41" to "linear"
set "Ar36" to "('Linear', 'SEM')"
set "Ar37" to "('linear', 'SEM')"
set "Ar38" to "('linear', 'SEM')"
set "Ar39" to "('Linear', 'SEM')"
set_baseline_fits () {}
using default fits file=/Users/jan/PychronDev/scripts/measurement/fits/nominal_linear.yaml
Close R ===>> OK
set "H1" to "('average', 'SEM')"
set "H2" to "('average', 'SEM')"
set "CDD" to "('average', 'SEM')"
set "L2" to "('average', 'SEM')"
set "L1" to "('average', 'SEM')"
set "AX" to "('average', 'SEM')"
whiff () {'ncounts': 1, 'conditionals': [{'action': 'run_remainder', 'attr': 'Ar40', 'teststr': 'Ar40.cur<=175'}, {'action': 'run_pipette', 'attr': 'Ar40', 'teststr': 'Ar40.cur>500'}, {'action': 'run_chamber_split', 'attr': 'Ar40', 'teststr': 'Ar40.cur>=300'}, {'action': 'pump', 'attr': 'Ar40', 'teststr': 'Ar40.cur>175'}]}
build tables- whiff [Detector(H2), Detector(H1), Detector(AX), Detector(L1), Detector(L2), Detector(CDD)]
add group /whiff/PM41 (Group) '' table H2
add group /whiff/Ar40 (Group) '' table H1
add group /whiff/Ar39 (Group) '' table AX
add group /whiff/Ar38 (Group) '' table L1
add group /whiff/Ar37 (Group) '' table L2
add group /whiff/Ar36 (Group) '' table CDD
flush and close file /Users/jan/PychronDev/data/isotopes/42/565bf8-46ed-4852-8e93-ccd00cd92102.h5
measuring whiff. ncounts=1
GetValveState R ===>> False
change switch state (True, True)
update switch state R False args=() kw={} ncanvase=3
20:33:01 -- CLOSE  VALVE-R (Jan Inlet)
starting measurement
GetData ===>> H2,0.287046904324362,H1,9.57087716347817,AX,3.62034537245588,L1,0.257884763797408,L2,0.0825100615...
Get Checksum: -997610518
testing Ar40<=175
evaluate ot="Ar40.cur<=175" t="Ar40<=175", ctx="{'Ar40': 9.5708771634781709}"
condition Ar40<=175 is true trips=1/1
20:33:02 -- Conditional tripped: Ar40.cur<=175 condition Ar40<=175 is True
measurement finished
estimated time: 1.049 actual time: :1.114
flush and close file /Users/jan/PychronDev/data/isotopes/42/565bf8-46ed-4852-8e93-ccd00cd92102.h5
WHIFF Result=run_remainder
Whiff result=run_remainder
open ('R',) {}
opening name=R desc=---
checking ownership. requestor=129.138.12.150
check software interlocks R
interlocks []
actuate state mode=None-script, software_lock=False
doing actuation None-script open_channel True
Open R ===>> OK
GetValveState R ===>> OK
change switch state (True, True)
update switch state R True args=() kw={} ncanvase=3
20:33:03 -- OPEN   VALVE-R (Jan Inlet)
---------------------------------------- open R () result=[(True, True)], time=0.41 sec
action=open, ok=True, locked=[False]
open ('S',) {}
opening name=S desc=---
checking ownership. requestor=129.138.12.150
check software interlocks S
interlocks []
actuate state mode=None-script, software_lock=False
doing actuation None-script open_channel True
Open S ===>> OK
GetValveState S ===>> OK
change switch state (True, True)
update switch state S True args=() kw={} ncanvase=3
20:33:03 -- OPEN   VALVE-S (Microbone to Inlet Pipette)
---------------------------------------- open S () result=[(True, True)], time=0.44 sec
action=open, ok=True, locked=[False]
sleep (12.0,) {}
SLEEP 12.0
block started
WaitControl setup for 12.0  
Get Checksum: 594863745
Get Checksum: 594863745
Get Checksum: 594863745
Join finished
block finished. duration 12.0238828659
close ('R',) {}
closing name=R desc=---
checking ownership. requestor=129.138.12.150
check software interlocks R
interlocks []
actuate state mode=None-script, software_lock=False
doing actuation None-script close_channel True
Close R ===>> OK
set states for children of R. state=False
handle state [('R', False)]
update switch state R False args=() kw={'refresh': False} ncanvase=3
refresh_canvas_needed fired
Get Checksum: 1281862853
GetValveState R ===>> False
change switch state (True, True)
update switch state R False args=() kw={} ncanvase=3
20:33:16 -- CLOSE  VALVE-R (Jan Inlet)
---------------------------------------- close R () result=[(True, True)]
action=close, ok=True, locked=[False]
post_equilibration () {}
Post Equilibration Started jan_pump_extraction_line.py
20:33:17 -- ******* Post Equilibration Started jan_pump_extraction_line.py *******
multicollect () {'integration_time': 1, 'ncounts': 120.0}
build tables- signal [Detector(H2), Detector(H1), Detector(AX), Detector(L1), Detector(L2), Detector(CDD)]
testing...
no interpolation path defined
add group /signal/PM41 (Group) '' table H2
add group /signal/Ar40 (Group) '' table H1
calculate duration
add group /signal/Ar39 (Group) '' table AX
testing...
add group /signal/Ar38 (Group) '' table L1
no interpolation path defined
add group /signal/Ar37 (Group) '' table L2
executed 4.0
add group /signal/Ar36 (Group) '' table CDD
executed 4.0
flush and close file /Users/jan/PychronDev/data/isotopes/42/565bf8-46ed-4852-8e93-ccd00cd92102.h5
Pump after analysis
measuring signal. ncounts=120.0
doing GOSUB
testing...
no interpolation path defined
executed 4.0
Pump Microbone
close () {'description': 'Jan Inlet'}
closing name=--- desc=Jan Inlet
checking ownership. requestor=129.138.12.150
check software interlocks R
interlocks []
actuate state mode=None-script, software_lock=False
doing actuation None-script close_channel False
Close R ===>> OK
GetValveState R ===>> False
change switch state (True, True)
update switch state R False args=() kw={} ncanvase=3
20:33:17 -- CLOSE  VALVE-R (Jan Inlet)
---------------------------------------- close None (Jan Inlet) result=[(True, True)]
starting measurement
GetData ===>> H2,0.106074598335069,H1,258.851124685387,AX,90.9248180658915,L1,1.19204711818867,L2,0.46163808786...
action=close, ok=True, locked=[False]
is_closed ('F',) {}
is F () closed?
is closed True
open () {'description': 'CO2 Laser to Jan'}
opening name=--- desc=CO2 Laser to Jan
checking ownership. requestor=129.138.12.150
check software interlocks A
interlocks []
actuate state mode=None-script, software_lock=False
doing actuation None-script open_channel False
Open A ===>> OK
GetValveState A ===>> OK
change switch state (True, True)
update switch state A True args=() kw={} ncanvase=3
20:33:18 -- OPEN   VALVE-A (CO2 Laser to Jan)
---------------------------------------- open None (CO2 Laser to Jan) result=[(True, True)], time=0.22 sec
action=open, ok=True, locked=[False]
sleep (1,) {}
SLEEP 1.0
GetData ===>> H2,0.201864014274102,H1,259.118128748144,AX,90.810268124708,L1,1.18279228582027,L2,0.497046799932...
close () {'description': 'CO2 Laser to Roughing'}
closing name=--- desc=CO2 Laser to Roughing
checking ownership. requestor=129.138.12.150
check software interlocks G
interlocks []
actuate state mode=None-script, software_lock=True
VALVE-G(CO2 Laser to Roughing) software locked
change switch state (True, False)
---------------------------------------- close None (CO2 Laser to Roughing) result=[(True, False)]
action=close, ok=True, locked=[True]
open () {'description': 'Microbone to Turbo'}
opening name=--- desc=Microbone to Turbo
checking ownership. requestor=129.138.12.150
check software interlocks U
interlocks []
actuate state mode=None-script, software_lock=False
doing actuation None-script open_channel True
Open U ===>> OK
GetValveState U ===>> OK
change switch state (True, True)
update switch state U True args=() kw={} ncanvase=3
20:33:19 -- OPEN   VALVE-U (Microbone to Turbo)
---------------------------------------- open None (Microbone to Turbo) result=[(True, True)], time=0.17 sec
action=open, ok=True, locked=[False]
open () {'description': 'Microbone to Getter NP-10'}
opening name=--- desc=Microbone to Getter NP-10
checking ownership. requestor=129.138.12.150
check software interlocks M
interlocks []
actuate state mode=None-script, software_lock=False
doing actuation None-script open_channel False
Open M ===>> OK
GetData ===>> H2,-0.0129054472942704,H1,258.999994660465,AX,90.6777952297263,L1,1.17835526086658,L2,0.446005305...
GetValveState M ===>> OK
change switch state (True, True)
update switch state M True args=() kw={} ncanvase=3
Get Checksum: 799532470
20:33:19 -- OPEN   VALVE-M (Microbone to Getter NP-10)
---------------------------------------- open None (Microbone to Getter NP-10) result=[(True, True)], time=0.16 sec
action=open, ok=True, locked=[False]
open () {'description': 'Microbone to Getter D-50'}
opening name=--- desc=Microbone to Getter D-50
checking ownership. requestor=129.138.12.150
check software interlocks K
interlocks []
actuate state mode=None-script, software_lock=False
doing actuation None-script open_channel False
Open K ===>> OK
GetValveState K ===>> OK
change switch state (True, True)
update switch state K True args=() kw={} ncanvase=3
20:33:20 -- OPEN   VALVE-K (Microbone to Getter D-50)
---------------------------------------- open None (Microbone to Getter D-50) result=[(True, True)], time=0.43 sec
action=open, ok=True, locked=[False]
open () {'description': 'Microbone to CO2 Laser'}
opening name=--- desc=Microbone to CO2 Laser
checking ownership. requestor=129.138.12.150
check software interlocks T
interlocks []
actuate state mode=None-script, software_lock=False
doing actuation None-script open_channel False
GetData ===>> H2,-0.13193574375556,H1,258.758123825143,AX,90.5642801051552,L1,1.16005835120603,L2,0.39644134077...
Open T ===>> OK
GetValveState T ===>> OK
change switch state (True, True)
update switch state T True args=() kw={} ncanvase=3
20:33:21 -- OPEN   VALVE-T (Microbone to CO2 Laser)
---------------------------------------- open None (Microbone to CO2 Laser) result=[(True, True)], time=0.45 sec
action=open, ok=True, locked=[False]
open () {'description': 'Microbone to Inlet Pipette'}
opening name=--- desc=Microbone to Inlet Pipette
checking ownership. requestor=129.138.12.150
check software interlocks S
interlocks []
actuate state mode=None-script, software_lock=False
doing actuation None-script open_channel False
Open S ===>> OK
GetData ===>> H2,-0.0770858991198246,H1,258.774970597512,AX,90.4442309866142,L1,1.19708946762175,L2,0.379353830...
GetValveState S ===>> OK
change switch state (True, True)
update switch state S True args=() kw={} ncanvase=3
20:33:21 -- OPEN   VALVE-S (Microbone to Inlet Pipette)
---------------------------------------- open None (Microbone to Inlet Pipette) result=[(True, True)], time=0.43 sec
action=open, ok=True, locked=[False]
sleep (1,) {}
SLEEP 1.0
GetData ===>> H2,-0.157140916344562,H1,258.941796436372,AX,90.3519941557808,L1,1.17232320940212,L2,0.3600769281...
set_resource () {'name': 'CO2PumpTimeFlag', 'value': 30}
Set CO2PumpTimeFlag 30 ===>> OK
release ('JanCO2Flag',) {}
release JanCO2Flag
Get Checksum: 799532470
Set JanCO2Flag 0 ===>> OK
executed 6.0
PumpMicrobone.py completed successfully
gosub finished
get_resource_value () {'name': 'JanMiniboneFlag'}
Read JanMiniboneFlag ===>> 0
Get Resource Value JanMiniboneFlag=0.0
get resource value 0.0
get_resource_value () {'name': 'JanMiniboneFlag'}
Read JanMiniboneFlag ===>> 0
Get Resource Value JanMiniboneFlag=0.0
executed 4.0
jan_pump_extraction_line.py completed successfully
Post Equilibration Finished
20:33:23 -- ******* Post Equilibration Finished *******
GetData ===>> H2,-0.132295528313041,H1,258.519504569589,AX,90.6124972301519,L1,1.18300827748168,L2,0.3576790065...
GetData ===>> H2,0.00265944460323746,H1,258.379066306565,AX,90.4343786678597,L1,1.15460307625818,L2,0.370354414...
GetData ===>> H2,-0.0682541783914681,H1,258.348628051224,AX,90.5224281814162,L1,1.13365706055996,L2,0.424889207...
Get Checksum: 799532470
GetData ===>> H2,-0.173997111589729,H1,258.00994341081,AX,90.4542198945035,L1,1.16392186834922,L2,0.35043993098...
GetData ===>> H2,-0.0451826503708928,H1,257.941263958247,AX,90.3830164843187,L1,1.1609834877155,L2,0.3667685887...
Get Checksum: 799532470
GetData ===>> H2,-0.039884223173769,H1,257.999404333624,AX,90.2864039981142,L1,1.19431638877697,L2,0.4097159612...
GetData ===>> H2,-0.0602862806464442,H1,257.846855409177,AX,90.3771207028559,L1,1.18839805073222,L2,0.352677820...
GetData ===>> H2,-0.116729139946684,H1,257.787276290727,AX,90.260020203378,L1,1.18308196975551,L2,0.39909154840...
Get Checksum: 799532470
GetData ===>> H2,-0.0707156554851711,H1,257.672423603505,AX,90.1126452108095,L1,1.16508856044414,L2,0.419324643...
GetData ===>> H2,-0.0149574687628739,H1,257.655124655754,AX,90.1714070574894,L1,1.17665106030526,L2,0.258624247...
GetData ===>> H2,-0.0881951630190951,H1,257.653078336724,AX,90.067766951194,L1,1.12746659000716,L2,0.3689155003...
Get Checksum: 799532470
GetData ===>> H2,-0.137444877951639,H1,257.474386008656,AX,90.1630716515482,L1,1.13186943984505,L2,0.3936769781...
GetData ===>> H2,-0.149854288721773,H1,257.4340237549,AX,90.0552816029812,L1,1.1215567873508,L2,0.3465351677477...
GetData ===>> H2,-0.160036822346877,H1,257.31340676743,AX,89.9208959785821,L1,1.11660491614027,L2,0.46072448770...
Get Checksum: 799532470
GetData ===>> H2,-0.20492469817713,H1,257.255473054771,AX,89.9323431262509,L1,1.14184265022428,L2,0.39053575374...
GetData ===>> H2,-0.189359495844278,H1,257.267876450541,AX,90.004659501123,L1,1.15286431906327,L2,0.35461888895...
GetData ===>> H2,-0.176671443324234,H1,257.295057232174,AX,89.9412301395026,L1,1.14967162057456,L2,0.3354953677...
Get Checksum: 799532470
GetData ===>> H2,-0.200772871752007,H1,257.334184689734,AX,89.9145707645705,L1,1.1086056345962,L2,0.36915531793...
20:33:42 -- collecting point 25
GetData ===>> H2,-0.222223725651014,H1,256.978496303306,AX,89.7613911576543,L1,1.11183886144439,L2,0.4651441092...
GetData ===>> H2,-0.205657849451756,H1,256.80721759678,AX,89.7711547348822,L1,1.10925531322287,L2,0.36367392314...
Get Checksum: 799532470
GetData ===>> H2,-0.275142883827777,H1,256.67628241714,AX,89.7234619524639,L1,1.10007231872042,L2,0.39777785874...
GetData ===>> H2,-0.217016485280049,H1,256.50538432646,AX,89.7138202597201,L1,1.10473877921524,L2,0.39401966339...
GetData ===>> H2,-0.250091919083962,H1,256.304818244842,AX,89.7688154834485,L1,1.14998885838388,L2,0.4276201897...
Get Checksum: 799532470
GetData ===>> H2,-0.139911897152931,H1,256.210627472825,AX,89.7596622607076,L1,1.14899910768405,L2,0.3745685029...
GetData ===>> H2,-0.136038774936308,H1,256.304519012173,AX,89.6727868345363,L1,1.1239271562642,L2,0.32552981542...
GetData ===>> H2,-0.151804185097851,H1,256.577407970587,AX,89.7231399873226,L1,1.13111444720832,L2,0.3416487291...
Get Checksum: 799532470
GetData ===>> H2,-0.128934513586325,H1,256.238615774587,AX,89.6454321499767,L1,1.14467700599311,L2,0.3320250005...
GetData ===>> H2,-0.135140941079533,H1,256.130147615437,AX,89.6235452129005,L1,1.06806263081371,L2,0.2436112862...
GetData ===>> H2,-0.269248585165536,H1,256.152393010376,AX,89.4603262132845,L1,1.08178090342519,L2,0.3144125415...
Get Checksum: 799532470
GetData ===>> H2,-0.169057471495763,H1,255.915317374183,AX,89.4406190901925,L1,1.12865300112474,L2,0.4051004802...
GetData ===>> H2,-0.060633410907233,H1,256.122343204744,AX,89.5438767473677,L1,1.15331832163161,L2,0.3535798414...
Get Checksum: 799532470
GetData ===>> H2,-0.221535402756203,H1,255.69562020949,AX,89.4267339711257,L1,1.12033570252923,L2,0.37791478083...
GetData ===>> H2,-0.285831917248815,H1,255.541554017918,AX,89.3858992673935,L1,1.11152879383179,L2,0.3291825894...
GetData ===>> H2,-0.207625263190004,H1,255.687498176736,AX,89.3742706350957,L1,1.12633227153457,L2,0.4061172378...
Get Checksum: 799532470
GetData ===>> H2,-0.135734547025154,H1,255.607637734007,AX,89.5671814625399,L1,1.128917933651,L2,0.440670560169...
GetData ===>> H2,-0.225045276638527,H1,255.28371759509,AX,89.4078049830199,L1,1.13128925617176,L2,0.42527771062...
GetData ===>> H2,-0.239474058861471,H1,255.190519002525,AX,89.1408671538413,L1,1.09041880780299,L2,0.3809527998...
Get Checksum: 799532470
GetData ===>> H2,-0.208150747298075,H1,255.169162111446,AX,89.0450465804884,L1,1.08894598377113,L2,0.3663003856...
GetData ===>> H2,-0.150996720217296,H1,255.17868698311,AX,89.0366431506268,L1,1.11771920262454,L2,0.42413505865...
GetData ===>> H2,-0.146200706188437,H1,255.198172149877,AX,89.1532283196944,L1,1.11626812071689,L2,0.3661861901...
Get Checksum: 799532470
GetData ===>> H2,-0.147921615933869,H1,255.118261005521,AX,88.964651065355,L1,1.13038595691443,L2,0.40417512588...
GetData ===>> H2,-0.21600584424996,H1,255.085789007424,AX,89.0455707545788,L1,1.08854111950354,L2,0.33396565088...
GetData ===>> H2,-0.159450677223009,H1,255.280406769837,AX,89.1604493620873,L1,1.14607226817262,L2,0.3097788227...
Get Checksum: 799532470
20:34:09 -- collecting point 50
GetData ===>> H2,-0.106928105960079,H1,255.001311445085,AX,88.9486652954273,L1,1.1821100350188,L2,0.44440677120...
GetData ===>> H2,-0.247292765833363,H1,254.946385538615,AX,88.9121548775851,L1,1.12039650011525,L2,0.4481405312...
GetData ===>> H2,-0.175227031620474,H1,254.675915786447,AX,88.8534118931991,L1,1.10172249516732,L2,0.3834312550...
Get Checksum: 799532470
GetData ===>> H2,-0.113026391171596,H1,254.624817058457,AX,88.9559144329187,L1,1.12067769347366,L2,0.3969896535...
GetData ===>> H2,-0.151832539842756,H1,254.696954991785,AX,88.7970547084723,L1,1.1054996306838,L2,0.41578268640...
testing age>100.0
evaluate ot="age>100.0" t="age>100.0", ctx="{'age': 19.77186197331949}"
GetData ===>> H2,-0.137615220904183,H1,254.311020086257,AX,88.8967255175592,L1,1.11896531586534,L2,0.3748768581...
Get Checksum: 799532470
GetData ===>> H2,-0.13904275653423,H1,254.185788765071,AX,88.8541384660212,L1,1.14470998280678,L2,0.23687619778...
GetData ===>> H2,-0.151079089670213,H1,254.06232075697,AX,88.8560816441909,L1,1.12783669550965,L2,0.28368124780...
GetData ===>> H2,-0.124504229327477,H1,254.160122701543,AX,88.8219024919887,L1,1.12607500719562,L2,0.3473343753...
Get Checksum: 799532470
GetData ===>> H2,-0.0950546727713408,H1,253.983175773846,AX,88.8181691342907,L1,1.0960757530256,L2,0.1953231896...
testing age>100.0
evaluate ot="age>100.0" t="age>100.0", ctx="{'age': 19.773555152672895}"
GetData ===>> H2,-0.167124886937392,H1,253.774514340755,AX,88.7026710087087,L1,1.08296315622796,L2,0.4125950371...
Get Checksum: 799532470
GetData ===>> H2,-0.225667404542953,H1,253.858706896916,AX,88.6594390460818,L1,1.11844608426152,L2,0.4460053051...
GetData ===>> H2,-0.142829721989306,H1,253.700682168146,AX,88.48166034183,L1,1.08017148112234,L2,0.428682894275...
GetData ===>> H2,-0.0856819008198272,H1,253.399886028024,AX,88.3206031443893,L1,1.15446355936809,L2,0.363810954...
Get Checksum: 799532470
GetData ===>> H2,-0.169821237344526,H1,253.289901452835,AX,88.4495682063162,L1,1.12265385659837,L2,0.4131662926...
testing age>100.0
evaluate ot="age>100.0" t="age>100.0", ctx="{'age': 19.77652396883535}"
testing Ar39<0.5
evaluate ot="Ar39<0.5" t="Ar39<0.5", ctx="{'Ar39': 91.4630283260124}"
GetData ===>> H2,-0.182401377485739,H1,253.303765947812,AX,88.5126288932802,L1,1.13680988358033,L2,0.4334709242...
GetData ===>> H2,-0.172402276869894,H1,253.483172196983,AX,88.6602664090438,L1,1.12394996302147,L2,0.4760627041...
Get Checksum: 799532470
GetData ===>> H2,-0.10484563613848,H1,253.166393286287,AX,88.4464471196937,L1,1.13870354714056,L2,0.27534110854...
GetData ===>> H2,-0.13113903735092,H1,253.510156878297,AX,88.4789435332666,L1,1.12602558273982,L2,0.25933600806...
GetData ===>> H2,-0.160945692508106,H1,252.983225926429,AX,88.2419761212432,L1,1.0775031341865,L2,0.33458210100...
Get Checksum: 799532470
testing age>100.0
evaluate ot="age>100.0" t="age>100.0", ctx="{'age': 19.781030957844152}"
testing Ar39<0.5
evaluate ot="Ar39<0.5" t="Ar39<0.5", ctx="{'Ar39': 91.44670683998707}"
GetData ===>> H2,-0.14360398856292,H1,253.151315442375,AX,88.3188996298066,L1,1.10652768960897,L2,0.34803083311...
GetData ===>> H2,-0.165529446539338,H1,253.010502228664,AX,88.3697574956617,L1,1.12776825037058,L2,0.3896333846...
GetData ===>> H2,-0.244056935389449,H1,252.682789643572,AX,88.2882398738905,L1,1.10900708823929,L2,0.3504741839...
Get Checksum: 799532470
GetData ===>> H2,-0.156450598199322,H1,252.802428024377,AX,88.3630636724428,L1,1.11508435682518,L2,0.3629887708...
GetData ===>> H2,-0.130583430099264,H1,252.757394589066,AX,88.2432572751305,L1,1.08364601464564,L2,0.4377906409...
testing age>100.0
evaluate ot="age>100.0" t="age>100.0", ctx="{'age': 19.78705529079675}"
testing Ar39<0.5
evaluate ot="Ar39<0.5" t="Ar39<0.5", ctx="{'Ar39': 91.42986284848968}"
20:34:35 -- collecting point 75
GetData ===>> H2,-0.237034731067683,H1,252.540259168291,AX,88.1146486315124,L1,1.10777238176252,L2,0.2744284150...
Get Checksum: 799532470
GetData ===>> H2,-0.169038579108375,H1,252.556556635245,AX,88.1206484497197,L1,1.08559999118689,L2,0.5055468367...
GetData ===>> H2,-0.0747694899035919,H1,252.484279291804,AX,88.107722191707,L1,1.09182528075633,L2,0.4647101322...
GetData ===>> H2,-0.159429067606766,H1,252.17075974675,AX,88.3459052801818,L1,1.11431719631219,L2,0.38860537963...
Get Checksum: 799532470
GetData ===>> H2,-0.185156003599261,H1,252.204543499593,AX,88.1328342573548,L1,1.099265040518,L2,0.355863477236...
testing age>100.0
evaluate ot="age>100.0" t="age>100.0", ctx="{'age': 19.788726922815293}"
testing Ar39<0.5
evaluate ot="Ar39<0.5" t="Ar39<0.5", ctx="{'Ar39': 91.41364566103043}"
GetData ===>> H2,-0.119909887075555,H1,252.126306614831,AX,87.9333629159381,L1,1.09433918968215,L2,0.3730724233...
GetData ===>> H2,-0.223468257883983,H1,251.987296321425,AX,88.0326822376842,L1,1.10641373728858,L2,0.4397562907...
Get Checksum: 799532470
GetData ===>> H2,-0.134394494989119,H1,252.098194316967,AX,87.9733357894916,L1,1.08024227539935,L2,0.2680169886...
GetData ===>> H2,-0.176122048619314,H1,252.154476324186,AX,87.9970968323991,L1,1.08016136769275,L2,0.3614243581...
Get Checksum: 799532470
GetData ===>> H2,-0.161323804239851,H1,251.99850770678,AX,88.0693380024406,L1,1.07979855478244,L2,0.39688684469...
testing age>100.0
evaluate ot="age>100.0" t="age>100.0", ctx="{'age': 19.791503902375382}"
testing Ar39<0.5
evaluate ot="Ar39<0.5" t="Ar39<0.5", ctx="{'Ar39': 91.40088942030675}"
GetData ===>> H2,-0.135059808013799,H1,251.578589158542,AX,87.9410601419277,L1,1.08221964925495,L2,0.4085277963...
GetData ===>> H2,-0.166962923539197,H1,251.582358521078,AX,87.7532169129807,L1,1.09896011283858,L2,0.3771381598...
GetData ===>> H2,-0.191845523915874,H1,251.567712207853,AX,87.8041559302784,L1,1.11851573580858,L2,0.3620638229...
GetData ===>> H2,-0.299654795785432,H1,251.324891608642,AX,87.6087877053844,L1,1.13603426328422,L2,0.3825175313...
Get Checksum: 799532470
GetData ===>> H2,-0.200658270516446,H1,251.31100909636,AX,87.8808072906151,L1,1.12073849301563,L2,0.31287174812...
testing age>100.0
evaluate ot="age>100.0" t="age>100.0", ctx="{'age': 19.793991847803603}"
testing Ar39<0.5
evaluate ot="Ar39<0.5" t="Ar39<0.5", ctx="{'Ar39': 91.39825768290102}"
GetData ===>> H2,-0.149882648343689,H1,251.215662259269,AX,87.7341474940879,L1,1.11590728032037,L2,0.2971684814...
GetData ===>> H2,-0.0587267758280338,H1,251.072822768965,AX,87.8046775710248,L1,1.06565515039355,L2,0.351912821...
Get Checksum: 799532470
GetData ===>> H2,-0.101736782208637,H1,251.016963354892,AX,87.7940936890262,L1,1.09121350907844,L2,0.3579758888...
GetData ===>> H2,-0.126402554924483,H1,251.128485611908,AX,87.583780385781,L1,1.09974206112966,L2,0.36711117780...
GetData ===>> H2,-0.134755553849849,H1,250.80074729775,AX,87.6546323870947,L1,1.10496031936021,L2,0.32175162386...
Get Checksum: 799532470
testing age>100.0
evaluate ot="age>100.0" t="age>100.0", ctx="{'age': 19.80447577889464}"
testing Ar39<0.5
evaluate ot="Ar39<0.5" t="Ar39<0.5", ctx="{'Ar39': 91.38268994165381}"
GetData ===>> H2,-0.199740070469877,H1,250.868432588455,AX,87.6908006563181,L1,1.07463455668585,L2,0.4318253690...
GetData ===>> H2,-0.22343458727888,H1,250.939530714068,AX,87.724571678677,L1,1.09785940941707,L2,0.395436108776...
GetData ===>> H2,-0.224779986574583,H1,251.040225224372,AX,87.5899881647167,L1,1.12454042165453,L2,0.3311345975...
Get Checksum: 799532470
GetData ===>> H2,-0.156433035741156,H1,250.729616310019,AX,87.5825018527556,L1,1.10926544497803,L2,0.3216717241...
GetData ===>> H2,-0.0704742779753773,H1,250.528017982408,AX,87.4130304246987,L1,1.09232093399423,L2,0.352552223...
testing age>100.0
evaluate ot="age>100.0" t="age>100.0", ctx="{'age': 19.810354208917747}"
testing Ar39<0.5
evaluate ot="Ar39<0.5" t="Ar39<0.5", ctx="{'Ar39': 91.36326198695839}"
20:35:01 -- collecting point 100
GetData ===>> H2,-0.111770213832121,H1,250.387263294353,AX,87.4645901693609,L1,1.09973193845384,L2,0.4523311935...
Get Checksum: 799532470
GetData ===>> H2,-0.199661864966147,H1,250.456305195206,AX,87.4116517197399,L1,1.05817459817469,L2,0.4012277604...
GetData ===>> H2,-0.155177925003118,H1,250.230210194011,AX,87.2351886957237,L1,1.10080119940232,L2,0.3727412333...
GetData ===>> H2,-0.149959624102737,H1,250.083170255278,AX,87.3017517758539,L1,1.09232472734803,L2,0.2883935763...
Get Checksum: 799532470
GetData ===>> H2,-0.214076248064379,H1,249.965388947794,AX,87.1980412957467,L1,1.09054787944123,L2,0.4019474576...
testing age>100.0
evaluate ot="age>100.0" t="age>100.0", ctx="{'age': 19.80912541100589}"
testing Ar39<0.5
evaluate ot="Ar39<0.5" t="Ar39<0.5", ctx="{'Ar39': 91.36448188520998}"
GetData ===>> H2,-0.230518019395071,H1,249.867641256995,AX,87.2287027363791,L1,1.10556799604639,L2,0.2813993317...
GetData ===>> H2,-0.136635037977809,H1,249.887222278841,AX,87.2682391709474,L1,1.11675305886019,L2,0.3657979264...
Get Checksum: 799532470
GetData ===>> H2,-0.123678006994523,H1,250.061675265215,AX,87.2380426547249,L1,1.12842990516907,L2,0.3896676517...
GetData ===>> H2,-0.0144764319572356,H1,249.881374617175,AX,87.0505870945859,L1,1.10855624544826,L2,0.228874615...
Get Checksum: 799532470
GetData ===>> H2,-0.0505012612858893,H1,249.636856076102,AX,87.1359995882977,L1,1.08376868090586,L2,0.358295609...
testing age>100.0
evaluate ot="age>100.0" t="age>100.0", ctx="{'age': 19.809294031989754}"
testing Ar39<0.5
evaluate ot="Ar39<0.5" t="Ar39<0.5", ctx="{'Ar39': 91.36168878579223}"
GetData ===>> H2,-0.220336462394205,H1,249.368582534497,AX,87.1222983350062,L1,1.08024986052848,L2,0.3848818092...
GetData ===>> H2,-0.324791673697476,H1,249.557953029345,AX,87.0636129451315,L1,1.09586072249289,L2,0.2546395892...
Get Checksum: 799532470
GetData ===>> H2,-0.23398608308919,H1,249.447184636911,AX,86.9505230495678,L1,1.05231586722653,L2,0.46129548678...
GetData ===>> H2,-0.288236063594703,H1,249.281940240666,AX,87.0021828740162,L1,1.0497625832436,L2,0.36528405034...
GetData ===>> H2,-0.161597927356674,H1,249.168043406645,AX,86.9868071444028,L1,1.08245483460316,L2,0.3649643066...
Get Checksum: 799532470
testing age>100.0
evaluate ot="age>100.0" t="age>100.0", ctx="{'age': 19.808439833462018}"
testing Ar39<0.5
evaluate ot="Ar39<0.5" t="Ar39<0.5", ctx="{'Ar39': 91.35879063862737}"
GetData ===>> H2,-0.194681409674385,H1,249.037642076797,AX,87.0499657765256,L1,1.08400516522362,L2,0.3288173057...
GetData ===>> H2,-0.151854143410318,H1,249.122862959984,AX,86.8598765201971,L1,1.11478811996477,L2,0.2466136901...
GetData ===>> H2,-0.117385385745623,H1,249.096888986148,AX,86.8097782191618,L1,1.12993716145822,L2,0.4355964747...
Get Checksum: 799532470
GetData ===>> H2,-0.18800165668182,H1,248.951529159506,AX,86.8054504016827,L1,1.09095155479198,L2,0.36036239904...
GetData ===>> H2,-0.221519238113988,H1,248.666128573141,AX,86.7389898298011,L1,1.05545122987581,L2,0.3707426970...
testing age>100.0
evaluate ot="age>100.0" t="age>100.0", ctx="{'age': 19.809469453577673}"
testing Ar39<0.5
evaluate ot="Ar39<0.5" t="Ar39<0.5", ctx="{'Ar39': 91.35760974983785}"
GetData ===>> H2,-0.229336185231945,H1,248.579499283285,AX,86.7556732956338,L1,1.06201147977516,L2,0.3014592348...
Get Checksum: 799532470
measurement finished
estimated time: 125.829 actual time: :126.247
flush and close file /Users/jan/PychronDev/data/isotopes/42/565bf8-46ed-4852-8e93-ccd00cd92102.h5
baselines () {'settling_time': 15.0, 'detector': 'H1', 'mass': 34.2, 'ncounts': 60.0}
%%%%%%%%%%%%%%%%%%%%%%%%%%%%%%%% Baseline
build tables- baseline [Detector(H2), Detector(H1), Detector(AX), Detector(L1), Detector(L2), Detector(CDD)]
add group baseline table H2
add group baseline table H1
add group baseline table AX
add group baseline table L1
add group baseline table L2
add group baseline table CDD
flush and close file /Users/jan/PychronDev/data/isotopes/42/565bf8-46ed-4852-8e93-ccd00cd92102.h5
detector Detector(H1)
POSITION 34.2 H1
Mapping mass to dac mass func: "parabolic"
H1 map mass coeffs = [-0.00063987  0.15840543  0.57057999]
H1 map mass to dac 34.2 >> 5.23962599104
GetDeflection H1 ===>> 0
GetHighVoltage ===>> 4499.94659342336
positioning 34.2 (5.23959513538) on H1
setting magnet DAC
current  : 5.878935
requested: 5.239595
Delta Dac: 0.639340
Checking detector protection. dv=0.63934
Checking detector "CDD". Protection Threshold: 0.1 (V)
ProtectDetector CDD,On ===>> OK
GetDeflection CDD ===>> 2000
SetMagnetDAC 5.23959513538 ===>> OK
Magnet settling time: 0.500
GetMagnetMoving ===>> True
GetMagnetMoving ===>> True
GetMagnetMoving ===>> True
GetMagnetMoving ===>> True
GetMagnetMoving ===>> True
GetMagnetMoving ===>> True
GetMagnetMoving ===>> True
Get Checksum: 799532470
GetMagnetMoving ===>> True
GetMagnetMoving ===>> False
ProtectDetector CDD,Off ===>> OK
GetDeflection CDD ===>> 50
Delaying 15.0s for detectors to settle
Get Checksum: 799532470
Get Checksum: 799532470
Get Checksum: 799532470
Get Checksum: 799532470
Get Checksum: 799532470
Join finished
measuring baseline. ncounts=60.0
starting measurement
GetData ===>> H2,-0.198314757728872,H1,-0.00625296827447814,AX,-0.0159377625174485,L1,-0.08960420677619,L2,0.00...
GetData ===>> H2,-0.179600198694444,H1,-0.0132782184335099,AX,-0.078238604852752,L1,-0.033834534336712,L2,-0.11...
GetData ===>> H2,-0.185316512074532,H1,-0.0516877178809548,AX,-0.126226995377762,L1,-0.0556892497371785,L2,-0.0...
Get Checksum: 799532470
GetData ===>> H2,-0.154568558481578,H1,-0.0365212445235795,AX,-0.045185745287326,L1,-0.0539263004426529,L2,-0.0...
GetData ===>> H2,-0.210598642444536,H1,-0.0619881626705119,AX,-0.102867335548091,L1,-0.0486429907868946,L2,0.01...
GetData ===>> H2,-0.194426694234462,H1,-0.126617508185167,AX,-0.0732541502790226,L1,-0.0585390284780768,L2,0.03...
Get Checksum: 799532470
GetData ===>> H2,-0.135143645505068,H1,-0.0833009940379935,AX,0.00914224903289967,L1,-0.0271669276471906,L2,0.0...
GetData ===>> H2,-0.125652186384644,H1,-0.00767237095640179,AX,-0.0489541759717131,L1,-0.0348245838140314,L2,0....
GetData ===>> H2,-0.0951928230119504,H1,-0.0305947259412463,AX,-0.145261146101627,L1,-0.0673166724415406,L2,-0....
Get Checksum: 799532470
GetData ===>> H2,-0.0970292490242895,H1,-0.0405634774080397,AX,-0.0954851656359884,L1,-0.0280762437604387,L2,-0...
GetData ===>> H2,-0.188988701913078,H1,-0.0408496469990858,AX,-0.160425565067669,L1,-0.0363176332401249,L2,-0.0...
GetData ===>> H2,-0.196504877696836,H1,0.00880109547585231,AX,0.000650050683154329,L1,-0.0278618011240944,L2,0....
Get Checksum: 799532470
GetData ===>> H2,-0.303524730663924,H1,-0.00571621411638008,AX,0.00527890301054806,L1,-0.00192606957619611,L2,-...
GetData ===>> H2,-0.288574483238967,H1,-0.100462390726164,AX,-0.102542856332406,L1,-0.029696994669976,L2,0.0221...
GetData ===>> H2,-0.201304067022681,H1,-0.0772342128451118,AX,-0.0338563841272243,L1,-0.0151440091475225,L2,0.0...
Get Checksum: 799532470
GetData ===>> H2,-0.163180419846053,H1,-0.033182403978471,AX,-0.0579862203976881,L1,-0.056244666960305,L2,0.122...
GetData ===>> H2,-0.208899856784578,H1,0.00141692552830826,AX,0.0152798317070771,L1,-0.0538437700978273,L2,-0.0...
GetData ===>> H2,-0.184148390009911,H1,0.0224733875431539,AX,0.0346464997499821,L1,-0.0542419083938173,L2,-0.01...
Get Checksum: 799532470
GetData ===>> H2,-0.188249774510991,H1,-0.0909643981011897,AX,-0.10915970063728,L1,-0.0332454430683723,L2,-0.01...
GetData ===>> H2,-0.150991318920786,H1,-0.0152938613181107,AX,-0.146153918219357,L1,-0.0178761718283477,L2,-0.1...
GetData ===>> H2,-0.212729509895121,H1,-0.00520331300937187,AX,-0.0606527741263102,L1,-0.0535124458002494,L2,0....
Get Checksum: 799532470
GetData ===>> H2,-0.203177881591497,H1,-0.0078632134794308,AX,-0.108673012887127,L1,-0.0576402565586835,L2,0.01...
GetData ===>> H2,-0.170304299406195,H1,-0.0550020970549568,AX,-0.109704324518622,L1,-0.021004414467091,L2,-0.03...
Get Checksum: 799532470
GetData ===>> H2,-0.230246127723611,H1,0.00151235559127119,AX,-0.0803714097353955,L1,-0.012080758201307,L2,0.06...
20:36:07 -- collecting point 25
GetData ===>> H2,-0.150437672378937,H1,-0.0363543051417057,AX,-0.0632033223638075,L1,-0.0132770103663757,L2,-0....
GetData ===>> H2,-0.146460075078122,H1,0.00516262379355332,AX,-0.111036902009803,L1,0.00664749903989604,L2,-0.0...
Get Checksum: 799532470
GetData ===>> H2,-0.177046690235687,H1,-0.0403250021236755,AX,-0.0503687492046757,L1,-0.00373780164098055,L2,-0...
GetData ===>> H2,-0.170748212578796,H1,-0.0920131542414325,AX,-0.0950679462177326,L1,-0.0235192525454344,L2,-0....
GetData ===>> H2,-0.135259935193116,H1,-0.0932883315572617,AX,-0.0572673977585524,L1,-0.046395306098847,L2,0.02...
set states for children of V. state=True
handle state [('V', True)]
update switch state V True args=() kw={'refresh': False} ncanvase=3
refresh_canvas_needed fired
Get Checksum: -861571959
GetData ===>> H2,-0.256181479049099,H1,0.0148138106510267,AX,-0.111952314231705,L1,-0.0118853648296153,L2,-0.04...
GetData ===>> H2,-0.192767534323853,H1,0.0502532182331762,AX,-0.070483610473286,L1,0.0106939568229374,L2,-0.070...
GetData ===>> H2,-0.217056912943575,H1,-0.000384299845612568,AX,-0.11391057221399,L1,-0.0262635203422256,L2,-0....
Get Checksum: -861571959
GetData ===>> H2,-0.227281814806502,H1,-0.0541794736164779,AX,-0.0546587226130139,L1,-0.0210559641709538,L2,-0....
GetData ===>> H2,-0.114691153494273,H1,-0.00186342757204621,AX,-0.0968990625812706,L1,-0.00576151680272756,L2,-...
GetData ===>> H2,-0.143472920974763,H1,-0.046608636082701,AX,-0.116100530011986,L1,0.0360645495718336,L2,-0.002...
Get Checksum: -861571959
GetData ===>> H2,-0.191524689812094,H1,0.0328063932905078,AX,-0.0576615914762148,L1,0.00476336444748241,L2,-0.1...
GetData ===>> H2,-0.198510293755687,H1,0.0731842471611401,AX,0.0133770236678705,L1,-0.0299018159923589,L2,0.008...
GetData ===>> H2,-0.115411121435077,H1,-0.060867563826039,AX,-0.0740539985608915,L1,0.000271242908388128,L2,0.0...
Get Checksum: -861571959
GetData ===>> H2,-0.168313897323901,H1,-0.0707975398879455,AX,-0.00124087077557669,L1,-0.00459676066685002,L2,-...
GetData ===>> H2,-0.184364218406622,H1,-0.0404084685378557,AX,-0.0584267864874914,L1,-0.0204769139439101,L2,-0....
GetData ===>> H2,-0.248627191677232,H1,-0.0869480371321839,AX,-0.110631336879546,L1,-0.0528425871192432,L2,0.09...
Get Checksum: -861571959
GetData ===>> H2,-0.196407767156943,H1,0.0338087277268919,AX,-0.197294918385572,L1,-0.0734951748721125,L2,0.007...
GetData ===>> H2,-0.200375133074818,H1,-0.0234275817460493,AX,-0.193192575569519,L1,-0.0512060301652471,L2,-0.1...
GetData ===>> H2,-0.218894871332591,H1,-0.0489932136298997,AX,-0.130374602511729,L1,-0.0585880936039423,L2,0.06...
Get Checksum: -861571959
GetData ===>> H2,-0.260102093564904,H1,-0.0705352962856896,AX,-0.0994023051403498,L1,-0.0215690491492218,L2,-0....
GetData ===>> H2,-0.312206822178857,H1,-0.0860064929843805,AX,0.0264653820842205,L1,-0.00939886269704755,L2,0.0...
GetData ===>> H2,-0.273204433556959,H1,-0.0908809738452863,AX,-0.138037506684118,L1,-0.0114621993092483,L2,-0.0...
GetData ===>> H2,-0.0988247592094694,H1,0.0646354110789506,AX,-0.111036902009803,L1,-0.00243482725912051,L2,-0....
Get Checksum: -861571959
GetData ===>> H2,-0.0998645629844114,H1,-0.0798326042447116,AX,-0.0434348247643598,L1,0.0146471823100284,L2,-0....
20:36:33 -- collecting point 50
GetData ===>> H2,-0.209258226148831,H1,-0.0700584879754327,AX,-0.149597391058453,L1,-0.025001729495677,L2,-0.08...
GetData ===>> H2,-0.167124886937392,H1,0.0358850238397103,AX,0.00257581213105432,L1,-0.0449779769619115,L2,-0.0...
Get Checksum: -861571959
GetData ===>> H2,-0.167124886937392,H1,0.0358850238397103,AX,0.00257581213105432,L1,-0.0449779769619115,L2,-0.0...
GetData ===>> H2,-0.155069835770637,H1,-0.0318826109309221,AX,-0.103272933045817,L1,-0.0210116074648884,L2,-0.0...
GetData ===>> H2,-0.141191832142162,H1,-0.0475624739198597,AX,-0.0975596467343647,L1,-0.0293352532548171,L2,-0....
Get Checksum: -861571959
testing age>100.0
evaluate ot="age>100.0" t="age>100.0", ctx="{'age': 19.799417455872558}"
GetData ===>> H2,-0.140844493420097,H1,-0.0507816095035139,AX,-0.184002236014215,L1,-0.0218663387506333,L2,-0.0...
GetData ===>> H2,-0.151565192287217,H1,0.00692816074898697,AX,-0.0520151937943878,L1,-0.0141627206981338,L2,-0....
GetData ===>> H2,-0.299420014249685,H1,-0.0469782493234703,AX,-0.0570239243705012,L1,-0.0281936461717315,L2,-0....
Get Checksum: -861571959
GetData ===>> H2,-0.245562620098866,H1,-0.0160094644130691,AX,-0.143881391256305,L1,-0.0296155440958009,L2,-0.0...
GetData ===>> H2,-0.272388922116731,H1,-0.0281381586190175,AX,0.0493742441856356,L1,-0.0250736306631931,L2,-0.0...
testing age>100.0
evaluate ot="age>100.0" t="age>100.0", ctx="{'age': 19.799447956290532}"
GetData ===>> H2,-0.345132180228585,H1,0.0474605671925811,AX,-0.0644785714134157,L1,-0.00790354855519737,L2,-0....
Get Checksum: -861571959
measurement finished
estimated time: 62.915 actual time: :63.127
flush and close file /Users/jan/PychronDev/data/isotopes/42/565bf8-46ed-4852-8e93-ccd00cd92102.h5
activate_detectors ('H1', 'AX', 'CDD') {'peak_center': True}
peak_center () {'detector': 'H1', 'isotope': 'Ar40'}
peak center: mean=249.090967235 threshold=3
peak center started
setup peak center. detector=['H1', 'AX', 'CDD'], isotope=Ar40
VersionedUnpickler [<apptools.sweet_pickle.versioned_unpickler.VersionedUnpickler object at 0x14ea9fd70>] using Updater [<apptools.sweet_pickle.updater.Updater object at 0x137c6f7d0>]
VersionedUnpickler [<apptools.sweet_pickle.versioned_unpickler.VersionedUnpickler object at 0x14ea9fd70>] using Updater [<apptools.sweet_pickle.updater.Updater object at 0x137c6f7d0>]
VersionedUnpickler [<apptools.sweet_pickle.versioned_unpickler.VersionedUnpickler object at 0x1481a6d10>] using Updater [<apptools.sweet_pickle.updater.Updater object at 0x137c6f7d0>]
setting integration time = 0.524288
SetIntegrationTime 0.524288 ===>> OK
Mapping mass to dac mass func: "parabolic"
H1 map mass coeffs = [-0.00063987  0.15840543  0.57057999]
H1 map mass to dac 39.9624 >> 5.87897
GetDeflection H1 ===>> 0
GetHighVoltage ===>> 4499.94659342336
do peak center. <pychron.spectrometer.jobs.peak_center.PeakCenter object at 0x13a1fcef0>
doing pc
starting peak center. center dac= 5.8789353793 step_width=0.001
width = 0.001
get scan parameters. half-width=0.015,window=0.015, i=0, scalar=1
Scan parameters center=5.87894 width=0.03000 (5.86394 - 5.89394)
GetData ===>> H2,-0.0334699040953652,H1,-0.0289967715276561,AX,0.0472386411716667,L1,-0.0220629286610405,L2,0.0...
Moving to starting dac 5.8639353793
setting magnet DAC
current  : 5.239595
requested: 5.863935
Delta Dac: 0.624340
Checking detector protection. dv=0.62434
Checking detector "CDD". Protection Threshold: 0.1 (V)
ProtectDetector CDD,On ===>> OK
GetDeflection CDD ===>> 2000
SetMagnetDAC 5.8639353793 ===>> OK
Magnet settling time: 0.500
GetMagnetMoving ===>> True
GetMagnetMoving ===>> True
GetMagnetMoving ===>> True
GetMagnetMoving ===>> True
GetMagnetMoving ===>> True
GetMagnetMoving ===>> True
GetMagnetMoving ===>> True
GetMagnetMoving ===>> True
Get Checksum: -861571959
GetMagnetMoving ===>> False
ProtectDetector CDD,Off ===>> OK
GetDeflection CDD ===>> 50
Wait until signal near baseline. tol= -0.0217475786457. timeout= 10
GetData ===>> H2,1.10508595329948,H1,0.491805981101368,AX,-0.00766740900979692,L1,-0.00388896454825375,L2,-0.02...
GetData ===>> H2,12.2945188280131,H1,9.14851713850322,AX,0.994478469459772,L1,-0.0023676343214938,L2,0.08010540...
GetData ===>> H2,13.494910682236,H1,9.38915642865317,AX,1.93852464396556,L1,-0.0399977838731616,L2,-0.125434194...
GetData ===>> H2,7.13465777982642,H1,4.62677928960959,AX,1.02907110341768,L1,-0.0169188305270434,L2,-0.12167424...
GetData ===>> H2,2.87384772370692,H1,2.33688413357374,AX,0.433391909712511,L1,-0.0173597380514156,L2,-0.0804707...
GetData ===>> H2,0.878856420418886,H1,1.19407227253234,AX,0.156547080830157,L1,-0.0264659071714023,L2,-0.026436...
Get Checksum: -861571959
GetData ===>> H2,0.249806666111854,H1,0.773189790361761,AX,-0.0127480179758453,L1,-0.011437024595754,L2,0.01601...
GetData ===>> H2,-0.00655932443748701,H1,0.427891877872067,AX,0.0170434431010482,L1,-0.00342587100801934,L2,-0....
GetData ===>> H2,-0.114346039894655,H1,0.281121341222535,AX,-0.0905247745179631,L1,-0.0117295269059455,L2,-0.17...
GetData ===>> H2,-0.163495001660947,H1,0.186773139600738,AX,-0.101117452673093,L1,-0.0308364302992538,L2,-0.111...
GetData ===>> H2,-0.151520034201522,H1,0.1330870826459,AX,0.0759089786864361,L1,-0.00782559906430757,L2,0.06800...
GetData ===>> H2,-0.136603995009752,H1,0.180904671213189,AX,0.0636035139796185,L1,-0.0083892202476393,L2,0.0887...
Get Checksum: -861571959
GetData ===>> H2,-0.11674402429239,H1,0.1847692336997,AX,0.0732901713853062,L1,-0.00773445735563248,L2,-0.05591...
GetData ===>> H2,-0.141122723768046,H1,0.266986129166136,AX,-0.0398865051119724,L1,-0.0273875610511821,L2,0.119...
GetData ===>> H2,-0.147769248354709,H1,0.215476332649245,AX,0.022891435814592,L1,-0.0260230044815244,L2,-0.0029...
GetData ===>> H2,-0.109659577227584,H1,0.223709438966036,AX,0.0216150582290985,L1,0.0107715511102148,L2,-0.0364...
GetData ===>> H2,-0.0744739748724201,H1,0.205573637142087,AX,-0.0730223089682459,L1,0.0231345852696142,L2,0.044...
GetData ===>> H2,-0.116213588294552,H1,0.196864846291933,AX,-0.0642351160673949,L1,-0.0170650030972154,L2,0.002...
Get Checksum: -861571959
GetData ===>> H2,-0.139969579134537,H1,0.273934100863937,AX,0.0795939684087704,L1,-0.0192190050674113,L2,0.0014...
GetData ===>> H2,-0.048394419244669,H1,0.158173564791153,AX,-0.0710516355232576,L1,-0.0142226441567627,L2,0.015...
GetData ===>> H2,-0.109364408841554,H1,0.184912368506329,AX,-0.0591803817539665,L1,-0.0151430236497094,L2,-0.00...
Peak center failed to move to a baseline position
_do_sweep sm= 5.8639353793, em= 5.8939353793, stm= 0.001
calculated step values: start=5.8639353793, end=5.8939353793, width=0.001, nsteps=31.0
setting magnet DAC
current  : 5.863935
requested: 5.863935
Delta Dac: 0.000000
Checking detector protection. dv=0.00000
Checking detector "CDD". Protection Threshold: 0.1 (V)
SetMagnetDAC 5.8639353793 ===>> OK
GetData ===>> H2,-0.109364408841554,H1,0.184912368506329,AX,-0.0591803817539665,L1,-0.0151430236497094,L2,-0.00...
setting magnet DAC
current  : 5.863935
requested: 5.864970
Delta Dac: 0.001034
Checking detector protection. dv=0.00103
Checking detector "CDD". Protection Threshold: 0.1 (V)
SetMagnetDAC 5.86496986206 ===>> OK
Magnet settling time: 1.049
GetData ===>> H2,-0.175839151866978,H1,0.268920052299149,AX,0.0486778467515506,L1,-0.0113243370111893,L2,0.0754...
setting magnet DAC
current  : 5.864970
requested: 5.866004
Delta Dac: 0.001034
Checking detector protection. dv=0.00103
Checking detector "CDD". Protection Threshold: 0.1 (V)
SetMagnetDAC 5.86600434481 ===>> OK
Magnet settling time: 1.049
Get Checksum: -861571959
GetData ===>> H2,-0.177551804555302,H1,1.76580847472827,AX,0.284759432002679,L1,-0.00764811181778378,L2,-0.0480...
setting magnet DAC
current  : 5.866004
requested: 5.867039
Delta Dac: 0.001034
Checking detector protection. dv=0.00103
Checking detector "CDD". Protection Threshold: 0.1 (V)
SetMagnetDAC 5.86703882757 ===>> OK
Magnet settling time: 1.049
GetData ===>> H2,-0.00206435500004136,H1,6.75571783655522,AX,1.53182213670933,L1,0.0379580425628309,L2,-0.02493...
setting magnet DAC
current  : 5.867039
requested: 5.868073
Delta Dac: 0.001034
Checking detector protection. dv=0.00103
Checking detector "CDD". Protection Threshold: 0.1 (V)
SetMagnetDAC 5.86807331033 ===>> OK
Magnet settling time: 1.049
GetData ===>> H2,-0.202013187315026,H1,22.18629940186,AX,4.95713635633891,L1,0.0323639472593161,L2,-0.111054439...
setting magnet DAC
current  : 5.868073
requested: 5.869108
Delta Dac: 0.001034
Checking detector protection. dv=0.00103
Checking detector "CDD". Protection Threshold: 0.1 (V)
SetMagnetDAC 5.86910779309 ===>> OK
Magnet settling time: 1.049
Get Checksum: -861571959
GetData ===>> H2,-0.201239354212293,H1,56.5519097768456,AX,13.7953399078432,L1,0.022944897825948,L2,0.011319134...
setting magnet DAC
current  : 5.869108
requested: 5.870142
Delta Dac: 0.001034
Checking detector protection. dv=0.00103
Checking detector "CDD". Protection Threshold: 0.1 (V)
SetMagnetDAC 5.87014227585 ===>> OK
Magnet settling time: 1.049
GetData ===>> H2,-0.110872665826222,H1,109.052503143527,AX,29.6118303544065,L1,0.177506317740336,L2,-0.12823696...
setting magnet DAC
current  : 5.870142
requested: 5.871177
Delta Dac: 0.001034
Checking detector protection. dv=0.00103
Checking detector "CDD". Protection Threshold: 0.1 (V)
SetMagnetDAC 5.87117675861 ===>> OK
Magnet settling time: 1.049
Get Checksum: -861571959
GetData ===>> H2,-0.0370487927906979,H1,191.499274502956,AX,58.7961916926679,L1,0.436726024387004,L2,0.05982210...
setting magnet DAC
current  : 5.871177
requested: 5.872211
Delta Dac: 0.001034
Checking detector protection. dv=0.00103
Checking detector "CDD". Protection Threshold: 0.1 (V)
SetMagnetDAC 5.87221124137 ===>> OK
Magnet settling time: 1.049
GetData ===>> H2,-0.140874280968232,H1,221.642406723447,AX,72.7727329921616,L1,0.620403459866298,L2,0.194433209...
setting magnet DAC
current  : 5.872211
requested: 5.873246
Delta Dac: 0.001034
Checking detector protection. dv=0.00103
Checking detector "CDD". Protection Threshold: 0.1 (V)
SetMagnetDAC 5.87324572412 ===>> OK
Magnet settling time: 1.049
GetData ===>> H2,-0.149234631085114,H1,233.788383755563,AX,79.44564908651,L1,0.758761673197499,L2,0.43559247720...
setting magnet DAC
current  : 5.873246
requested: 5.874280
Delta Dac: 0.001034
Checking detector protection. dv=0.00103
Checking detector "CDD". Protection Threshold: 0.1 (V)
SetMagnetDAC 5.87428020688 ===>> OK
Magnet settling time: 1.049
Get Checksum: -861571959
GetData ===>> H2,-0.171765504203739,H1,237.358154880532,AX,81.9235669624841,L1,0.825606835946087,L2,0.389296491...
setting magnet DAC
current  : 5.874280
requested: 5.875315
Delta Dac: 0.001034
Checking detector protection. dv=0.00103
Checking detector "CDD". Protection Threshold: 0.1 (V)
SetMagnetDAC 5.87531468964 ===>> OK
Magnet settling time: 1.049
GetData ===>> H2,-0.164475144793649,H1,238.487727651215,AX,82.4651599453845,L1,0.932142222273501,L2,0.255975401...
setting magnet DAC
current  : 5.875315
requested: 5.876349
Delta Dac: 0.001034
Checking detector protection. dv=0.00103
Checking detector "CDD". Protection Threshold: 0.1 (V)
SetMagnetDAC 5.8763491724 ===>> OK
Magnet settling time: 1.049
GetData ===>> H2,-0.148878422871708,H1,239.03593155812,AX,82.6642392843065,L1,1.04018328710513,L2,0.44828897122...
setting magnet DAC
current  : 5.876349
requested: 5.877384
Delta Dac: 0.001034
Checking detector protection. dv=0.00103
Checking detector "CDD". Protection Threshold: 0.1 (V)
SetMagnetDAC 5.87738365516 ===>> OK
Magnet settling time: 1.049
Get Checksum: -861571959
GetData ===>> H2,-0.150335567543693,H1,238.778716587942,AX,82.7180136766235,L1,1.06110707317356,L2,0.3433878479...
setting magnet DAC
current  : 5.877384
requested: 5.878418
Delta Dac: 0.001034
Checking detector protection. dv=0.00103
Checking detector "CDD". Protection Threshold: 0.1 (V)
SetMagnetDAC 5.87841813792 ===>> OK
Magnet settling time: 1.049
GetData ===>> H2,-0.084146070928933,H1,238.815918737238,AX,82.8356434927395,L1,1.01075857512721,L2,0.2649240581...
setting magnet DAC
current  : 5.878418
requested: 5.879453
Delta Dac: 0.001034
Checking detector protection. dv=0.00103
Checking detector "CDD". Protection Threshold: 0.1 (V)
SetMagnetDAC 5.87945262068 ===>> OK
Magnet settling time: 1.049
GetData ===>> H2,-0.0751110848690946,H1,238.46367310497,AX,82.562011894844,L1,1.00952439863678,L2,0.47645104525...
setting magnet DAC
current  : 5.879453
requested: 5.880487
Delta Dac: 0.001034
Checking detector protection. dv=0.00103
Checking detector "CDD". Protection Threshold: 0.1 (V)
SetMagnetDAC 5.88048710343 ===>> OK
Magnet settling time: 1.049
Get Checksum: -861571959
GetData ===>> H2,-0.171185362349511,H1,238.58344335879,AX,82.6285113239268,L1,1.10754318537652,L2,0.38616980740...
setting magnet DAC
current  : 5.880487
requested: 5.881522
Delta Dac: 0.001034
Checking detector protection. dv=0.00103
Checking detector "CDD". Protection Threshold: 0.1 (V)
SetMagnetDAC 5.88152158619 ===>> OK
Magnet settling time: 1.049
GetData ===>> H2,-0.174908546928034,H1,238.419440543287,AX,82.7629187140151,L1,1.08157348514429,L2,0.3495700865...
setting magnet DAC
current  : 5.881522
requested: 5.882556
Delta Dac: 0.001034
Checking detector protection. dv=0.00103
Checking detector "CDD". Protection Threshold: 0.1 (V)
SetMagnetDAC 5.88255606895 ===>> OK
Magnet settling time: 1.049
Get Checksum: -861571959
GetData ===>> H2,-0.197693065563443,H1,238.083010096435,AX,82.2770339546976,L1,1.045590085418,L2,0.298960466355...
setting magnet DAC
current  : 5.882556
requested: 5.883591
Delta Dac: 0.001034
Checking detector protection. dv=0.00103
Checking detector "CDD". Protection Threshold: 0.1 (V)
SetMagnetDAC 5.88359055171 ===>> OK
Magnet settling time: 1.049
GetData ===>> H2,-0.0732782806467872,H1,236.460041685303,AX,80.9701009822569,L1,1.03050734123995,L2,0.448037765...
setting magnet DAC
current  : 5.883591
requested: 5.884625
Delta Dac: 0.001034
Checking detector protection. dv=0.00103
Checking detector "CDD". Protection Threshold: 0.1 (V)
SetMagnetDAC 5.88462503447 ===>> OK
Magnet settling time: 1.049
GetData ===>> H2,-0.198726053725473,H1,230.767339326115,AX,77.670337869019,L1,0.995731577907802,L2,0.3285384176...
setting magnet DAC
current  : 5.884625
requested: 5.885660
Delta Dac: 0.001034
Checking detector protection. dv=0.00103
Checking detector "CDD". Protection Threshold: 0.1 (V)
SetMagnetDAC 5.88565951723 ===>> OK
Magnet settling time: 1.049
Get Checksum: -861571959
GetData ===>> H2,-0.133286053670413,H1,214.180272525554,AX,68.1974365875089,L1,0.905234670415726,L2,0.222756880...
setting magnet DAC
current  : 5.885660
requested: 5.886694
Delta Dac: 0.001034
Checking detector protection. dv=0.00103
Checking detector "CDD". Protection Threshold: 0.1 (V)
SetMagnetDAC 5.88669399999 ===>> OK
Magnet settling time: 1.049
GetData ===>> H2,-0.0570459679897869,H1,177.210189360321,AX,51.099296194357,L1,0.760647028815858,L2,0.246773516...
setting magnet DAC
current  : 5.886694
requested: 5.887728
Delta Dac: 0.001034
Checking detector protection. dv=0.00103
Checking detector "CDD". Protection Threshold: 0.1 (V)
SetMagnetDAC 5.88772848275 ===>> OK
Magnet settling time: 1.049
GetData ===>> H2,-0.165868260201406,H1,91.49043304233,AX,20.9125789110917,L1,0.433437552276876,L2,-0.0390487025...
setting magnet DAC
current  : 5.887728
requested: 5.888763
Delta Dac: 0.001034
Checking detector protection. dv=0.00103
Checking detector "CDD". Protection Threshold: 0.1 (V)
SetMagnetDAC 5.8887629655 ===>> OK
Magnet settling time: 1.049
Get Checksum: -861571959
GetData ===>> H2,-0.0507890970302439,H1,40.6468319424063,AX,7.64927362166064,L1,0.295420659164258,L2,-0.1267330...
setting magnet DAC
current  : 5.888763
requested: 5.889797
Delta Dac: 0.001034
Checking detector protection. dv=0.00103
Checking detector "CDD". Protection Threshold: 0.1 (V)
SetMagnetDAC 5.88979744826 ===>> OK
Magnet settling time: 1.049
GetData ===>> H2,-0.221021522597238,H1,14.0556747850473,AX,2.20711390279963,L1,0.181866471222134,L2,0.111792433...
setting magnet DAC
current  : 5.889797
requested: 5.890832
Delta Dac: 0.001034
Checking detector protection. dv=0.00103
Checking detector "CDD". Protection Threshold: 0.1 (V)
SetMagnetDAC 5.89083193102 ===>> OK
Magnet settling time: 1.049
GetData ===>> H2,-0.227398961016698,H1,3.94383904438975,AX,0.507690416766724,L1,0.0641335513341107,L2,-0.043328...
setting magnet DAC
current  : 5.890832
Get Checksum: -861571959
requested: 5.891866
Delta Dac: 0.001034
Checking detector protection. dv=0.00103
Checking detector "CDD". Protection Threshold: 0.1 (V)
SetMagnetDAC 5.89186641378 ===>> OK
Magnet settling time: 1.049
GetData ===>> H2,-0.129304864879155,H1,0.986998528367589,AX,0.0781802137264818,L1,-0.0115233376369999,L2,-0.062...
setting magnet DAC
current  : 5.891866
requested: 5.892901
Delta Dac: 0.001034
Checking detector protection. dv=0.00103
Checking detector "CDD". Protection Threshold: 0.1 (V)
SetMagnetDAC 5.89290089654 ===>> OK
Magnet settling time: 1.049
GetData ===>> H2,-0.130418549229322,H1,0.221203639349965,AX,-0.189267754353619,L1,0.00662594065834259,L2,0.0070...
setting magnet DAC
current  : 5.892901
requested: 5.893935
Delta Dac: 0.001034
Checking detector protection. dv=0.00103
Checking detector "CDD". Protection Threshold: 0.1 (V)
SetMagnetDAC 5.8939353793 ===>> OK
Magnet settling time: 1.049
Get Checksum: -861571959
GetData ===>> H2,-0.237576567009404,H1,0.0809787923718776,AX,-0.206679860523124,L1,0.00739307364442115,L2,-0.00...
result of _do_sweep=True
result of _calculate_peak_center=([5.8709881054388884, 5.8788534913831914, 5.8867188773274943], [176.46389134923737, 239.03386971467168, 175.05109767899802], 5.8763574648473611, 239.03386971467168)
Failed to find a valid peak. No peak greater than 1.0. max = 0.037804745784
new center pos Detector(H1) (Ar40) @ 5.87885349138
GetHighVoltage ===>> 4499.94659342336
GetDeflection H1 ===>> 0
dac uncorrected for HV and deflection 5.8788881116
update mftable H1 Ar40 5.8788881116 message=automated run peakcenter
get initial guess parabolic
get initial guess parabolic
get initial guess parabolic
get initial guess parabolic
get initial guess parabolic
get initial guess parabolic
dump mftable to /Users/jan/PychronDev/setupfiles/spectrometer/mftables/mftable.csv
add to repo msg=modified - automated run peakcenter
locally archiving mftable
setting magnet DAC
current  : 5.893935
requested: 5.878853
Delta Dac: 0.015082
Checking detector protection. dv=0.01508
Checking detector "CDD". Protection Threshold: 0.1 (V)
SetMagnetDAC 5.87885349138 ===>> OK
Magnet settling time: 0.500
sweep finished
setting integration time = 1.048576
SetIntegrationTime 1.048576 ===>> OK
Failed to find a valid peak. No peak greater than 1.0. max = 0.0377957959169
flush and close file /Users/jan/PychronDev/data/isotopes/42/565bf8-46ed-4852-8e93-ccd00cd92102.h5
finished measure script
executed 278.04
jan_co2_whiff_120_60_large.py completed successfully
Measurement Finished
20:37:32 -- ******* Measurement Finished *******
Post Measurement Started jan_pump_ms.py
20:37:32 -- ******* Post Measurement Started jan_pump_ms.py *******
testing...
no interpolation path defined
executed 0
Pumping spectrometer
open () {'name': 'O'}
opening name=O desc=---
checking ownership. requestor=129.138.12.150
check software interlocks O
interlocks []
actuate state mode=None-script, software_lock=False
doing actuation None-script open_channel True
Open O ===>> OK
set states for children of O. state=True
handle state [('O', True)]
update switch state O True args=() kw={'refresh': False} ncanvase=3
refresh_canvas_needed fired
GetValveState O ===>> OK
change switch state (True, True)
update switch state O True args=() kw={} ncanvase=3
20:37:32 -- OPEN   VALVE-O (Jan Ion Pump)
---------------------------------------- open O () result=[(True, True)], time=0.18 sec
action=open, ok=True, locked=[False]
executed 0
jan_pump_ms.py completed successfully
setting _ms_pumptime
Post Measurement Finished
20:37:32 -- ******* Post Measurement Finished *******
$$$$$$$$$$$$$$$$$$$$ state at run end measurement
state changed from measurement to success
post measurement save measured=True aborted=False
Set filtering
setting fod for Ar40= {'filter_outliers': True, 'std_devs': 2, 'iterations': 1}
setting fod for H1= {'filter_outliers': True, 'std_devs': 2, 'iterations': 1}
setting fod for PM41= {'filter_outliers': False, 'std_devs': 2, 'iterations': 1}
setting fod for H2= {'filter_outliers': True, 'std_devs': 2, 'iterations': 1}
setting fod for Ar36= {'filter_outliers': True, 'std_devs': 2, 'iterations': 1}
setting fod for CDD= {'filter_outliers': True, 'std_devs': 10, 'iterations': 1}
setting fod for Ar37= {'filter_outliers': True, 'std_devs': 2, 'iterations': 1}
setting fod for L2= {'filter_outliers': True, 'std_devs': 2, 'iterations': 1}
setting fod for Ar38= {'filter_outliers': True, 'std_devs': 2, 'iterations': 1}
setting fod for L1= {'filter_outliers': True, 'std_devs': 2, 'iterations': 1}
setting fod for Ar39= {'filter_outliers': True, 'std_devs': 2, 'iterations': 1}
setting fod for AX= {'filter_outliers': True, 'std_devs': 2, 'iterations': 1}
persistence save...
persistence save - db
post measurement save
5609069072 connecting to database sqlite:////Users/jan/PychronDev/.appdata/local_lab.db
connected to db sqlite:////Users/jan/PychronDev/.appdata/local_lab.db
create new session 5609069072
close session 5609069072
No database instance. Not saving post measurement to isotopedb database
$$$$$$$$$$$$$$$ auto_save_detector_ic=False
massspec enabled True
create new session 5054761584
MassSpec Database Version: 16.0
close session 5054761584
saving post measurement to secondary database
saving to massspec database 129.138.12.160/massspecdata
setting labnumber to 65511
setting aliquot to 53
setting step to 
setting uuid to 42565bf8-46ed-4852-8e93-ccd00cd92102
setting irradpos to 65511
setting extract_device to Fusions CO2
setting tray to 
setting position to 192
setting power_requested to 5.0
setting extract_value to 5.0
setting duration to 30.0
setting duration_at_request to 30.0
setting first_stage_delay to 30.0
setting cleanup to 30.0
setting comment to F:9 DS
setting irradiation to NM-289
setting level to F
setting irradiation_level to F
setting sample to TRC-23-djk
setting material to SandforDetrital
setting project to IR959
setting mass_spectrometer to Jan
no attribute chron_dosages
no attribute production_ratios
no attribute interference_corrections
no attribute production_name
no attribute j
Reference Isotope=Ar40
Reference Detector=H1
%%%%%%%%%%%%%%%%%%%% Comment: F:9 DS %%%%%%%%%%%%%%%%%%%
adding isotope PM41 H2
add baseline dbdet= PM41. original det= H2
get baseline data PM41 H2
Get data baseline <pychron.processing.isotope.Baseline object at 0x1561aec10> len t=60
baseline PM41. v=-0.18418461966, e=0.00640411781063
get signal data PM41 H2
Get data signal PM41 0.08+/-0.07 len t=120
adding isotope Ar40 H1
add baseline dbdet= Ar40. original det= H1
get baseline data Ar40 H1
Get data baseline <pychron.processing.isotope.Baseline object at 0x1561aee10> len t=60
baseline Ar40. v=-0.0312552592156, e=0.00531021740599
get signal data Ar40 H1
Get data signal Ar40 260.787+/-0.030 len t=120
adding isotope Ar39 AX
add baseline dbdet= Ar39. original det= AX
get baseline data Ar39 AX
Get data baseline <pychron.processing.isotope.Baseline object at 0x1561aefd0> len t=60
baseline Ar39. v=-0.0738250320365, e=0.00690231290354
get signal data Ar39 AX
Get data signal Ar39 91.390+/-0.020 len t=120
adding isotope Ar38 L1
add baseline dbdet= Ar38. original det= L1
get baseline data Ar38 L1
Get data baseline <pychron.processing.isotope.Baseline object at 0x1561b71d0> len t=60
baseline Ar38. v=-0.0279589250638, e=0.00275980491209
get signal data Ar38 L1
Get data signal Ar38 1.201+/-0.005 len t=120
adding isotope Ar37 L2
add baseline dbdet= Ar37. original det= L2
get baseline data Ar37 L2
Get data baseline <pychron.processing.isotope.Baseline object at 0x1561b7390> len t=60
baseline Ar37. v=-0.0305351534674, e=0.00664800328431
get signal data Ar37 L2
Get data signal Ar37 0.436+/-0.012 len t=120
adding isotope Ar36 CDD
add baseline dbdet= Ar36. original det= CDD
get baseline data Ar36 CDD
Get data baseline <pychron.processing.isotope.Baseline object at 0x1561b7550> len t=60
baseline Ar36. v=8.93192471942e-05, e=1.4674773127e-05
get signal data Ar36 CDD
Get data signal Ar36 0.0312+/-0.0004 len t=120
65511-53 added analysis time 0.492264032364s
analysis added to mass spec database
mass spec save time= 0.502
persistence save - dvc
================= post measurement started
create new session 4983039568
close session 4983039568
Get Checksum: 911654936
State checksums do not match. Local:-1772432964 Remote:911654936
State checksum failed
---------------- Experiment Queue saving disabled
DVC saving peakcenter
Failed to find a valid peak. No peak greater than 1.0. max = 0.0377957959169
set states for children of B. state=False
set states for children of D. state=False
handle state [('B', False), ('D', False)]
update switch state B False args=() kw={'refresh': True} ncanvase=3
update switch state D False args=() kw={'refresh': False} ncanvase=3
refresh_canvas_needed fired
Smart pull ahead: 0 behind: 0
Up-to-date with origin
add to repo msg=modified - ad8224ebc6dbfeb9f5997218dfa5fe690569839d.json
add to repo msg=modified - 11-53.json
add to repo msg=modified - 11-53.dat.json
add to repo msg=modified - 11-53.blan.json
add to repo msg=modified - 11-53.inte.json
add to repo msg=modified - 11-53.icfa.json
add to repo msg=modified - 11-53.base.json
not at valid file /Users/jan/PychronDev/data/.dvc/repositories/IR959/655/tags/11-53.tags.json
add to repo msg=modified - 11-53.peak.json
add to repo msg=modified - 11-53.extr.json
not at valid file /Users/jan/PychronDev/data/.dvc/repositories/IR959/655/monitor/11-53.moni.json
commit message=<COLLECTION>
Get Checksum: -569565255
add to repo msg=modified - 11-53.inte.json
add to repo msg=modified - 11-53.base.json
commit message=<ISOEVO> default collection fits
add to repo msg=modified - 11-53.blan.json
commit message=<BLANKS> preceding bc-02-J-235
Get Checksum: -569565255
add to repo msg=modified - 11-53.icfa.json
commit message=<ICFactor> default
push repository <pychron.git_archive.repo_manager.GitRepoManager object at 0x14d9d6ad0>
pushing to remote=origin, url=https://github.com
Get Checksum: -569565255
no changes to meta repo
create new session 4983039568
add association IR959
get identifier "65511"
setting analysis irradiation position=<pychron.dvc.dvc_orm.IrradiationPositionTbl object at 0x14697af10>
close session 4983039568
================= post measurement finished
20:37:44 -- ******* Post Run Check *******
loading queue conditionals post_run_actions
loading system conditionals post_run_actions
loading conditionals from /Users/jan/PychronDev/setupfiles/spectrometer/default_conditionals.yaml
loading queue conditionals post_run_terminations
loading system conditionals post_run_terminations
loading conditionals from /Users/jan/PychronDev/setupfiles/spectrometer/default_conditionals.yaml
Checking default post run terminations n=1
GetDeflection CDD ===>> 50
testing CDD==2000
evaluate ot="CDD.deflection==2000" t="CDD==2000", ctx="{'CDD': 50.0}"
20:37:45 -- ******* Post Run Check Passed *******
20:37:45 -- Automated run 65511-53 success duration: 379.331 s
----------------- finish -----------------
----------------- stop -----------------
retroactive repository identifiers disabled
finish run. runs completed=53
update duration runid=65511-53, duration=379.33060503, md5=3d9034cf
loading script "jan_co2_whiff_120_60_large.py"
loading script "jan_pump_ms.py"
loading script "jan_co2.py"
loading script "jan_pump_extraction_line.py"
testing...
no interpolation path defined
executed 266.04
script duration name:co2_whiff_120_60_large seconds:266.0
loading script "jan_co2_whiff_120_60_large.py"
loading script "jan_pump_ms.py"
loading script "jan_co2.py"
loading script "jan_pump_extraction_line.py"
testing...
no interpolation path defined
executed 0
loading script "jan_co2_whiff_120_60_large.py"
loading script "jan_pump_ms.py"
loading script "jan_co2.py"
loading script "jan_pump_extraction_line.py"
testing...
no interpolation path defined
calculate duration
testing...
no interpolation path defined
executed 0
calculate duration
testing...
no interpolation path defined
executed 0
executed 0.0
script duration name:co2 seconds:0.0
loading script "jan_co2_whiff_120_60_large.py"
loading script "jan_pump_ms.py"
loading script "jan_co2.py"
loading script "jan_pump_extraction_line.py"
testing...
no interpolation path defined
calculate duration
testing...
no interpolation path defined
executed 4.0
executed 4.0
Script duration 266.0
Run total estimated duration= 267.000
co2_whiff_120_60_large in script context. using previous estimated duration
script duration name:co2_whiff_120_60_large seconds:266.0
pump_ms in script context. using previous estimated duration
co2 in script context. using previous estimated duration
script duration name:co2 seconds:0.0
pump_extraction_line in script context. using previous estimated duration
Script duration 266.0
Run total estimated duration= 267.000
script duration name:co2_whiff_120_60_large seconds:266.0
script duration name:co2 seconds:0.0
Script duration 266.0
Run total estimated duration= 267.000
loading script "jan_unknown400_120.py"
loading script "jan_pump_ms.py"
loading script "jan_co2.py"
loading script "jan_pump_extraction_line.py"
testing...
no interpolation path defined
executed 556.052928
script duration name:unknown400_120 seconds:556.0
script duration name:co2 seconds:0.0
Script duration 556.0
Run total estimated duration= 557.000
script duration name:co2_whiff_120_60_large seconds:266.0
script duration name:co2 seconds:0.0
Script duration 266.0
Run total estimated duration= 267.000
nruns=5 before=5.0, run_dur=1625.0, btw=120.0
write rem/ex queues
/Users/jan/PychronDev/experiments/rem/CurrentExperiment.rem.txt
/Users/jan/PychronDev/experiments/rem/CurrentExperiment.ex.txt
doing event level: 3
